list in: end of file
apparent state: unit 3 named HOWLIN_in
last format: list io
lately reading sequential formatted external IO
Aborted (core dumped)
list in: end of file
apparent state: unit 3 named HOWLIN_in
last format: list io
lately reading sequential formatted external IO
Aborted (core dumped)
list in: end of file
apparent state: unit 3 named HOWLIN_in
last format: list io
lately reading sequential formatted external IO
Aborted (core dumped)
list in: end of file
apparent state: unit 3 named HOWLIN_in
last format: list io
lately reading sequential formatted external IO
Aborted (core dumped)
list in: end of file
apparent state: unit 3 named HOWLIN_in
last format: list io
lately reading sequential formatted external IO
Aborted (core dumped)
list in: end of file
apparent state: unit 3 named HOWLIN_in
last format: list io
lately reading sequential formatted external IO
Aborted (core dumped)
list in: end of file
apparent state: unit 3 named HOWLIN_in
last format: list io
lately reading sequential formatted external IO
Aborted (core dumped)
list in: end of file
apparent state: unit 3 named HOWLIN_in
last format: list io
lately reading sequential formatted external IO
Aborted (core dumped)
list in: end of file
apparent state: unit 3 named HOWLIN_in
last format: list io
lately reading sequential formatted external IO
Aborted (core dumped)
list in: end of file
apparent state: unit 3 named HOWLIN_in
last format: list io
lately reading sequential formatted external IO
Aborted (core dumped)
list in: end of file
apparent state: unit 3 named HOWLIN_in
last format: list io
lately reading sequential formatted external IO
Aborted (core dumped)
list in: end of file
apparent state: unit 3 named HOWLIN_in
last format: list io
lately reading sequential formatted external IO
Aborted (core dumped)
list in: end of file
apparent state: unit 3 named HOWLIN_in
last format: list io
lately reading sequential formatted external IO
Aborted (core dumped)
list in: end of file
apparent state: unit 3 named HOWLIN_in
last format: list io
lately reading sequential formatted external IO
Aborted (core dumped)
list in: end of file
apparent state: unit 3 named HOWLIN_in
last format: list io
lately reading sequential formatted external IO
Aborted (core dumped)
list in: end of file
apparent state: unit 3 named HOWLIN_in
last format: list io
lately reading sequential formatted external IO
Aborted (core dumped)
list in: end of file
apparent state: unit 3 named HOWLIN_in
last format: list io
lately reading sequential formatted external IO
Aborted (core dumped)
list in: end of file
apparent state: unit 3 named HOWLIN_in
last format: list io
lately reading sequential formatted external IO
Aborted (core dumped)
list in: end of file
apparent state: unit 3 named HOWLIN_in
last format: list io
lately reading sequential formatted external IO
Aborted (core dumped)
list in: end of file
apparent state: unit 3 named HOWLIN_in
last format: list io
lately reading sequential formatted external IO
Aborted (core dumped)
list in: end of file
apparent state: unit 3 named HOWLIN_in
last format: list io
lately reading sequential formatted external IO
Aborted (core dumped)
list in: end of file
apparent state: unit 3 named HOWLIN_in
last format: list io
lately reading sequential formatted external IO
Aborted (core dumped)
list in: end of file
apparent state: unit 3 named HOWLIN_in
last format: list io
lately reading sequential formatted external IO
Aborted (core dumped)
list in: end of file
apparent state: unit 3 named HOWLIN_in
last format: list io
lately reading sequential formatted external IO
Aborted (core dumped)
list in: end of file
apparent state: unit 3 named HOWLIN_in
last format: list io
lately reading sequential formatted external IO
Aborted (core dumped)
list in: end of file
apparent state: unit 3 named HOWLIN_in
last format: list io
lately reading sequential formatted external IO
Aborted (core dumped)
list in: end of file
apparent state: unit 3 named HOWLIN_in
last format: list io
lately reading sequential formatted external IO
Aborted (core dumped)
list in: end of file
apparent state: unit 3 named HOWLIN_in
last format: list io
lately reading sequential formatted external IO
Aborted (core dumped)
list in: end of file
apparent state: unit 3 named HOWLIN_in
last format: list io
lately reading sequential formatted external IO
Aborted (core dumped)
list in: end of file
apparent state: unit 3 named HOWLIN_in
last format: list io
lately reading sequential formatted external IO
Aborted (core dumped)
list in: end of file
apparent state: unit 3 named HOWLIN_in
last format: list io
lately reading sequential formatted external IO
Aborted (core dumped)
list in: end of file
apparent state: unit 3 named HOWLIN_in
last format: list io
lately reading sequential formatted external IO
Aborted (core dumped)
list in: end of file
apparent state: unit 3 named HOWLIN_in
last format: list io
lately reading sequential formatted external IO
Aborted (core dumped)
list in: end of file
apparent state: unit 3 named HOWLIN_in
last format: list io
lately reading sequential formatted external IO
Aborted (core dumped)
list in: end of file
apparent state: unit 3 named HOWLIN_in
last format: list io
lately reading sequential formatted external IO
Aborted (core dumped)
list in: end of file
apparent state: unit 3 named HOWLIN_in
last format: list io
lately reading sequential formatted external IO
Aborted (core dumped)
list in: end of file
apparent state: unit 3 named HOWLIN_in
last format: list io
lately reading sequential formatted external IO
Aborted (core dumped)
list in: end of file
apparent state: unit 3 named HOWLIN_in
last format: list io
lately reading sequential formatted external IO
Aborted (core dumped)
list in: end of file
apparent state: unit 3 named HOWLIN_in
last format: list io
lately reading sequential formatted external IO
Aborted (core dumped)
list in: end of file
apparent state: unit 3 named HOWLIN_in
last format: list io
lately reading sequential formatted external IO
Aborted (core dumped)
list in: end of file
apparent state: unit 3 named HOWLIN_in
last format: list io
lately reading sequential formatted external IO
Aborted (core dumped)
list in: end of file
apparent state: unit 3 named HOWLIN_in
last format: list io
lately reading sequential formatted external IO
Aborted (core dumped)
list in: end of file
apparent state: unit 3 named HOWLIN_in
last format: list io
lately reading sequential formatted external IO
Aborted (core dumped)
list in: end of file
apparent state: unit 3 named HOWLIN_in
last format: list io
lately reading sequential formatted external IO
Aborted (core dumped)
list in: end of file
apparent state: unit 3 named HOWLIN_in
last format: list io
lately reading sequential formatted external IO
Aborted (core dumped)
list in: end of file
apparent state: unit 3 named HOWLIN_in
last format: list io
lately reading sequential formatted external IO
Aborted (core dumped)
list in: end of file
apparent state: unit 3 named HOWLIN_in
last format: list io
lately reading sequential formatted external IO
Aborted (core dumped)
list in: end of file
apparent state: unit 3 named HOWLIN_in
last format: list io
lately reading sequential formatted external IO
Aborted (core dumped)
list in: end of file
apparent state: unit 3 named HOWLIN_in
last format: list io
lately reading sequential formatted external IO
Aborted (core dumped)
list in: end of file
apparent state: unit 3 named HOWLIN_in
last format: list io
lately reading sequential formatted external IO
Aborted (core dumped)
