

taa.10247
dpy.5789
Taa.6284
scc.7147
Fsc.29978
Fsc.25468
ecd.11121
spe.2797
gys.11708
scr.6005
scs.16568
Fsc.28570
scc.8851
scr.9778
trc.20873
scw.753
ppx.34905
scs.17965
ecg.8037
scr.19996
Fsc.30377
scr.15300
Fsc.31884
scc.15161
scc.20621
Fsc.26987
tae.6141
Fsc.25279
scc.3211
msl.34877
scr.13037
fsc.120
dpy.14798
opv.4147
Fsc.4579
Fsc.33329
scr.8741
scr.7395
ppx.9421
sct.3545
ppx.34214
Fsc.6492
ppx.37522
gys.12387
scw.10269
Fsc.5896
tae.2226
sct.10695
scc.9427
dpy.7227
cln.9100
scj.6603
Fsc.24107
scm.9506
ppx.8630
trc.8289
taa.10354
spe.36599
ppx.9260
ecd.8836
trc.21170
ecp.1181
msl.54964
Fsc.7180
spe.5808
scc.18266
spe.15138
spe.20137
scr.22159
scr.12683
spe.37023
ppx.9842
ecp.1540
spe.34168
opv.805
msl.14484
dpy.325
ecd.2179
tae.6941
ecg.6433
sch.9530
spe.2863
msc.3125
Ecg.5074
ppx.4336
Fsc.26225
Ecg.341
scr.22133
taa.9697
sct.10249
cln.12553
scs.17197
scm.7938
Ecg.4561
sch.5224
ecm.6450
fsc.10615
msc.6659
spe.37304
ecp.5178
msl.21721
spe.31771
tae.3924
msl.14815
sct.8178
msl.41817
trc.7924
hym.9684
spe.18352
hym.11832
ecm.6766
fsc.14587
hyd.8833
scs.12636
sct.6372
spe.36132
ecd.9220
scc.11322
hyd.10936
msl.48639
scw.17810
ppx.13004
hyd.5597
ecd.3731
msl.1142
ppx.6595
dpy.15337
hyn.9667
hym.4798
ecm.8650
msc.275
scc.14940
sct.21763
ppx.26845
ecd.8859
ecp.15140
Taa.7299
opv.5766
tas.10147
ecp.66
tas.5314
ppx.2617
scw.23271
scw.4086
sct.19603
Fsc.2872
Ecg.4372
ecg.2513
msl.43225
tae.2770
tas.13071
sch.11793
msl.40427
Fsc.24379
gys.9443
dpy.6931
scm.6637
Ecg.7069
ecp.6949
ppx.26101
dpy.19784
trc.14153
htf.7116
scs.591
msl.44030
sch.8233
ecd.5169
hyd.9155
opv.5149
fsc.13588
taa.5842
ppx.32464
msl.54247
hyn.11690
msl.41368
scj.2953
scr.6112
scw.321
ppx.23085
spe.20951
hym.2274
msl.25068
msl.53128
spe.31773
Taa.7733
tae.2059
Taa.8679
msl.2431
trc.7648
ecd.491
tas.11357
hyd.2712
tas.3982
sch.1305
dpy.16500
msl.31776
hyn.4608
ppx.11146
tas.5957
taa.904
ecm.6667
cln.13190
taa.3244
msc.8293
msl.33566
msl.44230
gys.12940
msl.60218
ecp.17119
ppx.5220
msl.26739
tas.1922
tas.7142
scs.12806
msl.48517
scw.11222
msl.22048
htf.8233
msl.39640
scw.7614
Ecg.3077
fsc.13367
tas.3277
cln.6737
msl.16993
dpy.1684
msc.29
taa.3505
hyd.3192
ecm.1680
msl.37867
msl.31055
tas.13043
ppx.7354
trc.8549
scs.15237
sch.11909
scs.6578
msl.28814
msl.9304
msl.19757
tas.2825
ppx.19569
scw.21952
scc.13955
ecd.5495
msl.15681
taa.265
scw.9118
msc.9653
scs.14434
msc.4117
scj.1315
Taa.5209
sct.21635
tas.7303
Fsc.948
fsc.7382
ppx.19255
msl.45909
Fsc.24191
scj.8821
msl.54515
ecp.7484
tas.1225
taa.8623
opv.10227
msc.2068
msl.10372
ecg.3352
Taa.10146
ecg.664
msl.18663
msl.56086
ecm.7348
msl.17236
taa.1033
ppx.35303
ecm.10036
htf.7221
msl.30864
Taa.3253
htf.1692
smm.2709
scr.7741
scj.8827
scs.5940
tas.6063
cln.6581
cln.4989
taa.2157
ecm.466
Fsc.824
scs.13343
trc.9504
hyn.12462
ppx.5672
msl.55715
scw.6042
htf.2201
ecp.13695
hyn.12167
sct.9667
scm.2225
msl.16689
taa.5458
msl.30598
Taa.1656
taa.8528
Ecg.9939
ppx.10078
msl.60003
ppx.27932
tas.11785
spe.16458
htf.5339
scw.9113
tas.3380
scs.14740
msl.3867
scm.2107
opv.6137
hyd.716
htf.8237
msc.4557
sch.5894
taa.538
Taa.8954
msl.555
tas.7793
scm.9220
ppx.21743
msl.41500
Taa.4472
ppx.31649
taa.8638
scs.7421
scw.23948
msl.20730
ecg.31
trc.19776
msl.42200
hyd.1131
msl.21948
dpy.8373
scw.2083
trc.4725
ppx.29809
hyd.1079
msc.169
scs.11897
ecp.14980
ecg.7785
trc.12736
dpy.13267
scr.20459
msl.48900
ppx.10889
scc.9719
Ecg.8313
msl.5656
msl.59927
ecd.10194
opv.2179
tae.5724
msl.55643
ppx.999
scs.2122
scr.18094
hyn.3265
tas.3709
msc.5777
msc.6810
Fsc.1112
dpy.13699
opv.15601
Fsc.32681
Fsc.28632
sch.2943
ppx.9152
ppx.12804
scr.21828
dpy.14354
msl.44070
msl.8022
dpy.6150
sch.8034
msl.40390
sct.7644
spe.13407
Ecg.5294
opv.9407
tae.8606
hyn.8681
gys.5020
tae.2544
msc.3452
fsc.1063
ppx.28510
ecd.6221
Taa.3961
spe.11082
taa.8549
scj.3618
spe.14457
ecd.8444
scc.11832
msc.4162
scw.15501
msl.26129
Fsc.24446
taa.3468
sch.1343
ppx.15315
dpy.9074
cln.4092
smm.3164
scc.21462
ecd.1764
ppx.18117
scs.5827
Fsc.1850
hym.6927
hyd.7009
msl.32659
spe.11367
ecm.10526
hyd.6267
msl.8250
msl.18885
spe.36158
msl.36397
msl.24309
scm.2367
msc.6863
scw.17836
dpy.1479
tae.1957
scs.16219
scj.5795
msl.38120
Ecg.9442
dpy.17990
dpy.6228
ppx.19883
msl.46877
msl.44699
trc.13264
hyn.1115
trc.6795
ppx.3469
opv.5745
scc.1584
scs.2019
spe.19232
opv.15459
hyd.7831
tas.1817
htf.7437
ecp.14435
msl.15956
dpy.12622
trc.11931
tas.10345
scm.8561
Ecg.5585
hym.10672
ecm.223
dpy.4511
taa.111
ecp.964
Taa.5238
ecg.9493
gys.2606
taa.198
hyd.7625
msl.39311
ecm.6568
spe.22229
msl.14841
ecp.3298
spe.1695
taa.10033
msl.28929
htf.6829
ecp.10154
opv.2197
ecg.4690
msl.25905
opv.14782
spe.26026
spe.33684
scs.6780
msl.38096
msl.59593
Taa.7291
scm.3296
scj.4902
msl.10719
gys.2148
spe.33951
scs.17112
ppx.33496
Ecg.7244
ppx.8018
msl.58213
scc.1907
fsc.6843
scw.10196
spe.18902
msl.32227
Taa.215
sct.3266
dpy.839
msl.10240
sch.492
opv.11107
scs.1511
ppx.6017
ppx.1575
sct.22647
hym.5741
fsc.14505
msl.57650
scs.9073
msl.47606
gys.4492
Taa.6544
scc.15930
ppx.35392
sct.4802
dpy.15686
ecd.2661
scr.1471
spe.28093
msl.46959
ppx.26115
msc.718
scr.5084
msl.16318
tae.4263
tae.2811
taa.7516
scw.3026
ppx.36754
scs.6980
scj.4048
trc.12391
hym.5632
sct.11252
scm.6981
smm.3139
scr.16591
htf.5454
msl.60440
scm.6569
fsc.6586
tas.6347
spe.14965
gys.3539
ecm.4275
htf.8351
cln.4242
fsc.11093
msl.24203
trc.18156
msl.56926
tae.643
spe.28916
spe.31061
spe.8223
cln.4620
sct.22039
ppx.21350
cln.10537
tae.6470
ecg.9166
msl.27930
scj.2089
spe.30545
opv.5935
msl.23054
trc.1759
ppx.15687
scw.12954
cln.7779
ecm.7833
msl.58582
msl.24685
msl.31819
gys.4420
dpy.6670
ecm.4812
spe.24852
msl.50458
Taa.3308
hyn.8848
scs.18886
trc.1842
ecg.6195
ppx.23644
hyd.3722
gys.12251
ppx.17933
tae.528
ppx.13245
dpy.9653
scc.11644
scs.10554
msl.57631
scs.655
taa.987
dpy.1144
scr.2411
hyn.531
Ecg.1353
htf.10062
scj.7617
msl.20232
msl.1326
htf.2297
ecg.2541
ppx.7990
fsc.7265
opv.9639
spe.36674
ppx.883
msl.35354
spe.11227
scc.1679
hyd.2235
msl.10030
ppx.16667
taa.12852
tas.5972
msl.52273
msl.32463
ecg.8056
msc.830
dpy.4933
htf.6206
ppx.3204
scm.9125
Taa.4596
ecg.8859
gys.8268
scm.9201
ecm.5219
hyn.11852
scs.11357
gys.9072
Taa.3852
gys.13196
ecp.335
tas.297
hyd.2313
msl.38748
scw.14522
scw.16716
ppx.11059
scj.11796
tas.5883
hym.1918
msl.9464
scw.21326
scw.8168
msc.3126
msl.10174
scw.1159
hyd.4233
ppx.15641
ecg.1045
sct.9469
scr.2870
Fsc.27178
ecm.7917
msl.54438
spe.18544
ppx.18337
sch.3519
scc.12562
msc.9847
Ecg.5000
ppx.4505
msl.11522
hyd.1200
msl.25666
opv.11217
opv.2360
dpy.17415
scw.6867
ecd.941
ecd.7994
msl.39671
scj.3701
msl.47456
Fsc.1491
sch.9200
ppx.35562
taa.8172
Taa.845
ppx.14956
opv.9229
ecd.7174
msl.37818
opv.5996
msl.58445
scc.23349
hym.4905
tas.7259
tas.10247
fsc.3010
Ecg.896
tas.2528
scm.2400
tae.9818
cln.10819
trc.15535
opv.6803
tas.9574
tas.11584
msl.47966
taa.1787
ecm.2536
spe.38389
ecd.1317
dpy.8058
trc.1290
ppx.17374
msl.19414
tae.1832
scm.8917
htf.7072
spe.16893
hym.5531
dpy.7224
msl.31082
ecd.8966
msl.28188
Taa.4531
msl.25440
scw.9982
tas.8618
msl.40535
taa.6433
fsc.1667
ecd.5778
scj.11901
Taa.1626
taa.239
msc.8243
ppx.30498
trc.3741
ppx.10536
tae.1711
msl.25779
msl.15313
ecg.6740
hyn.10836
msl.58848
scm.7833
scm.5861
Taa.5189
msl.30666
Taa.2861
scs.17318
ecg.6558
msl.37847
taa.310
sch.3298
Taa.3616
msl.55725
msl.10546
ppx.19047
hyn.1365
gys.5857
msl.12293
msc.6333
dpy.13920
msl.60179
Fsc.3604
msl.25689
msl.53357
ecd.4939
Taa.6460
gys.4753
taa.3210
hyn.6095
hyn.10291
trc.11727
hym.351
taa.7358
taa.12459
tae.7886
hyn.5774
sch.3725
scr.10171
msl.12426
spe.8023
scc.18412
taa.10013
hym.4512
spe.11646
msl.11003
msl.45513
htf.5642
spe.24055
ppx.6725
scr.5449
ecg.7839
scm.855
hym.2340
spe.4456
trc.2170
msl.47711
scw.15549
ecm.1476
ecm.3601
msc.2701
msl.44742
spe.32995
cln.11619
msl.20947
msl.37618
tas.10847
sch.579
ppx.4825
sct.11240
spe.15297
hyd.10669
ppx.597
spe.20100
tas.9631
taa.3203
trc.3539
scw.23489
ecp.1783
ecm.8554
tae.5559
cln.10025
cln.13362
ecp.6506
sct.20746
sct.15026
msl.18573
Ecg.4666
ecg.8674
msl.30236
msl.24489
msc.2581
sch.4770
msl.26746
msc.197
msl.18747
msl.23498
tas.282
ecp.7186
tas.4894
dpy.15421
ecd.6230
ecp.6741
msc.7053
msl.59701
scc.16676
ecd.8344
msl.34604
scw.886
tas.9514
gys.6518
htf.4697
scr.12942
sct.4468
ecp.4368
ppx.13770
fsc.8093
msl.39368
scw.14564
msl.21374
opv.3831
scc.15613
scc.11802
msc.4153
scj.10919
cln.10296
fsc.932
hyd.1824
ecd.6307
cln.11090
Ecg.2288
tae.11793
trc.6714
tas.7688
scj.7326
spe.8380
msl.60516
fsc.2838
Ecg.6875
scw.22781
cln.2293
spe.1105
msc.3237
scs.9006
cln.13310
sch.6515
hyd.898
msl.59516
Taa.9387
scj.9613
htf.2443
ecp.9764
taa.7756
spe.29613
msl.40760
msl.54037
scc.6468
msl.57446
sch.10729
dpy.6902
ecg.2668
scs.12535
opv.367
htf.3871
ppx.17725
scs.9796
ecg.374
ppx.9920
trc.20521
scr.2667
dpy.718
dpy.9029
taa.10023
fsc.969
gys.12155
opv.11004
scw.24402
ecd.8274
msl.27524
spe.33811
trc.10464
ecg.7293
htf.10960
tas.12617
spe.33998
sch.10262
ecg.7210
ppx.14752
hyn.11637
Fsc.20597
ppx.13168
msc.2862
dpy.653
scc.10260
dpy.13659
Fsc.11262
ecp.8259
taa.8854
tae.5462
trc.1621
ppx.19619
ppx.26509
ppx.23786
tas.5280
scc.6137
ppx.18747
tae.327
opv.11117
msl.14031
ecm.4549
trc.2182
Taa.4421
ppx.6548
msl.50985
Fsc.24719
tas.12858
Fsc.421
scr.16733
sct.18043
scw.1897
spe.31750
cln.5086
Fsc.31979
htf.11034
gys.9026
fsc.4072
ppx.7956
ppx.21176
scw.2324
ppx.11843
gys.13314
spe.16665
spe.16287
ecp.14329
hyd.10210
ecg.6995
opv.11966
Fsc.12788
taa.7382
msc.6905
Ecg.8665
sct.10492
spe.33697
dpy.6582
tae.1961
ppx.12363
spe.26730
ecg.5698
dpy.17403
ecd.4952
ppx.25425
Taa.3198
Fsc.20189
fsc.13301
hyn.13220
trc.21471
ppx.29816
trc.86
hym.11989
ecm.3609
ecm.7868
Taa.172
scw.19687
Taa.1873
scr.1346
ppx.20046
gys.3077
spe.20049
fsc.5441
ppx.4058
spe.7923
scr.7367
spe.20890
opv.5697
fsc.6295
scr.13348
spe.32438
Ecg.8868
scc.8389
ppx.30289
scc.5104
spe.3130
scw.20436
tas.11186
dpy.18277
tae.3049
sct.19442
ecp.13621
ppx.19878
Fsc.5498
spe.70
fsc.12616
trc.12222
msl.8930
ppx.32505
scr.21613
Fsc.2849
scr.16238
Fsc.19116
sct.12971
hyn.5919
spe.35647
taa.9098
hyn.12808
Ecg.5241
sct.20580
tas.10513
ecg.3346
ecd.10719
sct.21766
ppx.30312
trc.16483
spe.35403
scj.11593
scr.6467
scj.6182
Fsc.3818
Fsc.3945
scw.8779
scw.19315
hym.8364
ppx.18120
scm.7845
spe.27580
trc.9735
scr.14216
msl.59520
scw.5714
ecd.11166
scs.2099
msc.6475
scr.2226
scr.6170
scj.11307
sct.21601
Ecg.4529
ecp.6058
scm.4409
sch.8022
hyd.10752
scw.13649
sch.8927
scs.2516
Ecg.4082
Fsc.6456
gys.6864
fsc.7621
ppx.3563
hyn.13359
tae.9321
ppx.22035
trc.4748
ecp.6703
scw.885
ppx.27399
spe.18773
scj.10567
scr.3083
scr.10035
tas.4095
Fsc.19527
opv.14616
hym.3887
sct.1185
ppx.37707
smm.1423
sct.3175
