

dpy.3122
hyd.2117
fsc.3939
ecp.4815
Fsc.5042
Fsc.22002
scc.804
msl.40487
trc.13772
Fsc.9488
scr.15548
Fsc.19206
sct.22703
ecg.3623
Fsc.5798
dpy.1904
Fsc.4906
smm.2050
scr.15560
Fsc.10349
scw.8747
trc.9771
Fsc.11343
Fsc.24517
scw.13205
sct.21035
scr.14603
scr.4384
scm.10221
ecd.8509
sct.4147
ecp.1566
sct.12128
spe.6315
Taa.4613
Fsc.19879
msl.58924
Fsc.32448
scc.4387
ppx.23178
opv.15277
scr.19318
scc.4141
gys.5982
tae.8656
Fsc.22372
gys.5511
Fsc.30952
scw.6919
msl.22245
scj.53
scr.13825
scc.18773
hyn.6617
ecd.3930
ppx.28043
ecm.2164
scm.11501
scw.816
dpy.11545
msl.1393
tas.9825
scr.9447
ppx.4767
Ecg.4094
ecm.8731
dpy.4901
spe.16251
msc.7087
Taa.6193
ppx.16118
taa.4823
tas.3293
scw.8200
msl.52050
hym.2199
taa.1619
msl.60335
Ecg.712
tas.7576
scs.432
ecp.13659
dpy.2573
msl.9338
msl.53061
ppx.24534
hym.10058
sch.5078
msl.23019
sct.14798
ecp.3559
dpy.13012
tae.2829
scc.2969
ppx.34533
ppx.791
dpy.1780
opv.1568
taa.3402
msl.18726
scs.6460
scj.4120
sch.2065
opv.15468
msl.56254
scw.10099
htf.9634
htf.8857
trc.6733
scs.18581
scw.21403
msl.961
scj.8749
Fsc.13887
spe.25994
sct.3644
scm.7312
cln.2969
spe.24595
ecg.8585
scs.5760
scj.3096
ppx.2907
ecg.422
msl.29590
scm.1358
taa.5533
scw.1707
scm.3702
hym.1855
hyd.5419
opv.9906
sct.6884
sch.7923
ecd.782
ecm.2191
hyd.9726
gys.9202
ppx.13553
spe.31630
ecg.2786
msl.57728
msl.10507
tae.7909
trc.10967
scm.6258
msc.9247
msc.4759
Ecg.1260
dpy.8021
Fsc.15146
sct.22580
ecm.3728
ecd.7485
opv.5514
sct.16561
opv.7401
msl.26113
ppx.32977
Fsc.652
tae.9454
msl.35808
taa.11570
hyd.2171
msl.40019
hym.1255
ecp.9599
scc.10197
scc.3844
trc.6135
htf.1400
ppx.1894
gys.9935
ecd.10352
msc.5578
Ecg.5153
ecg.3336
scj.11968
spe.3632
msl.52192
msl.39409
sct.10509
htf.10431
msl.20709
spe.15576
msl.18970
Ecg.9377
Taa.2241
hyn.1763
opv.8706
msl.43474
scw.17948
gys.14842
msl.191
scw.19478
msl.42084
sch.6061
scw.9207
htf.819
scc.22195
spe.4194
fsc.10807
msl.36190
opv.12282
fsc.8589
sct.8609
msc.7524
scs.5588
ecg.3388
trc.15427
ecd.6436
ecp.7475
scj.12609
tae.3197
hyd.886
ecp.11029
msl.24462
scj.9609
dpy.12571
trc.8969
ppx.16974
scj.8179
scs.4102
msl.33289
hym.365
spe.23427
hym.5420
scm.9425
scw.1388
spe.24600
taa.11287
msc.8955
msl.56792
Fsc.2525
msl.29210
scs.8
Taa.3631
scr.3793
scr.10213
scj.10111
opv.16191
msl.36225
sct.9617
msl.49488
msc.10042
scs.9120
ecg.1274
msl.50231
Fsc.33098
msl.47161
ecg.2833
opv.3871
msl.9773
ecm.3973
dpy.11203
ppx.19935
msl.21673
Fsc.5882
hym.5747
trc.14147
msl.44653
htf.9719
spe.9426
scr.11208
msl.3347
scm.6892
scs.3867
Fsc.20037
ppx.36874
smm.2425
msl.22973
scs.9753
scw.4027
sct.13761
Fsc.23260
sch.11864
scw.15491
tae.2798
ppx.26739
msl.55588
tas.8805
msl.39942
msl.35501
opv.15857
Fsc.20824
msl.2493
trc.1880
ecd.1393
ecm.3358
hyn.7220
fsc.3351
sch.948
Taa.1383
hyn.1937
scs.16678
Fsc.17441
ecd.1128
msc.5683
spe.31606
sct.12167
scm.6918
tas.9927
hym.8676
spe.26773
scs.18474
cln.8259
fsc.8525
cln.2357
gys.15107
cln.7061
scj.11688
opv.8839
scw.16427
ecg.5948
hyn.2062
hyn.9143
msl.40185
ecp.98
Ecg.8168
Ecg.3010
gys.9390
msl.4760
hyn.8215
ecg.6866
cln.883
Taa.2680
Ecg.3248
hyn.6475
scs.8136
tae.5384
ecp.12014
ecd.2797
scj.11264
spe.39372
ecg.3327
scj.2948
scs.1026
ppx.30992
hym.1538
dpy.2678
cln.390
Ecg.7222
spe.35932
ecp.15450
sch.4806
ecd.997
scr.21443
spe.23128
msl.17535
cln.11529
scr.18204
Taa.902
scm.1210
ecd.7636
ppx.7720
msl.36000
msl.59034
tae.7528
trc.5288
hym.8811
ppx.36472
msl.14420
tae.10997
tas.2883
scs.8491
dpy.1866
opv.13419
htf.245
scc.6578
fsc.7678
sch.1619
tae.1289
ecp.13478
ecd.10925
sch.6946
sct.17708
msl.36837
scw.21055
scj.11531
Ecg.7020
msl.11916
msc.44
msl.33144
opv.1731
hyn.6191
ecg.7129
gys.5560
msl.46024
spe.11572
ecd.2538
tas.9884
taa.8012
opv.10545
Fsc.795
taa.4425
msl.51179
msl.46678
scj.2056
taa.12187
msc.2127
scw.23171
msl.38324
taa.1099
htf.6683
taa.2147
Fsc.20366
Ecg.5539
ecg.3793
msl.9748
opv.14168
ecp.12809
tae.8456
hyn.8920
ecd.268
taa.12813
msc.3175
trc.1533
ppx.8220
msl.45914
ecm.5622
msl.50142
ecd.7728
fsc.7450
dpy.18230
ecm.9387
htf.6797
fsc.4213
Ecg.3953
ecd.5808
scr.21144
ecp.2703
ecp.17159
scs.2196
msl.10640
ecm.1546
smm.630
sch.11722
scm.5412
sch.1741
scm.326
scr.18256
msl.53205
msl.17338
ecg.5841
taa.1256
tae.6300
taa.5609
scc.7176
spe.32215
scw.20304
cln.4067
cln.9377
tas.1257
ecg.6925
spe.21586
scj.10907
scr.9185
msl.202
ppx.28840
scs.17721
taa.4228
scr.23196
scj.11907
spe.37939
scw.16353
dpy.5547
scj.10526
hym.10705
cln.3755
Taa.405
msc.9612
htf.7374
trc.5050
ecp.3645
trc.9806
hyd.4165
tas.4617
msl.43520
msl.5820
msl.30035
scj.10340
fsc.9672
scr.9070
msl.39016
scr.6067
scr.17349
tae.3019
ecd.6226
msl.49759
cln.2217
gys.12797
ppx.36970
sct.7846
spe.14642
msl.50431
ecp.7687
hyd.8741
msl.25002
hyd.205
ecp.8246
msl.4354
hyn.8826
taa.5378
scs.13142
hyn.7183
scc.14572
hym.2455
hyn.11570
scr.9336
taa.1194
Taa.3567
dpy.7444
scw.25989
scr.4596
msl.22859
hyd.1543
scr.13466
scs.6681
taa.1697
tas.7870
msl.4115
scj.3434
msl.33548
msl.17607
opv.11800
ecm.7884
scm.2265
ecd.4061
ecd.6016
msl.26713
tas.5711
opv.8878
msl.50207
Ecg.1812
tas.3263
hyn.2806
cln.5305
gys.4831
Taa.1221
ppx.11588
scs.16706
opv.10238
ppx.35577
Ecg.2255
spe.24623
taa.4247
Fsc.27839
trc.5362
spe.18441
opv.15957
ecg.8131
fsc.11363
htf.6948
tas.12591
hym.7225
sch.1514
cln.7150
msl.24650
htf.10850
msl.18426
msl.41076
scr.4032
msl.57913
scr.13912
msl.14530
tae.8816
ppx.9347
Taa.9559
tas.5863
ppx.31266
msl.46044
Taa.4127
msl.35883
msl.50050
scs.5463
ppx.6499
scm.8903
scr.12107
ppx.28222
msl.2017
msl.29603
taa.7214
htf.6424
hym.7516
scs.11202
hym.2153
msl.18191
taa.4161
ecm.866
ecd.2810
fsc.8723
fsc.7634
msl.18259
ecp.6574
cln.5676
hym.618
scr.3399
msl.39962
scc.13896
msl.22017
spe.21961
opv.8965
Fsc.16785
Fsc.2723
htf.8997
trc.11138
hyn.4940
scm.4108
scs.5125
scr.6352
gys.12546
ppx.15614
scj.3350
scm.2638
gys.4273
cln.5424
msl.26368
scr.10249
msl.6797
tae.4856
Fsc.23869
cln.8272
msl.52752
ppx.34789
scw.22421
msl.21479
tae.8980
msl.21843
scm.7241
ppx.1979
scr.10987
scs.10696
taa.13114
msl.47283
scs.9251
ecm.5160
trc.10984
cln.6425
ecm.6419
ppx.18131
msl.58374
cln.7910
cln.9952
ppx.33668
ppx.6326
msc.504
hyn.5871
ppx.7340
scr.23053
scw.24951
opv.14986
hyn.2612
msl.2869
ecd.2079
ecd.7347
msl.27064
sct.12308
msl.28504
ppx.14222
scm.5452
hyn.11421
msl.30812
msl.604
msl.58778
tas.9285
gys.13548
dpy.19779
scj.6288
ppx.36444
cln.6090
msl.50864
ppx.23716
cln.9636
tae.7541
hym.5548
ecp.14292
fsc.6771
ecm.6632
sch.4501
scm.7075
tae.12040
cln.12707
sch.6296
fsc.5427
spe.7647
ecd.2042
ecd.1552
ppx.765
trc.16669
scj.10563
ecp.17296
cln.3716
opv.13843
hym.306
spe.36407
msc.5864
ecd.1902
hyn.9021
spe.13014
msl.2304
ppx.33922
msl.6989
fsc.1519
msl.37383
trc.13814
msl.26023
msl.23508
scj.5908
ecm.4336
scc.9988
fsc.9771
ecg.4820
fsc.6639
opv.14952
tae.5128
msl.57007
taa.2648
msl.19764
tas.11016
sct.16389
msl.59370
fsc.6269
Fsc.31668
spe.37778
msl.29560
spe.10429
scs.4745
ecg.10099
scs.2343
Taa.7492
scj.7184
hyn.7809
ppx.12258
tae.11175
ecp.474
ecd.8016
ecp.9524
msl.29902
ecp.16688
hym.3951
cln.734
sch.6573
scs.11231
spe.11615
ppx.36045
Ecg.1566
hyd.5797
msc.8160
fsc.9845
scw.16016
Fsc.22896
tae.9645
scc.11361
scw.18738
scj.11811
Ecg.5726
Ecg.8672
fsc.12168
Ecg.818
msl.52574
tas.11572
cln.387
trc.19116
msl.56675
tas.11680
ecp.6257
cln.11075
scj.1079
Taa.287
spe.37269
spe.1623
scm.8273
msl.27292
taa.4906
htf.1646
trc.9149
tas.9505
scs.3437
scc.18756
ecm.3045
spe.39252
sch.11886
Taa.7011
Ecg.371
ecm.9773
taa.8057
cln.3772
hyd.10371
htf.9019
msl.3716
ppx.32939
ecp.1844
hyn.12601
hyd.4146
scc.21306
hym.10351
hyd.8046
Ecg.2226
scr.23913
hym.5934
msl.14861
scw.6789
gys.69
msl.30194
msl.28909
spe.18313
scr.16421
tae.9334
cln.4820
hyn.4297
htf.3371
msc.7458
smm.3602
cln.7672
scc.18832
msl.59993
scw.18915
msc.2429
Fsc.22586
fsc.15463
scs.16227
htf.5018
scr.18210
msl.55319
ecm.7700
scr.14279
msl.27804
dpy.13222
cln.611
tas.3470
cln.9328
msl.52388
ecd.6451
scw.16432
taa.7223
trc.14074
opv.13190
ecp.17876
msl.39577
ecg.5517
msl.484
msl.57674
Ecg.1216
ecp.2979
sct.11007
tae.935
ecp.16511
ecm.7515
msl.41125
Ecg.9560
sch.3109
hyn.4870
taa.8462
htf.2611
scm.10204
spe.29259
msl.3065
msl.21782
smm.1171
sch.6673
spe.21797
scr.17609
hyd.9160
msl.12801
sct.1669
trc.14595
hym.5612
tas.3563
ecp.2092
Ecg.6670
ecd.1411
ecd.9369
gys.5830
msl.35654
smm.3677
ppx.11196
msl.9676
scs.5778
scm.5492
ecp.13075
dpy.2715
scs.104
Fsc.32657
hyn.6263
msl.19911
msl.43856
opv.7950
fsc.660
tas.7340
ecp.2205
scs.3903
scc.16933
ecg.8029
scc.4797
msl.48964
tae.865
scj.1195
msl.25862
hym.3499
ecd.2332
smm.410
ecg.3399
spe.1108
msl.862
sct.5672
tas.5605
msl.28715
hyn.2152
ecp.11010
Fsc.22554
msl.46422
dpy.2194
msl.36468
Fsc.7916
ecd.7546
ppx.20151
dpy.18058
ppx.24125
Fsc.14000
tas.10234
spe.8334
spe.25639
fsc.732
tas.965
hym.6639
Fsc.27702
gys.14723
spe.3205
gys.14898
ecp.3751
sch.5567
tas.5955
spe.21901
trc.14063
taa.9276
sch.5153
scw.25939
Fsc.22224
cln.1288
trc.15314
fsc.13021
scs.10339
trc.6813
ecd.4031
Fsc.28559
ppx.20026
tae.385
ppx.22132
dpy.10317
spe.23181
trc.428
ppx.37108
ecd.10589
hyn.5061
taa.11002
ppx.19414
spe.11455
tas.4602
trc.20167
spe.17779
fsc.1348
fsc.12889
ecg.7823
ppx.16244
tas.11147
spe.36156
ppx.3761
trc.10886
ecg.673
fsc.15732
ecg.7024
sct.21824
msc.8988
scw.1875
Ecg.1821
scm.4667
ecm.4118
opv.14300
taa.4679
hym.9413
spe.7636
Taa.3008
htf.9747
cln.1652
ecm.6249
tas.1433
ppx.10668
taa.12781
spe.37938
spe.6549
opv.6313
ppx.21694
tas.9170
scw.4223
msl.55785
tae.2103
Taa.5324
spe.6694
ppx.16975
spe.3693
spe.7948
msl.20172
ppx.27591
gys.12615
scw.13933
Ecg.854
ecm.1585
scr.2572
scc.6266
tas.7826
scm.2316
trc.19493
opv.12294
spe.28914
Fsc.22065
tae.1524
scw.18980
tas.10790
trc.8212
scw.8635
tas.4087
scr.20448
sct.7102
ppx.26767
ecd.990
scr.13665
scs.11139
ecd.9762
msl.20804
sct.6959
fsc.601
scc.17902
fsc.5389
dpy.16997
Taa.9746
opv.5397
scr.6167
msc.1605
scr.9638
msl.56116
sch.10991
tas.10090
trc.708
sct.3524
scs.11291
spe.21995
scm.5893
ppx.26710
htf.5755
dpy.15883
msl.28882
scr.15736
ecg.425
spe.14696
ppx.717
ppx.3367
scw.922
taa.9675
ppx.29524
sct.15174
taa.11316
scj.12256
hym.12133
msc.3913
gys.3952
ppx.27687
scm.4958
fsc.6950
tas.13144
ppx.10538
spe.16416
dpy.16035
spe.14216
hyn.13250
scs.19520
ppx.19237
hyd.6406
ecm.4280
ppx.25887
scw.7396
msc.8234
scr.5585
msc.9409
scs.1083
scc.6073
ecm.1188
spe.8700
scs.14971
spe.12080
scr.23509
scc.13760
ecg.9940
Taa.10037
spe.6514
scw.13800
msl.55448
scc.15758
sct.11412
ecd.10521
htf.2582
Ecg.2205
dpy.14244
htf.9001
spe.34683
hym.4803
scw.754
spe.7741
ppx.31875
ppx.13951
hym.2394
ecp.12676
spe.31778
sct.18803
scw.1930
ppx.17955
spe.20859
scs.16481
spe.36663
Ecg.8871
sct.3284
sct.20752
dpy.19066
hym.3394
spe.34457
ecg.2066
sct.3040
sct.13535
ecg.5132
