

scw.16147
ecp.9447
sct.5943
ecg.4455
Fsc.10068
scr.8948
sct.14363
scr.9486
hym.5585
Fsc.31890
trc.5725
scr.16075
spe.30785
Fsc.16013
spe.14515
scc.6373
opv.6312
Fsc.32958
Fsc.30336
ppx.15558
Fsc.33444
scj.3468
scr.16371
scw.2998
sct.1663
scw.20031
ecd.8565
Fsc.23376
hyn.6131
scr.10195
scw.4268
Fsc.14452
trc.10088
scw.14010
scr.9930
Fsc.9904
gys.13802
Ecg.5723
scr.407
gys.7595
scc.23466
scj.9717
msl.42418
ecp.6226
sct.15671
Fsc.32754
sch.5716
scc.13726
scr.2713
sch.507
scs.348
msl.60217
scr.3280
scr.14410
dpy.18051
scm.3900
ecp.3218
msl.50780
ecp.13924
tas.6668
spe.1618
ppx.8512
msl.60400
opv.7797
Fsc.26612
ppx.33095
hyn.8357
dpy.5919
msl.26344
hym.2337
msl.50244
trc.21823
hym.10533
ppx.36183
hym.5814
msl.17466
scj.3873
scr.17589
trc.20579
scr.1736
scm.8557
smm.3628
Taa.435
ecm.7253
msl.23193
msl.31769
msl.34592
msl.21704
msc.3963
scr.2662
ecg.6414
spe.28092
scr.18333
ecm.6559
scr.3018
scs.2737
msl.53443
hyn.1831
msl.797
ppx.33769
ecm.3122
ppx.18540
spe.12873
cln.4810
msl.11266
scs.15946
msl.46375
scs.7460
tae.2104
scc.13785
tae.7870
tas.8837
dpy.14155
tas.11515
scj.7074
spe.26623
scm.7582
msl.40737
scs.2916
scj.8855
cln.7486
msl.2111
gys.575
ppx.5949
scs.6518
scs.16665
msl.8682
Taa.3872
scj.12652
scw.24880
scc.1569
tas.2696
hym.9655
ecd.7938
hym.747
ecm.5844
spe.22292
msc.2043
sct.3863
msl.31897
htf.349
scm.10628
cln.9433
hym.1636
fsc.5352
scj.308
scs.7997
msl.36914
cln.1967
msl.14672
Taa.1867
msl.44782
scj.8887
tas.5604
gys.574
sct.6767
msl.10183
msl.32827
htf.4177
hym.5953
msl.1755
ppx.25298
cln.9290
hym.8389
scr.9114
msl.44284
spe.30622
Fsc.1342
hym.8486
scs.13539
scm.3594
tas.12286
ecd.1404
msl.9664
hym.9891
hym.7029
scw.6880
scc.16398
sct.20818
scr.9446
scj.12277
Taa.7634
hyn.9615
gys.3190
scj.10708
ecd.3864
htf.7683
msl.36014
msl.21786
Fsc.27855
sch.7209
spe.32585
msl.32947
scr.15559
opv.9786
msl.42544
msc.2096
ecd.7261
scj.7697
ppx.10128
scj.10201
hyd.574
sch.7660
ecg.767
msl.36356
ecp.16551
ecd.4988
msl.39939
msl.24852
hyn.8890
scs.13739
taa.8422
ppx.6538
msl.38164
ppx.14882
opv.710
scm.1411
hyn.12966
hyd.7939
opv.5420
scr.5704
msl.26074
scm.3934
ecp.5839
Ecg.2376
dpy.5121
cln.5414
sct.15877
msl.3407
msl.8370
cln.12789
msc.2731
msl.60424
scm.2438
trc.9592
cln.10824
scr.18033
scs.11094
ecd.4549
ecp.14745
msc.2689
Fsc.25137
cln.11847
scc.9428
trc.21016
dpy.11133
msl.34340
ecg.8922
trc.2107
ppx.34862
taa.5956
msl.32297
sch.5392
sct.17523
scr.6841
scs.1836
fsc.7428
scc.18474
scr.12688
Taa.5612
hym.3663
cln.13479
ecp.18505
scr.15407
spe.24031
scr.22960
scm.7301
cln.3084
scj.1793
tas.3145
tae.11597
scs.3136
scw.3272
hyn.12751
scm.6693
tas.7716
scw.2776
Taa.5454
ecd.8110
ecp.12646
sct.13444
scc.7185
ecp.13456
msl.32261
dpy.6133
sct.1809
trc.8142
trc.701
msl.45449
trc.21222
fsc.2586
scj.2703
ecd.127
opv.11431
cln.6272
Taa.6016
msl.50939
scs.7218
scw.2727
msl.54633
opv.14802
sch.11014
opv.3042
tae.141
spe.12216
sch.3135
cln.11150
tae.9811
msl.10010
ppx.6264
spe.30293
msc.3198
msl.17401
ecd.6585
opv.7847
msl.10584
taa.10539
ppx.34979
msl.13197
scj.4080
cln.3403
cln.65
ecm.3160
sch.1795
hym.7267
cln.5105
Fsc.23235
msl.456
spe.4656
ecd.119
cln.5605
taa.1041
hyd.2339
msl.41728
msl.4366
scs.19135
scr.7687
hym.6367
msl.56344
hyd.10867
opv.2656
Fsc.23140
ecm.538
sct.19045
trc.2830
msl.48255
msc.415
tae.10405
fsc.9037
scs.11915
hyd.8697
spe.30503
sct.11466
taa.3890
taa.2708
msl.18159
ecm.5804
Ecg.3775
msl.26258
msl.17450
tas.789
ppx.27201
dpy.14342
ecd.8523
msl.7898
tae.9165
Ecg.2699
msl.54727
scc.2555
msl.12675
ecg.1422
ppx.23601
gys.4897
Fsc.6169
dpy.7123
taa.11784
ecp.6200
msc.9408
msl.21438
dpy.441
tae.9451
scm.2675
scs.17635
tae.4524
dpy.340
hym.2316
tas.10263
tae.7799
ppx.33630
ecm.3076
ecd.5470
scs.6725
ecg.8536
hyn.4399
ecm.4248
scm.9668
msl.37232
fsc.12774
hyd.2893
msl.18665
tae.3512
taa.560
ecg.4078
msl.30095
scr.15768
ecd.3825
scs.15473
msl.45136
cln.10505
taa.7075
msl.17916
scs.10019
msl.40982
Taa.49
tae.5075
cln.8558
taa.2758
msc.5586
opv.5636
dpy.3844
msc.6991
msl.43064
msl.42776
dpy.15980
htf.5352
msl.21883
ecg.1252
ecd.4322
ecp.5309
sch.5111
scc.18123
ecm.2581
htf.3383
ecg.931
gys.4825
msl.37681
msl.12712
ecp.4824
scw.21303
fsc.11543
cln.1508
ppx.12957
sct.17
scc.15092
Ecg.6343
cln.1200
spe.11464
ecg.6273
msl.32
opv.1072
scr.4509
msl.12271
sct.8934
scw.4774
tas.11881
trc.19230
hyd.7242
msc.6092
msl.14963
fsc.10386
ecm.4985
trc.5889
ecd.4462
scw.24255
spe.29665
scs.263
taa.11511
ecg.6445
msl.45168
fsc.10524
sch.2766
gys.5266
msl.12441
msl.13723
ecp.16065
dpy.16885
ppx.28164
tas.2684
Fsc.8475
ecd.4692
scj.9027
sct.10819
ppx.33651
trc.21827
msl.4099
scs.7439
hyd.10397
opv.688
opv.14628
ecd.5428
dpy.14182
Fsc.7719
dpy.1291
gys.9495
scr.5831
hym.5107
msl.19967
msl.34511
msl.30325
taa.9359
tae.5409
spe.37969
tas.2101
ppx.27711
fsc.10597
cln.8478
msl.25367
msl.46062
opv.881
hyd.1623
msc.3344
fsc.2867
scm.7644
hym.10127
opv.960
dpy.5813
taa.2477
Ecg.4342
sch.7601
Fsc.28875
opv.14840
ecp.10938
trc.20131
msl.18984
scc.11334
ecm.1220
scs.18855
gys.15061
sch.4752
scm.9033
fsc.13344
spe.9117
msl.25215
scs.1997
opv.5401
Fsc.4025
Ecg.7855
msl.15141
hym.3778
msl.32383
scm.8236
scc.8649
Taa.755
sch.11557
msl.7458
dpy.11488
scm.4834
ecd.3388
sct.14624
taa.9504
ecm.6005
msl.34999
scs.3911
trc.1148
msl.6382
smm.3307
scw.14959
cln.8059
trc.17012
taa.12352
sch.2244
Ecg.8195
hyn.13590
tae.8294
sct.405
scc.4822
msl.48293
msl.59081
spe.36254
msl.51204
opv.8281
dpy.18140
fsc.8964
msl.28190
hym.4664
msl.49532
scm.2705
tae.8025
sct.21569
fsc.2348
msc.3210
msl.43091
msl.33417
fsc.8572
Taa.4918
msl.60187
msc.6032
trc.3137
ppx.13695
msl.41603
ecd.2417
taa.10714
ecg.7829
scj.4442
hyd.4187
fsc.13503
msl.56648
htf.11354
Fsc.8285
msl.30675
ppx.14934
ecd.3955
dpy.3726
tas.6549
hym.10025
scs.18554
fsc.307
msl.11621
spe.34804
sct.2227
spe.17988
tae.5797
tas.6913
msl.51070
ppx.415
tas.10389
gys.7549
spe.26721
msc.6088
ecg.2861
sch.2915
fsc.3493
ppx.14352
htf.7173
scj.2409
tas.1769
Ecg.2785
opv.12471
Ecg.4095
msc.2263
scj.6194
hyd.777
scs.3442
msl.14299
hym.7560
scr.13104
gys.9901
msl.40252
msl.41122
taa.820
msl.1342
scr.4151
msl.12761
ppx.36118
cln.6088
ecm.7330
scr.15391
hyd.7439
scr.16803
hym.7073
cln.6804
scw.11845
opv.15697
scr.4550
scj.3516
htf.1397
hyn.10231
tas.12920
ecm.5718
sct.11233
sct.8552
ecg.5109
msl.47364
Ecg.8273
fsc.2935
tae.439
spe.33407
msl.33043
tae.1846
ecp.2059
ppx.6022
hym.1423
gys.4360
cln.5753
msl.20262
sch.10306
ppx.20933
hyn.11734
msl.58099
msl.9060
sct.2392
tae.11660
msl.38016
spe.37763
spe.24203
scr.13838
msl.53270
msl.46941
msl.35828
cln.4339
cln.7415
msl.16361
ecp.1906
opv.14198
sct.17306
msl.19309
msl.42515
scs.9858
fsc.14492
sch.2598
sct.13258
msl.54264
htf.9756
cln.2251
ecm.8323
msl.7789
fsc.7070
msl.53028
sct.5532
ecp.389
hyn.7406
ppx.30445
msl.49912
opv.4576
tae.9383
scs.132
scr.8598
fsc.5039
ecd.415
msl.35461
trc.14109
ppx.4714
ppx.32867
scj.2113
sct.9101
cln.12552
opv.1698
msl.9969
spe.18217
tas.4340
ecd.1373
htf.11455
scj.11436
ppx.32498
msl.59424
ecm.8661
scw.10270
tas.11902
msl.49453
ppx.1954
sct.2528
ecp.7612
htf.5126
msl.21243
tas.6306
Fsc.8860
msl.34426
hyn.12767
taa.2004
opv.3469
Ecg.5499
opv.11673
scs.17298
hyn.677
msl.50095
ppx.1103
scj.7267
sch.3952
ecm.7057
Fsc.815
msl.30123
msl.31071
ecm.7520
taa.12059
scs.13828
scj.3484
scc.707
scw.22726
cln.6248
msc.9201
msl.46
gys.11337
Fsc.1011
Fsc.29198
trc.9335
hyn.4573
ecp.12767
ecp.4265
scr.10999
spe.24261
scc.19589
tas.13094
tae.2965
msl.35367
dpy.7986
ecm.1436
trc.3580
sch.4027
ecg.8048
tae.4645
scm.7708
msl.53472
scj.5963
trc.10638
ppx.28145
sct.18120
spe.1167
ppx.10967
Fsc.665
dpy.13467
opv.14768
scs.10883
taa.10764
tae.10951
cln.4987
tas.4465
ecp.17065
htf.4374
Taa.1737
hyd.8086
hyn.8582
spe.9610
Taa.1241
Ecg.9419
msl.59147
scc.9677
msl.12735
ecp.2252
dpy.9618
msl.22525
ecm.6359
Fsc.267
ecp.16665
dpy.19335
dpy.4601
Ecg.9071
ecp.2060
ecg.1798
gys.13821
gys.12901
scj.4302
msl.58531
spe.38153
scw.16903
msl.11514
ecm.2813
scj.10573
sct.2868
ecp.1511
scw.2934
ecd.9134
hym.9524
scm.5964
msl.43269
dpy.1575
trc.12703
tas.7572
hym.6771
htf.3308
ecp.12595
tae.7335
taa.3547
scc.19104
msl.39025
dpy.14286
scs.16553
msl.27275
fsc.4296
tas.4247
Ecg.1587
Ecg.5915
hym.12277
sct.994
ecm.3021
Ecg.7865
hyn.9802
fsc.9557
Taa.5836
fsc.2205
scj.1259
tas.10624
scm.10337
Taa.9533
sct.17916
ecd.5556
ppx.22762
msl.30370
opv.8289
msl.50079
sch.1371
msl.39111
ppx.13845
ecm.3885
cln.6036
ecp.14252
ecp.7260
msl.32354
msl.55784
taa.10990
msl.59943
Fsc.30132
opv.2111
Ecg.3794
msl.21174
spe.32067
ecg.2352
Taa.7712
ecm.1518
hyn.5469
taa.8338
gys.13471
scw.6821
htf.8127
msl.55822
Fsc.30222
msl.17300
taa.2255
ecp.1287
ppx.124
dpy.2532
scr.23870
trc.11277
scr.3443
sct.20477
scs.9631
sct.11413
ppx.34677
hym.5470
tas.12702
trc.8526
ppx.25660
trc.19897
ppx.33172
scc.14741
ppx.28994
trc.8588
ppx.17792
ppx.5292
hyd.7397
opv.8891
ppx.1785
opv.290
fsc.9539
dpy.12103
fsc.6553
Fsc.30026
ppx.9901
tas.6550
hym.10747
msl.19692
scr.10451
ppx.10586
hym.11187
scw.8681
scr.15789
opv.12932
hyd.5573
tas.784
tas.725
scs.18419
Fsc.20348
sch.8170
hyn.6352
scs.16475
ecd.3261
trc.14386
spe.2387
taa.9898
gys.8411
gys.10553
scr.13273
Taa.2802
ppx.35456
ppx.19025
scr.17380
fsc.14938
spe.28607
spe.7689
hyn.9907
taa.1001
ppx.23588
dpy.12149
taa.13146
ppx.19602
msl.18778
msl.21381
hyn.6553
spe.17324
ppx.25143
ppx.30903
scw.16529
ppx.1910
taa.10849
ecm.2881
spe.9758
hyd.4040
opv.12997
trc.4326
scs.3497
hym.10832
spe.35379
Fsc.29387
scr.22618
spe.3644
sct.16494
sct.4643
tas.6491
scc.7451
ecp.1558
ppx.13916
trc.7882
htf.4161
scw.11025
ecd.10416
hym.12093
sct.4514
ppx.6135
smm.2192
spe.10551
tae.1984
hyn.7090
hym.3260
msl.17918
scw.12142
Ecg.7191
scw.18745
ppx.37447
trc.1092
ppx.25521
ecd.10176
scr.17321
spe.23185
spe.35944
scr.2271
msl.24829
ppx.7653
ecm.7836
tas.3984
scs.15238
scr.16442
ppx.15403
trc.21648
msl.25930
ppx.32456
ppx.32016
scr.7240
scc.1779
ecp.18164
ppx.9243
scj.421
spe.22090
msl.54050
msc.5085
spe.10248
spe.25321
dpy.2073
ppx.13898
ppx.34133
spe.34965
hyn.12507
ecm.1660
scr.4651
scr.21385
ppx.7037
Fsc.11819
Ecg.5823
spe.17681
spe.29574
taa.9537
Taa.5569
msl.6026
taa.12567
sct.12550
gys.10995
ecm.10123
opv.15659
ppx.36212
trc.15239
opv.11995
ecm.2889
spe.21609
trc.913
scs.18368
scc.19650
spe.30529
hym.9860
Fsc.18516
scr.7264
sch.11174
spe.26461
scr.21151
taa.7733
msc.613
ppx.193
tae.10789
scw.25824
scr.22435
spe.39313
scw.873
scs.18651
scs.9323
ppx.9563
hym.8493
Ecg.893
scj.10614
dpy.11384
spe.19175
spe.34818
scr.8967
dpy.1038
ppx.33821
ppx.32073
dpy.7251
spe.20649
scj.3230
spe.4448
spe.34557
spe.32820
ppx.32225
scr.11567
spe.25850
trc.370
ppx.36880
scc.22666
Fsc.15521
ppx.20902
spe.19241
sch.7338
