

fsc.10495
scw.1036
msl.25243
hyd.6179
Fsc.12214
Fsc.10356
scc.5105
Fsc.19225
scr.17254
Fsc.6490
scc.4772
Fsc.22799
Fsc.12745
smm.2171
scc.17273
scc.18708
Fsc.6011
scr.4004
scw.20519
sct.13544
Fsc.13396
trc.20817
sct.13004
Fsc.11685
Fsc.31193
scw.19235
sct.18044
scr.23819
Fsc.4548
scr.9843
spe.3045
Fsc.16825
sch.4517
ppx.5195
trc.17997
scw.8315
Fsc.9672
ppx.28457
taa.10184
hyn.2463
scr.17968
Fsc.22173
ecp.6220
scc.1947
Fsc.15058
scw.40
sct.20462
Fsc.15341
scw.25261
spe.30413
sch.9129
scc.17538
taa.4055
scw.19762
msc.7879
hyd.10113
trc.8948
msl.50787
Taa.6212
ecd.1160
opv.1448
taa.8073
scc.23523
Fsc.26611
ppx.3499
Taa.702
tas.8659
hym.2339
msl.48438
cln.12797
scr.184
sct.12289
scr.12714
spe.19076
msl.46551
hyn.11943
msl.26792
msc.5955
tae.11684
dpy.16191
ecg.9568
msl.22643
msl.23196
hyd.7751
scj.12013
scc.8264
hyd.4153
ecm.6825
msl.23439
hyd.11241
dpy.16971
htf.10096
msc.3888
ecp.5401
hym.9801
fsc.10084
spe.27417
spe.9322
ecm.4473
msc.6232
ppx.2078
hyd.3598
msl.30425
fsc.6319
scm.2556
hym.8814
sch.116
ecg.10075
scr.16289
tas.8831
fsc.13603
sch.4849
hyd.3996
msl.9130
htf.11538
msl.43287
ecg.4153
Ecg.8775
ecm.5779
msl.59741
scj.12190
scj.12255
msl.32279
scr.17008
trc.18314
hym.2616
msl.35629
msl.45458
scj.1171
Taa.8388
msl.8343
spe.9984
htf.7857
ppx.15211
msl.57718
trc.7034
scw.987
msl.46522
ppx.6917
msl.22112
cln.9430
scj.12568
scj.3683
tas.10497
tas.11141
msl.58173
trc.9231
Ecg.9292
ecg.4682
scw.4045
gys.12970
scs.14751
msl.1652
scw.9546
taa.9203
ppx.29173
taa.5787
scj.10047
hym.3720
sct.1656
cln.2741
ecg.6365
scw.9916
spe.6602
Taa.8768
taa.11605
scw.21682
ecd.3557
spe.3518
scs.7417
Fsc.20879
scm.422
spe.5768
spe.10795
scw.22964
scc.14725
ecd.3760
cln.3931
ppx.32742
opv.6835
fsc.10477
hyd.1068
scm.1208
ppx.37543
msl.16558
msl.36010
cln.3500
Taa.2620
ecm.1300
msl.10264
msl.32944
taa.591
spe.9920
ecg.7778
msc.2092
trc.5435
cln.2287
tae.7809
Fsc.19466
scm.1878
hym.1597
ecg.762
spe.17050
scs.12986
hyn.422
ppx.20268
scw.6857
dpy.17850
sct.8352
taa.8421
opv.3630
scw.14800
tas.2057
ecm.6260
hym.6734
sch.8452
tae.11705
msl.30600
cln.8620
msl.26078
scm.3931
msl.35718
sct.2352
dpy.5126
ecd.10306
msc.9964
msl.3400
ecp.5974
cln.12783
scc.9832
msl.10810
Fsc.8726
Fsc.32148
hyn.8710
msl.20757
ppx.30473
cln.9457
hym.11030
msc.2682
scr.6531
scw.24626
scc.6189
tae.3501
Taa.2922
dpy.13701
ecg.8928
ecm.3576
ecd.6341
Ecg.763
msl.32294
msc.471
cln.8124
scr.14323
msl.14804
fsc.7424
spe.32165
opv.12277
ecd.11063
sct.9507
hym.11808
scs.7398
ecm.9410
fsc.10901
taa.9967
ppx.5279
cln.3086
dpy.9990
scj.11008
ecp.14735
smm.93
sct.2490
scc.8583
Taa.8614
scw.18645
fsc.10518
scs.3075
hym.264
ecm.5765
tae.4715
scc.7186
scj.3822
msl.33130
scw.1943
msc.810
scm.1393
msc.6797
sct.5975
scj.10932
hyn.2576
scj.2704
msl.33500
opv.7037
trc.14449
Fsc.26972
Ecg.499
Ecg.8980
ppx.11786
opv.12690
htf.8542
tas.4038
ppx.33520
tae.147
dpy.3273
msl.22607
ecd.10055
Taa.2984
msl.10014
ecm.1716
hyd.1898
taa.10983
msl.52250
trc.4836
fsc.13066
hyn.7697
taa.10533
scm.6868
htf.5130
htf.5463
spe.18106
opv.15584
msl.26930
Ecg.3640
spe.30615
cln.5103
msl.37117
msl.455
sct.6331
tas.9997
cln.5607
msl.9617
dpy.4475
scw.19636
spe.34217
dpy.2736
ecd.3778
ecm.283
fsc.5009
msc.8850
Ecg.8737
msl.58221
dpy.6280
msc.7171
dpy.11452
Taa.5505
scs.11322
tae.10403
sct.13338
tas.7660
scj.8492
ppx.9600
taa.3895
tas.8042
msl.35181
gys.13084
fsc.10198
hyn.7544
sct.2967
msl.19162
msl.5785
fsc.12014
tas.2259
taa.9629
trc.4228
dpy.14123
msl.21506
msl.696
msl.13988
tas.9233
Taa.2508
dpy.3107
taa.10265
Fsc.345
scc.7128
scc.20861
tas.12687
sct.5412
trc.11454
spe.18458
scm.2678
scs.17630
spe.863
scs.10304
hym.2313
scs.6026
Taa.7385
dpy.2556
htf.2111
taa.9538
ecp.9621
tas.11856
ecm.1986
scc.11561
dpy.9895
ppx.20259
ppx.3713
spe.27560
ecm.5369
Taa.1156
ecg.7605
dpy.3350
hyd.5489
msl.26954
ppx.37506
ecp.3160
gys.14749
spe.26826
spe.25687
ecm.4178
tae.6894
spe.32320
tas.1494
ppx.16093
sch.9420
ecd.4423
htf.8505
scw.22138
gys.13673
msl.21183
msl.13042
tas.6345
Ecg.6154
scc.15103
msl.21887
Fsc.11177
ecd.4327
ppx.3971
fsc.610
htf.768
tas.6799
msc.2774
scs.8309
ecg.3878
msl.37688
hym.5469
msl.12764
spe.14376
Taa.6612
sch.8805
htf.1690
hym.9577
scw.13514
msl.44300
scj.8439
spe.11461
ecg.6276
hym.8475
ppx.16115
scs.18448
msl.12275
msl.18443
msl.18857
Taa.7049
scj.509
hyd.7249
Fsc.9997
scw.22335
Ecg.3185
fsc.11801
scw.20970
ecm.9619
scw.17937
opv.2291
Fsc.25740
Fsc.1459
ecg.6448
fsc.5964
ecd.8672
scr.23974
scc.17432
msl.12444
scc.4923
fsc.12232
dpy.16888
opv.14246
hym.6393
hyd.9176
scc.4731
scj.9022
opv.521
ecd.8546
sct.4367
msl.19722
scj.3578
sct.2400
gys.10849
spe.1651
tas.8266
cln.6812
sct.21901
spe.31173
ppx.17073
spe.38599
ppx.35263
scw.5069
msl.9472
msl.30327
hyn.10754
taa.3485
scw.8831
sct.8233
scc.18504
spe.27174
scr.10725
scs.9895
sct.18823
opv.887
hyd.1626
tas.1764
scc.10022
spe.5920
hym.10125
msl.40801
Fsc.26935
msl.26269
msl.50294
scs.2136
fsc.199
scc.10415
tas.7122
hym.1449
scj.10669
ecg.2901
dpy.5413
Ecg.2776
hyd.6082
Taa.7452
Ecg.9783
dpy.2213
hyd.2149
Fsc.15926
msl.49359
msl.30622
ecp.9306
scr.22567
msl.15143
msl.7393
ppx.11330
msl.30122
hym.6782
hyd.7529
cln.7244
msl.7457
sct.1729
scw.18727
scc.6905
scw.19487
sct.5625
ecp.9656
ppx.27073
msc.3503
tas.2475
hym.3257
spe.18585
scs.6292
cln.12525
Taa.6602
Fsc.16753
msl.45796
ecg.508
Taa.2135
scr.10071
msl.29694
Ecg.5397
hym.7470
scs.4447
spe.36251
msl.51202
tas.1016
msl.50965
Taa.4366
trc.16851
ppx.14278
ecm.8067
scm.3070
hyn.4844
msl.59280
scw.24170
scj.10238
htf.5564
msl.33418
ppx.6993
msl.29428
tas.2211
spe.6819
sch.12677
msl.1536
sch.10110
hyn.13490
msl.16840
taa.4639
scs.8316
hyd.4183
msl.22936
cln.1085
ecd.5092
ecg.7165
msl.30673
Taa.2897
hyn.7794
fsc.2960
hym.3199
cln.10477
tas.12726
Fsc.1274
msl.11624
msl.48458
cln.13208
dpy.7658
tae.5795
ecp.11102
msl.51075
ppx.22522
msl.32645
gys.7545
msl.25698
msl.39769
ppx.8888
scm.11014
hyd.7989
taa.9120
sct.1205
Ecg.9237
opv.1545
spe.21603
scw.17774
scr.14864
tas.248
taa.7145
ppx.29127
scs.3447
scc.20987
tae.9198
Ecg.4926
gys.9902
msl.575
ecp.14363
Fsc.17752
sct.17126
Fsc.1333
ppx.34247
msl.6618
opv.2781
spe.22524
hym.6539
msl.9637
opv.14636
tas.8279
gys.15246
Taa.1398
spe.25349
ecm.9847
spe.1880
msl.50588
scj.5162
ecg.4764
trc.15323
scm.5809
gys.551
ppx.2243
opv.10949
hyd.208
Fsc.255
sch.7255
spe.33404
ecm.10169
tas.11954
ecp.16905
ecg.1762
msl.49173
msl.17617
scr.6743
msl.20267
htf.10224
ppx.20935
spe.19219
tae.2717
ppx.6698
opv.8860
ppx.35381
scj.326
msc.10224
spe.24205
Taa.8694
ecp.4951
msl.46944
sch.2962
htf.7018
ppx.14425
msl.16362
msl.42068
trc.17044
msl.10098
msl.54185
Fsc.16574
ecp.7401
ecg.6994
ppx.12656
fsc.9191
msl.54260
msl.42499
ecp.10799
ecm.8326
htf.573
ecd.2621
msl.53025
tas.939
dpy.11532
scs.12956
fsc.9939
msl.49911
ecp.13063
ecp.4230
scw.13138
cln.2847
spe.2586
msl.40684
opv.2607
msl.37630
sch.8369
opv.9355
tae.2498
msl.44603
spe.33360
sch.2025
msl.9962
msl.55222
taa.2439
gys.10260
taa.11717
ecg.173
msl.13023
msl.10846
spe.26008
trc.362
ecd.2828
msl.49450
hym.1447
hym.11158
spe.16087
ecm.994
msl.21249
taa.1596
ecg.1319
msl.34424
cln.9649
spe.21972
ecp.15
fsc.5087
ecg.4119
sch.2110
scr.16612
ecd.5085
fsc.1548
htf.1238
hyd.5121
Ecg.8219
hym.8680
ppx.33898
hym.11763
ecg.9802
scc.17565
taa.2509
scr.10231
spe.6869
scs.16474
taa.3967
cln.8267
msl.41
scw.19301
taa.5463
tae.1207
Fsc.12866
msl.19093
scs.952
scj.6925
fsc.9236
dpy.6979
tae.9283
dpy.14091
Taa.2558
msl.105
dpy.7980
tas.9386
msl.40059
hym.1210
scs.7723
spe.16002
scr.5684
ppx.546
tas.10187
Fsc.26081
opv.14268
ecd.10393
ppx.35994
ecp.7362
htf.4413
spe.19242
msl.23334
hyn.5355
ecg.6343
tas.1050
ecp.8956
msl.22744
scr.1971
spe.28748
dpy.15617
msl.35974
msl.59430
fsc.4727
hym.1966
opv.3578
msl.30301
scw.8858
msc.8631
Taa.5942
ppx.2254
opv.10976
dpy.13233
trc.16490
htf.7784
spe.33416
msl.32906
Fsc.13988
msl.15058
ppx.6037
cln.1905
Fsc.28914
fsc.15651
msc.6322
scm.1982
ppx.4539
msl.11518
scc.10292
ecd.8571
fsc.1143
ecp.1515
msl.35314
scr.12322
hyd.344
ppx.37876
dpy.18591
dpy.16658
scc.1341
tas.7570
hym.6773
msl.5852
spe.28808
scr.21897
taa.3549
scs.11727
ecp.13994
dpy.14282
scc.2420
msl.27272
fsc.4294
ppx.16832
Fsc.16043
scj.1684
dpy.15874
hym.8212
msl.26891
Ecg.7860
spe.28533
scj.6633
htf.2073
ecd.4506
msl.15642
tas.10628
hyn.13438
spe.12282
spe.8314
ecd.5550
ppx.19392
dpy.3362
Fsc.28499
msl.50075
sch.1373
msl.17490
spe.12438
opv.8586
hyd.8299
scc.10789
msl.6013
Taa.5434
msl.55780
msl.57124
htf.6064
taa.231
opv.2115
scs.19310
msl.21179
sct.3097
gys.13936
ecp.7606
scr.6666
hyn.5466
msl.3681
spe.23055
hym.3206
scw.3999
ecm.9697
ppx.4079
msl.17304
ecg.9413
ppx.30930
dpy.5338
spe.10533
hym.8196
taa.13292
ppx.13046
htf.4418
sch.10218
ecd.8136
Fsc.4900
sch.3633
spe.28237
ecd.10690
scs.16402
dpy.13678
taa.9992
sct.18673
msl.21715
trc.9176
hym.5562
dpy.9596
dpy.13343
ppx.3515
spe.11074
taa.10955
Fsc.1317
scj.2499
taa.12144
spe.36395
Fsc.17429
ppx.16268
ppx.16690
dpy.10303
fsc.9460
tas.10922
Fsc.21677
hym.8328
sch.1879
Taa.4263
scr.3022
taa.3994
scm.10732
msl.23050
scw.21848
htf.3749
ppx.20757
scc.6343
taa.12539
tas.10728
ecm.2597
scr.12692
tas.7545
taa.12972
hyn.6899
dpy.3078
fsc.3594
dpy.410
sct.20595
opv.4529
sct.13743
ecg.624
scr.3972
gys.6839
taa.9118
ecp.15963
scw.24042
sct.22945
ppx.5034
Ecg.9969
spe.14017
fsc.11505
taa.10415
trc.6212
scm.10657
ecp.4784
Fsc.6900
ppx.24751
ppx.14151
hyd.6453
taa.3439
hyd.6334
sch.6585
ecd.8524
sct.8111
ppx.813
htf.4510
hym.8069
sct.16355
ppx.34734
sch.9432
tae.2626
sch.10358
sct.2106
sct.2977
spe.15137
ecd.9863
tas.10828
sch.9105
ppx.31035
scm.1023
scr.23634
hym.11484
tas.8292
opv.13652
spe.17702
scr.2223
tas.3379
msl.6522
gys.6887
ecp.1090
Fsc.13801
opv.10000
Ecg.2660
scw.7799
sct.21182
spe.25212
scr.16004
hyn.9453
ppx.26570
scw.5504
scm.6730
dpy.16810
spe.965
dpy.15804
fsc.1589
opv.13179
sct.2333
ppx.21430
spe.33743
scr.19510
dpy.17744
spe.36057
dpy.8744
scm.6928
dpy.17527
taa.3351
opv.6077
spe.9444
ppx.25095
tas.7889
spe.19151
spe.20210
dpy.16605
scc.1230
spe.37091
scw.23362
scw.14965
gys.3397
scr.451
spe.7011
scr.8192
gys.8622
ecd.6736
opv.26
taa.1725
spe.5076
tas.6802
dpy.10928
ecd.6437
hym.2755
scc.18612
spe.15446
Fsc.23896
ppx.30232
dpy.15461
spe.17478
scr.21416
ppx.27722
ecp.1679
dpy.5675
Ecg.5175
scw.22583
ppx.25910
sch.12362
scs.19741
scm.5924
spe.4061
dpy.12544
scc.3332
spe.14790
gys.10294
Fsc.29960
taa.11390
ecp.9506
ppx.3597
ecm.440
hym.9824
fsc.2376
msc.7415
gys.6336
sct.2590
trc.19567
trc.882
scr.11435
scc.8514
gys.5422
spe.31789
smm.576
Taa.9965
scr.7833
ecm.3710
msc.8362
tas.5562
ppx.11693
scm.4540
cln.8315
ppx.34517
hym.2588
Fsc.4814
ppx.15064
spe.19670
