

ppx.16499
cln.11605
sct.13405
scm.5870
Fsc.11314
Fsc.26517
scc.8526
Fsc.15974
Fsc.4994
Fsc.22023
spe.6691
scc.19817
Fsc.17466
scc.910
sct.7400
sct.17788
spe.33737
Fsc.29634
sct.17322
Fsc.16743
scr.20847
sct.1834
scr.9314
scc.21304
ecp.1363
sct.7182
scc.2351
msc.10489
ecd.3033
scr.22857
sct.10534
tae.5492
scr.1175
Fsc.17946
scc.23504
spe.5923
Fsc.19410
spe.26690
scw.525
Fsc.3526
Ecg.3547
ppx.23338
sch.8416
trc.7523
msl.60008
gys.6966
hyn.11087
msl.36619
msl.39639
scc.14165
scr.10738
scc.10838
htf.154
Fsc.9625
htf.5221
ppx.3323
spe.5865
Fsc.31891
msc.879
hyn.5883
sct.11581
scc.18262
spe.14713
sct.8008
spe.17034
scw.7803
msl.31047
gys.6341
fsc.3721
spe.38399
ecp.295
sct.21695
fsc.6344
msl.4617
msc.4601
trc.1780
msl.46981
hyn.1357
htf.7332
scs.10821
msc.4923
opv.2254
gys.12699
sch.2792
scr.10491
hym.6211
trc.4816
dpy.9422
hyd.4058
spe.39077
Fsc.77
ecp.4929
ecm.3972
hyd.656
fsc.2623
hyd.9226
msl.21791
Ecg.3568
hyn.1029
msc.816
taa.10577
msl.50932
opv.5132
msl.9279
tae.10536
tae.4590
smm.427
msl.56438
scr.21788
msl.1733
scw.21655
scj.10885
msl.31287
msl.29393
scj.3071
scs.7675
msl.43158
ppx.3203
cln.6821
scj.6308
Taa.2427
ecm.4967
ecg.4026
scj.6892
ecg.3899
msl.22963
spe.21053
msl.3245
ppx.4146
dpy.9629
fsc.3733
spe.10251
ppx.32169
scm.4294
scw.7212
cln.2171
ecm.9530
ecp.2077
Ecg.710
scs.723
spe.22617
trc.6828
scj.4810
tas.1441
msl.50314
trc.2028
msl.54649
htf.11181
hym.7672
msl.4506
tas.442
msl.45377
sch.2648
msl.8431
cln.2850
hym.10482
hyn.12640
taa.758
msl.59181
ppx.14448
fsc.5949
htf.6240
Taa.5353
Taa.8442
cln.9900
msl.56145
hyn.12230
Fsc.24855
msl.3893
ppx.28737
msl.51919
sct.8065
Ecg.5905
ecg.10025
msl.52156
scr.5488
hym.10615
ecm.6050
msl.60103
msl.57925
cln.13546
trc.4514
msl.26646
Taa.6417
msl.25180
cln.8843
scw.8190
scr.18095
Taa.4174
hym.5495
scs.3561
tas.1146
ppx.34038
msl.58393
Fsc.29633
hyd.8422
ppx.34999
Fsc.22015
Fsc.7809
msl.60396
ecp.3377
ppx.24040
spe.24979
tae.10286
spe.7364
tae.11907
scw.22047
tas.11007
scj.5367
htf.4084
scc.10432
scr.3342
msc.5327
opv.4395
hym.379
Ecg.42
ecm.8178
hyn.322
tae.1660
hyn.10812
scr.14499
Fsc.7227
htf.788
ecg.7134
msl.46838
ecp.9838
ppx.16528
trc.11467
msl.50790
hyn.13131
htf.1810
opv.15523
ecg.9006
gys.323
msl.7439
gys.12708
opv.9623
tas.4959
sct.14607
sch.1088
htf.3652
ppx.8162
ecm.1992
msl.52623
ecd.6191
sch.1788
tae.8073
trc.17004
scr.1622
gys.7495
htf.8604
msl.35439
scr.9921
taa.10507
tas.12465
msl.56008
ecg.4237
msl.9548
gys.2974
msl.29957
scr.8787
tas.1634
msl.44193
tae.8503
ppx.15383
fsc.9112
msc.3156
fsc.8287
Fsc.4207
taa.6446
scc.23031
tas.3585
cln.4536
fsc.13960
spe.10745
ppx.12496
tae.11567
scc.20265
hyn.1508
tas.1703
htf.1697
fsc.12683
ecg.11012
scw.22566
fsc.14022
cln.6769
hym.3031
scw.21582
msl.30659
Taa.8242
ecp.4606
msl.23589
scs.8760
sct.18869
ecm.1187
fsc.2431
ecp.10198
ecd.3269
msl.31908
gys.4312
dpy.6502
hyn.5519
Ecg.5033
fsc.10238
ppx.10475
opv.10699
scs.8274
spe.11839
cln.3729
scr.7635
scc.9049
Fsc.10593
hym.2497
hyd.83
msl.13546
scr.11954
hyn.5620
ppx.33394
msl.45151
dpy.16935
scw.20500
trc.6250
scm.143
sch.2621
dpy.16404
msl.28104
ppx.28176
Taa.10089
scw.6869
sch.3328
scj.9038
opv.12100
taa.4308
taa.2676
trc.13766
scc.16469
hyd.3459
taa.10363
ecd.7878
sch.7723
gys.12145
msc.7341
hym.546
tae.7975
hym.7193
opv.3524
scj.8236
trc.17449
scw.19464
scw.15028
Ecg.4005
msl.32231
hyd.3175
spe.9212
scs.9887
spe.30992
spe.31678
opv.1984
hyd.7318
msl.52012
htf.10417
Taa.2838
opv.11816
ecd.2855
tas.1405
spe.18997
ppx.16676
spe.7911
dpy.4253
scc.7508
msl.4547
sch.6849
scr.18116
scw.25419
sct.13582
opv.4168
scc.14699
spe.13075
dpy.6056
Fsc.7219
ppx.20620
msl.42048
msl.45647
htf.9480
scc.10460
hyd.8244
Fsc.1500
msl.29209
hyd.159
tas.5119
scw.15626
Ecg.1313
ecd.1717
tae.1194
scc.18724
tas.6957
msl.31582
scj.9128
fsc.799
Fsc.11700
sch.12017
ecd.7414
Taa.1152
Fsc.6200
msl.28433
msl.16033
Ecg.5636
scs.4794
tae.9050
scr.4886
scs.16105
tas.1184
msl.52239
msl.29596
cln.865
dpy.13365
spe.19587
sch.1463
hyd.9661
ppx.22339
hyn.6567
trc.6085
msc.2059
scj.12181
ecp.18510
fsc.2354
tas.3113
Taa.5885
trc.8234
Fsc.6331
hyn.2161
scr.12434
Taa.5015
msl.12338
scw.24282
opv.4031
scs.12245
ecm.6774
scw.25041
htf.6506
htf.10160
ppx.37758
trc.2600
opv.11863
msl.45775
hyd.5148
Ecg.9187
fsc.5619
spe.17778
msl.11149
msl.16006
ecg.9048
hyd.9040
tae.9503
msl.44804
opv.12707
scc.10549
taa.2480
ecp.11932
dpy.8005
scr.12299
taa.6969
scw.8212
msl.4526
taa.1933
scs.4850
scr.8501
msc.1029
sct.1351
ecp.12460
Taa.5492
cln.6998
trc.17975
scs.7776
tae.319
ecm.3800
hyd.766
gys.3852
spe.10283
trc.21450
msl.19308
hyn.1090
ecm.9346
scm.4336
Fsc.21630
tae.11599
cln.5139
trc.7213
scm.11460
msl.38537
Fsc.22862
opv.13532
msl.40983
trc.10144
msl.7673
scc.20221
ecm.10086
msl.30821
msl.23705
scs.16247
spe.12844
msl.56979
Fsc.2743
trc.10486
msl.57593
Taa.3014
Fsc.31874
msl.17223
ppx.23709
msl.9537
hyn.4471
hym.5579
msl.32682
fsc.10826
scc.9707
htf.1575
scc.5997
Ecg.7716
tae.7180
sch.5950
ppx.9586
spe.1157
scm.2815
Ecg.1232
scj.5342
opv.5339
hyd.3495
taa.9612
msl.38115
Taa.5792
hyn.9745
msl.21477
msl.21988
taa.9795
scw.4017
Ecg.10234
opv.12494
scr.14801
sch.7539
ecd.2306
spe.36860
spe.11196
scr.5634
ppx.33254
scs.9849
msl.47490
sct.254
sch.10640
scm.5676
msl.40884
htf.4578
taa.9970
msl.28837
msl.42636
ppx.3890
msc.2904
gys.14265
msl.24905
fsc.9922
msc.5925
sct.7581
tae.2683
taa.7782
ppx.16777
ppx.36548
msl.38184
ppx.10638
msl.22306
hyd.2728
taa.6359
hym.11442
tas.4884
dpy.13609
msc.9486
dpy.11800
trc.9888
Fsc.8596
scc.14823
ecg.2701
ecg.9250
opv.10564
ecp.15068
ecp.16525
msl.16104
hyd.10503
gys.10905
scr.7820
spe.34934
msl.39483
opv.10606
scs.17807
msl.58660
msl.4589
hyn.8436
msl.11428
scr.4791
scr.13232
taa.8295
scs.4154
scm.10836
Fsc.2231
gys.4000
trc.21593
smm.242
ppx.6447
cln.8600
msl.9597
sch.8074
msl.14275
spe.30908
msl.58729
fsc.10068
Fsc.19545
Ecg.4205
sct.21307
Taa.1525
ppx.9568
gys.8314
ppx.21818
msl.48478
scj.10250
msc.8471
trc.1114
msc.10565
ecp.3579
sch.7161
dpy.15044
scc.6156
scw.20808
msl.15515
hyn.9077
msl.57556
ppx.32805
hym.5202
scj.7452
scr.4126
opv.12988
hym.6029
taa.12716
sct.17634
msl.41832
msl.59740
trc.8824
scm.6116
spe.2915
scc.10355
ecg.7331
scw.4358
spe.6343
msc.2192
msl.5735
scm.863
hyn.1472
msl.58636
fsc.7722
ecp.5349
opv.1203
scr.9802
scs.12207
ecm.1898
taa.5459
msl.28222
scs.4703
ecp.9431
dpy.6264
fsc.5794
msl.42654
dpy.8957
dpy.2364
Fsc.29605
msl.50716
tas.7641
scs.15617
fsc.8091
spe.11426
msl.14315
msl.59909
msl.31393
opv.2154
msl.34800
msl.51848
htf.7208
scr.21267
scj.8042
msl.29486
msl.47488
sct.6474
htf.10662
msl.45314
cln.10325
tae.7775
msl.21998
spe.34559
msl.30993
ppx.27656
taa.10205
msl.52283
scm.9453
ecp.12583
trc.17657
ecm.3438
fsc.4139
trc.4171
msl.32397
msl.21073
dpy.11905
spe.2939
sch.11540
htf.1514
tae.1924
Fsc.28311
msl.289
msc.3430
spe.16409
fsc.11105
Taa.3299
Fsc.14804
hyd.5615
ppx.5339
opv.4684
fsc.12759
sct.2217
spe.13900
msl.56931
scs.7879
msl.30369
opv.11492
Ecg.960
Ecg.4819
sct.8273
scj.5876
tas.3414
scr.19804
tae.4614
tas.7696
dpy.3623
ppx.4185
dpy.12042
hyd.9659
msl.59955
htf.1517
scs.4254
Taa.5979
opv.12186
msl.24699
msl.19113
msl.33425
Taa.4901
Taa.581
tas.4437
ppx.32653
scw.9808
Fsc.1783
opv.5478
htf.9048
gys.476
ppx.2382
ecg.3851
msl.3004
scc.15506
ecp.2409
msl.46813
ecm.1616
Taa.9726
msc.3092
sct.34
sch.230
cln.3483
hyd.2538
Taa.10000
fsc.8407
spe.7787
msl.47554
scs.14293
tas.5669
scw.13745
Fsc.16101
Ecg.5837
sct.10905
dpy.7587
tae.4170
ppx.20827
scw.5706
ppx.3762
tas.547
scs.15122
smm.751
htf.4942
Fsc.24418
htf.6202
ecd.3814
ecp.3132
trc.19294
scr.12145
ppx.17846
tae.5511
msl.56186
scw.6510
Fsc.21946
tas.202
taa.3816
msl.25413
spe.33705
Ecg.8846
hyn.3555
msl.14431
trc.9025
cln.12603
tas.10595
ecm.945
trc.14241
spe.39117
smm.2061
spe.34261
opv.5265
msl.23766
ecp.11771
ecd.4250
hyd.9591
cln.10264
opv.8273
scm.1249
msl.15244
scs.4655
taa.6404
opv.7282
scr.4129
trc.1482
spe.15763
htf.3254
ppx.21600
htf.6659
tae.11342
Fsc.2417
hyd.7862
opv.13421
spe.13312
Fsc.8139
ecp.2406
htf.1272
htf.5152
spe.11004
scc.15956
ppx.24415
ppx.10710
spe.32867
spe.25560
ecd.10030
msl.33109
dpy.2002
ecp.528
cln.4304
scr.11502
opv.6190
ecp.2463
trc.10162
cln.1328
ecm.2795
msl.4624
msl.44102
msl.25083
ecp.12036
hym.9043
ecm.3188
sch.10226
Fsc.18887
ecg.8480
scw.161
tas.1895
htf.6355
ecp.8101
opv.3979
tas.12825
scc.2215
taa.3105
Taa.6897
opv.6926
ecp.8881
spe.35159
ecp.7333
Fsc.5237
scj.5126
scm.10412
cln.1032
ppx.32898
scw.7515
msl.19890
dpy.2327
ppx.14553
msl.17924
taa.3245
dpy.14894
hyd.4335
dpy.512
Ecg.10000
ecg.8791
tae.9398
ppx.14107
spe.11636
scr.7844
ecd.5740
tas.9703
spe.25490
ecm.4294
scc.7388
scj.2391
ecd.1259
hyn.1547
hyd.2631
Ecg.808
msl.38988
Ecg.4776
msl.44645
scm.5082
hyn.908
msl.49820
ppx.33634
taa.2109
cln.4436
sct.19116
spe.23831
msl.745
scm.4501
Ecg.4243
ppx.18225
taa.6611
msl.49309
scr.12814
cln.10333
sct.17174
fsc.13289
scm.4492
sct.13107
gys.14513
msl.36236
ecm.3591
spe.27602
ppx.31424
sch.2355
ppx.7890
ppx.32046
fsc.1904
sct.8029
ecp.893
ppx.29486
ppx.37419
ppx.8439
dpy.17574
sct.20444
htf.8946
dpy.6102
scs.11563
scr.10753
scc.801
ppx.6130
ppx.14104
opv.838
smm.2378
gys.13799
trc.21370
ecg.2676
gys.11587
dpy.13176
msl.46013
spe.29276
scc.22908
hym.10014
ppx.25169
ecd.10660
taa.11542
hyd.9747
htf.2322
Taa.3693
ecg.1511
ppx.33382
Fsc.19118
Taa.10026
scc.365
htf.4435
spe.18486
trc.15802
sct.6511
ppx.28750
scm.5942
taa.7496
msl.56933
ppx.20947
sch.3864
ecd.3556
scc.21135
Fsc.32705
ecg.5780
trc.15457
spe.10348
Fsc.19608
trc.5985
scm.5439
sct.20736
Fsc.4711
gys.11651
scw.11946
spe.26423
taa.10117
scs.7549
dpy.8704
scr.14503
scs.19107
scs.5314
scr.1114
gys.12475
trc.16238
scm.3874
trc.18522
ppx.4220
ecm.5208
sct.16638
ppx.5785
ppx.23554
taa.7668
hym.10335
Fsc.25044
ppx.9902
scm.4645
htf.9953
spe.16824
tae.2606
spe.21585
trc.15814
scr.14256
msl.30724
spe.575
scj.12327
opv.13432
taa.8044
scr.11105
scr.23242
scm.11151
scs.18023
scs.14075
fsc.9518
ppx.30888
sct.21869
msl.17528
ecp.16112
spe.19691
hyn.11017
ppx.32557
scj.3218
scr.9118
scr.18598
scc.5987
ecp.3930
dpy.17324
scs.17359
taa.2504
opv.11323
ppx.23607
spe.35062
spe.27891
ppx.22063
scm.691
hym.4289
opv.12919
msl.12404
spe.31393
scw.24962
smm.2223
ppx.19294
ecg.781
Fsc.20292
ppx.25563
scs.7603
ppx.8664
msl.23422
ecp.1329
smm.3286
hym.3571
gys.7924
Fsc.17366
spe.14236
spe.842
msl.56477
Ecg.6353
Taa.6245
ppx.36018
spe.38290
scw.2227
msl.32144
spe.7093
scw.8414
scr.121
scr.20280
Ecg.1315
taa.274
scr.11030
ppx.6588
ppx.17422
hym.4430
tae.9772
msl.3424
hyn.12839
htf.7860
sct.9483
gys.13283
tae.1976
scr.16811
tae.11994
hyn.13510
msc.10572
ppx.2812
ppx.3265
spe.39381
fsc.9331
gys.8042
scr.19599
ppx.21944
scs.6124
scs.18764
spe.3560
scj.3055
htf.4886
ppx.32530
sct.14515
