

spe.12329
scr.99
msl.41152
ppx.23685
Fsc.15418
smm.2783
sct.10533
Fsc.6786
Fsc.7367
Fsc.11355
Fsc.18315
trc.14419
Fsc.12616
Fsc.17542
sch.236
scc.10825
spe.16106
ppx.1571
scw.8972
dpy.16939
scr.324
sct.8319
Fsc.14030
sct.17477
Fsc.28344
htf.11644
msl.52775
Fsc.15381
sct.16605
spe.38540
sct.1037
msl.22984
tae.9593
scm.8247
trc.8380
scr.19981
scr.12242
tae.9973
msc.7175
scw.8404
scw.17952
Fsc.19126
spe.34961
scr.18434
ppx.36746
scc.9769
ecd.11253
opv.8669
sct.22690
sct.11946
trc.11269
scr.11864
ecm.4746
scw.21690
spe.11555
Taa.10281
spe.12719
scr.3482
ecg.7017
trc.7878
spe.12778
msl.29761
ecp.1673
trc.21512
spe.18216
ppx.37858
scr.20763
scw.25765
taa.13224
scj.472
msl.6511
scw.16005
spe.14719
scr.10703
scr.2148
ppx.5213
sct.3443
ppx.29218
dpy.10257
scr.1327
ppx.30616
hyd.3785
ecg.6439
opv.13483
scw.343
scm.792
msl.56544
msl.38341
dpy.19198
trc.16615
Fsc.19114
scs.2403
ppx.27921
taa.8697
msl.59279
opv.5459
spe.16566
ppx.1067
ecp.1050
scr.14291
opv.8444
scj.2151
ecd.733
opv.7226
trc.15018
sch.9192
spe.35402
msl.45483
msl.41812
tas.5226
hyd.9611
msl.54150
sch.10421
ecp.9117
msl.47596
msl.25977
msc.1248
hyn.278
Fsc.29161
ppx.4385
msl.24367
msl.18596
msl.1890
Taa.1788
htf.684
sct.20643
ecm.4347
msl.1149
ppx.1640
fsc.14858
spe.39337
opv.12050
hym.6134
ecp.5716
sch.4528
hyd.5163
scs.11258
msl.5157
scw.16588
msl.49015
Ecg.1637
scc.17527
scs.13861
msl.25742
dpy.17058
msl.44823
ecg.5502
taa.4867
scr.749
ecd.4057
hym.10181
Ecg.8526
opv.10685
ecp.5962
scm.4921
scw.6976
Fsc.24370
ppx.5045
scs.14499
sch.6767
msl.7957
spe.34247
ppx.22995
hyn.3566
trc.8828
msl.17431
scm.9475
Taa.4002
scm.6461
hyn.3767
Fsc.881
fsc.4938
fsc.13586
Taa.8961
cln.1293
tas.7783
ecm.3054
msl.41363
ppx.9728
Ecg.205
sct.17234
scm.2460
scw.5456
opv.3963
taa.1050
scw.16338
msl.53904
sct.12804
msl.22095
hyd.5344
ecp.4499
ppx.13917
Ecg.4404
fsc.148
ecd.801
scc.19444
Ecg.160
ecm.6543
ecg.7791
hyn.4607
hyd.8289
msl.38565
tas.10967
ecp.9032
htf.518
msl.27419
smm.2499
scw.10911
scw.25687
scw.17286
Ecg.9773
msl.58578
htf.8779
sch.1626
ppx.3919
dpy.6642
hyn.5474
htf.2248
gys.13464
hyn.2009
trc.5815
scs.18878
opv.8913
ppx.3778
cln.548
tas.12303
msl.3020
scj.7051
msl.5893
ecm.9335
tae.2298
scc.11692
trc.7304
spe.10455
trc.15272
dpy.16817
sch.6399
taa.4382
hym.4930
hym.2323
msl.53692
ecd.10858
sch.9505
taa.2693
ecp.10286
tas.969
Ecg.5857
opv.12047
tae.9856
Taa.6126
tae.445
sch.6465
sch.716
Taa.9572
msl.3732
ppx.31243
msc.2573
htf.6494
tas.12183
taa.10421
dpy.1003
scs.12132
fsc.3078
msl.29104
spe.13371
scw.19563
ecp.3833
scw.752
dpy.11631
opv.487
hym.9715
scr.12879
msl.34695
ecm.6770
ecm.7811
msl.27548
ppx.930
msl.31292
msl.33860
scc.17783
hyd.7464
scj.11869
Ecg.5711
spe.29996
msl.57214
hyn.2257
spe.24897
gys.5587
Ecg.5690
tas.3357
cln.7493
taa.5611
gys.506
Taa.4945
msl.29181
ecm.2701
Fsc.23431
scs.8180
cln.12891
ecp.8727
spe.17817
scs.13818
ppx.35192
Ecg.6880
ppx.24806
scs.11384
Taa.8082
msc.4765
msl.16684
gys.4686
opv.13340
msl.24506
scc.15974
scs.1135
htf.10689
ppx.13626
msl.58141
Ecg.1045
ecp.4961
ecm.8846
Fsc.1297
msl.55460
ppx.15701
msl.3862
Fsc.8210
msl.21766
msl.32859
scr.1486
msc.3018
cln.9856
taa.6554
opv.13174
trc.6021
ecm.2213
ecp.6686
trc.2119
msc.287
ppx.14785
spe.21549
spe.31858
ecp.8126
opv.10071
spe.28016
msc.2791
ecp.13522
ecp.13059
ppx.2411
scj.10698
sct.560
msl.51615
dpy.9161
scs.4710
scr.19979
ecm.5791
hym.9478
msl.13422
ecg.4252
ecd.8049
gys.4175
sct.18005
hym.5990
msl.13782
msl.46738
msl.60385
spe.37504
msl.59921
msl.11081
opv.8150
ppx.31020
ecm.2391
spe.32149
fsc.13731
fsc.7380
scc.15156
cln.8304
Fsc.9938
sch.10916
fsc.14168
scm.376
scs.15745
gys.14219
htf.8384
sch.2949
Ecg.9494
hyn.4120
hyd.8162
scw.10796
sch.5594
cln.692
dpy.4942
sch.8038
Taa.3123
msc.6734
msl.58420
ecm.732
ppx.35917
msl.45594
opv.14932
opv.16188
trc.20197
ecd.8232
fsc.1069
trc.1933
ppx.565
msl.57967
trc.6456
ecp.14753
hyn.11239
ecg.4072
gys.12311
sch.10128
msc.6990
Taa.2952
Taa.3837
tae.6589
tas.3942
dpy.175
hyd.3990
ppx.35594
msl.30204
scc.15641
Taa.6357
ecd.1769
msl.13757
Taa.9264
cln.3469
Taa.5382
dpy.4566
msc.5589
trc.10885
scm.1719
ecp.10102
htf.9319
htf.11502
msl.17149
ppx.18848
hyn.1436
msl.49536
Fsc.33056
ppx.11686
msl.29780
ecd.2405
fsc.2737
ecp.2368
tae.2352
dpy.15123
Taa.4186
taa.2384
tae.7271
trc.11066
msl.44690
fsc.2565
tae.2431
scc.22108
ecd.6480
tae.8167
dpy.6496
scr.2401
msl.5046
dpy.10591
spe.31232
Fsc.25430
scw.16940
Ecg.5047
scr.20172
opv.56
fsc.6052
sct.5786
spe.11808
ecg.2876
scj.9695
scc.17833
dpy.4518
taa.2091
opv.4228
msl.27622
hyn.12094
Fsc.1456
scj.9372
taa.7699
hym.133
ecp.1128
ecm.7015
tas.8752
htf.721
ecm.5577
taa.5778
cln.8506
msl.60517
msc.6265
sch.3339
msl.41963
ppx.22904
trc.11841
msl.59865
Taa.3868
ecm.6073
scr.15363
scj.11042
scr.16815
msl.41734
fsc.12927
opv.3082
tas.12545
sct.4915
scr.2785
ppx.33491
spe.15491
msl.31492
hym.591
scc.1901
sct.12755
ecp.888
msl.39129
msl.46089
cln.3569
trc.15090
hym.3134
ecm.7200
ppx.29299
tae.1859
msl.4124
scs.15869
opv.5466
ecg.2601
scw.17262
htf.9878
scr.771
msl.11644
ecp.2991
trc.20298
ecd.2544
scc.7571
msl.5228
ecg.5908
msl.28493
msl.44822
htf.1779
msl.7962
ecg.1434
tae.1699
ecm.347
htf.1328
htf.5780
fsc.911
tae.2816
fsc.11449
fsc.2504
tas.9058
scs.12060
ecp.11565
opv.1199
gys.5994
hyd.1693
scw.10353
msl.17867
cln.5141
taa.7123
msl.2800
taa.3106
hyn.178
taa.1852
msl.31217
gys.8615
msl.6692
ecd.1803
ecp.6486
spe.28492
gys.6972
msc.6145
ecd.7977
scs.2336
dpy.13727
scs.6318
ecd.8797
ecp.17442
msl.13464
scj.7407
ppx.16324
scr.3054
taa.2285
scs.8794
hym.3944
msl.37212
gys.2413
scr.15918
msl.23854
tae.5268
htf.10163
tae.11587
msl.60221
msl.58586
sct.900
msl.52931
dpy.3552
tas.9853
gys.6807
dpy.5354
htf.532
scs.7910
hyn.8842
scs.13705
scc.15687
tas.9270
msl.44706
Fsc.12251
scs.17404
sct.961
msl.25263
spe.17814
cln.11003
scj.9259
cln.9984
msl.50760
ecp.163
cln.8563
scj.8409
Fsc.12631
msl.357
ecp.5947
msc.215
ppx.29379
spe.19731
msl.2665
sct.5524
scw.15997
ppx.7992
scc.2283
taa.9438
msc.6085
ppx.27903
fsc.14225
scw.20795
cln.11320
msl.34316
Taa.6757
dpy.3084
cln.8965
ppx.6226
opv.15873
scs.7732
msl.20823
msl.6845
fsc.8506
ecg.4349
Fsc.5227
cln.7237
dpy.4819
hyd.6714
cln.10118
spe.35775
scj.2926
fsc.9821
Fsc.2312
msl.51589
ecm.6068
hym.9273
fsc.11968
fsc.9983
msl.33364
scs.1744
opv.165
cln.10648
fsc.2777
gys.6137
scw.19135
scs.472
Fsc.23163
msl.22035
fsc.6859
Taa.4090
scs.3949
scr.18964
ecm.6348
ecd.11142
hyd.10617
hym.10074
cln.2117
ppx.71
hyd.8973
ecd.3214
tae.77
opv.3206
scj.4318
msl.54317
trc.19210
msc.7251
Ecg.8548
dpy.7560
hyd.7208
fsc.7997
ppx.8874
spe.23708
Fsc.12579
ecd.947
hyd.952
msl.7975
scj.6942
msl.35827
msl.20592
taa.5840
scr.5399
taa.8179
ecg.9956
tae.3963
trc.10676
ecd.7179
ecp.5805
scw.23589
msl.58441
taa.5009
sct.15826
scw.99
ppx.19094
opv.5812
Taa.4444
scs.13554
msc.7435
opv.2218
scw.3451
hyd.1502
ecg.60
sch.12035
Taa.6885
scc.16376
taa.4686
cln.3953
ppx.14339
trc.17188
htf.6495
hyd.1048
Ecg.3093
tae.6937
msl.42604
scs.4596
scc.19230
hyd.9532
taa.4440
spe.39449
taa.9381
tae.9480
msl.27570
hym.8594
scs.15824
htf.2924
sch.5993
cln.5724
spe.9741
ecd.6514
ecp.14694
scs.1405
htf.8835
sct.21051
scj.11031
hyn.404
ecp.1357
sch.4222
msl.28682
ppx.16954
htf.2516
ecp.7081
hyn.10830
msl.58842
hyn.7216
tae.519
opv.8580
opv.5445
tas.2772
scr.17041
ecg.6551
scs.13371
msl.39202
ecp.1659
tae.3608
trc.9965
sct.9962
ppx.19048
opv.1058
scr.6181
msl.59632
fsc.1019
tas.10311
Ecg.9650
dpy.3593
htf.628
ecd.6792
msl.10786
tae.4085
hyd.2846
sch.12301
Ecg.1073
Ecg.1850
scj.1190
opv.14440
tas.6673
taa.12453
msl.12151
htf.780
msl.37545
ecm.676
msl.12423
msl.45494
msl.36167
msl.5630
hym.4514
hym.2113
opv.2928
dpy.34
hyn.8600
msl.25969
htf.558
sct.1083
scj.2686
msl.47865
fsc.14676
scj.10335
msl.56818
spe.35134
ecg.435
spe.25355
ecp.16203
hym.11538
hyd.10231
spe.32999
spe.14365
hym.5456
trc.9950
fsc.8224
scj.7494
dpy.3026
scs.14610
hyd.1528
msl.7170
tas.6004
ecp.18416
trc.21961
hyd.8944
scj.3457
spe.29374
Ecg.4832
scm.1798
ecp.5254
tas.8911
cln.12019
gys.1989
htf.10005
cln.8372
msl.38857
ecp.7922
hyd.2817
msl.57805
ecp.14833
htf.6191
sct.21825
spe.24764
dpy.3159
opv.284
msl.51523
fsc.6896
taa.9218
ppx.9175
taa.12919
msc.8913
scc.2281
ecg.7653
msl.59705
cln.6108
fsc.4299
msl.19696
spe.7145
scc.8913
Fsc.28302
fsc.8115
msc.3402
sch.1040
fsc.13995
hym.680
Fsc.3916
htf.3930
ecp.2650
scs.9360
cln.434
msl.21347
scc.11808
ecg.1230
scm.927
cln.10291
msl.160
taa.12829
gys.592
msl.16547
ppx.22549
tas.12881
scc.22185
ecp.8029
scc.14806
Taa.6300
msl.25785
msl.43770
scw.3566
cln.13435
Fsc.10
Taa.5949
msl.2696
Ecg.6867
dpy.9974
scc.19923
taa.4107
msl.59511
ecp.14570
fsc.10301
Taa.6847
scs.7117
cln.1108
msl.39632
ecd.63
fsc.14804
trc.14494
msl.36952
ppx.3984
dpy.10054
scs.2563
scw.11495
hyn.7009
ecp.16357
ppx.16394
scj.4195
htf.3122
tae.6311
ppx.8366
ecp.2568
spe.15093
ppx.5814
scr.10167
spe.15341
ppx.22812
opv.5326
spe.5337
gys.5840
gys.1233
Fsc.14144
scr.7266
fsc.11281
dpy.17925
msl.35890
taa.8167
scc.22741
scj.8003
sct.304
ppx.16064
trc.17046
hym.12100
spe.2827
sch.8012
gys.13714
ecp.17141
msl.39838
scw.17800
sct.16795
fsc.12280
spe.18489
taa.2334
scj.7050
scr.2831
scs.15614
ppx.33490
spe.37841
scm.1887
spe.35679
ecd.1788
ppx.21550
htf.9813
scr.11592
fsc.10385
sch.12699
spe.34911
scs.13061
scc.22451
tas.7892
scs.11858
taa.5137
ecg.3877
ppx.9179
spe.24914
scc.5092
scc.10959
taa.6800
opv.12333
gys.13903
trc.18951
trc.22149
ecp.13504
spe.33498
hyn.13651
tae.12046
ecd.11062
ppx.26256
Ecg.6806
scc.12506
hym.1327
Fsc.26599
spe.18077
hym.5471
scc.4925
sct.11803
dpy.15158
ppx.20118
dpy.10026
msl.32874
spe.4520
spe.32047
ecg.347
msl.7774
taa.7810
ppx.29351
ppx.19372
spe.16909
dpy.15287
Fsc.14571
tas.1068
ppx.12114
smm.1059
scm.10820
spe.2535
Ecg.4362
trc.8041
scr.23748
ecp.15386
taa.6486
spe.25062
fsc.7143
sct.17203
opv.8954
scs.4309
scr.9762
ppx.15982
sch.3845
msl.1362
spe.28978
scw.5928
Taa.6060
htf.2246
fsc.5475
msc.1128
scc.6256
scw.9593
scw.12648
sct.7090
hym.12005
scr.20950
ppx.36607
ppx.16134
spe.26431
ecd.2502
dpy.1828
dpy.17145
taa.11580
scm.10512
ppx.4910
spe.20802
scw.23058
Ecg.9611
spe.9048
scs.2720
ecm.2034
ppx.5805
spe.25169
scm.4773
scr.16057
ppx.392
scw.17347
scs.12314
scr.666
ppx.22760
fsc.4547
scr.18160
dpy.1202
spe.3585
opv.15187
ppx.15739
msl.19214
ecg.5295
trc.13085
tas.9846
fsc.7614
Taa.3089
ppx.31230
dpy.14539
ecd.11246
msl.17619
Fsc.32799
scw.646
ppx.29046
ppx.17861
hyn.2970
scr.12346
fsc.1165
dpy.8224
Fsc.9867
dpy.13272
ppx.29085
opv.8296
htf.3404
dpy.18745
sct.22340
gys.7283
ppx.16411
msl.47395
scm.11209
sct.22182
ppx.21308
gys.8389
spe.18970
ppx.2323
ppx.10081
Ecg.474
spe.36968
ppx.20568
ecp.5646
gys.8594
gys.10486
spe.1464
scr.6264
fsc.8186
trc.3784
ecd.8592
msl.31639
spe.9979
