

ecm.6891
cln.8737
taa.7282
msl.28498
msl.29710
Fsc.19685
Fsc.22599
Fsc.24263
msl.691
trc.15751
spe.7568
ecg.1955
Fsc.11303
Fsc.26978
Fsc.19618
spe.21311
scr.18389
scr.373
Fsc.3516
scc.17988
scc.16582
ecd.7268
scc.5933
sct.21308
scc.14910
spe.15783
scr.15735
Fsc.14307
ecd.2294
Fsc.26114
fsc.13617
ppx.7619
scr.3205
spe.6181
Taa.8532
scw.18978
Fsc.7101
sch.10481
dpy.12625
opv.10519
dpy.1705
dpy.1391
scm.10445
spe.3707
msl.44090
fsc.13143
scw.1674
ppx.3180
ppx.34848
spe.969
ecd.9983
scr.9411
ppx.11724
scw.6791
Fsc.25696
Fsc.6553
hyn.5115
Fsc.16389
msl.19380
scj.12575
ppx.6079
scs.9818
gys.8721
sct.6048
spe.17666
tas.6902
dpy.19358
msl.30794
scj.11617
scs.13004
hyn.4268
htf.6764
hyd.5098
trc.3926
scs.20129
msl.47528
dpy.3621
scc.18745
scs.8576
ppx.31847
spe.28325
ppx.18624
msl.53533
scj.11640
Ecg.7176
smm.3627
scs.18135
scc.17848
Taa.31
opv.16351
scs.5354
spe.24704
htf.4081
msl.19451
scm.6166
scs.8039
ecg.10495
htf.2200
cln.5530
scm.7779
msl.6044
ecp.5896
sch.2344
msl.3904
taa.2778
scw.18027
tae.9344
scw.4695
sct.11192
msl.2884
tas.779
sct.22528
scc.16421
tas.6520
spe.4460
dpy.9831
scc.20279
ecg.10608
ecg.2893
ppx.21619
msl.481
ecp.6454
ppx.2927
ppx.34366
scs.19498
scr.14265
msl.19486
ecp.13441
dpy.19957
scw.1950
scm.7153
msl.13159
ecg.6904
Ecg.5290
Ecg.3299
spe.36819
spe.2620
Ecg.7766
spe.29340
ecm.6792
cln.227
msc.5404
spe.22272
scs.3258
cln.104
scm.9574
ecd.2516
scc.7541
scj.5686
msl.46485
ecg.8663
scr.6921
hym.6483
cln.10794
taa.6193
msl.33251
hyd.1888
msl.18758
msl.51511
ecp.5126
msl.29160
msl.41513
hyd.3378
scs.11731
msl.10430
ppx.11345
sch.2314
scs.11287
scs.3356
msl.49777
tae.9592
htf.215
spe.23379
ecd.2608
Fsc.18103
msc.2935
ecp.2424
taa.163
msl.53527
scs.19253
opv.11205
msl.37793
msl.35930
scs.16267
hyd.386
msl.47870
msl.11340
msl.37610
scw.9650
msc.8674
spe.24566
sch.398
cln.5902
tas.13127
taa.6283
sch.10767
cln.3296
scw.3620
gys.11920
ppx.31741
scs.10978
hym.717
tae.6670
dpy.5834
msl.18504
taa.9086
scc.20514
ppx.13149
hyn.13331
cln.8336
msl.18532
sch.2554
spe.12279
msl.37725
scc.2546
Ecg.9302
tas.179
Taa.9758
hyd.2956
Taa.306
sch.9230
ecm.9565
ecd.7693
Taa.5306
hyd.5102
ecm.2579
ppx.33277
msl.13133
ecg.6966
sch.3410
scj.8471
ecg.236
ecp.10123
gys.1276
msl.47536
ecp.12137
spe.19704
scr.23156
scc.12678
ecm.5553
msl.24925
msl.26785
scc.11559
ecp.10987
ecp.1834
scj.8162
dpy.18119
scc.2977
ppx.34542
cln.11543
Ecg.9264
ecp.13661
spe.15258
opv.12422
spe.18993
scm.8921
cln.5957
ecg.9733
taa.5760
msl.15275
ecp.10244
fsc.12278
cln.5850
ppx.33718
spe.26146
sct.3651
msl.41302
tae.4779
scj.10251
ppx.6747
msl.46364
scs.809
dpy.10260
scr.8078
dpy.10197
Taa.9075
scs.7938
htf.5655
cln.11951
hyn.5786
msl.45709
msl.44727
msl.41556
Taa.4376
scr.14254
scw.14729
fsc.6061
msl.44689
fsc.11683
hyn.9355
Ecg.10136
spe.4138
opv.5758
trc.19324
hyd.6545
sch.8030
scs.13464
cln.13223
scw.17226
scc.4591
tas.8159
ecd.4029
htf.110
opv.1345
tas.4803
sct.5110
hym.3221
dpy.17289
cln.11482
msl.21559
hyd.323
hyn.924
gys.10768
Fsc.2176
hyn.1624
sct.10199
tae.3271
scj.4167
spe.28861
scc.2737
hyd.3363
msl.27940
msl.39000
scw.4999
msl.59724
trc.5677
ecd.628
fsc.1358
ppx.25538
hyd.4441
ecd.9346
taa.4282
Fsc.3024
scs.5480
cln.7609
hym.667
opv.14612
ecd.4527
dpy.14190
scw.17427
ppx.26625
Fsc.32638
Fsc.16712
scw.1580
Ecg.9287
ecm.2059
ecd.9645
ecp.4883
ppx.1187
msl.37355
ppx.16584
opv.1640
scm.11242
ecd.6424
tas.673
msl.16060
fsc.13540
spe.9391
gys.14980
hyd.599
msc.6585
scj.4337
msc.8158
ecp.14458
taa.4858
Ecg.8567
scj.9737
hyd.3481
ecp.871
dpy.12951
ecd.1279
gys.8756
ppx.37062
tae.5301
msl.43215
htf.4738
ppx.27080
tae.8545
ecd.6944
msl.5888
gys.13141
hyn.487
gys.3832
hyn.3758
msl.24034
sch.11017
msl.17702
msc.907
gys.1531
Fsc.30732
ppx.3334
ecg.2283
ppx.12415
cln.1779
ecd.3136
cln.2337
msl.35054
gys.1901
hyd.5632
msl.46223
scs.907
Taa.2207
dpy.12344
tae.6035
trc.4345
msl.12021
dpy.15719
htf.4715
cln.5297
msl.19471
msl.56073
hyn.12346
ecd.8030
gys.4122
Fsc.25231
spe.31780
taa.947
ecp.756
ecm.8275
hyn.4886
msl.4998
msl.18184
ecp.7399
ppx.29551
spe.19206
ecp.3479
scj.6957
Fsc.27594
msl.1111
taa.5268
ecm.1950
spe.3417
dpy.10706
msl.11417
fsc.12143
msl.59462
taa.1806
Ecg.4745
Taa.6137
Taa.346
scr.10093
msc.1765
msl.11841
cln.9672
taa.12990
taa.10372
spe.3017
scj.4025
spe.27393
tas.11215
Fsc.1240
msl.3444
taa.11255
hym.760
scw.25760
scs.10873
msl.64
msc.10009
Fsc.12476
msl.34824
msl.55900
Fsc.32549
ecg.1520
scw.23847
taa.6617
scw.22285
dpy.9921
htf.10536
dpy.12219
taa.7447
msl.29409
msl.42698
Taa.9183
ppx.18126
scr.19898
taa.2226
dpy.203
scw.7417
ppx.23410
Taa.9388
ppx.34495
cln.5480
scr.23063
ecp.7346
ppx.15852
sct.12415
dpy.4783
ppx.7477
htf.11504
msl.33823
ecg.5445
tae.11058
scr.12225
msl.48605
dpy.11001
msl.44329
ecd.982
msl.21954
spe.34244
hyn.572
Taa.1269
scs.7831
ecp.8393
ecd.8980
htf.11610
hym.10546
scw.11642
spe.13711
Ecg.3447
cln.7319
scm.5115
ppx.18427
spe.31641
Taa.3689
hyd.3088
scm.10021
hym.7295
msl.44874
scs.14220
msl.60492
msc.8122
ecd.2039
spe.31897
hyn.1251
scs.11027
spe.27437
htf.2304
htf.2920
Ecg.9502
msl.16174
ppx.22962
fsc.6932
ecp.12434
scr.6461
ecg.3819
tas.5541
msl.40025
ppx.34228
opv.7801
scc.16791
ecg.9183
msl.18043
taa.3913
Fsc.2509
msl.32610
spe.30247
ecd.5672
sch.10395
msl.10582
msl.31999
hyn.4938
cln.6283
scr.8159
tas.4544
cln.3078
tas.753
msl.30503
scs.12578
msl.48057
ecp.3506
tae.10684
fsc.14747
msl.2407
scs.5420
msl.45066
tas.11410
msl.27683
Ecg.3083
ppx.9854
scj.9990
msl.44672
htf.1913
opv.13086
msl.20875
scr.5068
msl.34173
scs.3885
tas.8294
scs.10558
opv.12375
msc.1582
scr.2591
opv.13452
scr.21156
taa.2426
hyd.7109
fsc.1157
Taa.7210
hym.5039
sct.12354
ppx.12477
msc.5319
scs.2247
Taa.1776
msc.1089
msl.48355
hym.4217
opv.1246
fsc.14283
tas.12843
cln.8756
ecm.8663
dpy.8538
scc.14915
gys.11011
scr.17072
scm.8719
tas.4116
sct.18843
ppx.20511
Fsc.12097
Ecg.733
scw.6469
sch.1549
sch.9558
Ecg.3700
msl.51818
fsc.7689
sch.6939
Fsc.1684
msl.22125
ppx.25888
taa.8502
tae.8026
ppx.11645
opv.7430
spe.8385
msl.39889
ecp.13329
msl.44885
ecg.2129
spe.8484
ppx.25975
ppx.11451
Taa.4929
msl.8055
msl.55281
scj.10010
msl.50045
ecg.2772
ecm.7581
msl.40313
scr.13758
msl.1214
msl.24687
msl.815
msl.22496
scs.15925
msl.18226
msl.33839
ppx.25999
sch.9862
Taa.3660
msc.4011
sch.1702
dpy.3405
msl.36414
spe.27513
hyn.7177
msl.46587
ppx.8310
msl.45827
ecg.5425
msl.50035
spe.2543
gys.2004
scm.3795
Taa.261
ecd.8873
hyn.1400
scr.10183
sch.3236
msl.54168
msc.3331
msl.10524
sct.1788
Fsc.1992
hyd.9573
ecm.7897
spe.6971
scm.5522
fsc.12843
scs.11013
spe.11035
htf.7895
spe.31924
sch.799
ecg.8608
msl.16091
cln.6646
hyn.975
sch.4745
opv.8073
htf.5500
hyd.2159
Fsc.15915
fsc.14350
opv.14196
cln.1335
spe.27555
tas.9045
ppx.7860
taa.5021
smm.1558
cln.1275
gys.1516
tas.7991
scs.20168
cln.11647
spe.11928
sct.19770
hyn.4464
msc.7507
ppx.1189
dpy.15309
msl.3645
spe.36891
opv.7510
msl.17988
taa.7796
dpy.8801
msl.49240
scw.24056
sct.6786
msl.57551
trc.17736
msl.16940
tas.5568
sch.6007
tas.222
opv.15751
hyd.9751
hyd.7189
ecp.11376
dpy.16486
cln.1414
sct.10164
ppx.33026
ppx.25378
opv.7656
sct.21579
ecm.7840
ecp.10255
ppx.940
cln.12657
scs.854
Taa.2350
spe.21831
scw.7937
msl.16769
ppx.18740
Fsc.25887
msl.55814
ppx.30323
ecm.6589
msl.13586
scr.809
sct.17885
tas.6095
scm.3852
spe.29730
scc.21913
taa.5970
sct.1850
scw.5229
ppx.1805
trc.12866
spe.6239
taa.2113
msl.25626
Ecg.1345
msc.200
ppx.15254
msl.55024
scw.10212
tas.947
msl.33353
sch.8554
msl.793
sct.5147
Fsc.17176
taa.1919
scs.4834
fsc.3487
hyn.9132
ecd.6610
dpy.17973
hyn.2301
Taa.10292
ppx.15751
msl.1613
hym.9307
gys.3606
cln.9164
Fsc.15620
ecp.6735
ecg.4350
opv.5970
msl.26571
msl.23815
scj.7812
dpy.18955
ppx.29562
htf.3390
msl.2873
msl.59806
fsc.8480
ecp.7664
fsc.9521
hyn.7462
taa.9009
msl.1264
tas.11526
scs.6229
spe.10446
msl.17650
scw.2658
ecg.8703
Taa.6760
msl.9869
fsc.6864
scc.6253
scc.4693
Ecg.2453
fsc.927
taa.12550
msc.9427
msl.8765
tae.6773
spe.30025
msl.54284
msl.40834
scw.3358
tae.6632
sct.19792
msl.21109
fsc.6517
msl.15987
ecg.1820
gys.13154
scs.12327
msl.2587
cln.2474
Ecg.7542
gys.1825
Fsc.1085
ecd.5344
tas.11481
sch.7862
trc.19049
scj.4799
spe.36302
trc.2684
ppx.1168
ecp.18306
ecm.2733
ppx.37428
msl.51483
msl.37820
opv.7166
spe.10961
ecd.5692
msl.51926
ppx.1593
sch.11944
tae.5133
taa.12719
taa.2650
scw.19635
tae.10903
trc.4207
msc.557
ecd.6711
ecp.14703
ecp.12701
dpy.6722
htf.7260
scr.16341
ecd.7950
hyd.7705
ecg.7560
taa.10032
Ecg.9966
fsc.1087
scs.15441
Ecg.2423
spe.22282
Fsc.213
msl.38550
scs.9456
Ecg.3238
scr.6208
tas.2106
scr.12832
scw.18570
spe.36683
hyn.13286
ppx.12175
msl.53621
scs.2143
gys.4446
trc.12893
ecm.4876
ppx.1634
cln.2401
msl.36811
ecg.457
Ecg.9899
scj.1567
ppx.1097
dpy.9199
gys.13095
ppx.30345
Ecg.1563
scr.8005
ecg.1800
msl.21075
tae.5670
htf.10261
ecg.789
trc.261
ppx.31247
ecp.16380
tas.4429
dpy.14551
msl.57976
spe.8857
ecd.5766
Fsc.13541
sch.10122
gys.8599
sch.7100
ecp.17481
spe.15950
fsc.3801
Ecg.2171
scr.23266
dpy.1327
ppx.32170
scr.12379
trc.21420
scm.3611
dpy.1303
dpy.18458
Fsc.33200
trc.12074
sch.3515
hyd.6497
sct.10858
hyn.11295
ppx.32931
trc.16564
msl.19223
spe.3080
ecp.10498
scw.18052
msl.28949
trc.7293
sct.15484
hym.8299
scw.848
scr.6188
tae.12061
dpy.15050
spe.28049
scw.6531
ecp.2105
msl.2002
spe.27493
sct.5135
sch.3960
ecp.13148
msl.20306
Fsc.19119
sct.21781
scw.11450
tae.7155
ecm.4284
scw.20344
scs.12208
scc.3449
scs.7680
hyn.8185
trc.12403
tae.5143
ecp.4975
ppx.35046
hyd.5609
scw.6833
spe.2449
msl.49804
ppx.12565
htf.5178
tas.3544
scr.14176
ppx.32963
taa.9257
taa.6006
Fsc.11348
trc.5143
sch.9133
hyd.9203
ppx.25485
dpy.4393
gys.5144
ecm.7080
scr.14903
ppx.25071
taa.11747
trc.6445
tae.4618
ppx.9774
ecm.3464
Fsc.20649
sct.20119
spe.20170
Fsc.29892
smm.3711
msl.10541
spe.2062
ecg.7144
Ecg.6107
opv.6679
ppx.25934
dpy.12308
Fsc.6166
ppx.33193
scr.1434
spe.8249
spe.25286
ppx.12312
hym.12358
scs.17566
tae.1471
msc.9417
Taa.1332
ecp.12500
spe.38777
scs.2177
scs.12262
scr.1195
hyd.8864
scc.11763
opv.5491
opv.6465
trc.19930
Ecg.1585
Fsc.24432
spe.6493
ppx.18888
ppx.13611
dpy.7906
taa.13232
Taa.7374
spe.6051
trc.15599
htf.10121
trc.8683
msc.2786
ecm.2884
ecp.10659
scw.18639
scr.8309
ppx.1978
msl.59011
scw.19707
scc.21695
gys.5345
msl.15600
ecp.729
ppx.24573
spe.20008
scm.7738
scs.19818
sct.22151
hym.8148
dpy.7088
dpy.10287
ppx.27295
msl.51276
ppx.7302
taa.12540
spe.1213
scs.16673
tas.2348
tae.5243
fsc.5781
scr.5862
ppx.14223
ppx.19398
tas.5105
spe.18586
spe.35870
ppx.5293
msl.60488
sct.14079
ppx.17099
sct.14731
dpy.18305
spe.10359
spe.11218
opv.12361
dpy.3380
spe.24060
ecm.2111
scc.21542
scr.2676
gys.5443
opv.10149
spe.6370
ppx.19718
gys.14195
dpy.18556
ppx.18050
ecg.6011
scr.5208
tae.663
spe.2144
ppx.32386
msl.2891
trc.19515
trc.22100
