

taa.10246
dpy.5781
scw.5373
dpy.11639
Fsc.25489
Fsc.12432
spe.36609
Fsc.7356
sct.11571
scs.16333
Fsc.29980
scc.13733
scr.11204
Fsc.20529
spe.26165
spe.27151
tae.8959
Fsc.4512
scr.11455
scw.25329
msl.7375
sct.1721
msl.1502
sct.1310
Fsc.11337
spe.12359
opv.5828
Fsc.10306
scj.1955
Fsc.20816
scr.11940
Fsc.32496
Fsc.4960
scr.20504
Fsc.26309
scw.4259
gys.8098
sch.7717
Fsc.21996
Fsc.28292
Fsc.28645
spe.4856
gys.9240
trc.13072
ppx.3564
ecd.10063
scw.11294
scr.3066
scw.1110
spe.23309
Taa.6649
ecm.690
scc.21220
ppx.10626
msl.27501
Taa.1969
trc.8162
scr.19702
ecm.679
dpy.1807
scr.7666
spe.4301
scw.23188
ecp.8511
gys.12512
ppx.7732
opv.11669
sct.2102
ppx.6311
spe.18269
spe.35001
ecd.10602
spe.25764
scm.11090
smm.570
gys.6155
scm.11490
ppx.29213
tas.3628
scs.10329
ecd.2178
tae.6159
ecg.1927
scc.8779
cln.1791
hyd.10764
sct.5664
spe.20310
dpy.19197
ecm.1308
msl.21869
msl.14548
msl.41188
Ecg.9589
tae.6056
msc.1056
msl.35061
scw.11377
scm.11715
msl.57429
scr.16079
scj.2158
ppx.8203
scs.18213
ecm.5600
scr.14312
scr.1211
sch.2717
opv.1933
gys.11981
hym.9685
sct.9536
hym.11835
msl.16154
msc.6002
hyn.6669
msl.52125
msc.6516
scs.17015
taa.11064
msl.15631
gys.6053
msl.1896
sch.7760
smm.2645
hyd.5596
ecd.3739
scr.3407
scj.8490
spe.1439
hyn.9660
msl.43557
hym.857
trc.13367
ppx.20087
scw.8492
ppx.26846
opv.10578
sct.15740
Taa.7297
tae.1083
tas.5875
scr.1391
scw.865
tae.7907
hym.3384
Taa.5789
spe.8824
sch.10586
ecd.5989
sct.1048
scw.22884
msl.37059
hyd.7227
sct.18745
scs.4057
sch.5236
tae.6530
Ecg.6009
scj.11579
ppx.22128
scw.5669
scs.10654
ppx.16435
ppx.36623
msl.17438
scs.590
hyd.6851
taa.1575
htf.11266
msc.4548
fsc.4937
ecd.2093
scs.7686
fsc.6373
msl.54246
scs.8572
msc.10117
scj.2955
ecm.1045
msl.49499
msl.31232
scw.5458
fsc.10291
ecm.4899
ppx.30421
ppx.35894
ppx.27326
hyn.3189
taa.5357
msl.2436
htf.6457
ecd.493
scr.12074
ecg.8976
ecd.4768
hyn.10779
msc.90
msl.31777
msl.22876
msl.9989
msc.9465
scs.9421
sch.12315
cln.13197
sch.8738
msl.13001
scj.11356
opv.6324
sct.16834
ecm.7865
msl.58570
scr.1843
scm.9717
Fsc.14249
spe.25222
scc.7518
fsc.6451
fsc.10314
msl.55449
hyd.2088
scm.1597
msl.39646
scw.7612
ppx.2942
fsc.13362
scc.13141
cln.6735
msl.16997
dpy.1680
cln.11058
taa.3504
hyd.3190
trc.6974
msl.38598
scw.11159
cln.8590
scr.4469
scs.2053
fsc.6641
trc.3135
msc.220
msl.28816
msl.9301
msl.19754
opv.2248
scr.7589
opv.670
htf.5673
ecd.5494
msl.15682
scw.7725
msl.44446
msc.9658
msl.49237
msc.4115
spe.20032
fsc.13171
spe.11208
sct.15482
scw.21323
scs.12138
sch.321
spe.13626
htf.7185
ecm.5848
scw.15126
scw.13946
tas.6647
gys.6420
trc.6096
hym.4984
msl.10371
taa.571
scr.17802
ecg.667
msl.4802
scs.3554
Fsc.28806
hyn.13367
sct.14769
ppx.35300
scs.2880
sch.4278
sch.2840
gys.6982
tae.9697
msl.40725
hym.10846
Ecg.8780
spe.13613
msl.2101
scm.3868
tas.3192
hyd.5152
scr.22438
msl.14265
scs.13340
msl.35633
msl.17765
fsc.10046
msl.55718
scj.3479
ecp.11454
ecp.13694
scc.8730
msl.20253
spe.7631
tae.6212
fsc.11810
scm.263
sct.13099
taa.8529
ppx.6696
msl.44433
scs.7981
Ecg.1654
ppx.36387
hyd.6046
ecg.1471
ecg.8990
tas.3386
scs.1364
msl.40062
hym.1240
scs.19522
tas.5282
scr.1621
hym.8606
spe.34076
scc.7278
tae.10571
tae.3688
fsc.5502
scr.9155
scc.17676
fsc.288
spe.25731
scs.15908
htf.6446
ecm.7316
msl.44502
msl.20731
ecg.35
tas.6287
msl.35553
ppx.2417
cln.8014
Fsc.11059
scj.12267
msl.55317
fsc.10469
scw.20476
scs.18376
scs.18400
tae.11108
ecg.7781
dpy.2348
ecm.6322
hym.2651
msl.48905
scj.6698
msl.46731
Ecg.8315
taa.12642
ecp.4060
msl.39527
sct.2608
tae.5726
msl.30912
Taa.4023
scs.2121
ppx.782
hyn.3264
tas.3708
ppx.23197
ppx.20276
gys.10777
dpy.3492
opv.15600
opv.8929
msl.17361
Taa.6083
tas.3333
ppx.12800
ecd.10184
spe.4294
sch.5598
scc.2767
taa.5927
spe.18162
msl.40392
sct.7646
cln.3257
taa.12061
hym.4928
sct.8025
hyn.8684
gys.5029
taa.3911
spe.10657
hym.2834
ppx.28511
ppx.13724
sch.3020
ecm.9746
hym.11008
Ecg.8066
spe.14458
sch.11888
Fsc.10358
msc.4165
scm.9542
msl.26128
scr.13150
Fsc.33450
hym.4113
ecp.12300
dpy.9075
cln.4096
dpy.4197
ecm.743
scj.11365
tae.11050
tas.945
cln.3463
msl.43740
ecm.4459
scm.2733
spe.20686
scs.19322
ppx.15497
msl.7540
msl.18884
scw.6132
spe.17015
dpy.18610
hym.1063
Fsc.8808
scw.17831
gys.14978
Taa.6480
scs.16217
spe.37071
msl.38124
ppx.13929
hyd.3870
trc.20471
ppx.22076
msl.46876
msl.44698
spe.26519
scw.8390
scj.3341
ecg.4560
tae.9291
opv.15381
msl.26376
ppx.35183
taa.10956
tae.10213
scc.11493
msl.43398
ecp.14437
scr.20179
opv.631
msl.8590
ppx.16840
dpy.8796
trc.12102
ecd.394
ecm.222
opv.13670
ppx.31287
msc.5006
scc.8259
ecd.3016
ecm.384
taa.12430
ecg.5767
opv.7277
scs.16880
spe.17955
htf.6666
hyd.6988
scc.18436
taa.10030
msl.28925
hyd.7071
sch.11501
msl.51116
tas.9978
msl.25906
opv.14781
gys.9066
scw.18938
gys.13187
hym.6509
msl.59594
taa.6676
msl.41738
ecp.2606
ecp.6455
gys.15218
smm.722
scc.12398
scr.18466
opv.4648
msl.31499
ppx.3721
scr.11370
spe.39528
scw.10197
msl.16571
msl.46087
htf.4076
sct.3267
htf.6743
taa.2544
tae.6008
scr.15536
msl.27472
dpy.360
ppx.1573
taa.2751
hym.5740
tas.5697
msl.57654
fsc.7668
opv.11531
ppx.2613
Taa.6545
ecd.5281
ppx.35395
sch.6851
scc.9008
tas.4143
msc.5857
ppx.22111
htf.10279
msl.35858
msc.711
ecp.3185
ecp.12902
ecp.10552
trc.14334
cln.9118
scr.6139
tas.1682
opv.10246
ppx.18254
scw.1241
scm.6512
htf.5765
tae.8968
scs.20158
ecg.7393
spe.23343
msl.60441
ecp.16400
fsc.6584
taa.1858
scr.19364
spe.24303
ecm.4274
msl.18323
scc.970
ecp.8703
dpy.8416
msc.6149
msl.56927
Ecg.4550
scs.5686
ecm.10141
scr.15717
scr.19317
msc.7914
scj.6415
htf.9950
tae.4608
msl.27937
scs.9479
trc.10843
opv.5937
msl.26534
spe.21474
sct.6060
ecd.8345
scj.8719
Ecg.2068
msl.15708
scr.1874
msl.31818
scs.828
ecm.987
ecm.4817
msl.40424
ppx.31310
tas.529
scr.311
msl.55802
scs.3685
Ecg.1600
ppx.24910
msl.9411
msl.3013
ecd.11234
msl.7071
htf.9217
Taa.4666
taa.3863
msl.18015
ecg.1015
ecd.6490
scj.6063
cln.1218
scr.2413
tae.11302
Ecg.1351
msl.29361
scj.7611
scs.12738
hym.10696
ecp.14003
Taa.2548
scj.9946
Taa.5070
Fsc.19139
Ecg.7159
ppx.1976
msl.35356
smm.162
tae.8973
ppx.37836
scs.5639
scm.10244
scw.2320
tas.5976
msl.52276
msl.32462
ecg.8055
sch.8260
dpy.4931
tae.2414
msl.33098
scm.9127
trc.490
scc.11798
scs.8424
scw.12924
ppx.15864
msl.60294
ecd.2099
gys.9077
Fsc.29836
dpy.2655
msl.34977
spe.28886
dpy.4453
Ecg.5741
ppx.10595
scs.9329
Ecg.2438
ecm.5126
scw.1196
scw.19138
msl.9465
hyd.3477
msl.9876
sch.2026
msl.10177
scj.4773
ppx.13882
sch.3788
ecg.1044
scw.12686
msl.20129
sct.4791
ecm.7918
spe.25885
taa.9804
ppx.18336
tae.6625
msl.4584
hyn.4497
msl.6623
ppx.4506
msl.11529
spe.5253
scs.12332
spe.11843
scs.4070
sct.12818
Fsc.6078
ecm.1236
sct.3423
Ecg.7002
msl.27106
trc.13546
scr.9511
htf.2048
trc.5828
msl.21511
scj.7297
ppx.14954
hyn.2439
ecd.7176
Taa.6326
scs.4543
msl.58444
spe.9057
hym.4901
spe.32019
tas.10242
sch.2278
scc.19893
msl.10829
msl.32749
sct.10562
ppx.3670
taa.6183
spe.38220
scm.3258
ppx.1345
msl.47964
taa.1240
cln.3956
taa.9149
ecp.15349
ppx.3074
Taa.5240
cln.6904
tae.2501
ecg.10906
dpy.9050
opv.15819
cln.3529
ecm.9012
msc.9442
trc.15443
scj.4662
scs.19802
msl.14343
ecm.4437
sct.6074
msl.33910
cln.5729
dpy.15234
opv.14716
Fsc.2372
msl.39490
Taa.1627
scs.17839
msc.8244
ppx.30499
spe.20257
scj.29
htf.7148
htf.539
msl.15317
ecg.6742
ppx.24329
scc.16075
ppx.37774
tae.517
hym.9215
msl.30665
Taa.2860
scs.17317
ecp.3225
msl.18016
msl.44980
ecm.5962
spe.16137
dpy.313
tas.2807
ppx.19044
scs.14836
hym.5731
taa.3148
tas.11972
Fsc.20806
ecm.10100
sch.3057
trc.6489
scm.2559
msc.4232
ppx.21187
Fsc.1199
gys.6199
msl.38058
msl.4246
ppx.2351
tas.5518
msl.19447
scm.6150
scs.9930
cln.12936
msl.58305
scr.10175
scj.12694
tae.8764
hyn.1828
scr.12669
sct.17465
ppx.36080
msc.2034
scr.8656
ecg.4678
hyn.6673
fsc.6362
scc.20603
htf.10422
tas.9269
taa.6743
hyd.6356
ecd.7807
Taa.8585
tae.11816
ecm.1477
scr.8350
ecd.4871
dpy.1899
htf.1103
msl.26162
msl.20946
htf.6483
spe.10515
hyn.13612
opv.11088
tae.6207
sct.13173
hyn.5632
scw.11786
opv.14791
Taa.10058
taa.3204
taa.9834
opv.2996
htf.1630
ecm.8557
hyn.7591
ecp.11961
trc.19737
ecp.6504
hym.5089
sct.15024
fsc.4434
Taa.1911
gys.12394
scw.16384
msl.24486
fsc.767
Taa.7439
ecm.1739
sch.8925
msl.18744
msl.23499
ppx.23963
scr.8909
msl.32839
trc.15897
ppx.34950
tas.1302
msc.7051
sch.2321
ppx.29243
ecd.8343
msl.34601
scw.10534
gys.12745
ppx.15416
Taa.5728
scw.13725
msl.5779
scw.5810
tas.2282
fsc.1720
Fsc.32328
Ecg.7127
opv.124
opv.3834
tas.3296
scc.11800
msc.4151
scm.9596
trc.11645
ppx.17989
taa.12825
msc.3102
cln.11091
Ecg.2289
ecg.9996
scr.10199
tas.7689
fsc.7465
ecm.5323
msl.5627
dpy.7775
msc.7390
htf.1480
Fsc.27674
hyd.8669
scj.10218
msl.40759
cln.13313
scw.16045
hyd.899
scj.12507
taa.13158
scs.3176
spe.36601
sch.2802
msl.25989
gys.11513
msl.40767
hyn.10804
scr.21175
spe.5560
hyd.4927
tas.11523
spe.32098
scj.1812
msl.8210
dpy.13377
spe.10102
htf.4026
sch.8203
scc.4957
taa.11713
fsc.13748
scc.2406
cln.7922
taa.10025
htf.11572
spe.1588
ppx.14979
scw.7279
Taa.1560
taa.7076
taa.3720
hyn.2642
ppx.745
ppx.25531
scs.16062
Taa.2652
spe.30469
spe.6128
dpy.6869
scs.3553
spe.20629
spe.36004
dpy.10311
scr.2978
dpy.17539
scw.25232
scj.2629
ppx.25237
tas.12009
trc.14319
ecg.286
ppx.21720
ppx.15642
scr.19064
ecd.6219
msl.5529
scc.13200
hym.10574
taa.12970
sch.6950
scc.6588
sch.7055
hym.6114
msc.6607
spe.10953
scw.16824
ecd.4276
scr.16137
opv.344
sch.7278
opv.1167
sch.9270
ppx.34429
gys.8036
ppx.24350
spe.23629
ppx.14587
msl.7431
ecp.15435
spe.87
Ecg.2675
scr.9148
scr.12577
spe.31253
msc.10121
sct.10364
scc.6752
hyd.6503
scj.7904
scr.22263
fsc.4851
ppx.9394
taa.9314
hyd.10980
sch.10466
fsc.4557
ecm.2443
trc.8402
scs.14913
spe.14912
spe.23395
scr.21812
opv.11965
spe.18254
opv.264
sch.1971
ecp.15291
scr.15188
tas.629
sch.884
scw.19971
Fsc.11275
taa.9315
msl.1081
ppx.22967
msl.56487
ppx.33639
cln.9116
opv.10130
fsc.15694
dpy.17378
scr.21513
ppx.32922
Fsc.31856
msc.2350
ppx.32543
sct.20893
spe.20779
ecd.9315
opv.6836
hym.2923
spe.5286
ecp.17805
tae.1572
hyd.4546
fsc.387
spe.32088
hyn.5081
scs.19168
scc.12732
msl.56467
hyn.3638
ppx.7156
scc.18071
msl.58667
scc.5091
msl.13615
spe.30932
tas.11284
spe.21984
trc.17684
scs.18783
sch.9819
ppx.10511
Fsc.26667
trc.19122
dpy.15559
scr.14230
fsc.3807
ecm.9721
dpy.18366
ecp.4503
scc.23245
sct.10034
Taa.7082
trc.13498
scc.13448
scs.14513
opv.10023
scr.20919
gys.5595
scw.20137
tae.2705
tae.7327
hyd.876
scr.8446
hym.11497
hyd.11190
cln.605
ppx.13515
ppx.10993
ecd.3597
hym.8363
dpy.4786
Ecg.669
Fsc.9390
ecg.373
dpy.8601
dpy.16856
opv.13464
ppx.17475
ecp.1746
sct.15419
Fsc.2894
ecp.5558
Fsc.13087
Ecg.1122
spe.38961
spe.21841
ecm.9029
scc.22990
ppx.32135
ecd.8527
ppx.27478
sct.16214
cln.1139
ecp.8807
cln.3710
ecd.10594
scr.3017
msl.27498
spe.21326
scr.4243
spe.5703
Taa.4219
ppx.7415
Ecg.1111
Ecg.9940
