

Taa.5489
opv.10201
spe.28028
scw.10119
Fsc.27313
Fsc.9644
smm.2713
scw.12008
scw.19419
scw.10059
Fsc.17536
Fsc.17933
scr.3440
dpy.18388
ecd.9572
spe.14967
spe.17915
scr.23010
Fsc.4520
scw.3933
Fsc.25205
fsc.597
scc.23098
spe.27745
Fsc.16149
scc.16314
Taa.9997
scr.17059
ppx.27704
ecp.1470
scj.11673
ppx.19916
Fsc.3423
Fsc.3164
spe.23284
scr.3769
Fsc.16376
hyn.5368
scw.9493
spe.21222
msl.47020
scw.25379
msl.1430
Fsc.13872
Fsc.29313
scc.4035
hyn.11085
Fsc.2044
ecm.6427
dpy.18615
scc.7501
scw.17603
opv.12308
tae.3256
gys.8184
spe.7859
scj.9434
Fsc.19881
scw.14633
scw.7195
trc.1428
dpy.16952
scs.9767
sct.22897
ecg.6959
msl.55675
scw.16492
Ecg.8204
gys.6555
hym.8243
taa.4398
Fsc.16870
sch.10271
tae.9571
fsc.13441
ecm.7497
ecm.9261
msl.59600
msl.52737
tas.977
cln.11760
opv.13386
msl.24549
msl.7802
spe.22477
sch.4013
msl.59493
tae.8551
scc.16471
fsc.14261
tae.2918
scr.1589
sct.12938
taa.4726
htf.2819
ppx.13290
msl.58315
hyd.8440
gys.8160
ecp.6726
fsc.12248
scr.13854
opv.8096
scc.21769
opv.2932
msl.45526
msl.23549
fsc.3067
dpy.4777
htf.9896
spe.3895
ecp.4302
spe.16344
tas.4472
msl.7649
trc.17484
hyn.11402
msl.28640
htf.3516
fsc.2717
ecp.3699
msl.38105
fsc.11772
htf.7175
cln.9681
msl.6912
spe.6447
scj.6366
scc.19289
scw.21823
ecd.4693
spe.5271
sch.2569
msl.7632
scs.34
Ecg.749
ppx.23540
Fsc.4490
cln.3187
Fsc.32696
msl.59678
dpy.8445
spe.34568
htf.8152
sch.3097
scc.10447
tas.6861
ecg.7945
dpy.17298
ecd.513
msl.34368
ppx.37022
ecm.5218
scj.9017
Taa.4706
scc.11122
opv.278
gys.3719
dpy.17662
hym.159
opv.8383
sch.9142
msl.26006
spe.18057
msl.26763
msl.14770
scr.20519
spe.10150
Ecg.469
ecp.4675
gys.14356
scc.9842
msl.446
ecp.11182
msl.5745
tae.7659
spe.15645
gys.3540
ecd.10735
fsc.12907
tae.9759
Fsc.24383
taa.10799
ppx.36533
hyn.8574
sct.7012
msl.30962
taa.2378
scr.18005
tas.3187
Ecg.7547
cln.12940
opv.14358
ecm.8784
tas.1661
ecg.4206
hyd.1540
Fsc.24887
scc.10047
spe.5945
trc.16119
dpy.10992
tae.3391
msl.26246
ppx.1247
ecp.18062
sch.4907
spe.25482
ecd.8531
scr.11753
msl.16746
fsc.14112
msc.8530
trc.15247
msl.43116
ecp.995
ecg.5225
ecd.443
fsc.10483
hyn.655
hym.867
msl.11221
spe.29711
taa.3708
ecm.2757
msc.1856
scm.5189
msc.9385
taa.5819
opv.9020
ecm.7993
msc.6297
Ecg.1368
scw.3322
opv.13215
hym.9165
sch.12928
trc.10257
tae.230
scr.14041
msl.3675
hyn.11
spe.34324
ecp.3525
ppx.4288
hym.11603
msl.59240
scm.7923
htf.6218
ppx.1054
scs.6378
scw.8075
scr.16067
scj.2148
msl.45123
opv.2778
opv.9494
fsc.9098
tae.4287
msl.10494
tae.10487
spe.22158
cln.8543
taa.2768
spe.25912
opv.4971
hyn.8622
msl.54395
scc.10372
msl.18897
scs.7471
tae.1442
taa.3685
scw.24449
ecg.1345
hyn.846
dpy.1467
scm.11655
ecm.4975
htf.11503
scm.2885
scs.15443
fsc.13189
ecm.9115
ecp.14102
tas.9353
hyn.13678
trc.13270
msl.23638
trc.6780
ppx.25232
scs.12306
Taa.2195
taa.6225
msl.3457
msl.4931
ecg.2224
scj.6584
scc.4948
msl.58519
scs.8926
dpy.10400
scs.16367
fsc.12048
msl.21829
msl.31554
taa.1924
ppx.27146
scc.12351
msl.27148
msl.12088
htf.8060
ecp.1099
tas.2034
hyd.8259
taa.11976
msl.15475
Taa.1991
ecp.1114
msl.50122
scr.16172
scj.2011
scw.8528
ecg.9227
msl.513
dpy.933
ecp.15033
tae.10880
tae.1917
Fsc.14799
msc.1285
tas.732
ppx.21883
Taa.7997
msl.34956
Taa.8246
scw.19099
scs.3728
tas.10600
ppx.11031
scs.16273
Taa.6731
msl.44779
dpy.2231
msl.26190
tas.10306
tas.7364
ecd.7096
Ecg.9716
dpy.2963
opv.9437
Taa.3086
msc.1663
fsc.2631
sch.485
scc.14031
spe.26048
Taa.9334
msl.32608
scm.9298
ecm.820
sct.196
msl.263
Fsc.2389
taa.10606
hym.4308
Ecg.3635
scc.43
ecg.6671
opv.4360
Ecg.8641
tae.7792
msl.48201
spe.1835
dpy.1522
ecd.454
trc.20819
sch.9223
ecd.1029
msl.39376
scs.14087
opv.904
msc.1868
msl.23569
ppx.8533
Fsc.1883
tas.1242
taa.3608
scj.5233
htf.9641
taa.11641
ppx.28063
tas.5634
scj.12459
opv.2236
scs.18920
dpy.13586
opv.15115
scw.19648
msl.5469
hym.7517
dpy.15089
scj.10477
spe.36939
scw.23994
ppx.1047
spe.11849
cln.6924
ecm.2693
Fsc.18445
msl.48281
scr.19000
ecm.7661
taa.1112
scr.5077
ecp.2191
msl.36154
taa.11737
gys.9945
scc.4403
ecp.10707
msl.42517
ecg.5594
taa.6458
fsc.8197
Ecg.8328
opv.4425
trc.11982
sct.13694
tas.8816
msl.39974
scw.7145
dpy.7451
scw.19360
msl.4416
msl.16464
scs.439
spe.23551
cln.6770
hym.3025
hyn.10706
ecg.3616
taa.2331
msl.58941
ecd.6819
ecp.4161
taa.373
hyn.8360
ecd.2973
scw.12539
msl.48444
ppx.17649
hyn.8046
msl.20222
msl.1352
ecg.11134
hyn.11999
dpy.10885
hyd.810
taa.8510
ecg.7961
gys.2197
Taa.7177
msl.57871
cln.9967
scs.3663
msl.46906
ecp.9250
msl.34998
tas.5427
scc.10179
ecg.7180
msl.37569
hyd.4829
opv.15442
scj.5557
opv.5160
msl.31620
ecm.7592
scc.11782
spe.27233
ecp.6698
Fsc.7914
ppx.2404
scr.1238
trc.9046
scm.7341
sch.4992
msl.29449
msl.34963
hyd.6377
spe.15612
sct.6289
ppx.689
fsc.13844
spe.19102
msc.7644
msl.15386
sch.4850
scj.5157
scr.4307
opv.13953
scj.10729
hym.11498
msc.7946
msl.48262
tas.3450
Fsc.29617
gys.10661
ecd.7786
opv.5713
ppx.5635
hyd.8958
msl.53751
sct.15632
scw.2067
msl.28885
scr.22582
ppx.37315
taa.2521
sch.6952
htf.1537
scc.743
msl.59563
sch.1197
sch.7108
scr.4322
msl.30214
gys.6352
msl.53848
scw.23752
Ecg.4725
hyd.2972
cln.9023
Fsc.19971
scm.9444
scs.5190
fsc.820
taa.11541
msl.27983
scj.2057
scw.12660
taa.8028
ecm.6692
scr.15587
scw.18581
scs.8818
msl.41910
scs.16437
trc.8558
msl.59897
msl.19775
spe.31403
taa.4770
spe.30017
msl.23066
msc.9767
tas.11596
scj.6968
ppx.35543
spe.28507
hym.10213
msl.48228
msl.43830
Ecg.8522
fsc.11539
opv.9368
hyn.6323
scs.8009
ppx.25154
gys.3648
msl.35966
msl.55259
tas.4350
scr.14171
ppx.22323
msl.25842
fsc.9137
scr.22759
ecd.7297
sct.10422
scj.1633
trc.2485
msl.14825
msl.49870
hyd.8868
scc.14446
spe.37126
hym.11799
spe.32627
ecd.1231
fsc.627
fsc.12150
hym.7737
msl.4467
ppx.18895
ecd.417
htf.143
scr.16668
sct.18350
gys.527
scs.4692
msl.33110
Taa.4714
cln.7377
scw.13389
ppx.18482
tae.6735
taa.6517
tas.9106
sct.9337
msl.47540
Ecg.37
taa.4237
msl.36826
scs.15386
msl.18846
cln.178
Ecg.367
msl.55973
ecp.14791
scs.5773
ecg.4039
scs.12879
ppx.30503
ppx.32927
msl.4231
ppx.22922
msc.3941
scr.9563
tae.11195
hyd.7634
spe.14898
ecp.1136
cln.10868
sch.2162
msl.12841
scw.24083
sch.5665
taa.3829
hyd.6283
msl.34649
spe.20216
ppx.37211
taa.3324
scc.4567
tas.7075
spe.28529
ppx.3626
scs.13050
ecd.6599
Fsc.8207
scw.14387
ppx.13024
scm.11604
scc.4191
scc.12385
ecg.1497
cln.898
ppx.151
Ecg.8537
ecd.4739
scr.3583
ecg.6484
ecm.5080
spe.27147
taa.12544
scm.5108
msl.32582
opv.5706
Fsc.722
tae.7078
hyd.489
tas.6419
cln.10705
scm.6237
scc.13690
ppx.33072
ecd.5707
spe.29049
scc.17158
scs.15648
tas.7132
msc.4290
cln.2444
tas.9
ecp.8091
tae.9957
msc.7681
ecp.12424
spe.14547
taa.734
trc.678
sct.5983
msl.49322
sch.2659
tas.5278
ecd.5143
hyd.9178
msl.1770
htf.2440
cln.4763
hyd.4989
ecp.14317
ecp.15899
Ecg.1336
msl.28059
scm.4825
msl.60457
Fsc.32299
opv.3165
scj.4290
gys.4604
ecg.788
scr.13900
msl.47152
scc.17395
scw.12261
msl.33916
ppx.15069
msl.38197
scm.2028
tae.3602
fsc.908
hyd.1817
spe.9735
msl.7252
Ecg.2439
msl.20411
spe.9241
scr.8498
msl.49083
tae.850
taa.12826
ppx.36808
scc.6829
hyn.5020
msl.1270
ecd.5091
scc.13669
msl.97
scr.10343
spe.26424
msl.17167
scm.11548
msc.1325
msc.6020
ppx.25708
scw.5989
scm.302
Fsc.27220
Taa.2271
tas.9266
scw.12272
tas.11888
Taa.988
msl.50632
msc.5738
spe.12130
scj.8595
ecm.3282
htf.6023
scw.169
tae.12336
taa.11851
dpy.1173
Fsc.1264
msl.23278
msl.48421
spe.27468
sch.9524
hyd.3560
trc.4887
ppx.794
gys.14226
htf.6916
scw.18873
ecp.9857
ecp.3549
tae.1599
spe.33454
sch.9920
msl.7725
ecd.1967
ppx.26964
ppx.4769
msl.54776
gys.4732
spe.23747
spe.23969
Taa.4045
tas.12605
fsc.2591
ecp.3815
ecd.2791
taa.11767
htf.7689
ecd.9483
msc.2004
opv.7609
spe.29527
gys.7211
ecm.1002
msl.54983
msl.47035
dpy.10867
ppx.26753
taa.4310
fsc.9993
scm.5462
msl.35568
ppx.1997
ecd.3729
hyn.7169
msl.16416
Taa.6169
msl.54049
spe.9188
ecm.373
hyn.10731
msl.45781
fsc.10783
ecm.3271
Taa.986
msl.17990
tas.8781
htf.3018
hyn.1895
scr.499
scw.6029
msl.19273
tae.2652
taa.1732
hyn.6884
hym.2219
msl.41621
ecm.9953
scm.10653
msl.9058
sct.18773
msl.13283
taa.4622
msc.9621
msl.8426
taa.10966
scj.12074
ecd.7553
htf.1523
taa.10498
cln.7427
Fsc.28589
ecd.9033
ecg.9946
Taa.8438
hyn.2423
msl.56138
msl.6293
spe.32575
sch.6358
scc.5576
msc.5505
msl.6708
tas.10230
sch.2285
scs.19160
cln.9517
msl.47042
ecd.5920
ecg.7232
msc.3521
tas.9820
msl.18346
Ecg.9349
Taa.2230
tas.3874
opv.8733
htf.2060
tae.10062
Taa.7489
Taa.5156
scc.9540
ecd.1658
tae.10508
scw.8473
msc.439
trc.7441
ecd.5189
scw.25732
opv.4870
scr.13194
msl.14350
hyd.8323
msl.18172
ecp.8611
cln.5716
msc.9804
msl.240
htf.3659
ecg.1859
hyn.3289
spe.21821
msl.52422
hym.7083
Taa.6766
opv.198
gys.6367
sct.11306
msl.60285
gys.13539
scr.3527
tas.10921
dpy.19216
msc.7168
dpy.18341
sct.20339
msc.4514
msl.23534
ppx.14948
spe.12848
taa.684
dpy.19055
ppx.26261
trc.16311
tas.6171
tae.11044
sch.5272
ppx.8977
scc.18743
ppx.17177
trc.4989
scs.20097
hyn.7626
ecp.10132
msc.8809
scw.21997
sch.557
spe.33772
spe.14093
scr.3730
msl.54206
htf.10149
tae.2702
spe.34133
scr.10095
ecg.5809
ppx.16567
msl.25507
ppx.3241
trc.719
ppx.34333
Fsc.617
msl.16677
trc.18242
Taa.9974
ppx.33199
spe.28620
ecm.2338
ecp.219
opv.96
msc.7216
msl.18400
ecp.9472
tas.11350
opv.14262
cln.10769
Ecg.8928
scs.8302
ecm.5709
htf.3776
spe.28273
spe.23103
hyn.8592
spe.7072
scs.15864
sct.21424
tas.10385
scw.16439
tas.12264
spe.21406
spe.38371
scs.6529
taa.3452
msc.10558
fsc.81
ppx.22744
spe.369
trc.915
ppx.31900
sct.7052
scs.17271
msl.18686
Fsc.7543
msc.120
trc.10377
Fsc.27667
Taa.5266
ecp.3574
htf.10508
scc.3246
ecm.9286
taa.10583
sch.3577
scs.19496
taa.6698
scw.25190
tas.9424
scw.3907
scc.19698
scr.20920
sch.60
Ecg.4421
scr.1455
tae.3157
opv.1116
ecp.13400
scm.10292
msl.217
hym.1200
opv.16013
scs.6470
cln.9747
htf.5823
ecp.5124
opv.6338
scr.24050
spe.32306
tas.11051
scc.5785
ppx.24849
trc.15440
dpy.18919
gys.8625
hym.7561
msl.40761
smm.296
sct.22248
Ecg.3114
hyd.658
spe.24817
scc.3213
dpy.19347
msl.27095
tas.5090
scr.5288
Fsc.14779
taa.7901
hym.1237
dpy.15773
trc.8678
ecp.10223
opv.2504
htf.5382
tas.1411
tas.8374
ppx.29254
msl.36439
spe.10017
hyn.11525
spe.16645
ecg.2758
Fsc.9428
Fsc.15060
Fsc.16283
scc.7447
spe.36480
gys.13318
Fsc.28584
opv.8823
spe.10097
hyn.1660
hym.5708
sct.16743
Fsc.25582
scc.22587
hym.510
spe.18851
ecp.2253
scj.10041
gys.11364
hym.6960
scc.15790
scs.20048
scs.3377
ppx.3309
scr.19460
scm.11316
scr.1370
Fsc.6013
spe.28447
trc.12135
scc.17883
Fsc.6057
hyn.9499
ppx.18171
ppx.17181
scr.17489
ecm.5166
scj.6926
scw.20653
opv.1209
scj.7197
trc.8592
dpy.11224
spe.2366
spe.2258
spe.19172
ppx.21189
htf.3837
msl.44245
Fsc.30060
ecm.6976
scs.18935
fsc.9882
ecp.17066
dpy.15460
hyn.268
Ecg.9684
trc.2147
scw.12960
tae.10905
