

trc.13172
msl.58295
scj.11450
msl.16988
Fsc.21490
sch.2869
scc.7532
Fsc.27130
Fsc.10242
scr.8188
Fsc.18852
scr.16064
scc.3463
scr.6733
sct.10066
scm.10345
Fsc.5140
Fsc.9436
sct.12701
Fsc.31878
spe.31211
hyn.11274
ecg.3917
scj.2553
scw.10820
Fsc.17512
scc.7225
scw.12316
spe.4040
spe.1113
msl.10821
smm.191
dpy.14457
Fsc.15292
scc.8226
smm.577
Fsc.12343
scc.15721
scr.21329
Fsc.3228
scj.1674
scw.3060
gys.8784
ppx.8914
ecg.5021
Fsc.32127
scc.5925
msl.46820
hyn.1640
spe.22211
sct.17341
scc.12610
scw.1825
spe.16620
scr.18054
hym.4135
spe.15461
scc.22617
spe.15097
hym.10001
dpy.1128
trc.17083
opv.5019
Ecg.772
scm.2397
spe.27741
ppx.35450
fsc.10844
opv.13753
hyn.13121
scs.17596
ppx.14867
msc.8383
scs.6466
msl.56690
trc.11601
scr.11162
Fsc.11273
ecd.5621
msl.48880
ecp.6613
gys.13891
hyn.6486
dpy.7637
sct.9627
msl.39461
fsc.5204
ecg.1757
hym.12362
sct.7961
scm.3217
ecp.17605
Fsc.23679
ecg.8694
ecp.8005
msc.4100
htf.150
msl.10056
scc.10138
taa.11384
taa.10681
scc.4851
tae.7377
spe.16851
ppx.29107
msl.55269
ecm.36
ecp.4762
sct.1601
msl.54488
msl.23805
taa.3027
Fsc.22959
ppx.29572
sct.13773
msl.42314
ppx.901
trc.3292
ecg.5605
gys.2037
scw.15276
msl.56274
msl.12355
msc.2418
msl.26611
msl.35962
taa.7906
msl.38930
scr.15013
scr.4208
gys.5386
msl.60033
hym.3047
trc.152
taa.5893
scc.16953
gys.5265
gys.8983
taa.3724
trc.13595
ppx.28712
scw.14957
msl.15060
msl.24768
hym.40
smm.404
opv.11854
taa.3186
msl.52766
tas.980
cln.5021
hyn.9454
fsc.12054
ecm.8066
hyn.238
scj.3028
scr.7642
taa.7943
scw.1617
tae.4071
scj.12065
msl.27602
htf.11077
ecm.7166
hym.5231
msl.6302
ppx.10776
sch.3761
ecm.635
sct.11514
msl.26877
tae.3805
cln.1799
ppx.14638
scj.10995
msl.15098
fsc.1963
scj.9046
dpy.15863
msl.23370
msl.50
cln.13516
Ecg.8966
cln.4947
sct.10976
fsc.1562
msl.15655
sch.519
Fsc.25657
ecp.583
dpy.5254
ecd.4213
scw.15543
Fsc.14474
gys.10433
htf.2237
htf.63
scw.1103
cln.13010
ecg.9986
msl.51278
ppx.19758
tas.13148
msl.33018
scw.1887
scr.3183
ecd.2688
sct.6053
msc.2843
ecg.5552
scr.18552
dpy.5041
ecd.4080
htf.4983
ecp.2691
cln.330
spe.11891
msl.40495
ppx.29721
opv.1281
hyd.1198
scr.13265
taa.9772
ppx.20149
opv.7738
opv.7370
spe.20318
trc.3517
spe.2877
msl.44060
hyd.2450
Ecg.9148
scw.3896
msl.23555
ecd.654
scm.8250
fsc.8952
ppx.31163
msl.14933
tas.2821
taa.6641
scs.16416
fsc.8151
scr.12983
msl.52703
ecd.1357
msl.35044
gys.3510
scc.1700
ecm.8004
msl.19651
hyn.9140
ecp.275
gys.9422
ppx.25038
fsc.3830
ecg.9437
msl.37640
scc.10632
scm.5882
msl.11881
dpy.16554
scs.538
Taa.4063
msl.20856
sct.14098
scs.1292
ecp.5889
scs.5275
taa.7074
htf.3486
Taa.2149
cln.10127
scr.21791
ecp.9902
scs.15375
scm.3355
smm.3881
opv.8635
ecd.3663
hyn.4373
msc.5377
msl.19066
opv.1236
hyd.1164
ecd.6350
msl.1156
htf.2919
Taa.6200
msl.29036
fsc.94
scc.9406
hyn.10711
ppx.22838
ppx.27003
hyn.7212
ecd.6804
ecp.17956
msl.39256
msl.33071
ecm.8291
ecp.14224
hym.3420
msl.42883
sct.22603
hyd.9540
hyd.10610
tas.1606
htf.1598
hyn.2741
taa.3145
tas.11710
scm.4933
scs.4045
ecg.4017
scc.17806
hyd.2020
trc.20713
opv.2682
taa.7092
msl.35814
tas.6602
msl.42684
tae.3578
dpy.18579
htf.9782
spe.975
hym.12027
hym.9971
sct.9263
taa.12090
ppx.14622
scw.271
cln.5302
ppx.35129
cln.12140
tae.5115
gys.676
trc.3609
msl.39415
htf.1359
Taa.3409
fsc.1126
msl.52689
msl.33347
sch.5178
scs.6255
smm.715
ecd.2072
msl.56960
gys.4842
msl.21619
htf.4883
msl.50013
hym.8991
ecm.2062
Ecg.2409
tas.441
sct.17547
fsc.14439
taa.5515
htf.9448
fsc.10017
msc.9986
msl.7495
tas.6471
taa.9476
scm.6216
ecm.7871
Fsc.2818
sch.12574
cln.12686
scs.5471
ecd.2557
scs.8201
taa.9089
ecg.5910
msl.9790
ecd.928
scm.1585
sct.2187
ecp.6908
msc.42
gys.1119
cln.9049
htf.7071
sch.1968
msl.13498
tas.10038
scs.17347
hyd.9112
trc.8126
scw.11975
msl.50176
fsc.9711
ecm.2269
msl.6515
taa.422
taa.7118
msl.40507
taa.3178
sct.6484
trc.2959
gys.9578
ecm.1365
msl.50498
scm.8538
msl.13209
Taa.3556
gys.8788
opv.13621
ecd.5528
ppx.10643
ecm.8834
ecg.8939
taa.6366
msl.14113
msl.1620
scr.4532
msl.30063
ppx.17834
opv.9815
msl.14831
tas.676
scc.8810
scs.17684
cln.6186
scr.12863
taa.10556
tae.10828
htf.2982
scs.18615
scj.635
msl.31807
msc.4839
scc.17797
msc.382
ppx.21990
Taa.1840
dpy.8830
scr.325
msl.9154
trc.1457
spe.33035
Taa.5448
msl.20500
scr.23867
scw.3086
Fsc.11510
ecp.14926
msl.32254
sct.19378
scc.8359
scs.9823
taa.3318
Ecg.1619
trc.12075
msl.57709
msl.12926
msc.6448
cln.7133
scc.5435
tas.8307
ecd.4036
msl.35084
hyn.1228
sct.20718
ecd.4584
hyn.218
tas.11746
scc.14582
msl.59205
msl.23167
ecd.1360
scj.3743
Taa.4720
cln.8176
trc.12850
msl.40698
hyn.13049
ppx.16387
taa.100
hyd.3354
hym.4049
ecp.6714
ecg.7684
cln.973
cln.58
Taa.9214
msl.959
ecp.9162
spe.539
ecd.9353
ecp.15678
hym.7900
Ecg.6106
spe.12944
ecg.9604
msl.28519
htf.5215
scm.4719
msl.42218
tae.1562
cln.1185
scr.12527
Fsc.6405
opv.16209
gys.14008
Ecg.8747
scs.11694
taa.1190
scj.9459
scj.5422
ppx.20050
trc.12185
msl.58390
taa.4402
msl.14897
tas.4739
cln.7886
sch.4514
scm.7065
taa.9819
msl.31944
htf.10676
cln.7724
scc.11242
taa.3381
spe.32017
Taa.6972
hyn.12002
ecp.12201
hyd.10823
Fsc.4494
scs.3078
scc.16171
msl.8445
taa.11014
ecd.7531
dpy.16097
trc.6743
trc.9889
hym.10986
taa.7204
msl.43906
tas.12342
sct.17315
hyn.5185
fsc.5674
msl.42673
opv.9765
hyd.8529
htf.8756
htf.10317
cln.2262
tae.4822
ecm.1097
scs.13545
Fsc.11283
cln.10072
opv.10031
scj.2825
scc.3189
ecd.4567
msl.39792
ppx.7774
hyn.13417
spe.23924
scs.14412
msl.47388
Fsc.6338
scr.267
htf.2784
spe.29137
fsc.4611
msl.43540
ecd.706
msl.45920
sct.17507
msl.3946
msl.15199
msl.6071
ppx.4192
scc.12752
cln.8561
msl.54826
msl.11043
ppx.24616
scc.17604
spe.12078
ecd.1123
ppx.957
scs.12001
Fsc.7093
scr.4606
scj.11020
msl.6566
smm.2025
hyn.11457
ecp.9783
msl.25766
msl.4282
fsc.5098
fsc.12423
scr.13742
ppx.30217
msl.20985
scr.2687
sch.4607
Fsc.27068
Taa.9718
msl.3753
ecd.5590
msl.31681
Fsc.11982
scj.10915
trc.6891
msl.10576
msl.8335
scs.14826
msl.36257
taa.9482
tas.1496
hyn.9894
ecg.8571
msl.54617
trc.13651
ecd.5266
msl.1085
dpy.9443
gys.4742
hyn.4016
ecd.4292
msc.2547
sct.22873
ecp.564
ecm.291
sch.8106
hyn.8231
scs.4416
scw.20524
cln.5518
scm.7716
Ecg.5248
htf.1162
msl.29297
cln.8515
scs.13526
msc.5540
ppx.35146
scj.9018
taa.10180
msl.8291
trc.2396
ppx.11928
ppx.20358
taa.130
msc.8483
ecp.11887
msl.18928
ecm.10097
Taa.4840
msl.9112
ecp.11746
scc.5381
Ecg.7251
ppx.13380
gys.2912
ecd.9661
ecp.4617
hyd.700
msl.36028
scw.1938
cln.9333
msl.40323
ppx.19767
tae.8123
taa.7238
Ecg.9065
ecm.3970
ppx.36023
taa.8724
msl.28894
hyd.8620
msl.58529
hyd.528
ecg.4949
scs.18195
hym.5095
cln.8366
taa.1958
Fsc.29441
scc.14548
sch.9989
ppx.14387
Fsc.19022
msl.43890
scc.1517
Ecg.10202
Fsc.31263
trc.20486
msl.30841
cln.8750
msl.36656
dpy.7269
msl.27994
ecd.2276
scj.4480
msl.20300
sct.20389
scw.19203
msl.14961
Ecg.1597
Ecg.5929
ecm.8981
tae.2400
msl.26888
scm.8490
spe.7491
msl.8993
gys.1964
sct.7922
scm.4754
ppx.23358
Taa.2228
tas.3841
msl.58725
ppx.34571
tae.652
msl.45871
ecp.1017
scw.1547
tae.3730
msl.53565
ecp.16336
dpy.2310
scr.3048
fsc.8916
ecp.10689
tae.12326
msl.48548
trc.15766
taa.12675
tae.11206
trc.12101
spe.24750
Fsc.631
scs.13914
scc.5270
spe.30783
msl.11573
scs.14587
spe.26782
scr.679
sct.3105
ecg.859
opv.1268
hyd.2607
hym.7701
msl.38973
spe.28743
msl.31406
scs.16745
msl.9893
msl.41527
hym.3820
msl.33105
scs.4723
msl.18005
Fsc.10937
hyd.7158
hym.10015
opv.15504
msl.60301
hyd.9065
trc.5158
tas.12800
ecm.7480
trc.8168
msl.54379
spe.29226
hyn.8734
scs.8134
Fsc.11777
taa.2133
Ecg.7143
Fsc.28777
Fsc.24331
msl.59486
scs.20089
msl.16266
sch.4727
scm.11707
cln.8113
opv.9329
sct.22076
htf.8075
ecp.16955
scs.14008
sct.5491
tas.4397
scm.8041
msl.31640
taa.12664
hyd.1457
scr.3928
trc.6274
opv.990
hyd.381
msl.22461
scc.4575
sct.6309
scw.12892
dpy.14413
sch.3882
sch.11759
Fsc.32950
fsc.12942
taa.10317
cln.9730
spe.4399
spe.2566
ecp.590
scj.8849
ppx.12881
taa.11361
Taa.7899
Ecg.2843
cln.2080
ecp.4812
spe.8135
scw.5253
ecm.525
cln.4785
scc.19571
dpy.12029
hym.8539
sct.8642
msl.29328
opv.942
tae.5750
spe.4526
htf.8919
scj.2892
ecg.722
ecd.2523
ecm.24
ecp.14582
msc.2958
msl.24814
dpy.6928
ecd.4435
Ecg.1888
scw.7652
Ecg.3033
sch.9622
msl.8789
scj.587
msl.49335
tae.1783
cln.9134
dpy.4975
scs.1229
scs.12005
scc.19314
ecg.8114
cln.1287
Fsc.15556
scj.5245
scw.8944
cln.11673
spe.11955
ecp.14794
tas.7030
sch.809
msl.44567
Taa.1454
ecg.1632
ecd.1286
dpy.8717
msl.27103
Taa.484
tas.6717
ppx.35239
msl.12074
sch.4122
ecm.7758
tas.12146
scs.16153
spe.15476
sct.9110
spe.36441
scc.12375
Fsc.25201
ecg.7038
ppx.2160
msl.47446
hyn.6558
scc.10040
msc.4619
opv.6314
dpy.10305
trc.7630
ecp.10240
ecp.12053
fsc.8494
Taa.4978
tae.12198
scm.4982
ecd.4376
scw.14317
scj.8987
scw.20708
scr.13250
ecp.13391
scw.17568
scc.463
fsc.11651
hyn.5936
ecg.6951
msl.1403
fsc.7250
taa.11676
scw.8571
spe.23959
ppx.31274
spe.7979
sct.3130
msl.53608
fsc.12704
msc.4751
fsc.9968
sct.3481
scm.10895
opv.12781
spe.23328
Ecg.2139
gys.12169
ecg.3054
fsc.12760
scw.7532
hym.8890
scw.17337
spe.22221
sct.13257
taa.11622
hym.9872
ecp.10106
spe.4790
trc.21996
spe.8584
trc.3095
hyn.10441
ppx.8185
spe.8
smm.2308
scw.9943
spe.26665
spe.33812
cln.5874
ppx.27317
Fsc.20425
trc.10426
fsc.5110
msc.3351
ppx.37218
tas.4740
ppx.33676
htf.11373
msl.30936
ppx.25707
Taa.2678
scj.4087
scm.5536
ppx.8659
opv.14389
opv.3956
msl.4580
ecd.6727
fsc.15153
ppx.17839
hyn.6918
scs.14423
scw.330
tae.3481
spe.36837
scs.10464
trc.17527
scj.10067
sct.21248
spe.5349
dpy.19054
Ecg.4533
Taa.2757
opv.8539
scj.2946
ppx.21353
fsc.9614
spe.21428
tas.7119
scc.15785
gys.8008
scw.10459
hym.1281
dpy.14229
msl.2631
spe.16302
spe.1118
ppx.14858
spe.17010
taa.12160
sct.22854
trc.103
scr.4725
spe.24312
scc.11055
scr.6876
sch.6211
scj.12589
ppx.31664
dpy.17894
ecp.8443
trc.253
hym.10138
Fsc.7819
scs.8213
scw.13367
smm.623
dpy.15955
scr.23030
msl.36273
ecg.2530
scs.1979
Ecg.2678
ecp.18232
hyn.13669
ppx.11737
fsc.11581
dpy.11682
sct.6795
hyn.9523
Fsc.14083
scc.6342
opv.15014
ppx.32893
tae.3779
gys.10132
scr.11762
trc.5882
spe.24816
ppx.22112
ppx.22869
ecm.9947
sct.4386
scs.15574
ppx.19106
spe.21743
Fsc.17403
opv.10483
scm.1068
tae.6578
spe.9932
ecd.10894
scw.9606
scr.23757
ecp.1685
ppx.25809
Ecg.5859
sct.10990
Taa.7780
opv.6193
ppx.29552
ppx.35389
ppx.13310
Taa.8831
msl.17175
ecg.8481
spe.19132
gys.10390
ppx.9670
msl.53975
ppx.3640
ppx.4652
taa.884
msl.14998
spe.17510
ppx.20008
Taa.7771
ppx.14773
msl.4274
scw.6031
hym.8875
Fsc.14791
msl.50886
ppx.13656
ecp.15640
spe.20209
spe.8897
msc.4354
opv.14588
scw.10809
ppx.3026
msc.4355
htf.7633
gys.250
ecp.17857
scc.6903
scw.279
msc.4087
gys.11489
scr.21414
ppx.20544
scr.23255
scc.6893
Fsc.6222
spe.6296
spe.34081
cln.7760
ecp.941
opv.13097
scw.13717
scm.10629
scm.10280
Fsc.20854
ppx.7760
gys.5664
scm.11135
msl.58983
