

scs.18394
tae.10198
msl.3818
msl.12753
Fsc.19189
Fsc.10177
Fsc.9417
scr.11354
scr.2679
Fsc.3020
scr.21992
scr.5149
scr.16069
scs.9478
Fsc.4892
scw.26009
scw.4406
Fsc.31784
Fsc.2871
ppx.18057
scw.21931
spe.7986
scw.21282
spe.6418
Fsc.8733
scw.22408
scc.713
Fsc.32544
Fsc.14277
sct.12281
Fsc.23315
spe.35545
Fsc.33370
scr.962
gys.8271
scc.7581
Fsc.24272
scc.21195
Fsc.21997
scc.6916
Fsc.25808
scc.12479
ppx.12268
dpy.19251
Fsc.11770
scw.18528
ppx.34030
scr.23442
hyn.9594
scr.6376
scc.4517
ppx.18652
spe.38478
hyn.13101
scs.17328
htf.9151
ecg.857
scs.179
smm.106
scr.18221
dpy.17523
ppx.30401
ppx.23337
opv.3109
taa.10741
ppx.11045
sct.3696
Ecg.6457
trc.422
ppx.25364
spe.4540
hyn.7899
ppx.1331
ppx.6894
scc.14064
scs.19141
ppx.29806
opv.800
msl.14487
dpy.323
trc.9045
ecp.5967
taa.10177
sch.9532
taa.9542
scj.12476
spe.29257
ppx.4331
hyn.2704
scs.19654
msl.21868
msl.14540
scc.14788
spe.20324
msl.52584
msc.1057
Ecg.4564
sch.5220
tas.11925
tas.3960
dpy.18391
ecp.5170
scs.18219
spe.8164
ecd.5132
scs.1821
tae.818
opv.1937
spe.22139
cln.26
msl.55146
scj.962
scs.6670
ppx.10182
sch.7341
msl.52126
fsc.1815
scs.17011
htf.1815
taa.3692
gys.6054
ppx.10054
scw.17816
ppx.6866
scs.6215
taa.11093
dpy.9452
htf.6084
ppx.24365
hyn.9663
hym.4797
ecp.15266
tas.12802
Taa.3266
fsc.10791
ppx.26847
cln.9263
cln.2458
ecd.5629
ecm.6615
scr.15503
tas.8654
smm.3798
hyd.7097
opv.6374
taa.8029
scr.19658
msl.2635
ecp.11950
spe.1288
scs.6965
gys.13169
hyd.7226
sct.18746
msl.51763
cln.496
trc.4402
ecd.964
spe.20805
msl.32153
scc.101
scc.10655
ecm.4605
msl.4777
trc.6684
msc.2257
scs.10199
ppx.4608
scr.17616
Fsc.16257
fsc.4936
dpy.19514
ecg.8167
hyd.8512
tas.7784
dpy.18916
sct.17152
hyn.11883
Ecg.208
taa.9558
msl.47072
scs.14516
fsc.10293
msl.25061
fsc.9956
trc.5409
ecg.6061
scs.6264
Ecg.7560
fsc.3414
msl.12481
scm.3752
dpy.1309
sct.20135
tae.3821
msl.37094
msl.20725
sct.16093
scw.22506
msl.9988
msc.9464
scc.7331
tae.2589
cln.13194
ppx.36820
msl.13007
msl.33560
opv.6327
Fsc.20982
ecm.7867
htf.3350
msl.14891
tae.11066
msl.26732
ppx.9207
msl.46251
msl.4555
ecg.5928
taa.6045
hyd.2086
cln.1130
msl.39647
Ecg.9517
Ecg.3079
gys.9335
spe.30349
fsc.9353
hyd.10716
spe.33565
msl.36609
tas.4157
hym.12048
tae.3909
Taa.9283
hyd.8967
ecp.18460
scj.10944
msl.12579
ecd.2161
trc.3134
msl.17725
msl.28811
ppx.31087
msl.19752
spe.4038
gys.5584
opv.10
spe.38254
hyd.7289
msl.15683
spe.32663
msl.44447
sct.15560
tas.192
hym.1992
cln.2802
msl.11164
hyd.644
sct.15486
msl.14104
scs.12139
hyn.13004
dpy.1637
gys.8922
spe.19597
spe.37819
scm.8067
ppx.9245
scs.17699
hym.9710
hym.4985
msl.1220
msl.277
ecm.10490
ecg.660
spe.35087
tas.1450
ecm.7341
ecp.13460
msl.58607
sch.4647
scs.2882
scj.5018
tae.9731
gys.6987
msl.19510
ecd.4273
fsc.14841
cln.5040
scr.16644
tae.2897
ecd.7660
ecp.7135
tas.10058
ecm.463
msl.14264
sct.9292
opv.2834
msl.17764
tae.3678
htf.6724
scw.812
ecp.11459
spe.26776
scc.8732
msl.20252
scc.20738
tas.2542
hyn.10055
scm.262
ecd.2507
ecd.1036
ecg.1539
hyd.10327
msl.60004
tae.6090
ppx.36384
msl.15532
scj.6279
scw.9110
tas.3389
scs.1365
msl.19807
sch.995
msl.22237
smm.852
scr.1484
msc.4550
ecp.4726
tas.548
ecg.8170
ppx.32416
tas.7797
spe.29506
spe.22865
opv.11483
ecp.3416
msl.24614
ecp.14680
ecm.7315
scs.10787
scr.9774
sct.3187
tas.6286
msl.42202
ecg.5377
tas.490
fsc.3404
scj.12264
scm.3744
fsc.10463
dpy.5778
tas.6015
ppx.15890
Fsc.9307
Taa.7907
spe.17789
dpy.13261
Fsc.9226
scj.12619
scj.6699
msl.46732
ppx.12011
scm.10017
ecp.4067
msl.39526
ecg.5540
tae.5729
scr.22888
ecp.11990
scs.2120
ppx.6952
hyn.3263
tas.3703
sch.1182
msc.4084
spe.23641
hyd.7932
opv.15603
hym.1738
ecg.10300
msl.35843
tas.3330
ecm.6251
sct.13426
ecg.4476
sch.5599
scc.18308
taa.11477
Fsc.17204
trc.11327
Fsc.5255
spe.13400
Taa.8335
taa.10219
Fsc.16070
scs.791
ecp.13676
msl.27346
taa.6967
msl.31271
msl.41004
gys.2293
msl.58003
fsc.15738
spe.9230
dpy.13030
scr.21970
sch.9911
msl.17783
msl.1988
scm.9543
msl.26127
scc.18011
ppx.16442
fsc.4608
msl.16514
msl.33778
msl.20479
sct.17510
msl.2000
scm.7756
fsc.1850
ecg.3069
opv.12240
ppx.33701
spe.26130
spe.5324
spe.31506
dpy.11464
hyd.6263
hym.43
hym.7955
sct.21855
scj.8681
hyn.3481
hym.1061
cln.2264
spe.35103
dpy.12399
trc.17667
scs.16216
Ecg.9855
msl.19999
Ecg.9440
sct.10379
trc.20476
Ecg.2080
msl.46872
ppx.23756
cln.13060
ecm.1817
hyd.5415
dpy.14206
tae.9293
scc.1587
hyn.7600
ppx.35182
ecd.1491
Taa.1559
htf.9307
scs.8543
ecp.14430
ppx.29617
opv.632
fsc.8016
hyn.4169
spe.33197
msl.40406
Ecg.8938
msl.20611
dpy.4513
tae.2182
htf.6381
hyn.12629
ecd.3013
hyn.5638
spe.19765
hyd.7621
opv.7270
taa.5271
spe.17950
htf.10608
ecp.3296
tae.11327
taa.10031
opv.10419
hyd.7078
sch.11500
msl.51111
scc.798
fsc.10948
hyn.10677
gys.9060
gys.12671
dpy.2666
opv.3946
msl.59595
scs.15077
msl.53926
scs.1753
scc.19309
ecm.1418
smm.720
scc.12399
ecd.4230
ecg.4167
msl.28384
msl.58219
scr.11374
msl.4695
hym.5802
spe.18906
msl.46084
ecg.9305
sct.3264
scm.4244
msl.10246
sch.490
opv.11100
hyn.6504
tas.11219
msl.8348
spe.700
tas.12461
dpy.15275
msl.57657
hym.2825
spe.35694
opv.9158
Taa.6548
ecd.5283
tae.2140
sch.6855
ecm.272
tas.4148
fsc.3880
scr.4214
spe.22330
msl.22305
msl.55384
ecp.3189
msl.16315
scw.8269
msl.37532
scc.10149
hyn.3752
msl.4603
ecd.3135
tas.4960
htf.4176
scm.6514
Taa.9265
msl.49708
trc.4465
scw.2619
ecp.2222
msl.60447
msl.56066
sct.7285
scj.8661
Taa.7059
spe.24302
trc.2085
msl.18324
scc.976
Taa.2216
ecm.10644
opv.12562
ppx.32799
Ecg.4551
scs.5685
hyn.2967
Ecg.953
msl.14782
htf.2445
scw.21082
gys.1649
ppx.14571
ecd.10255
msl.27935
scj.3970
hym.7531
scr.14637
msl.33632
tas.6595
tae.18
scw.12958
scm.2988
Taa.10166
msl.14476
msl.24683
scc.8293
msl.43196
spe.25216
hym.2018
scs.4058
msc.6856
msl.34439
msl.32548
msl.55803
scc.19349
spe.34538
msl.38137
msl.9410
ppx.15790
ppx.17936
msl.7070
sch.1384
Fsc.2026
scj.1086
msl.18010
msl.24079
ecd.6493
msl.17154
scj.8406
tas.9165
tae.11309
scs.6068
gys.5066
gys.5849
scr.13069
hym.10697
spe.33754
ppx.5400
spe.1754
sch.49
scr.13345
msl.19661
ppx.885
scm.10164
gys.1864
scw.23240
htf.4104
msl.34319
scm.10245
taa.12850
hym.11430
ppx.7794
scw.25316
ppx.4637
tae.5185
scj.5568
ppx.3200
opv.5944
trc.18248
msl.49469
scs.8425
scm.9207
dpy.3802
msl.60292
dpy.4797
msl.59879
Taa.3858
dpy.2654
msl.34976
tas.295
spe.12337
ecg.6874
htf.7403
opv.6781
ecg.8843
scs.16256
ppx.15037
msl.39870
msl.9467
Taa.4298
msl.9875
cln.6094
msl.56084
scw.1152
taa.10599
opv.9410
ecg.1043
spe.29118
scc.20939
Fsc.27176
msl.57471
sch.8747
taa.9805
ppx.18334
tae.6621
scj.12574
Fsc.16941
msl.6621
msl.45298
Taa.7201
scc.10288
scs.12333
gys.7712
opv.2369
scj.9651
taa.1184
ecm.1237
msl.48545
Ecg.7004
scw.5643
ecg.9459
Fsc.1493
msl.5041
htf.10681
scj.12123
msl.22209
cln.8675
opv.9221
trc.11372
msl.37810
scj.10991
msl.37480
scr.4453
sct.14198
msl.10598
spe.20098
fsc.3019
trc.5048
cln.1751
msl.47056
msl.50275
hyd.3467
msl.40707
tae.2738
msl.24988
tas.11580
msl.47965
ppx.2971
tae.1747
sct.22162
trc.2584
msl.11328
Taa.5241
ppx.17379
spe.38614
Fsc.18463
dpy.9056
taa.1349
dpy.1054
ecm.9013
msc.8711
msl.50974
tas.12732
htf.2285
Taa.4534
msl.25444
ecp.10729
msl.33911
msl.46683
taa.6435
tae.11201
ecd.5774
spe.21449
tas.8467
cln.9485
msc.8245
fsc.6438
trc.3746
fsc.14133
tas.6541
trc.8519
msl.15315
sch.5447
opv.12617
cln.4368
hym.7
fsc.4061
htf.517
scs.7799
ecg.2626
hyn.2442
msc.7869
msl.37843
Fsc.5280
ecd.4635
fsc.8891
trc.18667
ecp.6606
sct.16276
hyn.1369
ecm.9250
hyd.6472
fsc.6541
scs.6197
msl.24949
spe.27839
spe.19680
hym.1679
ecg.7902
ppx.21181
gys.12340
ppx.23499
Fsc.63
ppx.23872
msl.27643
ecp.8975
msl.19444
scm.6151
scj.7444
cln.12937
tae.6430
msl.22690
msc.5673
scj.3391
Ecg.2521
ecg.9212
sct.17467
taa.5061
scj.12714
tas.7053
Ecg.5943
htf.5486
ecd.2640
tas.9458
scj.3550
ppx.4395
Ecg.9689
scw.589
scm.1612
ppx.22457
scs.989
gys.2164
cln.13201
msl.6489
hyd.10236
spe.32996
msl.14449
scj.2947
ppx.30050
spe.5491
sch.12253
opv.11086
ecm.3983
cln.6066
hyd.10666
htf.995
tas.12765
trc.1881
tas.9148
taa.9831
opv.2991
spe.20607
scr.5675
msl.51859
scr.1805
fsc.13704
gys.1981
scc.15183
scj.4111
sct.8842
ppx.28418
Fsc.1149
Ecg.5822
msl.24487
scm.7528
spe.33342
ppx.3057
spe.23865
msl.18745
msl.50654
dpy.6565
ecp.7183
ppx.29168
taa.10515
gys.6784
gys.7805
hyn.13170
trc.16813
trc.9867
trc.15917
msl.34602
sct.9908
gys.12744
ppx.15412
Taa.5725
sct.8713
msl.49941
tae.7627
dpy.15317
msl.53132
scw.19611
Ecg.7124
msl.30730
cln.439
scc.15616
ecm.6668
Taa.3571
msc.2538
ecm.3922
scc.988
sch.6492
msc.3105
cln.11092
msl.9501
ecg.9990
hym.5506
scs.11977
ppx.35612
spe.20153
dpy.12053
dpy.7774
ppx.6073
ecd.7275
opv.13471
Taa.5947
tas.855
ecd.3350
htf.8722
msl.57351
tas.11442
msl.58649
fsc.6449
hyn.8412
fsc.14100
msl.37738
scr.14156
taa.5820
scs.4179
msl.45098
Fsc.32236
scs.15259
trc.19345
msl.13544
tas.13029
Taa.1660
fsc.15551
tas.6446
htf.11298
scc.22489
spe.10299
scr.4440
msl.53612
scr.23590
scr.13987
sch.288
dpy.2424
trc.18329
msl.6444
sch.11015
taa.4120
dpy.18710
hyd.9667
ppx.20542
spe.2461
sch.11790
trc.7353
msl.27967
tae.8671
ppx.8935
msl.7364
scs.3715
scr.7228
spe.4994
ecg.992
fsc.8719
msl.28595
spe.31186
spe.17884
scr.21301
taa.9307
taa.2814
ppx.37267
fsc.6870
Ecg.9733
msl.12484
scw.15111
scc.3381
ecp.12430
dpy.12824
Taa.9958
scr.23552
spe.29054
tas.10901
fsc.15333
sch.9226
ppx.33389
dpy.369
spe.30967
scr.13768
tas.9052
Fsc.2540
trc.14046
ppx.6003
hyn.600
tae.748
msl.45764
ppx.10558
spe.434
ppx.32133
hyd.7325
hym.1957
Fsc.7418
sct.6984
trc.18997
dpy.16031
trc.18828
msl.3637
msl.19496
ppx.10554
scr.674
Ecg.1968
taa.4342
scs.1394
hym.11274
ppx.22500
scw.17392
msl.9640
scr.22132
msl.48472
msl.53379
gys.13306
scc.12270
Fsc.32716
scw.9821
trc.9541
hym.9807
dpy.3204
scw.26143
scr.14300
ppx.20038
scc.3014
opv.2009
ecp.3000
ppx.16642
trc.236
scc.11879
fsc.11799
taa.12082
cln.6056
ecp.2138
sct.146
fsc.5707
scc.3905
scr.9029
ppx.9074
ecp.12383
Fsc.19651
spe.33486
opv.4313
scr.7256
sct.18487
fsc.5461
scm.10961
tae.11027
msc.4863
scs.9068
Fsc.21453
opv.8142
tas.9778
Fsc.8444
spe.6124
ppx.2780
scs.19936
spe.3107
spe.1504
sch.9156
scr.21352
ppx.32811
ecp.10121
ecd.10615
msc.5041
msl.47089
dpy.5205
dpy.3724
msl.12343
ecm.5455
Taa.10028
scc.5393
spe.18558
msc.1798
ecd.1559
gys.7691
ecd.9472
hyn.13692
gys.8299
htf.2396
ecg.8721
cln.223
scj.9825
scr.20908
msl.38327
tae.73
htf.870
tas.305
Taa.8460
taa.5902
ppx.19651
smm.86
tae.11132
spe.17644
scm.7151
scr.24048
fsc.15612
spe.9759
Ecg.7918
scc.4556
hyn.6546
ppx.22676
ecg.2100
dpy.10822
ppx.28743
scc.19095
spe.23460
scr.23830
ppx.36631
scc.6016
taa.6468
hym.1726
Fsc.29279
scc.19176
scr.3314
ppx.4989
trc.18568
scm.4554
dpy.14958
spe.3329
trc.21873
gys.8069
msl.38336
Ecg.4673
scr.22808
opv.14343
hym.10627
scs.15309
scr.16084
ecm.3269
sct.3466
spe.16714
ppx.18909
ppx.20236
