

msl.21683
msl.26198
scj.2936
scw.8001
Fsc.23938
Fsc.25807
Fsc.5516
scr.21069
scw.9979
scw.10617
spe.364
ecp.11738
Fsc.10729
sct.8591
Fsc.16484
scr.21725
Fsc.9119
Fsc.14075
trc.15687
scc.14971
scw.18318
Fsc.11013
scr.21699
Fsc.8735
Fsc.30789
Fsc.13873
sct.20845
scw.6339
ppx.5979
Fsc.18240
ecd.8774
Fsc.32497
tae.7163
sch.2194
sct.2165
trc.21462
scw.12791
sct.15277
spe.24232
scc.16377
scw.11243
opv.2510
scw.1891
htf.8340
scw.2078
Fsc.19981
Fsc.12569
Fsc.11851
scw.22530
msc.5440
sct.4938
scc.19453
trc.6001
scm.6121
spe.11551
scw.8656
scr.22806
gys.5176
scm.3324
tas.10282
scr.19229
ppx.35057
ppx.4485
smm.2884
spe.9850
scm.11230
scw.16293
dpy.12443
hym.1917
ppx.34757
ppx.32613
hyd.10650
ecm.8224
hym.11168
spe.38155
ppx.34064
ppx.21630
spe.12733
sct.12120
msl.14929
ecd.2175
ppx.3310
Taa.5283
scc.8774
scw.345
sch.12562
msl.33729
hyd.10441
msl.34705
gys.14706
sch.12075
scs.2406
hyn.9159
ecp.2278
scc.12311
msc.1050
ppx.21427
tae.11406
scw.9086
cln.8121
ppx.37527
msl.36044
gys.6865
msl.29139
ecm.5606
sch.9190
msl.14810
ppx.3259
msl.33657
ecg.9265
sct.14924
spe.18358
sch.10422
scs.6679
ecm.9400
htf.6850
scr.10709
msl.31821
hym.8819
msl.29413
hym.3713
scr.7995
msc.6886
tae.725
scj.7345
scm.11669
scs.12266
msl.15359
scj.12220
hyn.10873
fsc.10428
scr.16653
scm.1254
ecp.5714
trc.1309
msl.12867
msl.58960
msl.5158
msc.9435
ecm.9879
scs.7655
tas.10148
scr.1394
hyd.466
ppx.2618
scw.24720
ecg.5500
taa.4861
ecd.4234
tas.8909
spe.1280
scs.16375
opv.10681
msl.9048
sch.11795
msl.51769
ppx.5571
tas.12252
spe.337
scj.11571
Ecg.1897
taa.10173
scc.14300
tae.8367
tas.12549
Ecg.1773
dpy.11694
fsc.13011
hyd.707
Taa.7943
scc.8122
opv.5147
ecd.2092
ecg.8163
Taa.3669
msl.54241
scs.9731
msc.10113
dpy.15283
Ecg.200
cln.9507
msl.33442
spe.20952
ppx.5484
msl.35721
ppx.30428
msl.49938
sct.12806
msl.47941
fsc.14770
tas.4705
hyn.3448
htf.1205
msl.20573
ecd.805
tas.3981
scw.15033
ecp.12348
htf.2642
htf.2421
ecd.11177
msl.38567
msc.8490
ppx.34436
spe.643
opv.8297
scc.4444
msl.33565
ppx.23333
sct.20243
tae.7802
ecp.13954
msc.2669
gys.13944
opv.3192
dpy.6646
tas.7141
msl.47165
htf.9794
Taa.7108
htf.8682
scs.18874
msl.39642
hyn.11333
gys.2456
tas.12306
opv.1744
cln.6738
msl.5898
trc.13039
scs.16818
ecm.4752
opv.12332
trc.7483
hyd.10693
msl.31053
scw.13364
scc.17543
scm.7618
scs.15230
htf.9729
cln.10786
spe.9429
hyd.7324
msl.45585
tas.962
ecg.7276
sct.10921
ecg.50
taa.2152
msl.15685
scw.7722
msl.44448
ppx.13676
Fsc.10341
hym.1998
ecm.1150
trc.10493
tas.12181
tas.7305
msc.4480
msl.52206
dpy.642
msl.29101
gys.8929
hyd.3314
scw.8900
hyd.8341
tae.5344
ecg.10123
msl.52078
msl.54801
tas.7380
ecg.3354
hyn.3532
msl.54570
Ecg.7628
spe.34169
opv.4589
scr.7397
sct.14761
ppx.7745
msl.15897
ppx.26438
msl.30860
hyn.2250
spe.24894
ecd.4278
msl.32217
cln.11772
cln.7497
scw.3709
ecd.7668
msl.6122
ppx.19286
ecm.464
Fsc.23435
spe.11715
cln.12893
ecm.7553
scs.19262
ecp.16814
ppx.35190
Taa.5917
msl.51368
scj.7634
spe.13332
ecp.15752
msl.16686
ppx.18660
opv.6648
msl.24502
msl.24736
sct.22493
msl.44437
Ecg.9540
scw.7179
scs.13793
taa.8486
scj.1488
ecg.8997
sct.15473
scs.14748
msl.3861
scm.2101
msl.46898
ecg.3718
sct.5440
hyd.9149
trc.9625
scs.5223
opv.13176
tae.3682
fsc.5508
Taa.983
fsc.3266
sct.22817
htf.7758
scc.1449
spe.29095
ppx.24547
scj.4244
hyn.7430
Taa.7459
ecp.13521
msl.42205
ppx.2413
hyd.4021
ecp.1722
ecp.3079
spe.2924
ecp.6361
spe.13641
scc.19746
sch.5755
msl.13426
scr.7030
htf.231
dpy.13265
sct.8795
Fsc.11436
ppx.10884
scc.9714
gys.7311
scr.6905
tas.9140
ppx.245
opv.8152
Fsc.26906
scr.1019
ppx.997
ecg.4964
scr.18091
hym.5073
cln.8306
sct.6412
msl.16596
scj.12
scj.8347
opv.15608
ppx.30318
hyn.11307
tae.8936
Ecg.9491
hyn.4122
msl.22287
msl.1684
msl.44079
cln.7986
tae.6824
sch.8032
ecg.8237
Fsc.20092
msl.23076
hym.1043
scm.632
msl.45591
opv.14934
gys.5025
tae.3133
ecd.8231
msl.31279
spe.21085
gys.4623
tae.1256
hyd.849
hym.11000
hyn.11230
sct.2485
Taa.9543
spe.39014
ppx.31250
Fsc.5680
ecp.6337
hym.8737
scw.17462
opv.12430
dpy.5493
Fsc.2601
taa.183
hyd.2499
msl.2005
scc.7083
fsc.1858
scs.5822
fsc.563
msl.43745
msl.59974
trc.15531
msl.16171
dpy.11461
hyd.6268
msl.8254
trc.2351
htf.3237
tas.4236
hyn.1438
hym.1069
ecg.1372
sch.7745
htf.3729
Taa.152
fsc.2730
spe.34529
scj.219
dpy.3835
Taa.4182
msl.60317
ppx.19887
scj.2189
msl.44692
fsc.2569
ppx.15609
scj.3347
Taa.5813
trc.6296
htf.10747
hyn.2544
msl.5044
ecg.3561
ecp.8696
scc.18772
gys.8306
spe.29203
Ecg.5814
opv.638
trc.11935
spe.26731
tas.4481
dpy.9070
scs.187
ecm.227
hyd.2011
tae.4011
htf.9832
Taa.5235
msl.46129
gys.2601
htf.11104
spe.29917
tae.2707
scs.16886
ecm.8736
hyn.7733
Fsc.9005
scw.8534
ecg.75
cln.8502
htf.9132
scj.5294
msl.51119
Ecg.5963
msl.25908
tae.3191
msl.59867
sct.8989
msl.16648
hym.6500
tae.11055
msl.53148
ecg.6012
sch.10969
opv.3087
ecd.366
ecm.4931
scc.12397
htf.9546
Ecg.7248
msl.31496
msl.58217
fsc.943
fsc.6846
ecp.887
spe.7325
msl.32228
hyn.6565
msl.56702
msl.38500
msl.10243
msl.32921
scw.24065
scs.1515
ppx.6012
sch.11370
sct.22644
hym.5745
sct.12202
scs.11559
sct.7894
msl.47609
gys.4497
Taa.6540
spe.35009
tae.11761
Ecg.7330
opv.7451
msl.57283
spe.16605
msl.7966
msl.46956
scs.231
cln.4327
ppx.21863
ecp.12909
fsc.14348
spe.16974
ecm.5068
taa.13257
msl.4609
scs.12066
hyn.13116
cln.4712
ecd.3570
spe.19489
scm.6986
scs.7360
scr.16264
Taa.8815
msl.2809
msl.48151
scj.12348
fsc.11119
cln.11755
scs.12112
msl.24592
ecd.1801
msl.10741
spe.28490
ecm.10642
scs.7489
msl.56923
scs.2338
ecp.12486
ecm.6468
msc.3934
ecp.5797
msl.13461
ecp.16321
cln.5974
opv.8301
dpy.6364
msl.27938
scs.9476
ppx.11844
ecm.8265
smm.867
msl.23853
taa.3623
msl.56402
scr.16840
spe.22780
msl.15701
msl.39029
msl.52937
Fsc.29154
ecg.4444
ecm.4819
dpy.5352
Fsc.33069
Taa.3305
scs.10667
spe.11352
spe.20611
tas.9275
msl.44704
fsc.11709
scc.11981
ppx.654
sch.7562
sch.1382
Fsc.2021
scj.9254
Fsc.6007
msl.24070
scs.658
cln.8562
cln.1211
htf.9120
scc.7454
Ecg.1357
scj.2701
scr.6199
spe.19735
Fsc.10188
Ecg.6708
ppx.35809
scs.16383
hyd.93
scr.8082
ecg.5264
msl.13241
cln.12571
sch.2678
msl.7715
tae.635
ecp.12457
hyd.2796
dpy.7375
msl.18704
scs.12165
msl.32466
scs.19545
ecm.9071
gys.8183
opv.14009
msl.33093
scm.9121
scs.7390
scc.11796
taa.3048
cln.10116
hyd.10556
hyn.11850
ecm.1039
msl.59877
ppx.1733
htf.10603
scj.9197
hyn.7458
fsc.9981
Taa.9826
Ecg.1933
opv.167
ppx.11054
scc.7417
spe.39083
hym.1913
htf.1061
dpy.2907
msl.9873
tas.7386
spe.3527
sch.12103
sch.8843
dpy.13249
cln.6071
tas.6599
ecp.15916
cln.2112
ecm.7911
scs.10537
spe.18541
tae.71
sch.3513
sch.120
msl.54312
msl.3569
sch.7097
ecp.13101
msl.25056
scc.9310
fsc.7990
Taa.1357
ecg.5977
Fsc.12575
ecd.944
scs.18826
msl.7978
scj.3704
msl.35825
scr.22572
spe.37371
scc.20092
msc.5763
trc.16524
Fsc.434
msl.22605
fsc.5664
scs.8108
opv.5991
sch.3462
fsc.3233
hym.4907
msl.10593
htf.8729
sch.2273
scr.144
scc.21656
htf.699
ecd.5914
ecg.4757
msl.28556
ecg.63
scr.5509
cln.4273
opv.5289
ecd.3741
cln.3955
spe.38387
ecd.1310
msl.11324
scr.206
ppx.17376
sct.11265
msl.42606
scs.6337
fsc.11606
taa.7155
hym.5534
msl.38549
msl.10200
ecp.9053
gys.2409
msl.26521
msl.24713
scw.9985
sch.5995
scc.9662
spe.12062
ppx.32375
tas.8350
scs.1403
tas.6140
taa.5249
scm.498
msc.2659
spe.29993
ppx.10535
tae.2641
ecm.4300
dpy.8461
trc.1065
hyn.10832
scc.16070
scm.7831
fsc.4067
htf.11603
scw.17653
scr.3070
ecm.6904
hym.5897
htf.6416
scw.24687
ecm.5968
scs.19238
msl.55721
sct.9968
Fsc.11483
htf.3457
msc.2652
msl.59636
msc.6330
msl.44585
htf.8491
msl.37014
fsc.7161
ecd.6798
msl.43159
scs.1046
taa.5585
htf.4725
Ecg.1071
ppx.15950
dpy.16003
ppx.22301
scw.2292
taa.12454
hyn.8229
sct.7122
msl.37548
ecm.4146
scm.175
msl.45496
fsc.10094
scr.12662
trc.7301
hym.2111
scj.12712
msl.45517
hyn.8605
fsc.10924
sct.7821
hym.7925
msl.10095
msl.47862
taa.5219
msc.3597
ecd.7802
scr.21402
Fsc.29256
scc.1686
ecp.16208
msl.34964
hyd.10232
dpy.19748
scc.17378
hym.5450
htf.7317
taa.4762
scw.17084
sch.8856
hyd.9525
cln.6069
scr.9557
ppx.594
ecm.6622
cln.8152
hyd.8946
scj.772
ecd.1640
ecm.6789
ecm.8552
msl.51851
Ecg.4366
spe.499
Ecg.7607
tas.4823
taa.4847
msl.38851
Ecg.4669
ecg.8676
hyd.7941
trc.9224
msl.33107
tas.134
scs.7704
msc.191
ecp.8346
tae.3259
ppx.22618
ecm.3851
opv.1466
tas.7769
fsc.4125
msl.10401
ecg.7657
msl.59707
opv.15565
msl.55122
Fsc.11302
sct.9906
fsc.3124
ecp.13623
msc.2646
msc.1495
scs.9665
scw.4116
ecp.5368
fsc.8095
sct.5705
Ecg.1974
msl.30737
scs.17916
msc.9694
fsc.6016
ecg.1232
msl.36924
cln.10295
sct.19853
Taa.143
fsc.4638
spe.32291
ecg.2688
tas.7898
hym.5501
tas.7680
opv.1711
dpy.3937
scs.13829
scj.10609
htf.3953
cln.13437
msl.12650
Ecg.5872
msc.3232
scs.9001
cln.13314
msl.52846
scr.4628
scm.485
fsc.1797
dpy.17450
sch.4234
sch.2808
taa.7753
tas.12991
ecp.6929
opv.4064
cln.10517
scr.9
ppx.37621
opv.764
ecm.2098
scr.3258
ecp.16314
cln.7952
ppx.23405
ecp.6135
msl.56224
scs.19984
trc.2861
scc.9518
trc.2799
taa.11968
scj.3386
taa.13075
ppx.5312
ecp.869
Ecg.6999
opv.1673
msl.35438
scc.16472
opv.6951
spe.38990
ppx.21343
scs.7731
ppx.36776
taa.4384
hym.9988
scw.15416
scs.7647
ecp.15962
ppx.24847
sch.453
scc.15789
scr.1165
dpy.14274
spe.8028
cln.10200
spe.4959
opv.11717
msl.38579
trc.12747
sct.14474
tae.9039
ecp.1093
trc.12058
msl.48542
msl.43282
dpy.2507
spe.23393
sct.9211
spe.9468
scr.19857
msl.59207
ppx.20600
spe.38453
scs.7933
scw.8720
scr.11850
taa.10685
sct.10783
trc.16260
scc.1466
opv.3697
ecp.1973
scs.1092
ppx.3395
spe.15000
scj.9768
scs.16911
msl.53037
ppx.35553
tas.4450
scc.2044
ecd.8686
msl.31839
gys.3560
tas.6924
sct.11499
tas.11229
spe.30212
hym.11146
dpy.1976
spe.25704
scm.7645
ppx.3439
sch.6087
taa.6488
scw.5868
scc.15954
trc.10663
dpy.7014
ppx.26364
trc.21005
tas.9619
ppx.35579
cln.8974
sch.12361
ppx.15368
sct.19365
sct.4409
dpy.389
trc.22039
ppx.16835
spe.2238
scc.12065
htf.1112
tas.2258
scw.10976
msl.7934
ecp.4843
sct.473
ppx.31050
scc.6095
spe.15088
msl.12978
msl.23039
hyd.2813
hyd.10100
scs.16634
fsc.14389
spe.22345
fsc.6755
spe.28498
ppx.15659
scr.8734
ecp.9508
dpy.11856
ecp.4668
gys.5426
tas.9005
spe.5857
scr.18703
opv.2890
spe.25947
scj.9572
ecm.2756
Fsc.31383
spe.19360
scc.6076
ppx.2308
scr.3882
spe.7193
fsc.12021
spe.14377
sch.4010
dpy.13236
opv.7943
scw.13606
spe.15623
spe.26585
hyd.7937
hyn.11452
scw.20417
taa.8085
Fsc.18368
scw.9262
hyd.6484
trc.16733
spe.2146
ppx.6229
ecp.16343
ppx.31529
Fsc.3194
taa.5913
gys.12085
hyn.6132
scc.17184
tas.8433
ppx.19952
dpy.15494
ppx.17409
scr.9926
scw.2647
msl.60238
scr.20904
fsc.14475
msl.54450
sct.11992
scs.2799
htf.854
sch.1997
scs.18838
ecp.3116
gys.11692
spe.4973
tae.4662
scc.12745
scj.9369
ppx.3008
Ecg.2516
spe.9122
ecm.5802
scr.22225
dpy.5164
ecg.4721
dpy.17071
spe.31599
trc.938
msc.10147
spe.16930
Taa.2778
ppx.4067
fsc.2314
scj.9758
ppx.22462
ecp.5580
spe.9636
