

taa.1229
msl.3037
hyn.4967
msl.38421
Fsc.23724
Fsc.27277
scw.8070
scc.1663
Fsc.11004
Fsc.14383
scc.902
msl.7574
trc.9296
scc.19018
scc.15276
tae.11401
scs.1828
Fsc.31206
Fsc.9831
ecp.15034
tae.4016
Fsc.22090
ecd.10588
scw.14241
trc.6473
smm.3170
Ecg.6548
Fsc.20847
scr.12762
spe.8640
sct.8959
sct.7839
scs.13731
trc.10589
smm.2110
ppx.5564
opv.2913
scc.21482
Fsc.25958
Fsc.15960
trc.6965
scs.13209
spe.17968
gys.5401
spe.10567
opv.3219
sct.22853
msl.46823
msc.30
scw.5213
sct.17342
scr.15594
htf.6957
scw.9025
scr.13371
scr.23906
tae.6808
spe.2414
Fsc.8957
Ecg.6335
scr.9179
sct.14349
scc.5297
ppx.1567
dpy.18014
dpy.18476
ecp.1672
scc.11472
scc.21253
msl.7198
tae.7676
fsc.9708
trc.19443
dpy.15430
sct.20505
spe.17282
taa.7287
dpy.10258
msl.48886
ecp.6610
opv.14912
ppx.7
htf.7198
msl.52720
ecp.10294
fsc.5207
Ecg.5849
sct.10911
opv.15174
Ecg.7852
scs.5753
ppx.4279
scr.5339
scc.7261
hym.1982
tae.9858
spe.32795
sch.684
msl.46006
hym.5889
scc.14295
scs.10701
spe.16855
scc.15982
msl.55266
msl.34141
scs.3854
Ecg.3485
ppx.36841
msl.519
opv.8893
ecm.3760
ppx.29577
msl.34891
msl.42315
ppx.904
spe.34293
ecm.7355
ecm.954
gys.10872
spe.6284
msl.41769
spe.29156
msl.26610
msl.35961
sct.5217
hym.4223
msl.9781
Taa.3521
msl.45804
Fsc.335
msl.16938
spe.1941
tas.5401
Taa.8270
spe.22225
hym.9593
hyd.10678
trc.13591
hym.885
ecp.11759
msl.15062
hyn.7322
gys.2720
Ecg.6049
ecd.9533
taa.3184
msl.52765
ppx.23269
trc.2024
hyn.9455
spe.25434
msl.21833
msl.7854
dpy.12911
sct.10474
hyn.10221
scj.1022
ppx.19942
scj.12064
ecg.7332
gys.11750
ecm.7167
hym.5230
scs.8086
ppx.10775
msl.58341
ecm.636
sct.11512
trc.14362
Taa.3019
cln.12839
hym.8250
scc.5562
scs.2087
hym.2352
scw.4628
opv.12114
msl.23373
scr.22655
ecd.7398
Ecg.8965
cln.4946
msc.9700
scw.6699
msl.32088
dpy.3456
sct.19943
gys.6922
ecp.10468
msl.27069
scs.5087
Fsc.14475
fsc.923
msl.3214
tae.6100
sch.530
msl.9916
sct.10020
msl.40352
fsc.5408
spe.19605
msl.33014
scr.13181
scr.15967
fsc.4875
fsc.1896
tas.5692
taa.9620
htf.1531
dpy.5042
hym.11029
ecd.2767
fsc.1213
cln.332
scc.16613
msl.40494
msl.46432
hyn.9768
scr.18457
tas.6170
taa.9773
Taa.99
scc.9702
hym.366
opv.13746
scw.5363
spe.2878
hym.3805
hyd.2453
Ecg.9149
msl.57141
msl.23554
gys.10328
Taa.2523
cln.6140
ppx.31161
msl.14932
spe.32042
scc.725
scw.22742
hym.9780
cln.8201
ppx.32775
ecd.1354
msl.35046
msl.21401
opv.15105
ecm.8005
sch.1787
hyn.9141
Fsc.3114
msl.25170
sch.10114
taa.9444
ecg.4157
msl.37644
tae.4806
tas.12927
Fsc.18454
ecg.5722
sch.10848
spe.104
taa.6053
tas.10084
spe.34351
ecm.10645
cln.1426
ecg.149
scc.11742
msl.16917
opv.3284
spe.38216
scr.18581
scs.15376
scm.3356
msl.52210
scs.4366
gys.5555
ecm.1922
msc.5378
msl.19067
opv.1237
Taa.4877
scr.19473
msl.15342
fsc.7273
fsc.730
cln.4619
fsc.95
tae.5447
taa.696
sch.7939
Ecg.8271
msl.58978
msl.43649
ecp.4178
ppx.312
hyn.8399
dpy.15572
ecp.2005
hym.3421
scw.3375
tas.8722
dpy.1042
ecm.3099
htf.10035
hyd.10485
Taa.6934
tae.11624
hyd.7238
msl.4394
Ecg.5599
scs.9780
msl.20605
tas.4105
msl.50577
ecp.979
ecg.2927
spe.31030
Fsc.1469
trc.13921
scm.4199
Ecg.2210
msl.58358
Fsc.25292
cln.9934
ecp.3849
sct.9267
htf.10144
scm.7072
scc.5518
ecg.4873
Taa.9962
cln.12147
sct.12462
spe.9485
hyn.4732
msl.39414
ecp.4343
msl.7420
msl.2568
msc.1165
msl.33346
ecp.1825
scw.9172
smm.714
ppx.37677
ecp.12258
hyn.10215
opv.6003
msl.22320
fsc.3303
spe.12576
msl.39139
Ecg.2406
ecm.3205
cln.8404
trc.9841
ppx.18436
spe.18035
fsc.10014
spe.22141
ecd.2729
scs.10963
taa.9471
scm.6215
fsc.6524
htf.2132
ppx.34711
scm.9703
scs.17066
ecd.2558
scr.8014
ppx.33575
dpy.17472
msl.34476
ecm.1218
Taa.962
scj.1911
Ecg.5440
hyd.3619
ecm.4649
ppx.30259
ecp.14707
sct.11080
msl.13494
Taa.8402
opv.9208
hyd.9114
hyd.7411
msl.39231
msl.28980
dpy.5931
ecm.2265
scm.8129
taa.423
taa.7119
msl.40506
taa.3179
scm.1903
trc.18868
scs.12974
scs.11085
ecp.16591
sct.5897
tas.6680
hyd.8006
scw.1961
hyd.2049
htf.1959
fsc.14242
msl.22314
dpy.4012
taa.6367
hyn.697
ppx.6260
msl.25144
scs.16694
msl.8098
msl.25383
ecp.11359
Ecg.852
msl.47430
ppx.15510
taa.4340
scm.4380
ecp.6048
Fsc.27629
ppx.10165
msl.54549
ppx.34746
Fsc.4766
tas.10547
scj.4223
hyn.9145
msl.20202
scw.5174
dpy.9842
scw.25229
msl.9155
msl.39605
ecg.6763
msl.48373
hym.278
opv.14007
ecm.8678
Fsc.2846
dpy.6522
tas.4026
ecm.2716
hyd.184
trc.8153
sch.10712
ecp.8713
scm.5894
gys.368
ppx.32343
msc.6449
cln.7132
cln.9591
tas.8148
ecd.4038
gys.15116
scw.23162
sct.20717
ecm.8048
msl.7876
scw.17482
msl.45359
tas.12892
hyn.589
opv.12622
tas.3398
Fsc.2163
ppx.14818
dpy.4100
smm.2859
scw.9563
msl.58087
sct.10615
hyd.3357
ecg.1803
cln.11195
sch.289
opv.9718
hym.6615
ecd.8317
msl.31357
ecp.18544
sct.8756
taa.7172
scc.22349
scw.10800
Ecg.6104
cln.2391
ecg.9606
scr.9746
scc.10279
ecp.15468
msl.35548
msl.57257
cln.1186
tas.7233
tae.7902
scj.3121
msl.29813
Ecg.8746
tae.10752
trc.6399
ppx.30072
fsc.8208
ppx.20055
cln.13039
ppx.15677
taa.4400
ppx.19776
scj.3980
spe.30510
sch.10132
ecg.9465
msl.13068
msl.31946
scs.17750
htf.8042
dpy.14379
taa.3383
Ecg.7694
cln.10692
msl.22149
dpy.1145
spe.11876
ppx.25743
ecd.1269
scc.16176
msl.8444
cln.10763
ecd.7532
scs.4126
spe.13005
ecd.3885
ppx.33938
msl.15430
htf.11633
msl.45712
sct.17319
Fsc.1509
ecd.7168
tas.1246
Ecg.4985
msl.58458
Fsc.25355
hyd.6770
msl.42487
cln.2263
tae.4829
ecm.1095
spe.11118
scj.12443
scs.894
opv.10032
scc.3180
sct.4272
msl.39793
msl.36041
hyn.13413
scj.8961
sct.21854
Ecg.1030
trc.19517
opv.7978
scc.1954
dpy.7327
cln.8931
ecp.12312
ecd.700
msl.45921
ecd.3979
ecd.4615
spe.4761
fsc.1840
ecm.5349
Fsc.1843
taa.12602
msl.54823
hym.11680
ecp.8670
scj.4377
taa.11680
Ecg.429
tas.8981
fsc.12825
Fsc.7092
scc.21961
msl.47158
tae.1006
scr.22334
hyn.11453
sch.2824
scs.12250
sch.11697
spe.23420
msl.48366
tae.10080
ppx.30212
sch.8383
fsc.6463
Taa.7503
htf.6322
tas.2745
hyn.725
msl.13167
ppx.10039
trc.16348
opv.11167
dpy.307
tas.2874
msc.7306
hyn.1374
tae.3797
msl.59628
ecm.1394
hyn.9895
ecm.9999
msl.54611
cln.1679
spe.37625
scs.2460
Fsc.2296
msl.20084
ecm.7278
trc.21022
msc.2545
ppx.5802
msl.8155
scm.1703
sch.8104
hyn.8230
ppx.9093
sct.11958
ecm.4134
scr.2569
trc.2969
ppx.32759
Ecg.8389
msl.57154
hym.6387
taa.8794
ppx.35149
ecg.4680
taa.10188
opv.13090
scc.7682
Fsc.21780
gys.10085
taa.131
msc.8485
msl.7666
ecp.15474
ecm.10096
scw.14048
scc.1012
scr.9498
Fsc.17028
scs.2938
htf.1169
ecp.8523
Fsc.5801
opv.1691
scs.9598
ppx.26051
trc.18382
cln.9332
fsc.1844
sch.837
msl.20887
ppx.26395
Ecg.9064
msl.3482
ppx.36024
taa.8725
msl.6825
scw.16876
gys.225
spe.35948
ecp.4737
scs.18193
hym.5091
cln.8365
msl.52469
Fsc.29440
opv.4341
sch.9988
gys.7410
scs.9363
scs.2579
sch.7873
tas.2303
dpy.6721
Taa.7078
fsc.4033
taa.4697
msl.36650
dpy.7268
msl.27439
tas.3291
trc.14573
scr.18465
dpy.2479
hyd.3217
msl.14966
scs.8809
Ecg.5925
ecm.8987
Fsc.4894
ecm.3016
scj.812
hyd.10265
hyn.11908
hyd.6331
sct.7928
spe.35021
scm.9593
htf.7726
tas.3842
hym.1134
cln.7456
opv.13443
Taa.1555
ecm.6418
taa.5692
spe.35565
msl.53562
ecp.16338
dpy.2311
ppx.14542
fsc.8915
fsc.5424
Ecg.2902
fsc.12286
trc.15762
trc.9065
msl.234
htf.4230
msl.16115
Fsc.632
scs.13911
msl.43086
tas.6369
dpy.8632
scs.4351
scc.9365
spe.24928
sct.3104
ppx.21157
scc.18960
ecg.8823
scr.17418
msl.38971
msl.22233
opv.3960
scs.16747
spe.29494
fsc.7491
msl.46818
ppx.9117
opv.10923
ppx.12979
trc.2982
ecp.4107
spe.32511
opv.15500
msc.1576
hyd.9064
fsc.7538
ppx.28866
opv.13230
trc.14901
msl.47125
spe.11805
scw.4759
opv.37
Fsc.13291
spe.20251
scw.5728
Taa.1789
Fsc.24333
msl.59484
opv.8799
msl.16262
sch.4724
scm.11702
ppx.5013
opv.9326
ecg.6422
spe.29938
msl.20444
scs.14009
sct.5490
Fsc.19621
scm.8043
msl.31647
scs.19012
hyd.1452
gys.9124
Ecg.3905
sct.10467
hym.1709
msc.5219
trc.1618
msc.6505
cln.4518
ppx.3614
msl.9087
msl.39509
Ecg.1102
spe.18349
opv.172
ecg.3713
opv.9037
msl.11991
fsc.12467
msl.33238
scc.12820
taa.5630
dpy.8575
Ecg.2840
cln.2082
gys.1017
spe.8134
trc.3429
ppx.3458
sct.4925
opv.15354
gys.7362
hyd.9011
scs.13440
tae.8095
opv.943
spe.5694
msl.1363
ecd.4044
gys.13983
htf.1989
ecd.2524
ecm.2465
trc.10802
sch.789
hyn.2048
spe.24217
fsc.2115
hyn.366
spe.22350
cln.507
spe.26334
ecg.9636
ecp.12929
msl.49334
scs.19505
ecm.5045
tae.6816
tas.9035
scs.12008
opv.15972
taa.5855
cln.1282
gys.1504
fsc.6605
opv.5055
cln.5162
msl.30482
msl.23941
msl.27655
cln.11905
tas.4323
Taa.932
spe.38214
ecd.1280
msc.5122
ecg.5359
Taa.486
ecp.11708
taa.12370
scs.3008
Ecg.1830
msl.57541
msl.20919
opv.9349
scj.5458
sct.9116
ecd.8062
scr.3077
Fsc.25206
ecm.6107
scm.8029
msl.47448
msl.27425
ppx.30801
ppx.3504
tas.7971
opv.11835
taa.5179
hyn.4279
htf.59
scj.5398
fsc.13927
msl.9026
msl.19697
msl.40482
scw.6854
ecm.10005
ecd.900
taa.11020
hyn.318
scw.6555
Ecg.4412
htf.6929
spe.14608
scc.3609
dpy.8802
htf.10207
htf.5935
smm.113
ppx.14135
opv.11279
tas.10452
msl.1808
scc.17056
tas.8905
taa.10368
ppx.7931
tas.12377
trc.360
scr.7934
scw.5178
spe.21919
spe.5978
spe.21668
msl.23405
scs.11484
Ecg.2346
Fsc.22087
opv.8969
Fsc.1322
scc.5781
scm.9026
ecd.6793
msl.5694
scj.9326
msl.33882
trc.10896
trc.5941
spe.16875
Taa.2600
ppx.9395
ppx.18801
ppx.9644
Taa.8927
taa.2833
scc.8466
spe.21971
scj.8109
ecd.10198
ecd.7315
spe.24732
ecp.12694
scc.19324
scc.9527
ecp.1455
ppx.33957
sch.2300
hym.10779
hyd.6200
ppx.3449
fsc.14627
ppx.32669
scj.4928
dpy.14402
opv.2915
spe.8669
Fsc.8355
tas.8258
fsc.12748
ecd.6970
fsc.7839
scr.5601
gys.9912
spe.12771
scw.5371
ppx.15488
scr.11945
tae.5431
spe.22743
taa.9078
scr.12109
scs.13887
Fsc.32469
sct.14979
ppx.30034
dpy.19800
msl.15198
spe.36861
ecd.5173
sch.3871
hyn.7435
msl.38637
gys.7184
ppx.21129
taa.12161
htf.5618
ecd.7196
msl.18831
trc.8124
dpy.8888
gys.5325
dpy.644
sch.7151
scj.2813
fsc.1263
scr.18582
scw.11647
dpy.9260
ecm.4420
msc.6003
scw.22248
msc.6031
opv.614
spe.35461
scr.6713
scw.2733
tas.7555
taa.12374
Fsc.24193
hym.4095
ppx.12897
htf.4237
ppx.25123
Fsc.29360
ecm.4521
taa.9879
ecg.2589
hym.7108
ecd.1655
ecm.658
tae.11598
spe.22057
ppx.31923
trc.14398
scc.9590
dpy.9662
dpy.701
scr.4824
Ecg.4114
fsc.8708
tas.9164
ppx.29430
ppx.36079
scr.2282
cln.4411
ppx.35145
spe.34235
opv.4459
opv.14073
Fsc.14399
scw.24637
ppx.22578
scc.21623
Ecg.1077
spe.23106
scs.13934
ppx.28400
hyn.6379
Fsc.25062
hym.11795
spe.440
tae.6262
taa.8825
msc.1206
trc.20766
Ecg.513
scm.6821
hyn.4249
dpy.18941
ppx.32947
ecg.3078
ppx.6857
msl.54698
ppx.32842
scs.13452
hym.8872
scr.23130
hyn.4477
scr.6571
spe.2957
opv.3637
spe.35383
scc.4611
tae.9266
ppx.23457
trc.19336
gys.3797
hyd.3081
spe.21827
msl.29346
ecd.9066
sct.14914
ecg.446
Taa.2532
tae.2696
spe.4372
spe.262
spe.20090
ppx.34026
Taa.7755
htf.2907
scw.15797
htf.2768
sct.19402
ppx.27841
hyn.6976
spe.26513
smm.2081
ppx.15620
dpy.12749
ppx.30204
