

ppx.16493
ecm.6279
scw.3581
msl.7014
Fsc.28114
ecd.10945
scc.5794
Fsc.32738
ecg.1003
Fsc.22025
Fsc.29371
Fsc.24544
Fsc.19008
hyn.3843
sct.15839
Fsc.13439
dpy.18028
dpy.18314
Fsc.28673
Fsc.23723
scc.18507
ppx.8881
ecp.9102
spe.25008
scr.249
scr.2503
htf.435
Fsc.28828
ppx.10624
smm.830
hyn.13726
scr.6374
scw.4681
Fsc.15453
scw.1450
spe.23211
scw.11118
Fsc.19926
Fsc.19178
Ecg.6953
scm.10283
gys.7998
scc.12458
msl.27054
Fsc.25904
scw.17423
scc.14824
sct.20425
scj.2398
dpy.12715
scc.7907
spe.15653
spe.36429
hyn.5168
scw.13405
msl.27732
htf.1385
scs.8669
scm.11520
ecm.2167
trc.21700
smm.2811
ecd.6643
ecg.1223
Fsc.2223
gys.6956
dpy.10468
scc.18110
scr.22529
dpy.16803
dpy.19290
spe.5918
gys.15317
ecm.2043
spe.34957
cln.7807
gys.1550
msc.4608
sct.4650
msl.27837
sch.3585
spe.15955
Taa.9316
tas.4538
msl.51011
ppx.10291
ecg.10764
msl.52639
scs.3968
msl.56262
htf.2506
tas.2138
sch.6926
hyn.6083
ppx.25084
msl.26105
hyd.659
taa.10432
scr.3531
msl.7297
ppx.13839
scm.234
sct.16662
spe.39406
ecp.16880
fsc.4968
trc.15854
sct.19661
fsc.8855
smm.423
cln.10133
sch.7335
sct.3776
msl.3590
msl.4837
dpy.405
ecp.1485
ppx.11137
hyn.4584
sct.7334
msl.33381
scj.187
trc.18771
dpy.6780
spe.15331
htf.3039
scj.10530
ppx.18020
ecm.7196
msl.8183
scm.4155
fsc.4698
Taa.4636
gys.3889
ecm.6365
hyd.8233
ecm.2697
spe.2400
msl.41207
taa.5096
ecp.11280
msl.24767
scs.729
msl.15860
hyd.9555
ecd.2890
tas.9699
Ecg.1088
trc.2281
fsc.700
dpy.4217
sct.15030
msl.4501
tas.11722
opv.3898
msl.30224
tae.11874
msl.2208
scs.2552
Taa.1286
scw.9718
scc.21348
fsc.70
msl.37977
Fsc.30305
cln.3316
Taa.8448
hym.12034
fsc.5682
trc.18569
cln.5836
cln.3534
ecd.4157
tas.8637
Ecg.6669
scr.20285
opv.545
tas.1260
scr.5480
htf.7944
ecp.9664
tae.3814
msl.22705
msl.52694
msl.15658
htf.4038
ecd.302
taa.3740
cln.8846
ppx.6342
scs.7813
scw.4151
scw.23928
scs.16144
msl.50854
scj.549
ecm.6339
msc.821
scr.14370
msl.35655
msl.45427
msl.46706
msl.60399
spe.9070
scr.12827
ecp.10749
msl.17668
scj.1648
sct.10881
Ecg.478
scw.10730
ppx.10495
opv.10636
Taa.6454
msl.1009
spe.35993
opv.4390
ppx.27392
Ecg.48
Fsc.18967
hym.10459
ppx.7665
opv.4057
dpy.2246
tas.4046
fsc.2051
smm.218
scw.16509
sct.20076
htf.9558
ecp.2155
msl.24029
msl.5919
cln.4731
msl.41266
hyd.3266
sct.18297
trc.21726
tae.1977
scs.6869
scr.2724
msl.59618
ppx.31856
scs.6711
sch.3817
ecm.1997
msl.52627
fsc.3113
Taa.1808
msl.41199
Taa.441
msl.20658
htf.9528
msl.57513
scw.7026
ppx.2370
scr.1596
msl.19468
msl.43382
scr.8447
msl.43997
gys.3628
ecd.9700
scm.5074
hyd.8848
msl.44198
Taa.7280
gys.4291
htf.1394
tas.7762
htf.7206
hyd.5741
ppx.13421
fsc.9874
Ecg.6973
ecd.7378
fsc.13967
ppx.10256
msl.57984
trc.7708
ppx.19241
Taa.3000
ecm.2903
msl.20067
msl.52541
ecp.12208
Taa.6104
msl.59128
spe.17465
msl.7052
taa.693
msl.30652
msl.47315
ppx.26859
ppx.33807
ecd.387
ppx.13547
opv.845
spe.10
trc.11579
fsc.7544
hym.2677
taa.2402
ppx.32528
msl.26809
spe.33648
msl.18827
hym.3999
msl.22108
spe.26701
sct.18756
ppx.27967
taa.4609
opv.7418
Ecg.2538
tae.9436
taa.12270
ecg.2928
Fsc.25730
Fsc.1463
fsc.5174
fsc.5956
ppx.29936
cln.3300
spe.26438
scj.11387
htf.8381
tas.3821
opv.11729
Taa.8986
ecd.4141
msl.14953
scm.9886
trc.18976
sch.5723
msl.43002
msc.9283
trc.13762
cln.2385
msl.12979
hyd.6365
fsc.7701
msl.46271
msl.17087
taa.1994
scs.13173
spe.28258
hym.7196
scs.5097
tae.8359
cln.4813
msl.49881
ecp.2481
ecg.3605
msl.32234
opv.12397
opv.10537
scs.9880
sch.10778
scw.12076
dpy.18280
spe.9936
Taa.10225
msl.19288
tae.7317
tas.12477
ecd.7030
spe.18764
msl.51088
cln.13336
opv.8692
fsc.15542
tas.7153
ecp.14559
cln.11267
Taa.7114
msl.22052
fsc.3892
msl.15321
sch.5415
scc.821
Fsc.6381
opv.13759
msl.25220
msl.35716
Taa.5319
opv.11006
opv.8554
ppx.32118
ecp.5829
opv.11793
tae.2813
fsc.3195
tas.7926
hyn.445
ecg.2422
ppx.12779
hym.9170
ecp.16418
cln.6509
fsc.793
gys.761
sch.12019
opv.4553
scj.6978
scc.18199
scr.13415
trc.8232
ppx.20716
hyn.11510
msl.22318
opv.15352
scc.13351
hyn.6319
scm.2981
spe.12763
msl.59069
hym.908
sct.12039
hyn.10679
ecg.5037
ppx.15595
hyn.1021
ecd.3281
msc.5862
taa.9407
scs.7389
scc.4398
msl.54540
taa.9979
trc.12473
scw.16096
hym.6577
msl.21267
htf.1276
msl.18108
cln.6843
gys.3465
msl.25755
msl.19506
tas.7451
Taa.4419
Fsc.21107
scr.11325
spe.12899
msc.5717
scs.3980
spe.13745
Ecg.9183
Fsc.23421
Taa.170
Ecg.2331
scr.18514
hyd.8581
scr.3756
msl.8241
ppx.1984
scj.6576
hym.5246
trc.7050
tas.10327
msl.35088
sct.11077
taa.6964
hym.7617
hyn.10592
taa.1935
cln.12583
gys.8731
msl.7702
hyd.7789
msl.17388
Fsc.2169
gys.3882
hym.10397
ppx.31522
sch.1982
spe.14090
ppx.29158
trc.173
ecd.6267
scr.14336
opv.313
hyn.1095
gys.5941
msl.38212
fsc.1325
fsc.11264
cln.5134
scs.10473
hyn.5263
Fsc.3057
opv.16057
ppx.20328
taa.4039
msl.21238
msl.23094
trc.2426
scw.22947
scm.934
cln.440
trc.13386
hyn.11477
tas.4100
Fsc.23600
msl.11361
trc.14485
msl.51355
gys.1229
scr.5217
sch.516
hyn.4053
taa.8344
spe.25569
msl.33545
scj.10460
scc.18208
trc.16821
smm.2455
msl.27342
tae.62
msl.50867
cln.6494
ecd.2869
ecp.10211
Taa.8928
ppx.24015
scc.7968
ppx.16893
ecp.17283
msl.16725
sch.6272
scr.8553
htf.2677
trc.5001
trc.16223
scs.3314
scr.4822
trc.11181
scr.14804
sch.7530
msl.31174
msl.20935
tas.10027
opv.306
ppx.33617
tas.9875
msl.47497
opv.8017
tae.4513
spe.27284
ecp.6644
scr.3297
hyn.2678
scr.7897
scs.2525
msl.52990
gys.8351
ecg.3245
dpy.18815
scj.533
msc.5920
fsc.7971
msl.16790
scs.17935
msl.47139
trc.512
scw.25387
ecp.14673
msl.22303
trc.17720
ecm.3557
ecd.6365
scw.5978
fsc.15027
msl.22806
scj.9928
hyd.7195
msl.49095
scw.11712
ppx.15979
ecm.8884
msl.28943
ecp.15065
htf.11361
ecp.13869
scj.4370
gys.4507
scs.11501
htf.1536
Fsc.20485
spe.23680
scc.12462
msl.59530
ecp.14513
msl.12304
opv.4591
tae.2634
ecm.9810
tas.8500
Ecg.5488
scw.17410
ecm.363
tas.4017
msl.40099
hyd.6154
msc.8545
ecm.6580
ppx.17446
ppx.36703
Ecg.7471
scw.8379
ppx.10810
ecm.8416
msl.57773
ecp.7540
msc.7308
htf.8415
scc.18766
ecp.16450
msl.18470
ppx.28552
opv.11597
scj.8013
scc.2425
tae.5565
msl.14562
scs.2875
ecp.6948
msl.22625
ppx.22916
scj.1323
spe.29611
scc.1300
sct.5348
Taa.5249
ppx.20650
ecp.13280
ppx.28290
scr.10164
scr.3692
msl.13719
scc.18408
msl.59748
spe.9302
trc.14965
ecp.5583
msl.8261
Ecg.5956
gys.5094
opv.14777
msc.2196
Ecg.6110
Ecg.8957
hyn.1477
scj.10321
msl.5281
msl.12376
msl.34481
dpy.7418
hyn.7953
scr.9495
taa.12331
ppx.3098
dpy.12437
htf.2453
taa.2343
fsc.5793
scj.3817
ecp.409
opv.11636
ppx.12917
tae.5555
taa.10525
trc.8978
Ecg.3278
scr.5716
hyd.9006
tas.8022
msl.31395
taa.12593
ppx.31005
hyd.9907
hyn.10610
scs.2108
opv.13310
msl.29481
msl.59550
msl.31503
msl.10948
dpy.10792
htf.9220
tae.144
msl.2229
hyd.70
opv.5596
scs.4917
spe.13870
ecg.1134
hyd.10729
ecg.3946
tae.7325
hyd.3398
hym.4003
hym.9072
scm.3126
scr.12607
dpy.11902
sct.9585
sch.11544
spe.7139
msl.31984
Fsc.28315
msl.15360
Fsc.19293
scr.11119
ecm.5561
msl.35032
gys.8603
msl.52671
scm.7224
scw.16623
ppx.2464
msl.24210
opv.8729
spe.29025
scw.15520
msl.30360
spe.31076
Taa.4873
Ecg.4810
sct.8279
opv.4105
trc.12768
opv.8319
dpy.6376
tas.7695
msl.25540
sch.7859
Ecg.8368
htf.7193
taa.2734
msl.49124
opv.2108
Taa.3727
trc.15442
sct.979
ppx.4554
ecd.7320
Taa.4905
scs.12340
tas.4431
ppx.32650
hyd.10947
msl.20681
scw.14057
ppx.17162
scw.23719
Ecg.4767
ecg.3856
scs.17437
hyn.4959
tae.7319
msl.44083
spe.25139
tae.6458
msc.3099
Taa.9418
spe.9844
scw.1202
dpy.4676
ppx.93
trc.11524
msl.52092
msl.32684
spe.36087
scc.21605
hyn.4434
hym.2262
msl.41695
spe.1099
tae.12325
hyd.7263
fsc.7932
msl.17002
Taa.3527
fsc.11827
msl.36188
scr.5278
msl.58539
Fsc.24417
ppx.672
opv.8452
scs.7692
ecd.744
hym.117
cln.7908
taa.3593
msl.48984
ecp.4772
scs.5251
msl.23164
msl.27226
msl.25419
cln.13456
Ecg.8848
fsc.2309
sct.15964
spe.21573
ecg.2334
scc.19947
ecm.946
spe.25294
Fsc.11781
tae.11451
Taa.7194
opv.5261
msl.23762
msc.7665
msl.56338
ecg.908
trc.10466
hyn.2910
msl.2120
scm.3880
scs.4653
ppx.11496
opv.7287
ppx.12927
taa.4231
scs.13612
scc.14852
cln.5460
spe.11430
hyd.8364
tas.8033
taa.2673
scw.2872
ecd.3594
msl.31
msl.4891
htf.9173
cln.4891
htf.9755
hyn.4525
Ecg.9959
ppx.4216
msl.34445
ecd.977
trc.20732
ppx.22131
ecm.6590
msl.35831
ecm.4614
htf.972
msl.40004
ecp.2469
trc.10166
cln.1325
scm.5753
trc.6128
fsc.4907
msl.9985
ecp.12032
Taa.3677
spe.8997
hyn.11660
spe.36676
scw.2676
spe.34721
trc.1645
Fsc.16985
htf.3460
Fsc.156
opv.7501
Fsc.13753
hym.7691
ecd.7422
Taa.5172
sct.6178
scr.9452
Taa.85
Ecg.5663
spe.34371
scm.10416
hyd.4708
msl.6977
Fsc.30993
hyd.10149
ecm.419
scm.1398
cln.5564
scs.15769
ecg.5068
scw.24016
trc.4901
scw.5524
msl.49134
opv.5664
Taa.2066
msl.60203
hyn.4273
Fsc.2366
Fsc.28262
hyn.8166
scm.44
sct.18726
msc.5332
ppx.5514
hyn.1541
dpy.4370
tas.6101
msl.4441
Ecg.8487
scs.15138
fsc.3736
msl.7862
ppx.29571
ppx.423
ppx.29600
taa.11272
ppx.3964
scw.4233
ecp.17173
cln.5224
fsc.2512
gys.8050
ppx.9766
ecm.9674
fsc.14911
sct.4285
ecp.2121
taa.10783
msl.43818
htf.11028
ecg.4528
htf.7112
spe.12978
msl.32641
hyd.5998
scc.21933
scr.2110
scr.8334
scw.13548
taa.534
ppx.37107
ppx.29131
trc.8589
ppx.18772
scs.19045
spe.27487
trc.15926
msl.56286
smm.2848
taa.12253
ecp.1263
ecp.14082
ecp.6472
trc.13533
scr.19968
trc.9147
scr.10139
ppx.13992
scc.2987
trc.21391
sch.746
scc.13844
scm.5048
spe.33540
ppx.10667
Ecg.4622
Ecg.1722
sct.3536
spe.24386
hym.5386
hym.11686
ppx.12832
ppx.34992
dpy.11473
sch.3000
Fsc.24009
dpy.1013
tas.216
scm.1022
scw.14301
scc.22419
dpy.18160
scw.3454
dpy.5899
scw.20336
hyn.6966
hyd.7500
scr.4947
ppx.21214
scw.9787
ecp.18575
spe.26535
tas.8842
scs.11511
ppx.35968
htf.9584
scc.22866
ppx.2492
dpy.19786
tas.10741
htf.1557
gys.5981
trc.14404
scr.5228
dpy.4004
spe.26106
sct.7163
spe.14620
sct.14169
cln.12823
htf.4387
sct.15440
scr.5825
dpy.13283
sct.14449
fsc.246
fsc.1493
ppx.34736
scr.23212
scw.24994
tas.11204
msl.108
dpy.18674
hyd.6042
dpy.14819
spe.6810
scr.5367
hyn.2587
ecp.1993
scc.14841
tas.10498
scc.19376
Ecg.6167
smm.573
ecg.4997
dpy.16547
msl.60291
tas.7684
hyn.11820
sch.2886
ppx.1697
ecm.3291
ppx.16736
scm.3136
dpy.16325
ppx.20665
ppx.30152
taa.12542
ecp.17511
ecp.13158
scc.431
hyn.11099
gys.12221
scw.22358
ppx.34465
spe.30681
tas.12689
scw.1902
spe.29898
opv.15801
trc.14521
hyd.4568
spe.33273
scw.11221
dpy.16145
dpy.1123
scr.634
ecp.495
scw.12145
scr.2634
spe.21205
ecd.10654
hyn.5526
dpy.19307
taa.2363
sch.6440
scr.18862
scc.2529
dpy.11878
dpy.8103
scj.12628
ppx.3283
ecg.8408
dpy.15437
Taa.9407
scj.10717
scr.23945
scr.7124
ppx.15691
scc.5010
ppx.29827
scm.3085
scr.10841
scc.8819
hym.9056
spe.19267
scm.10889
dpy.7926
spe.38853
tas.399
msl.49508
ppx.31959
scj.10570
sct.11275
spe.35384
ppx.14065
msc.6150
sct.10082
spe.10227
ppx.16910
sct.4125
ecp.12960
hym.11785
ppx.4888
tae.4072
tas.6131
msl.50041
scr.21241
sct.10726
spe.1093
