

scr.13727
gys.5378
ppx.17950
scs.8647
gys.9479
Fsc.17355
Fsc.13560
Fsc.19934
scc.6109
sct.15676
dpy.1954
trc.9508
hyd.9442
scc.12263
ppx.4278
Fsc.20754
spe.13824
tae.6614
ppx.26981
msl.3309
scc.13966
smm.1624
scr.16260
dpy.7496
ppx.37065
fsc.8352
scc.20220
Fsc.20327
scr.9435
ecg.7321
ecp.17405
Fsc.21087
trc.11245
scw.17793
scr.12094
scr.3168
gys.9897
trc.19066
scw.1061
scc.23160
tae.5629
Fsc.4909
tae.8144
Fsc.12508
scc.4881
spe.9408
sct.13767
Fsc.19927
scr.8605
dpy.17862
scc.8910
ppx.14915
taa.12158
scc.10504
scr.14777
msl.4652
ecd.6133
spe.415
msl.32735
hyn.5954
cln.5448
scs.1761
spe.30105
spe.1871
Fsc.21819
scc.17284
scc.2583
tas.12973
msl.39215
ppx.4323
hyd.5564
Fsc.29877
scr.7538
spe.33905
ecm.715
trc.14015
tas.1739
msl.12952
msl.24193
sct.11145
trc.16791
msl.54924
scs.3908
ecd.5957
ppx.4598
htf.7741
msl.771
taa.8569
spe.13925
dpy.14774
Taa.9568
htf.6652
htf.8524
hym.11382
htf.9268
ecm.5109
ecd.5075
msc.4499
msl.52215
ppx.25161
ecg.8074
msl.29941
dpy.12128
ecp.3802
ecg.9381
scr.21086
Fsc.7435
ppx.31729
sch.12861
msc.2829
hyd.5757
Fsc.1316
Taa.4433
sct.4334
spe.34198
scs.14542
hyn.2181
fsc.11942
scm.6357
sct.18513
tas.8539
scs.9305
dpy.4326
scr.8341
scs.1035
Taa.1233
opv.3569
msl.59132
ecd.2383
hyd.7836
scs.18578
ecm.1652
tas.2737
hyn.9366
cln.8000
tas.585
scw.7213
scs.7078
scc.13534
fsc.8448
scm.7905
hym.1440
taa.3049
tas.1836
msl.20247
ecp.10618
Fsc.32818
gys.2201
ecg.735
sct.20737
taa.3625
msl.18549
ecp.1520
scs.4878
msl.30228
tae.11877
msl.12092
tae.11476
tae.6608
Fsc.598
hyd.8222
Taa.5920
msl.45146
ecp.1920
scr.23955
msl.2091
spe.94
Fsc.9028
scj.5920
msc.552
spe.9351
Taa.764
scr.1340
ppx.36669
scw.25849
msl.25929
scc.6974
sct.5030
trc.2198
msl.15367
msl.60108
ecg.6490
scm.1652
scm.9626
msl.26649
sct.9154
sch.6581
hym.11579
msl.34262
ecp.4629
scs.10102
msl.20905
msl.6960
trc.12175
scm.8970
ecd.8071
ecm.6312
ecp.9562
ecm.105
msl.30734
tas.10131
sct.247
msl.5628
sct.5584
hyd.7270
scs.6699
sch.152
scm.735
msl.3536
trc.3044
hyn.11743
tae.802
Fsc.26893
ecp.16278
ppx.7587
spe.1354
tae.8439
ecd.931
hym.7765
spe.34563
scw.519
msl.45086
fsc.3596
Fsc.1804
msl.50618
spe.5158
tas.2135
hyd.4853
ppx.30192
msl.27701
scs.12045
scc.22591
ecm.8853
tas.11258
cln.7295
scw.10372
ecp.4626
trc.16805
scs.14813
scm.11410
taa.3167
scs.9623
scj.8643
ppx.10421
msl.30569
taa.8949
scw.22495
spe.2042
Taa.1146
msc.10158
dpy.8368
sch.1
scm.5310
opv.4263
ecd.878
gys.11737
scr.5900
msl.23425
msl.57583
ecg.6893
ecm.7610
tae.3935
dpy.248
hyn.11131
msl.37239
ecm.4043
tas.4639
Taa.8129
msl.35127
ecm.2334
gys.14339
tas.8182
Ecg.4842
tas.6356
ecg.6325
ecg.4479
msl.21893
Taa.3640
scj.5487
msl.18918
Taa.9470
scs.11118
msl.21917
hym.4234
scs.6413
ecg.8724
sch.3631
msl.9845
htf.10078
msl.34022
Taa.4605
dpy.3048
hyd.3123
ppx.32172
msl.7154
ecg.57
hyd.2504
Taa.10033
tas.7985
scm.9853
msl.31906
scs.5567
ecm.891
msc.9870
hym.2236
sch.6915
ppx.13126
msl.37060
msl.16728
htf.7878
tas.11759
ppx.19479
tas.3224
sct.727
tas.6194
htf.411
scj.6858
hyd.3663
sct.499
msc.7981
scm.8999
msl.31130
htf.8759
scc.23455
msl.48727
msl.23531
ecp.4187
taa.393
sct.17436
spe.17043
scj.5268
opv.2189
msl.41954
ecg.10036
msl.23347
msl.59851
tas.8688
scs.18710
taa.4738
gys.3579
htf.5614
hym.3210
msl.34200
sct.19977
msl.20013
msl.18615
scw.16611
msl.33264
msl.30351
scw.4518
hyd.1840
Ecg.179
scs.3965
Fsc.20110
ecp.8205
sct.3278
sch.7232
msl.11789
ppx.2142
taa.4987
opv.1164
Fsc.11220
msl.42839
ecp.12199
trc.12979
fsc.239
sch.11498
Fsc.33103
cln.10683
Taa.3504
ppx.36277
hyd.7487
Fsc.22572
ecg.825
hym.367
htf.9344
Fsc.9476
taa.2809
scj.9291
opv.4046
msl.28324
hyn.2997
scs.13283
htf.8123
msl.22265
tas.3790
scr.16125
hyn.5978
gys.2750
trc.13503
hyn.8330
taa.6551
scj.10163
scs.20140
opv.8861
tas.2261
msl.24643
msc.6581
taa.955
scj.7945
opv.7539
scw.22921
spe.33413
ecp.3530
scc.8564
hyd.5380
msl.21314
scs.4271
scm.5306
opv.2622
scj.9531
ecd.9696
msl.55472
hyn.11062
scj.503
sch.10838
cln.4632
htf.7540
sct.11567
Fsc.11464
scj.7592
hyd.4304
cln.9206
msl.55867
dpy.14516
ecp.3089
dpy.10338
scr.17816
msl.42337
spe.21527
taa.254
tae.10324
ecg.5898
msc.9799
ppx.24497
msl.41740
Taa.6813
scs.7143
taa.11075
ecp.9128
tae.10711
scw.8739
Ecg.8790
opv.10259
opv.9923
hym.10597
hyn.12535
msc.769
scr.5652
hyn.714
scw.109
taa.6361
ecm.5941
scc.14053
taa.5514
scj.746
msl.44809
msl.33988
scc.11239
ecp.11118
Ecg.6736
cln.5002
msl.54627
hym.9285
msl.53993
ppx.20921
hyn.3320
spe.13975
hyd.335
ppx.37827
ecd.4894
opv.1556
scw.2317
msl.18775
Ecg.1799
ppx.25135
cln.3590
scm.6441
msc.1685
msl.56165
tae.3946
Ecg.3458
cln.3415
hym.6979
msc.2026
spe.34764
ecp.686
ecp.9949
msl.37103
msl.10869
msl.52957
smm.3620
scm.873
cln.1887
tas.818
ecp.8846
msl.12368
ecd.7478
msl.28614
msl.9103
msl.59416
cln.8821
msl.56975
scm.3730
spe.24498
msl.36588
dpy.6272
ecm.258
Ecg.2861
msl.37341
scc.16904
hyn.9399
msl.3910
scs.4584
scr.3984
Fsc.7821
scr.5700
spe.27276
hyd.9029
ecd.8695
sch.6287
scr.6750
Taa.9398
trc.3807
hyn.3835
Fsc.30468
spe.20980
ecd.8557
msl.52473
msc.6808
sch.3906
msl.29769
scs.12400
trc.2546
taa.2812
ecp.12159
cln.12452
ecg.258
scj.8087
ppx.13218
msl.37394
scm.1142
ppx.12318
msl.23572
htf.5072
fsc.8730
spe.13411
hym.11224
msl.54273
Taa.3593
spe.31307
msc.241
gys.13041
cln.1769
msl.32748
ecg.1666
scj.9137
dpy.19148
dpy.4438
msl.50482
msl.42246
scw.5745
spe.30278
spe.28807
taa.13087
trc.13000
tae.9660
msl.30934
taa.10394
tae.6732
Fsc.968
scj.6757
scr.4523
msl.59072
spe.21150
msl.25394
scr.1224
scj.11019
ecm.1340
Fsc.28473
hyd.9644
ecd.11199
hym.2934
sch.3358
opv.13486
dpy.15201
spe.10589
ppx.18455
opv.16032
dpy.13050
ppx.26712
msc.5689
taa.13177
sch.254
htf.354
tas.1575
msc.3626
scr.3459
msc.5294
tae.7004
taa.4250
ecm.5748
scs.17609
ppx.22042
hyd.7972
msl.8817
cln.4057
opv.13057
spe.18419
taa.8058
taa.10883
opv.12552
scm.6936
msl.12934
msl.19238
ecg.687
ppx.9565
Fsc.2264
cln.10023
scw.25147
Ecg.3896
msl.59395
tae.11477
ecg.7476
ppx.23104
tae.12135
tas.3209
tas.5838
Ecg.1062
msl.14642
scw.25550
hyn.206
ppx.32808
dpy.2819
msl.37947
Taa.9614
ecg.7369
Fsc.448
ecd.3985
scj.3385
spe.5878
opv.9703
spe.10921
taa.2792
ecp.3982
ppx.2055
cln.4837
scj.9830
ppx.31669
msl.33446
smm.3631
taa.1831
scc.18828
msl.52498
ppx.34463
ecp.5344
Taa.7760
fsc.12107
Taa.8624
msl.19541
hyn.10053
opv.6841
Fsc.26732
opv.9597
scc.3456
ecd.1612
gys.3657
cln.2094
scr.6433
Fsc.873
fsc.9014
msl.35603
msl.3635
opv.15345
hyd.7234
hyn.7
spe.4047
msl.44845
msl.6565
spe.15788
tae.4110
fsc.6380
msl.47672
Fsc.33061
hyd.8780
spe.27426
msl.18560
htf.9420
ppx.27198
hyn.1581
scr.10568
ecm.8122
tas.1005
cln.11348
spe.35428
sch.1853
hyn.3817
fsc.3705
cln.10591
opv.1411
scc.14126
hym.5971
dpy.6905
scj.4054
ecp.13796
msl.27243
scs.10981
taa.8207
scm.8106
taa.446
Fsc.32009
taa.3937
msc.1488
ppx.6350
spe.30764
msl.11055
trc.11308
hyn.60
scs.3712
scw.3953
ppx.3731
trc.7678
ecp.10444
ecd.5541
scs.481
cln.10285
taa.7513
trc.21574
scw.15052
ecp.12368
scs.14148
trc.10720
scw.11414
htf.9079
scw.13585
ecp.7274
ecg.2711
ppx.15579
scc.10064
Ecg.6809
msc.7980
tae.7122
taa.9561
msl.21161
ecp.17174
fsc.5189
tae.11169
cln.6333
scr.19504
scj.10380
msc.5301
hyd.11010
scr.17599
scc.2563
hyd.1962
ppx.33400
ppx.21292
dpy.2889
ecm.3988
scr.12127
htf.8352
Fsc.30931
taa.2937
Ecg.8223
trc.762
ppx.6128
sch.11025
ecm.8876
scm.6558
gys.1565
msl.4165
scm.9807
opv.7068
tae.6687
msl.60405
ppx.3859
spe.33196
msl.47699
tae.779
Fsc.13739
scr.8090
scm.8549
Ecg.5567
ecg.9571
tae.7693
sct.17972
sch.7400
scj.2410
msl.41456
ppx.16470
sch.11149
scj.2167
ppx.11465
dpy.1619
scr.20694
ecm.4916
ecp.16892
scw.16265
cln.12257
msl.48989
taa.3867
msl.26949
msl.34677
opv.11042
cln.11625
tas.1223
msl.25591
sch.10576
taa.5233
scj.4274
hym.655
msl.33429
scj.5742
opv.11247
msl.28672
scc.1061
ecp.45
htf.8360
scw.8749
spe.27051
spe.13630
ecm.8625
hym.10569
ecp.7159
hyd.5177
scw.23636
spe.16286
htf.3737
opv.2813
sch.13004
hyd.4382
Fsc.14634
cln.83
sct.5544
cln.10775
scw.6644
msc.1469
dpy.5003
scm.5513
smm.3817
scs.10754
scw.409
msl.53329
msl.17073
ecg.5963
msl.47090
ecp.9730
sct.12605
msl.19584
Ecg.5473
msl.46159
dpy.6062
spe.9173
scs.9945
Fsc.23930
spe.29756
scw.20384
msl.54199
taa.12582
msc.1355
trc.12626
opv.9740
sct.11532
ecp.10781
hym.11890
spe.30632
gys.2502
taa.5002
opv.15066
msl.53035
tas.1691
spe.17677
msl.28548
scs.15688
Ecg.4470
Taa.7720
scm.907
fsc.14761
sct.585
hym.10233
msl.39831
Ecg.8716
scc.12850
Fsc.398
tae.6925
taa.7299
ecg.4279
trc.20948
trc.18370
msl.2034
msl.34111
tas.11295
ppx.33
scm.7036
trc.1738
cln.8831
sct.4838
trc.375
Taa.10107
trc.3856
sch.6987
scm.3029
tas.12629
scr.19576
ppx.12456
trc.17309
scw.17157
tas.11546
scm.11698
cln.8081
spe.1810
taa.10131
taa.5577
spe.28606
ecd.9491
spe.26582
sct.22022
ppx.30118
scw.4582
scr.2318
tae.7900
fsc.1540
spe.24718
taa.7071
ecp.12437
ppx.25257
ppx.5728
hyn.8881
hym.805
scs.8388
spe.12017
fsc.15524
sch.4000
taa.8534
spe.28948
sch.1180
scr.7082
ppx.9242
sch.8937
msl.36429
hym.8339
sch.417
tas.12184
sct.10158
tas.9456
scr.982
dpy.19670
trc.14032
opv.11087
spe.6177
spe.38637
tas.6074
sch.2165
ecd.9086
gys.13785
spe.17097
scw.12194
sct.18411
ppx.23870
scr.12139
ecg.6515
trc.17105
Fsc.19133
spe.38091
opv.5779
ppx.21149
dpy.12608
htf.10195
msc.599
scr.1648
dpy.16575
ecp.16003
dpy.14628
fsc.7412
Fsc.32988
dpy.9722
hyn.1639
cln.1412
sct.2611
htf.10440
scr.15895
taa.11399
scs.7652
ppx.34155
ppx.253
tas.2630
scc.17068
sch.11138
sch.12750
spe.8872
spe.1717
dpy.18747
opv.10934
tas.11486
trc.19405
ppx.12295
ecd.7128
tas.9020
scc.139
ppx.15976
ppx.11918
tas.1403
ppx.34306
sct.2694
trc.1231
scc.20777
scm.10193
spe.38538
spe.31584
gys.5539
taa.12086
dpy.14242
scj.6770
tae.9670
hym.9322
trc.332
scc.15515
htf.10577
tas.7477
ecp.223
dpy.1506
taa.3164
hyn.12183
tas.12265
scj.11262
tae.3647
opv.16272
Taa.1261
fsc.13038
dpy.1397
sct.5583
ecp.11056
scj.8546
sct.17397
taa.12774
sch.10980
ecp.11540
ecm.2754
dpy.18799
scw.14751
ecd.9295
taa.9297
ecd.6196
dpy.18250
ppx.19637
ecp.9027
scc.22206
ppx.5004
trc.6415
scr.8431
htf.5699
msl.51664
gys.8595
spe.30010
spe.3088
ppx.11726
Taa.5770
spe.10370
scw.9391
hym.1780
htf.7872
scr.278
scr.15284
trc.19170
hym.11443
dpy.15142
spe.25803
ppx.8047
Fsc.10655
spe.36044
tae.11883
scw.2813
scw.3991
opv.10165
msl.16902
scs.12589
ecm.10077
scc.15158
ppx.20993
hym.7389
ppx.1572
tae.3335
msl.23035
tae.2871
hyn.11746
dpy.17567
ppx.28789
spe.22539
dpy.7500
ecp.9923
ecd.9921
hyd.2323
scm.11297
tas.11877
msl.16397
msl.2603
ecd.4852
ppx.35220
spe.34196
ppx.34843
sct.2452
sch.11643
Ecg.9171
scr.16229
opv.1105
ppx.9158
taa.1890
hyd.6724
msc.10171
scw.18358
ecp.14525
ecd.2938
ecg.504
trc.18019
Taa.3106
ppx.31281
msc.3010
scc.10250
spe.21791
ecd.2696
ppx.23025
spe.16431
scr.15386
