

Taa.313
htf.6302
trc.3525
scm.9417
Fsc.28263
Fsc.2753
Fsc.17533
scc.12515
sct.3073
scr.5416
Fsc.21414
scw.23653
Fsc.13409
Taa.516
scw.10745
scr.20130
scc.17192
sct.17761
fsc.5200
msl.15076
scr.9396
trc.359
scr.19679
Fsc.17169
Fsc.15158
scr.16594
sct.17111
Fsc.24294
spe.7286
ecp.15692
spe.24583
ecp.1239
sch.7769
scj.4338
Fsc.25121
dpy.16437
spe.2840
scr.2379
dpy.11879
htf.1000
gys.6952
sct.8333
ecp.10204
Fsc.29651
Fsc.3962
scr.20698
scw.11240
scj.2630
Fsc.16366
scr.3256
scw.423
scc.19451
ecm.4742
sct.22045
spe.11553
scr.4943
ppx.21801
spe.22711
scj.4561
ecd.2839
Ecg.7007
spe.11022
ecm.8172
scc.568
spe.37898
msl.14892
hyd.6536
scw.24762
spe.7816
ecm.153
hyn.2028
cln.3208
hym.2197
gys.5474
scr.16227
ecd.8006
spe.651
ppx.29219
ecg.9071
scr.1324
ppx.30617
ppx.3317
scr.7706
opv.13482
tae.10744
scc.15879
msl.56545
tas.10328
ppx.13394
scr.6035
sct.9787
scs.2404
opv.3126
msl.33187
scc.12313
opv.5456
ppx.21420
tae.8571
ecp.1053
scr.14292
taa.125
Ecg.6274
msl.33757
opv.7225
taa.4178
sch.9193
msl.14813
msl.23028
Ecg.2535
ecg.9260
tae.3064
msl.26973
tas.4220
scs.9883
msl.47594
fsc.10934
sct.7817
Fsc.17051
smm.3612
ecd.9228
scc.11327
msl.18595
msc.6880
cln.11440
ppx.13008
htf.10319
ecm.4346
msl.15358
scr.18394
trc.12667
ppx.29849
trc.14639
hym.6131
hym.10572
scw.11610
opv.4172
htf.4372
cln.8442
msl.27230
msl.49017
scs.7656
dpy.16339
scs.13860
msl.5693
dpy.17059
hym.3385
ecg.5503
taa.4866
taa.9186
sct.4562
ppx.5437
ppx.3569
opv.10683
hyd.7220
scm.4920
tas.861
htf.1436
tas.12255
scs.14498
hyd.975
sct.4883
sch.3397
ppx.26109
ecm.4609
msl.26185
scj.3254
scw.3067
scj.10791
msl.59200
hyn.3762
hyd.9158
tae.9419
msl.9202
Taa.8963
Taa.9315
tas.7782
scs.9732
ppx.3374
ecm.8301
Ecg.201
scw.329
scm.2461
scc.220
fsc.10298
ecm.4892
scc.2209
sch.304
opv.16065
scc.8529
taa.5351
tas.4706
sch.7983
spe.29807
msl.20572
gys.2865
tas.3988
sch.1303
scw.5901
ecg.7795
hyn.4601
hyd.8282
msl.38566
tas.10964
ecp.9030
hyn.3682
hyn.6529
tas.3605
scs.755
msl.44236
scw.17285
hyd.10602
hyd.6224
ecg.3628
gys.10841
scs.17079
spe.25229
hyn.5476
Ecg.1606
htf.7964
msl.34408
trc.5812
ppx.36322
tae.10048
scj.2268
cln.549
Fsc.12267
tae.5825
hyd.8193
fsc.4041
fsc.5592
scs.16819
msl.26577
hyn.7957
msl.35710
hyd.10694
dpy.16816
sct.10188
scc.17547
Taa.7
Fsc.9135
htf.11072
sct.8081
sch.9502
taa.2696
msc.6318
hyd.54
msl.15914
ecm.180
ecg.58
tae.4159
htf.2376
hyn.11202
scc.17095
gys.10799
scc.11843
msc.6985
htf.9750
Fsc.14406
hyd.641
taa.6371
msl.14109
sch.329
msl.45900
ecm.5610
taa.12051
msl.4698
ecd.8297
msl.41800
fsc.3577
scr.7106
scm.4378
msl.34692
ecm.6771
ecm.7812
htf.6875
Ecg.7624
scs.1450
msl.33862
scw.1472
taa.1039
ppx.24481
msc.10587
fsc.12968
msl.30861
cln.9719
spe.24895
msl.22264
scs.14089
htf.3529
ecg.4735
msl.2106
scw.10150
cln.4026
ppx.19284
ecm.465
Fsc.23434
spe.11714
sch.10709
hyn.12464
ecg.2796
scs.13819
ppx.35193
msc.7325
ecg.10082
scs.11385
sct.12249
scm.2220
msl.16687
ppx.18664
msl.29688
msl.24503
scs.2203
scs.1137
tas.10484
taa.6606
msl.58142
Ecg.1043
Fsc.28787
scj.6271
dpy.4071
msl.30801
htf.3313
msl.3863
ppx.19829
msl.21768
scm.6450
scs.16047
spe.4794
sch.5899
ppx.1889
Taa.8953
tae.3681
msl.53747
Ecg.5142
sct.17149
msc.286
hym.8499
sct.19747
hyd.6989
ecp.8124
hyn.13390
hyn.9497
ecm.2653
msl.39991
ecp.13057
hyd.1135
scm.1392
scr.4270
ppx.32754
scw.10456
gys.1764
spe.31596
msc.164
Fsc.7884
msl.6175
dpy.14939
ecm.433
ecp.9557
sct.18002
msl.9864
trc.1267
scc.9713
Ecg.9041
msl.5054
sct.5593
scw.2072
opv.2175
Fsc.26907
tas.6984
ppx.993
fsc.2793
ppx.784
trc.12457
scc.4084
scw.11661
ecp.7973
ecg.8629
scj.8346
opv.15609
msl.53253
Ecg.9828
Ecg.3045
Ecg.9490
hyn.4123
ecg.1151
sct.2683
sch.5595
ecm.5018
tae.6825
msl.4678
Taa.4349
msc.6735
fsc.2630
ecd.10318
scm.635
tae.8603
opv.14933
Fsc.6657
hyn.10663
msl.55058
taa.13170
sct.2433
gys.4621
htf.8387
spe.11086
hym.11007
sch.6473
spe.14453
hyd.4078
htf.3758
ppx.31254
scw.15504
msl.10076
scw.21531
ppx.17310
opv.12433
msl.39144
ppx.35595
htf.9243
dpy.4191
scc.21467
ecd.1768
ppx.510
ecm.5359
msl.28704
msl.43746
msl.59977
msl.32652
msl.16172
scw.8049
ppx.15498
scc.10367
trc.2350
ecm.7378
Taa.2355
hym.562
hym.1068
msl.56428
fsc.15287
msl.54759
dpy.4309
scc.22531
htf.540
scw.14844
ppx.13927
Taa.4184
dpy.6223
ecp.5191
hym.3844
ppx.23759
tas.3488
opv.1621
spe.9198
dpy.14208
tae.9299
gys.11458
hyn.2545
tas.464
ecg.3562
Fsc.28962
hym.9124
gys.8308
Ecg.5045
sch.6906
opv.55
scc.2291
tas.10346
tas.4486
scs.4038
scs.181
scc.17834
opv.13678
dpy.13965
ecp.13331
Taa.5236
htf.8182
gys.2600
spe.37330
spe.29914
scw.11060
trc.15049
scj.10839
tas.8756
Fsc.9004
msl.45689
msl.20347
cln.8505
tas.3557
msl.39583
hyd.1066
Ecg.5960
ppx.12798
msl.23354
msl.59866
cln.13574
msl.16646
gys.10552
scj.11041
msl.8529
scw.19628
spe.37701
ecp.12727
ecd.369
htf.9486
scs.17119
ppx.33493
scs.3035
msl.31490
msl.58216
gys.2429
msl.16908
ecg.2783
msl.758
htf.9080
sch.11355
hym.5399
taa.2058
hyn.7624
msl.8302
gys.12483
scs.1516
scs.15868
ecg.6251
cln.11848
scc.20320
cln.4890
scr.16486
hym.3544
htf.9375
hyd.7091
scm.437
scc.7570
hyn.11299
ppx.19912
opv.7457
scw.24727
sch.5275
msl.7961
msl.46953
trc.12593
sch.3681
cln.7400
scs.13270
msl.59125
dpy.19882
fsc.11446
fsc.2505
tas.6181
scs.12062
hyn.13118
cln.4715
gys.5996
msl.59673
scj.10176
msl.17864
htf.10869
Taa.8813
hym.6867
msl.53689
ppx.3551
ecm.5573
sct.13638
hyn.1286
msl.24590
scm.7216
msl.10740
fsc.11097
gys.6970
msc.6142
ecd.7978
ecp.5000
dpy.2612
scm.11743
sch.8992
Taa.78
msl.13463
hyn.12372
cln.10534
scs.14049
dpy.6362
hyn.3989
taa.938
msl.37211
ecm.8266
msc.311
msl.528
scw.9991
trc.10306
ppx.14125
ppx.35378
msl.15706
taa.4036
msl.52930
dpy.3557
spe.16377
gys.6808
dpy.5353
spe.1399
dpy.9856
scs.10662
spe.11350
htf.6488
ecp.2318
ppx.24917
scj.8808
gys.5425
Fsc.307
msl.25262
scc.8662
msl.36631
scc.11640
gys.5259
msl.50762
ppx.25211
msl.2411
taa.7266
tas.9163
ppx.32290
Ecg.1358
msc.217
scr.6194
msl.43451
msl.1329
msl.7582
msl.45242
scs.6957
msl.23038
ecm.3776
Ecg.7153
msl.13245
msl.60029
msl.59210
scw.20794
Ecg.4505
msl.34315
hyd.2799
taa.3349
msl.18707
htf.10209
msl.176
ecm.7622
ecd.577
msl.6843
hyd.8835
ecg.4348
gys.3227
Taa.4595
dpy.6453
hyd.6719
spe.37351
spe.18459
msl.60298
ecm.1036
Fsc.2319
hyn.4411
msl.16670
hym.9271
taa.1068
msl.53179
msl.33369
scj.4932
opv.166
htf.11347
Fsc.1674
taa.8245
hym.1915
ppx.25034
Taa.862
fsc.977
msl.30049
msl.43303
taa.1499
spe.12477
scs.17556
cln.6076
msl.38510
msl.1508
ecm.4807
fsc.2407
msl.27468
scr.10292
msc.6402
sch.3516
sch.124
msl.54313
msl.3564
ppx.21080
ecg.10714
spe.17083
scc.9318
fsc.7992
htf.3906
Taa.7722
spe.37767
scs.5804
hyd.951
hyn.359
scj.3705
tae.12049
msl.28340
Fsc.17529
scc.20091
msl.11214
cln.2687
ecm.8772
scc.18152
fsc.5666
Taa.6322
cln.12815
msl.58440
msl.59470
ppx.35935
ecp.6651
htf.3552
msl.15095
taa.8291
trc.9126
msl.52993
trc.17538
ppx.3675
msl.28555
ecg.61
sch.1291
smm.3463
scc.16372
gys.11642
tas.6765
ppx.14338
gys.14047
msl.11325
htf.3594
tae.7604
msc.7121
msl.42605
scj.527
fsc.11605
ecp.13069
trc.6709
msl.3377
msl.10204
ecp.9050
Ecg.9092
hym.5415
scs.15827
sch.12823
htf.11376
cln.5726
msc.2168
msl.8273
tas.12437
ppx.34898
opv.12613
taa.5248
msl.1458
msl.6559
scj.376
sch.4225
Taa.3652
ppx.16957
scj.1962
ecp.7082
hyn.10833
scc.16072
hym.4753
scm.5868
Fsc.24652
scs.7791
ppx.14901
sch.2094
hym.9550
scs.13370
msl.39208
trc.15158
scs.19231
scw.188
scw.821
Fsc.7986
ecp.13903
taa.12152
Fsc.13227
fsc.1018
tas.10310
msl.60175
msl.37010
msl.25681
Taa.5790
msl.10787
scr.21900
scj.92
hyn.4005
msl.28108
fsc.14274
scj.8999
hyd.3691
scr.13786
taa.7262
trc.5834
tae.5009
cln.859
scc.9486
msl.12422
opv.6452
hyn.1826
hyd.3034
scc.5321
hym.2112
msc.2035
msl.45514
msl.23244
fsc.10927
ecd.2645
hym.7922
msl.5708
gys.12839
taa.5216
scj.10334
ecd.7801
ecp.2887
msl.36937
opv.15685
tas.10212
spe.13049
hyd.10230
fsc.11740
taa.3493
trc.6644
sct.2609
msl.50818
ecm.1648
hyd.4228
opv.1678
htf.769
msl.7175
ppx.599
spe.23457
trc.1886
hyd.8947
scw.290
msl.18106
Taa.4291
ecm.8550
hyd.9978
tas.8910
dpy.11598
gys.1987
scr.7328
trc.11943
spe.37794
ecp.7920
Taa.7149
tae.1358
trc.9221
msl.38790
tas.137
spe.24766
msc.193
gys.5320
msl.23493
ppx.22612
ecp.7189
hym.984
msl.33443
msl.18069
htf.9544
ppx.11357
msl.59704
scc.16671
spe.18333
scw.10337
tas.10533
tae.1931
ecp.13629
scw.20141
msl.32007
htf.818
ppx.25481
spe.12123
msl.33690
hym.7030
scs.1701
sch.6424
spe.1347
ecp.1059
taa.8204
tas.3814
msl.36927
cln.10293
msl.162
Taa.140
Fsc.1827
msl.16544
ecg.2685
ecg.9998
spe.18199
tas.7683
scw.16286
tas.10126
trc.7399
spe.38092
scj.7877
spe.6699
cln.2298
Fsc.13549
msl.2692
ppx.6783
gys.15196
tas.10538
tas.4891
msl.26165
hyn.438
dpy.17455
hyd.8617
scc.12928
cln.1109
Ecg.5434
taa.5095
msl.54035
spe.30304
fsc.13343
taa.9700
scc.14598
Fsc.2139
trc.14128
dpy.14906
spe.20436
sct.9243
ppx.28203
scj.10558
hym.10320
taa.12835
gys.12032
gys.14937
spe.37332
taa.12662
tas.7212
spe.31434
ecp.10544
opv.10104
spe.12507
ppx.14304
scc.22341
tas.7008
ecd.3305
spe.34634
htf.8325
ppx.1167
scm.6579
ecp.1544
msl.10419
gys.7383
spe.18438
trc.4626
scm.11274
hym.6317
msl.25012
scm.8439
msl.20911
msl.34556
spe.6948
tas.7342
ppx.23424
scs.3931
ppx.11050
dpy.11335
spe.35099
gys.14867
hyn.1269
scc.9209
ecp.972
trc.9924
scr.16146
spe.25758
scw.20558
gys.1273
ecg.10324
hyn.13579
scr.13534
scj.12539
msl.8078
scj.12194
spe.18221
Fsc.24409
ppx.9450
taa.8379
dpy.19116
taa.9553
ppx.3399
trc.11462
msl.11390
trc.6517
ppx.29246
scs.20209
hym.8362
dpy.2913
ppx.35518
scw.12978
dpy.2669
sch.12821
scc.6200
scm.3793
scs.6232
ecp.2759
scc.894
Ecg.2531
scc.23347
dpy.8310
tas.7827
trc.20480
hym.11683
dpy.12679
dpy.3633
ppx.32300
msl.31285
sch.7586
Ecg.7899
tae.4763
tas.12398
ppx.27045
dpy.19353
spe.26514
smm.2739
scr.14601
Fsc.25908
ecd.9031
ppx.16681
spe.3087
gys.7640
sch.4750
ppx.15707
msl.31870
ecp.3524
ppx.9862
msl.24190
scr.13510
tas.12971
taa.3605
scc.9149
spe.20376
taa.6372
scr.14581
ppx.11437
dpy.17694
hym.10099
ecp.7757
msl.10140
scs.5367
scs.4459
tas.12382
sct.17416
ecg.1561
ecg.9133
spe.34458
scm.11032
scr.13369
tae.9378
ppx.37198
ppx.30220
spe.585
spe.26706
Taa.2561
ecp.11880
ppx.37786
ppx.30861
fsc.14520
fsc.9391
spe.27990
sct.20471
dpy.16136
fsc.11627
spe.27277
msl.31447
msc.2660
spe.35178
gys.11537
hyn.13364
ppx.29098
htf.10453
fsc.8107
tas.8674
scs.2589
scc.9825
scr.5909
scc.6145
ppx.10003
ecd.3358
scr.17738
scs.2927
scw.3235
ppx.36467
hym.1932
scw.20483
ppx.29373
gys.5427
scr.13110
msl.25452
trc.3634
fsc.1167
fsc.7449
ecg.2622
scw.190
Taa.4180
scw.9512
scc.15447
scs.11540
msl.34282
sct.3625
ecg.3162
ecm.1780
Fsc.21983
spe.23070
cln.8490
scc.21177
scc.10309
ppx.9823
trc.768
ecp.17118
scw.7303
ppx.24072
spe.38452
scw.14163
ppx.28006
scr.14781
gys.15275
spe.6639
trc.21645
hyn.9492
msl.29293
spe.18567
