

scr.17159
opv.10200
msl.13805
scw.10118
Fsc.28404
spe.38322
spe.14676
msl.8680
Fsc.21817
spe.39525
sct.8129
ecd.10905
spe.8276
scr.23723
Fsc.29116
ecd.8671
Fsc.11404
ppx.15132
Fsc.2729
Fsc.9386
scw.15447
spe.18308
scc.9244
ppx.8109
spe.2830
smm.1162
scw.24497
ppx.10438
hyd.10686
smm.1244
scr.18268
Fsc.15358
scr.13981
scw.20803
Fsc.26621
ppx.19035
smm.2351
ppx.10206
Fsc.28116
sct.3483
scc.20225
scc.1146
scw.20109
dpy.7322
ecd.4530
sct.18686
scw.15744
gys.4307
scw.17162
Taa.4648
ppx.17493
sch.9121
Ecg.4696
dpy.15478
opv.352
scc.18752
scw.3745
msl.43605
scr.23657
tae.7305
ecp.7448
ecp.1321
ppx.11190
tae.7154
msc.10161
fsc.14456
msl.2373
ecm.7517
opv.8000
cln.8586
ecd.2668
scr.5786
scw.7354
tae.9577
scw.3334
scw.6208
hym.6836
taa.3158
msl.58
tas.972
taa.11148
msl.29649
ecp.17321
msl.7808
Fsc.28764
hyd.10368
msl.25168
hyd.2069
msl.50534
taa.622
tae.2912
ecm.589
taa.11527
ecg.9600
scw.2977
msl.28260
scs.14014
spe.934
scr.9046
Ecg.5227
Fsc.24133
trc.12643
cln.7216
tas.2672
msl.11014
scs.16476
cln.12184
spe.14251
scm.10748
hym.1678
hym.10647
tae.7682
fsc.9537
scc.21182
sch.98
ppx.4411
hyn.11409
msl.28649
taa.7703
scc.7436
spe.37012
ppx.32404
msl.34545
cln.3678
hym.6796
tas.11248
opv.7889
gys.9402
cln.4004
scc.8379
tae.3007
hyn.1076
ecd.2945
ppx.6433
Fsc.27970
Ecg.742
trc.2563
cln.1937
scc.9896
scm.1787
msl.12253
msl.6602
tae.9947
trc.10880
spe.27870
msl.24511
taa.8702
scs.1104
msl.1868
cln.11495
scr.398
scm.6091
dpy.11154
msl.43254
trc.18050
taa.12889
hyd.6878
hym.6769
taa.9478
sct.7168
opv.14522
hyd.8496
ppx.37438
msl.39031
msl.42989
htf.6830
cln.3530
msc.1506
msl.34630
Ecg.8884
ecg.2464
sch.8608
msl.23958
sch.12973
smm.3644
tae.7650
trc.14209
hyn.6774
spe.4808
ecp.2620
hyd.10195
Ecg.3133
Taa.1683
ppx.30581
ppx.29033
opv.2661
scj.9578
ppx.17351
scr.5952
msl.40624
ppx.3120
tas.3436
opv.15486
ecp.15112
hyn.10636
cln.11125
Ecg.2597
hyn.9270
msl.8396
msc.7384
msl.39531
htf.9129
sct.5159
taa.2416
tae.11221
scm.4600
msl.19643
scj.7714
hyn.5294
msl.38816
scw.5790
hyn.10372
msc.8533
taa.6812
dpy.15668
ecp.993
htf.7111
Ecg.2703
fsc.10486
Fsc.17518
ecm.10615
msl.42039
msl.13483
msl.46015
gys.2773
msl.42540
taa.7037
scm.2644
ecg.11286
ppx.15993
ecd.5651
spe.34077
htf.11413
hym.8545
Taa.8870
msl.24677
sch.12925
tae.8661
hyd.10459
scj.2808
trc.11930
hyn.18
hym.11653
hyn.10553
ppx.4281
cln.8073
scs.17169
Ecg.6549
ecg.5889
scw.11344
cln.4824
fsc.10603
msl.27895
cln.3696
msl.45129
opv.2773
scc.3438
taa.4499
msc.8765
Ecg.5234
htf.6376
scs.19833
taa.12622
taa.2760
scm.2720
scs.4289
fsc.10716
tas.9204
msl.8246
msl.18890
msl.17158
tas.12551
gys.1305
dpy.5371
Fsc.32939
hyn.842
ecg.412
spe.31134
hyd.1917
ecp.2379
ecg.927
dpy.15112
cln.3642
cln.9692
smm.260
tas.9354
hyn.13670
cln.13074
ppx.15636
Fsc.19847
msl.42925
opv.6226
scw.16037
tas.10453
scr.15983
msl.4934
msc.8756
msl.33994
ecm.8572
ppx.3801
fsc.5249
smm.2953
dpy.18865
Taa.5059
hym.7666
ecp.3590
scj.8130
scc.11074
smm.108
hyn.7315
msl.12082
scw.1231
cln.11332
opv.5268
Fsc.31213
htf.7210
cln.11236
trc.13455
ecm.6518
scr.66
scs.10078
tae.12129
spe.10191
scs.16539
ppx.14085
trc.15933
msl.10326
tas.11167
tae.1919
scc.9853
msl.52164
sct.14668
opv.16042
scj.8625
htf.8084
msl.3611
Ecg.1133
ecd.6714
tas.10608
taa.5363
msl.59408
hyn.567
sct.21772
msl.28396
scr.4826
spe.11260
fsc.2654
spe.14369
scj.573
trc.12198
msl.58383
trc.17262
tae.5890
Taa.7256
ecm.6650
scw.24077
scc.8070
Ecg.7724
ppx.1920
sch.5945
sct.17198
tas.3007
msl.6647
scs.3297
Fsc.30477
trc.10262
scc.1101
spe.2272
spe.35985
msl.45338
ecp.13087
Fsc.26504
scc.20371
msl.5512
ecg.5239
ecd.452
spe.16849
sch.9227
hyd.7642
scj.5484
cln.11044
ppx.16539
fsc.4112
scr.14991
ecg.7627
Ecg.6312
hym.5644
ecd.5647
scj.5236
Fsc.2499
msl.28054
ecm.1081
tas.621
scm.2427
sct.22314
Taa.2505
scj.9901
msl.52659
scm.3236
scw.6227
msl.29503
msl.18998
msl.15810
msc.1079
ecd.1333
fsc.109
scc.14647
scc.9539
ecm.2694
msl.11899
ecg.4225
tae.9790
ecg.8013
scr.14333
msl.55482
fsc.8541
ppx.26303
ecp.9896
Fsc.14010
cln.9791
tas.7777
msl.56415
ecg.5591
taa.6452
fsc.1648
taa.11144
msl.11597
ecp.8098
taa.4793
hyn.7492
ppx.32670
ecg.5823
Taa.3994
msl.29822
fsc.2197
msl.38950
scw.550
Fsc.25177
ecm.2038
ecm.4086
msl.38451
ppx.36929
spe.31793
spe.3025
spe.27181
htf.7736
hyn.12805
ppx.24996
opv.873
sch.11190
msl.42425
fsc.6306
cln.10747
taa.3944
msl.20224
ecp.15746
msl.50332
scm.9769
sch.3072
scs.13603
taa.8514
ecd.4912
ppx.29797
gys.4734
ecm.7264
trc.21056
spe.2980
sch.6706
ecm.5172
tas.3396
ppx.36604
spe.23167
scm.2119
trc.10134
ecm.8763
opv.15440
spe.34722
sct.9258
msl.44939
ppx.12619
ecd.2781
spe.27238
ecp.7348
msl.31753
ecm.1023
msl.4841
msl.18232
cln.4576
scj.8633
msl.34966
dpy.6826
msl.51781
sct.6281
sch.5142
ppx.2423
scm.1389
sct.19159
msl.50004
msc.6978
sch.3929
msl.21604
hyd.2778
tas.6028
msl.15260
Fsc.9311
dpy.8945
ecd.9908
taa.7061
fsc.9021
hym.8820
tae.9261
dpy.11726
scs.13853
ppx.30695
tae.1705
fsc.1390
taa.9721
scm.1770
msc.9835
scm.7520
sct.18417
msl.11535
dpy.5596
msl.59569
msl.38876
ecg.811
Taa.5455
sch.2696
msl.24466
tae.695
spe.32744
Fsc.2131
msl.47225
opv.1727
htf.11187
scc.15013
trc.17723
msl.33143
sct.10400
opv.12355
scj.3324
ppx.24117
taa.6350
dpy.2441
msl.595
msc.5529
ppx.22868
msl.46640
scs.6809
msl.27353
spe.26054
sct.7425
opv.2222
fsc.15318
opv.12063
opv.14656
htf.6667
ecg.6014
ppx.27842
gys.11653
gys.7686
msl.14084
fsc.5868
ecp.6324
hyd.1032
cln.1051
htf.4236
ecp.3799
sct.9133
scc.19201
gys.3640
opv.10310
spe.39434
ecd.6289
ecg.5040
sct.16120
opv.1123
spe.34768
hym.3680
msl.10395
scm.8686
scj.1634
tae.7125
tae.11274
msl.49875
msl.2911
sct.10589
scs.12357
tas.4422
spe.32622
ecd.594
scs.18075
trc.16529
msl.59472
ecg.7552
ppx.18891
ecd.514
hyn.9691
scr.16661
scs.14131
Fsc.11502
ecp.14933
msl.33114
Ecg.8222
hyd.8207
ecg.5622
msl.39271
hyn.8376
ppx.86
hyd.8900
scm.9879
trc.20453
cln.7129
scc.5408
msc.5438
scs.15383
scw.4743
spe.14915
Ecg.362
msl.55976
scw.18799
ecg.7919
dpy.14710
scs.12874
hym.770
msc.5838
msl.41495
ecg.353
hyd.4178
scr.9569
msl.53582
dpy.5186
msl.29151
trc.12160
opv.9855
spe.37828
scj.6606
tas.566
Fsc.1815
taa.3825
ecd.8307
msl.46169
scs.6611
spe.16423
scm.4894
trc.1608
sch.11211
cln.4508
dpy.14400
htf.3496
spe.39120
sct.5744
hym.3236
ppx.13021
msl.39337
tas.3832
spe.28818
ecg.1498
msl.17605
scs.18309
spe.9675
sch.9089
hym.8979
scw.18184
ecg.3190
cln.4024
scm.10179
msl.2070
msl.49038
msl.30766
fsc.10038
scr.486
scw.6038
spe.31902
spe.34709
ppx.15892
scc.13693
scm.2211
msl.50378
ecg.2391
scj.6472
Taa.6578
hyn.4510
msc.2607
cln.2447
ecg.7539
ecp.8094
spe.17546
sch.7462
msl.43276
ecp.9298
ecd.8730
tae.10055
msl.50667
hym.1278
msl.44051
ecm.5074
sct.5438
scs.1216
msl.1775
Ecg.3414
scw.1255
scs.18532
scr.2474
ecd.10057
ppx.31761
fsc.13401
tae.10262
msl.40524
sch.12913
msl.56505
msl.40139
taa.6726
msl.57907
ecd.4513
Fsc.20386
tae.2697
htf.9571
Ecg.7221
scw.24708
sct.16209
sch.4136
msl.46994
opv.1523
tae.7296
spe.9738
scs.3913
opv.8283
ecd.9379
Fsc.200
Taa.5863
ecg.7026
spe.7040
ppx.22314
hyn.6545
scc.6827
hyn.5028
trc.2083
taa.1623
ecm.8390
htf.10049
msl.40063
ppx.5209
msl.19702
scc.13986
msc.9115
msc.6027
sch.12663
cln.11404
scm.301
scs.13717
scr.2711
spe.34500
scm.8823
hym.256
cln.9091
msl.50631
spe.2233
spe.32236
scc.10102
cln.4045
cln.9350
Ecg.8540
sch.896
scc.11512
spe.17267
msl.54237
msl.23274
msl.48425
ppx.16130
spe.9407
tae.3280
tas.1489
scs.7241
ecd.1536
Fsc.27563
taa.6902
scw.7767
spe.34437
ecg.247
msl.60030
scw.7877
sct.17764
Fsc.5678
msl.26117
ecg.3667
taa.6391
gys.6651
tas.10906
scs.10225
opv.7879
msc.820
hyn.4020
taa.973
tae.4559
msl.20366
Fsc.29704
hym.6914
msl.12582
Fsc.21610
hyn.9954
ppx.12117
hym.4497
tas.8329
msl.47031
scs.14551
hyd.8761
fsc.11957
taa.8383
msl.38610
ecp.6473
scj.7049
taa.11087
hyn.7166
smm.3279
scr.21444
opv.1551
scs.5503
hyd.1870
scw.8816
ppx.35746
scj.9298
ecm.3274
scr.11298
spe.11730
tae.6099
tae.681
scw.4970
hyd.5817
tas.5306
scs.717
Fsc.7561
msl.36297
fsc.260
ecp.14462
msl.33487
ecm.9957
spe.5176
msl.9050
ecd.1893
msl.13284
scw.17474
tas.3247
tae.7740
msl.13957
ecd.7514
msl.10615
tas.5546
Fsc.1680
msl.14191
spe.28070
msl.29663
gys.2907
spe.24866
hyn.2427
cln.8416
tae.3393
Fsc.24843
hym.4564
htf.11110
ecg.6559
msl.13651
hyd.10593
taa.10262
scs.19167
cln.9519
htf.8575
msl.41052
fsc.15330
gys.1958
tas.9822
spe.22938
Ecg.8030
msl.44988
htf.9522
msl.49273
Fsc.16736
scm.8883
fsc.150
msl.55860
cln.5242
ppx.12249
ecp.3152
scs.7119
hyd.3154
spe.9233
scw.19527
tas.10914
fsc.11386
ppx.9663
trc.11586
hym.2172
scw.10382
msl.45574
msl.46694
tas.3064
tas.1282
ppx.13151
scw.51
tas.9586
msl.42625
ppx.28445
fsc.15143
msl.22695
cln.6681
fsc.6962
tas.140
cln.578
ppx.24551
opv.13191
spe.22578
msc.4042
taa.11788
trc.1167
ecp.16486
scc.20606
opv.655
dpy.17141
scs.15232
trc.16893
msl.20034
dpy.3361
Fsc.9529
scj.11701
Fsc.17368
scw.6112
tae.2430
taa.6607
scc.6332
spe.8013
sct.9679
Taa.8576
spe.26865
scw.2054
opv.6488
gys.4967
ecm.80
scs.8918
taa.12289
ppx.34519
ppx.22485
msl.55442
msc.4445
hyn.9387
scs.20035
htf.4007
fsc.10000
hyn.4957
dpy.18276
scw.7141
gys.7592
msl.35357
spe.30067
hyn.13416
ppx.24005
fsc.5236
ppx.26822
dpy.14693
Fsc.13173
sct.10181
tas.12441
taa.11679
ppx.31641
scc.22988
gys.7100
ecp.1715
trc.1310
scc.13563
taa.9994
dpy.5587
scs.14303
scj.912
scr.21274
sct.9175
ecp.11734
spe.27647
ecm.396
sch.7672
taa.11633
spe.6390
opv.7216
tas.10720
scc.21539
sch.836
tas.9840
scr.4768
smm.36
trc.15706
scr.19043
scs.1597
ppx.13622
tae.4607
scw.23387
scc.7137
spe.33490
scc.22665
dpy.1577
ppx.16648
ppx.23142
hyn.10600
spe.20281
scc.22128
fsc.13780
taa.6369
dpy.4410
hyd.5923
dpy.6033
Fsc.28724
scs.12814
dpy.17424
ppx.11980
ppx.5336
trc.15406
spe.31674
taa.7530
spe.23028
ecp.5408
spe.4863
cln.7227
cln.5208
spe.13622
ppx.32460
hym.9967
scr.19660
scw.22118
msc.10543
hyn.7296
trc.18889
ppx.33408
scj.8616
taa.10380
htf.5631
tae.8274
scr.22636
tas.10706
ppx.34834
trc.20263
taa.13044
spe.29267
spe.22657
hyd.359
scj.6987
ppx.37300
Fsc.32510
scs.13318
sct.1631
scs.12100
hyn.6098
tas.10567
ecp.1953
ecp.1178
ppx.8803
tas.12060
Ecg.3831
ppx.6592
ppx.9602
dpy.16535
spe.12311
ppx.2072
scc.4891
ppx.7611
ecd.5152
scw.9354
Taa.8208
ppx.26279
scs.14997
hyn.4846
spe.24448
htf.5790
dpy.5550
ppx.6606
spe.26416
hyd.5079
scs.15159
ppx.30670
msl.57670
sct.12474
ecp.206
gys.7203
scr.8307
smm.2794
ppx.18930
gys.5851
ecd.10387
msc.4979
scc.22439
scr.19720
hyn.5640
ecp.13274
spe.33351
gys.6446
ecp.13401
scr.13897
scc.7210
ppx.14525
hyn.11100
spe.21056
spe.11900
ppx.32776
spe.24251
msl.14663
scr.20933
scr.4245
ppx.19560
dpy.19261
gys.12027
ppx.36188
dpy.14120
spe.17153
dpy.1959
ecp.16588
hyn.4508
msl.28670
gys.9824
smm.2636
spe.2973
dpy.19643
Fsc.31258
msl.26651
