

gys.9309
Taa.1684
scs.14317
scm.5871
Fsc.4374
Fsc.31128
Fsc.25303
scr.1873
scw.5683
Fsc.22022
Fsc.21558
Fsc.14292
msl.1418
sct.19445
scr.9854
sct.7545
spe.26921
Fsc.23130
Fsc.16411
smm.1228
ppx.21110
sct.18814
hyn.8535
ecp.13256
sct.13766
scc.1033
Ecg.5369
scr.831
Fsc.6704
scc.8797
scw.10947
dpy.11213
msl.31296
ppx.7120
sct.2842
spe.21450
sct.11890
ecd.8637
scc.348
scc.5752
Fsc.6487
ecd.10577
cln.12731
ecg.5991
Fsc.10882
Fsc.21183
scw.12031
gys.11414
smm.3045
ppx.8458
scm.1176
sch.8837
sct.12139
scr.22499
ppx.36721
Fsc.23413
sct.22734
htf.11250
sct.21439
gys.14380
sct.20499
ppx.7139
fsc.2661
ecp.3173
spe.6331
gys.10339
Ecg.441
msl.42965
gys.7248
scm.11304
tas.6475
ecm.10221
tas.12278
hyd.9823
spe.16102
htf.7288
ecp.16972
Ecg.4263
msl.24197
cln.4482
htf.4063
scs.10824
tas.4537
scr.4548
fsc.14696
tas.8769
msl.39132
hyn.886
spe.7970
Ecg.4606
hyd.4057
spe.39076
Fsc.75
gys.15352
msl.26103
hyd.657
fsc.2621
msc.4491
opv.1398
Ecg.3566
htf.237
ecm.9054
taa.6222
ecp.3808
sch.413
taa.1421
tae.10535
tae.4592
spe.27204
scw.12903
taa.46
sct.19505
sct.15992
ppx.36174
msl.47024
scj.9789
scr.7388
msl.37314
htf.7169
msl.53978
hym.11752
scj.6305
fsc.6539
tae.5394
tas.9197
ppx.6335
htf.3945
scj.8274
cln.6754
sct.11392
msl.34033
Ecg.4049
scw.24376
htf.8430
ppx.6165
dpy.840
ecp.6150
fsc.367
ecm.9539
ecp.2074
msl.12900
msl.42878
Fsc.28906
scj.8791
ecm.3082
fsc.565
hyd.4843
scj.5331
sch.8516
dpy.4218
hym.7677
ecp.3582
spe.23778
msl.45379
tas.8587
sct.730
ecp.12870
scm.4075
scc.8230
Fsc.591
msl.59187
cln.7436
scw.12756
spe.30866
Taa.5357
taa.3418
msl.54163
trc.6662
trc.4489
Fsc.24852
ppx.28108
Taa.10095
spe.35374
scs.8861
scw.18431
ecg.10026
msl.52151
msl.7000
hym.10612
spe.7473
msl.60102
msl.22700
scj.11880
ecg.5117
hyn.9134
Taa.6419
msl.25182
cln.8840
msl.17500
dpy.11182
opv.7940
hym.5494
msl.57337
tas.1145
scj.543
ecd.9634
spe.23120
hyd.8423
msl.35659
hyd.131
scc.17595
msl.60397
htf.1376
sct.15618
ecg.2242
tae.10280
Taa.6288
msc.9816
ecg.1270
scw.18603
spe.34138
msl.28707
trc.2459
msl.1000
Taa.525
scc.14538
scs.18029
Ecg.43
ecd.5308
hyn.323
tae.1661
Taa.1724
taa.6051
msl.28994
msl.24183
ecg.7131
sch.6632
cln.9748
taa.1391
hyd.1184
msl.50793
tas.6515
Fsc.15517
opv.837
trc.14537
msl.2755
ecp.17588
hyn.1887
Fsc.15288
tas.4957
msl.59610
sch.1089
fsc.11137
cln.5043
Ecg.6085
msl.52622
fsc.3117
Taa.3956
scj.6908
ecg.9557
scr.1620
sct.798
msl.16209
spe.17761
scr.9922
htf.7373
tas.4658
Fsc.10689
msl.41426
msl.32436
tae.10465
sct.3216
sct.19380
tas.1637
msl.44190
ecm.518
gys.9954
ecd.2743
hyn.4706
cln.11836
ppx.15810
Ecg.9705
sch.10381
scr.5446
Taa.7659
msl.27032
cln.1843
ppx.12491
sct.6836
ecd.1210
hyn.1509
hyd.3988
Ecg.845
scr.11688
htf.6745
msl.32181
msl.59122
spe.21046
hym.3035
spe.1955
scw.1610
ppx.27005
scr.14565
dpy.7025
scs.8766
taa.340
hyd.2509
scc.13500
scs.3467
tae.9537
cln.9932
gys.4315
dpy.6509
hyn.5518
msl.6612
scs.3223
scj.12637
opv.10698
scs.8271
spe.35137
cln.3725
ecp.8837
scw.5762
hyn.2845
hym.2494
Fsc.7733
ecp.7004
htf.358
hyn.5623
Fsc.914
spe.28056
msl.31138
htf.9614
ecm.4111
scm.7733
taa.372
dpy.16405
msl.44900
scc.9954
scc.7796
Fsc.8462
ppx.33790
opv.14965
hym.12250
hyd.9596
hyd.7340
Fsc.9136
gys.10069
hyd.3457
spe.3465
htf.7136
hyn.816
dpy.3465
htf.1864
dpy.8536
opv.12524
scc.9622
sch.1889
scw.4696
hyn.2920
hym.8704
hyn.10767
Ecg.4000
sct.16089
hyd.3174
hyd.120
msl.25357
tas.2610
ppx.8722
opv.15363
Fsc.15313
ecd.3236
htf.10621
Ecg.6001
taa.1708
scr.8195
tas.1402
hyn.10733
spe.3824
cln.7017
fsc.15546
tas.5240
msl.45780
msl.41791
msl.28488
scm.10542
sct.13587
hym.10440
ecg.5474
scr.7728
dpy.6051
trc.14465
msl.25226
scw.10137
ecg.9970
htf.7126
ecd.3913
ecd.2535
hym.2689
opv.16229
opv.8024
spe.9835
tae.3494
tae.6888
spe.16454
ppx.12770
Fsc.25463
sch.12931
Fsc.33039
scr.20126
tae.2171
Fsc.11703
trc.4247
ecd.7412
sct.10269
Taa.459
cln.3975
spe.9036
Ecg.5637
opv.2624
spe.36583
sch.8344
ecd.5052
msl.4705
fsc.7390
tas.200
spe.13509
opv.15446
msl.55248
sch.1461
scm.4539
taa.3718
opv.12868
trc.6087
scw.10957
htf.4459
ecp.9136
hyn.3521
Ecg.431
trc.21692
hym.11134
cln.2940
taa.7687
taa.1887
fsc.6417
scs.3126
ecd.6772
gys.3469
scs.12246
gys.7629
scw.11974
ppx.19317
Fsc.28913
scs.11638
msl.29005
ecd.7654
Taa.1399
hyd.5146
ecd.9955
tae.5752
scm.5143
msc.5691
ecp.1637
ecg.9047
hym.8500
fsc.6308
msl.28004
sch.6259
ecd.6993
hyd.9949
ecp.11933
dpy.8002
msl.21449
cln.12660
msl.48037
ecp.3561
ecd.5905
scs.4852
Fsc.14972
msc.1028
ppx.21414
ecg.4256
ecd.211
cln.6999
htf.64
msl.52245
scm.9498
cln.4640
hym.5582
gys.3857
msc.3060
spe.8126
ppx.18281
Fsc.28573
tas.12789
dpy.906
scs.3407
scj.8777
cln.5138
msl.30453
msl.1046
tae.12304
scw.23118
msl.47845
taa.5236
sch.9877
msl.33622
ppx.3596
ecm.10088
opv.5241
msl.41292
msl.59419
spe.8323
msl.43411
ppx.27696
spe.32718
spe.36566
Taa.3017
spe.36489
msl.17224
hyn.13632
taa.1303
hyn.1672
scm.6490
tas.7656
fsc.10825
scw.3608
Fsc.1213
scc.5994
msl.54267
ecg.2269
scc.19857
ppx.9584
sct.19589
msl.18493
scm.5532
scj.5344
ecd.131
htf.977
hym.10771
fsc.6130
ppx.27185
msc.698
tae.7763
msl.21984
taa.9796
htf.1977
cln.12458
opv.12497
trc.11898
msl.7022
tae.11760
scr.4893
opv.11077
scm.186
ppx.33253
trc.8132
ppx.1848
ppx.9743
spe.872
scm.5677
ecp.6648
taa.3603
Taa.4669
hyd.6829
scc.21645
scm.2404
Ecg.7809
opv.3999
msl.24909
ppx.30455
msc.5926
scw.4714
tae.2682
opv.3816
tas.5039
taa.11112
gys.15135
trc.3369
scs.7047
ecg.8900
hyn.5692
scs.16091
cln.4072
taa.7686
scw.9316
dpy.11805
hyd.7199
scr.1228
scw.24808
cln.12215
ecg.9251
msl.28944
tas.8088
msl.32647
scs.6645
hyd.10501
taa.6428
msl.42327
ecp.15646
msl.4030
spe.3761
hyn.2171
msl.53392
scw.22901
scs.3117
ecm.10028
sch.3196
Ecg.821
taa.8292
smm.1364
scm.10834
gys.11584
ecm.6218
msl.51336
ppx.19895
scj.7974
ecm.6588
sct.13992
sch.8073
sct.18093
spe.26605
spe.4333
tae.3616
spe.39037
ecp.7549
ppx.18387
spe.22646
spe.16283
gys.8315
scm.2807
Taa.1098
gys.2257
Fsc.7684
msl.24562
tae.5231
hyn.10583
sch.1560
taa.6629
gys.6185
ecg.1288
msl.15516
msl.27659
scr.11937
scc.3936
hym.5203
ecp.16399
Ecg.2230
opv.12987
scr.22228
scc.2493
ppx.550
msl.41833
opv.4637
msl.28916
sct.19012
msc.6212
msl.51100
taa.4897
tas.3090
ppx.31666
hym.7913
opv.16066
scm.861
spe.21890
msl.58631
taa.12279
scs.2218
scc.915
Taa.5139
scs.12209
fsc.5622
msl.42755
ecg.974
Ecg.8757
gys.4050
taa.2348
tae.5933
Ecg.2852
fsc.12531
Taa.8447
taa.4674
spe.17305
scs.11936
spe.32352
scc.18215
ppx.12078
tae.1495
hym.7282
hym.720
opv.8171
msl.34807
ecp.11151
htf.1586
sch.7635
gys.4489
msl.23622
taa.3609
htf.8188
tas.801
msl.45311
cln.10327
opv.15623
taa.10954
fsc.1491
msl.30999
dpy.18019
taa.10204
ecg.3768
scm.9455
scs.5182
ppx.9162
sct.12082
msl.18078
scs.16290
msl.32390
scm.10069
dpy.9315
msl.55135
sch.11543
sct.3347
tas.10883
ecp.13611
trc.11804
scs.10959
ppx.3536
fsc.11102
ppx.27066
dpy.6864
ppx.34437
scm.7223
scs.7804
dpy.6717
taa.3768
trc.18305
scw.17512
scs.7876
scs.5690
opv.8292
spe.10581
msl.27868
tas.2462
scc.10821
tas.3413
msl.8613
dpy.6371
tas.7691
msl.6002
ecg.3042
Ecg.8364
hym.8337
ecp.4037
ppx.18589
scs.4253
hyd.8671
msl.21168
hym.63
ecg.3438
trc.6358
dpy.17111
ecd.3632
scw.16365
msl.51713
scw.8697
scr.18125
ecm.5476
ecg.6313
msl.42197
ecg.5248
hyd.4191
ppx.15784
scj.11447
ecp.2408
tas.10838
cln.2076
Taa.9729
msc.9708
sct.14899
ecp.11521
cln.3482
hyd.8439
hyn.3612
fsc.8403
tae.9564
msl.47553
gys.9803
hym.6280
scr.16274
Fsc.22236
Ecg.5832
sct.10902
dpy.7582
spe.26757
msl.42285
spe.20824
ppx.3764
gys.1259
scr.6573
hym.8123
Ecg.9201
ppx.9068
spe.21630
scr.17651
Fsc.17581
spe.4216
msl.29123
tae.7343
hyd.3334
msl.56183
msl.1795
scs.5257
taa.2516
hym.1116
dpy.938
trc.3986
msl.17817
tas.7050
msl.14432
trc.9024
cln.12604
msl.33843
tas.7727
scs.13040
taa.8352
ppx.194
opv.11248
trc.7654
Ecg.3173
scm.5996
ecd.4256
ppx.22794
cln.10267
opv.8275
hym.6107
tas.3302
msl.40663
ppx.15438
hyn.5117
spe.11256
trc.1485
ecp.10626
scj.7375
ppx.21605
hyn.2511
ecg.6220
hyd.7088
cln.10779
hyn.12187
htf.10394
Fsc.31142
tae.358
Taa.3270
Fsc.14209
tas.5772
scj.11099
Fsc.16677
ppx.4218
ppx.26486
hyd.3933
ppx.16931
msl.39685
ecg.2903
Fsc.25716
spe.13761
hym.4191
opv.6191
ppx.19801
msl.37516
scj.8576
Fsc.1521
Fsc.17232
taa.10355
ppx.10080
ecp.12037
scw.445
ecm.2237
scw.7383
opv.4903
ecg.8482
ecp.3879
msl.24635
msl.31578
Fsc.22299
htf.2134
msl.28541
msl.8512
ecp.5380
hym.10787
sct.10229
scr.19403
scr.6985
htf.7347
scs.2975
sct.7024
msl.30959
hyn.2366
msl.6970
scw.7511
fsc.11817
cln.12957
ppx.14552
sct.18029
scw.3455
ecm.1137
cln.1463
sct.10177
Ecg.10001
msc.7534
spe.36021
cln.7713
fsc.2367
scr.7846
msl.41671
scw.7258
scc.14427
ecg.9688
gys.7755
spe.37141
Ecg.9230
htf.2269
hyd.2630
Ecg.804
msl.38989
Ecg.4774
spe.935
dpy.6573
msl.56693
gys.6831
sct.18890
smm.3458
Fsc.2369
sch.9287
fsc.4304
msl.6552
scs.724
sch.11933
spe.16129
ppx.18850
trc.15061
hyn.5344
hym.10820
Ecg.5922
msl.39090
scw.12010
scj.9150
ppx.14147
ppx.36180
htf.182
scr.22024
spe.11734
ppx.13278
Ecg.5752
ecp.3142
fsc.7031
ppx.36927
htf.1920
scr.19792
spe.10530
Fsc.16550
ppx.37744
sct.15330
spe.20959
spe.10274
trc.18899
ppx.32161
ppx.36276
scs.2002
scw.10077
scs.8419
scc.20922
msl.47694
tae.4103
scc.11683
scr.2689
sct.16916
ppx.37546
scj.9124
hym.8403
scs.17663
opv.7228
spe.20940
msc.1226
msl.12948
ppx.27678
tas.6479
ppx.23803
scs.6893
msl.33977
hym.12169
ecd.322
spe.25244
sct.16161
ecp.10039
ppx.28541
ppx.36465
fsc.14176
hym.10543
spe.12526
ppx.11747
taa.10678
sch.1464
ecp.7957
spe.39405
sch.2157
hyd.6218
ecg.5511
htf.5815
ppx.25274
dpy.2183
spe.23770
hyn.5440
ppx.17308
ppx.32421
ppx.17223
taa.11319
scm.9731
dpy.12369
msl.57498
ecg.9637
sch.9172
hyd.5304
tas.3573
scw.5944
dpy.13625
ecm.5598
ppx.6215
ppx.22222
dpy.17684
tas.4895
scc.4947
sct.6465
spe.33919
ecp.9762
htf.9109
trc.14859
scr.8823
spe.10875
cln.9727
trc.8039
ppx.24671
scc.2479
scc.16956
hym.9247
msl.24110
htf.1616
dpy.17614
scw.9944
scs.11825
scc.11113
scs.5879
ecd.11135
tas.13026
ppx.24897
hyd.9822
Fsc.22407
gys.14211
sct.6356
gys.7221
msc.7423
scw.7905
tas.8634
msl.29436
ecp.17868
msc.9298
sch.9159
ppx.2719
Ecg.1146
ppx.25291
scr.16622
hyn.7032
ecd.5338
ppx.22060
ecp.7528
sct.4614
hyd.109
sch.8178
ppx.8402
msl.10883
hym.8340
msl.8727
ppx.214
scc.16037
opv.1000
scr.20599
dpy.5826
scj.12363
scw.22981
opv.6936
sct.1041
dpy.18587
ppx.755
Fsc.9091
spe.23205
spe.38794
tae.6730
scs.3246
ppx.1451
Ecg.5702
opv.6813
tae.5833
tae.7293
Taa.2670
scs.7450
ppx.22201
taa.13275
ppx.35416
msl.48063
ecp.4310
scr.6934
tae.3151
hyn.4637
Ecg.275
ppx.18209
scw.18159
Ecg.3946
sct.2601
sch.12920
trc.17772
ppx.14130
ppx.33905
ppx.7535
scw.20049
scc.23186
ppx.33241
scc.20857
scr.1575
scr.20900
opv.10700
smm.1424
scc.4905
spe.21050
Ecg.7559
scw.26027
scj.2312
spe.33331
