

msl.12357
msl.8756
sct.18337
ecp.2416
Fsc.16686
Fsc.15608
scc.981
scr.2610
ecd.10642
Fsc.28290
ecd.8069
Fsc.25662
ppx.4410
Fsc.8079
ecg.3241
scw.3246
scc.10467
sct.19270
scw.8592
scr.16288
scw.3622
trc.21667
spe.20869
scr.13426
ecp.1754
scj.3558
Fsc.7887
spe.4159
ppx.5945
spe.29562
sct.17702
Fsc.26528
spe.18023
scr.23984
spe.32377
ppx.11327
spe.19148
scr.2587
msl.10267
spe.1524
scw.23221
scr.363
Ecg.4574
scc.6847
sct.4423
ecp.1012
Fsc.27620
trc.12232
scr.2582
spe.32218
taa.1474
scw.15752
ecp.1693
ecm.2748
scc.1911
msl.15179
scc.18180
scj.8738
sct.18501
tae.4188
Ecg.6730
Taa.9645
hyd.6477
ppx.24681
ecp.1034
spe.38736
msc.4612
hyn.9912
scj.4650
ecm.256
scj.2227
gys.7373
ecd.4749
gys.13556
tae.7444
scw.10836
scc.15365
msc.1564
spe.25971
msl.450
ecp.5968
msl.29385
trc.15685
taa.2682
scm.3533
tas.1159
ecg.2563
spe.14938
Taa.7527
fsc.7320
tas.7586
ecg.277
Ecg.2604
spe.13945
sct.16336
ppx.22732
sct.7073
spe.35316
ppx.17331
spe.1999
spe.19059
fsc.15077
msl.30007
taa.7355
opv.9839
Ecg.626
msl.59331
scc.8834
scw.22644
taa.12099
scm.4360
msl.1236
ecm.8026
msc.6006
msl.27535
ecd.3302
ppx.5247
msl.39985
cln.7646
hym.3714
scw.8330
htf.903
hyn.858
tae.8450
htf.6896
sct.9020
ppx.10512
Taa.3370
htf.4643
scs.10170
dpy.14762
taa.6886
scm.6568
msl.45798
scs.4021
Fsc.31518
msl.56770
hyd.7114
htf.7823
opv.4895
hym.6368
cln.9831
fsc.1397
msl.33519
scs.6882
htf.2689
msc.1475
ppx.32760
Fsc.17817
cln.13376
sch.9224
msl.36327
ecd.10785
spe.11825
ecg.6631
ecp.298
gys.4870
ecm.1252
taa.10970
sct.4882
Ecg.5404
msl.35802
ppx.17685
hyd.2179
trc.3540
hym.1259
sch.6683
cln.1314
htf.3288
scs.1239
ppx.23430
Ecg.4973
opv.9738
hyd.8518
htf.3276
msl.42665
hyd.10581
sch.2297
scm.10712
ecp.7879
hyn.120
msl.13363
cln.10873
msl.20701
htf.10788
ecp.15449
sch.5165
cln.12681
ppx.1564
msl.49261
scm.8470
cln.11515
Fsc.22422
spe.31013
msl.50063
Fsc.19759
scj.6766
tas.5163
gys.11561
trc.17279
msc.2351
msl.26071
cln.754
sct.13894
msl.54464
msl.24734
hym.1419
opv.5677
tas.12400
Ecg.2038
Fsc.8178
msl.52181
hym.11178
opv.12671
Taa.6524
opv.8890
Fsc.22545
scs.3162
msl.41793
scm.10558
scr.1412
sct.2192
ecp.6911
msl.33281
ecm.4653
tae.6332
taa.4513
htf.153
taa.9250
Fsc.2051
ecm.3406
msl.18024
hym.6675
ecd.1176
ppx.342
hyd.8550
ppx.34246
ecp.17637
fsc.7510
msl.24758
dpy.15830
tas.9287
ppx.30938
tas.4529
ppx.27878
scs.6438
msc.9758
hyd.1288
scj.4861
msl.14554
dpy.2756
tae.1978
scj.8949
opv.14174
msl.17558
msl.32120
hyn.8918
ecg.3608
sct.14537
tas.3335
scm.5297
Fsc.32773
msl.30076
scc.1870
taa.6239
gys.212
ecg.5028
opv.10828
tas.1728
ecm.9388
ecp.14397
opv.7665
cln.7756
msl.34882
msc.7263
fsc.6399
msl.56082
dpy.2628
hyn.2196
msl.58608
taa.9021
hym.2516
ppx.6878
scc.12963
msl.9147
ecd.1982
ppx.1673
msl.29854
scw.26065
opv.13915
ecp.15275
tas.8406
taa.10238
cln.12309
scw.23616
ecp.3257
ppx.35400
msl.11152
msl.13677
spe.15418
msc.3302
ecg.3577
htf.2587
hym.5706
tas.2308
msl.15
ppx.28571
hyn.11989
sch.3086
scs.13611
scm.2520
hyn.11250
ppx.5587
tas.12246
dpy.5459
taa.10906
Ecg.3481
Taa.1817
taa.7454
fsc.13304
htf.3155
msl.19808
msl.31795
Fsc.27275
ecg.3177
scc.3855
tas.9015
taa.3522
ecp.8019
dpy.3754
fsc.8811
scm.7672
ecm.7063
trc.4372
scw.23453
scs.11371
ecm.4577
ppx.30637
taa.6788
hyd.10436
msl.32595
ppx.14241
hyd.11093
msl.17680
ecd.998
msl.8842
ppx.12541
htf.8062
cln.11520
msl.20565
gys.2834
scj.10711
hyd.7876
scs.15428
msl.45182
trc.20962
scc.3494
scc.23480
ecd.7771
tae.1048
ecg.3039
Fsc.26003
msl.43712
ecp.16750
Fsc.30155
ppx.20429
spe.13346
msl.57645
Ecg.6799
sch.7619
msl.18430
tae.11150
msl.59575
msl.18500
tae.113
Ecg.9515
msl.37755
spe.11399
msl.7911
scw.22497
msl.48328
sct.15429
sch.4328
taa.4506
hym.1297
Taa.1947
scj.1040
ecd.9073
msl.42532
msl.13128
msl.35692
ecg.9833
scc.12614
ecg.4800
tas.2834
msl.19387
Fsc.15294
fsc.12305
fsc.1130
fsc.4579
gys.11369
msl.60146
tae.180
trc.3798
ecp.2664
scw.14998
tae.2089
scm.549
msl.49225
Taa.7749
msl.5060
ecg.4073
msl.41420
ecm.4695
ppx.34851
ecg.9274
ecg.4483
scs.18235
ecm.5629
spe.33482
msl.48957
Taa.1485
hyn.1811
hyd.3064
hyd.9677
Ecg.6829
tas.4872
cln.8762
cln.6436
fsc.10914
scs.15960
msl.33402
Fsc.3862
sct.19690
spe.12640
tas.1557
Fsc.32906
Ecg.5689
taa.5080
tas.12068
scw.18653
gys.6770
scw.13126
msl.9428
spe.36533
sct.18348
opv.1509
trc.17718
Ecg.3372
ecm.4718
msl.21964
scj.10258
ppx.19726
msl.410
gys.11184
msl.55703
msl.10568
msl.42897
Taa.10173
sct.13108
ecm.2371
Fsc.22210
scs.8606
scs.6948
Taa.5043
tas.6229
spe.33393
Taa.16
ecg.9517
dpy.2116
sct.17993
tas.313
ecg.6133
spe.36855
tas.5572
ecm.7140
msl.60132
ecp.5149
msl.45940
spe.31723
Taa.3167
scr.16184
sct.8127
Ecg.2501
ecg.9239
ppx.33756
ppx.30803
tas.4276
cln.3166
scc.8947
hyn.6615
opv.15033
spe.14643
hym.10635
scs.4324
Taa.3472
taa.1076
dpy.4462
sct.18565
ppx.16906
sct.8013
hyd.5366
msl.20028
scw.19950
scc.14577
ppx.29055
Ecg.9297
msl.26181
Taa.8592
scm.4165
msl.10166
scw.14422
msl.47353
hyn.4621
scr.14934
msl.12498
taa.12619
ecm.6646
fsc.2473
taa.3263
ppx.37346
scs.779
Ecg.6070
opv.11807
tas.3693
hym.8451
scj.690
dpy.9902
scs.5442
smm.3258
scj.12536
msl.51758
msl.46454
opv.729
spe.17005
ppx.16911
ecd.4851
msl.17357
scr.20784
gys.2658
scm.7877
msl.47191
ecp.1976
sct.19520
spe.30422
fsc.9681
scs.11741
msl.52319
sct.1689
taa.7084
msc.911
msc.1533
ppx.31974
ppx.26206
gys.2565
opv.8193
scc.18713
msc.6597
scj.5027
ppx.28503
ecg.8505
sch.8596
scj.11636
scs.3769
scj.6386
ppx.2456
Fsc.6519
sch.10137
tae.3526
hym.3352
dpy.16040
scc.2600
tas.3952
msc.6660
msl.53571
scm.8908
msc.452
opv.14309
msl.17901
fsc.5432
tas.12649
msl.41282
fsc.3771
ecp.3343
ppx.7319
scr.23003
trc.3441
scw.4000
msl.34865
taa.3378
msc.1236
gys.13916
msl.10632
scr.6607
hym.614
gys.6026
scw.19021
Taa.6864
trc.5820
taa.2038
ppx.30355
Ecg.9867
spe.14743
msl.34574
spe.14324
scr.10081
scm.4104
msl.34002
dpy.14983
msl.47332
scr.2333
spe.815
msl.33689
scc.9588
trc.19307
msl.26360
taa.10590
ppx.17239
scm.8324
scc.13889
spe.10612
trc.2110
scs.7276
Taa.3238
gys.8660
msl.52617
spe.10790
scm.7249
scj.7081
fsc.9206
spe.13966
scs.12463
msl.16890
tas.10716
ppx.4773
gys.3943
ppx.15722
trc.3599
ppx.18019
sch.3758
msl.29966
fsc.5485
scj.2037
scj.7558
cln.5865
ppx.28159
Taa.8158
trc.6821
msl.13696
dpy.11425
ppx.12109
scm.10729
tas.6307
opv.4462
scc.277
ecg.9614
scr.9759
fsc.5388
msl.49969
opv.11254
msl.22373
htf.417
scr.17471
msc.2736
spe.20530
gys.12873
scw.1017
taa.4598
hyd.7855
ecp.2249
ppx.34001
ppx.17433
ppx.26820
scs.8341
spe.1024
htf.6638
trc.14790
spe.15422
scc.8059
msl.13075
gys.13833
msl.33943
scs.19353
hyd.7503
hym.2208
trc.4018
scc.16283
cln.6383
msl.14518
msl.18381
ecg.6619
msl.15813
fsc.688
tas.4174
scr.14115
scw.24219
scs.4132
msl.32100
msl.22996
msl.56622
hyd.7666
msl.39358
tas.1714
ecd.5234
scs.2747
msl.23500
msl.45641
ecm.10590
cln.7267
ecd.4132
msc.5511
hym.2375
ecm.5249
ppx.16188
scs.11304
ecp.7850
msl.47058
tas.11010
taa.4761
taa.2615
msl.23056
spe.26036
scw.15220
gys.13481
msl.17397
fsc.3471
tas.12137
scw.15897
fsc.10456
dpy.5745
ecm.545
sct.412
ppx.32043
scc.10595
msl.31715
taa.7364
Taa.2796
scs.3427
msl.44391
msl.37266
sct.264
trc.16045
spe.19447
msl.59426
msl.45561
opv.10135
sct.142
msl.53610
msl.41644
opv.11574
scw.13291
msl.23673
scm.3437
Fsc.22527
scs.3101
hyn.11440
ecm.2972
taa.11050
scs.2520
scj.3159
scs.4942
Taa.5367
ecd.6972
fsc.6835
spe.32490
ppx.8446
cln.12359
hyn.9329
scm.280
ppx.35470
msl.29239
tae.3970
trc.10110
Ecg.706
Ecg.4276
msl.19209
spe.22270
scw.21873
scs.8560
msl.51718
ecm.5531
htf.1346
sct.7520
scs.13667
opv.8806
Taa.3926
scc.17079
Taa.8071
ppx.15091
ecd.4445
Fsc.2999
hyn.2948
opv.11321
sct.449
Taa.8950
scs.13206
dpy.18505
ppx.28262
ecm.8713
scc.6143
spe.7015
msl.33641
msl.29288
msl.28906
Taa.9220
scm.2745
Ecg.1533
ecg.7327
scm.4885
msc.1270
msc.4901
smm.3605
msl.29467
scc.4003
scm.2332
tae.3412
scs.7952
msl.10735
spe.20590
taa.6040
fsc.8389
msl.19940
msl.55316
ecm.2061
hym.10972
ppx.22001
msl.46841
taa.5170
ppx.5191
opv.12941
ppx.6179
tas.595
htf.10415
spe.18919
ecd.2921
msl.54420
sct.4080
htf.6406
scs.4236
msl.23997
hyn.4222
scs.9057
msl.46396
hyn.9442
tas.5198
fsc.3160
scm.1824
spe.27851
gys.10705
msl.58166
spe.12972
ecp.14014
spe.33347
Taa.6715
hyd.4137
tas.2771
tas.7367
msc.2225
tas.10891
Taa.4304
scs.16021
msl.15123
Ecg.4154
scs.5209
ecp.2179
gys.5974
scm.4301
taa.9483
ppx.2016
sct.12158
opv.12780
ppx.19754
taa.3125
ecd.1156
gys.2096
msl.9678
scr.11799
hyn.11270
fsc.7957
msl.28627
spe.30257
taa.1147
msl.6432
opv.11737
gys.15326
Taa.4102
gys.10421
msl.16958
Fsc.10641
ecp.4456
dpy.19476
ecm.7655
ecd.9749
Fsc.11414
scw.17730
ppx.27481
msc.3371
ecd.2700
spe.1185
taa.9459
Ecg.8824
tae.5706
Fsc.8147
ppx.23208
cln.5943
opv.5362
scw.7601
hyd.9866
msl.5212
sch.6868
htf.11133
msl.37730
taa.2017
scj.1976
tae.8759
scc.4613
scs.12518
ecg.4747
spe.18969
scc.1440
msc.10511
scc.2289
ppx.18277
opv.6069
fsc.5617
msl.3410
taa.12294
tas.1330
Taa.2351
taa.5206
dpy.2102
hyn.1460
tas.10587
ecp.3337
Fsc.13820
spe.2409
msl.39187
hym.9958
msc.5375
ppx.21090
scj.11996
sch.10670
fsc.9398
ppx.32774
ppx.22768
ppx.36568
ppx.5374
fsc.8917
spe.29636
sct.17432
ecp.13607
spe.25077
scr.10141
spe.544
spe.20336
scs.5922
scj.8133
sch.9285
ppx.29682
msl.3751
trc.746
gys.873
ecd.11430
Fsc.18285
spe.28784
dpy.8386
scr.4729
ppx.10224
spe.13394
scc.3541
ppx.4894
ppx.7636
scw.12939
ppx.33616
taa.7599
taa.5802
sct.10559
dpy.5567
htf.6672
scj.14
Taa.10063
htf.10661
dpy.19313
scs.18435
scs.16167
tas.8971
scw.14654
scc.17506
ppx.11783
spe.36275
spe.18533
tas.12900
ecd.11308
dpy.14713
tae.8711
msl.15776
taa.10686
scs.8206
dpy.17386
opv.13431
ppx.3772
htf.1828
ppx.16143
spe.12400
spe.14141
ecg.5947
Fsc.27007
spe.19137
fsc.9293
hyd.5887
fsc.9022
Ecg.9161
Fsc.13436
fsc.3740
dpy.16047
scw.21642
msl.23618
Fsc.27703
msc.3499
Fsc.17107
tae.6706
trc.21514
ppx.20316
msl.48688
scc.17332
msl.22154
taa.10833
Taa.6877
ecd.6744
dpy.16552
sct.20666
scr.14725
spe.19632
sch.10440
scw.12998
ppx.37462
scm.3920
ppx.17589
scr.23785
ppx.19337
tas.6766
spe.35988
scw.18295
trc.14803
trc.5023
spe.18372
sct.22116
spe.30539
ppx.7631
spe.32717
spe.13901
ppx.15476
fsc.3309
gys.10505
scw.11017
dpy.16550
ecp.13597
taa.12703
opv.1113
scj.4914
opv.1633
ecd.9928
opv.1847
sct.20711
Ecg.530
hym.8473
scw.9756
scs.10192
ecp.4034
ecp.1925
sct.22312
ecg.5694
tae.10875
ppx.5421
scr.13583
fsc.6042
hyd.119
Ecg.3206
scm.5970
taa.11520
scr.11418
Ecg.5715
msl.32747
msl.25531
Fsc.5188
ppx.26543
spe.19689
msc.7271
sct.18299
scc.10556
scc.15448
ecd.7666
sct.18156
tas.1788
Taa.5525
ecp.18570
gys.11838
hym.4169
spe.8571
scs.1784
sct.16062
ppx.29693
Fsc.30105
scr.15067
opv.4540
trc.20637
scj.8414
sct.4924
scr.1627
spe.3054
dpy.4542
dpy.9697
trc.15982
scc.16872
trc.21194
sct.15681
gys.5059
tae.2896
spe.37083
hym.8970
scw.6612
hym.11647
fsc.6527
scm.11541
msc.6813
sch.6558
spe.37125
