

gys.10658
gys.4023
msl.24196
hym.11278
Fsc.5796
hym.2261
spe.31637
Fsc.28033
ecd.11104
Fsc.16266
scw.23241
scw.11722
scc.18480
sct.14803
ppx.36119
sct.9740
Fsc.15326
scr.7650
spe.1011
ecd.6566
msl.46362
Fsc.6563
Fsc.16914
scc.17468
scr.22931
Fsc.7994
spe.4280
Fsc.24273
Fsc.22245
spe.1417
Fsc.5012
spe.24599
Fsc.10724
Fsc.24433
sct.1976
scw.16391
Fsc.6233
sct.10359
scw.12807
Fsc.28557
ppx.9761
scm.11142
Fsc.30421
Fsc.28187
ppx.8240
ecp.15226
hyn.2621
scr.16835
scw.12397
scc.4683
msl.23645
gys.14916
Taa.8281
scr.7964
msl.25465
scr.9261
smm.1915
spe.6084
spe.19567
ppx.2549
Fsc.22266
hyn.4832
fsc.2160
hym.8634
ppx.5475
msc.4128
tae.10659
ppx.6330
scw.8181
ecm.2654
sct.2919
hyd.9566
ppx.11862
scw.3938
msl.44272
dpy.13027
scw.3880
scs.18576
msc.9390
scj.10109
msl.10556
sch.11916
ecg.10042
msl.37189
trc.2383
tas.8196
msl.17194
msl.41687
opv.7556
fsc.8044
msl.55043
fsc.4459
msl.48788
taa.1869
opv.12598
scm.1576
ecd.1970
msl.34370
gys.10450
Taa.191
scm.1173
ecp.12320
ecp.11600
msl.30548
scc.1862
hyd.1792
scw.10094
scm.8070
opv.11183
spe.14142
hym.6906
spe.38734
scw.25626
msl.10452
msc.3079
ecd.9300
taa.9916
ecd.6094
tae.10341
cln.6590
ecg.8583
msl.6514
htf.2000
opv.3686
dpy.3423
hym.8000
msl.21904
Fsc.17006
ecp.12210
spe.22992
msl.54071
scc.19546
msl.25293
hyn.10727
ecg.8853
scc.1241
msl.33673
scw.16660
cln.46
Fsc.30016
scs.14359
sct.18113
gys.6486
msl.23239
ppx.19005
scm.9265
hym.5774
ppx.36003
msl.1379
sch.12534
sch.3875
scm.3031
msl.27098
scj.10541
htf.1141
cln.2464
msl.15835
msl.28443
trc.14544
dpy.11214
msl.35498
ecp.7010
hyd.3655
cln.3848
ecd.6906
hyd.2192
scm.2172
msl.37505
scc.10190
ecg.8203
msl.4638
dpy.16475
msl.44914
ppx.14636
dpy.189
msl.48824
msl.13666
spe.28287
Taa.7346
hym.6858
ppx.21563
taa.10663
msl.56542
scr.21296
ecm.2490
hyn.490
msl.12381
spe.2171
scm.9701
tae.9030
tae.9032
msl.27062
hyn.984
dpy.3398
tae.7234
msl.16966
msc.3136
sch.2033
scs.5366
opv.8598
scm.478
gys.8109
msl.13791
spe.30537
cln.4158
scm.7006
sct.18190
msl.52841
scw.10738
msl.49582
msl.38809
tas.9623
ppx.25683
cln.10673
scw.16057
tas.5733
msl.5400
tae.12352
ppx.20845
msl.379
ecm.6188
trc.7889
scs.2501
ppx.1621
gys.11789
ecm.313
ppx.30229
taa.11919
scm.9428
ecd.8460
msl.41544
ecd.8641
msl.57147
gys.7847
hyd.7172
msl.29216
scc.3326
hym.9087
tas.8668
Taa.4294
scm.3098
taa.10340
scw.20182
msc.3440
scr.3238
msc.10045
msl.45215
msc.8464
scr.16884
Fsc.9799
msl.45515
taa.7002
Taa.3542
msl.24888
msl.26102
msl.40176
ppx.22184
opv.5518
cln.1072
sct.12908
Taa.7301
hyd.10102
tas.272
msl.58321
Fsc.16320
scm.4238
msl.34155
ecp.4759
scc.14096
sct.10131
msl.23874
msl.16910
Fsc.22940
hyn.8082
sct.19530
msl.14458
Fsc.2323
scm.8416
scc.240
Fsc.25536
scr.9701
htf.7559
smm.98
Taa.3985
msl.58199
ecd.10083
msl.12697
ecg.6719
msl.35206
gys.3752
ecd.8948
dpy.2368
hym.8949
tae.8818
trc.13892
fsc.3627
hym.4660
hyd.7108
msl.31001
opv.2062
sct.12161
msl.15071
trc.9137
scc.20439
opv.1062
gys.14565
hyn.3589
hym.5733
tas.9889
smm.3836
htf.1160
scr.13980
msl.39708
msl.10939
msl.35993
gys.9452
scc.7881
fsc.2175
sch.1878
Ecg.8160
Ecg.3019
dpy.4897
ppx.30280
trc.8037
hyd.9354
tae.2859
scj.8514
scm.4423
trc.6103
opv.5175
ppx.28942
scr.3127
Taa.8173
msl.48837
Ecg.6618
sch.11967
Fsc.12792
scm.10709
Taa.8030
tae.8600
ppx.8994
ppx.26781
msl.22774
Taa.6549
msl.12390
ppx.1337
fsc.7204
taa.3755
msl.49298
scj.6204
htf.3931
msl.54031
ecg.8948
sct.15240
ecp.17402
sct.8225
scs.557
scs.17392
opv.14349
msc.9470
spe.5232
hyn.12419
Fsc.747
hyd.5862
tas.2884
fsc.4268
opv.4793
ppx.29301
taa.8660
msl.15744
msl.52199
hyn.10081
ecg.777
tas.1932
ecm.4852
scj.5828
ecp.1387
ecp.1412
msl.26686
msl.55843
msl.30683
dpy.12667
scr.19082
taa.1201
taa.1353
taa.11903
ppx.22082
Taa.3199
cln.7965
trc.20991
ecd.7112
Ecg.7433
sct.2340
scs.6598
msl.23897
trc.7266
msl.51172
gys.12776
Fsc.1926
tas.5092
sct.5072
fsc.4574
dpy.11515
msl.12353
tas.1346
ecd.5482
msl.4330
ppx.847
scs.17925
gys.9432
ecm.7571
htf.385
scs.1676
opv.7903
gys.10474
ecm.3561
ppx.15761
msl.7279
msl.32283
msl.45918
gys.7610
fsc.9626
tas.8703
ppx.35660
opv.1955
Ecg.8348
scw.20065
scr.22767
cln.13460
ecd.5807
ecp.5372
msl.27552
scs.12615
msl.52929
msl.26779
cln.5666
trc.2253
spe.9583
ecp.1376
msl.36843
msl.26632
ecd.5812
msc.7610
msl.40718
ppx.2908
cln.8440
opv.8205
scr.22399
Fsc.11518
scs.4660
dpy.8996
taa.5993
opv.13023
msl.50751
msc.6763
fsc.10893
scs.19218
scs.11400
msl.40865
htf.10848
opv.8133
taa.94
hym.4837
trc.2695
ppx.5415
opv.9184
msc.1186
ecp.12390
hyn.216
sct.10239
sct.20880
msl.30243
spe.38317
spe.28148
Ecg.9227
ecd.780
dpy.2835
scc.21322
trc.2897
msl.5828
msl.37042
msl.41538
opv.9842
sch.1436
hyd.4898
sch.285
tae.4930
ecd.11027
scr.2391
msl.10334
msl.47719
gys.14371
scs.10432
trc.17441
tas.720
ecd.6464
msl.27076
ecp.342
scr.1174
scm.6361
tas.6299
cln.4449
sch.6410
hym.4551
scs.13149
ppx.37641
scj.2298
trc.4053
msl.32336
scs.10129
opv.11740
scc.12965
ecp.2279
scj.6707
scw.24385
scc.9937
hyd.9052
msl.9142
hym.3913
Fsc.13594
tae.4363
msl.4119
ppx.34681
msl.33540
scs.7548
dpy.1001
ecm.10409
msl.857
hym.7317
ppx.16663
msl.41992
hyd.4569
spe.24960
ppx.7566
fsc.14793
msl.21475
gys.7400
sct.18288
dpy.8420
ppx.5867
msl.46175
opv.9398
hym.6719
Taa.6377
taa.8184
gys.4397
msl.46039
taa.11447
msl.42527
hyd.10011
htf.4916
msl.42334
fsc.6670
scr.5118
scj.2790
msl.50216
Ecg.9790
trc.6693
scc.1480
scc.15840
fsc.4560
tae.215
Fsc.1053
Fsc.18017
scw.12376
Ecg.7108
hyn.11220
Taa.6421
Taa.9555
taa.8225
msl.39786
tas.396
scc.17302
fsc.914
Taa.161
tas.11314
sct.8261
spe.2888
opv.16302
ppx.28225
ppx.16611
msl.48948
scm.9350
ppx.21672
scm.10838
htf.1220
Taa.8107
opv.2963
msl.33923
taa.78
ecg.8438
scs.10457
scj.642
spe.29022
taa.939
Taa.6510
ecp.7205
msl.51764
scj.383
ppx.13079
msl.57235
msl.9167
Fsc.31917
dpy.17202
ecp.13780
sch.4194
ecd.885
hyn.6154
dpy.11618
taa.9281
cln.2041
tas.2748
msl.3757
scj.479
spe.5247
cln.991
scc.17517
msl.55734
scw.6068
smm.1564
sch.2213
msl.36258
scw.19732
msl.73
trc.4578
cln.11700
scr.12281
hyd.5674
scw.13077
ecp.12408
dpy.13079
gys.12358
msl.54794
fsc.10452
scm.9501
msc.8807
ppx.26152
scc.19819
taa.784
msl.19829
tae.4272
msl.36686
trc.13840
msl.54151
scj.3924
scw.9494
ecg.9200
msl.20994
scs.13484
spe.1117
msl.26899
cln.6472
tae.5176
msl.54411
scc.20598
msl.1395
smm.1294
ppx.10202
opv.99
sct.856
scm.4726
opv.2574
sch.2893
msl.23712
msl.58774
fsc.8396
spe.28728
scm.94
cln.3698
msl.20952
hym.11201
msl.50860
gys.4100
cln.13028
dpy.459
Fsc.19811
Fsc.3659
Ecg.6386
ecg.3013
trc.14060
msl.42463
hym.1017
msl.18136
cln.2833
Ecg.3752
msl.15763
scr.10310
hyn.13711
spe.21708
scm.3613
msl.21817
opv.15546
dpy.12934
scm.10917
ecm.262
ecm.5400
tae.4052
scm.8604
ppx.20197
scs.6279
sct.14354
tas.12247
hyn.12937
taa.7958
msl.37388
spe.15518
msl.26024
htf.8515
hym.7599
ppx.393
ecd.8483
fsc.9779
ecp.17662
fsc.6637
msl.33588
taa.9396
msl.15366
tae.11185
sch.10519
scs.7290
htf.7845
msl.59376
opv.15133
ppx.11560
scj.3675
scw.14835
msl.60084
opv.9090
Ecg.6570
Ecg.8839
dpy.15777
fsc.13391
scm.10417
msl.15222
scs.15459
Ecg.7523
Taa.9113
hyn.3904
msl.40373
scr.8759
scj.2093
tas.1269
sch.4558
cln.8579
scm.5052
msl.11059
scs.7504
sct.16814
msl.26221
trc.6994
Ecg.5883
opv.4406
msl.28760
scc.1171
htf.8013
htf.6767
spe.21936
msl.11431
hyd.3953
ecm.8153
msl.7928
scw.6540
ecd.465
gys.5346
scs.6447
dpy.11600
msc.4464
Taa.4674
scc.1205
dpy.292
scm.10111
hyd.7151
hym.9286
ppx.20509
hyd.1655
trc.5444
hym.3472
spe.30036
Fsc.28942
ppx.9574
hyn.5528
sct.8135
spe.1242
sch.5044
ecm.1317
hyd.4512
msl.31568
ecg.1502
htf.8327
spe.37754
msl.49216
fsc.3812
ecm.10378
sch.7893
ecg.2138
msl.2368
trc.12257
msl.37935
cln.13089
ecd.8899
ecd.4659
hyn.10645
spe.5019
ppx.29482
cln.952
hym.8344
taa.2788
ppx.18574
trc.6505
cln.4828
opv.13284
scw.15434
sch.7693
opv.3101
ecg.5468
ppx.27002
ecp.10309
Taa.9207
scw.14486
ppx.26245
taa.5390
sct.14460
htf.7554
spe.29844
dpy.12449
Taa.7352
spe.26590
ecd.1602
msl.17246
hym.7406
cln.13050
cln.9326
scc.22151
scs.3481
tae.9244
scc.18223
Fsc.1238
msl.42479
msl.6665
msl.44855
hyn.8071
Ecg.3749
msl.2621
scs.7239
scj.5325
msl.54652
dpy.6686
ecm.3730
msc.4289
msl.46471
msl.60064
scw.21005
scs.13779
ecp.5092
tas.1404
scj.4247
ppx.17532
opv.8421
trc.6699
ecg.4400
sch.6675
tas.5269
Fsc.15696
ecp.16862
msl.1746
Ecg.3467
cln.2731
hym.5618
msl.12537
hym.2984
Ecg.1323
cln.13296
ecg.613
htf.7856
msl.35656
msl.56510
gys.11391
fsc.11924
ecg.17
scr.22162
msl.42224
Ecg.5505
hyd.8055
smm.194
msl.4491
taa.5416
Fsc.8301
msl.21638
hyd.5252
scr.23445
tas.9328
sch.6014
opv.10984
ecm.6309
ecd.4638
scs.2786
scc.15638
scc.16870
Fsc.13665
ecg.1721
msl.42816
smm.414
gys.13607
ppx.1532
tas.12456
Ecg.7664
msl.47091
Taa.4973
Fsc.13170
spe.24951
sch.6126
opv.13809
gys.11402
msl.36465
ecm.4312
ecp.5642
ppx.7670
Ecg.2734
cln.12597
scc.3156
spe.36885
msl.60433
ecg.1703
spe.26627
taa.4654
ecd.2971
msl.10417
htf.1306
spe.24104
scw.17719
opv.15501
trc.8677
fsc.4922
ppx.3729
ppx.1292
taa.12895
sct.21701
hym.10149
htf.11536
sct.1294
Fsc.2435
msc.8012
opv.6084
spe.21643
sch.1124
dpy.15012
scs.2789
msl.33137
taa.445
spe.27903
scs.10284
spe.19115
hym.10394
hyn.10008
msl.33464
scw.12617
gys.10128
sch.2611
scc.20604
htf.452
Ecg.6714
cln.4298
dpy.14810
sch.4130
hyn.5103
dpy.16984
scs.17532
scr.19276
ppx.30290
tas.5248
sct.20405
ppx.15575
ecg.6753
ppx.13123
trc.2756
trc.12990
scm.5824
fsc.3882
ecp.747
taa.11398
tas.9844
trc.9303
fsc.9780
sct.14316
ecg.9486
dpy.5928
scc.11288
hyd.11243
spe.18173
smm.116
dpy.9934
cln.7692
spe.19417
spe.13325
fsc.11271
tas.9214
opv.8020
ppx.11711
taa.12159
spe.14317
scj.9152
ecm.10595
scs.4296
tas.2835
ecp.10931
spe.23801
taa.11356
ecp.5139
Fsc.1821
spe.17270
spe.33014
scr.11683
spe.39487
Taa.1086
scs.11851
scs.11545
cln.1531
spe.21068
spe.7607
hyd.7134
scw.4224
hym.4563
ppx.34543
spe.38729
msl.22947
ppx.34043
scc.10048
ppx.36741
ecm.4448
dpy.17752
ppx.37357
scw.9389
ecd.7653
dpy.6768
tas.13008
scr.9660
spe.4877
trc.19439
scw.10960
spe.16481
msc.6591
msl.9712
tae.7511
ppx.22856
opv.1638
scw.24850
msl.29394
htf.1113
ecd.10569
spe.10171
scj.8892
scs.2133
ecp.5136
gys.5262
scr.13622
ecm.217
scr.2886
sct.2127
ppx.25797
Fsc.31830
dpy.1496
Fsc.17430
spe.4736
ppx.16938
tae.6736
ecp.1775
spe.18114
hyd.349
ppx.22849
htf.1629
ecd.8620
sct.13666
scj.12372
ecm.2887
ppx.21830
scs.12222
ecd.10590
smm.571
opv.8916
ppx.8467
ppx.8134
ppx.10970
dpy.3970
scj.9708
gys.13238
scr.23414
ecp.17858
Fsc.19281
ppx.29137
scc.14991
spe.3117
tas.11685
trc.18286
scw.3778
scr.23230
trc.20893
ppx.5642
msl.825
opv.3841
ecd.7337
dpy.2754
ppx.17731
ppx.19683
dpy.17767
Ecg.5424
spe.3608
msc.2767
scc.6130
sct.17246
sct.12078
ecd.10448
scr.23611
Ecg.2094
spe.37886
ecg.8605
scs.11899
spe.19887
ppx.1307
scr.11273
ppx.32249
msl.57880
scw.13872
scc.21956
spe.24613
ppx.5078
Taa.6639
dpy.14942
ecg.5571
scc.7765
