

fsc.13370
trc.8826
taa.4521
msl.16983
Fsc.4686
sch.1046
Fsc.7990
Fsc.13938
scr.653
ppx.34561
scr.11766
Fsc.32936
Fsc.31694
Fsc.28742
scw.297
trc.15019
ecd.6755
fsc.4551
Fsc.7992
sct.8613
scr.20097
spe.7812
scc.12715
scm.11046
scr.7212
tae.8004
dpy.18728
ppx.31265
Fsc.20461
spe.4802
scr.4898
Fsc.24621
scc.8296
sch.544
scj.10891
tae.6554
hyn.5120
spe.24707
scj.2997
scs.5143
ppx.36303
Fsc.21691
Fsc.6707
Fsc.21412
Fsc.19433
scj.8724
hyn.11080
hyn.1646
Fsc.20051
spe.13795
sct.2346
gys.2767
scs.6889
ppx.36728
ppx.4196
sct.8963
scr.2192
spe.26063
opv.12353
ppx.8163
hyn.8072
spe.39496
gys.5179
scc.23338
scw.13682
scr.17024
Fsc.1440
taa.12747
tae.5666
spe.36492
ppx.37412
scs.1266
scw.4392
spe.17274
ppx.20736
ppx.33141
ecm.4503
msl.27831
msl.25984
msl.27367
scc.4877
sch.11467
smm.2577
Taa.9613
tas.3182
msl.52631
Fsc.8670
msl.43125
msl.29527
scr.18702
scc.7265
Ecg.1004
tae.9851
tas.190
scr.14020
hym.4316
ppx.15746
trc.6317
htf.8241
gys.3615
Taa.8496
spe.10083
scs.1282
scs.8173
msl.9999
msl.54487
fsc.8857
scj.7800
msl.56432
taa.9630
htf.11168
tas.10752
msl.4834
scw.2104
ecm.6083
ecm.950
sch.9801
scs.15046
msl.33387
scj.9606
scc.17225
Taa.3791
msl.59445
hym.11522
tae.9900
spe.12350
ecm.7195
spe.17453
msc.1748
fsc.4691
taa.5890
msl.47300
ecm.7011
hyd.8235
msl.38532
scw.13035
msl.41205
tae.1863
Taa.7145
msl.24761
ecp.10454
ecm.8979
hyd.9551
scr.23644
trc.2128
msl.17529
tae.604
htf.3114
trc.17511
spe.2811
msl.7850
msl.47994
opv.4324
msl.30227
scc.3647
htf.6015
ecp.5629
Taa.1282
tas.5550
msl.59188
fsc.76
scs.246
ecp.10501
ppx.2296
sct.17327
scm.4433
fsc.5685
scj.7560
cln.13124
sct.11868
ecd.4153
msl.51915
ecp.4892
msl.41941
hym.12267
fsc.8106
scw.12465
ecd.1697
htf.319
fsc.14630
msl.57923
scs.19256
msl.46261
msl.34213
gys.10579
ecg.1602
msl.18622
ecg.1205
msl.36935
msl.26166
scr.11351
opv.13590
msl.50859
ppx.34033
spe.12658
tae.10417
msl.40359
spe.1010
scw.16291
scc.9721
msl.15167
msl.14360
scw.12510
sch.11310
msl.33976
scj.1644
sct.10887
spe.25974
sct.5667
fsc.14090
tae.9627
spe.32780
scc.21169
ppx.32630
msl.47787
hyn.1572
sct.746
scr.22017
tas.8557
tae.10750
Taa.7805
dpy.2240
Fsc.7220
msl.3800
ecp.8215
msl.46837
msl.59492
spe.24856
msl.57142
msl.23552
msl.5913
cln.4738
msl.41260
tae.5661
scs.10310
msl.51180
msl.46661
opv.4777
Taa.5764
hym.7994
msl.31268
trc.4522
spe.406
scs.18115
scs.12513
tas.614
Fsc.5153
msl.13278
hyd.3778
ecp.6458
hym.5198
Ecg.5627
scw.7022
tae.10792
msl.8160
cln.3823
ecd.7037
hyn.8245
opv.15848
ecm.2130
sch.8255
smm.398
Fsc.13604
scw.9222
cln.12232
dpy.3709
msl.56601
tas.5012
spe.32090
scj.4390
gys.10922
trc.7583
Fsc.32213
taa.9593
scs.14578
taa.5278
msl.57981
tae.906
ecp.15428
hyn.1506
trc.11633
sct.9053
taa.8103
ecp.13110
fsc.1127
msl.22917
Fsc.321
Taa.2586
ecm.184
msl.30654
scc.16947
msl.58976
Fsc.10947
scr.3832
Taa.5595
opv.840
ecm.8298
hyd.8920
htf.904
hym.1479
ecg.1961
tas.1824
htf.9093
spe.39265
trc.3024
spe.15049
msl.22103
ppx.16850
msl.19607
ppx.27965
ecg.9522
scr.964
scw.22043
ppx.7091
ecp.1871
spe.29672
opv.9773
Fsc.1461
fsc.47
scm.4192
ppx.29934
scr.19880
ecm.620
scj.11382
gys.841
cln.2809
opv.7143
opv.14237
msl.60529
tas.2670
tae.9309
cln.12148
fsc.466
msl.43005
scw.332
tas.10897
Taa.1003
cln.10846
hyd.6362
taa.12296
msl.15626
msl.17088
taa.1996
scr.8306
ppx.37672
ecd.5578
scs.5091
ecg.541
hyn.3037
taa.3491
htf.10473
dpy.19846
Taa.6054
gys.3688
scr.10718
scr.3848
ppx.13510
msl.37259
scw.4944
fsc.3547
scs.15879
msl.19281
cln.4416
dpy.3896
htf.6717
fsc.8761
ppx.23221
ppx.17101
spe.7917
spe.14714
ecm.2459
tas.3004
scs.3158
spe.28828
scs.817
fsc.3894
ecd.7529
scs.16352
ppx.19343
cln.4355
cln.9044
msl.50602
scs.4482
Taa.5315
tas.5254
msl.26048
fsc.1888
sct.8721
opv.11795
ppx.15362
htf.3098
tas.7920
msl.12975
ecg.2427
opv.13201
msl.23916
sct.7381
Ecg.5094
cln.6504
scs.12979
msl.57383
scw.6417
msc.5159
scr.9872
ecp.200
spe.24831
ppx.35206
hym.7147
tae.10801
msl.30920
opv.15353
scc.13359
msl.14118
msl.1629
ppx.13819
msl.30066
fsc.886
msl.25384
scj.5526
tae.5640
cln.1142
spe.14168
msl.52069
tas.9749
ecp.6042
tas.11100
scs.19982
msl.54546
sct.3663
sct.7487
opv.12638
scc.5726
scr.13381
tas.11654
taa.3372
msl.35397
scc.17208
msl.25758
sch.11681
scw.1064
ppx.29080
Taa.9007
Fsc.17556
ecm.8673
scr.18134
scs.3987
ppx.19293
ecm.497
hym.11992
msl.6214
sct.2395
msl.17754
fsc.10070
scm.6926
fsc.7558
msc.6443
scc.19805
tas.2594
tas.8140
tas.8927
spe.16507
ppx.727
hyn.3202
trc.2492
ecp.3569
ecp.1542
msl.45351
smm.115
gys.13282
hyd.7786
scj.3749
Fsc.2167
hyn.1636
scr.16024
msl.1673
sch.1980
Fsc.23325
tas.11322
ecg.9134
ecd.6261
msl.13187
sct.16189
ecm.1925
scr.7146
hym.3621
fsc.8496
sch.12422
hym.2614
msl.22480
htf.466
tas.9474
opv.16055
scc.16474
ecp.8937
msl.28513
msl.38635
opv.1521
opv.4533
sch.9701
cln.444
scc.7406
dpy.5271
opv.4358
scw.13194
msl.11363
opv.5568
taa.7492
htf.6625
hyn.3306
smm.125
cln.13033
msl.58398
taa.4409
scc.21578
scm.9309
scc.18200
scs.9503
msl.42459
trc.1707
msc.5516
Taa.4137
cln.6490
ecd.2860
ecp.10216
Ecg.7693
sch.4386
msl.57323
ppx.16894
scr.2092
scw.6461
sct.5445
ppx.637
hym.9975
msl.2252
ecd.7537
msl.13502
hyd.3099
ecd.3882
ecp.9238
scc.8728
msl.31171
msc.7813
tas.5242
hyn.5183
fsc.5678
ecp.17929
Ecg.4989
sch.3471
trc.13982
tas.2525
spe.33770
ppx.19084
spe.15131
scs.19149
tas.5620
ppx.3897
scw.12826
scj.12186
dpy.18819
dpy.6872
Ecg.2823
msl.4327
msl.16792
scs.17931
msl.9750
hyn.523
scj.3192
scj.4853
scs.9255
Fsc.27304
hyn.13370
sct.2071
taa.6729
cln.11282
msl.22804
taa.5265
scc.20109
msl.49091
fsc.1845
scs.5835
ecm.8886
msl.28948
msc.9370
scw.18552
opv.5648
opv.10105
sct.11707
sct.15736
spe.21536
dpy.2570
msl.57371
scc.12467
msl.59537
hyn.415
msl.12308
Ecg.8603
tae.8179
fsc.3057
sct.2034
fsc.5092
ecg.4107
ecm.366
tas.4018
msl.37499
sch.2853
Taa.7505
scw.1182
scc.13482
ppx.36707
Ecg.7475
msc.6771
ppx.28187
sct.11481
scs.11474
tas.2878
ecp.11470
fsc.496
ppx.32506
htf.806
msl.18479
ppx.28550
ecg.8579
htf.1164
scr.2812
ecd.5268
msl.14568
scj.6932
Fsc.1183
msl.22622
ecg.10087
ecp.4907
scs.4183
msl.111
Fsc.26330
spe.16239
msl.12149
ppx.9092
gys.3096
scr.10168
ecp.5429
msl.13717
msl.36113
Ecg.8386
spe.9309
tae.11277
ecg.4897
trc.2602
opv.9928
tas.3099
tas.7031
msc.2194
sch.1009
Ecg.8953
scc.13761
sch.2707
msc.1148
msl.18925
scs.3227
hyd.1118
scc.1019
sct.11377
msl.5366
ppx.29040
Ecg.8758
msl.57584
scj.7762
tas.11001
msl.17235
hym.7415
ecm.453
Fsc.7307
scc.4757
ppx.19761
sch.2541
Ecg.3276
tas.5143
scc.5988
scs.12559
scw.2015
ecm.5865
tae.4296
msl.51842
scm.1990
ecg.4947
opv.13316
taa.9305
hym.7650
msl.31504
sch.12693
ppx.4950
Fsc.28184
msl.8458
tas.6144
hyd.79
ecg.303
scc.4655
spe.13874
opv.15389
ppx.22602
scw.1685
ecm.4005
ecg.9175
hym.4009
spe.320
ecd.609
scw.24676
dpy.2472
fsc.9144
tas.7909
ppx.35110
tae.1929
spe.22008
scw.21800
msl.26882
ecp.17363
ecm.5562
msl.8994
msl.58681
msl.52677
msl.25712
ecp.6494
ppx.2462
ecm.10658
hym.1132
spe.3270
hyd.2224
msl.30367
scs.4376
ecd.8784
ecd.3844
tae.8897
scj.5879
spe.12390
spe.23372
taa.2296
hyn.7817
tas.2242
spe.22942
Fsc.6701
scc.5335
msl.59958
scw.2529
msl.13821
tae.3733
scr.737
spe.38132
ecg.3434
ppx.16625
Taa.4907
Taa.589
msl.19687
ecd.4303
msl.47760
hyn.9700
taa.12246
scw.1881
msl.18697
scw.23951
spe.23804
Fsc.491
spe.27357
msl.21444
msl.44081
ecm.1610
gys.12570
spe.9871
scc.4993
msl.5976
scw.25790
ppx.29221
msc.1578
Taa.2461
msl.52097
msl.32687
trc.8990
scr.4766
hyn.4439
hym.2266
ppx.20958
taa.10683
scc.13975
hyd.7261
fsc.7935
Ecg.8054
ecg.6060
gys.9400
opv.14153
ecd.1342
fsc.1434
msl.36536
tae.3895
opv.8456
scj.12300
ecd.743
sch.5378
dpy.11847
opv.9821
msc.3045
msl.7304
ecp.11732
htf.2861
msl.27228
spe.26162
sct.1988
ppx.36396
fsc.2305
hyd.6837
spe.21577
tas.7064
msc.2977
ecm.948
trc.8245
trc.1063
sch.12092
scj.4923
ecg.298
taa.7730
trc.83
scw.22418
ecg.902
sct.21480
taa.11613
tae.1735
scr.3599
ecp.6826
Taa.364
msc.835
hym.9134
ecd.4687
ecg.7043
ppx.33643
msl.46740
ppx.12069
ppx.32251
tas.8031
scm.8360
spe.12895
ecg.9754
msl.33
trc.11789
dpy.11373
dpy.13507
dpy.9438
spe.36706
Ecg.9955
ppx.4214
msl.34441
dpy.5473
msc.5876
spe.28876
Ecg.8103
scc.10643
Taa.7028
sch.8145
msl.3846
hym.1263
opv.12904
fsc.11466
ecg.8216
hyn.6456
fsc.4909
msl.32541
ppx.12643
hym.9044
spe.27267
Fsc.21668
ppx.25556
ecg.7379
spe.34720
smm.2165
Fsc.16982
cln.11909
gys.13733
opv.7502
scc.2218
sct.1150
htf.3771
msc.5107
ecg.257
ecm.2500
hym.5152
scs.3001
spe.34378
msl.30950
hyn.2369
scc.13565
Fsc.30994
gys.13229
trc.2068
opv.8363
Fsc.22447
hyn.10624
ecp.4792
sct.21281
msl.54479
scw.5528
hyd.6783
msc.4123
opv.11838
taa.6402
Ecg.409
tas.8344
scj.2624
hyn.8168
msl.6750
msl.19693
ppx.7673
gys.14125
scc.980
dpy.5424
sch.4100
hyn.10497
dpy.16604
opv.1389
spe.25767
ecp.17572
Ecg.3873
msl.54207
trc.2536
msl.43441
ecd.9253
spe.24397
msc.10354
msl.11989
scs.10765
dpy.8478
spe.27214
ppx.19465
sct.22849
htf.11246
trc.10175
fsc.12645
tas.11137
ppx.33816
scs.4620
gys.15199
scr.22951
ppx.29446
scw.19838
ppx.36016
msl.545
scw.11815
spe.2247
spe.26432
opv.7529
trc.11695
ppx.4226
Fsc.3963
spe.31114
sch.7692
ppx.16006
sch.5092
dpy.11734
ecp.317
msl.59929
scc.21152
ecp.17064
scm.6578
sch.4810
msl.29237
sch.4683
ppx.13176
ppx.17013
ppx.25256
trc.19870
dpy.10541
hyd.4319
hyd.2108
spe.13128
scs.6637
ppx.23634
dpy.17110
scc.21345
tae.7248
gys.6690
scw.4834
dpy.19460
scj.5000
taa.11450
dpy.9015
spe.12513
msl.27680
dpy.1901
hyd.1178
hyd.6917
msc.2440
fsc.431
ecm.3125
spe.13612
msc.3856
scr.7057
fsc.6223
ecp.2382
hyn.5802
hym.656
htf.5006
tas.1508
msc.4858
ecm.471
dpy.18323
trc.5186
msl.55966
hym.11355
cln.8833
fsc.12523
Ecg.7411
tas.144
dpy.713
scr.263
sct.7778
msl.44781
spe.5489
spe.37674
sch.12394
scw.7181
fsc.2180
sct.2839
Fsc.24474
ecp.17044
opv.12568
ppx.1227
spe.38100
dpy.3115
ppx.34137
ecm.4335
scw.14462
scw.12436
taa.10642
scc.22673
msl.49035
taa.10467
sct.3556
Fsc.20330
hyn.4658
scs.3653
trc.16558
spe.5645
htf.10624
ecp.1054
msc.1071
tas.12315
ecd.8839
scr.3175
htf.6317
spe.7997
hym.7717
hyn.6785
Fsc.2076
htf.6877
scc.4679
msl.7270
spe.22480
ppx.28444
msl.2605
hym.1943
ppx.29680
ecm.9678
tas.10845
scr.21803
spe.1184
ppx.18056
ppx.15309
cln.2024
dpy.9112
scc.16328
gys.8458
scr.2266
ecp.18060
spe.3872
ppx.9933
spe.507
spe.4290
ppx.23649
dpy.15749
Ecg.6197
spe.8748
gys.4038
ppx.20080
sch.12743
fsc.9920
opv.14185
scm.6351
trc.1212
spe.35438
msl.12738
taa.7587
scw.18636
ecp.5107
dpy.3539
scr.17499
scr.1985
opv.5979
trc.316
dpy.19892
ecm.9295
dpy.6173
scc.23181
hym.9323
scr.1280
ecg.3083
scs.405
gys.460
Fsc.32800
gys.5444
gys.6846
Ecg.2370
hyn.6990
scj.3949
hyn.13223
ecd.11180
spe.2374
spe.3598
ecp.6842
dpy.1416
ecg.4092
scw.21441
scr.655
taa.3764
scc.16146
scr.13526
scw.11332
gys.7355
ppx.4474
msc.10185
