

dpy.15159
msl.19302
scw.5378
taa.1863
gys.10090
Fsc.8876
Fsc.3552
Fsc.31124
scc.21420
scs.1319
sct.15655
scr.22039
scc.18168
smm.2279
ecd.5706
smm.897
Fsc.23218
sct.9546
Fsc.8375
scw.20140
scr.19219
scw.14214
Fsc.18851
scw.18579
Fsc.14259
spe.18391
scw.23224
scr.21490
Fsc.30352
hyn.8599
scr.12002
scc.16411
scw.4649
scj.7062
Fsc.20331
gys.9777
Taa.2181
ppx.11754
Fsc.23268
scr.2749
trc.17807
scr.14359
dpy.17653
spe.33761
scr.2796
Fsc.23850
Fsc.25367
ppx.22757
ecm.10319
sch.7977
spe.11351
scw.15822
ecp.8314
Ecg.2031
msl.26065
scr.1040
ecm.5439
ppx.2667
scw.6891
ppx.25991
scj.8775
ppx.34338
hyd.4142
ecp.5125
ecp.1322
sct.8067
scw.25613
Taa.9872
ecm.2655
scr.918
scj.10853
fsc.10181
hym.1580
msl.11852
fsc.6656
scs.18574
msc.4708
msl.57750
msl.10550
ppx.1245
scs.6870
msl.37184
msl.25539
msl.51831
ecp.2047
hyn.8700
sch.5074
trc.11963
fsc.3106
sch.1118
dpy.13011
htf.3918
scs.18084
msl.43495
scr.18906
scw.6369
opv.1564
tae.5484
msl.18720
taa.5237
tae.7373
sct.21888
msl.9927
scw.19552
msc.3052
tas.1319
opv.11185
hyn.3868
scs.18589
msc.2073
msl.31324
ppx.26287
msl.55299
msl.54561
sct.3642
msl.18202
cln.2967
scj.1789
ecg.8581
hyn.443
ecp.1317
msl.13780
msl.30295
Taa.2295
htf.2733
ecm.6655
sch.12786
scm.3704
trc.17062
htf.1708
msl.25290
tas.12805
sch.7924
taa.12047
Taa.248
hyd.9724
htf.6960
taa.358
ppx.8761
fsc.10052
Fsc.19575
tas.2846
msc.7333
ppx.16173
hym.5778
msc.9248
msc.4750
scs.7208
sch.3877
scc.16268
ecm.2801
scr.13377
scs.2452
sct.10215
Taa.7539
msl.28448
hyd.2039
msc.5809
sch.1849
msl.13558
scs.207
ecg.8778
scj.4488
ecm.7764
hyn.12123
cln.896
scc.10192
ecg.8209
trc.8986
taa.7491
msl.28114
Fsc.14081
Taa.6321
spe.4601
msl.6736
sch.11978
fsc.4594
hym.6857
ecd.10676
sct.7478
gys.10051
ecg.9623
msc.7944
sct.828
msl.12385
scj.2520
msl.29548
hyn.1765
opv.8700
msl.56954
ppx.21489
msl.30344
msl.195
msl.58304
msc.3135
scs.9244
scs.5361
ecm.3897
taa.11822
smm.369
fsc.10800
Ecg.3247
cln.4155
opv.13518
msl.24094
gys.1677
ecp.12181
cln.7709
msl.26867
tas.9624
hym.1666
ecd.6078
cln.2981
spe.11049
scm.4996
fsc.5307
sch.6871
Ecg.8651
spe.36439
msl.25796
scs.2509
htf.492
msl.32157
tae.4918
ecm.4071
hyn.6185
scm.9427
ecd.2446
spe.24607
taa.11283
scj.10090
gys.7840
ecg.5619
msl.29212
msl.564
hym.9084
tas.8667
hyd.406
spe.9991
msl.12588
Fsc.24706
spe.36630
msl.49483
msc.10041
tae.8752
scc.11538
tas.1371
msl.56171
msl.31583
dpy.2759
Taa.3549
msl.24885
ecm.3971
dpy.11202
ppx.10650
scs.19435
cln.1070
smm.1668
hyn.11070
ppx.23794
opv.3426
sch.2073
ppx.29116
msl.3345
scj.10026
scs.3862
tae.1094
htf.2340
Ecg.10041
scj.7835
msc.9599
hyn.8084
sch.4420
scs.19702
spe.17554
ecm.2488
spe.20934
hym.9244
scr.1139
sct.22283
Fsc.4631
spe.37457
msl.43984
Fsc.20185
msl.2495
opv.5433
ecd.1397
gys.3751
cln.8777
scc.19059
scs.1903
spe.13223
scw.4811
htf.6345
htf.7804
scc.20196
Taa.2474
msl.36757
spe.1287
msl.15073
Ecg.4222
tas.10214
opv.1067
opv.11844
Fsc.13845
tae.11690
cln.2353
msl.34742
cln.7062
cln.9408
Fsc.20304
scw.6283
fsc.10376
ecm.10574
ecm.1265
ecd.4417
sch.1874
Ecg.8162
scw.20201
dpy.4895
ecp.9755
hyn.8211
ecp.10512
trc.10106
cln.1303
ppx.9965
spe.13187
opv.5173
spe.33241
scs.14435
Taa.6310
msl.19530
Ecg.6615
sch.11963
Fsc.12795
msl.57071
sct.8500
msl.32773
scs.14506
scr.15379
msl.22770
msl.7609
Ecg.1873
Taa.7704
msl.47958
ppx.16734
msl.1106
msl.17532
Ecg.4596
scc.17969
hyd.2761
scm.1218
ecd.7633
ecm.2069
ppx.24242
ppx.16360
opv.14347
trc.2748
hym.8817
sch.13057
cln.1441
hyn.7662
tas.2881
htf.9077
spe.698
scj.7689
Ecg.9762
spe.4558
tae.626
hyn.10086
Fsc.7672
msl.717
ecm.4856
dpy.10186
ecp.18190
Fsc.11582
msl.26683
tas.2986
taa.3413
htf.9542
msl.45907
taa.1202
scm.7049
Fsc.19905
msl.14776
msl.30633
dpy.11825
gys.7000
scs.10697
Ecg.7431
Ecg.2341
sch.9492
ecd.4113
msl.51956
ecp.7580
tae.1944
htf.4689
tas.5091
msc.2128
msl.18437
ecg.3234
msl.24913
dpy.6841
taa.2149
Ecg.7110
sct.17728
scw.8677
msl.9740
msl.6402
trc.3613
msl.36487
hyn.8922
gys.10477
scw.20097
taa.7922
trc.9722
cln.11296
msl.29114
gys.8939
scr.3891
cln.14
fsc.7455
msl.41871
Fsc.28465
sct.6975
sct.9513
tas.3510
ppx.2097
Taa.643
hyn.6642
tas.1095
msl.46314
msl.26775
cln.5664
scr.10875
gys.6033
scm.5415
msl.36847
spe.27927
hyd.4627
msc.7619
Taa.4134
ppx.2901
htf.4479
spe.38406
taa.5606
ecd.6380
ecp.6859
msl.41582
cln.4069
hyd.6824
trc.9688
ecg.6927
scs.2505
spe.11119
scm.4565
spe.38062
tae.553
msc.8629
Taa.6270
hym.4839
fsc.5278
dpy.10411
opv.9189
scw.19376
spe.10785
taa.9646
sct.10233
ppx.19402
msl.30241
spe.38310
Taa.6835
hyn.10411
Fsc.23749
taa.778
tas.4613
ppx.33966
msl.5823
ecg.3986
hym.956
fsc.9674
scs.11718
ppx.11363
msl.59752
msl.27201
scm.5687
msl.10339
cln.2219
taa.13199
scr.103
sct.7842
trc.2382
ecg.6368
ecp.7688
ecp.341
htf.9884
tas.5176
ecp.11550
msl.4356
htf.5753
hyn.2219
ecm.9877
msl.52509
msl.41875
hyd.10878
gys.11565
dpy.15007
sch.3468
msl.13888
ecp.2277
ppx.2278
ppx.18195
scs.16630
hyd.1541
Fsc.3665
opv.7717
ecg.3009
spe.628
scs.18735
sct.8080
scc.21742
ecp.13836
gys.14529
Taa.10133
msl.38792
hym.7310
ecd.6018
htf.30
msl.12998
fsc.4896
sch.5428
Ecg.8109
ecp.13094
scw.8727
sct.12626
scm.8612
ecp.12295
scw.17587
scr.17166
msl.33249
sct.1345
scj.12115
cln.3346
scw.3732
scc.9237
msl.42522
ppx.34196
scc.19333
scc.15554
fsc.11364
scr.5112
scr.11140
ecp.637
scs.19964
ppx.28078
opv.1822
scc.15849
scj.806
scj.7957
dpy.15338
msl.57915
scr.13911
ecp.2675
sch.6447
dpy.14745
ecd.8457
spe.9681
gys.11386
scw.15513
msl.33185
ecd.274
tae.548
trc.20253
Ecg.6283
scs.10740
scr.12105
ppx.28221
Taa.2679
scm.132
spe.32330
gys.11122
spe.11498
scs.11209
spe.8863
msl.18197
cln.3109
taa.74
hym.1630
scs.10451
fsc.7632
msl.18255
tae.6161
dpy.4291
trc.1223
tas.23
msl.39968
fsc.14121
msl.57237
trc.9451
msc.7623
ecp.13570
ecg.5851
sch.4193
trc.11131
hym.5412
spe.13436
scc.8669
cln.2047
sch.8816
Taa.9526
scj.3358
msl.49065
gys.4270
gys.11193
scr.9199
hyd.434
ppx.27500
sch.2211
taa.1774
cln.8276
msl.77
trc.4571
scw.3290
scs.10712
scs.5394
ecm.8036
scj.1823
dpy.13074
scr.19278
tas.7470
opv.10319
dpy.11100
htf.7911
taa.7432
ecd.9895
Taa.937
msl.40048
fsc.14328
tae.5993
cln.7916
msl.19377
msl.9351
taa.3444
taa.10020
scs.11257
Taa.8154
hyn.4755
hym.4726
hyn.8612
dpy.19089
msl.43021
Taa.3790
sch.12751
msl.27066
ppx.10204
sch.1041
gys.7596
msl.38665
msl.35579
msl.30814
msl.607
sch.3862
ecd.4868
msl.19952
sch.4169
cln.3695
msl.20956
spe.12610
msl.50862
hyd.10184
fsc.13245
opv.12959
scm.6484
ppx.34364
hym.3922
htf.930
msl.30265
Taa.8985
ecp.17864
msl.18131
Taa.1593
Ecg.3750
msl.59699
fsc.6522
htf.6042
tas.11628
taa.4140
ecm.8084
scr.3377
cln.3711
scs.2802
sch.5182
msc.194
tae.4057
scj.3155
msc.554
trc.17039
scr.17110
trc.16860
msl.6980
ppx.34164
msl.37386
ppx.17201
msl.26026
ppx.1426
tae.7824
dpy.16844
sct.9079
fsc.9775
ecp.5532
fsc.6633
msl.41929
Taa.7367
scr.7880
Fsc.12176
taa.12502
Fsc.7072
msl.45229
msl.59372
msl.24582
msl.39948
opv.3768
htf.7512
msl.60080
msl.58728
Ecg.6572
sch.6788
dpy.15779
msl.28099
htf.5265
scr.2625
msl.51588
dpy.8905
Taa.9115
gys.4106
scr.14352
htf.9056
fsc.6703
fsc.11391
Fsc.26059
msl.5604
spe.11616
msl.18167
msl.17646
hyd.5793
gys.1492
trc.5662
msc.4955
htf.3119
msl.28763
msl.24325
hyd.9850
ppx.35352
ecg.4090
ecm.10039
fsc.12165
ecm.8154
htf.2038
Taa.6597
Ecg.2725
hyn.4176
trc.15056
msc.1708
msl.10118
Taa.4671
scc.1201
hyd.5940
Fsc.16528
taa.5799
htf.4468
msl.27297
hyd.1656
scm.6940
msl.7412
ecd.1471
Taa.1537
ecm.9702
ecm.3041
spe.39256
cln.12066
Taa.7015
Fsc.14270
cln.9470
fsc.1194
cln.3779
scw.14911
scw.23988
Fsc.10326
hym.7113
ecg.4006
msl.22347
msl.30163
msl.2365
msl.56023
Taa.7239
taa.8115
ecd.8409
ecd.4653
scr.9057
fsc.8814
opv.1903
opv.4627
trc.10893
tas.8540
msc.6206
trc.6503
cln.4822
opv.13287
msl.10888
msl.46341
tae.587
spe.34801
scc.18837
tas.1520
msl.50414
ecd.6724
scc.17239
sch.6705
ecd.5399
msl.5370
dpy.9131
dpy.2236
ecm.7708
sct.5927
scw.3594
scj.3801
hym.7402
Taa.3486
cln.9324
taa.4427
scw.10695
spe.26085
Ecg.3280
ecg.8362
Ecg.776
Taa.5954
htf.1693
scw.4096
msl.23998
msl.2623
Ecg.1212
msl.47667
scm.3393
hyd.8794
spe.27451
ecg.7959
msl.1878
Ecg.9565
spe.32403
scm.6603
hyd.6061
msl.46933
ecp.9287
ppx.17535
scc.13186
Taa.239
spe.26084
scs.9550
tas.5265
scr.17601
hym.8627
ecg.1082
tas.520
cln.2734
scm.6539
scr.5131
ecp.2097
msl.17848
spe.16469
Taa.8833
scr.7252
scr.16269
trc.10214
ppx.21048
hyd.7652
ecd.1840
Fsc.19144
spe.2009
htf.5012
msl.35907
smm.192
msl.4492
msl.19915
hyn.8487
opv.7952
hyd.606
tas.7344
ecp.2207
msl.9704
opv.10983
Fsc.29644
msl.40362
scr.8301
scw.12057
opv.1966
opv.1148
opv.8716
msl.42815
msl.44221
Fsc.4241
tae.5709
msl.867
trc.20112
ecp.18551
msl.39812
htf.11532
Fsc.5644
scj.11829
msl.46427
Fsc.6443
msl.36461
ppx.16960
sct.3877
ppx.20159
taa.489
hyn.4547
msl.55606
scw.25544
hyn.7018
ppx.29448
spe.31852
spe.37729
spe.31618
Fsc.24358
msl.50106
trc.6671
sct.16577
fsc.14429
scm.4503
taa.8144
opv.6852
tae.6596
Fsc.28663
dpy.15164
scr.3148
dpy.9449
fsc.4777
taa.11345
tas.505
ecm.9259
ppx.29528
hym.7612
Taa.5888
ppx.31144
scm.8811
scm.4978
spe.4890
ppx.31714
hyn.10534
scr.22339
sch.6920
scc.6392
hyd.2130
msl.15517
msl.57949
ecp.17710
Fsc.14814
Fsc.7531
ppx.20308
scm.11062
dpy.12982
sct.21760
scs.11896
ppx.20701
dpy.1791
Ecg.6497
scr.20240
spe.870
Ecg.3226
scw.18688
spe.20623
spe.20963
fsc.14920
scc.16038
tae.3689
scr.20654
hyd.7584
ppx.16575
ppx.1859
tas.10959
sch.10618
scc.1651
htf.10859
Taa.5976
sch.9616
scc.19140
sct.19642
ppx.1949
spe.32069
ppx.22342
ppx.23562
scr.5698
spe.36688
dpy.14672
scr.14258
spe.18006
ppx.21627
scc.4347
trc.8082
scr.7132
trc.13073
gys.6251
spe.14728
opv.3560
taa.11358
scw.7880
dpy.8958
scc.9946
ecm.5482
sct.12624
scs.5538
ppx.32712
ppx.28751
scr.16533
scr.9480
cln.3614
msl.9153
dpy.2041
spe.5110
msc.9752
scc.22736
spe.35203
scw.8866
spe.3066
ecg.8788
hym.8856
tas.2778
scr.8940
ecd.4279
scc.13108
ppx.2813
scr.18355
msl.17718
hyn.463
scr.23837
msl.25789
scc.17102
opv.13276
msl.35060
ecg.11170
msl.5881
spe.13779
msl.53411
trc.17849
hym.11199
fsc.2402
hyd.5845
scw.11516
scc.5817
scw.15042
Fsc.12208
dpy.4354
scj.12590
gys.11396
gys.14724
hym.673
spe.11237
ecm.167
ppx.34029
htf.5317
ecp.1238
scs.1833
scj.12738
htf.2484
ecm.6143
opv.3367
ecd.10827
trc.21322
dpy.17187
spe.15260
scw.26059
spe.15570
ecd.632
sct.11697
scr.10286
tas.2336
htf.1101
ecd.10699
scr.2561
hym.11736
trc.18573
ecd.10167
ppx.7053
taa.11795
hyn.6437
ppx.8272
scj.4176
dpy.4682
fsc.9986
taa.5914
ecd.8701
ecd.9873
msl.57483
trc.1303
ecm.6854
hyd.5679
ppx.33039
scw.20935
ppx.4622
dpy.4613
spe.13663
spe.7597
spe.14279
dpy.19050
scc.5569
scw.4315
tae.4184
ecd.7309
scc.3785
sct.19395
dpy.9409
trc.17537
ppx.1870
msl.1583
sch.12953
trc.17992
ppx.12509
trc.17033
cln.4332
taa.9912
scs.2983
hyd.5506
sct.10621
hym.10269
ecd.11366
msc.10201
