taa.11654
tas.7276
msl.58472
msl.15726
dpy.19443
msl.36527
taa.6173
msl.10510
sct.17279
opv.2481
msc.8662
msl.19203
cln.429
msl.640
msl.39012
scs.14354
msl.42125
hyn.11384
fsc.15199
taa.8901
ecm.9523
Ecg.8021
tas.9324
ppx.32594
msl.45760
msl.40386
msl.60133
msl.32146
hyd.1701
msl.43765
Fsc.33428
hyn.1199
ecg.1354
scw.9374
hyn.6699
msl.11196
ppx.1438
Taa.3808
msl.48917
ecp.7917
hyn.9040
msl.59133
taa.760
hyn.3791
trc.5045
hyd.10539
msl.11070
Fsc.1070
tas.7447
dpy.474
ppx.35307
hym.2501
msl.43702
msl.58882
spe.12598
msl.8634
opv.3448
spe.15339
msl.7046
scs.3379
Fsc.32164
msl.32022
msl.58678
dpy.13874
msl.19104
ecm.2015
taa.9108
msl.43226
Ecg.922
scj.6656
msl.57013
hym.10512
msl.59662
scr.18426
msl.13770
tas.176
spe.35946
ppx.26265
ecp.10099
ppx.16237
msl.26242
msc.6828
msl.15440
cln.11500
scw.8566
hym.10521
ppx.26737
htf.2666
msc.2836
taa.5753
ppx.30985
msl.19705
dpy.15307
msl.45606
Fsc.25462
msl.6288
msl.2190
msl.59211
msl.52205
msl.58966
msl.44743
msl.50927
ppx.14577
msc.6651
ecg.8052
