

scs.17282
scc.1983
Fsc.25759
sch.1900
Fsc.32268
trc.18033
scr.15490
Fsc.13339
scw.10628
sct.18621
spe.20273
scw.23266
scw.173
Fsc.23729
hyn.11578
scr.23683
scr.22586
Fsc.31892
sct.13879
scw.797
scr.22494
Fsc.14617
scc.20884
scr.1866
scr.20215
spe.16892
Fsc.17161
Fsc.24669
Fsc.31479
scr.6290
sct.14267
scr.19955
sch.11524
tae.3359
scr.19662
Fsc.19435
spe.4956
sch.11032
scw.20854
scc.16984
tae.5887
scw.10808
spe.32157
Taa.3115
scw.12598
ppx.8566
spe.549
scr.6869
Ecg.6255
taa.7564
tae.7228
sct.3831
ecg.9384
spe.37948
ppx.33263
ecp.10460
ppx.32139
scr.6217
gys.5410
scs.13307
scr.5075
spe.37427
msl.21580
cln.4728
opv.3377
spe.9053
trc.11646
scs.19228
msl.12568
hyn.6876
scm.9814
msl.28039
scs.5525
msl.24664
tas.6975
sch.1093
msl.18239
gys.2273
msl.37022
ecm.9761
msl.19646
ecp.1576
cln.13320
scr.13432
hym.10245
msl.16212
ecp.13309
msl.27676
msl.28211
tae.9628
msl.56012
msl.37920
spe.33324
opv.14338
ecm.420
ppx.12391
ecg.6592
tas.10197
ppx.30685
msl.57170
msl.59991
msl.32670
trc.4130
cln.10966
opv.12149
ppx.33685
hym.7936
ecg.6356
scc.8435
taa.5205
scc.3101
sch.12625
msc.6007
opv.11221
hyd.1175
ppx.17022
msc.7671
opv.3089
scs.3066
hym.211
scs.19497
htf.8402
ecd.1637
msl.11822
Taa.5547
opv.7297
scs.20183
msl.50732
opv.2809
fsc.2743
Fsc.29984
spe.38815
trc.3978
msl.48469
opv.14295
trc.15652
msl.499
Fsc.32483
ppx.30747
scs.10960
msl.42838
scj.6413
Taa.8733
scc.7549
Ecg.9943
scc.17032
dpy.3269
hyn.4045
trc.21073
scr.2760
sch.4761
spe.14562
scc.12142
cln.11637
cln.9643
scs.8622
msl.40540
fsc.816
hyd.3371
spe.14319
ppx.9508
spe.16779
msl.58460
taa.12028
ecp.16791
msl.934
msl.16186
ppx.33280
msl.30476
opv.1816
spe.31849
spe.18711
ppx.21072
msl.40646
Ecg.504
ecd.7344
msc.6314
fsc.6037
msl.35936
msl.58741
hym.10223
msl.39805
msl.11348
msl.58231
hyn.7822
msl.15201
fsc.6083
opv.4120
dpy.7863
scr.10708
cln.5509
Ecg.2926
ppx.3287
scc.16887
Fsc.6729
ppx.31749
spe.36107
Fsc.22935
hyn.8036
opv.8316
msl.21147
dpy.4719
htf.6690
Taa.1605
hyn.3291
ecg.7
htf.7004
msl.36806
msl.58123
msl.24441
msl.13991
ecg.7812
scj.4430
Fsc.20239
ecm.10563
ecd.6953
ecd.1030
msl.49375
scc.14928
tas.5223
scc.10903
hyd.9123
ecp.17901
fsc.2489
scc.4434
trc.3340
trc.16002
scw.7343
hym.7209
scw.24746
Taa.4496
tae.1693
scj.12465
tae.1544
dpy.11509
msl.34712
dpy.6855
ecm.4258
scm.7271
msl.43135
Fsc.2244
msl.35453
scs.18091
ecg.2071
msl.33293
gys.12001
tae.7243
hyn.1346
hym.4123
msl.16503
ppx.27761
Taa.6985
opv.14322
taa.11232
ecd.7717
ppx.568
msl.37893
tae.5049
dpy.7732
Ecg.6837
taa.4508
gys.10174
ecg.7303
msc.3274
msl.52136
msl.52916
msl.10650
fsc.11180
spe.12153
ppx.15144
hyd.10396
msl.229
msl.26621
ecd.2470
scr.12561
tas.9252
msl.38113
msl.34554
taa.11178
tae.3845
opv.10653
msl.46862
ppx.26003
spe.15590
sch.8058
msl.13141
dpy.14271
Taa.2960
scc.9743
msc.9939
msl.8334
trc.3181
htf.777
Fsc.4810
ppx.31078
spe.1026
Ecg.4389
ecg.4936
Fsc.27533
htf.5947
tae.5255
fsc.4416
msc.6733
gys.4728
ecm.1841
scm.6080
taa.9146
ecp.12472
gys.4234
htf.9213
opv.260
msl.1645
hyn.13057
msl.10196
tae.7312
taa.5798
gys.7406
sct.9885
msl.33613
msl.58497
msl.27214
msc.8052
msl.31368
opv.4925
msc.10464
scs.11590
tas.7627
scm.3323
opv.3130
Taa.6339
taa.151
msl.53152
tas.8254
ecm.362
msl.30836
msl.666
Fsc.32635
scr.10583
ppx.7023
msl.46170
trc.10462
msl.36241
spe.27464
scj.5432
dpy.9088
ppx.16588
dpy.5692
Ecg.10185
ppx.19743
scw.22876
dpy.10083
gys.2287
scw.21768
hym.2194
ecg.2272
ecm.7406
ecp.14476
msc.8152
fsc.9897
Fsc.9603
scm.8476
Taa.4959
msl.11813
dpy.8582
scj.3066
Taa.2439
hyn.9753
hyd.2004
ppx.37848
ppx.33433
scr.6457
scw.9677
Taa.6679
msl.43580
hyd.10701
scj.3889
dpy.4164
Taa.9757
msl.15156
hym.3760
Ecg.3433
ecg.8122
fsc.11370
tas.1531
msl.3435
ecp.5986
scw.23403
msc.5344
tas.3677
msl.19746
gys.10018
fsc.13785
Fsc.14867
msl.56893
sch.7793
scs.5730
scj.8193
Ecg.2620
spe.13926
ppx.34554
msl.15555
msl.45894
scs.11639
Taa.8573
hyd.4386
msl.23419
htf.9652
trc.12749
msl.37590
hyn.2264
htf.6990
ecd.5381
spe.25602
spe.28531
scw.7674
hym.2124
sch.10402
cln.3117
gys.11296
scs.13930
dpy.4755
Fsc.32207
ppx.11966
scc.8414
fsc.14647
gys.7788
Fsc.4487
htf.3566
cln.10391
taa.4070
trc.8390
taa.8285
ecg.5268
cln.11589
msl.29021
scc.15565
msc.9556
msl.43340
taa.6445
ecm.2627
Fsc.6077
msl.23591
Fsc.13864
cln.10467
ppx.4132
trc.15995
ppx.33175
trc.3174
msl.29352
hym.5712
msc.3488
tae.11830
ecm.10168
ecm.1334
cln.1662
hym.1619
scj.2319
msl.44407
tas.2169
scc.13038
Ecg.1050
tas.4479
msc.8812
scc.10677
hym.9383
scm.6131
cln.3
Fsc.25530
cln.3336
scw.3761
cln.9925
msl.11768
scm.9919
scm.9136
scs.14380
taa.5040
scm.7687
ppx.447
tae.12136
fsc.473
gys.667
spe.11144
scs.1497
Taa.1690
sct.6184
ppx.1498
msl.51778
htf.5766
dpy.9836
msl.17098
scj.7025
hyn.1749
tas.7497
ecm.7568
scj.243
tas.344
msl.45835
Taa.4254
ecd.4747
scs.1945
msl.53526
fsc.14965
trc.10769
hyn.743
trc.5290
scj.5589
cln.11146
scj.1144
tas.9158
hyd.490
msc.4812
scr.5873
hym.4616
Ecg.3762
msl.12206
fsc.5288
ecd.1546
ppx.27235
hym.5064
ecm.3714
spe.39182
msl.52153
scw.24999
msl.26695
hyn.6004
Fsc.18363
msl.56380
scs.2993
taa.704
sct.10311
Taa.5787
scc.15018
Fsc.21418
hyd.2432
hyd.1717
sch.2177
msl.10463
msl.41893
msl.20316
msl.27254
ppx.31106
msl.14913
dpy.16366
sct.21357
msl.14163
scr.20462
msl.55063
fsc.1414
msc.10065
msl.45239
msl.30505
msl.52644
msl.46234
spe.9651
scc.8573
sct.21196
spe.4305
Ecg.6568
Taa.5558
taa.10640
ecd.857
scc.16269
msl.19403
spe.2415
spe.28621
opv.11654
scs.7763
scr.20926
spe.38757
msl.10217
ecm.1119
msl.9287
opv.12875
spe.19292
tas.460
tae.5644
ecm.6718
spe.13380
taa.2420
dpy.4725
scm.4635
ppx.27248
spe.19903
msc.3789
spe.4416
scm.3153
msl.47755
tas.10982
hyn.3101
hyd.1978
spe.2386
ppx.28345
fsc.14285
spe.695
taa.12498
ppx.26492
scs.2695
msl.45745
Taa.7977
hyn.2456
taa.12512
msl.5965
dpy.1913
scc.8697
trc.19931
tas.2629
msl.13087
gys.13862
opv.10773
scc.11220
msl.51815
ecm.5795
sch.6933
scr.18069
msl.28781
fsc.2298
scm.3491
scj.2308
scr.7616
htf.9159
sch.10167
scr.22097
sch.4734
cln.11316
Ecg.10258
opv.9339
msl.56696
hym.8757
ppx.16391
tas.2391
msc.1699
msl.48993
scj.4604
spe.24017
taa.5896
msl.49465
ppx.31593
scc.20625
msl.41359
Fsc.26998
msl.17430
ecm.4514
msl.32759
ecg.1606
sct.17088
scc.15994
msl.49570
scm.8910
scm.9616
opv.3098
msl.35942
ecm.3632
scw.20918
spe.3224
fsc.15126
dpy.1770
sct.17645
Taa.8259
msl.30599
ppx.13778
scc.11615
taa.10330
Taa.9925
ecp.17986
fsc.1202
sch.3239
scr.20344
Fsc.15330
fsc.2876
spe.30055
Fsc.1999
hyd.9579
gys.9615
fsc.8745
spe.31204
scw.2196
msl.22175
sct.21002
scs.3114
Ecg.9961
sch.790
ppx.18711
msl.58110
Fsc.12969
msl.38788
sch.5431
hym.1338
fsc.13334
spe.9167
ppx.7128
Taa.9374
tae.2862
msl.8003
sct.19309
msl.54446
sct.9217
msl.32577
tae.10540
ppx.32446
gys.8232
scj.5256
ppx.26217
msc.278
spe.11921
msl.24621
scr.2158
ecg.1674
sct.16929
msl.4211
smm.1579
taa.2165
scw.15483
opv.2398
tae.10115
msc.8332
msl.39273
msl.53881
dpy.2291
scm.10406
hyd.5248
tas.7338
fsc.8248
trc.13994
taa.676
msl.22815
htf.4442
Fsc.15894
ecp.10022
ecg.5059
taa.1826
sch.8710
Ecg.10077
msl.42805
Ecg.6039
ecd.9549
Ecg.2054
scs.18634
tae.3433
gys.15184
ecp.12603
opv.14884
msl.25099
gys.6014
ecp.7988
dpy.11098
scj.7277
scr.13868
msc.7634
msl.42737
Fsc.3229
dpy.2268
ecp.9450
msc.9533
scm.3859
msl.58054
ecm.481
Fsc.1546
hym.5304
msl.13114
ppx.18213
msl.58413
ecm.702
gys.9771
scs.15215
scw.12580
taa.10167
htf.4791
spe.10608
trc.2169
spe.30714
scr.21203
msl.21460
msl.23686
msc.10550
msl.38883
dpy.1203
htf.7486
Fsc.2286
ppx.34523
ecp.14046
fsc.13864
scc.10617
sct.14516
scr.3524
spe.21374
msl.35937
scj.6189
msl.11914
scc.3880
Ecg.5256
dpy.14876
htf.8107
cln.7204
fsc.8847
sch.12877
scm.9218
gys.11249
ecd.2656
msl.43056
Ecg.6950
opv.4450
msl.27050
fsc.9528
opv.84
gys.7587
msl.18937
tas.363
msl.29586
ecm.8187
msc.6138
htf.3755
ecg.8709
tae.8366
spe.8153
msc.1757
msl.34042
tae.9162
Taa.6088
hyn.4640
opv.10549
trc.2776
tas.4618
tae.4531
taa.4285
msl.57732
msl.23205
scc.23074
cln.3191
tae.4402
htf.4925
sct.7215
msl.46530
gys.5747
hyd.6972
msc.306
ecd.7493
scw.15762
dpy.10789
ecg.6498
scm.7959
scw.4678
hyn.10428
scs.9567
scs.4924
scs.17237
msl.5030
msl.15451
hym.165
Taa.2695
dpy.2987
ppx.37422
ecg.6538
scr.14955
taa.10060
dpy.2462
scr.3994
trc.7156
spe.35452
spe.30097
spe.14822
opv.10781
tas.7678
dpy.8695
ecp.1468
msl.60117
scs.18152
Ecg.1159
ecp.14705
msl.34268
opv.2081
spe.27559
tae.7951
msl.56940
ecp.5068
msl.54011
scj.7194
msl.41243
ppx.37551
ppx.7707
Taa.6077
msl.59013
Fsc.219
msc.1607
scj.3952
spe.30524
gys.8428
htf.11090
tas.8068
scw.2059
msl.16127
tas.5503
msl.26233
ecd.2000
msl.31878
dpy.13578
msl.4940
hyd.6519
ecp.13323
msl.39906
scm.9681
hyd.7911
ecd.3784
trc.1821
Taa.5223
Fsc.3217
ecg.5919
dpy.10594
Taa.7988
ppx.3446
trc.17633
ecp.1473
ecp.9666
gys.10010
tas.5056
scs.2114
Taa.334
scr.15445
scr.12445
ecp.13645
htf.11463
hyd.10969
scw.16754
spe.9930
ppx.6862
taa.12293
scw.13844
htf.2566
ppx.6730
spe.23344
dpy.17524
ecm.5520
ppx.17343
scc.10354
ppx.8278
ecp.9661
dpy.5875
hyn.545
spe.38212
msc.4218
msc.7489
fsc.3191
scj.7337
scm.833
hyn.6433
scr.2273
dpy.10553
ecg.5409
tae.1033
scc.13999
spe.15651
dpy.3060
ppx.27574
scj.4630
scj.6861
msl.41113
ecd.8392
scs.10479
scs.19538
msl.31468
Fsc.23458
sct.5695
fsc.9456
Fsc.27246
scs.17232
sch.6637
ecp.18378
trc.11303
scs.19567
taa.3199
spe.18609
dpy.13618
scw.17448
tae.11661
sct.20147
gys.1345
ppx.37297
hyd.10704
ecp.7094
ecp.2889
ecp.5453
taa.9238
msl.48294
taa.10011
hyd.577
spe.26278
Fsc.11923
msl.17127
gys.11516
ecp.3230
sct.1360
scc.22067
scc.9581
hyd.6341
Ecg.5506
ppx.11801
Ecg.649
scs.1924
ecp.6736
tas.9410
spe.19460
msl.59692
dpy.15587
scc.168
scr.10962
gys.153
scs.8326
scr.21125
dpy.621
trc.12350
scs.6887
msl.58999
ppx.2898
dpy.10640
ppx.6590
spe.22660
scw.9161
spe.17540
trc.9600
scc.3524
scc.23323
scw.16094
Ecg.6323
scr.23597
ppx.30009
spe.5180
scw.4258
hym.6273
scc.21251
ppx.15230
scr.1721
Ecg.7750
msl.37343
scc.15508
ppx.14042
Fsc.6165
spe.30759
ecp.4314
trc.8368
fsc.3084
scs.15575
msl.45868
ppx.21699
sct.18821
sch.5815
sct.10801
scr.10743
scs.9258
spe.28648
htf.3474
Ecg.8430
dpy.3543
hyd.4556
ppx.36745
htf.3241
taa.9785
spe.20369
Fsc.7368
scm.4038
msc.377
ecp.1115
spe.21061
scc.19053
dpy.14360
gys.12798
scr.10063
tae.2600
scr.4247
ecm.2888
spe.7954
msl.10994
fsc.6684
tas.12950
ppx.32476
scw.12515
ecp.12782
scc.6552
Fsc.10909
ppx.28834
spe.33504
spe.30820
sct.5037
hyd.6278
scr.9300
ecd.10527
ecp.15998
gys.7650
fsc.3993
ppx.6686
smm.25
Ecg.9455
ecp.10894
scs.19793
ppx.37005
scc.17031
spe.2942
Fsc.23355
ppx.32132
ppx.5369
spe.39292
msl.58535
hym.635
opv.11568
opv.4074
hym.9893
ecp.1037
gys.10487
dpy.3447
opv.10567
gys.15305
trc.17622
sch.8258
scw.23565
scr.8573
smm.1892
ppx.502
trc.21502
