

trc.10406
scc.17348
hym.2743
fsc.5701
Fsc.25449
Fsc.29626
Fsc.33313
scc.17791
sct.9996
spe.17317
trc.19299
Fsc.13124
msl.9687
ecd.3492
ecd.10934
spe.35292
Fsc.20438
Fsc.5724
spe.22944
ecp.6294
Fsc.12019
scw.18157
cln.257
Fsc.28834
spe.32493
scr.19295
Fsc.12041
ecd.1505
hyn.1538
ecp.2257
scr.23079
ppx.1748
Fsc.6280
Fsc.2719
Fsc.30311
smm.565
msc.7119
gys.8379
hyn.13382
scw.4870
Taa.5140
dpy.16420
gys.4249
Fsc.15973
Fsc.19498
Fsc.12034
scw.20561
tae.9107
msl.45729
taa.7561
scw.7300
fsc.13236
trc.15740
gys.5404
dpy.983
ppx.33264
ppx.5274
dpy.19746
trc.2993
sct.16024
scw.12072
Fsc.11255
ppx.36999
ppx.2740
spe.30968
tas.6011
ecg.11298
sch.3054
sch.3283
scs.19221
msl.12565
scs.6918
msl.6957
msl.56167
ecp.12126
tae.4465
tas.6970
hyn.184
sch.10557
gys.2275
spe.35279
ecm.9769
msl.32791
ecp.1572
Taa.2484
msl.20641
fsc.5072
ppx.5476
ecp.930
scc.14628
ecd.3025
msl.59032
scr.7530
scw.17060
opv.2763
ecg.896
ecm.660
scm.109
ecd.3937
msc.9176
cln.5848
cln.9347
ppx.31182
msl.32674
tas.6207
cln.6416
opv.12143
scc.5234
ecp.15591
ppx.11904
opv.13561
cln.4996
scc.20719
ppx.37186
scc.20271
opv.11222
hyd.1177
sct.22455
Taa.6023
msl.42774
scs.3065
msl.55303
Taa.4838
sct.15280
Taa.2269
msl.11820
htf.2704
scr.13639
ecm.2953
trc.20596
spe.20289
sct.4919
scc.23158
dpy.12037
scr.13260
trc.8670
ecg.2238
opv.10720
msl.490
ecp.5240
ecd.2068
sch.6962
trc.4495
taa.2911
fsc.7126
scc.15965
Ecg.6499
scs.2829
taa.5546
hyn.4046
cln.1167
htf.6148
spe.1044
msl.41499
gys.12223
tas.5941
msl.51517
cln.11200
trc.20824
msl.41519
ecg.9152
hym.4024
trc.2931
ppx.19179
opv.4669
taa.12024
hyd.6727
spe.5551
ppx.34662
cln.13288
msl.57683
scc.1478
tas.7022
msl.16381
ppx.21077
tas.2296
scc.7368
ppx.36284
opv.11200
dpy.2728
msl.35934
taa.1150
ecd.86
ecg.941
spe.33068
Fsc.23136
hyn.7827
ppx.12273
scs.15436
scw.9597
scs.17388
ecd.8802
ecd.5199
msl.11793
scj.6684
taa.4997
msc.9999
ecd.2738
msl.38286
Fsc.5393
scw.4053
Taa.608
msl.21141
ppx.30731
ppx.35888
Taa.1607
hym.5047
msl.16758
opv.3009
msl.48698
msl.36805
msl.37720
msl.24443
ecg.10054
fsc.12713
tas.5965
msl.47243
ecp.2041
sch.9239
ecd.1035
msl.43925
Taa.5301
tas.5229
spe.11542
scw.15401
trc.1431
ppx.18270
msl.58438
gys.14650
fsc.1988
gys.613
dpy.16341
msl.52008
Taa.4499
tas.5601
scw.10237
Ecg.5082
fsc.10269
trc.4620
Taa.4355
msl.56441
scm.7272
spe.28229
msl.36491
ppx.13318
opv.12581
ppx.34546
scw.17932
trc.4004
tas.11471
ppx.16452
spe.8257
msl.39159
Fsc.3549
spe.32446
opv.14326
scc.12738
ecd.7714
hym.2033
ppx.19194
cln.7477
dpy.7739
msl.25435
sct.7757
spe.12864
ecg.7309
scj.9802
scs.12604
msl.52913
scs.17003
trc.12859
scj.7479
msl.45112
spe.31896
msl.36853
msl.26626
scc.880
msl.3178
fsc.8365
gys.13576
taa.1264
tas.4035
tae.3847
hym.10980
hym.3855
ecg.9334
ecd.10454
msc.818
Ecg.8042
ecg.4515
trc.10035
ecm.8099
cln.9801
msl.6792
scs.6043
taa.8771
gys.12925
msl.51456
tas.8152
msl.51052
cln.13383
Fsc.27536
scr.7348
msl.48023
hyn.825
dpy.17282
Taa.7167
opv.13853
scm.6082
scm.5943
msl.34339
ppx.2306
ppx.27663
sch.11131
msl.24129
ecp.11646
spe.28868
msc.8305
taa.12976
scs.11708
ecd.2747
msl.33615
msl.58499
sct.19427
scr.5153
tae.11913
scs.6636
scw.15880
ecg.635
msl.2849
smm.583
smm.3652
spe.30793
Taa.9494
tas.1392
hyn.11312
htf.9251
ppx.24378
Ecg.3122
Fsc.32636
taa.12318
Ecg.5645
hyn.11569
scs.11661
cln.1012
ecp.4889
ppx.1180
msl.37350
taa.5576
ecd.6843
scj.9819
ecp.11300
scw.16403
dpy.10081
ecm.1017
trc.7183
hym.2198
tae.50
ecp.8638
sch.140
Fsc.12746
scs.15318
Fsc.9600
scs.16337
ecm.3915
ecd.3603
ecm.10246
dpy.12955
ecd.1276
scc.16109
msl.40253
tae.5308
opv.3733
ppx.28383
fsc.824
ecd.3895
opv.10221
tae.9559
scj.3883
Taa.5003
taa.271
dpy.3
hym.3762
tas.518
ecg.8127
tas.1243
sct.13342
scc.22873
ecp.5988
opv.5834
msl.57020
cln.1773
fsc.7888
msc.10059
hyn.241
gys.8626
taa.8934
Fsc.8697
ecp.12755
msl.36483
msl.24236
msl.15819
ppx.34553
scm.3792
sct.7053
scs.11636
ecd.3040
gys.7133
msl.56075
dpy.18104
msl.28247
spe.36222
taa.2275
ppx.4673
scs.9464
fsc.12266
ecp.2067
tae.1835
smm.3610
msl.35159
sct.4809
ppx.29554
hyn.9579
msl.17544
scm.3348
spe.17029
spe.12998
ecp.5010
gys.7781
htf.7177
ecp.15438
scw.22999
ecd.1389
spe.15311
spe.9663
ppx.28353
scr.21497
msl.29027
opv.4753
msc.9555
scs.5131
ecm.5124
smm.1467
hym.12084
fsc.2979
fsc.4366
msl.34194
hyd.4762
Fsc.1246
scw.21702
scs.6074
msc.1747
scc.22390
msc.1413
sct.6573
msl.15442
msl.24963
ecm.1337
hyd.4539
hyn.12495
scw.7290
tae.9924
msl.60013
sch.3136
ecm.4397
tae.12182
Ecg.8177
taa.12677
tae.11812
hym.5217
msl.6328
scs.4428
cln.3338
ecm.614
msl.54147
hyd.6983
tas.5773
Fsc.21348
spe.3501
trc.5133
hym.4944
Ecg.7955
ecm.5200
fsc.475
trc.10546
scs.13511
msl.32702
tas.7193
ecm.966
msl.17071
Ecg.524
msl.48609
dpy.9839
msl.861
opv.6915
msl.21950
msl.19552
hyn.6230
htf.8624
msl.36910
msl.45837
opv.10287
msl.3890
hyn.7022
msl.53520
trc.12872
spe.26881
cln.7314
msl.2066
ecp.3888
ppx.33706
scc.1552
trc.15728
scs.13773
msl.59911
msl.44878
opv.8168
spe.17798
msl.59684
scr.10308
ecp.13553
ppx.28259
ppx.2577
htf.3800
spe.9521
tas.10446
msl.60045
scc.13049
scj.11525
tae.9408
msl.56386
ecm.1756
ppx.16180
dpy.5752
trc.751
sct.2693
Fsc.21416
spe.14271
tae.5560
msc.8932
msl.10466
scm.3138
scc.11973
opv.14492
htf.3284
taa.726
spe.32027
tae.1950
hyn.1322
fsc.12311
opv.9093
scm.7392
sch.2001
scs.18957
msl.30507
msl.52642
scw.19672
ppx.13086
dpy.12994
fsc.14749
htf.8715
Ecg.6564
msl.45063
htf.983
Taa.5257
cln.6938
htf.10304
scw.7363
scw.5391
sch.4063
ecm.7677
scm.11289
msc.8701
msl.49638
msc.10256
msl.9284
opv.12871
hym.5689
scr.12855
trc.6787
Ecg.8808
cln.4869
taa.2423
tae.12115
sch.11268
htf.5545
scm.11570
spe.13261
scw.10515
msc.5311
sch.7750
dpy.12388
tae.9940
hyd.1975
spe.2388
Ecg.4753
ecg.8747
dpy.6716
cln.8752
ecm.8664
ecd.7646
scj.7270
Taa.7970
ecm.6930
msl.5100
scs.8744
msl.44998
scc.3030
gys.8291
tas.7961
msl.13083
msl.28010
msl.52894
hyn.11391
msl.51813
scs.1010
sch.6936
msl.55562
scm.10619
fsc.2291
msl.53365
sch.4766
scm.8519
msl.28477
opv.11437
trc.10914
scj.12032
cln.11313
ppx.5028
fsc.3510
msl.43532
sch.7598
ppx.16396
Fsc.23213
ecm.2603
msc.3076
sch.12398
cln.13111
dpy.3778
cln.9001
hyd.7922
msl.1210
ppx.26269
cln.11636
tae.1104
spe.34967
taa.8614
msl.33836
ecg.4430
sch.9868
scc.3127
msc.4016
ppx.5344
msl.34224
Fsc.2013
spe.27510
msl.7984
ecp.12277
scr.20770
opv.6028
sct.17649
Taa.104
dpy.4120
sct.13005
dpy.18307
hyd.3111
opv.10559
ecp.17984
fsc.1207
spe.31659
scc.1549
spe.9910
msl.10529
trc.2262
msl.44266
Fsc.24782
scw.13583
fsc.8746
scs.6177
ppx.26576
msl.22172
ppx.36250
Fsc.11188
ppx.304
scw.1761
hyd.2829
sch.3175
cln.6640
htf.10077
sch.4749
hyd.10294
trc.13139
gys.2113
msl.25205
fsc.14358
tae.2869
gys.4702
ecg.8225
tae.9478
msl.32573
scr.447
cln.1279
spe.12206
scj.5250
Taa.948
ecg.7381
spe.4245
taa.5455
ppx.37332
htf.7074
ppx.4377
taa.7850
scw.21106
taa.2169
ppx.220
msl.31937
taa.7790
scs.16285
msl.8486
Ecg.5614
scw.7412
msl.57554
sct.18574
taa.10476
ecp.2233
ppx.10141
opv.3457
ecg.9348
tae.3340
scw.19510
tas.1647
cln.11103
trc.21903
msl.54441
taa.9851
tas.9722
msl.44217
scr.1862
hyn.3501
sch.8690
scr.2985
spe.29013
scs.5405
hym.8169
ecm.4800
fsc.4497
ecp.7985
scs.7903
dpy.6987
msl.55813
ecg.4901
msl.42739
htf.965
gys.2695
gys.4037
Ecg.994
spe.14014
ecp.14907
ecp.9530
scr.22469
msl.22707
spe.26587
ppx.18210
scm.9390
scj.1136
msl.12553
ecp.3383
scw.12588
ecm.8931
dpy.7628
ecd.8202
msl.1333
scw.5804
Taa.6185
ecd.9029
msl.23684
sct.5142
sch.1107
ppx.4268
msl.35341
msl.59261
hym.6449
gys.15343
scj.6225
ppx.26147
tas.12396
msl.15294
msl.1614
scw.15823
scm.390
msl.29977
hyn.4027
ecp.6730
msl.48513
cln.12876
Fsc.14043
msl.561
ppx.19624
cln.10106
sct.17117
scw.17252
msl.43050
Ecg.6958
tae.11914
tae.6120
msl.34908
htf.9805
gys.7584
msl.18933
ppx.27365
msl.29580
msl.21930
msc.6134
msl.50596
dpy.3187
msl.29016
fsc.963
Taa.9029
msl.43315
scw.647
scs.14174
hyn.4649
ecd.8849
ppx.35426
tas.12897
ppx.20559
scc.8898
msl.57738
scc.10009
msl.52802
cln.3198
hyd.8618
msl.21101
scr.11056
msl.46536
hyn.11706
hyd.6974
hyn.6963
ecd.7496
cln.2470
fsc.12509
gys.8708
scs.12423
fsc.3244
scj.5717
tae.8909
cln.12477
scm.7682
Ecg.6212
msl.12109
spe.17041
ecp.1176
cln.1588
msl.26037
hym.2080
scw.12640
msl.21062
dpy.2464
fsc.9748
trc.16132
ppx.419
spe.30090
trc.12438
tae.2419
trc.8177
sch.6895
tas.11023
hyn.11910
scw.25721
Ecg.1153
scj.129
msl.10764
scc.1860
spe.12794
msl.9228
spe.3266
ecd.480
msl.45869
cln.2565
hyn.8344
msc.8527
taa.5862
Taa.6070
msl.22861
Taa.2615
htf.8994
scw.7491
Ecg.3235
fsc.3713
scs.11224
scr.12839
trc.6260
scj.9982
Fsc.20997
Fsc.14727
ecp.12843
hym.1581
scs.17042
opv.14892
gys.1348
sct.7346
msl.39904
scm.9685
msl.59282
msl.46613
msl.48342
tas.10780
msl.35861
scw.8649
spe.12703
scc.7537
gys.11433
scc.6424
ppx.21790
taa.12685
scc.14030
msl.47428
ppx.23270
Fsc.33445
tas.12225
ppx.2630
ppx.600
tas.12231
scs.7488
scs.283
scw.5214
sct.11678
cln.4952
ppx.9883
ppx.34387
ecp.13987
spe.37691
msl.11458
sch.205
sct.21158
scc.7094
tae.8413
ppx.16007
ppx.15518
scm.9614
ppx.5499
taa.7802
ecp.7573
ecp.11977
dpy.11031
scs.805
ppx.17513
ppx.17847
scr.13276
scc.7645
ecp.4730
sct.964
spe.19530
ppx.7614
scw.1841
Ecg.7511
spe.3356
sct.21005
tae.11080
fsc.5550
tae.6491
scw.22809
gys.4993
hyd.1494
ppx.33704
tae.267
htf.1782
scs.16877
ecp.966
ppx.14754
spe.29635
msl.53715
trc.4535
ppx.25530
msl.47786
spe.12893
ecp.8525
ppx.8544
tas.11993
spe.26361
scs.3124
tas.1528
scr.4815
ecp.11814
dpy.17931
spe.1530
hyn.1854
ppx.33460
Ecg.10165
gys.6577
msc.1168
ecd.8963
taa.10499
ecm.9594
scr.7754
scc.361
spe.32640
taa.10108
scc.1846
scc.2516
scr.12141
ppx.5721
spe.38776
ppx.28771
Fsc.21262
spe.1149
scr.9747
scs.19026
msl.30299
opv.12803
ppx.26209
fsc.14544
scc.15875
gys.12269
scc.3292
scw.12333
Fsc.25682
scw.6774
spe.35920
scr.23613
Taa.2693
ecd.85
scr.14380
scr.18732
sct.647
spe.11220
dpy.12335
msl.28153
hyn.12604
hym.10104
spe.18857
scm.4524
spe.28111
hym.10040
spe.11333
Ecg.4764
scr.7070
ppx.37846
ppx.25488
ppx.15878
sct.16887
dpy.11469
spe.26868
dpy.11033
scj.11371
taa.4088
ppx.23902
scc.17380
spe.24614
spe.27805
trc.12884
sct.1989
dpy.200
Fsc.27646
spe.31269
taa.11909
dpy.12523
fsc.11320
sch.5560
hym.5810
ecm.9623
tas.10166
ecg.3996
scr.13328
ppx.7228
scr.10678
Fsc.19830
spe.28907
fsc.6299
Taa.2136
sct.22743
opv.9341
ecp.11027
scr.16930
spe.22848
scr.22937
scc.16886
sct.19692
ecm.10418
scc.4615
spe.33296
ppx.30249
msl.50520
ecp.16792
hym.8931
sct.21175
taa.6505
ecg.5292
ppx.11048
dpy.2720
Fsc.32563
ppx.33430
scc.18976
ppx.9760
tae.2559
spe.7219
ppx.23510
ecp.4460
msc.9267
scw.10112
scw.21153
spe.17296
Taa.5910
smm.843
msc.8700
trc.16902
dpy.1336
opv.3027
ppx.23800
msl.51142
ecm.7025
spe.14441
msl.57195
scr.9597
scj.10463
spe.33225
scs.15725
dpy.4215
scc.11665
