

trc.1891
msl.3033
scc.9687
msl.16987
Fsc.29429
Fsc.3021
hyn.6767
Fsc.22587
scc.11833
scw.420
gys.14510
scw.6685
scr.4079
scw.1654
spe.6412
Fsc.30774
Fsc.8621
Fsc.20218
scr.20702
scm.6376
ecd.9885
scr.23641
scr.17958
hyn.11078
Fsc.31086
sct.21885
spe.6509
scj.1670
scw.3964
scj.12733
scc.13953
spe.3935
Taa.584
dpy.8324
scc.18945
spe.1860
ecg.4804
ppx.8896
trc.18011
htf.7489
ecd.698
spe.7265
Fsc.11099
scr.14558
msl.35597
gys.11850
ppx.8457
scw.3318
spe.10690
Fsc.32412
hyn.5176
sct.19837
spe.14300
dpy.12774
scw.8430
Taa.7600
spe.25338
gys.14634
gys.10467
fsc.11005
trc.12594
msc.6835
gys.15059
scc.15028
hyd.6623
scw.8357
dpy.16806
spe.39004
ppx.6413
opv.6958
spe.22205
Taa.8121
ppx.14034
Fsc.15528
scc.13326
msl.51197
scr.13973
msl.25983
msl.27363
msl.55034
sch.11463
cln.10035
tas.4188
Fsc.2873
msl.52630
msc.10540
msl.3839
fsc.11064
gys.4766
ecm.1808
hyn.4816
ppx.25080
tas.197
scj.4497
taa.6386
scr.3539
trc.1518
tas.261
tas.5432
Taa.8498
scm.5738
msl.49662
hyn.12241
ecg.2751
msl.54484
msl.510
spe.27208
trc.10331
ecm.855
sch.4410
msl.44642
taa.1502
msl.33374
ecm.6082
dpy.12961
spe.12142
htf.10352
msl.33385
spe.21845
Taa.4246
msl.35964
msl.59444
cln.3492
msl.24857
ecg.3893
scj.8279
spe.17450
msl.3248
dpy.10019
cln.11037
gys.3880
hyn.4679
ppx.17885
scm.4299
spe.9172
msl.33068
hyn.4408
msl.15068
msl.24762
scc.20449
ecm.8978
ecd.9534
Fsc.15432
spe.19263
taa.2834
ppx.11797
scr.18059
dpy.4212
ecm.8062
msl.31521
msl.47995
scc.14566
taa.7944
hyn.2855
msc.8831
ecm.7401
trc.19900
scc.19655
msl.59189
fsc.5164
scs.8081
taa.5804
ppx.2292
spe.25785
cln.9909
msl.11742
ecp.5862
Ecg.9634
trc.842
scs.19287
scs.2083
scw.24925
msl.41940
dpy.15868
hyd.1358
scc.4365
htf.7585
tas.7071
fsc.14632
sch.9851
msc.1172
msl.32087
ecp.12713
spe.25316
gys.6928
hym.4297
ecg.1201
scw.15547
msl.26167
spe.14597
htf.2187
msl.50858
sch.12294
fsc.11661
tae.10419
Ecg.10193
scs.11908
scw.24856
scc.9724
dpy.15591
gys.9981
msl.50702
sct.2834
ppx.10916
Taa.5955
scr.18558
trc.6339
sct.5662
msl.47088
Taa.1369
msc.7095
htf.329
sct.4474
hyn.320
hyn.1576
hyd.1195
spe.7556
taa.9775
fsc.7222
scw.16717
dpy.2243
hyd.2127
smm.2222
dpy.14363
msl.46830
hyd.2458
tas.4159
scr.3619
msl.23550
fsc.15714
htf.9387
msl.41261
Taa.732
scr.1332
hyn.9992
msl.46660
opv.4776
spe.15941
sct.4395
msl.31264
ppx.25652
ppx.27091
scr.12257
scs.12512
scr.5552
ecd.1829
msl.13279
scc.491
msl.25176
scm.6038
scw.19750
gys.11792
hyd.1013
scc.2621
ppx.9879
msl.43387
msl.12171
msl.9541
spe.12498
cln.9189
smm.396
fsc.8550
scs.20041
cln.12233
opv.13108
ppx.31712
fsc.5552
scw.12971
sct.20495
scr.18588
fsc.9872
scm.3352
cln.10627
scs.4369
Taa.8797
Fsc.1868
spe.37185
msl.19063
sch.7602
trc.11634
taa.11069
ecm.6091
scj.3163
ppx.27232
dpy.1743
Fsc.323
scs.4393
opv.14339
scw.17604
taa.12982
msl.58977
msl.43642
ppx.31928
hyn.10690
Fsc.10991
ecm.8299
hyd.8922
scs.12736
scm.2798
ecp.15160
ppx.32521
msl.1713
spe.33647
spe.20356
fsc.12894
msl.22100
ppx.16859
sch.11786
ppx.27961
sch.6467
opv.7414
sch.10142
msl.50572
ecp.1872
Ecg.5417
msl.35818
scr.9541
scm.6126
opv.4181
hym.5642
scr.19883
scc.1283
hyd.2132
msl.5194
msl.44120
opv.10891
opv.14239
ecm.8485
msl.51906
scw.21461
cln.12149
fsc.465
msl.28874
sct.3686
msl.19733
Taa.1001
cln.6554
msl.33531
msl.52681
msl.15621
Ecg.9365
scm.11629
ecd.1446
ppx.37673
htf.10333
ppx.13947
msl.45843
ecg.2140
spe.15239
ecp.2485
cln.3661
dpy.6049
cln.3577
opv.10531
msl.50197
tas.7307
sch.3212
scc.18492
gys.5185
scs.15878
tas.420
cln.4417
tae.8321
spe.3879
msl.848
scj.689
ecd.6000
opv.9123
taa.4169
ecm.2456
htf.1830
scs.3159
ppx.26451
ecm.1217
sct.5844
gys.444
dpy.16089
ppx.19340
opv.1404
ppx.30251
msl.24177
Taa.3447
cln.3353
tas.5256
opv.9202
ppx.32116
ppx.23111
opv.7117
dpy.2453
hyd.3270
tas.7921
msl.12976
ecd.1444
opv.13202
msl.23917
tae.10443
ecg.1357
hyn.8767
sct.12574
taa.6272
scw.6411
msl.42271
scj.6970
Fsc.25618
msc.636
tae.1090
ecd.5523
msl.4275
opv.5509
Fsc.1281
scc.22628
htf.5638
ppx.6269
scw.8282
ecm.7089
hym.907
msl.25387
ecp.10000
hyd.3203
taa.3715
htf.5942
msl.52061
tae.11344
sct.529
hyd.2205
msl.49701
msl.54545
taa.9973
sct.6352
scw.16090
gys.11851
msc.386
msl.6573
htf.9222
msl.35396
dpy.17812
msl.25759
msl.19502
ecg.6767
ecd.8850
msl.55321
tae.7423
ecm.8677
msl.41429
scs.3986
spe.13748
ecm.496
hyd.189
msl.6216
opv.2824
Ecg.1610
ecg.10328
tas.6053
scs.12726
msc.6442
ecp.10809
cln.206
msc.7427
tas.8926
gys.15111
Fsc.31748
hyn.3203
fsc.12546
htf.6636
spe.3898
msl.45352
scr.20811
hyn.583
hym.7794
msl.17381
Taa.4724
Taa.8277
opv.12468
trc.9774
gys.1391
spe.26859
msl.32844
ecg.9130
ecd.6263
cln.11190
ppx.22384
Fsc.27779
taa.4311
hym.3623
fsc.8490
hym.5352
msl.23504
msl.22487
fsc.8467
tas.9475
ppx.23009
scc.16476
ecp.8934
msl.28512
msl.23091
ecm.3
msl.42215
msl.57250
msc.10249
scr.23750
opv.12516
spe.9413
ppx.24352
scj.8860
hyn.12695
taa.7493
msc.7161
hym.3893
hyn.12321
cln.13032
tae.5977
spe.3712
ecp.11336
sch.2559
cln.7881
trc.14097
msl.42453
trc.1706
ppx.1933
sch.12117
tas.1866
spe.37681
dpy.2812
msl.48774
ppx.26549
msl.57320
scc.19135
scc.21108
ppx.25747
ecd.1260
scs.7526
msl.8448
tas.6156
scj.12099
dpy.17935
scm.11171
ecd.3881
trc.21368
scs.18756
ppx.29977
msl.20934
taa.10324
gys.2754
msc.3939
ecp.7414
hyn.6643
opv.9763
Fsc.25350
ecd.2990
spe.33775
taa.12232
sch.243
hym.4420
spe.11117
hym.11191
opv.3176
tae.2184
msl.60135
trc.11331
taa.2179
msl.42070
dpy.13020
scc.5665
hyn.6085
msl.6415
msl.17577
scm.33
msl.21650
tas.5171
hyd.1805
tae.6292
ecm.7672
cln.11285
dpy.1653
msc.3531
trc.10631
ecd.7731
hym.2014
ecm.5345
ecm.8881
tas.6243
msc.9377
hym.11684
opv.5649
sch.186
scr.18568
scc.8171
scr.2991
scs.1435
msl.57370
scc.12466
msl.59538
hyn.414
tas.11585
ecm.1567
ecp.9788
trc.8508
gys.7636
fsc.5090
msl.47425
ecm.369
opv.13793
msl.20981
Taa.3578
msl.31185
ecp.18392
ecd.6076
msl.27751
gys.6548
msc.6770
cln.3213
hyn.1897
opv.12283
msl.40875
taa.5738
scs.14829
scc.18768
smm.537
msl.18478
spe.37072
ecm.9994
msl.29661
msl.23695
fsc.3128
msl.44203
ppx.2485
gys.4745
msl.22621
ppx.4238
ecd.6603
trc.15111
msl.8150
sct.5340
smm.1459
hyn.8239
opv.2746
spe.18070
dpy.6019
scs.13902
hym.2048
scs.5860
Ecg.8382
msl.57151
tas.2690
trc.3376
msl.46161
ecg.4684
gys.5090
msl.8297
Fsc.17682
sch.1008
scc.8459
scc.13765
msl.59327
ecp.17015
trc.2458
msl.34487
ppx.2432
scc.9264
cln.3902
msl.5361
ppx.29041
htf.3120
trc.14498
trc.21523
opv.1692
msl.42652
spe.30486
msl.756
taa.4786
msl.40326
ppx.19762
sch.2546
scw.10331
dpy.12013
taa.12505
Ecg.5133
scw.2013
ecm.5867
msl.23989
msl.26278
ppx.18467
tas.1690
ecg.750
scm.11515
msl.59558
scm.2399
msl.16733
ecm.5727
Fsc.28185
msl.23124
msl.2221
spe.35608
sch.7877
cln.12463
spe.13875
fsc.9304
ppx.22607
spe.33538
Taa.4685
scs.10082
scj.2069
ecd.608
msl.20309
gys.13374
scw.19209
sch.12891
ppx.35114
sct.16228
spe.38534
ppx.33615
msl.26880
taa.875
sch.12583
scr.14090
msl.58683
msl.52675
ecd.1876
ecp.6493
fsc.13800
hyn.1709
opv.8726
msl.43459
tas.9402
ecg.516
gys.10983
msl.2183
ecd.3843
Fsc.6618
ecm.8397
cln.12962
trc.9016
spe.16075
ecp.10682
Ecg.2904
htf.469
Fsc.6705
spe.9155
msl.49128
scw.2525
taa.9567
msl.55612
dpy.973
scm.5570
cln.10651
trc.483
scc.19178
scc.79
ppx.32658
trc.3485
hyn.9703
msc.1099
hym.7706
scw.23710
gys.2139
dpy.3138
htf.1110
taa.4531
msl.54621
tas.10830
ppx.9112
trc.11449
msc.8973
scw.9496
scs.8754
trc.20729
scc.8683
htf.8002
hyd.9060
msl.52095
cln.11693
ppx.12702
scr.4765
gys.259
hym.2268
msl.41691
scw.17140
Fsc.10423
hyd.7267
sct.18780
msl.17006
scs.163
gys.9403
scc.2336
dpy.10648
ppx.1077
scw.21564
fsc.10622
htf.7254
ecg.6427
ecd.740
msl.20441
scs.14005
scr.50
hym.5914
scj.6618
tas.4132
scs.14904
trc.10892
hym.3496
Ecg.3908
msc.10156
scw.8072
scr.15850
trc.1613
tas.7069
cln.11955
dpy.6638
scs.3016
msl.18587
Ecg.1108
hyn.1850
scs.9310
hyn.2276
taa.6456
msl.11997
fsc.12469
cln.10269
htf.3
htf.6431
scr.3598
dpy.19812
cln.2086
htf.3165
Fsc.7313
msl.40314
ecg.7040
spe.13480
msl.46741
dpy.12023
hym.2395
fsc.3929
dpy.1851
spe.12896
ecd.3598
msl.837
htf.11451
scm.9753
scj.8059
spe.14741
htf.1181
Ecg.9951
sch.785
msl.34442
ecd.970
msc.5879
Ecg.1887
Ecg.8100
msl.20436
dpy.11562
sch.8144
msl.3844
scm.2167
tae.2879
ecd.9793
dpy.6180
hyn.6450
fsc.4908
tas.12698
gys.4201
Taa.3679
ecp.16788
scr.11126
tae.9584
cln.11677
Taa.10102
msl.47686
spe.28031
spe.33295
hyd.10418
spe.24987
ppx.14263
trc.2415
msc.5125
msl.27105
ecg.9592
cln.3942
htf.8358
Ecg.7295
ppx.10616
ecm.7752
scr.15192
dpy.9113
ecm.5385
scj.559
Taa.9167
ecm.5659
spe.24259
tas.1671
dpy.229
ppx.22306
msl.54478
taa.9848
dpy.14522
ppx.24893
spe.28224
spe.11630
Ecg.407
trc.14792
taa.817
hyn.8169
scm.47
ecm.1961
msc.5334
hyd.11007
cln.10360
fsc.12171
msl.2268
msl.35450
ecd.6709
scw.22733
hym.12218
sct.3006
ecp.18083
ppx.12929
spe.32070
fsc.2200
ecd.9258
tas.11865
ppx.14137
scw.22400
ecp.989
tas.8387
scc.11766
msc.5398
msl.58751
scw.15753
dpy.14331
ppx.4367
ecg.5311
ecg.7172
tas.6037
ppx.24771
msl.20350
sch.1498
Ecg.1003
ecg.5078
cln.7220
scm.1670
trc.4369
tas.10592
dpy.19143
scs.16909
ppx.18371
msc.7239
Fsc.15062
ppx.7492
scs.8627
ecg.2362
sch.13070
spe.34195
Ecg.7571
scc.9379
sct.16947
tas.2058
dpy.10755
hym.1369
tas.11660
htf.10826
scr.21368
spe.22251
sct.18540
scr.359
trc.20518
scj.3153
ppx.19575
spe.33735
msl.56389
ppx.22588
spe.39391
scc.3516
spe.16657
trc.21737
sch.3898
ppx.22400
ppx.37598
spe.7904
fsc.10690
spe.4644
hyn.12516
scc.7845
scw.14041
msc.4928
spe.8520
tas.5239
spe.14349
spe.35712
spe.32257
spe.34827
hym.11564
dpy.11791
spe.16330
msc.3912
scc.5775
dpy.509
tas.677
tas.3974
tas.508
tas.9480
gys.14097
ppx.27990
tas.12147
scc.19612
gys.11409
ppx.18661
msc.9682
msc.9338
ppx.21762
fsc.1741
taa.5691
scr.70
Taa.7072
ecd.8035
ppx.21865
hyn.6268
ppx.36145
taa.638
spe.33153
spe.38109
tas.10948
scr.21518
msl.48551
ppx.7513
taa.9917
ecp.12748
ecm.5177
scc.4753
sct.16558
spe.19595
ecp.1232
Taa.10303
scw.609
spe.17387
ecp.13860
smm.1721
msl.57630
ppx.14318
hyd.10795
ecp.16306
taa.1457
ppx.7472
Taa.2232
trc.8528
spe.17654
ppx.10749
ppx.6122
sch.7442
spe.4887
opv.11906
spe.31458
spe.22664
Fsc.17900
Taa.4204
spe.13172
Ecg.7687
ecp.4320
Taa.8642
scw.19168
fsc.8205
msl.6368
ppx.12247
Ecg.8673
scw.24069
Fsc.28488
scs.6101
msl.42773
opv.11061
scw.25629
trc.3500
spe.23038
ppx.6839
sct.8568
tas.579
tas.12322
cln.5221
opv.7917
ppx.26594
scr.306
scm.450
dpy.19793
scc.5840
spe.16716
Ecg.2412
spe.4311
opv.6677
spe.29004
scw.4498
fsc.10246
scw.5875
gys.8713
spe.7383
tae.7891
sct.20062
Fsc.15270
dpy.1293
Fsc.15680
opv.807
ppx.9226
fsc.5334
scc.4373
ecd.4979
ppx.18812
sct.7199
sct.5476
ecd.10249
trc.21787
scc.1267
msl.46590
scw.17399
gys.7808
gys.14915
scs.12675
ecp.2477
scc.3282
taa.3765
scw.25076
scr.2235
ecm.10322
opv.4894
Ecg.1306
ppx.23501
