

ecm.1693
scs.14735
scm.6757
msl.38427
Fsc.2665
fsc.6548
Fsc.33286
smm.3418
Fsc.6462
scr.22364
scc.15066
Fsc.12005
sct.10844
scc.8327
scc.20397
scr.21898
spe.6563
msl.5692
Fsc.5544
scc.17875
scr.18513
msc.10410
scc.10068
scw.14161
scw.22611
scr.18105
dpy.12657
msl.11388
Fsc.5802
scw.16858
Fsc.17962
Fsc.31270
Fsc.23206
ppx.31115
Fsc.26015
dpy.18372
Fsc.18442
dpy.8178
Ecg.3256
scc.3942
scw.4513
msc.10554
Fsc.30734
Fsc.5361
sct.10771
spe.19209
spe.32558
scj.10782
tae.2155
Fsc.7256
spe.15483
ppx.24445
ppx.8538
Fsc.29825
scw.5783
gys.1352
spe.7977
spe.4697
sch.8167
scs.11701
ecm.6672
scs.19252
ecd.10289
sct.3627
hyd.11199
spe.16705
scw.8763
scc.2597
spe.18697
hym.1177
hyn.13123
scs.3087
spe.418
ppx.2941
scr.13044
ppx.8151
msc.10488
gys.14648
tas.3622
scm.6955
msl.3535
hyn.7962
opv.4769
Fsc.24717
msl.20211
msl.39462
scs.8968
Ecg.5841
msc.7957
htf.6630
scm.3215
scs.927
ppx.4277
Taa.6951
ecm.1801
msl.51668
scm.9567
Taa.4033
sch.682
taa.11389
hym.11417
ecp.6884
scs.10703
msl.30768
scj.8533
dpy.12121
msl.34145
ppx.2131
cln.12229
ecd.5116
msl.40270
msc.4898
Fsc.22950
spe.30658
hyd.10630
scc.8149
ppx.909
ecp.14641
ecm.7351
scr.20711
scr.18671
scr.16860
scj.2339
spe.29152
tae.1042
scw.23367
scr.14180
taa.13008
taa.6890
scm.10806
msl.29001
fsc.80
msl.16932
spe.37935
spe.18931
scr.19092
ecp.8247
hyd.1511
scs.8711
scr.8591
trc.8798
scj.9365
msc.3318
msl.23234
sch.11343
taa.3043
ppx.4094
taa.3180
trc.2122
ppx.23267
msl.46380
tas.11609
Taa.5025
msl.21830
hyn.232
Fsc.32995
scr.7649
msc.9637
ecp.9709
msl.50565
opv.4206
scj.6847
ecg.9475
ecm.2600
scm.6115
opv.3487
trc.17182
msl.58346
scw.3740
scm.5742
scw.7476
ecp.4192
htf.6811
hyn.7271
Taa.8188
msl.15094
fsc.1967
trc.18943
Fsc.1961
hyd.1351
ecm.3039
ecd.1693
Ecg.8961
cln.4941
opv.12092
Taa.7538
msl.48085
scj.8387
Taa.4812
msl.24278
tae.7964
msl.41091
hyn.10200
ppx.16290
ecd.2358
taa.6327
Taa.569
spe.7969
cln.13012
sct.10025
cln.12070
Fsc.864
tae.3911
tae.7064
ppx.9613
taa.11802
scs.13406
msc.6438
cln.4429
ecg.5550
sct.3740
hyn.6682
scj.676
cln.10674
hym.4310
cln.335
fsc.4450
msl.51738
msl.15867
opv.1289
spe.31185
tas.6178
scs.2504
Taa.4555
gys.11782
msl.55368
ecp.9085
scw.5365
ecd.6564
msl.44062
cln.2016
ecd.9996
spe.10233
msl.40940
spe.4169
taa.3266
dpy.9341
fsc.9703
msl.14931
sct.3395
scm.3091
ecg.10057
msl.27375
scr.22685
scc.20743
ecp.2375
msl.35040
gys.3516
fsc.6236
ecm.8000
msl.40740
scc.335
hyd.8013
msl.25178
ecg.2076
hym.7138
ppx.18081
opv.5510
scc.11167
tas.6650
scm.6177
msl.19857
spe.36579
spe.16840
msc.804
tas.6865
msl.430
hyn.12259
opv.11192
Taa.8906
sct.19430
msl.52899
sch.2429
ppx.29546
ecg.8411
ecp.3445
sct.5638
scm.8411
scs.14574
ecd.3660
hyn.5422
scr.1910
msl.38633
gys.1891
msl.36425
scs.12272
ecp.5683
tae.10705
ecd.430
htf.5686
fsc.90
opv.9936
tas.1126
opv.15270
msl.59084
scw.19334
ecp.4171
fsc.1252
hym.891
dpy.15577
ecp.16938
ppx.6381
msl.42885
cln.11883
scj.8781
smm.558
msl.18452
tas.10363
spe.15040
scs.4210
taa.7625
Fsc.9980
Ecg.5597
hyn.702
msc.652
scs.19792
msc.5811
msl.42111
scw.5679
scs.279
tas.6600
scm.6129
msl.6332
ecp.13265
sch.3770
msl.8076
msl.19350
scj.5543
fsc.4926
Ecg.4942
scs.14390
htf.10343
ecg.4874
gys.2072
ecg.2454
tae.3509
scm.10702
spe.11154
msl.39417
tae.6113
spe.18886
scj.10302
msc.1160
msl.12398
sch.5170
scs.6258
scs.12888
scw.19945
msl.56968
scj.5142
scr.12062
gys.8015
Taa.10210
hym.8997
scs.10142
scc.18514
dpy.7874
sct.17542
trc.2744
msl.39281
opv.5723
dpy.11754
ecg.9294
ecd.6938
tas.6473
ecp.6099
scw.17271
ecm.7872
scm.2276
trc.4586
dpy.11304
scs.868
ecm.1539
spe.27404
taa.9083
fsc.10321
msl.9798
scr.9216
hym.10839
scm.8625
msl.40742
ecg.9434
msl.29419
tae.7457
scc.18372
Taa.8414
cln.4015
Taa.1809
scs.17340
msl.58002
msl.48596
msl.55597
Fsc.19181
scr.17999
msl.14908
scm.8120
taa.428
sch.6220
msl.60437
msc.4986
msl.1894
fsc.10250
hyn.2721
htf.3580
spe.26763
ecd.1810
tae.12375
spe.30281
gys.8782
ppx.36574
htf.2884
ppx.10647
msl.21662
Taa.6797
msc.119
msl.14115
msl.1622
ecg.7758
msl.22833
scw.4263
tae.5947
msl.14837
tae.1011
msl.32327
hyn.3884
ecd.11076
scw.12556
msl.34683
ppx.20451
sct.16299
taa.3366
scj.630
msl.52923
scw.3994
cln.5668
msl.20138
Taa.1236
msl.38088
dpy.9846
Fsc.14328
msl.9151
Fsc.31968
scs.4145
scr.20726
ecg.9452
scr.19915
msl.2179
Fsc.11516
ecp.7105
htf.3783
dpy.6108
msc.1818
Fsc.15825
dpy.696
msl.17759
ecm.8428
msl.2793
msl.12922
msl.47575
cln.7135
tas.5646
ppx.3834
tas.4545
msl.886
hyn.9439
dpy.4233
msl.21854
ppx.20929
scs.6988
opv.4305
scm.393
ppx.14344
ecd.1362
Ecg.9229
cln.11300
Ecg.10247
ecm.6810
msl.23467
msl.25055
ppx.26840
hym.959
sct.13979
scm.7184
tas.2910
spe.5848
cln.977
opv.15599
spe.18365
fsc.8498
ecp.9160
spe.16436
msl.54530
msl.52171
hym.7907
sch.1012
msl.45957
hyd.3425
ecm.130
taa.9065
scm.4710
scr.21578
scs.9339
Ecg.2329
msl.21371
scr.16335
msl.17521
msl.45014
Ecg.8741
spe.12681
hyd.4730
msl.55404
ppx.1190
msl.1686
ppx.14999
ppx.36863
tas.12078
ecp.16646
scw.16417
Fsc.31326
htf.9240
scm.7062
taa.9817
sct.5814
gys.4358
Fsc.24795
Taa.10139
msc.6384
msl.48779
Taa.6970
msl.21497
cln.1696
gys.7722
scj.3014
msl.45304
gys.1800
msl.23114
scw.18002
scj.12095
scw.6989
opv.10118
htf.7939
ecg.5508
Taa.9231
ecm.10249
Fsc.26768
scc.9419
fsc.7596
spe.20237
msl.28486
tae.12377
trc.668
ppx.32457
scr.2463
msl.11679
ecp.16178
tae.4827
ecm.1092
sct.8540
scr.2160
trc.10278
scj.4286
taa.6731
sch.3011
smm.2095
msl.39790
tae.10027
scm.10310
scs.6743
scr.3486
gys.11385
tae.9868
opv.7976
ppx.6116
taa.3458
tae.6297
cln.7521
ecm.2709
msl.45926
hyd.2486
ecd.4619
spe.4767
cln.1399
taa.2874
cln.4126
msl.57104
scw.202
msl.11048
ecp.8678
sch.189
sct.19554
scs.18622
msl.19054
ecp.14612
opv.12602
taa.4128
ecp.7200
Taa.3907
spe.20240
hyn.11454
sch.9768
htf.9332
msl.39619
msl.17329
Ecg.7228
Fsc.27782
gys.10738
scj.11439
ecd.6517
msc.4473
hyn.12386
ecd.8613
hyn.726
scr.15061
msl.31685
tas.4494
opv.11164
dpy.300
scw.833
Taa.8100
sch.3561
msl.36254
msl.59627
tae.11805
trc.11055
ecg.8574
dpy.732
trc.2587
scc.20289
ppx.28355
scj.8156
gys.12357
scr.12369
hym.6471
tae.4286
tae.2970
tae.11865
tas.12381
msl.4747
scm.11756
cln.5237
scm.6793
taa.4254
ecd.1723
Taa.9688
scr.5531
opv.16256
scs.19084
spe.18594
ecp.7843
msl.45502
msl.41970
tas.2298
hyd.1368
Taa.2023
ecg.6376
scs.14068
sct.18551
msc.4442
htf.3112
tas.698
msl.11459
scj.9407
msl.9116
opv.8996
gys.4689
Fsc.3286
ecd.8146
gys.5762
taa.12569
opv.12691
hym.3884
cln.628
scc.16978
cln.9338
trc.3413
taa.6256
sch.8281
cln.782
ecp.9829
spe.2606
sct.8672
hym.11660
spe.23540
msl.23985
msl.58525
scj.11941
trc.18892
sch.6552
scc.15173
cln.8361
scm.2395
tas.11709
ecp.2821
sch.9982
ppx.14383
Taa.6865
msl.11393
tae.10786
scw.14975
Ecg.7375
hyd.8146
msl.5867
Fsc.30327
msl.60093
taa.12908
msl.27991
ecg.6528
ecd.605
hyn.7900
opv.10459
ecg.9039
spe.5393
opv.11577
msl.33580
ecm.8983
msl.28845
tas.9113
tas.4571
hyd.10264
hyn.11906
gys.1962
ecg.1297
hym.3241
msl.34272
Taa.2226
hyn.1707
opv.9099
gys.5052
tae.650
dpy.12284
Fsc.1141
Fsc.12780
hym.10500
scs.15455
scj.7434
opv.8679
ecm.5649
msl.40378
msl.6828
scj.3940
msl.48544
fsc.506
msl.5609
ecm.10631
msl.35179
ecm.6724
hym.6259
taa.2434
scj.11999
scs.19739
scm.3848
scs.14589
scc.9369
scr.670
hyd.10145
msl.46410
hyn.1558
msc.1091
ecd.4492
taa.2858
msl.16444
msl.31408
Taa.879
cln.6715
scr.2697
Taa.7517
cln.2079
spe.27706
opv.347
Fsc.10930
ecp.4100
spe.32518
spe.12726
dpy.15520
spe.38203
Ecg.6690
fsc.13479
opv.13237
spe.14615
opv.14112
Ecg.5063
scw.4752
opv.7562
sch.9683
htf.9111
Ecg.7140
ecg.1508
opv.3852
tas.12216
scs.14452
msl.39895
ecg.9874
scs.16907
ecg.2132
scs.17261
msl.51556
spe.28083
fsc.10502
tae.5610
sct.5499
hym.4062
msc.8354
ppx.11385
Fsc.15397
hyd.1459
ecp.17883
hyn.10165
ecd.5836
scr.15460
spe.8769
msl.40581
msl.52979
msl.10676
tae.509
Ecg.2100
Ecg.545
msc.4005
fsc.12949
taa.12963
ecg.3715
msc.8393
msl.42740
hyn.8536
scj.8842
msc.285
sct.12776
scm.8706
Ecg.2845
Taa.5575
scc.19298
taa.7301
scm.11214
scm.3186
Ecg.5281
trc.264
htf.8401
ecp.13976
Ecg.1391
msl.19086
cln.6218
scc.19052
msc.3289
ppx.23277
sch.1667
opv.13320
scs.15678
scw.9568
spe.35334
opv.13879
msl.24810
msl.46578
cln.9782
spe.12420
sch.6731
taa.7472
fsc.13324
hyn.611
ecg.9368
scc.16774
msl.45997
ecg.3150
Fsc.27811
msl.50995
msl.52372
msl.9216
cln.9289
Taa.2109
taa.3085
fsc.1373
opv.5056
ecg.1025
tae.1142
msl.40556
Fsc.18136
spe.29286
opv.10013
scs.12948
Taa.1186
htf.3192
msl.11496
msl.33667
Taa.480
scr.1664
taa.12375
fsc.11883
Ecg.1839
ecp.8566
tas.12148
ecd.5024
tas.9321
sct.9118
Ecg.6333
ecp.9538
fsc.8904
spe.31968
scm.5634
opv.10861
ecm.6523
htf.5187
Fsc.3715
taa.892
ecg.3396
ppx.10152
dpy.5077
msc.10082
scj.5394
hyd.1246
msl.23661
tas.6800
scm.1855
msl.47776
Ecg.8661
dpy.7481
msl.25781
ecp.2592
ppx.29807
tae.10866
spe.4611
scr.8402
ecp.2161
ecm.53
spe.35959
sct.13227
scc.1877
tas.9507
ppx.27068
ecd.7360
ecp.1262
fsc.8721
sct.11054
opv.958
tas.9406
trc.13372
taa.8457
sch.6351
msl.14398
scs.6995
ppx.9280
scw.11777
scs.1792
dpy.19149
taa.4003
msl.28639
ecp.1129
spe.11469
ppx.28366
msl.50281
ppx.19788
spe.4699
ppx.37483
ecd.6423
spe.8866
dpy.17625
ppx.15581
ppx.1048
spe.15358
opv.14270
spe.21264
ppx.1482
spe.38888
sch.4904
spe.11961
msl.48738
taa.12119
ppx.18433
scr.9681
sct.1922
Taa.10093
Ecg.3396
ppx.11825
trc.21537
ppx.352
ecp.973
scc.5160
scs.11238
hyn.8893
scs.7422
sct.8597
smm.945
ecp.364
scj.4840
spe.29043
msl.17469
ecd.5178
taa.9500
tas.11690
tas.9018
hym.3853
scs.19533
ppx.7127
dpy.16607
opv.10167
sch.7158
sct.628
hyn.12501
ecg.4877
spe.12414
ppx.4768
tas.10279
scr.3544
trc.8308
scc.19673
htf.5205
sct.21688
gys.1068
trc.15357
scc.15318
cln.8717
ppx.24403
scr.18544
ecp.10199
msc.1537
ppx.25099
dpy.3697
hyn.13695
spe.18854
opv.10355
ecp.619
msc.4775
spe.23596
spe.28536
Fsc.29891
taa.9907
sch.2749
msl.6010
spe.33869
opv.7535
msc.9128
scr.6189
taa.11750
spe.25855
ppx.24036
Ecg.934
scw.12399
ppx.18085
tas.1071
ppx.25030
ecg.5878
ppx.22901
ppx.12584
spe.20182
fsc.2848
ppx.17618
ecp.17609
ppx.31209
spe.24700
scc.18433
scs.12686
Fsc.16147
trc.11540
ecd.5361
scj.8990
ecd.6161
spe.868
spe.16836
taa.9395
scr.20747
htf.9871
scr.7244
spe.25177
msl.6031
dpy.4877
htf.11442
gys.6647
ppx.5376
ppx.11695
gys.15018
scm.3521
scc.19344
ecp.16071
spe.3218
scj.11220
spe.16264
spe.6590
scr.24046
ecd.2816
ppx.37425
hyd.2124
tas.9503
Fsc.10650
scr.7992
gys.6539
ppx.14847
trc.17423
scs.10588
taa.6979
ppx.10445
trc.2219
dpy.112
htf.6047
ppx.25268
scr.4541
ppx.21747
ppx.8694
trc.18114
scw.25896
scc.19126
spe.21606
Taa.5416
scc.590
ppx.9420
sct.3428
msl.1196
ecp.8398
taa.10468
dpy.1979
spe.30954
tae.11062
ppx.793
scr.3338
opv.12343
hyn.5044
scc.21974
scw.3724
ecg.1570
scc.6612
msc.4815
dpy.3862
sct.8388
hyn.6311
sct.19778
dpy.14583
spe.30283
scw.14113
scj.7026
gys.7414
Ecg.6171
spe.22988
