

gys.9302
tas.2044
ecg.1173
msl.7013
Fsc.21492
Fsc.5956
dpy.18274
Fsc.5793
Fsc.18264
scc.872
Fsc.12121
Fsc.25804
Fsc.14984
scr.5081
spe.19456
sct.20317
Fsc.33046
ecd.3905
sct.6151
sct.8298
sct.1728
msl.43911
Fsc.23822
ppx.9336
spe.21223
hyd.7935
dpy.1478
hyd.5560
scw.26101
Fsc.27032
ppx.14199
Fsc.14592
dpy.18862
scc.8091
dpy.1603
spe.13646
Fsc.13654
scc.1414
sct.3666
scj.8845
Fsc.28000
scc.9302
spe.14373
smm.913
ecm.8580
hyn.1843
ppx.33731
spe.102
dpy.7484
cln.11066
ppx.18866
tas.10012
sct.16034
hyn.8966
scw.16221
trc.6196
dpy.1916
scc.8650
msl.54990
scs.11237
ppx.34253
scj.9809
ecd.9791
trc.22167
sct.9810
ppx.2544
scm.9944
ppx.35027
scs.635
msl.31044
scj.4216
dpy.18890
sct.16998
sct.2744
spe.14782
dpy.9352
sch.8054
msc.4605
msl.51193
scr.16081
sch.3580
taa.3972
msl.55030
scw.23433
msl.51012
ppx.22543
scm.8760
scs.12528
ecp.4439
msl.56260
scj.8174
ecd.8463
htf.6352
cln.2393
ppx.25086
msl.26106
ppx.4750
Fsc.14422
scr.3536
msl.7292
opv.3411
scr.570
hyd.759
taa.10572
msl.50931
sch.418
taa.1429
tae.10531
Taa.9771
scj.7808
scs.8282
scr.21780
sch.4419
msl.3591
msl.11714
scs.1444
ecp.1482
fsc.15535
tas.3175
msl.56271
msl.33383
sct.2484
scc.17223
gys.10523
msc.10218
msl.44355
ppx.28333
hyn.10259
ecm.7199
msl.8187
msc.1740
tas.12701
ppx.2228
msl.47309
scr.2365
hyd.8232
tas.6812
msl.1521
msl.33061
Taa.4507
tas.3528
Ecg.4238
ecg.5110
ecg.9550
gys.14577
ecd.2892
ppx.31834
scj.4887
ecp.2967
scm.3037
dpy.4216
scj.4819
msl.4502
scj.3024
opv.3899
hyd.7971
msl.23149
htf.6757
ecp.17575
Taa.1287
ppx.14879
msl.59183
ecd.7057
scj.4336
hym.8794
cln.3315
trc.16795
msl.54164
ecg.652
scw.17178
cln.5830
ppx.28100
ecd.4155
tas.8635
ppx.24691
msl.41945
spe.22024
sct.7869
scr.5481
ecp.17343
ecp.9665
scs.18969
msl.30538
msl.52693
hyn.13067
msl.10771
ecd.307
ecm.4918
spe.28125
htf.8192
scs.7814
ecm.3919
opv.13971
scs.3564
fsc.8264
scj.548
tas.8582
msl.20834
hyd.8453
opv.2856
msl.45426
msl.46703
ecm.8231
msl.3912
msl.54875
scw.3426
scs.7569
scr.20278
gys.2594
Ecg.479
taa.8561
opv.11518
htf.9162
msl.23617
msl.1007
spe.35994
opv.4397
tae.3519
msl.8464
ecm.8173
hyn.326
scj.7168
opv.4056
htf.9599
sch.10601
spe.15705
smm.219
scs.9518
spe.1309
htf.481
scs.1264
msl.50794
scj.4067
scw.1229
msl.41264
ecg.9001
tas.4282
htf.574
sct.6088
opv.9625
trc.16786
sct.14609
hyn.193
htf.6119
cln.11770
ecm.1996
msl.52626
ecd.5237
Fsc.5158
scj.6900
Taa.442
msl.20653
taa.9113
hym.2428
scs.4787
ppx.2373
cln.6955
sch.11169
Fsc.10686
Ecg.7513
msl.43996
ecm.2139
ecd.9705
msl.6874
fsc.8559
ppx.34124
trc.13307
gys.4290
ecd.2745
ppx.17971
msc.2813
opv.10160
ecd.1613
dpy.4749
sct.18486
msc.7450
ppx.2545
htf.3698
msl.57987
ecm.6511
spe.1380
Taa.7750
ecm.2905
msl.20061
ppx.37606
ppx.25891
Taa.6107
tas.11846
dpy.7181
spe.15099
scr.10355
msl.30653
Taa.8240
ecd.3974
ppx.33804
sch.7262
msc.3884
ecm.1185
tae.7880
fsc.8451
ppx.37307
hym.1471
ppx.6475
taa.9619
hyn.5517
msl.3555
msl.18825
tas.6385
tae.197
spe.26703
sch.419
ppx.21115
fsc.15269
msl.28451
opv.1
spe.24127
msc.5076
msl.13541
scs.9318
msl.45076
hym.10364
scm.4197
sch.4697
cln.3301
scw.3774
spe.11522
msl.20046
dpy.16400
msl.28107
opv.14232
ecd.4143
msl.14951
scm.9889
opv.14963
opv.12105
spe.3625
scc.15630
spe.82
cln.2384
scr.21289
Fsc.15184
msl.44741
msl.46270
dpy.12338
taa.1995
scs.13176
opv.12521
ecd.5571
tas.350
ecg.548
msl.22324
spe.15234
ecd.251
msc.86
msl.32235
msl.21793
spe.22076
msc.1459
tas.4315
sch.3214
trc.19392
htf.9936
msl.52017
scc.20483
opv.7688
dpy.10361
gys.1447
tas.1406
ecd.4091
hym.11161
opv.8691
ecp.13470
tas.7151
msl.43908
scs.3150
Taa.7115
hyn.378
fsc.3891
ecd.7525
taa.5489
ppx.19346
ecm.3338
opv.13758
msl.25223
msl.35717
fsc.14661
opv.11001
opv.8557
ecg.6507
sct.8725
opv.11792
msl.27982
taa.8939
tas.7924
ecp.4634
ecg.2423
ppx.12778
scr.2953
scs.8517
htf.3860
cln.10834
fsc.797
scr.7903
Fsc.19179
sct.5896
scc.16358
hyd.3769
tas.6741
hym.5168
ppx.20714
scs.4793
Taa.6459
tas.12192
cln.5535
spe.34631
Taa.1362
trc.8321
msl.58330
msl.9945
sct.12030
hyn.10675
msl.7331
Fsc.20046
tae.5479
spe.4389
tas.9741
ecp.15826
gys.12983
scc.13608
ecp.10278
scw.4264
msl.18262
cln.2944
hym.6571
msl.21266
msl.4590
msl.12334
cln.6844
scs.10656
ecm.4326
msl.19504
ecg.6769
scm.10826
ecm.357
Fsc.17558
trc.2604
scm.3877
scc.14960
Taa.7965
Ecg.9181
tae.582
tas.4078
ecm.10502
scs.7637
sct.13809
msl.15005
ecd.3256
msl.47579
opv.12703
ecm.8582
trc.7052
Ecg.4398
cln.13390
msl.54629
taa.6960
sct.5163
ecp.3565
htf.7338
cln.12581
sch.7622
trc.11939
Taa.6910
ecp.12469
Taa.4729
cln.6995
opv.12466
msl.1679
ppx.23990
ecm.3808
hym.5581
ecm.3472
ecd.6266
Ecg.4104
sct.6173
Fsc.27771
trc.6051
ppx.17887
fsc.1324
fsc.11265
cln.11607
tae.1138
scm.11462
msl.48106
msl.38681
opv.13535
cln.4960
trc.8602
scc.10276
ppx.35972
scw.22940
sch.7128
spe.30223
msl.25893
msl.38905
scc.16343
scm.8854
spe.33044
msl.57598
msl.51352
scc.9981
hyn.11008
sch.512
dpy.3003
spe.14068
msc.893
tas.7659
msl.28955
ppx.28742
sct.11472
sct.9042
ecp.7529
tae.66
sch.5956
Taa.5939
msl.26840
dpy.5024
sch.5190
ecm.9933
msl.57327
msl.25673
scs.2484
tas.832
opv.4673
hyn.9747
spe.31501
sch.12138
scs.2560
sch.5402
ecm.5180
opv.12499
trc.21363
ppx.21547
msl.31175
scr.4892
msc.3801
msl.19318
spe.6499
msl.48587
ppx.1841
opv.8016
trc.14453
scm.5671
Ecg.5108
spe.36521
sch.4498
scr.7890
scw.370
scj.12448
spe.32100
opv.3995
msl.24901
dpy.5529
msc.5921
sct.7587
msl.16797
scs.17936
dpy.19668
spe.33373
scs.3642
scm.34
scs.4375
opv.13986
msc.123
spe.9726
spe.9462
ecg.7747
ecm.7093
Taa.2672
scr.3880
msl.49097
scc.14826
cln.12212
hyd.3077
Fsc.11983
ecp.15067
scw.18554
opv.5646
dpy.3859
scr.18565
scc.22904
trc.13764
msl.39485
spe.23686
scs.17805
msl.59531
hyn.411
msl.12305
tae.1462
cln.726
ecm.9817
scc.21057
Ecg.5487
htf.10721
opv.7329
tas.4015
hyn.10970
ecm.242
tas.10804
cln.8043
msl.9590
dpy.400
scs.9837
ppx.18221
dpy.5114
scs.19204
msl.57777
Ecg.4208
msc.7309
Taa.1523
hym.9132
gys.8318
scw.8812
msl.48790
ppx.18640
msl.22785
trc.1117
scw.23763
tas.12647
scw.23859
ppx.13647
msl.22626
ecp.14879
trc.19540
msl.13562
Ecg.3005
dpy.7994
taa.12428
scj.7457
spe.12380
Fsc.26706
tae.3095
ecp.5427
ppx.32180
msl.33672
ecp.13744
msl.28912
hym.5236
hym.1495
msl.14796
Ecg.5951
dpy.12708
opv.14774
msc.2197
Ecg.6112
msl.47877
msl.5842
spe.37483
msl.5282
msl.12371
msl.34480
msl.32033
hyn.7954
msl.6903
ppx.23753
ecg.971
Fsc.28079
scc.12819
spe.31700
fsc.5791
msl.42656
Taa.5560
opv.11630
ecp.9576
msc.1197
fsc.5453
sct.5704
cln.7898
spe.29354
hyd.9005
tas.8020
msl.31396
scs.14236
msl.34803
msl.26271
Ecg.4358
scs.2107
tae.8540
taa.6792
msl.59551
fsc.1139
msl.10949
hyd.11040
Taa.6264
Taa.6266
msl.2228
hyd.77
opv.5595
scw.20893
scs.11396
htf.1230
sch.1944
scs.5188
htf.10610
ecg.9171
sct.1882
spe.19309
scm.3124
taa.10073
dpy.11901
scm.5643
sch.11547
scj.11566
scc.8900
opv.565
hyd.1339
scr.13004
scm.3041
fsc.11108
msl.35036
hyn.1292
hyd.5618
ecd.1878
ecd.4962
fsc.13806
taa.3761
scc.3038
ecd.7940
scw.15522
tas.12952
opv.11491
trc.5358
spe.33001
msl.17483
opv.4104
tas.3416
msl.8615
dpy.6374
tas.7694
scw.5883
hyd.5289
Ecg.8363
tas.2330
msl.59951
msl.51985
scs.4259
Taa.3726
trc.15441
trc.8884
spe.24986
tas.12196
dpy.9556
msl.25630
tas.4434
ppx.32651
Ecg.7551
opv.7490
scw.22832
fsc.3227
scw.6118
ppx.2384
ecg.3855
scc.11995
hyn.4952
msl.14741
hym.3828
scr.6343
sch.8826
msc.3096
msl.51422
sch.233
Taa.10127
dpy.4670
ppx.94
scs.1569
opv.5036
tas.1578
spe.36084
scc.21603
hyn.4431
scs.15393
ppx.20950
hym.12354
hyd.9493
scr.1729
scm.7258
msl.39093
fsc.12708
dpy.19627
opv.14158
ecd.1347
gys.11411
Fsc.2142
tae.3896
tas.12728
ecp.3135
ecd.747
msl.20449
dpy.11848
scw.19546
msl.48987
scs.3846
hyd.4357
ecg.6285
ecd.2758
ecd.2709
spe.27023
ppx.29380
hyn.11849
scw.21646
taa.2855
msl.18219
ecg.1619
ecm.947
scw.18578
Fsc.11785
Fsc.18846
Ecg.1924
opv.5260
Ecg.3177
sct.19177
msl.43292
taa.6134
cln.10262
spe.36098
gys.4082
tae.7559
cln.2575
fsc.15099
scr.13629
Fsc.23454
msl.40319
tas.3966
trc.7546
ecp.6188
Fsc.12672
ecg.6225
spe.1739
hyd.7863
hym.11400
ecd.3595
msl.52797
msl.48759
dpy.11377
fsc.10366
Taa.8706
hyn.4527
spe.37131
msl.38003
taa.1191
dpy.5477
msc.5871
Ecg.7018
spe.36822
sch.2996
cln.4309
spe.27119
trc.3558
ppx.19802
msl.37512
ppx.26099
ppx.9946
spe.34770
msl.44107
taa.6277
hyn.3805
fsc.8837
cln.7367
hyn.11665
ppx.34671
ecg.7370
hyd.6807
tas.1899
hyn.4454
Ecg.1428
Fsc.157
opv.7506
msl.8516
hym.7697
hym.10789
Taa.5173
ecp.8889
trc.20026
fsc.5022
Ecg.5661
scj.5122
msl.30955
cln.1030
msl.6975
cln.1220
scj.550
Fsc.21265
tae.6453
msl.17926
hyn.10628
Fsc.80
ecm.9558
ppx.36830
taa.9847
msc.7538
opv.5667
hyn.9939
msl.60206
hyn.4272
Fsc.2367
taa.814
cln.6345
Fsc.26885
sct.18727
ecp.11878
tas.9327
hyn.1542
hyd.2639
ppx.2957
msl.27658
dpy.1503
ppx.30521
hyn.6534
opv.783
ecm.9408
msc.253
dpy.15948
taa.11271
spe.392
spe.30607
smm.2584
ecm.470
msl.40974
ppx.17440
spe.11160
ppx.6565
spe.6762
spe.28422
cln.7263
sch.1778
opv.9590
ppx.21942
spe.65
Fsc.30360
dpy.19108
tae.5182
tae.5958
ppx.19496
tas.7503
sch.8981
ecp.12084
dpy.11932
tae.2060
dpy.11933
ppx.30292
Fsc.28639
msl.8881
ppx.27502
msl.53007
spe.9666
smm.1150
ecp.2348
ppx.4569
fsc.8341
fsc.15468
spe.17244
taa.5650
opv.1865
tas.555
tas.5253
ppx.28349
sch.7625
spe.12442
msl.23910
ecp.15838
msl.28291
fsc.11563
Ecg.8408
hyn.12550
sch.7968
Fsc.18212
msl.51242
scr.13346
scc.8899
ppx.9616
dpy.12472
taa.10821
scr.22782
ppx.16368
scr.14342
scr.2507
taa.11091
ecg.5944
scr.2787
fsc.9933
hyd.6465
scs.24
fsc.5510
scr.7313
dpy.1783
spe.24793
tas.11919
Ecg.4797
ecm.580
hym.3202
scw.13436
ppx.33099
spe.9705
Ecg.1300
scc.11042
taa.10229
msl.28393
sch.6780
scm.4590
Ecg.1717
sch.8204
hyn.7871
scm.9788
gys.13077
ppx.27860
scw.7520
trc.6497
dpy.19647
ecp.727
sct.22111
scc.8014
scj.3162
Fsc.11276
ecp.6967
ppx.24779
spe.18783
msl.55634
trc.20858
Taa.189
tas.10643
ppx.36617
ppx.22383
Fsc.28222
ppx.32070
scs.14921
taa.6163
sct.234
spe.12948
ecp.12017
ppx.29716
scs.6144
gys.5703
scw.20979
spe.20380
hym.8874
Ecg.8477
Fsc.24505
dpy.16847
Fsc.26388
hyn.10214
scc.4516
ecp.13163
ppx.1173
scm.7759
ppx.13536
msl.47258
ppx.24438
ppx.27641
ecp.3220
ppx.35500
tas.10458
Ecg.3141
ppx.10156
spe.16731
spe.35486
scc.6896
dpy.19477
spe.36032
msl.46932
dpy.3765
hyd.5533
spe.2394
msl.2763
spe.39105
ecp.17938
scr.17697
ppx.29985
scs.11609
scw.13532
Taa.2577
ecd.9474
ppx.3
opv.6940
ppx.17550
ecp.16237
spe.18690
spe.14209
ppx.31788
ppx.29416
scr.23682
hyn.6429
ecp.16540
scr.16718
scw.17585
spe.11644
scc.22281
ecp.125
ppx.11733
sct.21365
gys.11440
scr.7620
msc.4631
hym.3462
ecm.2099
scr.23886
hyd.5558
scr.587
Fsc.7908
spe.6057
gys.15021
trc.17314
scw.24484
scc.12013
hym.11550
spe.15564
spe.11415
msl.11900
scm.11133
spe.9493
tae.11319
scs.3428
Ecg.1774
sct.15303
trc.16868
htf.177
scr.5750
fsc.1198
