

ppx.16497
htf.9345
ecg.1172
tae.504
Fsc.10066
Fsc.24978
scc.23534
ecp.7675
sct.18355
Fsc.29266
smm.993
scc.13906
Fsc.33213
sct.21915
scr.23763
ecp.786
hyn.4379
dpy.7492
ecd.2253
spe.2408
Fsc.30700
sch.12695
scw.17782
Ecg.2148
dpy.2029
Fsc.26431
Fsc.22637
dpy.12482
spe.5342
dpy.1434
Fsc.11062
Fsc.24698
Fsc.30558
tae.10021
opv.14445
gys.13103
scr.4706
Fsc.16532
ecg.5033
fsc.12111
scc.1843
tas.8131
scr.21174
gys.14541
scw.1977
scw.15046
ecg.4390
dpy.15091
scw.6456
scw.13830
scs.15634
tas.10011
scc.14167
scw.22567
scc.14999
trc.6197
spe.7843
scr.6399
Ecg.5222
scr.17774
spe.35578
spe.10072
gys.9372
ecd.10888
hym.8723
scw.8902
spe.25154
spe.24824
ecp.105
msl.31046
hyn.12252
msc.9245
scr.17704
sct.7226
trc.4759
dpy.14291
ecd.2947
msc.4600
Ecg.4260
msc.7362
tas.1484
Taa.5751
Fsc.13364
tas.4532
tas.8979
msl.47684
taa.12102
ppx.25582
hyn.13078
msl.56267
scw.13267
hyd.4059
tas.5813
Fsc.79
gys.15355
hyn.9056
hyd.653
fsc.2625
hyd.9222
htf.8902
opv.3413
dpy.6647
scm.6413
taa.10571
msl.50930
opv.5130
taa.1427
tae.10530
dpy.6479
ecp.16723
scm.9262
ppx.21708
sct.12428
scw.21658
scw.14639
msl.47023
scj.9783
scj.4202
scj.11079
msl.36893
msl.41765
ecd.6759
scr.342
ecd.2462
spe.15335
taa.1400
msc.6928
trc.11995
ecm.7198
msl.8189
htf.4264
msl.34039
dpy.9624
sch.8867
msl.57850
hyd.8231
scm.4295
ecp.15970
fsc.368
scc.14072
cln.7535
msl.12907
scs.722
ecm.8972
hyd.9557
hyd.6438
tas.1440
msl.50311
ecp.2961
opv.6659
scs.3646
spe.711
opv.14916
scj.3025
msl.45375
msl.59228
sch.5493
msl.2206
scs.2551
Taa.1285
Fsc.596
msl.2327
hyd.9290
msl.37975
taa.2903
Fsc.559
Taa.8443
msl.54165
msl.56144
ecp.16005
cln.5832
dpy.5194
msl.60531
msc.7593
ppx.24695
msl.41948
hyd.7847
msl.52154
htf.6464
hym.10614
spe.7477
Taa.594
msl.57927
msl.52691
spe.18954
scw.1387
spe.14415
taa.3746
cln.8842
trc.12951
msl.36930
spe.20671
scw.1403
scs.3566
msl.30551
taa.6753
msl.9912
tae.7530
fsc.15217
msl.35650
scs.16649
Fsc.7808
msl.60390
trc.16060
fsc.9024
tas.7735
tae.10287
ecg.4600
msc.1676
ecd.6431
scj.172
ecm.9914
msl.28705
ecp.15698
tas.10
spe.35996
opv.4394
ppx.615
scj.10195
ecd.553
tae.1399
sch.7825
fsc.14838
trc.9100
tas.4043
scc.2099
htf.1090
gys.11841
sch.581
ppx.22964
trc.11465
msl.24027
scj.4064
scw.1223
opv.832
taa.4963
tas.4280
htf.11543
gys.12709
sch.3599
trc.16782
scr.4271
tae.11876
ecp.1428
cln.5046
ecm.1995
msl.52625
ecd.5236
sct.7568
msl.27141
sct.10464
scc.17876
taa.9110
hym.2427
scs.4786
gys.3122
scr.8601
sch.11168
Fsc.10685
Ecg.7512
msl.9549
cln.2606
taa.1517
ecg.2243
scj.5514
tae.2551
trc.4026
Fsc.7428
fsc.9117
tas.5994
msc.2812
hyd.10521
ppx.13427
trc.5632
msl.49819
cln.4533
dpy.17124
taa.101
msl.11230
fsc.7754
ecd.1212
scc.18951
ecm.2907
msl.28264
taa.2862
spe.23011
msl.32186
msl.59120
Ecg.3840
hym.3032
ecm.182
scj.9217
dpy.13244
ecd.3971
msl.23588
scs.8761
Fsc.21385
ppx.20538
tas.5141
tas.1777
fsc.7549
hym.1472
gys.4311
tae.4427
tae.6999
Ecg.5034
fsc.10232
dpy.15332
ecg.2524
trc.8416
spe.8657
msc.5381
Taa.6823
scc.9042
opv.2
hym.2499
ecg.8617
msl.17703
scr.11953
gys.2612
Fsc.911
spe.28050
Taa.7592
hyn.7692
ecm.629
scm.7735
msl.59247
dpy.16406
msl.28106
Ecg.765
msl.60522
msl.14950
scr.3413
opv.14961
dpy.15850
hym.8277
ecp.7869
scj.847
ppx.18962
Taa.504
scr.9973
scj.11895
Ecg.4413
msl.17083
taa.1992
hym.547
opv.12523
hym.7190
sch.1887
dpy.1717
ecm.5739
hyn.1331
taa.1726
tas.2459
scs.17449
msl.21792
hym.5382
msl.25359
sch.10777
ppx.8724
ppx.9870
trc.2168
sct.5383
trc.2283
opv.7680
opv.11814
gys.1446
msl.52559
tas.6325
hym.11165
opv.8690
ppx.11140
scs.4651
htf.3203
scs.3153
Taa.7113
sct.13583
ecp.5667
scc.14697
ppx.19349
dpy.6057
scr.11538
msl.25224
msl.42044
ecg.9972
htf.8305
Fsc.14575
hyd.8247
scw.17137
hym.6016
ecd.8543
htf.3250
scs.3434
ecp.4631
dpy.11498
tae.1190
hyd.8699
taa.13116
smm.320
scj.1732
msl.55521
Fsc.11701
htf.9390
spe.3982
scc.16359
scw.3197
msl.55484
hym.5167
msc.10483
ecg.10579
msc.8847
tas.12197
scs.16107
tas.1186
scm.2987
Ecg.3501
ppx.12016
scc.1844
tae.1728
tas.1628
ecg.5032
ppx.22335
Taa.6964
msl.55864
tas.9740
ecp.15827
Ecg.8818
htf.360
Ecg.439
trc.12944
msl.18269
cln.2947
hym.6573
scr.12437
msl.4595
msl.12339
cln.6845
scs.10650
msl.25756
fsc.13436
msc.5287
scr.7751
Taa.1565
cln.8749
spe.31051
scw.18371
Taa.1393
tas.10049
taa.10591
taa.8045
spe.8927
scj.12675
spe.23465
sct.11246
msc.4636
fsc.7550
ppx.1981
Fsc.26186
tae.3788
msc.7482
Ecg.4394
spe.6941
msl.54628
msl.54554
tas.9508
ecp.3564
taa.1931
cln.12587
gys.8735
opv.15666
spe.18775
ecp.12461
msl.33231
Taa.4687
tas.5424
scm.2933
msl.25051
hyn.12179
scc.15284
ecm.3473
ppx.34904
spe.8125
scw.24090
hyn.1093
ecm.9340
scm.4339
taa.815
ppx.26250
cln.11608
msl.30451
msl.2852
scm.3313
htf.8449
opv.13531
htf.577
msl.21237
sct.842
trc.2423
dpy.8748
msl.30826
scw.6252
scc.7400
hym.4279
msl.43413
Fsc.2742
msl.11366
scs.19448
msl.51351
Fsc.31875
sch.5624
scj.4703
taa.1308
Taa.9552
hym.5576
fsc.5466
scm.9305
scw.3601
tas.3501
msl.3495
Ecg.7715
ppx.18328
sch.5952
ppx.9587
scr.8185
ecp.10219
Ecg.1236
ecm.9934
opv.10659
msl.25674
taa.9613
tas.831
ppx.27180
ppx.633
Taa.5190
trc.5006
ecp.5617
sch.5406
scr.4829
gys.13068
scr.14806
scs.8615
msl.31177
msl.22271
msc.3803
sct.310
Taa.2093
dpy.14967
htf.931
msl.32618
tae.4514
scm.5673
msl.40883
tas.10257
taa.3115
spe.9445
scw.372
msc.5482
msc.2909
spe.1209
msl.24900
ppx.30450
msc.5924
fsc.7979
tae.2687
opv.3811
taa.1167
msl.6419
msl.38187
Ecg.1811
fsc.10544
taa.9071
msc.128
ecg.8510
trc.1528
ecg.7744
msl.22808
scr.4696
opv.7498
hym.8852
scc.14827
cln.12210
ecm.961
msl.28946
ecp.15062
trc.1942
msl.16107
spe.4493
gys.2591
scr.7823
Ecg.7647
taa.8698
msl.57379
sct.15308
hyn.8444
ecp.14510
hyn.8431
opv.4593
scs.7926
tas.6126
ppx.15973
Ecg.5486
msl.47422
dpy.2272
Fsc.7257
msl.51334
scc.12959
hym.3833
hyn.13652
msl.9593
sch.8076
scs.9833
scj.10987
dpy.5111
scs.19206
ecm.2583
Ecg.4206
msl.22012
spe.22649
hym.9133
ecp.16457
msl.18473
ppx.20384
opv.11599
tae.1214
sct.19650
taa.3675
ecp.3578
Fsc.30804
taa.6627
scc.6153
msl.35217
spe.24754
msl.13561
ecg.9939
cln.3937
scm.6140
ecp.16392
cln.13097
gys.3090
scj.10823
ppx.10725
hyd.4954
msl.33676
opv.4635
msl.28913
Ecg.10094
hyn.13675
msl.51102
ecg.9796
gys.5096
opv.14775
htf.10911
scw.23103
htf.8295
hyn.1471
spe.4444
htf.3685
msl.12370
taa.8153
fsc.13854
ecm.4361
ecm.1674
ppx.35274
ecg.972
scs.4700
ecp.9435
dpy.6269
fsc.5796
ecp.13464
dpy.8955
opv.11632
ppx.12910
Fsc.207
hym.3614
spe.39162
cln.7899
sct.239
msl.14312
tas.9999
tas.8644
scs.4208
msl.34802
tas.8109
Ecg.4352
scs.2103
opv.13312
htf.6332
hym.7659
fsc.1136
ecp.1505
msl.45315
dpy.9466
htf.1283
trc.5016
spe.35606
opv.5592
dpy.18012
taa.10201
msl.52281
scc.7102
trc.10234
scc.16788
taa.12907
scr.18759
spe.19308
scm.3122
scr.12603
dpy.11904
ecd.8350
trc.6717
sct.3340
sct.16220
Fsc.28310
hyd.1337
msl.55074
taa.877
spe.28504
hyn.3477
msl.42110
spe.8732
dpy.11043
scc.944
fsc.13807
taa.3760
Ecg.1568
ecd.7942
Taa.8346
tas.12958
spe.31071
Ecg.963
tas.3372
msl.17486
htf.1981
tas.3415
scr.19806
tas.6209
tas.7697
taa.5940
sct.21436
Ecg.8362
ppx.33721
msl.59953
taa.2482
ppx.8657
hyd.8675
trc.15446
Ecg.4307
scm.4627
ecd.7322
hyd.1272
msl.25631
tas.4436
msl.51714
scc.14512
fsc.634
hyn.3178
fsc.3222
msl.42191
ppx.2380
ecg.3853
scc.11997
scj.11442
msl.14746
msl.46810
msl.6456
sch.8820
htf.877
fsc.2956
fsc.4340
cln.3485
hyd.2534
ppx.97
trc.11520
Fsc.10924
ppx.21925
opv.9601
tas.5668
scm.782
Ecg.6719
ecg.4784
sct.10904
spe.38278
tae.4174
spe.8601
tae.7835
ppx.3763
Taa.1006
tae.7716
Fsc.11420
ppx.13323
Fsc.2143
Fsc.1784
ecd.3815
ecp.3131
hyd.713
msl.29128
ppx.17843
tae.5513
ecd.7197
ecp.4775
scs.5254
opv.14139
taa.3817
msl.25415
msl.7211
ppx.29381
scj.12728
msl.39591
taa.2852
cln.12602
tas.10596
cln.5630
Taa.6049
taa.8355
scj.5746
Ecg.1926
tae.1546
Ecg.3176
sct.11369
msl.56337
ppx.21266
cln.10263
ecp.9259
hym.6103
scm.3882
scs.4657
fsc.15098
ecm.449
scr.3026
ppx.6559
sct.6196
msl.45462
scr.21685
scm.357
ppx.32258
Fsc.2416
ecd.7221
opv.13423
taa.9578
htf.1028
msl.4895
scm.9759
ecp.5757
Taa.8707
ecp.15144
spe.37133
scw.25146
tas.9834
ecd.979
ecd.10038
Ecg.7019
scs.842
scw.20262
sct.12996
scr.11504
msl.40006
ppx.19803
msl.37513
ppx.26093
scc.10420
msl.4625
hyd.10039
Ecg.4962
cln.905
Taa.3673
scs.8460
ecp.15114
ppx.25559
ecg.8487
dpy.10966
sct.19764
msc.6083
Fsc.28891
Fsc.150
msl.28547
msl.8514
msl.33328
Taa.6899
Taa.5178
opv.4690
scr.6986
fsc.5025
Ecg.5666
scj.5125
scm.10410
fsc.11515
scc.3946
msl.5086
msl.19894
ecm.412
trc.18191
msl.17925
ecm.9865
spe.12784
scr.1684
scw.4989
tas.2602
msl.49131
scw.22161
Taa.2062
dpy.15228
hyn.4277
Fsc.2364
tae.2173
cln.6344
scc.9355
sct.18724
spe.37148
ppx.5512
hyn.1546
dpy.4377
scr.22005
sch.1206
htf.5869
ppx.34877
trc.7384
scr.15210
ppx.24704
scs.10496
hym.9352
msl.55230
scr.17421
trc.7210
scc.19912
trc.10029
trc.7900
scr.16780
scj.4922
spe.29642
scc.16895
ppx.11629
cln.2252
msl.36929
trc.11836
opv.11426
scr.8899
spe.6255
scj.2519
trc.2366
scr.3025
spe.27597
scr.1170
trc.21396
ecp.1641
scr.8659
trc.12481
ecd.10211
htf.11566
ppx.4826
Fsc.2724
scj.6243
dpy.8686
gys.6778
tae.6627
msl.35342
sch.7688
trc.16576
spe.38577
msl.3409
scr.13601
ppx.36286
ecp.16797
tas.5252
scw.12262
ppx.20035
scw.25573
msl.52717
dpy.18788
Fsc.5284
scr.2666
msl.25932
tas.3056
spe.10735
tae.6081
sct.15786
spe.2092
spe.37550
msc.8294
scc.21367
dpy.10596
taa.801
hyd.3171
gys.9289
scs.8564
taa.11097
scc.9045
spe.21008
opv.12550
sct.20899
scc.752
spe.7173
scc.2474
tas.10732
dpy.5718
spe.22785
scr.19948
ppx.19877
ppx.26637
msc.6026
scs.3253
ppx.29671
trc.3833
spe.39061
ppx.7102
scr.226
spe.19468
fsc.10989
tas.10014
ecp.5851
sch.9020
htf.5810
taa.7170
ppx.37112
spe.22397
scm.648
ppx.37085
ecg.2760
scj.8873
dpy.3879
scw.20996
ecp.13114
hyn.9025
ppx.13159
spe.23274
msl.55631
taa.7549
scs.16132
spe.6658
sct.22048
ecp.13755
scj.8043
dpy.13286
opv.15011
tas.5577
scs.15685
scw.6363
scc.16650
ppx.16012
dpy.10424
ppx.3734
ecp.1991
spe.16325
scr.21073
scm.8419
ecp.17590
gys.13379
scr.1082
scc.1917
spe.6304
msl.5386
dpy.14833
spe.20687
msl.54291
spe.5535
cln.11937
scr.12012
scw.25799
scc.12230
smm.2767
spe.24640
ppx.23207
ecm.4095
sch.3172
sct.16750
scs.17517
spe.32447
trc.19989
htf.4723
msl.25795
opv.2436
spe.31410
Ecg.5768
Taa.9275
scw.13562
sch.2464
hym.11464
ppx.34472
gys.6198
ecd.9473
msl.42091
opv.16309
spe.27009
ecd.4716
hym.3737
spe.1092
dpy.1858
htf.7660
scr.11717
scw.13715
ecd.11391
dpy.6327
scs.16174
hyd.6256
hyn.4765
scw.14255
sct.8679
ppx.21934
gys.13965
hym.11493
scr.9174
Ecg.5551
Taa.169
scw.172
scj.5193
scr.20658
scs.2901
scs.8839
scr.4041
sct.9393
fsc.14044
spe.33637
dpy.17903
tae.812
gys.8413
tas.10317
gys.11596
scw.2983
msl.40861
Fsc.22773
spe.31037
trc.10451
htf.5046
hyd.7974
ecd.10817
ecd.11330
