

msl.55378
Fsc.366
opv.9972
msl.49366
Fsc.31016
scr.17358
sct.2371
scr.23274
Fsc.7977
dpy.19092
Fsc.14128
msc.4813
msl.16624
ecp.14943
ecd.75
scc.6577
scw.3374
ppx.30654
scw.5682
smm.938
scr.22031
Fsc.31433
scr.1336
ecd.5451
Fsc.32755
ppx.11422
scr.3589
dpy.15554
scw.2418
dpy.8657
scr.399
Fsc.17553
Fsc.2610
ppx.3407
fsc.75
opv.6683
gys.12647
scw.11323
taa.12046
spe.13654
ppx.34394
ppx.17130
scr.11039
scr.1825
Fsc.24824
smm.2788
Fsc.24862
Fsc.29191
sct.2264
scc.11106
hyd.2463
sct.10813
scw.3012
Taa.10211
scw.21552
ecp.1292
msc.1849
ecg.8444
scw.18098
msl.5122
dpy.9165
opv.7795
msl.3992
ecp.4397
ecd.4181
scr.1578
msl.32537
opv.7133
spe.21772
ppx.6962
ppx.19483
scw.25442
sct.8021
cln.5407
scm.5609
tas.1734
htf.5879
ecd.1469
cln.2882
scs.10922
cln.8214
ecp.15719
trc.3280
msl.35078
scs.15422
msl.39138
scs.3750
cln.3761
spe.14474
msc.9649
sct.6953
ecd.4454
tae.173
scj.4788
taa.7419
msl.58881
tas.9393
msl.16396
msl.32406
ppx.12984
taa.7592
scr.2549
hyn.11125
msl.37228
msc.524
dpy.3718
sct.12195
msc.7873
scr.1271
ppx.4022
scj.2903
taa.9091
tas.7664
scw.7286
msl.13318
opv.3913
hyn.7475
taa.9035
msl.49980
Ecg.7354
scs.7162
spe.11309
msl.16871
ecm.5307
msl.39853
scw.20829
Taa.4837
scc.15548
scs.3516
tae.12411
sch.12238
scc.10802
msl.27764
msl.52390
msl.42937
msl.44323
ppx.30518
ppx.57
spe.34017
Fsc.8754
msl.31918
trc.10387
htf.6090
msl.54334
htf.549
tae.292
trc.12487
ecg.738
Ecg.7792
taa.3629
msl.43190
spe.28413
hyn.3307
msl.58797
ecd.2499
msc.10413
ppx.13365
scc.8272
cln.12407
spe.13813
hyn.7284
ecd.1060
opv.9819
gys.8064
Taa.9791
fsc.3687
tas.12397
msl.45666
msl.21098
ppx.14092
Taa.769
sch.11565
scm.8162
tae.1902
fsc.10962
msl.60478
taa.3133
ppx.23024
spe.28522
scc.11396
msl.11220
hyn.43
msc.2460
tas.10617
scw.1792
msl.20007
htf.11378
msl.40129
msl.41540
scm.10420
hyd.4719
tae.6956
scj.3845
ppx.26069
opv.11662
ppx.14521
ppx.7269
tas.6891
tae.9203
ppx.15945
fsc.3727
msl.43709
hyn.10573
scw.18563
msl.16137
scj.4344
tas.3018
scw.21633
scs.3284
scm.8449
tas.3866
msl.25618
scc.2830
Fsc.11055
dpy.8135
msl.46440
scs.14268
sct.5027
msl.4457
dpy.16617
scs.4966
ppx.16229
ecp.1677
msc.10367
htf.7043
tae.983
cln.7998
tae.6858
msc.8597
fsc.7490
msc.2389
Ecg.6303
tas.11257
msc.1551
tas.4755
scs.9121
msc.9339
msl.54580
htf.9007
hyd.6458
msl.18405
msl.46541
msl.30564
tas.2450
tas.10275
ecp.17218
msl.47931
spe.13119
msl.21303
msl.7742
dpy.10669
opv.4268
scs.11604
hym.6198
scr.2673
ecg.6408
msl.37910
msl.28273
ecm.7619
spe.16023
msl.54101
Ecg.2956
cln.705
msl.20388
hyd.9089
taa.9888
msl.11025
msl.45530
ecg.2487
trc.6367
msl.2896
sch.11240
ppx.23040
scc.16436
msl.8910
tae.12025
ecd.5466
dpy.14142
msl.54744
scm.10383
trc.10859
ecg.3197
ppx.28329
msl.31459
scc.13130
taa.4567
msc.8615
msc.4453
ecg.5153
hyd.4209
Taa.251
ppx.31407
taa.4489
dpy.19310
ecm.8094
tae.4327
Ecg.759
taa.1063
ppx.1974
opv.9659
msl.5990
hym.4826
spe.14128
trc.2944
opv.61
scc.3759
ecm.8058
taa.9655
ecg.815
scw.8619
hyd.7966
scc.2309
spe.28157
spe.36920
ecg.372
tas.5569
scc.21337
Ecg.6236
dpy.17654
scr.18378
hyd.2652
spe.17961
scs.2771
fsc.1839
ecp.5850
cln.5805
spe.9367
tae.5684
ppx.20623
cln.3177
Ecg.5972
gys.6534
tas.1218
spe.26016
ecg.6392
ecm.6045
scs.18998
ecp.10353
tae.3445
ecd.1841
msl.11314
spe.25369
msl.21367
Taa.2926
taa.7860
scs.457
gys.3126
msl.9813
scm.7847
msl.42095
scs.8043
scr.4564
msl.22846
spe.17355
Fsc.2661
msl.1562
opv.891
opv.10849
hyn.1075
scj.720
tas.9714
scs.17746
dpy.9245
ecd.8283
msl.42361
htf.3186
ppx.10481
sch.6530
htf.6771
spe.12655
fsc.5318
msl.46444
dpy.2179
tae.7610
tas.6164
cln.10837
Fsc.29541
Ecg.10222
scm.7043
hyn.644
Fsc.26242
scj.10845
msl.59355
Taa.3187
hyd.9574
scj.2044
ecd.1182
msl.30118
opv.826
fsc.2493
cln.2341
taa.2777
cln.5152
msl.26434
Taa.8069
hym.4882
scs.8981
ppx.11761
hym.12303
hyd.1299
Taa.695
ppx.18998
msl.30887
tas.5461
msl.22665
ppx.14313
msl.38711
ecd.7599
sch.3696
cln.588
msc.7107
hym.5249
scw.12184
msl.60352
taa.11774
taa.11860
spe.39423
scs.13874
ppx.34132
trc.13310
ecg.157
Ecg.10059
dpy.14519
ppx.23371
dpy.10333
trc.5892
Fsc.10143
trc.3089
opv.16026
scm.4072
ecp.12213
taa.1888
hyd.271
sct.18531
scj.44
scm.982
Taa.6119
ppx.12520
msl.17598
msl.29844
cln.10211
hyd.5432
hyn.12186
tae.12296
opv.5467
ppx.14925
msl.59096
ecp.3242
ecd.1137
msl.39266
msl.36760
scc.13514
msl.984
sct.4668
spe.29327
dpy.2503
msl.9347
sct.18640
Ecg.8997
scw.2731
msl.22792
ecp.2451
tas.7353
tas.7098
Fsc.2280
ecg.7759
hyd.5540
ecd.1943
scj.6245
dpy.4067
ecm.3539
hym.11422
scj.3235
msl.22164
scs.9562
cln.9141
hyn.3701
scs.12033
msl.9226
cln.2765
ppx.32406
scs.3373
msl.11684
msl.41343
ppx.13460
sct.15943
msl.23975
Ecg.6993
scs.5497
spe.20394
Fsc.22585
scr.10452
taa.4230
htf.6196
sct.12827
msl.36852
scs.12234
ppx.17770
fsc.4742
spe.31078
cln.11535
tas.11460
tae.6567
cln.5277
htf.8343
msl.40640
spe.1586
opv.11601
scw.13021
Ecg.10171
msl.11112
msl.45406
hyd.5017
Ecg.8320
msl.14305
sct.18151
msl.11099
ecm.7410
scw.1501
Fsc.1396
msl.8238
msl.40115
opv.16083
Fsc.24617
Ecg.6640
htf.8741
hym.1839
fsc.15228
msl.29764
taa.6871
hym.7743
scj.5738
msl.30984
Taa.8916
spe.14839
msl.52294
msl.22913
tas.2015
ppx.8407
ppx.14946
opv.8567
ppx.1435
scw.17107
spe.36890
scc.9991
ecm.742
scj.11229
scs.15253
sch.11928
msl.43690
msl.36202
scw.14723
msl.39459
Ecg.1404
cln.10804
scs.12969
scc.6002
msl.49907
opv.4566
msc.7276
hyd.8030
scr.13465
scm.6019
htf.381
opv.2611
Taa.537
sch.8375
scc.16780
msl.14167
ppx.20001
scs.5317
cln.815
fsc.891
fsc.4388
ecp.10035
tas.5447
ppx.29449
hyn.3898
hyd.1412
ecd.5256
tae.11506
opv.2137
htf.6417
gys.7253
scr.15892
trc.3094
scw.7273
ecg.5427
scc.2492
msl.11153
scr.10477
ppx.21147
hyn.9712
tas.5973
ecm.8142
hym.1195
Ecg.2568
ppx.24332
ppx.16219
opv.8231
dpy.6211
fsc.5728
msc.8549
scs.326
ecm.483
hyd.190
ecd.1148
hyn.5806
trc.15142
ecg.9056
spe.4688
scr.9104
trc.2211
gys.4338
ecd.2687
Fsc.16919
scm.9534
scr.13207
msl.24958
spe.27807
scs.13679
ecm.1212
fsc.4470
Taa.1863
scm.505
spe.33086
scj.11546
msl.58560
Taa.5229
Taa.7883
taa.11508
hym.10343
msl.45176
ppx.29919
cln.2633
sct.4738
msl.27964
ecp.6708
Fsc.7885
sch.3493
ppx.33745
ppx.30879
msl.8989
scw.6664
ecm.9420
taa.10665
tas.5025
msl.33448
hym.10599
spe.28573
fsc.9510
tas.1512
msl.56821
scw.16993
scc.18908
scw.9867
msl.20039
tas.4754
trc.21094
scw.8776
htf.179
hym.8789
taa.5642
spe.13090
msl.40650
ecm.493
ecm.6966
trc.14829
dpy.1629
dpy.8289
ecp.8752
msl.46753
scr.8892
msl.53746
ecd.5241
tae.8088
scj.7660
scr.19676
scs.10214
fsc.12222
ppx.18693
scs.17080
dpy.6690
scs.8220
trc.10517
ecp.4282
ecd.576
scr.9236
taa.8867
sct.5284
scw.9275
Ecg.4732
Taa.8324
scc.11964
trc.3561
gys.15402
ecm.3841
cln.12507
taa.10502
msl.15138
dpy.6408
ecp.11551
msl.30135
scs.16659
msc.1527
msl.2768
msl.7449
ppx.5743
scs.14843
Ecg.6804
hyd.2738
msl.44289
htf.8105
fsc.9548
gys.3529
Ecg.1165
msl.15674
tas.10632
Taa.3497
spe.18630
dpy.5230
tas.11435
spe.6210
spe.290
Fsc.10823
msl.50040
Fsc.17358
msl.16535
spe.2890
Fsc.24946
sct.20098
taa.11269
msl.48972
scw.24874
dpy.18253
gys.8493
ecd.11096
ppx.11075
taa.223
scc.16549
gys.5647
msl.2686
htf.9264
scs.2171
fsc.774
scj.7771
spe.10734
msl.1020
ppx.20396
Fsc.25057
ecg.464
spe.21350
msl.16834
msc.4341
scw.9049
msl.57366
Fsc.25969
Taa.2247
fsc.5737
gys.11820
Fsc.7344
msl.23670
trc.11489
ecg.1021
ppx.25200
opv.6271
ecm.5382
scm.7731
hyn.7704
sct.4642
taa.295
Taa.5767
msl.9324
scj.12401
msl.51007
ppx.22557
Fsc.15101
Taa.5064
trc.19197
tae.5245
msl.13253
gys.5406
ecm.2564
spe.38331
hyn.914
scj.3761
spe.10434
scw.2331
ppx.9332
ppx.25943
htf.7932
scw.22595
msl.32861
msl.55298
msl.50925
scj.4611
taa.1434
Fsc.11048
scr.7120
hym.3645
msl.10357
msl.16145
sct.19513
ecp.3424
ppx.7496
ecd.6082
scs.7452
ecm.3336
tas.3168
msl.8544
htf.6833
scw.7171
htf.1300
spe.1472
ppx.12574
ppx.29532
gys.14028
msl.20538
htf.3849
gys.4087
scs.1969
ppx.14811
htf.7444
tas.12484
opv.14395
cln.7195
msl.11177
msl.37288
trc.12045
taa.2555
scc.23164
ecd.101
spe.726
hym.5768
scc.13681
scj.3237
trc.3007
Taa.6916
scs.11004
tas.3736
opv.8857
gys.13250
Fsc.3160
ecm.252
sct.700
msl.2234
ecp.950
msl.13520
msl.32112
hyn.5608
fsc.61
scm.2374
sct.13676
Taa.9490
tas.11512
Taa.2016
hym.5365
ecg.9395
ppx.17765
cln.7275
hyd.800
cln.9895
Fsc.18681
msc.10129
ecm.8331
scr.171
ecd.3543
scm.2471
spe.31421
cln.6572
msl.30528
sch.30
hym.3273
ppx.20838
tae.2048
msl.60091
scc.6722
msc.5201
scm.9394
spe.33095
Fsc.23126
cln.6918
msl.22696
scc.4803
ecg.4276
Fsc.24935
ppx.28207
scc.20120
ecp.6137
tae.4544
taa.1492
ecg.106
msl.24703
tas.7724
htf.10997
ecg.4618
fsc.210
msl.49448
sct.18441
sch.4915
hyn.12053
ecp.2500
msl.1013
opv.2193
ecp.2869
ppx.605
ecm.5443
tas.10207
gys.464
hyn.13574
ppx.7938
Fsc.16854
trc.21110
msl.50318
trc.10836
hyn.156
ppx.33149
opv.6649
ppx.29291
msc.4555
scr.4180
msl.46311
msl.58041
msl.20275
ppx.34995
taa.11293
fsc.8174
ecd.3061
msl.40762
gys.15155
gys.8168
taa.10825
msl.1143
hyn.11302
hym.5727
dpy.7272
trc.841
Fsc.15301
sct.2950
ppx.11130
opv.13418
msl.51767
ecp.4581
trc.10703
ppx.3167
ppx.20964
Fsc.28910
ppx.26347
dpy.6896
msl.19889
scm.420
scj.8443
scs.16910
ecp.13245
spe.8782
trc.11686
scw.6149
msc.7757
ecm.192
dpy.16719
sct.4250
ecd.4089
dpy.11783
hyd.10742
Fsc.30061
ecp.1885
ppx.5198
scc.11284
dpy.39
scs.1337
ppx.34379
scr.7507
ecp.17675
sct.16029
hyd.7077
smm.3184
spe.21843
ppx.1133
Fsc.18314
ppx.13441
spe.750
ppx.20338
spe.12046
tae.5353
ppx.29337
Taa.8982
opv.12387
scr.19021
spe.33714
msl.43900
Fsc.17969
ppx.33509
msl.34552
dpy.18474
ppx.3296
ppx.11183
tas.13056
sch.11693
ppx.9371
cln.3932
scj.9739
htf.4706
dpy.17548
taa.10438
taa.9087
dpy.1890
ecd.6914
hyn.9276
sch.4244
ppx.16888
spe.3416
scs.15726
tas.11461
ecm.8129
spe.31860
tae.8802
ppx.21029
tas.12005
ppx.19058
msl.11319
sch.10347
fsc.14327
Ecg.6458
ppx.29635
ppx.25789
Taa.10206
taa.3935
ppx.1096
hyn.3981
scs.2834
spe.18081
sct.13787
cln.2181
tas.6233
Fsc.23983
ecp.17217
scw.13496
scs.9045
sct.14594
spe.30183
ppx.5843
ppx.24748
hyd.3993
scs.11335
gys.9216
fsc.7249
hyd.1565
msl.27740
Fsc.15547
hyn.5349
ecp.3078
cln.5978
spe.31531
spe.28924
dpy.15710
spe.3782
spe.23671
scj.11353
spe.5488
spe.10981
tae.1881
scs.19489
cln.10807
ecg.9098
Fsc.7141
msl.548
fsc.773
spe.23894
tas.8373
ppx.35719
spe.3038
spe.18910
spe.21488
tae.8360
opv.8455
ppx.17567
Ecg.4960
sct.18219
gys.14003
sct.13049
spe.34306
scw.1268
opv.11016
scw.21898
hyd.6206
scc.13344
scr.22452
smm.1065
trc.20111
ppx.18813
spe.21958
tae.10219
spe.31527
gys.9456
hyd.6080
trc.12419
tas.7099
tae.8400
hyn.2952
spe.23137
ecm.9625
dpy.4483
scr.4989
scr.20253
sch.2220
spe.17484
ecd.7869
tas.13069
ecd.10547
spe.26148
scc.20562
tae.2530
spe.25226
ecd.3476
scr.9902
htf.6152
tas.6727
spe.31196
spe.6773
sct.10945
ecd.8842
