

gys.2683
spe.17421
opv.7345
ppx.36346
Fsc.22006
scr.10101
spe.27247
Fsc.31009
sct.6652
Fsc.11595
spe.16984
sct.10297
Fsc.26055
scw.2273
Fsc.26891
sct.17546
Taa.5594
scr.8076
scc.1006
Fsc.24404
scs.19712
trc.20119
Fsc.32007
Fsc.16339
spe.25183
scr.1881
scw.16039
ecd.1713
Fsc.12234
trc.21838
Ecg.8680
Fsc.30564
dpy.16537
scr.22464
dpy.12235
opv.7713
trc.21245
Fsc.26157
opv.2190
ppx.3393
scw.10117
sct.17188
scc.5917
scc.18202
trc.134
ecd.2969
Taa.5101
Fsc.6546
sct.19570
opv.6280
opv.2027
scr.3138
cln.7507
opv.6906
msl.58326
scw.669
scm.7109
Fsc.18595
Ecg.8118
msl.55097
msl.41374
scw.5233
scw.5236
hyd.11026
Ecg.2607
ecm.84
taa.13291
taa.306
gys.11874
ppx.20417
spe.2643
tae.5668
gys.13396
Taa.6383
scm.5606
spe.34042
ppx.6095
msl.19217
scw.16133
gys.5869
msc.9214
msl.1307
spe.37394
Taa.2563
Fsc.14840
cln.1618
taa.8565
cln.3762
scr.6540
taa.7997
opv.14147
msl.40140
scm.67
hyn.8900
dpy.2914
sct.5368
tas.9395
spe.25483
msl.34960
tas.12614
taa.7591
scs.3466
taa.966
msl.37223
scr.13123
dpy.13357
msl.24081
opv.14700
sct.4866
spe.20000
htf.3393
ecp.3453
msl.31761
Fsc.22852
scs.4315
tae.9475
msl.10227
scm.1882
msl.49986
Ecg.1912
msl.57207
ppx.9626
msl.16877
msc.2711
scs.8320
dpy.15109
tae.5844
msl.46899
ecp.14136
ecg.3087
msl.59482
scc.21535
msl.27767
hym.8350
msl.32920
cln.9254
dpy.4638
ppx.56
hyd.8951
scr.10279
scm.2784
scs.17701
spe.14656
msl.54336
scj.886
scm.5507
gys.13992
htf.2489
hyn.3227
tae.5266
msl.43191
sch.8359
Fsc.25021
msl.58794
htf.4472
msl.53830
ecp.3667
htf.3199
fsc.10669
spe.13811
msl.5024
msl.45141
spe.12366
ecp.9371
scj.10816
msc.8780
ppx.18049
tas.5613
ecm.8800
hyd.1363
tae.5693
ppx.18538
scm.8163
tae.1903
Fsc.27455
msl.60479
msc.6309
ppx.23029
dpy.10201
scc.11399
msc.3553
hyn.42
msc.2467
tas.10616
sch.744
spe.18659
msl.3784
spe.12959
taa.636
ecm.7745
hyd.4718
sct.19071
msl.17206
scm.8978
ecm.408
opv.8372
dpy.6149
msl.11139
msl.30739
ecg.3028
scr.10829
ecp.11718
ecp.4017
scr.24036
scj.4346
scj.11158
ecm.10082
hym.7335
trc.13787
hyd.1250
ecm.4283
tae.12091
scj.3073
scj.1293
msl.29740
dpy.5432
fsc.13678
ecp.3633
taa.5810
scs.4964
ecm.6885
spe.38445
tas.3156
ppx.23922
tae.9114
cln.7996
tae.5594
trc.8935
ppx.7851
scs.627
ecm.8858
scr.13856
trc.10542
msl.1294
ppx.30864
ecd.1459
ecm.304
scc.10501
scw.18831
msl.18403
fsc.11835
taa.11172
msl.30562
scm.11594
scm.3224
msc.5165
msl.47937
fsc.14724
ecm.6757
scw.25518
dpy.10667
dpy.8494
scr.23876
htf.2752
spe.26510
Taa.5933
ppx.3122
Taa.9123
opv.5494
tae.4629
scm.4498
msl.42592
cln.703
scc.16832
Taa.4560
scc.21755
msl.11024
ecp.8651
spe.17706
Fsc.15496
msl.2894
spe.31825
Fsc.1655
tae.10979
msl.21899
scw.19819
ecd.5464
dpy.14143
tae.10099
ecg.8813
msl.33844
ecg.1806
scc.16419
scr.4215
fsc.13945
Fsc.16212
msc.9562
msl.43339
ecg.5151
cln.1513
spe.37743
ppx.31406
tas.6563
sch.13021
spe.20123
scr.17937
tas.7983
ecp.7563
msc.6458
scc.9470
ppx.11233
hym.4825
hym.2238
msl.46516
opv.60
msl.36338
Fsc.17945
htf.3375
tae.10638
dpy.14849
hyd.7960
sct.722
msl.13978
hyn.10409
spe.14439
sch.3405
ecm.271
scj.10925
hyd.7611
msl.39327
scj.8942
scc.23458
scs.2772
spe.6138
ecp.5856
cln.5803
opv.10401
dpy.5965
Ecg.789
scw.13991
Ecg.5973
taa.8254
opv.14795
ecd.10669
sct.22100
ecm.6044
scc.14280
ecp.10351
msl.51797
scm.9632
ecp.6447
ecd.376
msl.21366
msl.18619
sch.1502
scs.456
msl.59171
opv.15738
sct.11210
msl.18796
scs.8042
scr.4567
msl.22845
trc.11825
Taa.9383
msl.34137
sct.10784
Taa.797
hyn.1074
scj.722
ppx.25329
ecp.12192
cln.7732
msl.20283
sch.10323
scw.19382
Taa.7094
sct.6373
scs.17844
scs.8026
smm.3598
msl.46447
ppx.13808
Fsc.10549
Fsc.19005
taa.2803
ppx.22951
Ecg.10225
scr.14488
trc.615
msc.9508
ppx.29964
sch.2775
fsc.10706
hym.12072
htf.7484
ecd.1183
ppx.4987
spe.20585
scc.4213
Fsc.10022
ecp.14527
msl.23573
opv.8183
tas.627
msl.49616
scs.8989
fsc.15362
sch.9898
hym.8185
ecp.15485
hyn.10547
Fsc.7155
tas.5466
scr.5894
scw.1865
ecd.573
ecd.7598
msl.58276
cln.1045
dpy.4831
hyn.11068
scs.4801
opv.15833
fsc.13084
fsc.11851
Taa.4562
Fsc.10730
ppx.34138
cln.1439
opv.13112
tas.2657
smm.444
fsc.6687
taa.1835
msl.34871
Fsc.18775
trc.8649
msl.4029
fsc.5871
msl.763
msc.8269
hyd.272
ppx.20800
htf.3178
msl.30851
taa.11072
msl.12683
scj.3179
msl.29845
trc.20868
hyd.5437
tae.5472
Ecg.4889
ppx.22807
Fsc.486
ecm.7105
ecp.3247
sct.15729
msl.54575
msl.36767
msl.58533
msl.986
htf.7908
dpy.11246
opv.10702
msl.9345
Ecg.488
Ecg.8999
scw.2730
msl.29673
msl.24573
ecp.11091
fsc.4465
dpy.9477
ecd.539
hyn.4029
opv.10328
scm.4002
scw.3862
dpy.4066
gys.3959
tas.5967
Ecg.1794
ppx.34291
msl.44014
sch.8218
taa.6958
spe.5477
scs.12039
cln.13102
cln.2768
ecd.4178
ecg.1063
msl.11681
msl.41341
ppx.13469
spe.8671
msl.40564
msl.38538
opv.3120
ecg.3298
cln.1889
msl.2557
msc.1152
msl.10298
sct.12829
msl.36855
scw.3139
ppx.14462
fsc.4745
ecp.3211
cln.11536
tas.11467
tae.6566
ecd.10126
hyd.4393
scs.4631
scm.8953
msc.400
scs.33
Ecg.10170
msl.35671
ecp.8764
msl.55139
sct.228
scs.14414
Taa.6501
ecd.6197
htf.328
scj.4320
spe.12020
msl.274
sch.11818
spe.1749
hyd.1238
spe.25078
msl.52478
ppx.20243
scr.21331
msl.54734
taa.9290
sct.5299
tae.11486
msl.30986
msl.35273
ecm.6794
msl.52293
fsc.5999
opv.15772
scs.14096
Fsc.426
Fsc.14541
msl.51469
hym.2696
scm.9185
scc.9992
Taa.6354
scc.7781
fsc.1939
sch.11929
dpy.15812
msl.36209
msl.15319
msc.6371
ppx.24503
spe.9184
smm.408
scc.6000
sct.18596
scm.8501
opv.4429
hyd.8031
msl.55497
opv.13613
msl.19939
scw.7044
spe.36592
ppx.4723
sch.5000
hyn.687
sch.6034
opv.8307
tae.5927
ppx.17807
tas.6112
hyn.10602
sct.9813
htf.3988
dpy.13303
fsc.2815
scr.3967
sct.7732
scs.14250
msl.11759
scr.16253
htf.11073
scc.21560
scs.10594
fsc.13909
scc.18691
ecp.11075
ppx.35361
msl.46407
msc.6654
tae.1460
tae.10011
hym.10400
fsc.7257
hyd.11186
ppx.16215
opv.8234
tae.4732
scj.10933
trc.10193
Ecg.3365
dpy.6115
hyd.191
ecp.15199
hym.11772
ecp.1626
taa.4918
tas.10580
scs.9113
sct.1757
Fsc.19044
scr.6738
scr.22837
hym.11718
tas.10307
ecm.10115
htf.6396
tae.11470
ecp.10954
msl.5423
gys.14197
scm.500
scw.4639
scj.11547
msl.14644
Taa.5228
scw.20212
taa.11509
msl.56033
msl.45178
opv.15743
scr.23901
ecd.4640
scr.16194
msl.22424
ecg.7690
sch.3490
dpy.2425
gys.9131
sch.11533
cln.2200
ecm.9421
msl.25916
msl.52104
scm.3306
smm.3639
opv.11908
Ecg.2170
tas.1511
sct.3744
cln.11469
ppx.11882
ecm.1285
ppx.35824
spe.37411
opv.15813
msl.41580
tas.11479
fsc.13901
trc.13233
scm.7402
htf.8221
Taa.7925
scr.17023
msl.8660
Taa.2608
scw.10066
ecp.8753
ppx.29424
Fsc.15592
ppx.30681
ecd.117
scw.23211
ppx.29323
scr.19677
hyn.5544
htf.8685
scj.5350
scs.5456
dpy.6691
scs.8223
spe.9534
tae.11203
msl.35323
dpy.17285
taa.8864
hym.7754
trc.17053
Taa.4768
gys.3999
hyd.4098
trc.3560
scs.109
taa.12142
msl.32806
Ecg.9116
scr.3669
ecp.6752
hyn.13166
opv.4645
scc.16667
msc.1526
msc.3387
trc.1847
dpy.10569
Fsc.27471
taa.9744
trc.1907
scs.9653
scw.4107
sct.13608
dpy.797
ecm.4266
ecp.14779
ppx.6065
gys.2109
scr.8339
dpy.5233
ecd.5544
msl.35282
msl.26146
hym.9487
sct.5327
Ecg.149
msl.16536
tae.12284
cln.10520
tas.12149
spe.11797
ecd.6295
scc.14838
ppx.27498
htf.6782
hyd.8309
spe.5967
ecg.6456
ppx.20473
scr.7441
Fsc.19443
Fsc.16991
tae.8322
Fsc.1666
trc.13109
ecp.11649
msl.1026
msl.7684
ppx.18151
gys.14958
gys.6312
msl.16833
msc.4343
scr.19038
fsc.13380
spe.243
scs.18262
ecp.10595
hyn.11092
ecp.1197
Ecg.8225
hyn.735
msl.1727
sch.10993
opv.6273
ppx.4156
spe.2234
scc.22824
sct.4641
taa.293
scj.6554
msl.9325
scw.18426
opv.2264
msl.47696
scj.9952
tas.1313
Fsc.19125
scj.1819
ppx.8890
fsc.15254
msc.663
hyd.310
tae.609
scj.3765
htf.11141
scw.2339
dpy.185
scj.3210
scw.23793
trc.13462
msl.32862
msl.54783
msl.50924
scj.4617
ppx.17718
opv.12838
scr.7122
hym.3641
msl.34678
sch.12446
trc.15213
taa.3999
htf.1291
ecd.6083
ecm.7327
Ecg.5146
scj.11067
hyn.452
msl.41714
hyn.11411
scj.9478
sch.4115
scr.7779
spe.37002
spe.1404
hym.207
dpy.4098
ecd.4725
Ecg.4873
msc.7965
opv.4160
hyn.2498
opv.14392
ppx.7221
taa.8094
scw.22077
scs.19245
scr.1381
trc.5760
ecd.102
spe.723
scw.9715
tas.6638
htf.3041
tas.10349
Taa.6917
scs.11005
Taa.4017
taa.4849
fsc.5345
Ecg.7313
ecm.1352
ecm.5414
msl.2232
ecd.1913
hyn.9036
scr.11971
ecd.8182
fsc.66
gys.8666
scw.8203
sch.3060
ecp.9545
scr.17045
ecd.6897
ppx.2732
tas.12295
Fsc.14095
trc.1835
cln.9894
spe.33759
tae.12062
ecm.8330
trc.18526
tas.5097
msl.51881
dpy.17753
cln.6570
msl.57937
trc.13857
trc.1250
ppx.29717
scw.17403
taa.6692
Taa.4891
scs.7613
opv.4095
spe.33097
ppx.5899
msl.36781
msl.19425
trc.2815
ecg.4271
hym.6423
ppx.28206
msl.27208
msl.3703
scj.4675
gys.9778
ecg.104
msl.24706
spe.31947
sct.4835
scr.20261
ecg.8452
trc.21592
msl.49851
opv.1330
hyn.12050
msl.20101
ppx.24672
fsc.7238
scr.21305
tas.11641
ecm.5440
hym.7711
spe.13058
scw.1606
ppx.36897
scw.23302
hyd.6340
tas.8127
spe.29518
gys.5097
ecp.5578
ppx.28573
Ecg.8284
scs.1564
scc.14331
htf.9389
opv.622
ecp.12146
hyd.9776
taa.9244
dpy.15811
opv.5520
sch.8434
ppx.6586
tae.6899
scj.7923
sct.21434
trc.16566
spe.22645
hyn.3962
gys.14875
opv.883
ppx.31530
gys.13756
tas.5408
scc.3294
ppx.35288
htf.9487
trc.1393
sct.13171
msc.3328
tas.10477
msl.65
ecd.3747
msl.14838
msl.28982
hyd.6027
sch.12114
sch.12468
htf.6014
tas.8324
spe.36193
ppx.21035
scw.25657
hyn.7418
dpy.15258
spe.4779
ecg.3846
Ecg.9902
ppx.17598
dpy.13106
ecm.92
Ecg.5199
scr.4436
sct.5121
spe.11175
spe.10969
taa.7572
spe.35455
trc.2375
tas.8903
scs.17089
ppx.15121
tae.4236
taa.3236
spe.14805
scs.8613
ppx.20824
spe.20457
fsc.4924
scc.3996
scc.18077
Ecg.4374
tas.7155
trc.1085
taa.4878
scw.18598
Fsc.32024
ecp.13162
trc.47
scj.10859
opv.2507
ppx.14484
hym.1687
ppx.14163
taa.11440
scj.4450
dpy.7319
ppx.16678
ppx.36394
scm.11150
scr.12133
taa.5850
ppx.35029
cln.8086
gys.11447
scw.16725
scr.15247
Fsc.29006
hyn.13155
sct.2926
trc.11746
spe.31376
Ecg.7080
ppx.29369
hym.10349
ecp.7667
dpy.8442
ppx.14782
scc.23511
sch.2274
hyn.6070
spe.3554
msl.36891
scj.9063
gys.9091
Fsc.12293
ppx.35106
ecp.11197
opv.13
taa.5608
ecm.10412
ppx.18208
ecp.11946
htf.4811
tas.2380
ppx.10261
msl.33960
msl.53602
msc.6500
htf.2146
scr.22400
ecm.2241
ppx.17708
ppx.32753
msc.7911
spe.26880
Fsc.30233
spe.5815
ecp.17295
taa.8951
ppx.14787
Ecg.1728
scw.19518
hym.8904
hyd.1
spe.32186
tae.9243
trc.9311
tas.1954
ppx.21531
ppx.22512
gys.12984
spe.28570
hym.5310
Ecg.6434
ecp.3319
spe.20059
scc.21303
tas.8541
trc.21142
tae.4039
spe.24523
tae.10854
sch.12152
cln.6029
spe.33979
spe.36345
sct.16813
scr.23417
dpy.18806
sct.22411
Fsc.14772
fsc.5017
dpy.2790
ppx.37684
trc.7331
opv.4330
spe.3785
hyd.7351
scr.10275
scj.1552
Fsc.18549
gys.7925
Taa.3512
tae.3252
ppx.34090
ppx.14173
scs.2035
ppx.6343
spe.36106
Fsc.22600
opv.6490
ppx.473
spe.5887
ppx.17260
msl.21282
opv.10413
fsc.13151
taa.12309
scr.23731
ppx.26968
fsc.10121
hym.11519
trc.10742
