

sch.2102
hyn.7264
ecp.12951
msl.35732
Fsc.32161
Fsc.21825
scc.7800
ecp.18231
scw.8906
trc.20252
Fsc.2772
scw.5880
Fsc.10383
sct.21212
scc.12033
Taa.3192
Fsc.23734
scr.16207
sct.6319
Fsc.15691
Fsc.31628
scr.2446
dpy.6845
ecg.3966
sct.8685
scm.11148
ecg.5564
scr.23547
ecp.16998
Fsc.8989
Fsc.12230
Fsc.31102
sct.20603
ppx.6788
Fsc.2709
scj.4266
sct.2731
scc.9776
ppx.31063
scw.6569
scw.867
Fsc.8286
trc.1198
Fsc.7442
scc.21391
scm.11226
Fsc.9147
tae.8273
fsc.879
ecm.5039
scw.20492
scc.7830
Ecg.9155
Fsc.20610
spe.19540
ppx.31663
ppx.3832
msl.57587
msl.43608
dpy.19918
Fsc.30194
ecp.17915
ecp.4241
msc.2985
dpy.3766
msc.6753
ppx.16061
ecd.3390
scs.19636
ecp.6383
tas.13073
scr.4499
scc.10898
msl.11604
scs.20122
spe.1937
Fsc.7501
ppx.32568
msl.7010
msl.4799
tas.979
taa.11141
scm.229
msl.42006
hyn.261
msl.17017
scw.14905
msl.25163
hym.5185
scw.19749
cln.11240
msl.37678
ecm.583
Fsc.1422
spe.24579
spe.7630
msl.9908
scr.14146
fsc.13998
msl.54138
taa.12564
msc.10268
msl.3312
opv.14271
tas.3508
msl.48874
scs.8895
ecm.7670
Fsc.15487
tas.5004
scs.10895
spe.38058
Taa.5092
tas.10557
scc.6627
Ecg.6444
msl.19052
msl.35511
msl.58184
taa.7704
scs.16237
hyn.11393
dpy.9121
ppx.7900
scr.15133
gys.14930
msc.10255
ppx.26031
scc.5583
opv.13000
msl.13154
ppx.19704
opv.3381
msl.58768
ecg.8379
taa.12686
msl.13053
taa.256
scc.9890
ecm.8564
msl.59671
ecp.14417
hym.3463
spe.15075
Taa.2909
msl.24518
sch.5180
scj.5688
scm.8850
cln.11539
msl.21545
Taa.69
scm.9533
ppx.26927
scw.4418
hyd.1887
sch.10677
scc.5147
dpy.14312
sct.7164
scw.20391
Fsc.33300
dpy.227
spe.3089
ppx.3490
scs.16545
cln.6118
trc.21307
msl.34637
scs.7333
msl.50752
ecg.606
ppx.32584
sct.6501
opv.3145
ecg.4774
gys.4669
scs.10790
sct.8498
ecp.2628
scj.9431
msl.23726
scj.11742
ppx.35249
sct.18263
dpy.12402
scj.9570
ecp.488
scm.7456
msl.13455
ecp.16310
msl.59020
ppx.30197
trc.2737
hyn.10638
ecg.5072
scc.685
ecg.9280
hym.9626
tas.6461
ecp.3208
opv.8145
spe.16204
scr.712
msl.53633
tas.795
tae.8768
scc.16488
msc.1342
sct.7359
msl.10999
hyn.10377
msl.59294
ppx.29485
msl.16811
dpy.14773
ppx.28395
scc.19760
taa.3832
opv.15796
hyn.11969
msc.5750
ecg.5185
Ecg.4040
taa.6285
ecd.7105
htf.1268
fsc.14445
scc.4439
taa.1601
ecd.5654
taa.3295
ppx.34634
fsc.4739
spe.11911
opv.2610
ecp.10865
msl.56550
msl.38356
ecm.10129
tas.10321
trc.1122
sct.6216
sch.1169
fsc.11077
cln.12540
msl.52591
ppx.37089
ecp.5026
Ecg.9269
msl.36510
ppx.29315
sct.13746
msl.17459
spe.29958
msl.11293
dpy.7193
ecm.4161
scs.18482
spe.29453
spe.25614
scc.10860
trc.7512
msl.59981
msc.6228
scm.8183
Taa.5986
msl.30414
msl.7575
scw.10849
msl.52970
tas.12555
scr.10846
tas.9682
msc.4027
opv.11264
msl.30281
hym.8015
htf.9695
msl.14038
spe.7864
scs.4999
hyd.3866
cln.9699
ecp.5186
opv.7895
sch.554
htf.5354
hyn.9358
scw.5270
scs.670
opv.6228
htf.337
taa.10570
msl.49797
ecp.5922
trc.18036
sch.6242
ecm.8574
msl.58513
msl.56586
ecg.2522
Taa.1462
msc.1195
ecd.5240
taa.4603
scj.8136
ecd.504
msl.15801
Fsc.6890
scr.1977
spe.37632
dpy.1597
cln.12417
spe.13828
msl.40686
ppx.21586
ecg.3997
htf.1
msl.57280
scs.10074
tae.8751
Taa.9276
msl.30164
Ecg.3009
spe.10166
msl.49740
scr.8613
ecg.3581
scm.4876
msl.52168
ecd.5515
dpy.8422
hyn.9860
scr.10897
msl.49555
trc.6406
taa.6425
Taa.1708
hyd.987
msl.59407
ppx.30590
msl.12056
Fsc.21169
scs.10130
ppx.36420
ecg.575
ppx.33321
msl.44634
scm.8884
ppx.15662
scc.22162
msc.2323
opv.7766
hyn.4492
fsc.2462
scm.7014
dpy.166
tas.9673
msl.33964
taa.35
scj.11145
msl.268
scs.3299
scw.7231
tae.9610
Ecg.2846
gys.7730
spe.25161
msl.45334
Ecg.6131
scw.16560
fsc.3275
ecg.1819
opv.7233
ecd.459
tae.8547
scr.10665
hyn.12959
trc.9266
fsc.851
spe.27739
scj.10083
msl.24039
scj.4077
msl.21056
hym.5643
scs.3311
fsc.7349
tae.11564
gys.2553
hym.4412
scc.21635
msc.6361
ecd.5972
Ecg.3855
msl.15883
msl.52652
scm.3230
msl.34259
fsc.15310
hyn.1720
spe.4314
htf.3747
scs.7027
sch.5208
dpy.5769
tae.11949
opv.204
ecd.7026
dpy.14943
msl.31731
scs.19585
tae.3948
msc.8771
msl.50910
Ecg.3204
msl.44961
Taa.4552
ppx.31702
spe.31971
msl.56413
tae.7101
Ecg.8469
ecp.3477
msl.59832
opv.2414
hyn.8130
scr.7548
tas.1643
ecp.11843
ppx.4471
msl.35535
msl.27183
taa.3200
msl.43383
scs.5546
tae.4821
trc.17980
hyn.7895
msl.38455
Fsc.19721
dpy.16590
opv.15262
ecd.3947
ecd.6812
scs.8777
scm.8297
sct.10720
taa.11789
gys.948
ppx.31692
Fsc.20583
fsc.12376
ecd.8262
scc.20709
spe.34996
scm.9764
cln.7074
ecm.9793
scj.12580
htf.10367
msl.19138
Fsc.1174
msl.32899
scw.22721
ecm.7344
Ecg.9888
hyn.10883
tas.3399
spe.7825
msl.12130
msl.31786
msl.58361
scj.8508
scm.5765
Taa.5681
msl.44156
msl.28170
taa.5869
ecd.10370
ecm.2203
msl.6755
scs.6084
scw.18067
scr.6176
ecm.4505
Taa.5453
ecg.4505
cln.7619
scs.12916
msc.6278
msl.51788
msl.36892
Fsc.1714
scr.9813
scj.10686
msc.7649
tas.9299
Taa.1265
ppx.13978
msl.21609
ecg.8954
Ecg.929
ecd.7622
scw.11645
ecg.4244
msl.30085
opv.8352
tas.8245
msl.39292
opv.4843
taa.6850
msl.55758
scc.23102
gys.5792
hym.2965
tas.2849
ecm.8531
scj.11135
ppx.30716
msc.7246
Fsc.15174
tae.8999
hyd.6540
sch.6167
scj.4594
hyn.10355
msl.58102
scc.1619
tae.698
hym.10018
ecg.5203
msl.47228
scj.1608
msl.3822
ecd.6541
scw.11693
msl.41563
ecd.10420
opv.12359
tae.5769
ecd.1195
spe.33201
scc.3347
msl.23883
msl.51948
msl.212
msl.31992
ecg.10078
msl.27355
scs.8524
trc.2237
ppx.27853
cln.4916
opv.12069
sch.13
tas.9561
scj.5602
sct.10295
ppx.7508
ppx.12588
ecd.7082
dpy.10606
trc.15808
scw.20434
msl.140
ppx.32873
hyn.11058
scj.531
msl.35430
cln.2669
trc.6771
msl.3365
scc.6362
scj.6650
cln.1402
msl.26392
ppx.37398
hyn.5054
ecp.6055
opv.11326
scr.21158
scs.13901
Taa.1373
tas.6379
Taa.7678
msl.47821
taa.4785
sch.6836
ppx.32664
ppx.3941
ppx.28969
ecg.8838
msl.59477
hym.4219
ecp.12224
msl.31431
scr.9350
hyn.7200
msl.2166
scw.10175
msc.6357
msl.32241
scs.16653
hyd.8201
dpy.17749
msl.39279
msl.41251
msl.60318
spe.34026
sch.8611
tae.4075
opv.12730
cln.9586
ppx.3827
scs.9099
scs.3206
Taa.7024
trc.5911
hyd.806
hym.11044
cln.4213
spe.29892
scr.8537
trc.5895
ppx.20756
msl.42170
scs.16917
scj.4373
cln.3879
spe.13388
ecp.5151
dpy.1608
cln.9616
ecg.9127
msl.59180
msl.1784
taa.515
sct.10105
taa.13308
dpy.916
msc.8692
ecm.6742
ppx.17681
ecd.9324
trc.9058
sch.10568
sct.3022
cln.5623
sct.11654
scs.594
msc.4019
hyd.8560
scj.11236
hym.8063
ppx.17045
taa.10992
scj.3135
scc.493
msl.54055
scw.20453
fsc.3323
hym.8972
ppx.20066
Ecg.3591
ecm.3265
scr.10732
ecp.15168
msl.49034
msl.22519
dpy.11737
hyd.3093
msl.43737
msl.19266
Fsc.1994
opv.11876
msc.9266
msl.24
spe.4944
cln.13358
msl.21481
scw.17646
scj.11089
sct.22274
sct.17729
ppx.11637
hyn.10325
msl.31607
scm.5974
msl.56391
sch.611
hyd.4124
scr.11518
Ecg.7595
scs.1981
scs.9526
scr.18088
dpy.4968
trc.11430
msl.52361
taa.5024
sch.317
scs.18538
Fsc.15565
msl.916
opv.5049
trc.19618
opv.13267
hym.9152
scr.10253
spe.29299
dpy.13977
taa.6723
gys.740
sct.4249
msl.39784
ecg.2801
hyn.10977
sct.15530
scj.9042
msl.40104
fsc.14221
msl.46990
spe.12528
ecm.3544
ppx.33312
ecg.1181
hyn.12985
opv.1778
ppx.33885
scw.23264
ecg.7021
ppx.37747
opv.10819
scs.10547
tas.5365
scc.7748
taa.9429
dpy.3867
msl.60236
trc.6318
sct.3605
scw.15794
sct.21833
opv.11968
msl.8921
Fsc.9900
msl.16767
scm.10960
Fsc.29280
scs.13713
taa.8401
tas.1052
scm.8825
scr.18280
spe.27104
trc.992
msl.14339
ecp.6875
Taa.5588
sct.19353
scs.11787
msl.3989
trc.1441
ecp.12097
spe.16065
sct.15898
msl.8305
tae.3339
msc.209
tae.2473
scr.19611
sct.18665
ppx.25675
msl.35068
hyn.6706
hyd.293
sct.14788
Taa.7020
Fsc.29424
cln.12564
msc.8581
hyn.7320
scs.189
fsc.13156
ecm.5117
msl.3284
Fsc.1834
fsc.3995
Ecg.3572
fsc.13055
taa.1530
msl.54789
tas.12885
dpy.17783
gys.2451
hym.9544
msl.40266
msl.12584
scs.9774
msl.41329
tae.4898
scm.10752
Fsc.2300
hyd.8991
dpy.10869
hyd.8766
scr.15499
hyd.220
dpy.10730
scc.16180
msl.44813
spe.18695
taa.2887
msl.43432
ecg.7413
msl.54044
ppx.4789
tae.7552
Ecg.125
ppx.35743
dpy.18375
ecm.2182
sch.9307
spe.11739
fsc.1233
msl.36733
scj.9317
scs.10380
ppx.33780
msl.33521
opv.3216
sch.9743
msl.20278
msl.42227
sch.6975
ppx.13102
opv.10679
scc.9303
scm.7286
trc.10238
scm.10908
tas.8864
tae.7746
scr.5201
tas.8516
ppx.20188
ecg.3693
scc.21351
hyd.8153
ecd.1077
scw.26126
scr.23940
ecd.8685
dpy.482
msl.23510
spe.8690
Ecg.517
hym.4562
scs.19294
scs.2098
msc.2883
hyd.10599
hyn.2659
msl.57015
ecp.7849
msl.19717
ppx.20315
ppx.19527
tae.3785
scr.2884
msl.18349
Ecg.8038
scc.16315
msl.24261
Fsc.31302
trc.4334
spe.29815
scw.11304
ecd.834
hyn.3356
msl.15235
ecp.3154
scc.18576
opv.6181
opv.10513
msl.55231
tas.10911
scs.5814
ecm.8206
ecp.3362
fsc.4865
sct.2295
gys.961
scw.1577
gys.7278
scj.5291
scc.20505
tae.8587
gys.14450
ecm.4873
tae.7823
msl.48689
sch.1779
scj.8364
msl.24433
msl.3134
ecg.7807
spe.1465
msc.7141
ecg.8402
tas.6127
msl.19433
scj.7229
opv.2368
ecp.18167
scs.19457
trc.13891
tae.7282
spe.4034
spe.1293
scw.9695
ppx.12696
fsc.2486
ppx.13816
msc.9371
ecp.17966
scw.6364
ppx.24069
ecg.8344
msc.6022
ppx.4227
spe.16872
ppx.29492
hyd.260
msl.28149
sch.6038
ppx.23097
scw.13028
scs.19672
spe.16933
ppx.10762
ppx.15378
scw.13512
spe.3302
trc.6490
sch.12182
msl.15778
tas.9012
scr.12478
Fsc.15989
sch.3237
scs.5379
scj.6589
msc.3161
smm.3282
msc.4376
fsc.3552
ecm.1687
gys.13530
dpy.2547
ppx.9362
ecd.2209
hyd.10913
scs.2554
dpy.11069
trc.12664
trc.12539
ppx.10914
ppx.17902
ppx.37006
ppx.7945
ppx.17038
scc.22453
msl.3329
ecp.15862
ecm.7667
hyd.10076
scs.19686
msl.21754
sct.4525
Fsc.12353
spe.31748
sct.15505
sct.19250
ppx.15310
sch.11883
ppx.36810
spe.20680
hyn.6600
scr.10551
htf.5165
msl.10392
opv.6250
ppx.8631
spe.29928
spe.32573
scc.999
ecg.390
dpy.530
scr.10502
scr.2860
hym.8183
Taa.9048
htf.9477
sct.8014
opv.7298
msc.3929
ppx.13315
hyd.6045
tas.11109
Taa.2223
hyd.7417
msl.7563
trc.10691
spe.2232
trc.1108
msl.52542
ecm.2205
ecd.2935
hym.9859
trc.18557
scr.6456
ppx.12426
ecd.8513
msl.28410
tas.8767
hyn.11292
spe.37616
scr.8319
dpy.18237
ecg.1493
ecp.16145
scc.11330
spe.4238
ecm.10636
trc.6747
hyd.6242
dpy.13594
msc.7039
msl.27608
ppx.9376
scr.6307
spe.25392
spe.35627
scs.8842
sch.2418
spe.32106
fsc.7214
spe.18338
scc.3831
scm.1413
scr.998
msl.39781
sct.3577
tas.9651
ecd.4611
msc.10345
ppx.5240
ppx.1883
msl.58957
ecp.7841
scs.3798
hym.11928
msl.22748
trc.13620
ppx.33962
scc.659
spe.15569
scc.15426
hyn.2341
opv.3970
Fsc.12774
spe.28967
scs.5500
spe.33146
ppx.26614
ppx.14317
spe.17711
Ecg.6028
ecd.10088
hym.12108
spe.23678
trc.6228
ecd.5160
ppx.33956
ecd.8349
scs.629
ppx.30102
tae.9134
Ecg.3295
Taa.5502
Fsc.32737
msl.13903
hyn.12408
sch.1278
scs.1896
opv.14164
trc.20297
spe.29590
scw.18917
spe.18607
ppx.1752
scs.17165
ecp.11569
msc.1944
scc.23365
ecm.1865
gys.8667
smm.574
msl.12722
dpy.19886
dpy.12028
Fsc.12004
msc.8934
scw.10074
ppx.36641
hym.7583
ecd.8832
