

ecd.9822
spe.9125
msl.50083
msc.5727
Fsc.13301
Fsc.14220
spe.16874
Fsc.21858
ppx.28929
Fsc.5341
Fsc.15857
Fsc.8903
spe.24714
scr.10836
dpy.19100
Fsc.6566
scw.22708
tae.3431
sct.15209
trc.16890
dpy.17890
trc.21732
spe.3055
sct.2569
Fsc.14544
spe.3097
Fsc.11772
sct.15603
trc.15879
sct.19304
trc.18675
Fsc.4218
Taa.2443
gys.9086
sct.1325
scw.14271
msl.19709
scc.19166
dpy.12724
ppx.14748
scc.12491
scr.11262
Fsc.26996
scc.12321
scr.4068
spe.23207
Fsc.15319
sct.3968
ppx.17539
Taa.4643
scr.6613
Fsc.22696
scc.8411
dpy.7503
scw.18380
scc.1914
dpy.74
hym.943
scr.5283
smm.906
Fsc.19880
hyd.6603
sct.4200
ecp.7440
scw.24642
ecp.15030
scw.23375
htf.9423
dpy.1931
ecm.8868
scw.1361
spe.16428
ppx.3494
taa.12048
msc.9972
scr.5347
scs.7352
sct.1771
ecm.7496
ecm.9264
msl.59607
msl.52735
trc.4519
cln.5071
opv.13389
scc.1710
msl.32021
hyn.11215
tae.9917
msl.9766
scr.11648
hym.7126
fsc.14266
msl.30901
msc.416
sct.12935
Fsc.17319
msl.12168
Fsc.21259
msl.58312
msc.8236
msl.6868
sch.7998
ecp.779
scs.19848
opv.8095
scm.5013
msl.35135
msl.45524
ecg.2492
ppx.12124
ppx.33585
sct.18498
ecd.7365
ecg.5471
spe.16341
tas.4474
msc.5343
hym.2569
hyn.11403
msl.28647
hyn.2265
msl.3160
ecp.3697
ppx.28754
taa.1277
tae.6394
hym.6790
msl.6913
Taa.7559
hyn.13604
taa.1331
scr.11406
msl.40301
htf.7565
msl.30741
Fsc.4301
ecd.2913
Ecg.748
taa.9829
ppx.18355
cln.3186
sch.1782
hyd.7526
sch.10406
spe.28598
gys.15132
spe.27878
scc.10444
ecm.18
scw.6977
htf.8394
ecd.512
scr.8561
taa.12084
fsc.6903
msl.11953
Taa.4703
ppx.17380
Fsc.6127
gys.3716
ecm.314
scr.18362
spe.31702
dpy.2995
trc.2361
scs.11033
msl.33601
ppx.24907
scm.7819
dpy.928
htf.4958
ecp.4677
scw.15893
scm.4846
msl.23953
scc.6279
ppx.21897
ecp.4359
sct.13664
msl.17792
ppx.31399
dpy.8188
Fsc.7197
Fsc.24380
scr.12507
ppx.24251
msl.12068
tae.3691
msc.8881
scc.18315
msl.19435
fsc.5198
msl.33196
trc.12708
ppx.28213
hyn.7823
tas.1660
opv.2088
scw.4930
tae.5037
ecd.7988
spe.5943
scw.2045
ppx.8678
scs.19365
htf.6476
msl.6679
ecp.18064
sch.4906
ecp.2694
msl.20175
tas.1593
Taa.6296
ecg.8633
hyd.7905
opv.10393
msc.10449
msl.5501
dpy.9729
Ecg.2705
sch.6397
hyn.657
Fsc.9522
ecp.813
spe.29714
scw.3714
Fsc.1563
msc.1855
trc.4099
msl.32501
gys.4246
ecm.9333
ecg.6202
tas.6169
scs.7349
msc.4677
opv.13214
scc.18731
tas.6963
scj.1912
dpy.13903
msl.60154
msl.3676
hyn.14
scm.2578
ecp.3521
sct.3472
ecd.7243
scj.10442
scs.12498
ecg.5884
tae.11418
scm.11729
sch.9007
msl.54586
fsc.13355
msl.45121
scs.4461
opv.6798
ecm.656
scm.119
msl.10497
ecg.6950
msl.44974
scs.19054
tas.3514
tas.8695
opv.4972
Taa.3773
scs.10298
htf.7646
scc.20541
scs.7470
msl.47809
Ecg.2122
msc.6056
ecg.1344
msl.47738
Ecg.8087
hyd.5580
spe.3812
spe.31472
scm.2884
scs.5023
fsc.13187
hyd.695
scs.3507
sch.4620
scw.1162
trc.13272
ppx.12948
ecd.3182
taa.4483
msl.44315
fsc.11310
gys.1599
trc.3962
Ecg.7753
sct.7782
msl.33998
spe.11189
msl.59647
scs.8924
scc.14252
scs.16360
spe.15816
ecd.4591
msl.7840
fsc.11021
hyn.3337
scc.12352
taa.165
hyd.7793
sch.1297
Fsc.7481
hyd.4112
opv.8403
taa.11975
ecg.4429
Taa.1990
scs.6442
hyd.8487
scr.1250
spe.10441
htf.1639
hym.5860
dpy.2409
spe.18314
msl.34626
tae.10882
ppx.22211
hyn.9515
fsc.6359
spe.26142
htf.7048
msl.29450
msl.34957
msc.4301
ecg.2218
spe.29112
tas.10601
fsc.15433
scj.11778
tas.325
hyd.10247
sch.4102
Taa.4164
htf.5088
msl.3206
ecd.7097
scj.4718
ecm.2630
opv.9436
msl.9994
msl.38570
ecp.15932
ecp.9029
taa.5972
sch.8722
msl.13014
ppx.34864
spe.13434
cln.5770
sch.6305
msl.6641
Fsc.2388
taa.6156
sch.9605
msl.23604
ecp.10386
sct.22229
opv.4363
Ecg.8643
hyd.1188
ecm.8106
scw.23729
dpy.1526
dpy.18037
sch.2120
hym.4764
ecd.1028
msl.39379
msc.59
scw.14858
msl.18056
tas.2970
htf.7542
scw.1233
scm.6509
hyn.3646
scj.5230
trc.1984
spe.11732
scs.10498
taa.4605
scj.12450
ppx.8929
scs.18922
msl.59359
fsc.6203
msl.48047
sct.7820
ppx.4291
taa.6668
htf.8547
msl.7756
hyd.11143
ppx.1041
msl.27696
scc.11197
ecm.2690
taa.5314
ecg.8868
htf.8582
ecp.8453
msl.29929
taa.5016
ecp.2195
cln.718
taa.11736
scr.3141
ecd.2744
trc.19028
ecg.4763
scr.17881
ecp.9912
ppx.1207
ppx.24723
cln.13581
ecg.5413
scc.9380
Fsc.32596
hym.7223
msl.39973
spe.1198
msl.36455
msc.3613
ppx.13904
scw.4028
Fsc.25173
hyn.9687
cln.6777
fsc.6812
ecp.3732
msl.37333
scw.4803
htf.3475
sch.9335
scr.3827
sct.7614
hyn.8362
gys.1587
tas.7997
scw.16527
hym.11622
msl.27336
spe.13320
msl.1357
hyn.9880
Fsc.1038
msl.58056
Taa.8752
hym.11075
msc.4256
ppx.29793
Taa.7176
msl.22619
scm.9756
tae.9809
msl.46907
sct.20188
Taa.9675
ecp.2284
msl.19818
msl.32475
msl.30697
hyd.4825
spe.39493
spe.34725
opv.5162
htf.6558
ecg.188
ppx.9424
trc.15810
scm.9233
dpy.13878
Fsc.9966
cln.7189
scs.15918
msl.18238
msc.2952
fsc.11149
msl.34962
msc.3578
cln.2473
msl.1525
ppx.11878
hyd.1123
Taa.8658
msc.7645
ppx.15021
ecg.1261
gys.4877
fsc.161
ecg.8959
scj.10728
dpy.8552
msc.7945
Taa.5517
ecd.9903
Ecg.9823
ecm.757
ecp.5488
tae.9269
Fsc.731
scr.8883
msl.53750
ppx.19593
scs.2064
msl.28886
scm.6999
msl.54303
ppx.1265
taa.1654
msl.11532
cln.6373
msl.59560
sch.1196
sch.7109
scr.4320
scm.343
spe.10541
msl.53844
scw.15306
Ecg.4729
scr.19195
msl.3044
taa.11931
scc.7113
scs.5192
msl.33149
fsc.10718
scr.16138
msl.2306
msl.37805
hym.11725
trc.15112
scc.5559
ecg.4832
scs.8819
msl.33596
scs.6802
hyd.1303
msl.59894
msl.19774
Ecg.4897
ppx.11712
scs.9652
msl.23067
ecp.15491
ppx.11824
scj.6967
scc.9280
msl.21327
hym.10218
opv.11656
opv.4280
ecg.2998
gys.7942
scw.24343
spe.34620
hyd.7829
taa.10589
scr.582
hyd.6335
sch.8278
opv.7493
spe.5747
ppx.22321
sch.1568
msl.43645
scr.22758
ecp.6059
ppx.20462
cln.10935
gys.1487
opv.14727
Ecg.6995
dpy.8608
msc.2626
Taa.596
ppx.36452
msl.11487
scc.11285
fsc.623
opv.14199
msl.59479
msl.4461
msl.45370
msl.59709
msl.58859
Taa.4228
sct.12737
msl.35754
msl.6106
scw.4291
msl.571
Fsc.803
Fsc.2559
scw.24698
opv.8068
dpy.15514
ppx.31983
opv.5028
msc.5509
sch.11578
taa.4236
trc.4673
msc.2775
taa.8015
Fsc.26202
Ecg.366
msl.55972
ecp.9274
ppx.33508
scs.192
ecm.4991
opv.14128
tas.11953
msl.4237
msl.22358
scm.1285
cln.3873
Ecg.10266
ecg.5717
scw.16585
sch.8367
Fsc.28019
spe.37825
scj.6600
sct.21231
spe.31994
hyd.1441
scj.12434
tas.4208
Fsc.19946
fsc.2310
msl.54509
scc.4565
spe.31878
ecp.8310
ecm.975
hym.642
sch.10016
tae.3427
msl.47701
ppx.13026
scs.6239
scc.4190
scc.12380
ecg.1495
ppx.27683
sch.5295
dpy.9522
trc.5325
sct.3940
trc.1320
msl.37992
htf.9459
taa.12543
trc.155
msl.32580
sch.13071
sct.21462
msl.55741
msl.5678
msc.3001
cln.10708
scw.9725
msl.40937
scc.6554
ecd.5708
scj.2886
ecg.7978
scs.15649
Fsc.18237
msl.56210
hym.1821
ppx.8008
hyn.4065
cln.1149
msc.7683
htf.11215
ppx.3029
sch.8935
ppx.13621
trc.1585
dpy.14336
scj.6167
tas.5272
ecd.5144
ecp.2120
sct.6914
trc.10534
scs.13806
ecm.9300
scr.2473
msc.4649
msl.17877
ppx.17637
sch.8621
msl.2819
htf.7058
htf.637
ppx.21056
scr.4005
msl.22725
ecm.9728
Ecg.1982
Taa.10274
sch.720
sch.9977
Ecg.7100
msl.38194
scm.2027
tas.10774
msl.41401
msc.587
msc.3111
msl.7250
dpy.14387
msl.20419
spe.9244
scm.1185
msl.49085
tae.1034
msl.52152
hyn.6541
scw.16033
scs.10950
hym.10168
Ecg.8837
scr.4796
msl.95
ecd.3348
msc.6557
ecm.7395
tas.12589
msc.1324
gys.12706
Fsc.8935
ppx.3950
msl.22681
ecd.2422
msl.3125
taa.11137
scw.12271
spe.26358
hyd.3850
scr.12129
msl.42010
htf.8681
taa.7559
dpy.4992
msl.4641
ecp.13938
msl.32520
sch.2520
taa.7296
Fsc.1266
msl.346
msl.48420
ecd.6125
scs.19184
Taa.692
tas.8167
Fsc.32852
scw.16420
scc.16227
cln.11697
taa.10874
htf.6617
Fsc.7169
hyn.10901
scr.12598
dpy.11096
ecd.1964
msl.10021
ecg.3668
taa.11397
cln.8970
taa.11707
ppx.18102
sct.20815
scm.10754
scc.13449
tas.1612
trc.16585
opv.7198
taa.5886
scc.5386
msc.2007
scw.25610
taa.1789
Ecg.8450
msl.53648
msl.54982
fsc.1359
dpy.2644
cln.345
taa.1013
fsc.9991
htf.6252
msl.11465
Taa.5100
spe.13183
taa.9704
msl.16415
scw.21541
msc.781
hyd.5407
opv.9919
ecp.3706
ppx.7753
Ecg.3587
dpy.7824
scc.23280
hym.2606
msl.49027
taa.12486
scw.4978
msc.1791
ecm.2308
msl.19271
msl.17629
Taa.2038
msl.26821
msl.6634
scs.3247
hyn.137
scm.10655
msl.24383
msl.19626
msl.51774
ecg.7525
msc.9622
msl.8427
ecd.1523
msc.5055
Taa.1298
Taa.7849
taa.10493
msl.14198
msl.16377
taa.8166
dpy.5640
scr.10122
hyn.2422
fsc.5690
msl.6292
spe.32576
tas.7176
scj.10983
msl.3375
spe.29563
taa.6727
fsc.3002
scs.11316
cln.9511
msl.47043
cln.3012
ecg.9659
msc.3523
msl.1194
msl.18341
Ecg.9343
Taa.2233
msl.8867
msl.49274
Ecg.6506
ecp.15379
sch.4782
scw.20411
spe.26565
tas.4697
ppx.1707
scw.8478
htf.7725
cln.8429
Fsc.12338
scw.25734
opv.4873
fsc.398
ppx.14694
sct.8632
fsc.4756
trc.3237
cln.5714
scw.19763
ppx.32385
sch.1204
Fsc.1617
scm.11554
cln.8320
htf.11623
hym.7087
trc.2294
msl.54704
scc.2579
msl.16820
ecg.7809
msl.38159
tas.8776
msl.9947
hyd.11231
scj.11460
msc.4448
scc.21416
fsc.4180
hyd.8818
spe.27386
Fsc.20012
scw.23871
taa.12103
ppx.2057
tae.10002
ppx.29487
ecp.17380
opv.3986
Fsc.14269
scc.9820
ecm.3097
msl.7112
sch.862
fsc.1222
spe.5518
scw.24243
spe.31008
ppx.36498
gys.5173
scs.17436
msc.3311
taa.4955
scr.1756
sch.7085
taa.6419
gys.14836
tas.690
ecg.3154
spe.19703
scr.21996
smm.799
taa.1314
sch.5626
ppx.30875
ecp.1463
gys.8991
scs.19981
sct.12949
ecm.3060
ecg.1442
scr.1101
ppx.11285
fsc.6645
tas.9543
ecm.9247
cln.12256
hym.7848
ppx.24516
sch.5798
ppx.13915
sct.21798
fsc.12262
Ecg.6066
sct.20619
taa.11994
hyd.3087
gys.11690
msl.53006
dpy.11060
scj.1776
msl.11171
dpy.2134
trc.1269
ecm.10333
scr.22100
spe.3961
scs.2959
sct.20901
Taa.147
tas.3281
scm.10369
ppx.16406
msl.54701
trc.2588
sct.15203
msl.41083
scs.13407
Ecg.6551
trc.4447
sch.3100
dpy.41
gys.5808
ppx.24206
scs.19235
ecg.6709
sct.21346
msl.48139
msl.28851
dpy.13135
tas.1997
gys.10038
spe.24334
trc.21830
ppx.30379
sct.22864
opv.1936
hym.5812
msl.57529
htf.369
ppx.21325
ppx.936
ppx.19834
scr.1100
Ecg.6
trc.12158
taa.3170
opv.12752
msl.8777
scc.5836
hym.9336
dpy.17002
cln.7762
Fsc.11336
scw.24569
scc.19036
scc.2393
trc.13309
msc.4250
ecd.10336
ecp.936
tae.3027
spe.35326
ppx.24974
tas.8107
spe.37198
scs.11477
spe.13319
spe.34381
ppx.35525
ecm.10327
scc.9753
tae.5727
spe.5205
sct.2650
Fsc.31183
ppx.24727
opv.8001
Ecg.1911
msl.25355
ecp.1730
ppx.35704
scs.20055
scs.3220
ecm.2886
dpy.18849
gys.6046
scr.14219
ppx.22364
scw.13897
msc.10579
msl.28
tae.5972
Fsc.28977
ppx.31616
dpy.13992
scr.8316
scr.6526
tae.11675
hyd.8088
taa.10524
spe.32547
fsc.4166
smm.1631
taa.2268
ecm.5996
spe.25820
ecd.7364
ecd.3292
ecp.5946
spe.990
ppx.6967
scr.6003
htf.11584
Fsc.6054
scr.4695
msl.38335
spe.29309
ppx.24556
hym.2879
spe.4380
ppx.33242
opv.2570
spe.32722
tas.2174
ecg.2411
spe.11754
trc.1044
ppx.5547
trc.5179
spe.37359
trc.14088
scw.9427
spe.25165
fsc.5239
scc.23156
cln.6587
scs.9980
sct.15047
ppx.2568
sct.6530
gys.8551
opv.2206
