

cln.3600
trc.11154
ecp.8508
msc.1730
Fsc.17711
Fsc.28824
scr.23904
spe.6220
spe.26945
hyn.6958
ppx.18978
Fsc.15017
spe.2777
scc.448
dpy.19712
Fsc.16738
scr.11936
Fsc.30011
scw.1302
Fsc.29827
scs.17179
Fsc.27711
trc.14979
scr.21533
ppx.8067
Fsc.19464
scc.18814
trc.14092
scw.3053
smm.2014
Fsc.8111
scw.4679
dpy.1702
scj.4075
gys.9941
scw.18571
sct.19711
scw.6403
Fsc.30586
scj.7438
sct.1712
spe.25479
trc.14255
msl.22703
scr.16740
opv.6797
msl.44097
gys.9993
msl.58306
sct.14686
scr.11861
scj.9272
scr.21121
scr.5667
scr.14439
ecp.7056
Fsc.32302
ppx.33320
scc.11378
spe.4140
scj.335
ppx.16227
scm.9323
dpy.17039
gys.1807
ppx.16970
scr.11294
spe.37913
taa.7052
gys.9173
Fsc.8642
spe.6478
ppx.13850
sct.17169
gys.9213
ecg.4966
msl.41276
taa.4972
msl.14922
ecp.3392
msl.48432
hyd.9244
scj.6540
msl.1337
scr.16550
sct.3065
cln.12629
msl.24931
dpy.5513
ppx.16817
msc.5170
hyn.9156
fsc.14710
scj.10459
msl.7737
Taa.3229
scc.16080
ecp.9265
sch.9010
ecm.6829
htf.11274
Fsc.2622
scw.1982
trc.15017
ecd.4661
ecd.7708
tae.8713
Fsc.27571
cln.3448
Fsc.24003
msl.26975
Ecg.3933
tas.11122
ecd.6276
scj.10269
scs.15949
hym.5999
msl.17128
scw.9678
msl.8968
ppx.34177
scw.18908
cln.11444
hym.392
ecp.8875
ecd.10095
tae.1384
opv.2410
scs.17978
ecm.3324
opv.14021
Fsc.9548
scm.3899
msl.6136
gys.1254
hyn.2487
htf.8758
htf.9197
scj.12658
ecm.7566
scw.18609
msl.26317
msl.53726
tas.8005
hym.748
dpy.9201
tae.5760
sch.12988
scm.1976
msl.10342
dpy.12649
scs.1055
tas.3745
msl.39713
msl.10921
msl.38078
scw.4097
scc.13014
Fsc.30845
ecg.9420
Ecg.8112
sch.2238
fsc.13316
opv.14096
trc.12156
scw.8234
ecp.4971
msl.32820
trc.4071
ppx.15690
ppx.7804
opv.2848
Taa.8965
cln.1297
tas.8464
scr.11114
ecp.665
gys.4589
msl.55190
Taa.8027
hym.1528
msl.16622
opv.3969
taa.1056
hym.9894
msl.21443
ecd.7459
msl.22098
Taa.8674
hyn.4097
ecp.3043
dpy.9170
fsc.140
ecd.809
scm.9445
Ecg.164
ecp.12341
msl.33730
Taa.237
taa.7327
msl.7139
opv.7772
taa.3597
scr.14600
ppx.15559
scc.4448
tas.9708
taa.9448
scw.17283
dpy.15254
spe.4566
cln.5578
sct.6392
scs.5462
opv.14864
ecm.2427
htf.1660
scw.25023
msl.34402
scs.10616
hyn.6065
hym.11329
ppx.6530
gys.14090
fsc.11776
msl.58283
tae.3219
msl.7009
taa.5593
tae.2292
spe.21765
ecd.3901
ecd.2280
spe.7600
spe.1202
ecg.9822
hym.10837
hym.4934
msl.13614
sct.20429
ecd.6101
Ecg.255
ecp.7807
msc.6311
spe.38029
Ecg.5851
scc.9111
scs.5169
ecd.4540
taa.8550
hyn.2594
ecg.883
hym.529
tas.5808
msl.50505
tae.9846
ppx.26983
spe.11203
trc.1893
ppx.15770
msl.1634
smm.89
scs.18227
spe.9270
scr.17674
msl.4692
msl.24673
Ecg.2540
opv.488
scc.22228
scm.4373
msl.34698
ecp.1732
ppx.20624
msl.27540
spe.21514
sch.10033
cln.2978
ppx.11129
scm.444
sct.7309
Ecg.5719
tae.5930
sch.9741
hyn.2259
msc.7607
fsc.10514
Taa.2517
Fsc.6396
ecp.4023
taa.5618
ecd.6390
ppx.5956
sct.17383
trc.16940
hym.11968
hym.2625
msl.8661
scj.7390
cln.1491
scs.13814
ppx.35196
htf.9482
msl.29341
fsc.12362
sct.12247
msl.1347
ppx.25627
taa.5453
msl.29682
tas.1986
hyn.4541
ecg.7974
hyn.13484
ppx.13623
scc.13003
scw.17416
ecp.4966
scw.11915
spe.14572
opv.11377
msl.3085
cln.8071
htf.3077
msl.44001
dpy.4136
msl.20657
spe.10291
Ecg.4137
ppx.22390
sch.6335
scc.15315
scw.9903
cln.10178
cln.2226
scr.21120
sct.15957
msl.459
tas.7056
Fsc.6355
scc.17730
msl.25011
hyd.219
msl.49940
opv.2593
trc.15255
Taa.8644
msl.19562
sct.22138
msl.45025
htf.986
scc.3519
cln.5267
dpy.104
msl.40633
msl.33180
opv.11614
gys.4170
sct.18009
msl.35660
msl.6034
ecp.780
ecm.8225
trc.5713
taa.2701
msl.11084
opv.2171
scs.9210
scr.1016
spe.19024
tas.783
ppx.12132
scs.11030
msc.1377
msl.52408
msl.10965
ppx.10566
msl.29751
cln.6660
sct.2720
Ecg.9820
cln.552
tas.2065
ecp.8372
hyd.8167
ecp.4872
trc.12159
cln.696
msl.58998
msl.27712
scw.159
ecg.6973
opv.9770
Taa.6369
msc.9956
ecd.2150
ppx.24086
taa.10112
hym.8221
msl.55053
msl.52716
scj.8656
ppx.562
tas.8786
scj.11624
scr.2030
sch.6475
scr.20089
dpy.3212
sct.17942
msl.50517
hym.3343
ecp.12491
spe.31050
Fsc.566
scr.16054
fsc.12122
ppx.24232
fsc.10579
ppx.28253
taa.11246
msl.27922
msl.6065
ecm.5351
cln.4117
Fsc.11993
Taa.7789
msc.5583
ecp.1704
Fsc.5565
msl.22452
sct.911
msl.19131
scj.3509
tas.12569
hyn.1432
scc.3162
ecd.5456
fsc.15281
opv.6749
trc.16396
taa.10709
tas.9249
scj.4472
ecg.3872
scw.21366
msl.51300
hyd.6142
tas.10812
spe.32937
cln.1505
gys.6709
ppx.6148
ecd.6484
tae.8161
scc.18250
trc.7025
ecd.2124
msl.834
spe.27322
hyd.9537
scr.11055
trc.11005
scj.9159
taa.10662
scc.13911
hyd.7245
msl.19614
msl.10902
hyn.8499
msc.641
ecm.1271
taa.2098
spe.26869
msl.27626
scc.1318
ecm.2664
msl.53593
htf.10155
scw.11068
ecp.18331
hyn.1420
scs.2707
msl.13728
ecm.2789
msc.573
hyn.5861
msl.60513
taa.4435
scm.9894
cln.10955
gys.5088
spe.2750
taa.2602
sct.8985
msl.16640
sct.16962
Ecg.1992
tae.11550
scw.18973
fsc.12924
msl.34231
msl.35956
ppx.16703
ppx.12555
msl.16029
hyn.8518
ppx.19949
msl.59162
scc.1908
dpy.7390
Fsc.701
msl.39127
htf.9392
gys.3698
hym.5390
hym.3130
scc.4496
ecm.1146
tae.1850
gys.8459
msl.8372
tas.6403
cln.4406
hyd.2267
msl.56921
tas.12664
msl.12608
ecp.2995
ecg.740
gys.6250
ecp.5395
msl.4570
scs.3148
scw.11242
scs.11183
fsc.2133
hym.1743
msc.2799
hyn.2399
ecm.4672
ppx.14438
tas.4463
ppx.22096
tas.11929
msl.48100
scs.7771
dpy.14874
hym.3771
msl.32388
htf.7545
msl.32995
hyd.1696
msl.2774
scw.6677
msc.473
scs.7670
scs.8689
msl.48156
msl.881
scs.6731
ppx.8104
msl.58699
hyn.73
ppx.5326
opv.3034
fsc.11098
gys.6978
spe.13916
Fsc.30864
msl.15541
scw.3452
trc.15383
htf.4182
ppx.12223
scc.4829
fsc.12550
trc.20936
tae.9761
hyd.8412
gys.8151
hym.3948
taa.2982
gys.2414
htf.8069
msl.23858
ppx.19661
tae.9371
ecd.6898
scc.13673
ecd.7732
sct.908
scw.3228
scs.7490
hym.8170
Fsc.16660
msc.6034
ecd.4310
msl.36875
dpy.17807
spe.19168
fsc.2726
ecp.2311
sch.674
cln.12481
scs.17401
spe.17405
msl.25265
hym.1675
msl.37322
fsc.10747
hyn.6572
sct.26
ppx.12040
cln.10478
fsc.11332
sct.15881
msl.23241
msl.4954
msc.219
ecd.3274
ppx.30905
msc.6258
ecp.11926
msl.45244
ecd.1924
opv.14682
msl.25694
msl.39762
msl.40416
cln.12576
scj.10430
trc.541
msl.45875
scw.6341
opv.1549
ppx.16402
msc.1950
msl.24104
ppx.34289
msl.36271
hyd.778
ppx.30115
hyd.8839
Taa.9352
msl.44922
scs.16168
hym.9005
taa.3044
dpy.18927
dpy.13864
ecm.8375
tas.1230
tas.8330
Fsc.5055
msc.3025
Fsc.8117
dpy.19129
spe.5317
msl.33363
ecp.2618
tas.10667
sct.10579
fsc.2770
sct.2118
ecg.1278
tas.338
msl.58202
scw.4530
hym.3065
taa.6170
dpy.11881
scc.14192
dpy.13242
opv.8717
msl.7166
dpy.19323
spe.25690
hyn.5268
msl.27465
ecd.3218
ppx.1948
scs.5556
ecm.7106
msl.21137
spe.39238
msl.49890
Ecg.8542
msl.36300
msl.24399
scm.4945
Fsc.23836
scm.8034
msl.24808
spe.25553
htf.9876
spe.32285
spe.22324
msl.35823
msl.20594
sct.693
dpy.10100
msc.5769
msl.49956
ecm.8774
scm.191
ecd.6884
msl.53280
msl.28130
opv.9755
taa.12002
cln.9880
hym.11889
cln.2258
scj.2974
Taa.4288
ppx.30969
msl.32743
msl.12620
cln.10813
msl.55504
dpy.4427
scm.5487
msc.5132
Taa.5490
taa.4688
ecp.11710
hym.10201
ppx.24390
ecg.3845
msl.58256
Ecg.3098
ppx.32868
msl.42608
ecm.2027
msl.9573
cln.800
taa.4445
dpy.14691
msl.49629
msl.32961
msl.28185
hym.8590
msc.7153
msl.52860
sct.4826
hym.3509
fsc.207
ppx.948
scj.3854
msl.31231
scc.19917
ecd.772
tas.7167
msl.6553
scm.5432
ppx.26461
dpy.4589
scr.1431
scr.5849
msl.40776
opv.4072
scc.16079
ecg.5437
scs.8659
sch.1391
msl.45758
spe.36273
scc.21278
msl.14235
scs.13375
msl.31078
trc.15157
tas.3963
tas.8649
tas.6222
msl.7127
tae.4869
msl.6556
fsc.2215
msl.31245
spe.38958
msl.15652
msl.30544
trc.9330
Fsc.8233
opv.3076
ecg.4021
scj.94
ecp.10419
msc.4131
ecp.2570
msl.37662
msl.46102
scc.3920
msl.4736
hyn.2096
sct.6657
Taa.8678
ecd.10217
msl.12428
hym.3981
scw.21939
cln.3434
trc.5799
sct.12181
msl.35103
Ecg.6624
fsc.10119
ppx.15461
opv.14763
scc.7696
scj.2685
ecp.14021
taa.5210
gys.108
scs.12586
Ecg.4426
ecg.439
dpy.6775
tae.5385
hym.11532
msl.39843
scw.20836
tae.5851
hyn.4980
msc.2299
msl.50816
scr.6316
Fsc.20168
ppx.15650
fsc.2927
sch.7245
ecp.6166
taa.10960
Fsc.13985
scs.1353
ppx.7924
cln.12734
ecm.6780
taa.5109
ecp.5253
tas.8916
dpy.11590
opv.9177
cln.6397
ecm.8074
fsc.6492
dpy.16754
fsc.15206
ecm.1869
msl.39310
scr.18934
msc.4329
Fsc.2115
msl.47206
taa.10233
htf.3196
sch.355
msl.34093
hym.989
ecm.3443
msl.18067
trc.4185
spe.24344
msl.30146
cln.6101
msl.55125
msl.2711
msl.50182
msl.46627
Fsc.28301
trc.11875
scr.22642
ecd.1150
ecg.5492
scr.19304
msl.56241
fsc.12236
msl.14515
Fsc.6279
hyn.10966
taa.10785
tae.2585
scr.13114
ppx.23894
htf.186
scc.3537
spe.15219
fsc.4630
ecp.12370
tas.233
ecm.2178
Fsc.16363
spe.27536
scw.11774
scc.17583
hyd.5841
msl.43774
gys.9146
scm.8395
ppx.28676
Taa.3732
msl.57622
msl.7537
ecd.1141
tas.10530
fsc.15564
trc.3152
msc.2645
spe.28479
dpy.19680
dpy.4590
scs.18865
spe.17744
ecd.67
ppx.19322
ecg.6176
scr.13219
fsc.8488
spe.21493
ppx.20248
scw.11133
scs.14170
ppx.23844
dpy.3251
spe.37768
spe.23476
tas.2344
ecp.225
dpy.1210
ppx.20116
sch.12510
gys.6181
Fsc.15218
scc.14990
spe.11867
sch.4066
spe.36500
trc.7898
dpy.11864
scr.5755
taa.12525
Fsc.7050
scj.6878
dpy.8175
dpy.6644
ppx.25381
msl.20593
fsc.6183
Fsc.15990
hyn.12327
fsc.3470
sch.2105
ecp.673
trc.11427
ppx.36903
taa.8992
spe.1036
ppx.30177
taa.3588
tae.9877
gys.10080
msl.6244
ecp.14293
sct.13644
spe.16899
hym.11114
tas.6257
scr.6585
Ecg.3024
scs.18522
gys.12320
sct.20714
ecg.1093
Ecg.3611
scr.12936
hym.8821
scr.8026
ppx.37636
scw.14203
scr.2810
hyn.12920
ppx.6746
smm.963
hyd.4129
scm.2356
sch.582
fsc.2358
scj.9681
sct.22552
opv.6707
msl.8090
scr.20894
trc.12804
spe.3340
ppx.18280
tae.4788
scc.22469
hyn.12104
hym.8257
spe.11627
scs.12278
msl.4755
msl.56122
tas.6107
scw.12896
ecg.5145
trc.20240
scw.24895
spe.13198
tas.11210
taa.9850
ppx.35079
ppx.7906
msl.1816
spe.29191
hyd.8122
cln.2427
scw.25299
opv.11710
dpy.18330
sch.4240
spe.6068
ecg.9099
fsc.2692
sct.19973
dpy.13684
ppx.33882
spe.18505
sct.21370
ecm.7780
msl.42578
gys.3266
ppx.2721
dpy.19896
tae.10600
msl.29325
spe.1411
ppx.24357
fsc.2941
sct.4568
dpy.16127
msl.26406
ppx.36161
gys.5597
ppx.2367
msc.9663
scr.19588
scc.969
spe.2084
trc.20050
ppx.14037
ecp.14296
ecd.6369
sct.21523
ecg.2946
smm.637
scj.8870
ppx.19052
spe.8964
ppx.24111
sch.1457
ppx.32069
scr.14160
sch.10164
scc.14956
trc.14201
sct.19867
dpy.2013
spe.38418
ppx.20421
tae.12057
sct.1158
ecd.11060
hym.8128
spe.1246
opv.15704
scj.12101
spe.15547
trc.12690
tae.9789
hyn.5501
ecg.3014
scc.3357
Fsc.31344
ppx.25429
cln.803
scc.14757
scj.7911
Fsc.18316
scs.17441
sct.6082
scw.13424
scr.1990
msl.41662
ppx.3809
dpy.7323
scs.8901
spe.3733
ppx.29761
ppx.31295
scw.15733
ppx.27709
spe.30039
ppx.29133
scr.12311
scr.15705
Ecg.5182
scw.8435
Ecg.4503
hym.8871
Ecg.6924
scw.2283
msl.56723
gys.9259
scr.5863
ppx.9981
ecp.1245
dpy.16403
scr.18065
opv.6772
scw.11898
scr.550
dpy.16492
ppx.25435
dpy.1609
spe.26210
