

ecd.9826
hyd.5463
msl.50087
msc.5723
msl.26372
Fsc.33326
spe.16501
Fsc.28140
Fsc.24266
sct.6390
ecd.3700
msl.27190
Fsc.15105
ppx.7263
scw.20769
spe.8758
Fsc.32205
Fsc.32687
ecd.11374
scw.9638
spe.4242
ppx.37738
sct.18376
sct.15658
Fsc.17905
trc.16858
ppx.4355
Fsc.18419
dpy.2027
scr.23790
ecp.4015
scr.22447
Fsc.11137
dpy.1183
spe.12827
scc.5260
ppx.14633
sct.18932
spe.19405
hyd.6123
scw.10707
scc.19981
trc.17222
scs.13540
Fsc.12781
Fsc.6122
msl.58923
scr.23703
scr.10576
ecg.3250
trc.16286
Fsc.12596
spe.20504
dpy.19919
scr.6901
htf.3265
sct.6512
hym.10064
ppx.4774
spe.37425
ppx.24427
taa.11880
Ecg.6614
ecp.802
msl.13105
scr.19695
ecp.4818
ecg.1736
scm.2655
ppx.24962
scw.16499
spe.17574
scj.4807
opv.12893
scs.10851
htf.10477
sch.11585
msl.52086
cln.12133
Taa.8862
hyd.11060
msl.59604
tas.1583
ppx.25665
dpy.8053
msl.29643
msl.24543
msl.32023
scj.2320
scw.23870
msl.59497
scr.11643
fsc.3809
scj.4868
msc.8825
scc.2635
sct.12930
Ecg.180
dpy.16565
spe.12669
msl.58311
ppx.17273
msl.6866
Ecg.2941
dpy.17796
ecm.8255
gys.9967
scc.21765
ppx.35982
msl.45521
ppx.34919
smm.3105
scw.8665
msl.49827
dpy.8672
dpy.17155
Taa.3446
ecm.168
trc.19671
ecp.16058
msl.26348
tae.9723
ecg.3703
tas.7203
msl.4438
msl.44731
spe.33039
fsc.13848
tas.12129
msl.6915
tas.9346
ecp.9388
scc.17858
scw.20717
msl.40303
hyd.6644
msl.30744
ecp.18402
ecd.2911
spe.34019
ppx.23546
sct.15697
ecm.1380
gys.5893
hyd.7520
spe.39218
spe.20362
Taa.3264
msl.36989
Fsc.10463
tas.6864
ecg.7948
ecp.7937
sch.3939
scr.8562
msc.1004
Fsc.31995
sct.16736
opv.15810
gys.14869
Fsc.6120
trc.4016
ecg.5745
msl.31109
spe.20488
spe.31032
msl.15119
ecd.2258
scw.10657
opv.16265
cln.8703
ecd.8333
scw.10328
msl.7461
taa.1368
Fsc.33196
scc.4536
msl.16991
scs.9674
cln.7638
fsc.9567
htf.1095
ppx.31394
ecp.1434
tae.10075
hyn.2230
scr.12509
hyn.511
opv.16346
sct.7017
msl.30967
cln.1002
msl.27848
fsc.5190
dpy.8925
trc.12705
gys.2042
ecm.8789
hym.8804
spe.9205
Fsc.755
hyn.22
msl.49576
scw.1988
sch.3385
ecm.8511
hyn.2696
ecg.1272
msl.49849
ecp.6543
htf.7772
sct.9763
sct.6298
ppx.25725
fsc.14117
ecg.443
sct.20623
spe.27593
msl.5505
Ecg.4709
cln.8722
cln.1457
msl.8744
scs.13290
msl.42030
spe.17241
ecm.687
taa.11464
spe.30467
scw.148
msl.32508
taa.5816
msl.58779
Fsc.13911
tas.9132
msl.17881
cln.13253
tae.10250
hym.9163
scs.8505
ppx.2623
tae.237
scj.2802
msl.37034
cln.1621
Fsc.8689
ecg.6030
spe.7563
tas.5479
msl.59244
msl.9461
htf.6813
scr.7723
scm.11721
tas.2087
ecd.3837
scs.15488
msl.45127
cln.12917
cln.872
fsc.9090
msc.8768
msl.10491
ecp.768
opv.11774
scs.11260
ecp.15040
msl.32666
opv.5627
scw.4685
scs.10297
msl.43078
opv.5238
sct.8971
msl.47804
msl.24313
msc.6055
msl.48648
spe.22893
scj.8329
scs.6201
msl.28268
hym.10286
ppx.20119
tas.11658
htf.857
hyd.699
ecd.6534
Taa.7563
msl.32880
scs.7161
dpy.12163
ecd.3187
trc.9227
Taa.5591
spe.28310
scs.25
gys.932
Ecg.7757
scm.6345
tas.9724
spe.11182
msl.59644
Fsc.16154
scc.14251
scs.6970
ecm.2832
cln.8359
Taa.2991
ecp.1538
Taa.3396
scj.10417
scc.1657
Fsc.1776
ppx.13357
sch.7846
Fsc.585
spe.20892
scr.10697
ecd.771
opv.7268
scs.6440
hyd.8481
hyn.7703
scm.3991
scj.5930
msc.565
dpy.2407
ecm.6467
Ecg.4024
msc.10100
scw.25851
hyn.9519
sct.7856
scr.12961
sch.1064
msl.29454
spe.464
Ecg.514
ecg.1394
msl.18367
trc.18733
taa.4016
scs.16279
scr.21196
msl.44775
scw.15841
Fsc.14469
Fsc.27342
taa.10443
ecd.7092
trc.19983
scs.5357
scs.17573
ecd.11162
msl.38572
scc.20915
msl.32959
ecm.9574
taa.3278
msl.13018
msl.49152
scm.9295
gys.2368
opv.584
msl.49423
spe.31228
ecm.9909
ecp.12997
Fsc.13111
msl.24216
msl.51725
opv.4368
opv.714
hym.9961
ecm.8102
scw.15332
cln.11368
msl.35266
msl.30382
cln.5642
msl.13864
ppx.1132
tas.5796
ppx.16535
msl.18053
ppx.33861
scm.3100
cln.4706
msl.32981
ecm.7983
ppx.31942
hym.7238
msl.28058
trc.969
taa.5189
msl.53049
scs.4384
scs.18925
msl.30572
opv.14641
scj.5618
msl.5461
Fsc.23612
dpy.15081
spe.17297
spe.35828
ecd.1339
Taa.7138
msl.27698
scc.11190
sct.11249
msl.11895
hyn.8277
msl.32421
gys.3632
msl.29924
ppx.10648
ecp.15981
scw.12022
htf.6410
Fsc.23556
msl.23860
msc.7568
sch.2432
cln.7748
sct.19528
msl.14446
sch.11872
Taa.3812
sct.18914
msl.34936
msl.58670
msl.56288
hym.2509
gys.11478
dpy.7458
msc.3617
msl.52555
gys.2560
msl.35215
ecp.1889
ecd.11220
scm.5844
hyn.10702
msl.37337
ppx.17296
taa.4771
sch.9337
ecp.4169
ppx.13577
ppx.28734
msl.16566
Ecg.726
ecp.4084
hym.11626
dpy.9227
scr.19636
msl.2618
ppx.25610
opv.11588
msl.37073
fsc.7107
scr.5592
msc.4252
gys.2194
scw.2293
htf.10868
dpy.9928
tae.9803
Ecg.9883
ecp.9255
Taa.9670
scs.1350
msl.40075
msl.32470
msl.30692
hyd.4827
spe.22527
spe.6781
scj.3201
tas.8282
ecm.7595
scs.15892
smm.411
msl.56463
ppx.21756
sct.6445
spe.24077
htf.10545
sch.10551
msl.10698
msl.29440
msl.24355
msc.3572
msl.56835
tae.711
ppx.11875
ppx.2429
msl.25708
opv.8984
msl.15383
taa.10079
htf.6575
fsc.164
dpy.5704
taa.5654
msc.8650
ecp.14990
htf.651
hyd.7949
spe.23109
msl.50706
scj.12602
sch.13067
Fsc.5462
hyn.9213
hyd.8348
trc.2280
trc.3390
htf.9870
hyn.13252
opv.592
ppx.1261
msl.14605
scs.6931
ecm.2871
tas.3717
msl.38878
Fsc.5325
fsc.14177
msl.57821
htf.4872
msl.53841
msl.59394
cln.11375
scc.19827
tas.5910
Fsc.19978
scc.7116
scs.5197
tae.3806
hyn.1987
scr.1297
trc.5410
trc.17904
cln.13174
opv.10447
taa.5015
hyd.9281
tae.8613
ppx.33090
scs.16433
hyd.1304
hyd.7304
hym.5843
opv.2229
Ecg.5877
sct.11091
ppx.14285
htf.4636
Taa.5426
scj.6963
fsc.9276
scr.6338
trc.12146
sct.18258
ecm.10330
msl.58266
fsc.11534
ecd.5041
Fsc.25501
spe.33972
sch.9641
spe.16860
Fsc.16304
hym.3164
scm.6600
ppx.4368
opv.10803
msl.25845
cln.6193
fsc.4228
dpy.18992
ppx.28610
Fsc.25491
gys.1483
fsc.8184
msl.41659
opv.4416
msl.27012
scc.19160
ecm.1946
ecg.84
Fsc.29462
spe.32890
tae.8177
msc.9081
ppx.15978
spe.23035
ecd.418
scc.16061
htf.5029
sct.13465
opv.2794
Ecg.5323
tae.7382
msl.28281
taa.7055
spe.1632
ppx.379
opv.2001
dpy.15512
ecp.2026
tae.9514
ppx.21956
opv.9671
taa.4232
hym.4841
scw.7380
msl.18843
msc.9979
Taa.4303
ecm.9787
scc.7595
opv.3061
scs.191
ecm.4997
tae.7701
ecd.4474
scw.24244
ecg.358
msc.3946
Fsc.1445
tae.11190
msl.60227
opv.7246
scs.16895
sct.5465
hym.4051
scm.8050
Fsc.4574
scr.2929
sct.14903
scr.8670
tas.4204
msl.17802
htf.5871
scs.10405
cln.1704
ecm.2960
msl.45147
fsc.13952
scr.18618
ecm.1914
htf.1736
hyd.10929
Ecg.9309
scs.6235
Ecg.875
tas.4759
ecp.3015
scm.8841
msl.20546
trc.11781
scj.10738
msl.15274
msc.7977
hyn.3902
msl.58907
trc.7401
scs.13393
scw.18272
scs.7677
Fsc.4328
fsc.8103
msl.5671
ecp.11426
ppx.16151
htf.533
cln.4889
Fsc.19418
ecp.6775
msl.58755
scw.25319
opv.15180
scj.2338
ppx.33554
hym.1823
trc.19485
scs.18018
hym.10816
msl.53854
msl.11972
ppx.3025
msc.183
msc.6637
msl.51394
dpy.14333
msl.30256
tas.5270
ecd.5146
hyd.9177
sch.5847
fsc.3793
htf.1261
ecd.4488
scr.3757
msl.49713
Ecg.6642
ppx.17633
opv.12791
msl.2815
Fsc.3019
tas.6182
ecm.927
tas.11872
msl.29604
trc.4385
scj.4941
Ecg.8006
scj.4552
fsc.2789
htf.3007
scj.280
scm.2024
ecg.8998
fsc.904
tas.10296
ecd.6310
ecm.3377
scs.14144
scw.26181
taa.6438
scc.12747
msl.49089
tas.2711
trc.11238
hyn.9251
msl.52043
fsc.4232
dpy.1839
tae.10800
ecm.9447
msl.58595
ppx.37265
msl.31865
Fsc.28831
sct.16996
tas.2264
msl.52430
scj.3052
ppx.3954
dpy.1453
Fsc.27229
msl.3127
Taa.4018
dpy.13952
spe.32963
ecd.892
scr.1577
msl.42015
trc.10181
msl.36082
Ecg.3606
scr.11448
scj.3360
msl.49050
msl.30782
ppx.14008
msl.55185
spe.26101
trc.4354
ecd.6120
hyn.12137
msl.53377
ecp.5281
tae.6753
scs.18918
gys.8650
ppx.37141
ecm.8025
smm.2663
htf.5570
scr.4950
opv.794
sct.17760
scm.9578
msl.10027
ecp.18255
gys.3972
tae.422
scc.4868
spe.23966
Taa.4049
ecg.8827
taa.186
ecp.10072
hyd.10089
Ecg.4937
trc.14634
scm.6588
msc.9335
Taa.6359
ecm.5223
ecm.8348
scr.6151
scr.12919
scs.1477
tae.9698
Fsc.180
scw.24938
msl.53165
hym.2576
msl.1951
Fsc.26582
scr.19451
msl.1131
scw.562
scm.3715
ecd.9550
hyn.3068
tae.7280
tas.1104
gys.8044
Ecg.3582
ppx.26872
ecp.3278
msl.17994
fsc.7071
msl.37286
fsc.10027
taa.2559
hyd.472
msl.19275
ecm.7431
Fsc.23820
hyn.6888
Ecg.5013
scw.4708
taa.3447
sch.9656
tas.3739
scm.4953
scs.4065
scs.2836
dpy.2128
Fsc.13627
trc.5066
dpy.8406
sch.6191
cln.177
gys.2676
cln.7428
spe.18741
Ecg.2270
dpy.5647
scc.17465
scs.17379
cln.8415
Taa.820
cln.5829
ppx.10866
hyd.807
spe.24956
scw.87
msl.52428
fsc.3000
Ecg.217
ppx.12089
msl.31220
msl.13379
ecg.7238
scj.10367
ecd.7851
dpy.11034
scs.4025
Taa.2237
msl.21969
opv.9062
ecp.3056
hyd.11136
spe.32729
hyd.1052
Taa.3049
sct.1509
msc.7932
opv.4119
ecm.3223
sct.17560
htf.5349
msl.50942
sch.12304
ecp.9868
gys.9996
ecp.16190
sct.1928
msl.33906
spe.34888
msl.55089
ppx.1252
ecg.3402
ppx.27261
hyn.3280
cln.1806
msl.52426
ecp.7994
ecp.2866
scr.12393
msl.23786
scm.5938
spe.3415
msl.38155
ppx.22625
scj.10965
dpy.16645
ecp.5459
spe.37075
trc.15549
ecg.5738
scr.16690
msl.12668
spe.2344
spe.22797
ecm.351
taa.13304
fsc.10140
taa.7019
taa.11579
spe.37099
tas.9728
ecd.10821
sch.2491
spe.8424
ppx.14544
msl.17989
Fsc.1889
dpy.18062
sch.6429
gys.12137
sct.2710
fsc.5089
scr.13423
ppx.19793
ecm.5972
Ecg.4830
ppx.36015
ppx.26728
gys.6554
ecm.10268
spe.17068
gys.10071
ppx.10537
tae.5917
spe.6733
ecp.6704
ecd.5697
ecm.462
sch.10958
opv.9911
ppx.2772
scw.6133
spe.1884
gys.5583
scw.7812
Fsc.29531
scr.2419
scr.10172
Fsc.19576
scc.4219
sch.11050
tas.3828
hym.2477
scs.11942
tas.6418
spe.18519
ppx.19258
scw.16416
hyn.5226
spe.33230
tas.9556
dpy.953
htf.9559
hym.1094
scr.23333
msl.45996
taa.8301
Fsc.3840
msl.14043
scr.2094
scr.11857
scs.20022
fsc.790
ppx.10697
ecd.2836
Ecg.1608
sct.2408
scr.780
Fsc.7802
taa.8548
opv.13364
scw.24490
Fsc.9188
Fsc.19503
scr.6630
sct.38
taa.5209
tas.11465
scc.6454
trc.15170
ppx.29702
msl.50338
msl.8868
ppx.27527
opv.2064
spe.11751
Fsc.20650
hym.947
dpy.14637
hym.10216
htf.3032
spe.34327
ppx.23369
gys.11777
scc.22994
dpy.15553
gys.13088
ecg.6215
sch.11373
tas.12499
dpy.4669
scc.18783
spe.3980
spe.7046
opv.12363
scc.6935
hyn.4157
spe.18496
scs.1299
ecm.2343
scr.23527
scs.15135
trc.11685
spe.9118
hyd.6165
scw.14077
ppx.16049
scr.20339
fsc.7569
scr.6678
spe.1174
hyd.11123
spe.37932
scm.10016
msl.13744
spe.37903
dpy.994
Ecg.7637
opv.7415
msl.32675
dpy.2342
spe.11094
hyn.11442
opv.6994
ecm.3098
opv.16173
spe.24532
spe.30649
ecd.8988
scs.15125
scw.14519
sct.5084
ecp.4041
scr.7033
opv.16280
ppx.37074
sct.19799
ecp.14713
htf.5653
ecm.1872
scs.746
hyd.3448
hym.5331
ppx.31554
scr.19173
Fsc.18457
msc.1963
scc.6203
sct.2445
tae.12150
taa.11531
tas.11485
spe.34136
ppx.25387
msc.10612
dpy.19805
ppx.18507
ppx.29261
scm.4544
scm.10719
spe.37253
sct.21931
fsc.6164
sct.9694
cln.10864
fsc.15383
msl.13637
ecm.4486
scc.19932
fsc.2474
spe.29107
ppx.2949
scr.18916
hym.2768
hyn.10249
ppx.29594
msl.7480
Ecg.4936
fsc.10329
spe.17136
spe.19454
ecp.12131
scs.860
spe.16460
