

spe.23832
msl.8758
hym.2744
ecp.10566
Fsc.18806
scc.12319
scs.19290
scc.9228
Fsc.32311
scr.3884
spe.21117
scc.7556
Fsc.24327
Fsc.6489
Fsc.14928
scm.9878
Fsc.32946
msl.33507
Fsc.11833
scw.23514
dpy.1338
msl.33791
ppx.7391
ppx.1603
spe.5446
Fsc.29936
Fsc.21018
scm.10269
dpy.15106
scr.19087
scs.19922
ppx.9595
scc.128
Taa.1651
Fsc.4967
ecp.11156
scs.18303
Taa.533
gys.11625
msl.22543
scj.3048
Ecg.4116
ecg.4811
Fsc.33000
ecg.8525
trc.12592
trc.20502
dpy.2820
scr.272
scr.7509
scc.7096
scr.22701
scw.2874
taa.11412
scs.1745
ecg.8963
gys.5502
msl.40407
Taa.1799
scr.198
ppx.8644
scr.22458
ppx.2552
ecd.286
tae.6244
ppx.30811
scw.14202
hym.11459
ppx.32291
Ecg.2826
trc.6491
spe.20817
ppx.15432
scj.5761
Fsc.8450
Fsc.9704
trc.18307
Fsc.6918
msl.60339
Ecg.716
Fsc.18193
scs.6000
scr.10796
msl.28805
opv.11864
msl.53067
spe.21947
ecg.2569
spe.14930
scj.6794
msl.5811
ecp.3553
tas.11792
Ecg.2602
scr.9287
ppx.25852
hym.3368
dpy.12243
ppx.9056
taa.3409
hym.4130
trc.4043
ecg.7770
msl.30003
scr.9612
sct.13940
fsc.4181
Taa.9912
msl.47412
msl.19556
scm.6591
msl.54817
ecp.6023
spe.28250
msl.50784
msl.27533
sct.2991
dpy.11398
msl.33850
fsc.13971
scr.10851
Fsc.10244
tas.9813
msl.47728
gys.12109
hyn.2887
ecm.8199
ppx.37634
ppx.18840
ecd.421
scs.10178
cln.8760
fsc.3347
msl.14702
tas.2285
dpy.12072
ecm.2194
msl.56777
scr.3800
ppx.326
msl.37297
ppx.5644
hym.12106
spe.38049
Ecg.6891
scm.8374
hyn.12170
msl.37485
spe.8570
msl.13902
fsc.13772
ecp.13128
msl.36323
scs.13082
scj.1851
cln.3733
scj.9671
msl.20630
ecm.1256
msl.40193
ecg.7485
msl.29881
scs.201
msc.743
msc.1909
msl.3877
spe.7790
tae.1795
ppx.34935
tas.4413
tas.9025
sct.15970
fsc.9829
spe.6481
msl.2314
scm.7663
msl.56489
hyd.10585
htf.1670
hyn.7025
trc.8739
Fsc.9884
ecd.5933
ppx.3655
msl.20703
msl.51018
scc.20201
ecp.1797
scm.11639
ecg.2007
hym.1119
ppx.25833
scs.2363
ecg.537
scs.14176
msl.58300
Fsc.19752
ecp.4421
gys.3821
hyn.1184
taa.2944
ppx.34339
ecp.6782
msl.36196
ecd.10536
cln.9245
trc.6170
taa.7258
sch.2472
ecg.3380
Fsc.21005
ecp.2747
ppx.37244
cln.13326
scw.21899
ppx.11150
opv.8898
msc.4089
msl.48510
htf.11461
ecp.9773
trc.20774
scm.8633
ecg.2943
ppx.3016
htf.8609
spe.1301
scc.3325
scm.9420
ecp.6233
Taa.4651
Taa.4584
msl.57463
msl.56796
Fsc.2521
opv.7126
gys.13381
cln.7298
ecp.17635
ppx.7954
opv.14901
msl.29398
msl.16080
msl.39658
msl.21718
htf.6086
scc.14226
gys.1919
hym.9823
ppx.16802
msl.14552
htf.3993
opv.3876
msc.8307
sct.6947
ecp.12816
scm.8516
scs.9202
ecm.5130
trc.20211
Ecg.195
msl.44657
dpy.649
sch.2075
msl.9933
taa.6230
Fsc.11455
ppx.2129
msl.31667
scs.14927
sct.7828
ppx.25348
Fsc.17722
dpy.5910
msl.34889
hyd.6895
scw.15005
htf.8642
msl.28752
opv.3907
hyd.9828
msl.56293
msl.39945
Fsc.28106
msl.28659
msl.24291
ecd.1980
ecg.6716
ecd.1399
ppx.161
hyn.7225
trc.2616
ecg.7142
scc.14976
taa.4159
fsc.3629
trc.16166
ecd.1122
scj.12648
spe.20781
tae.5635
scr.2295
msl.49504
sct.18064
ppx.16109
scs.18479
sch.5821
fsc.1295
spe.34982
scm.9776
spe.1677
hyd.827
opv.8837
msl.17058
scw.14989
tas.12240
dpy.5452
msl.40181
Ecg.7076
hyn.11355
ppx.26134
ppx.16424
scr.16698
trc.1557
msl.31799
gys.4184
taa.1544
dpy.4911
Ecg.65
msl.52351
ppx.25282
Fsc.29753
hym.9068
scm.667
ecp.7332
gys.13696
Taa.8083
Ecg.238
fsc.7004
msl.53017
dpy.2674
scr.15375
sch.8427
tas.9225
sct.1132
sct.12834
scc.16388
gys.6936
scr.2790
msl.5303
htf.2230
scc.17965
opv.9218
msl.50159
ppx.5
msl.53537
msl.45180
msl.59037
scr.19839
hym.5602
ecd.7778
hyn.12417
ppx.15933
Fsc.24893
htf.8375
ecp.16754
msl.44868
gys.10191
spe.13340
tas.4589
Ecg.6792
spe.35273
spe.22593
msl.36365
msl.59579
msl.18505
msl.39921
scw.2457
scc.13055
scs.13742
hyn.333
ecd.48
scj.1584
ppx.17565
scc.11940
hyn.4903
hym.1293
Taa.1942
scc.9407
msl.29620
msl.42535
trc.1406
msl.35696
sch.6386
trc.5520
ecp.5511
sct.4630
trc.15807
scs.14862
tas.4949
msl.54909
msl.5781
tae.2190
Ecg.9608
trc.11329
fsc.2253
scs.1731
Ecg.5531
scc.5654
msl.24893
scc.3012
msl.16234
hym.565
dpy.17921
msl.41424
Taa.178
ppx.34856
ppx.27697
ppx.8227
msl.29111
spe.20432
msl.3971
msc.5626
spe.3156
Ecg.2551
ecg.9246
hym.8318
fsc.4215
sct.7724
Fsc.18953
cln.6438
ecp.2706
Fsc.17887
msl.33407
msl.10647
spe.25265
ecm.4822
ecp.10337
spe.32092
opv.11296
tas.12844
hyd.4629
trc.18074
ecd.37
spe.29894
tae.2939
ecm.6222
scr.12025
scs.11833
trc.5845
Ecg.3375
fsc.11698
sch.8067
Ecg.10126
fsc.14405
spe.18029
sct.17850
msl.55704
tas.2862
msl.42890
scs.5512
spe.14674
spe.20810
scj.11908
sct.16314
scs.6945
tas.1332
scr.13359
scs.2475
dpy.9076
ecg.7575
opv.778
hyn.10076
Ecg.881
ecp.3642
htf.8643
spe.10517
Fsc.26872
hym.6741
cln.11222
msl.37047
scs.14028
msl.50137
tae.6218
spe.966
msl.33669
scs.16522
htf.6515
msl.26923
dpy.2555
cln.3169
taa.4889
msl.27508
ecd.2666
scr.22675
msl.1382
msl.13346
hyd.8746
hyn.2781
hyd.203
msl.53928
sct.1678
trc.18722
hyd.5365
tae.10028
scc.3074
scj.12217
ecg.969
Fsc.7750
trc.18680
msl.20961
msl.3274
tae.12449
Ecg.4036
ppx.4849
Ecg.8281
hyd.1547
ppx.25270
scw.1294
ecp.9018
ecm.7922
hyd.8968
ppx.37340
msl.42847
msl.17603
ecd.9507
tas.3696
msl.49412
tas.2352
hyn.9845
opv.8680
tas.5715
scj.12533
htf.3200
ecp.2811
Fsc.6478
ecm.5433
ppx.16919
spe.8558
msl.17359
scr.20781
ecm.330
ecp.8540
msl.13875
msl.54944
spe.13591
Fsc.32482
Fsc.32028
Fsc.16564
htf.7331
trc.4930
taa.7082
taa.1662
scm.3541
ecp.3963
ppx.26205
gys.2567
ppx.14743
msl.24658
ecp.10807
msl.18422
msl.41072
taa.11198
msl.29614
spe.11091
msl.15667
scj.6380
fsc.13833
dpy.3691
sch.10138
msl.51650
hym.3356
Fsc.14423
msl.35880
trc.21548
msl.27878
ppx.13704
gys.14770
msc.3861
opv.14306
sct.12028
ecd.1774
Ecg.2977
msl.41288
ppx.16086
ecp.3348
msl.25456
tas.7709
cln.3100
ecg.4632
msl.34867
tas.9615
msc.1239
msl.14310
msl.10636
sct.13006
msc.399
taa.8310
spe.4880
ppx.26411
hyn.12771
taa.2031
hym.11700
scj.2233
Fsc.24235
trc.11357
ecm.3994
tas.9188
scm.4103
scs.5128
spe.25120
msl.47330
Taa.6546
scc.22112
ppx.3410
ecm.9386
scm.5651
msl.26365
tas.5093
spe.1775
scs.6851
taa.1779
msl.54943
msl.52756
spe.39334
dpy.8076
tas.5047
scr.7368
trc.5141
tas.4491
Taa.1118
ppx.8056
scs.10695
taa.12380
Fsc.4119
scw.16629
hyn.205
trc.10982
ppx.15729
spe.15993
scr.19049
msl.58377
fsc.11423
scs.10059
scj.6350
msc.10288
Fsc.24806
opv.12822
ecd.3465
fsc.5520
ecp.7356
fsc.10104
dpy.19082
msl.43029
hyn.5361
dpy.8655
tae.6137
gys.5507
msl.34018
scc.15436
Fsc.9715
scj.2577
tae.1577
tae.2524
opv.9023
msl.6476
scw.5078
tae.2845
scr.9301
ppx.36448
hyd.7853
ecp.2241
sch.12261
cln.13027
trc.5249
scc.15240
ppx.34369
hym.3929
ecm.6639
ppx.20844
scm.7070
ecp.7534
scm.9082
msl.33940
Ecg.7462
scm.5140
ppx.1296
ppx.35878
hyn.9476
fsc.12071
msc.3726
opv.11213
Taa.1350
scs.2809
hym.309
scs.5803
ecd.5596
ppx.15966
scc.15398
scs.16730
msl.56625
msl.22013
fsc.1512
ecp.1160
Taa.8834
trc.6291
Fsc.13272
msl.45645
cln.10418
cln.7262
ecd.5660
ecg.4829
Ecg.7997
fsc.10175
tae.5127
ecm.1060
ecp.7854
msl.42804
Ecg.8905
ppx.19531
msc.9761
opv.14664
trc.2087
msl.5449
scw.9128
spe.10424
msl.2414
tae.8964
tas.9404
ppx.3070
scc.14663
ecm.540
hyd.7884
msc.7906
scs.381
msl.47396
ppx.32533
sct.3224
scs.3422
opv.7751
cln.731
spe.13442
trc.16040
sct.8622
opv.2979
ecm.7455
ecg.5461
Fsc.12716
scs.15321
msl.41641
scj.2657
opv.5371
msl.747
msl.53387
Fsc.22522
ppx.20826
Fsc.6430
hym.9932
ppx.5418
dpy.1330
ppx.7600
scs.4940
taa.10255
scj.9256
msl.38433
spe.32492
taa.12672
scc.18597
msl.26098
fsc.8991
msl.45618
opv.4698
msl.27298
ecg.9065
msl.57765
Ecg.4274
msl.19206
sct.11158
hym.9102
htf.10752
tae.8750
ecm.5532
cln.146
ppx.33518
msl.55969
msl.31562
cln.3774
msl.44463
taa.6635
msl.3713
ecd.4446
msl.42165
ecp.8584
spe.10539
ecm.6838
ecd.7016
spe.24648
scs.4409
tas.7832
htf.1974
hyn.7759
scw.6784
opv.1904
opv.4628
spe.10939
Taa.9221
msl.14980
opv.5607
scc.8965
scm.4881
trc.6986
opv.15374
smm.3606
tae.38
scc.4005
ecp.7085
ecd.5402
scj.8297
msl.26606
ppx.11060
fsc.2763
msl.4428
msl.19945
ecd.213
sct.10382
sct.4037
ppx.22007
scs.9588
cln.612
Fsc.5762
hyn.6489
trc.17230
ppx.25251
Ecg.6393
taa.7226
tas.9637
msl.54425
spe.21404
msl.31381
dpy.9272
msl.488
hyn.4220
scs.9058
ecg.7283
tas.11636
hyn.81
taa.3638
msl.56206
ecp.4297
ppx.18722
sch.3105
tas.6166
ecp.4942
taa.11122
Ecg.3898
tas.2017
cln.1527
tas.9672
ecp.14193
scj.6150
tas.11319
hyn.3772
msl.15125
msl.12809
scs.5202
trc.8918
ecm.9378
scc.4221
scc.61
ecd.5884
cln.12169
opv.12789
trc.18486
taa.3126
Fsc.25
scw.3469
scm.431
scm.10684
Taa.2536
hyn.10396
htf.2608
ecp.237
smm.198
htf.2379
scj.294
msl.35293
scw.1054
ecd.2321
msl.54707
msl.14148
ecp.4454
htf.1884
trc.14710
msl.29917
ppx.34989
tae.9212
trc.14513
opv.1142
ppx.31751
hym.7828
hym.10179
spe.23508
tae.5702
msl.14495
tas.858
scs.1410
tae.9631
cln.9494
msc.7761
Fsc.16609
msl.15852
ppx.13055
msl.28699
scr.1423
msl.15303
sch.5477
scs.4950
hyd.9950
ppx.15280
trc.5857
htf.10084
tae.5929
spe.38683
scc.23337
Fsc.11515
scc.3239
scj.5677
scc.20236
ecg.7296
tas.5383
ppx.37188
htf.4079
taa.359
sct.22467
msl.53505
ecd.5752
scm.3612
scr.5647
spe.3446
msl.34780
hyn.12674
scc.1996
scw.10650
hyd.8580
ppx.18829
spe.25393
ppx.36640
scm.10189
tae.375
msl.25598
ppx.24668
sct.14629
hym.5
dpy.7706
ecg.5911
scr.13341
scs.341
ppx.11667
Taa.3651
spe.32960
opv.14113
dpy.10598
scw.25981
scc.14756
dpy.14423
scj.2982
scw.21872
ecp.14413
scw.4
taa.5100
ppx.11431
ppx.18593
msl.29138
scj.2503
sch.27
scw.8565
spe.4220
msl.33307
hyn.3358
hyn.9793
ecd.456
dpy.16102
Taa.1610
spe.3567
sch.1606
trc.22165
scj.2585
ecm.8243
scr.21750
scw.4536
tas.9087
Fsc.20200
sct.18850
opv.6090
sch.6016
hym.1835
dpy.17936
ecg.4544
scw.23017
trc.5324
sct.21003
scw.1437
sch.5683
ecm.10402
spe.21691
sct.11191
Taa.7774
taa.8130
scr.19023
ecd.831
ecp.3109
dpy.11723
scr.10793
spe.5732
spe.7351
ppx.22322
dpy.10242
dpy.12966
hym.10669
dpy.10464
sch.5353
Fsc.29913
spe.8217
taa.5607
ppx.2988
msc.7144
scw.7281
ecg.6780
ecp.6933
spe.34427
gys.217
sct.9041
spe.31464
fsc.14157
sch.5976
tae.370
trc.17437
ppx.7702
opv.9448
ppx.7644
Ecg.997
ppx.22667
dpy.17842
scs.15353
scj.2071
taa.5888
ecp.534
scc.17362
trc.7440
spe.5721
ppx.35767
sct.21642
msl.23305
scw.22045
fsc.13468
trc.11300
ppx.21714
msl.53413
msl.44573
fsc.2332
scw.10452
spe.9942
trc.266
ecp.16584
Taa.7942
scs.7807
spe.24396
opv.11251
spe.10563
sct.13739
tae.5696
Fsc.23616
spe.37448
ppx.11281
hym.8832
fsc.2791
Fsc.268
scs.3452
ecm.2890
dpy.9770
ppx.31889
scc.9187
ppx.16706
sch.7065
ecp.1431
hym.3036
sct.22234
ecm.10605
scc.5101
trc.14469
opv.13298
spe.8228
msc.1803
sch.4964
hyn.10834
Ecg.3932
opv.3521
scc.21266
ecp.442
scj.4514
ppx.5599
ecp.13462
spe.1088
Taa.1562
scw.4973
scw.11966
gys.11905
ecp.17612
spe.37440
scc.7082
trc.19885
spe.28941
scj.10169
Taa.10232
ppx.8830
spe.28104
ecp.18548
spe.5575
Fsc.24007
gys.14104
sct.17235
opv.687
dpy.18741
trc.18402
spe.27829
sct.1696
scc.3662
sct.1326
