

Taa.8361
sct.650
ppx.14700
msl.14755
sch.11137
Fsc.22813
scr.12696
spe.36079
spe.9919
Fsc.29230
scw.2390
Fsc.11052
spe.21332
smm.1675
Fsc.23103
scr.10567
ecd.9262
ecp.1907
tae.8445
sct.22451
scr.4630
Taa.5186
ppx.24610
ecg.8044
sch.11229
ecp.18022
spe.849
Fsc.29290
ecg.6566
scc.6384
scj.6105
spe.30886
spe.26094
scj.4171
Fsc.7668
ppx.4527
dpy.15181
gys.7169
scc.4740
ppx.3319
taa.7661
opv.7559
Fsc.28879
Fsc.18753
msl.35096
ecd.11012
spe.29707
scs.7785
scc.15845
tae.4138
ppx.15769
scw.14778
Fsc.24986
scr.1123
scm.11210
scw.6348
ppx.10166
msl.31526
ecp.10658
ppx.2502
scc.11077
tae.3709
Fsc.27223
sct.13996
dpy.16773
sct.20807
sct.15902
ecg.1707
spe.31406
ppx.17735
scs.3779
scc.18811
taa.6940
ppx.11176
scj.7116
scs.13181
scm.6560
ecd.8398
cln.1717
hyd.411
fsc.1601
msl.29387
spe.9433
trc.2882
trc.3224
htf.6603
msl.18868
cln.153
tas.8945
hyn.5239
msl.47224
scc.8546
hyn.3370
tae.6059
scr.8960
hym.3361
dpy.15730
Fsc.14244
ppx.17334
Fsc.4072
scj.3200
htf.4443
msl.45979
spe.21122
msl.50164
spe.37806
msl.39049
msl.31650
ecg.10134
taa.4325
hym.3678
msl.34668
ecm.5237
scw.24148
spe.25999
ecd.3307
htf.1923
msl.39980
gys.14400
taa.3698
ppx.15153
msl.48631
msl.47721
tae.8459
Fsc.23689
spe.18681
hyn.7150
tae.10738
trc.12669
scs.10175
sct.17625
ecp.15261
msl.14706
scj.7223
scw.4824
ecd.3960
scc.5068
spe.10314
msl.39248
ecp.1615
scc.12660
scm.4507
smm.3790
msl.30200
tas.1735
scj.7640
fsc.1907
msc.3292
hym.3572
cln.13370
dpy.18898
dpy.2685
ecd.10780
scm.7296
msl.45012
ecg.5955
msl.55411
ppx.26263
trc.3665
msl.4208
trc.17093
Fsc.25720
tae.2056
cln.9000
ecp.12937
spe.2805
msl.46887
htf.2499
opv.9247
tas.9021
msl.44135
spe.24922
Fsc.29741
sct.19498
hyn.4760
scw.73
dpy.13854
scr.14770
ecp.15205
Ecg.104
tae.11881
msl.433
cln.10871
hyn.9483
scm.10697
tas.11052
ppx.18957
scs.6263
msl.21974
opv.9077
msl.43478
cln.11513
scw.8919
msl.60167
Fsc.33410
msl.18787
ecg.5135
gys.4951
hyn.1188
taa.2942
msc.8731
spe.38268
msl.16070
ecp.14349
dpy.562
tas.372
msl.32616
scw.22172
gys.13631
ppx.34929
msl.14488
scs.9013
ecd.6074
scw.25345
gys.2058
ecp.6102
msl.5207
scs.3160
dpy.2166
sch.2819
tas.11539
sct.1421
msl.11920
msl.35879
spe.32903
tae.6337
taa.4514
msc.1721
spe.33568
msc.25
dpy.7231
msl.57467
scc.5007
msl.45635
ppx.340
scs.13743
scj.10949
ecg.4815
scr.11160
sct.9522
hym.3398
msl.37177
msl.25506
Fsc.19496
sct.22361
ppx.22574
msc.9750
tas.10261
scr.1701
msl.14556
fsc.5805
scc.5641
Taa.4747
scc.2350
trc.6545
trc.17101
scj.6206
ppx.4741
ecd.5064
taa.8273
scm.5291
spe.23948
trc.13407
scw.4276
msl.55271
msl.54510
ppx.2123
msl.31668
msl.2391
msl.2918
sct.14115
tae.3229
dpy.1093
tae.4215
ecp.5739
ppx.36146
fsc.7821
tae.9675
hyn.2193
gys.8686
taa.9023
msl.49992
Fsc.30555
msl.28657
msl.24296
ecd.1984
msl.13329
msl.29851
dpy.7967
opv.13917
ecm.8642
ecp.5760
msl.29841
ecg.287
taa.10581
msl.8692
spe.7658
msl.11156
spe.36951
hyd.3299
msl.7427
tas.2851
ecg.3572
scm.8308
scc.6995
msc.1408
ppx.31802
ppx.28572
ppx.13784
msl.51756
sct.8472
msl.53309
Ecg.9934
spe.1339
msl.24832
tae.7722
msl.40188
scs.1616
sch.6718
Fsc.10820
scr.17783
spe.13116
msl.40069
msl.31791
scr.22075
ppx.4618
tas.4853
scw.25180
scj.6629
trc.4979
ppx.12668
hyd.8566
sct.15810
ppx.472
hyd.10578
ecm.8314
taa.13283
scs.15901
scj.12485
scs.6771
spe.34545
msl.28529
ppx.14244
scc.20238
ecd.7440
scc.14710
hyn.1755
scc.6740
Ecg.6524
ecd.8175
ppx.130
dpy.5714
scc.23520
msc.8669
msl.53539
scw.1536
msl.59033
ecm.5670
msl.25976
spe.4724
scj.7340
hyd.5002
scw.17748
hyn.6800
ecp.16753
taa.217
hyn.8021
gys.5638
tas.4580
Fsc.17856
sch.7617
Fsc.8780
gys.14478
msl.59577
msl.5493
cln.2421
Ecg.9511
msl.37750
scw.1498
scr.16398
ecd.40
msl.33295
sct.15421
opv.9504
trc.14758
Ecg.3645
scs.9500
scj.1045
gys.2743
msl.42538
ecp.7466
msl.35690
ppx.37402
scc.12616
ecg.4805
tas.2836
scw.19354
ecp.13678
Taa.5776
tas.9558
tas.1631
scs.7500
trc.16928
Fsc.14289
taa.10843
msl.14522
dpy.2764
scc.17083
scj.8976
scs.14409
Fsc.52
tae.9876
scw.25538
msl.20381
sch.9733
fsc.4606
ecp.12307
msl.33774
taa.10383
spe.10842
scr.22261
msc.5628
scw.16254
cln.12207
ecm.8897
Taa.7685
Ecg.6827
hym.2904
ppx.8632
tas.1726
msl.59737
hym.48
msl.18888
scs.17035
tas.1962
htf.450
tas.1555
hym.1854
msl.47747
gys.12123
scm.6686
ecg.8714
ecd.32
ppx.26196
dpy.3833
ecg.4654
sct.13454
spe.12548
tae.6397
Ecg.3378
fsc.11696
trc.7992
ppx.14595
tas.7592
spe.21582
gys.11189
msl.55701
hyd.443
spe.30014
Fsc.7552
opv.1880
ecm.2373
fsc.6564
ecp.2942
scw.16354
msl.8599
scs.8267
scs.2478
ecp.13184
fsc.15272
hyn.5773
trc.14562
Taa.9132
Taa.7405
ppx.19026
Ecg.3824
spe.38688
taa.11967
trc.5955
htf.9485
htf.10835
Taa.3161
msl.27955
msl.29926
msl.33660
opv.16244
dpy.2435
scw.19244
msc.4568
ecd.5857
taa.4883
hyn.9502
tas.1207
scc.2875
hym.10633
scs.14534
dpy.11575
scw.14541
sch.10029
ppx.19119
Ecg.1942
msl.26665
ppx.6609
ecm.3625
msl.49289
scw.11186
ecg.4160
msl.28382
Fsc.14499
scr.10024
fsc.6848
msl.56093
Ecg.4038
msl.47356
Fsc.3920
scr.14933
msc.2337
tas.4734
sch.12339
trc.17814
gys.3339
ecd.3224
ecp.11795
Fsc.21686
taa.1719
msl.60275
spe.4548
trc.4596
ecg.2385
opv.4213
spe.11029
trc.1993
ecd.4345
scs.2814
Fsc.6473
spe.36414
tae.4042
spe.12360
msl.17355
Fsc.3266
msl.28356
scm.7873
dpy.10113
dpy.3150
spe.29774
cln.684
trc.20306
Fsc.17216
Taa.9845
msl.42671
msl.21044
ecm.9315
scm.3547
trc.2042
msl.55075
msl.28066
dpy.10940
msl.412
tas.6945
msl.5797
dpy.9595
trc.8303
dpy.784
scj.11634
ecp.14763
scw.11822
dpy.9417
msl.25157
tas.7429
ppx.32790
ppx.22709
msl.10067
hym.8721
scw.13867
spe.35579
scr.16924
gys.2729
spe.27128
scr.19875
ecp.8254
fsc.5435
msc.3
msl.41287
fsc.3778
scc.2229
scs.15837
spe.31961
sct.4815
tae.7114
hyn.3518
msl.81
scs.9023
msc.6549
ecp.12612
scr.6603
scs.13000
msl.39978
hym.1844
Taa.6866
htf.10408
msl.38076
msl.53211
scj.2238
scw.12269
taa.1242
opv.8492
htf.1219
fsc.6820
dpy.3259
ppx.2218
tae.3203
msl.18019
spe.816
msl.33687
msl.21018
scj.1125
scs.2003
scr.11196
spe.31351
scs.6858
msl.40817
scs.10845
msc.4783
scs.7272
ppx.17196
spe.23251
sch.42
scj.10536
msl.42882
scj.7087
scc.11051
trc.11044
scs.12460
msl.16895
tas.10714
scc.5158
smm.1694
msl.15281
scs.6329
ppx.19845
ecg.8435
cln.9171
scs.10052
hyn.11108
scj.7554
cln.5867
msl.27490
cln.5494
fsc.5528
ecp.7351
Fsc.659
msl.38452
scm.10720
scs.8589
spe.33692
tas.8936
ecg.9611
ecm.103
fsc.5380
hym.2547
ecp.7101
msl.57263
taa.5388
sct.5233
spe.33363
ppx.23691
scw.17376
trc.18697
ecd.2368
scr.5324
msc.4403
sch.12268
taa.604
spe.14052
taa.4416
htf.11580
opv.7704
dpy.4612
msl.17938
cln.9274
htf.9237
scm.9089
Fsc.26140
hym.6229
hym.2099
spe.6398
msl.45291
tae.9416
dpy.5582
Taa.9444
ppx.12418
ecg.6617
scr.20071
sch.7752
tas.4173
fsc.2120
msl.19597
scw.5648
msl.32106
msl.22993
smm.3149
hyd.7665
msc.1805
ecm.7691
fsc.10720
hyn.2430
msl.23502
Taa.6328
cln.13146
scc.3379
hyd.8304
msc.8006
msl.40898
spe.31332
hyn.2663
spe.3191
ecg.8903
msc.6344
msc.10074
scj.4823
taa.6189
taa.5719
msl.46203
hyn.10565
scs.6287
taa.5335
dpy.63
msc.5237
spe.12839
tas.12429
opv.3549
tae.4796
tas.4688
msl.40602
hym.7460
sch.4075
ecm.7645
hyd.797
ecp.14262
fsc.8565
opv.4806
fsc.3703
trc.6905
sct.18175
spe.31957
msl.45565
Fsc.17344
gys.7263
tas.1290
hym.7351
htf.9620
msl.57361
cln.316
sct.5192
Fsc.22305
msl.12312
dpy.2186
trc.10743
scr.13246
ecd.7578
tae.10772
taa.9624
ecg.9928
ecd.6974
hyd.10774
ecg.3919
ppx.8440
fsc.10754
Fsc.14580
scm.281
ecm.6912
msl.29230
msl.36780
ecg.9068
scw.15610
msl.27948
msl.24075
sct.11156
Fsc.23851
spe.6525
scs.9601
msl.7878
hyn.2778
scs.13103
spe.19688
scm.2551
ecd.4936
scw.1708
cln.8907
ecm.6115
msl.28102
scw.7003
Taa.5216
opv.11322
opv.230
fsc.5126
ecp.16362
msl.35795
ppx.28268
scc.12719
scr.3681
msl.39076
msl.33647
Ecg.8390
htf.3711
scm.5006
ecg.4883
Ecg.1535
ecg.9780
taa.3337
scs.12623
msl.33450
smm.3608
dpy.10246
cln.1861
hym.1054
ecp.11479
sch.1719
msl.10732
taa.4049
tas.7217
opv.4075
tae.7135
sch.4158
cln.3662
hyd.4759
msc.7187
msl.46843
tae.2221
fsc.9495
dpy.447
opv.1899
tas.590
msl.44333
cln.792
taa.9230
Fsc.16228
ecp.7505
taa.8750
opv.8103
cln.10473
ecm.2342
spe.31857
scs.2115
Fsc.27517
tas.5192
hym.7648
msl.43181
ecp.4291
spe.12233
msl.58162
hym.338
hym.11361
opv.7987
ecm.1737
tas.2011
spe.9791
fsc.9310
dpy.11668
Fsc.29185
hyd.2414
hyn.3779
htf.7824
scr.79
spe.21182
cln.4776
scc.15330
sct.18015
msl.49767
Ecg.4291
scm.6855
msl.26281
trc.17431
sct.8710
Fsc.22830
gys.2092
Ecg.8582
tas.10406
msl.53911
msl.4307
tae.9742
Ecg.3105
sct.14432
msl.6436
msl.17511
msl.35295
Fsc.25981
opv.15754
sct.11274
dpy.10009
msl.7242
opv.15806
taa.7378
msl.20892
ecg.6413
Ecg.1699
Taa.8169
msc.3375
hym.9635
scr.22737
ecp.15857
Ecg.8820
scm.7688
msl.15721
scj.662
fsc.12808
scs.19682
tas.5720
ecp.11019
ppx.30484
ppx.20831
scj.5143
msl.28691
ppx.21750
dpy.8455
ecg.6751
hyn.10808
ppx.8491
spe.1204
spe.3885
taa.531
ppx.5775
htf.3836
msl.14213
spe.12354
scs.15406
ppx.31175
scc.212
ppx.25493
ppx.20982
Fsc.15484
ecp.7903
ppx.11936
scr.6168
ppx.21608
scj.8488
dpy.1230
opv.10264
dpy.3298
dpy.10841
tas.2897
scr.18572
spe.16947
trc.11629
sch.1703
trc.19807
spe.1291
taa.10830
msl.7253
spe.5028
msl.9237
spe.34093
opv.2512
dpy.18536
trc.13946
ecm.2304
scr.6826
ecd.5995
ecp.1151
ppx.13042
msl.51042
scw.5999
spe.11841
msc.4894
ppx.25537
tae.6525
ppx.15357
tas.5356
spe.8756
ppx.37852
gys.11522
ppx.21377
smm.99
hym.6391
ppx.12750
tas.11230
ppx.27362
tae.45
msl.25525
tas.8126
ecp.16567
ecm.5217
hyd.5254
ppx.36264
ppx.5776
scs.7058
smm.1504
cln.3820
ecp.16636
fsc.7819
Fsc.17347
sch.5217
dpy.8527
ppx.15082
scs.17125
opv.8126
ppx.17766
hyn.4956
scr.21067
scw.19804
spe.10376
tas.9533
ppx.25122
tas.13082
scr.10067
hyd.7423
tas.1985
spe.12982
scw.15724
scj.3580
tas.7858
spe.13712
ecp.13568
cln.4816
sch.9844
tas.5862
tae.3079
opv.13589
dpy.8239
scc.11228
hyd.3103
scr.6369
smm.3539
ppx.6222
dpy.604
scs.9353
ppx.990
sct.5061
tas.4432
scc.9634
msl.17456
ecd.5793
fsc.10106
ecp.12144
spe.38095
ppx.12062
hyd.774
scc.21831
htf.5408
opv.4374
tas.11570
spe.2185
dpy.16231
Taa.3759
ppx.7132
fsc.12787
hyn.11802
dpy.3406
ecp.7784
smm.3358
scw.21943
scr.13002
cln.10135
ecp.17032
ppx.10357
spe.26687
spe.29621
ecm.8047
sct.11496
scr.14315
spe.39140
scr.19909
htf.9426
spe.16116
spe.3541
ppx.20354
msl.60255
hyn.5001
ecp.9122
dpy.19936
msl.50569
spe.592
spe.29145
ppx.6072
tas.6938
ppx.21780
scc.17379
opv.6198
ecm.9039
Fsc.3619
msl.26107
spe.16679
smm.1651
spe.36644
ecg.3082
scc.8420
scw.15397
ppx.11753
Taa.6252
dpy.17609
Taa.8559
ecp.14583
sch.11732
scm.4243
fsc.5188
ppx.26320
Ecg.4941
scr.2688
sct.15090
gys.10748
tas.10347
spe.1885
opv.14946
spe.11584
tas.2397
sct.13145
Ecg.4761
hym.10311
smm.1226
opv.6847
scc.8541
dpy.15178
smm.1737
spe.34373
ppx.33620
scs.16528
ppx.5132
msl.28419
scj.5867
scc.17940
spe.13089
scm.10013
spe.22637
spe.29318
ecp.1261
scm.1271
trc.7142
