

scc.12222
scr.10607
scs.16488
ecp.808
sch.906
trc.607
scc.3234
sct.1129
Fsc.17773
trc.7460
spe.22648
Fsc.29231
trc.8437
dpy.10713
msl.9557
sct.221
Fsc.22693
scc.18913
scw.14886
ppx.20186
scw.24191
trc.14236
trc.15000
Fsc.27252
Fsc.10439
ecp.13808
scw.20415
scr.14662
scc.22758
scj.7315
Fsc.18867
sct.4441
Fsc.18128
scr.16966
sct.10445
ecd.7064
Fsc.28270
scw.22527
tae.5451
scr.19016
scc.23296
Fsc.18291
sct.5950
Fsc.20056
ppx.19965
tas.10821
scr.16382
ecd.615
msl.33178
scr.14962
sct.4943
gys.11475
scr.14501
msl.9811
opv.15489
ppx.31665
trc.15674
ppx.8679
sch.8330
spe.5043
spe.3037
ecm.3388
scm.8560
scc.21033
ppx.25097
Fsc.30044
cln.5897
msl.30796
sct.12323
opv.7009
ecp.1647
scc.23300
msl.12561
ecm.3043
ppx.23511
msc.10372
ppx.12713
ppx.32565
gys.8331
tae.11860
ecp.2418
taa.11147
scm.227
spe.19695
Ecg.7177
msl.17019
opv.3868
scc.17849
hym.5189
ppx.35812
tas.1108
spe.24701
msl.44536
msl.19457
scm.6167
ecp.16377
opv.2768
ecd.2560
scc.9492
msl.19391
msc.10263
fsc.3742
scr.6268
ecd.7137
scs.1095
opv.5619
scj.5875
hyn.9559
msl.43040
tas.778
ecd.4360
hyn.12089
sct.22108
spe.4461
taa.12258
Taa.1782
scm.8586
Fsc.23028
htf.10104
opv.9006
msl.42779
ecg.5821
msl.31443
gys.2897
ecd.4717
scj.8358
fsc.10975
ecm.5984
msl.20480
sct.1815
trc.1492
msc.6785
tas.7527
gys.9421
gys.2491
spe.2625
Fsc.33262
opv.5884
sch.9560
ecm.8563
ppx.3815
dpy.11258
htf.7715
ppx.25327
cln.7055
spe.14759
scc.7540
scj.5685
msl.46484
cln.4414
ecd.9143
sct.3407
scm.7558
Taa.7428
scm.1322
taa.11733
sch.10678
Fsc.13394
msl.15460
msl.29163
msl.41511
ecg.9159
msl.40302
msl.10437
ecd.626
msl.55644
scc.16645
scr.2496
msl.10316
ppx.34668
fsc.5128
msl.57687
ecd.2609
msc.6302
msc.2934
scw.23958
spe.12132
msl.54696
ecm.9703
hyn.2135
dpy.2721
scc.2599
msc.8359
scm.6063
msl.39809
msl.35443
msl.37611
ecm.527
ppx.12275
Fsc.9335
hyd.1774
cln.10541
sch.9340
ecd.5193
tas.4326
ecg.5075
scc.1538
Fsc.6727
scs.15806
dpy.997
scw.24792
tae.6672
dpy.5831
msl.55678
ecd.2019
scc.20512
Fsc.1607
taa.9699
scc.4095
msl.18531
ecp.7961
hyn.13187
msl.37726
gys.6371
gys.10225
taa.1692
tae.7048
Taa.8317
Taa.307
ppx.15374
msc.9518
ecd.7690
ecg.5188
gys.11029
htf.8361
spe.20051
msl.13132
msc.6721
ecp.12070
ecd.9418
gys.9718
msl.4180
scj.782
msl.47534
htf.1618
sct.8562
htf.34
scw.12804
ecg.3226
msl.24922
msl.26787
Fsc.12844
ecp.10986
msl.5479
dpy.16727
ppx.27117
scc.2974
ppx.25843
scs.2312
spe.12573
Fsc.24437
scw.2855
msl.27899
hyd.7527
scm.8923
sct.4790
scm.3159
taa.5769
tas.5901
msl.13760
scj.7582
hyn.2589
hym.6934
scr.3902
ppx.18551
htf.1540
ecg.4652
msl.39477
scr.1899
msl.46365
scs.806
msl.29402
hyn.6995
fsc.5916
scj.3087
Fsc.5181
Fsc.14319
msl.23742
sct.11342
msc.2764
msl.44724
htf.3152
cln.2516
ecm.10120
msl.6909
opv.7893
msl.44681
opv.15895
tas.11073
Ecg.10131
tae.2470
msl.30759
scc.19598
sct.12061
msl.49790
scs.13467
cln.13221
sch.9572
Ecg.3724
scj.12438
msl.51055
spe.16535
tae.8718
msc.1198
sct.5112
spe.472
dpy.9463
ppx.8078
spe.24239
hyd.320
hym.1781
scw.6323
Taa.4736
ecg.2109
fsc.10039
tae.3276
sch.376
dpy.19221
tas.12234
taa.3568
msl.27943
ppx.35685
scw.10667
msl.59728
scm.6662
htf.8489
ppx.31939
trc.4423
ecg.3588
msl.54520
tas.4933
Fsc.3029
msc.5250
Taa.4989
hym.666
scw.21158
ecd.4526
scw.24290
scs.9348
cln.1191
msl.59401
taa.13041
taa.12473
Ecg.9284
scr.227
ecm.9407
ecp.4880
msl.50842
tae.2273
dpy.19455
msl.58389
hym.5569
scc.2695
scs.9436
scs.6520
ecm.7938
spe.9390
ecm.4404
tas.1460
cln.2814
scj.4331
opv.5715
ecp.16485
msl.6993
Fsc.28248
scj.9736
scs.12312
ecp.872
tae.10645
Taa.2434
scc.16106
scw.16592
msc.10455
msl.43211
ecg.5233
scc.19776
scw.21204
opv.10224
sch.7523
tas.9262
msl.33152
gys.6758
scm.6833
msl.24035
sch.11019
htf.3495
msc.906
hyd.6766
scj.2764
ecp.624
Fsc.5355
msl.57029
dpy.11929
msc.6364
cln.2336
hyn.3456
gys.1900
trc.2323
msl.46222
msl.34252
fsc.11081
gys.6968
tae.6032
htf.10271
msl.12026
dpy.3422
ecm.7789
scw.8672
msl.19472
Fsc.10676
hyn.12347
Taa.9137
ecp.9505
spe.913
tas.1155
taa.945
htf.11569
cln.8887
taa.9927
ecd.3422
spe.31978
cln.4466
scc.9643
scm.779
msl.53675
scm.3343
hym.10665
hyd.5091
taa.4798
scr.652
opv.7997
dpy.10702
opv.4587
fsc.12142
msl.59460
spe.32777
Ecg.4747
tas.3140
Taa.347
scj.11428
msc.1766
Ecg.2817
Fsc.2017
taa.12993
trc.683
msl.43633
tas.6558
ppx.4957
tas.11217
fsc.319
trc.3957
ecp.5931
hym.761
fsc.12372
scs.10871
Fsc.31111
cln.2364
fsc.6887
ecg.9904
msl.55901
htf.5142
Ecg.9921
sch.7156
ppx.13635
trc.2355
sct.13520
hyd.6038
Fsc.28656
taa.7448
scc.15710
taa.1332
trc.8026
ecg.6851
msl.58368
taa.2225
dpy.201
scw.7414
tae.2514
Fsc.21341
ecp.12003
cln.5486
scr.23066
msl.13682
tas.10208
sch.4465
scs.11341
scm.11029
taa.8607
msl.33822
scw.4143
tas.11839
scs.18160
ppx.31370
opv.3113
ppx.28410
spe.25591
msc.2732
tas.6729
hyn.574
sch.4854
msl.36916
msl.45833
sct.20156
tas.6701
ecp.17418
scw.18194
hyn.13094
fsc.3668
spe.2412
scm.5111
ppx.27237
sch.3204
scj.9330
trc.15722
scm.10026
ecp.4079
msl.44875
scs.14227
msl.60493
hyd.7513
ecp.2376
sct.16349
hyn.1255
scw.2951
spe.27435
msl.18517
tas.10440
opv.3607
spe.27949
scc.1611
msl.29088
scs.5655
ecp.4536
spe.23840
ecd.851
msl.40024
sct.2695
msl.44045
cln.2034
scr.9523
sct.1897
trc.4169
tae.7484
cln.10409
dpy.9328
scr.17984
tas.8605
msl.10581
ppx.22257
scj.9899
tas.1255
ecm.3005
scm.7397
msl.13399
scw.9812
scw.19924
scs.2320
msl.33306
ecp.3504
opv.15077
scr.4918
htf.1368
msc.5225
spe.28121
tas.11411
spe.13688
msl.8104
opv.1465
ecd.6988
hyd.10165
fsc.11632
opv.13087
scm.11287
msc.1620
msl.34176
tas.5445
taa.544
opv.12879
scs.12782
scs.10920
scc.20691
trc.5702
scr.21150
msl.26213
fsc.9854
tas.6370
sch.4933
hym.5032
ecd.3644
gys.143
msl.7699
scs.2246
msl.29792
trc.17658
scc.1470
cln.12217
msl.36758
msl.47279
scs.10186
scm.7821
ecm.8662
msl.11271
gys.3023
scr.7087
fsc.3600
hyn.5931
hyn.12815
taa.366
spe.12711
ecd.5602
msl.4175
ppx.8778
scw.209
hym.4457
scc.6411
msl.51819
tas.9248
msl.37471
sch.5053
msl.22126
tas.2420
scj.12596
ppx.6670
tae.10100
opv.7432
scw.24731
msl.39884
msl.42175
spe.31099
cln.12438
tas.4621
ppx.25971
sch.7593
msl.30022
msl.8051
msl.55287
ppx.34917
scw.16217
cln.12245
smm.220
ecd.9625
sct.15699
msl.10340
fsc.11276
cln.5122
htf.3537
spe.29212
sch.10566
cln.11944
cln.5626
sch.9865
ppx.15170
msl.48612
sch.1705
dpy.3401
Fsc.24573
Ecg.4065
hym.1144
msl.43402
ppx.8316
msl.45825
scs.16361
tae.7504
sch.971
taa.6716
hyn.1961
Taa.260
ecd.6856
scc.20164
Taa.7276
msl.16049
scw.4969
scj.10199
scw.845
tas.408
msl.44269
hyd.9575
ecm.7894
trc.11266
Ecg.1202
msl.34790
hyn.12011
Taa.8715
trc.1982
spe.13558
msl.46469
ppx.10549
msc.8566
scw.25043
hyn.977
Fsc.1662
trc.19010
gys.10698
opv.13772
msl.25203
fsc.14356
msl.45981
Fsc.28408
hyn.4034
tas.9047
ecd.3100
opv.15969
taa.2561
fsc.2829
trc.217
fsc.1362
tas.12180
cln.11645
trc.14198
msl.23939
hyn.4462
msl.6697
msl.44577
taa.181
Fsc.23385
htf.9092
msl.4312
scc.369
msl.25557
scc.15662
msl.49241
msl.12009
ppx.19908
scw.17592
hyd.2739
msl.16943
msl.14178
sch.6002
sch.5713
ecg.9343
Fsc.1541
hyd.7188
sch.863
scw.13939
hyd.4323
msl.54448
ecd.3551
tas.475
opv.7651
Fsc.23887
ecm.7849
taa.3341
scr.2988
msl.18248
scs.17058
Taa.2356
trc.2199
msl.38837
tae.12273
ppx.18746
Fsc.25885
ecm.9684
ppx.30322
Ecg.9873
scr.17570
ecd.8124
trc.14433
scm.5249
scs.2688
msl.37071
scw.4283
ecg.8274
msc.1834
msl.3986
msc.6743
opv.3347
scj.8419
scc.10887
ecg.6297
Ecg.1348
msc.202
dpy.10908
msl.55023
htf.4098
tas.942
trc.19744
fsc.4920
cln.1608
sct.14784
Fsc.17175
msl.44993
msl.35349
fsc.3486
msc.1048
ecd.6613
sch.5496
fsc.11576
scr.23428
ppx.4124
msl.50680
sch.10864
scj.6186
msl.29978
ppx.30128
Fsc.18577
msl.48519
scm.9118
Taa.9592
ecd.4194
taa.3039
dpy.18953
msl.41324
tae.3713
scm.10758
taa.2620
msl.4072
msl.13326
msl.34903
hyn.7463
hyd.226
msl.19044
gys.4859
scs.6228
Ecg.869
taa.2888
Ecg.4793
ecg.8707
opv.6050
spe.36863
hym.3050
fsc.4687
Fsc.2552
Ecg.2451
hyd.5993
msl.5149
msc.9424
htf.10241
scm.8090
scj.1163
cln.9822
msl.40835
ppx.28814
htf.8465
gys.14508
msl.20272
fsc.6514
msl.15981
taa.6165
Fsc.23329
trc.8435
msl.18399
cln.2475
taa.4628
cln.10316
ecd.2488
taa.2069
scr.8950
scc.8202
Ecg.10218
msl.59196
htf.8198
scc.20086
hym.8159
tae.10612
ecd.8681
trc.1109
msl.51486
msl.37827
msc.545
trc.15133
msl.19345
msl.51924
ecp.7315
spe.31320
tae.5136
msl.19087
scr.10688
sch.10521
scc.16445
sct.16393
trc.19682
Fsc.8887
ecp.14702
ecp.12707
ecd.316
taa.3771
scc.2931
ecd.7952
hyd.7701
scw.11309
scc.14677
taa.5683
tas.8497
scs.15442
msl.33703
hyn.4616
taa.13309
msl.38551
cln.9240
ppx.26355
fsc.3718
scr.6236
fsc.4868
msl.11062
scs.7574
opv.10120
hyd.7541
ecp.3482
tae.11896
dpy.3537
htf.5898
msl.25085
tas.1587
cln.2400
Ecg.9535
ppx.13949
ecd.2436
Fsc.26397
ecd.4819
Ecg.3061
ecp.13851
dpy.17485
ppx.36075
scw.12321
msl.13189
spe.28393
fsc.9921
spe.8167
trc.22114
trc.21510
ecd.8475
scw.14400
htf.4254
spe.38104
ecp.16429
taa.7063
spe.4921
dpy.3992
smm.94
spe.30612
ppx.32618
dpy.11609
ppx.31023
tas.5067
msl.55166
ppx.28361
gys.13713
taa.5700
ecm.2560
ecg.9931
scw.17908
cln.5127
scj.2079
gys.7032
sch.2505
scs.18722
scw.21816
opv.15457
scj.1655
scr.1093
hyn.12960
dpy.173
scr.7431
fsc.13525
scr.10102
tas.362
sct.5427
tas.8762
spe.4347
trc.20698
Taa.9897
opv.1928
spe.29966
scw.20100
ecd.4870
ppx.20666
ppx.4735
opv.534
Fsc.27515
ecp.7962
scc.19023
hyn.12776
hym.9832
ppx.35401
Taa.10251
gys.9975
taa.4173
sct.15305
ppx.18903
ecp.855
scw.15550
sch.2686
ppx.36992
tas.10184
spe.22886
ppx.11260
ppx.12407
ppx.10815
tas.12156
scc.5875
cln.7666
htf.10093
ppx.18293
scr.3391
msl.60061
ppx.10820
spe.4870
scr.13108
Fsc.16040
hym.5429
ecm.792
opv.12198
ecd.8754
msl.6304
scs.18508
spe.17371
hym.7175
tae.6416
spe.4082
scc.15212
taa.9637
msl.32855
scs.16009
spe.22678
Taa.2423
spe.6953
scs.11204
hym.12146
scw.6158
sct.5902
sch.1013
Taa.1659
sch.7864
spe.3942
spe.26983
ppx.33875
hyd.4600
hyd.1004
sct.14666
scj.7196
scc.5889
spe.9754
spe.29038
sch.976
hym.12368
ppx.22066
scc.14310
scr.4137
gys.6058
cln.8305
scc.22796
ecp.16891
Ecg.4129
ecm.1234
scm.1513
Fsc.4907
scw.3820
ppx.21207
msl.40779
ecd.2537
scr.17177
scr.17249
ecp.659
Ecg.5126
dpy.6910
ppx.26368
scc.5347
msc.4371
dpy.16271
hyn.12823
dpy.6785
opv.4527
ecp.11103
spe.38572
msl.50574
gys.14522
msl.20945
ppx.2777
ppx.9977
scs.18682
gys.6434
scr.15661
ecd.2456
ppx.35230
ppx.799
scr.19863
tae.1761
spe.19985
scr.17764
scc.9931
scs.16363
tas.6801
sct.21771
sct.3681
sct.14782
sct.3865
ecm.9807
gys.13230
scs.3005
ecm.1375
tas.9243
ecd.10747
ecp.1220
spe.22999
tae.4606
taa.7588
tas.2243
ecm.7712
Fsc.29976
scc.3566
msl.30761
dpy.8865
ecp.1768
scr.586
Taa.10055
scc.22637
dpy.17213
smm.1308
trc.2640
scc.10392
dpy.9444
ecg.3512
ecd.10081
ecp.3178
scw.13421
trc.17878
spe.20039
opv.7984
Fsc.7950
spe.35704
opv.6779
