

tas.3316
hym.5295
sct.1314
scj.12165
Fsc.23356
Fsc.21727
Fsc.30899
Fsc.19636
dpy.16292
Fsc.3542
sct.7174
Fsc.30696
msl.17813
Fsc.15014
msl.51240
Fsc.10408
Fsc.9418
scw.1595
scw.22555
hyd.872
ecd.9743
trc.21076
scr.14843
ecp.1705
Fsc.18478
scr.6152
ecp.1845
scw.12483
Fsc.30582
ecp.16080
scr.13270
ppx.14284
sch.10196
dpy.18889
ecm.7504
spe.22264
tae.796
smm.47
ecd.11431
msc.8426
spe.37158
sct.18160
dpy.16869
scj.9548
fsc.1565
Fsc.19945
spe.35504
scw.15272
ppx.14452
htf.6700
scj.4783
scw.6487
scw.10554
trc.7122
opv.12307
ppx.10769
ppx.32183
gys.4824
opv.4125
scc.5030
ppx.37784
Fsc.19632
trc.1427
sch.12608
hym.10290
ecd.4010
ppx.1879
scm.8263
ppx.1350
ecm.9404
scc.8397
tae.10581
scc.21793
sct.15867
Ecg.1716
trc.3528
fsc.13444
ecm.7498
ecm.9268
msl.59601
msl.53
scs.6705
ppx.11746
opv.13384
scw.679
scw.3215
scw.7734
scj.4510
msl.9769
htf.9441
msl.50532
ppx.10663
scr.6674
scw.3076
Taa.7010
Ecg.189
ecg.5733
cln.1409
msl.58317
ppx.17276
scr.8794
spe.19679
msl.29404
scs.19846
scc.1726
scm.5018
opv.2933
ecp.8647
cln.12187
scr.17296
scm.10745
tas.6326
hym.10643
spe.4172
fsc.9532
tas.4473
ecp.17074
ppx.4418
Fsc.28118
scj.9465
hyn.2268
scc.13242
msl.4430
scj.277
fsc.11773
scw.15200
hym.6795
dpy.11058
fsc.8235
ppx.23771
spe.26212
taa.7319
ecd.4695
ecg.7051
sch.2562
ppx.4114
ecd.2917
Ecg.746
scw.5584
cln.1930
cln.3184
scw.7680
hyd.7524
sct.5594
opv.8162
ppx.15879
sch.3096
opv.14835
ecp.10969
ppx.33539
ppx.28426
ppx.8062
spe.13996
scr.10547
tae.4029
scs.5608
Taa.4707
ecd.4843
scs.15349
hym.6766
msl.12115
hym.157
opv.8382
scr.6836
msl.26001
scw.23596
Taa.5887
ppx.24904
cln.6111
tas.7707
scw.10322
msl.15486
ecd.1403
tae.7926
msl.23957
ecp.11181
spe.8421
dpy.17182
Ecg.6769
scr.19524
tas.2815
fsc.12900
hyd.10194
ppx.26615
taa.10798
spe.31463
Ecg.5673
hyn.11558
msl.30963
msl.9683
scr.5950
msl.40621
msl.48247
tas.3433
tae.7512
msl.3932
msl.28507
htf.4351
Ecg.2595
scs.86
hyd.8329
msc.7388
ppx.235
scw.10551
tae.3710
msl.26244
tae.10658
ecg.3418
cln.4580
ppx.3425
Taa.9435
ppx.34102
sch.12644
scr.4349
tas.12806
taa.6816
trc.11502
ecp.996
scw.25265
msl.57265
Taa.439
opv.10469
msl.16335
msl.11226
msl.13484
sct.17378
hyn.5163
msl.42549
hym.6732
tae.12351
Fsc.7498
scs.18565
ecm.7992
ppx.31951
ppx.34638
htf.7457
tae.10255
scr.2968
sch.12929
scw.25282
htf.7867
msl.60159
msl.58014
cln.5389
trc.21865
hyn.10557
taa.1972
cln.8076
msl.59242
scs.12497
msl.12036
ppx.1052
scs.6379
cln.8130
scw.20704
tas.12311
scr.17283
opv.2779
opv.9492
ecm.659
scm.116
Ecg.5232
Ecg.7492
gys.2435
cln.8542
taa.2765
tas.8698
opv.4977
cln.6401
scm.6807
msl.23312
msl.18892
msl.17156
msl.19840
taa.3686
tae.7860
msl.48647
msl.47734
dpy.1466
hym.8019
taa.7426
msc.4395
ecg.929
dpy.15117
scr.9371
htf.6058
sct.2629
fsc.1592
ecp.9399
scs.16096
trc.14240
hyd.8444
ppx.25230
Ecg.6379
gys.14680
taa.6224
msl.3452
msl.4930
hym.9503
scc.19813
tas.5650
scj.12435
scj.11917
trc.2942
scs.16366
spe.15811
fsc.3149
Ecg.697
fsc.11028
ppx.27140
tae.9136
scs.12440
msl.12085
ecg.5313
ecp.1098
dpy.2804
opv.8401
hym.6758
cln.11233
Taa.1999
ecp.1117
msl.50123
dpy.215
fsc.6789
msl.45691
ecg.9226
sct.6942
hym.3637
spe.24812
tas.11165
ppx.22219
hyn.9510
scs.12677
hyn.340
scs.9680
fsc.11158
fsc.9572
Fsc.18052
Fsc.30176
ecd.6717
Ecg.9987
taa.4013
scr.17491
ecm.3966
spe.20517
sct.6750
scc.17342
hym.5485
ecm.7807
msl.34070
taa.7406
ppx.14986
opv.9433
msl.9991
msc.1662
Taa.7253
ecp.9023
scw.24070
spe.3660
ecd.2653
spe.6975
scm.9299
ecm.823
tas.3002
msl.260
taa.774
taa.10600
msl.22153
spe.21806
ecp.879
sct.22225
htf.3360
Ecg.6135
dpy.5408
trc.10142
msl.5516
cln.11360
ecd.457
opv.6670
hym.4762
hyd.7645
scc.9101
msc.50
ecm.6351
msl.18054
msl.40973
ppx.8536
Ecg.6318
hym.5649
hyn.3640
scj.5234
Fsc.2497
msl.28050
trc.5694
taa.5187
taa.8668
msl.51034
scr.15303
dpy.13587
tas.4121
ecp.1504
scw.6229
scw.14928
cln.12532
scj.10473
Ecg.6554
ecd.1330
tas.11401
scc.14643
scc.11199
ecm.2692
taa.5315
Ecg.7501
sch.4057
scs.7778
msl.51234
spe.16689
Ecg.12
ppx.26306
ppx.9656
opv.8740
scw.12082
ecp.10700
scc.12108
tae.7109
dpy.15219
opv.14737
Fsc.2359
ecd.4262
trc.11983
scc.9385
trc.2390
ppx.32676
msl.39975
opv.2531
hyd.9369
msc.9071
msl.38958
scw.559
msl.35211
htf.11300
cln.6771
ecp.2123
ecp.3730
scw.12155
scc.11653
msl.58942
trc.4475
hyn.12802
Fsc.30074
ppx.20520
ecd.2974
scs.10226
Ecg.7747
spe.15154
cln.6267
msl.20220
msl.1351
gys.9288
hyn.11998
dpy.10886
scj.11694
taa.8513
ecd.4917
ppx.29795
ecg.8648
dpy.9427
tae.8233
scs.3662
msl.46905
ecm.5179
scr.14466
scm.244
trc.1549
ecg.7185
ecm.6386
cln.1377
dpy.4922
ecp.3875
ppx.34169
msl.31626
ecg.8145
tae.5224
gys.8270
msl.6753
msl.50737
hyn.2625
trc.16719
trc.9048
msl.32075
cln.11939
msl.29448
scc.19186
Fsc.8022
sct.18870
hyd.10932
Taa.7719
ppx.2424
Taa.8652
msc.7642
ecm.7561
ecg.1265
msl.29519
msl.21600
scm.7884
tas.6024
ecd.7624
ecp.7173
Ecg.7561
tae.1354
ppx.12902
taa.3243
ecp.5486
scs.7663
trc.12027
scs.13857
msl.53758
sct.15631
taa.9174
trc.15602
scc.12576
ecp.2081
ecp.2373
htf.7389
scr.17506
dpy.5591
hyd.7495
sch.1194
ecg.812
scr.4323
sch.2694
cln.6657
htf.9370
spe.1823
dpy.9704
hym.261
trc.15650
scs.6314
htf.9062
scc.13138
hyd.3868
fsc.3667
msl.27981
scj.2050
msl.45652
cln.13173
ppx.15312
taa.2393
ecp.17650
opv.605
msl.41912
ecg.10070
msl.27359
msl.59896
msl.19776
trc.76
taa.4774
ppx.20006
Taa.2827
scr.5576
ppx.11829
scr.9868
hyd.3750
gys.7688
taa.9173
msl.38762
msl.43831
hyd.1038
cln.599
htf.8501
scj.5474
sct.9131
opv.15828
fsc.13091
msc.864
msl.55258
trc.12116
ppx.2107
ppx.22324
opv.1124
ppx.6045
spe.18267
ecd.7296
spe.12805
Taa.5964
tae.4125
ppx.1238
msl.7156
ecd.7312
sct.7447
scc.9371
tas.4428
spe.38281
ecd.1236
opv.7485
fsc.12158
hym.7733
msl.4466
ppx.18892
ecd.416
ecm.3375
opv.14019
hym.2766
msl.42008
msl.6104
Fsc.3370
Ecg.9173
cln.7373
hyd.7126
scw.11124
opv.14444
taa.6516
taa.3088
ppx.23575
msl.31922
cln.7122
msl.2716
trc.4675
scs.15387
ppx.19992
ppx.26522
spe.25403
msl.55970
htf.1432
scs.5779
ecd.380
msl.25107
ppx.30500
msc.5836
hyn.10288
ecg.356
scj.4374
gys.2637
msl.53588
ecg.5714
scw.16580
tae.11098
fsc.9661
scr.8444
scj.6602
tas.565
tas.2273
taa.3823
Taa.9202
msl.34648
ecp.18552
msl.19
msl.54500
msl.40590
tas.7074
Taa.7689
ppx.3629
scs.13051
sch.10011
sct.5743
ppx.22449
ppx.13022
scm.11602
tas.3835
scc.12388
hyn.10059
scw.15900
ppx.153
sct.627
sch.9085
Ecg.4848
ppx.1742
ecg.3195
ecd.8694
sch.9373
msl.2072
msl.32583
opv.5707
Fsc.721
ecm.91
scw.6037
msl.28431
hym.10130
hym.5758
scc.13691
msl.49405
htf.8672
htf.196
scj.6476
spe.14770
htf.6398
tae.11363
scw.19046
ppx.8005
msl.29773
spe.3783
spe.24163
msl.43270
taa.2314
gys.10694
tae.10569
sct.5982
tae.12229
msl.44053
ecg.3124
ecd.5140
ecp.16876
msl.12819
sct.1677
cln.8577
scs.18536
scr.2471
msl.49718
Ecg.1333
ppx.17639
sch.8627
scc.4514
htf.2979
cln.10046
ppx.21059
Fsc.1049
scm.8651
scr.13903
msl.47156
gys.10257
scc.21826
fsc.2781
scr.9951
msl.38199
Fsc.8316
msl.46998
msl.41407
hyn.13298
spe.2281
trc.9704
scm.3635
tae.5817
trc.16487
msl.3950
msl.49080
scw.22090
opv.10814
dpy.504
scc.6823
hyn.5025
taa.9426
hyd.2223
Ecg.9752
msl.99
scj.654
htf.8211
tae.10309
tas.12580
msc.1322
msc.6021
trc.4218
ppx.3959
scm.303
sct.8338
scc.7477
ecm.10299
scm.8828
Taa.5387
cln.9092
fsc.9379
msl.11242
ecp.6879
Ecg.3355
Fsc.27872
cln.9357
scj.449
scm.2624
dpy.406
gys.14676
hym.12149
taa.7941
msl.48426
ppx.17667
scm.10783
Taa.699
tas.1487
tae.1941
ecd.1533
ppx.23428
hyd.5644
scw.22436
scj.5649
ecg.241
hyn.10902
fsc.3488
msl.7727
dpy.11112
msl.10028
ecg.3663
taa.6395
spe.29691
trc.1567
ppx.13823
fsc.13052
msl.20836
ecg.7314
hyn.11111
scw.13346
scr.13133
dpy.3767
hyd.1433
msc.8061
scw.25619
scj.8752
sct.114
scr.3947
ppx.24716
msl.47037
scs.14553
scm.2090
trc.3162
dpy.4441
tae.191
fsc.13160
fsc.12116
spe.13186
hym.1154
sch.12774
ppx.8308
msl.54048
hyd.5405
sct.21648
Ecg.122
scj.7231
scr.6815
ecm.3272
trc.5482
hym.2604
msl.49020
ecg.4163
hyn.1893
hyd.5815
tas.5305
ecg.3558
msl.17623
Taa.2034
scc.6297
ecp.14469
msl.41620
ecm.9952
scm.10652
msl.24386
msl.19625
opv.2372
ecg.7520
msc.9620
msl.8425
spe.25150
msc.5051
ppx.20180
tas.10536
tas.11896
hyd.9289
scw.4239
taa.8163
Taa.851
scc.17469
hyn.2420
ecd.3922
scs.8110
spe.32574
opv.15150
scm.1083
ecp.3224
spe.29565
tas.10231
sch.2280
scs.19165
tas.2511
Fsc.20472
cln.3016
fsc.15336
hyd.6303
hyn.54
msl.18347
spe.7016
Taa.2231
tas.3877
opv.8734
Fsc.16731
gys.14052
htf.3715
spe.13668
cln.5244
scr.2639
Fsc.9326
scw.8477
tae.5033
tas.13130
gys.9264
taa.10765
cln.744
scr.13195
Taa.4528
hym.2177
opv.2945
dpy.59
ecd.5678
msc.9800
ppx.32380
scm.4612
ppx.13154
tas.12593
spe.21823
ecd.7979
hym.7089
taa.5521
opv.193
msl.43873
scm.5930
opv.3715
spe.20583
scs.19175
ecg.3062
ppx.8410
msl.28098
ppx.15602
spe.20110
scc.4097
ecp.730
spe.31305
msl.41325
ppx.28143
ecp.8711
msl.10896
ppx.36526
tae.9260
msl.15691
hyd.5279
msl.53383
trc.18803
Fsc.30420
scc.6115
msl.47453
fsc.13112
Fsc.20832
ecp.559
Fsc.7815
tas.11847
hyn.179
htf.1997
ppx.29342
msl.54208
scm.8800
scc.10291
Taa.4964
scr.15113
dpy.17526
scm.4401
scr.21965
spe.12444
tas.11571
spe.30980
tae.5794
sch.9860
scr.16342
msc.3305
ecp.14491
sch.9272
ecm.2336
ppx.29088
ecd.6738
dpy.3538
hyd.8017
hym.10923
taa.4721
spe.20038
scr.3
ecp.1410
gys.5375
hyn.6110
msc.10202
spe.2077
spe.18039
gys.5377
scs.20043
sct.8660
spe.14526
sct.826
tae.174
scj.6870
scw.13689
scc.1645
fsc.3734
spe.5044
ecp.12711
trc.20044
scw.5891
ppx.26914
opv.2034
ppx.29526
scr.8543
scw.18177
htf.2341
Fsc.7542
msc.3862
opv.13851
sch.8696
opv.9768
fsc.4476
scs.18836
ppx.5229
hyn.6734
ecd.10257
hyd.6476
fsc.6072
tas.8718
fsc.9515
fsc.7856
ppx.23921
scs.10683
dpy.8705
scs.13658
ppx.24435
scw.18895
ecg.4759
sch.9408
gys.13240
opv.1534
sct.4120
scr.20688
scr.7390
cln.1374
msl.23710
spe.18163
ppx.9188
scj.1676
opv.968
trc.17652
scr.19350
ecp.17569
ecd.7247
spe.5631
sct.22806
msc.6992
gys.14360
trc.637
scr.17801
ppx.7089
scc.20387
scw.15939
ppx.21887
spe.11938
sct.13822
taa.7637
ppx.30948
spe.32072
spe.25937
Fsc.7222
Fsc.22719
scc.1944
ppx.7398
ecd.2559
fsc.12153
ppx.7131
Taa.6956
scw.7267
taa.11661
scr.4998
opv.5729
scc.546
Ecg.9726
scc.6865
scj.6273
trc.13394
ppx.29951
trc.10443
ppx.1220
sct.18127
ppx.31462
ppx.4241
spe.3450
Taa.3093
ppx.31355
Fsc.14811
spe.9501
ppx.17353
gys.10781
opv.3359
sct.3286
scs.15544
hyd.5634
sct.3313
sct.2059
hyd.7036
ecp.10155
Fsc.32301
scr.19119
spe.39283
sct.16326
ppx.35490
scr.18109
dpy.14722
gys.14959
Fsc.6053
scc.2279
scc.18183
scj.6921
Fsc.3410
spe.8481
spe.20552
scc.2084
opv.8990
ecg.4274
scr.5220
msl.36201
gys.13527
spe.30406
taa.10943
gys.5402
spe.30478
scc.803
hyd.5836
opv.9468
dpy.15358
hyn.10099
opv.11242
trc.15181
ppx.18706
scr.9545
gys.7519
scw.10825
htf.4717
