

scr.818
Fsc.368
scs.9995
msl.49369
Fsc.22956
scc.8100
scw.3333
scc.10882
Fsc.32255
ecd.8903
trc.1153
Fsc.18928
scr.12386
Fsc.30012
sch.4674
Fsc.11869
Fsc.3148
spe.19328
tae.1073
ppx.11924
trc.21321
ecd.904
scs.20138
trc.16476
scr.18306
msl.55495
scj.7664
trc.18494
hyn.4668
spe.15581
gys.12224
dpy.19361
ppx.36911
sct.2447
scr.97
scw.5637
sct.4072
Fsc.12414
Fsc.12132
scm.5090
scc.7638
msl.45300
smm.92
scr.7304
ecd.6099
ecd.11302
ppx.9439
scc.1116
ppx.31017
scr.4937
Taa.9891
scw.3718
dpy.19425
scr.5960
Fsc.20545
trc.13798
scr.11454
hym.5317
ppx.30586
spe.37272
spe.30170
ecd.10415
msl.21749
scw.11700
hyn.12088
ppx.32510
msl.49049
ppx.357
dpy.5150
scc.15919
Fsc.31932
scc.4980
trc.18512
opv.15036
scw.18710
tas.9123
Ecg.6689
ecg.3530
sct.11149
taa.13212
tas.8275
scm.9415
cln.3045
msl.45260
Fsc.27576
msl.7591
scs.3758
msc.2695
scr.6545
sch.9797
scs.14530
msl.40146
scm.2069
msl.5723
taa.7417
ecd.5072
tas.9396
msl.21794
scc.19277
opv.5485
taa.1500
scs.3463
taa.968
ecg.9382
msl.20397
sct.11040
msl.24080
ecp.11024
scj.1594
tae.10102
gys.4559
ecp.3458
spe.9819
htf.6882
opv.8604
opv.3915
msl.47380
Taa.1021
scs.2891
scr.18212
scs.19755
ppx.11074
tas.9499
msl.6490
Taa.1234
msl.36941
dpy.16117
taa.4574
ecp.14135
ppx.33362
sch.563
cln.1560
opv.14385
msc.9987
Taa.5542
scj.6037
hyd.2579
fsc.2422
hyd.8953
scm.7908
htf.908
opv.1035
sct.13125
scr.12743
tae.11937
tae.294
sch.1654
ecg.730
hyn.3223
htf.1917
sct.8855
scw.1878
Taa.6146
cln.10304
ecd.2494
Ecg.6337
tae.11473
gys.13599
dpy.2810
htf.10240
Ecg.6201
sch.141
ecm.10272
ecp.8426
tas.7535
spe.11530
ppx.1409
msl.37839
msl.20320
ppx.15320
Taa.760
hyn.10126
msl.51137
htf.9891
msl.25925
tas.2506
taa.3138
Ecg.7876
spe.5157
scc.18871
msl.59317
hyn.44
msl.18354
tas.10613
scm.10324
hym.552
scj.11232
hyd.10272
ppx.3190
scs.11671
cln.9633
msc.7143
Ecg.4
sch.2035
ecd.8077
scc.3483
scr.4645
msl.48918
opv.5732
dpy.3925
sct.240
sch.9467
msl.59934
msl.35192
spe.23510
ppx.11403
spe.38941
sch.6497
ppx.24766
htf.412
dpy.7516
msl.25613
msl.52413
Ecg.1195
cln.6880
tae.8431
dpy.5436
hyn.13201
ecp.3636
taa.5812
scs.7183
sch.2137
htf.7988
trc.8095
fsc.5713
tae.9116
cln.7994
Fsc.32008
msl.4663
fsc.7494
scr.12342
tas.7227
scs.16259
ecd.8386
tas.3539
trc.16918
ecg.3529
spe.34078
scc.5291
msl.48863
ppx.21825
msl.41010
tas.11843
msl.57975
cln.5388
msl.48074
opv.4546
msl.47938
spe.13113
scw.6360
msl.34528
dpy.10664
opv.4267
ecd.876
msl.20888
ecm.6850
scj.12368
hyn.12358
ecg.6896
msl.22288
fsc.8943
msl.54104
msl.42597
ppx.26317
spe.23003
Taa.4566
spe.19418
msl.35120
ecp.8655
spe.17704
scm.766
spe.19057
scs.8662
Taa.3896
scc.8428
scc.13797
scj.12102
ecd.4334
ppx.3966
sch.5101
fsc.12130
ecm.5559
spe.1853
msl.1928
sct.6701
opv.1795
hyn.7887
hym.4338
msl.43330
Taa.4608
hyd.4203
scr.12195
ppx.17896
tas.6560
msl.34184
taa.4666
scr.17934
tas.7981
ecp.7569
msl.47565
opv.3275
ppx.11231
msc.9874
spe.32698
ppx.29624
taa.10677
gys.13175
scr.13365
scr.3321
scw.3836
scc.14594
Ecg.7339
Fsc.13647
tae.11445
ecp.4571
sch.3404
tas.4606
trc.19374
sct.1381
hym.141
trc.3516
spe.38873
msl.15100
Fsc.9019
scj.7570
ppx.17748
spe.6588
scw.19256
sch.11517
scw.19292
msl.41958
Taa.911
trc.11851
sct.5681
hym.10600
scc.8478
htf.2163
hyn.6780
ecd.4384
scj.1507
ecp.6449
msl.35929
scr.12519
cln.8835
ppx.7685
msl.59177
cln.6793
ecm.3593
Ecg.176
sch.6070
ecd.4108
gys.5221
Fsc.239
scm.5782
spe.33421
ppx.2149
ecp.7658
hyn.1072
ppx.34692
scw.10902
ecp.12191
trc.12974
Fsc.1389
sch.10329
htf.4044
ppx.26553
opv.12645
scs.17841
scm.3465
smm.3596
opv.13826
msl.1407
Fsc.21413
msl.44550
scr.20120
spe.3483
tae.6485
msl.54662
ppx.14408
msl.16300
msl.32498
ppx.22850
tae.3995
hym.12070
ecd.2298
ecm.2779
msl.30113
hyn.8339
msc.1547
scm.6978
ppx.23531
ppx.28895
tae.8870
tae.4481
scc.7610
htf.5741
fsc.15365
opv.667
tae.4863
tas.624
hyn.10545
spe.30564
ppx.10337
scw.16654
taa.9165
spe.7881
opv.4295
msl.37653
cln.1040
sch.5183
scw.7545
hyd.10170
fsc.2413
Taa.4078
tae.4518
hym.3155
hyn.9231
Taa.751
tas.6049
cln.9200
htf.7165
scm.5980
ppx.497
dpy.10337
tas.6449
spe.24255
msl.4812
scw.24416
spe.23698
scc.18688
tas.3155
ppx.35377
Ecg.5704
sch.4242
scm.985
msl.20076
ppx.12524
scw.3831
hyn.10858
sct.14323
opv.10257
tae.5471
hym.10592
ppx.22802
spe.17989
ecm.7039
Taa.2086
sct.15722
fsc.1247
ppx.8745
spe.24
msl.981
scm.9868
spe.6960
msl.57090
msl.9340
msl.19791
tae.10986
htf.5648
msl.29676
scc.11519
spe.27460
fsc.4461
Ecg.4632
ecd.530
htf.8413
opv.10327
taa.11025
scj.6241
ecm.1708
ecm.3536
gys.6630
msl.17416
msc.2276
opv.7858
ecm.9064
msl.3301
hym.8616
msl.12853
cln.13107
ecg.9891
msl.40243
msc.2023
scj.954
ecm.10137
ecp.10285
msl.37104
msl.40562
sch.12952
scs.5498
msl.42581
spe.35700
msl.2555
msl.5292
msl.12363
ecd.7475
msl.28611
scc.19622
trc.13383
fsc.4747
scw.5686
cln.11532
fsc.13837
msl.36587
msl.58442
ppx.10870
trc.2827
msl.36031
Fsc.3497
opv.12966
msl.40330
scs.4580
scc.1634
spe.22986
Ecg.8324
cln.7296
spe.8837
spe.29398
sch.6284
sct.17187
Taa.9390
smm.440
sch.11811
scj.2617
hyd.6959
ecm.8091
msl.52477
ppx.28475
ppx.8030
msl.54736
scc.8201
ecd.5363
msl.14622
ppx.22946
scs.4907
ecp.8367
scm.2961
htf.815
taa.1745
scs.14098
tae.10183
opv.9217
hym.9513
hym.2694
scw.23595
ppx.10845
Taa.6352
spe.11489
ppx.432
sch.11920
msl.50113
hyd.6826
taa.9995
msl.52984
sct.18476
ecp.393
ppx.26591
gys.774
Fsc.32308
scm.8504
ecg.2812
scc.10759
msl.55492
opv.15821
scw.20333
sct.20900
msc.8873
ecd.9689
fsc.2612
tas.5260
scj.6753
scs.5318
msl.37586
spe.21157
gys.6811
ppx.18474
tae.9235
Ecg.2562
Ecg.8350
scs.12914
scr.3961
ppx.200
scs.14257
Fsc.623
tas.3048
htf.1911
sct.8590
opv.16039
dpy.16272
Fsc.13153
spe.24930
ecg.6637
Ecg.5738
sch.4878
scr.20160
scm.1360
tas.8585
fsc.7258
scr.17374
ppx.16210
htf.10743
trc.20461
fsc.5727
msl.17280
gys.14019
taa.5966
trc.14785
spe.18415
scj.12661
spe.23419
msc.6158
spe.10385
hym.3404
trc.2214
gys.4330
ecd.2680
ecm.2302
scm.1948
scs.6182
scr.17560
hyd.6931
htf.2731
fsc.15172
msl.5424
Taa.1864
Taa.5449
fsc.9959
hyn.4839
Fsc.20271
trc.19936
scw.1558
taa.11500
msl.56035
fsc.5975
scc.1945
htf.2089
ecd.4642
ppx.37461
msl.39064
spe.5875
opv.9706
Fsc.23595
gys.9137
hyn.10178
msl.228
ecm.9427
ppx.15454
scs.12655
msc.4938
smm.3636
msl.29479
fsc.9519
fsc.8639
taa.5326
cln.11460
Taa.7764
fsc.12101
msl.20033
taa.678
ecd.4243
fsc.5807
fsc.10405
htf.7642
scr.14085
sct.1547
ecp.6814
fsc.15089
trc.20908
sct.20096
msl.25376
msl.35604
scc.14842
spe.10890
gys.9796
cln.92
ecd.114
scw.23214
msl.41380
ecg.9721
spe.4710
scs.12682
scj.5356
opv.9141
tae.12270
scs.8227
msl.18568
ecd.3923
msl.35326
msc.682
hyd.379
hym.7753
ecp.3601
msl.21090
scw.3084
spe.9785
spe.96
gys.15407
scr.8917
msl.32809
Ecg.9114
hym.5978
ecp.6756
htf.9304
msl.30138
sct.11588
taa.6571
gys.315
ppx.36382
hyd.4438
msl.49198
scr.20470
sct.5012
scs.9650
dpy.9588
sct.2286
gys.3525
ecd.11440
scs.3714
tas.10638
sct.7797
scs.13106
dpy.5235
tae.1748
ppx.25040
dpy.16053
msl.35892
sct.14564
sch.1367
msl.16538
tae.2349
opv.11375
opv.12922
taa.5711
ecd.1749
scc.14836
tae.5532
ppx.15574
ecd.2604
scw.17404
taa.6536
ppx.20476
dpy.5852
msl.57615
hym.3503
tas.8849
fsc.779
tae.11739
sct.9744
scw.10503
msc.5306
ecd.1222
scw.16777
hym.9398
msl.16838
tas.150
sch.644
msl.9403
opv.8483
trc.3537
fsc.5734
sch.6618
Fsc.286
trc.13240
hyn.739
ppx.6125
spe.180
Ecg.6326
sct.21487
cln.7375
scr.5042
htf.2669
sch.1552
scr.194
fsc.9489
scj.12407
scc.295
msl.47693
scj.9955
tas.1315
scs.8283
msc.5180
ecp.7799
Taa.423
scr.1602
hyd.317
Ecg.4516
Ecg.8150
gys.10444
gys.1195
opv.12405
trc.7593
fsc.15069
ecp.8288
dpy.4364
msl.55294
fsc.8531
spe.18387
cln.12250
msl.54490
trc.17344
tas.6456
msl.10350
spe.36627
Taa.7306
tas.1224
ecm.4522
ecp.14659
Ecg.1478
hyn.13349
scj.11065
Fsc.10259
msl.41716
Ecg.9336
scj.9470
sch.7372
htf.10817
ecp.3007
spe.31087
spe.27058
trc.697
ecd.4722
sch.968
ecp.14970
fsc.14941
fsc.3640
msl.8673
cln.7192
scw.10070
opv.5770
scr.15510
hyn.7653
msl.53734
msl.41982
trc.20186
opv.10197
msc.9277
scw.17535
ecp.1237
msl.34760
Ecg.328
cln.9425
msl.53327
msl.17078
Ecg.7317
scc.9063
ecm.5413
Fsc.9440
ecd.1916
msl.13527
scr.11973
scr.9521
scm.6102
ppx.20613
ppx.18172
Taa.4693
Fsc.29637
spe.3517
hym.5368
ecg.5656
spe.14273
msl.26581
ecm.764
cln.9890
msl.11655
taa.10889
sct.7340
Taa.4452
fsc.7068
Fsc.32426
scw.6316
cln.6579
Taa.9149
sct.7934
spe.35186
ecg.6075
scw.17406
msc.3690
fsc.3466
hym.10239
hyd.10840
msl.35479
scj.9563
Fsc.397
hym.8043
Fsc.18414
ecp.2892
cln.5917
fsc.12178
scw.183
msl.34114
tas.11292
cln.13189
scm.7031
msl.24705
ecp.10733
cln.11871
ecg.5561
fsc.9420
scc.5827
ecp.12252
ppx.16655
msc.6436
sct.9755
scj.10396
scw.6454
taa.9449
scw.15552
ecm.5449
fsc.3214
spe.6862
scw.1603
dpy.15560
scw.14376
ecd.1068
msl.27769
opv.12861
opv.12829
ecd.6968
ecm.9227
taa.11493
spe.1083
ppx.30820
tas.9744
opv.2273
msl.42690
fsc.3860
gys.8091
dpy.11487
tae.6011
fsc.12035
sch.7017
htf.8576
tae.9814
spe.18229
msl.1820
Fsc.9106
ppx.36632
htf.5228
ecd.1780
ppx.18587
scc.6320
ppx.15545
tae.4690
msl.50412
taa.6322
dpy.2087
dpy.1892
Fsc.27108
ppx.33339
ppx.12724
sch.3120
ppx.25905
dpy.17702
taa.9123
sct.16320
ppx.14651
dpy.4240
spe.16640
dpy.18273
msc.2311
spe.36704
dpy.1347
taa.28
msl.23410
hyn.7121
scc.1681
hyn.10875
fsc.15549
htf.4430
spe.5081
sch.2316
ppx.5934
hyn.2616
ecg.6104
dpy.14365
ppx.31526
scc.16547
trc.21781
trc.7890
msc.9780
msc.824
dpy.12038
hyd.10574
spe.16608
trc.20105
msl.30909
hym.12028
taa.7256
scj.9929
spe.24265
ecd.10920
gys.8296
scr.19728
tas.7271
scc.18374
scs.19236
trc.983
scc.5740
scw.24400
spe.2972
ppx.37298
scw.21762
Taa.2824
htf.5483
ecm.10229
ppx.30765
ppx.36704
msl.57804
sch.7986
ecd.10608
ppx.266
tae.631
htf.4926
ppx.11535
sch.866
ppx.6093
gys.9968
hym.9144
trc.15047
tas.3909
ppx.23137
scw.21838
scj.6585
sct.9684
Fsc.5323
gys.10307
Taa.5286
fsc.4280
ppx.602
scr.16642
fsc.14786
tas.11445
ecp.9806
dpy.4259
scc.20716
ppx.16198
ppx.15373
sct.14329
smm.1272
ppx.14805
sct.17483
ppx.34754
tas.6448
msl.33853
scc.20480
msl.33926
taa.10191
opv.13979
spe.21728
scc.6895
msl.55557
sct.18556
spe.30334
spe.14139
trc.13093
htf.4012
scs.3799
scc.22850
Ecg.5978
ppx.23633
scc.11131
dpy.9197
spe.1388
tas.4976
dpy.7002
spe.401
dpy.7340
trc.17317
ppx.31835
scs.19822
scw.12886
trc.20835
tae.11124
scs.11926
sct.22102
sct.21262
ppx.5441
ppx.21179
tae.2027
msl.58508
ecp.14693
ecm.9628
ppx.31499
hym.11288
opv.15264
Fsc.27647
spe.28945
scw.1624
htf.449
Taa.1561
Taa.7688
fsc.14645
ecd.3749
scw.4244
scw.10065
spe.21878
ppx.21668
Fsc.10979
ppx.9647
hym.4134
dpy.17955
spe.37078
dpy.2003
ecd.3311
hym.4906
Ecg.7232
Fsc.7192
scw.2
sct.12132
tas.311
spe.14108
hyd.8863
tae.1732
opv.11822
dpy.19538
tae.1026
scr.4925
opv.5850
trc.19749
sch.3058
ppx.37280
ecm.379
