

sct.14313
cln.8731
msl.16321
msl.35730
Fsc.28561
scw.11995
scc.4663
spe.33765
scc.10936
dpy.12531
Fsc.5859
spe.7363
scr.6988
Fsc.28210
scr.23254
Fsc.15922
Fsc.19408
Fsc.31040
spe.22926
scw.24332
Fsc.17980
Fsc.18652
fsc.12302
Fsc.4472
scw.6342
scm.10642
htf.5019
ecd.10828
scr.17993
scc.10341
Fsc.2708
scm.11394
ecp.1008
scc.13657
Fsc.30557
gys.10081
msl.3104
opv.10940
scc.12131
spe.5335
spe.35319
ecd.11230
gys.14257
spe.9402
Fsc.7723
scm.8474
scj.9439
Taa.5597
scj.4789
scw.2615
ppx.10563
dpy.15474
dpy.14868
spe.11508
scr.134
dpy.1889
scs.1840
msl.43609
ppx.5113
ecg.671
ecp.17911
ecm.8587
ppx.27179
ecg.1505
msc.6752
ppx.16065
msl.17729
scs.11919
ecp.16676
Fsc.10984
scc.5582
scm.7605
ecd.8053
trc.2428
htf.4928
Fsc.7505
msl.421
hym.7905
msc.6308
scs.6709
Taa.7001
msl.57946
fsc.7172
msl.31593
msl.17013
ppx.18454
spe.32803
trc.14533
msl.29155
ppx.10669
dpy.2064
scc.9517
cln.3811
cln.12347
opv.2234
sch.8552
scw.21491
ecm.6316
msl.27907
Ecg.5224
cln.2185
htf.10573
tae.2438
msc.9324
msl.48875
scs.8893
dpy.11401
gys.9682
scr.7812
scs.10890
sct.7542
scc.14491
Taa.548
Fsc.19321
sct.7999
msl.45382
Ecg.8635
msl.58181
scr.6454
scs.16232
msl.5346
fsc.11890
taa.1278
ecm.2017
sct.3575
ppx.22014
hyn.7524
htf.1122
ecm.3241
taa.7316
msl.51287
spe.5278
msl.60504
taa.7251
sct.11422
taa.12687
ecm.3140
hym.7890
opv.12763
ecm.8565
msl.59676
msl.6609
cln.10881
trc.10883
spe.27875
msl.24517
ecp.10964
scs.1108
ppx.20234
cln.11493
trc.10848
scm.6093
sct.1490
tas.128
ppx.2317
tae.8347
msl.18754
taa.1211
msl.15469
Taa.3716
scw.20392
taa.3559
scr.16165
tae.4461
scc.636
scc.21305
scj.11197
scm.4319
scw.25561
msl.17852
ppx.5725
scs.11584
msl.449
sch.12976
opv.3144
ecg.4777
hym.695
ppx.37270
fsc.7195
Ecg.1966
msl.28632
cln.424
scc.15603
tae.5446
scs.2947
opv.2663
ecm.6298
dpy.6294
sct.433
ppx.32063
ppx.3126
sch.2007
Fsc.17421
scc.20139
trc.5202
ppx.8730
tae.3302
opv.12200
hym.9625
Taa.39
msl.39537
opv.8147
htf.7448
scr.716
taa.9084
msl.19173
fsc.759
scs.11046
cln.1819
msl.38818
scw.5792
hyn.10371
msl.59295
ppx.24958
Ecg.9300
msl.34396
ppx.28394
Ecg.2709
cln.4344
opv.15797
Ecg.2605
scj.12177
cln.7819
tas.7282
taa.6282
ecd.7102
smm.2389
Fsc.8575
scs.17648
fsc.11347
spe.11641
tas.2928
ppx.25598
ppx.21900
ppx.12769
msl.24679
Fsc.18178
scm.1911
spe.31288
hyn.11953
msl.26789
msl.46964
sct.6215
sch.1160
cln.2175
msl.8829
spe.1290
ppx.37084
msl.15569
hyn.10455
hym.8706
dpy.18098
opv.12428
sct.8286
tae.4892
htf.8777
opv.8321
ecm.4166
scm.111
msl.40993
dpy.14853
sch.9592
trc.6156
msl.59982
msc.7576
ecm.4529
cln.10910
tae.9215
scc.2147
msl.18899
scw.22286
tas.12553
tae.148
scc.25
msc.4026
opv.11263
scj.4771
hym.8014
sct.12695
msc.2769
spe.7863
ppx.13939
cln.2518
hym.6789
ecp.5187
opv.7894
hyn.13676
cln.13070
opv.1612
scw.5273
ecd.6475
opv.16285
scc.18248
htf.984
msl.49798
ecp.5923
htf.3182
Taa.1541
cln.217
ppx.3803
htf.10669
sch.11089
ecm.10176
msc.1190
fsc.3142
msl.4536
ecp.7908
ecd.505
gys.1848
ppx.37032
trc.19492
spe.37634
cln.11334
ppx.14863
tae.6352
hym.6752
sct.10775
htf.8114
trc.11025
fsc.9640
scs.10075
ppx.35689
msl.36132
scs.16535
cln.7876
ppx.1550
msl.49746
msl.17826
hyd.4448
scr.112
msl.52166
ppx.25438
msl.5758
scj.8627
scr.19327
ppx.15199
cln.10139
scs.3724
opv.108
taa.5368
msl.59406
ppx.36505
msl.12055
Fsc.21168
scw.25566
hyd.621
tas.4361
ppx.33323
scj.574
dpy.2968
msl.58381
taa.4472
msl.8197
Taa.7254
hyn.13760
msl.53651
scs.17245
spe.10652
ppx.1925
msl.33968
sct.17194
scc.15886
msl.8225
smm.1419
opv.3496
opv.10642
scc.1103
msl.31288
tae.973
cln.11962
tas.1471
dpy.5400
ecd.5313
cln.10516
scs.14403
Ecg.2719
msl.58813
scr.10662
hyn.12950
msl.28575
Fsc.2062
trc.164
scj.10080
msl.23567
scw.3425
ecm.8845
msl.43669
gys.9703
htf.4682
spe.11080
scw.18999
Ecg.242
msl.13656
hym.1561
cln.3061
htf.7669
msc.3513
scs.12508
msl.48049
msl.34258
msl.29507
msl.8837
Ecg.5791
msc.1072
sct.1240
scr.18255
ecd.849
ecm.564
htf.9789
msl.43396
ppx.20693
hyd.9347
scs.7777
fsc.8973
msc.8770
spe.6739
cln.714
Taa.7837
ppx.14644
ecd.2771
tas.7772
opv.3293
scw.4018
ppx.37362
ecp.3475
sct.5624
spe.35736
hyn.8133
taa.4790
htf.8022
scr.1925
msl.38628
msl.35534
hyd.1159
fsc.2199
hym.4208
scw.8444
Ecg.2745
scs.10191
ppx.177
msl.38453
dpy.10750
ppx.8464
opv.15266
msl.58948
ecd.6811
msl.5958
Ecg.2990
cln.9027
fsc.316
msl.42427
Ecg.7748
Taa.895
fsc.12374
msl.55004
scw.18137
ppx.28563
hyn.11990
taa.2935
htf.590
scm.3482
msl.4058
opv.13880
Fsc.1177
scc.7239
tae.3542
scs.3669
tae.6149
ecm.5174
fsc.839
tas.5273
trc.1543
fsc.14319
scr.7577
htf.5881
scm.5764
ecp.10057
msl.44150
msl.28172
dpy.3746
Fsc.278
scs.8434
msl.6756
hyd.5705
hyd.244
ecm.1021
msl.4845
msl.18231
cln.4575
scj.8636
ecp.2676
Fsc.5176
tas.8847
msl.36898
sch.5146
scs.15891
sct.9013
ecp.11756
scm.8598
sch.4852
ppx.13977
opv.6030
ecg.8950
scc.8586
msl.15267
ecg.6492
fsc.12527
msl.30086
opv.2662
sct.8788
ecg.7064
msl.30711
ecd.8356
htf.6481
spe.37532
sct.15827
fsc.1394
ppx.15221
ppx.25860
scj.11137
msl.17572
ppx.21092
Fsc.15176
fsc.12004
hyd.6549
tas.5071
trc.12524
ppx.18705
msl.37746
msl.24460
ecd.1426
fsc.4795
ecg.5206
Taa.8333
scs.14705
trc.3572
msc.2200
spe.17109
hyn.2342
ppx.16543
opv.12358
scw.6713
ppx.24112
ppx.36987
cln.9694
ecd.4102
trc.21863
Taa.2549
ppx.21787
opv.4756
trc.3554
tas.4753
sct.18627
opv.2225
Ecg.1261
msl.21283
sct.7918
spe.32266
scj.5601
scs.6997
spe.1282
msl.22674
ecg.6782
scm.4062
ecp.6328
hyd.1031
msl.141
ppx.32871
hyn.11052
sct.9136
opv.15822
cln.9394
spe.10750
msc.1629
scc.6363
hym.4085
cln.1400
hyn.1036
scs.12784
hym.3682
ecp.6052
tae.10811
Taa.653
hyn.7509
tae.11271
fsc.1153
Taa.6984
taa.1535
taa.4783
gys.7771
hym.7909
cln.6873
msl.54763
dpy.4315
scr.17407
ecp.8725
msl.16457
Taa.6129
ecm.2023
Fsc.17549
scm.5270
hym.5866
ecp.7117
msl.32248
scr.7199
ecg.6542
ecp.4116
scw.24696
hyn.7369
ppx.82
tas.1756
scm.9877
msl.47545
opv.12734
scr.4778
scw.18457
ppx.19666
hyn.8725
sct.12532
scr.6014
msl.55974
hyd.6780
tas.380
dpy.14717
Fsc.14944
trc.5894
hym.7109
ecp.13324
scs.17712
opv.7338
Fsc.1448
Ecg.6252
scm.3652
scw.21361
taa.6429
tae.5503
msl.2324
msl.1783
taa.516
spe.2148
scr.23188
msl.38202
msl.34645
sch.12456
sch.7559
taa.3328
trc.1607
scm.9796
sch.4988
spe.14781
scr.4056
gys.796
msl.48614
hym.3233
Fsc.28797
spe.31163
spe.21916
spe.14213
Ecg.1097
scj.1390
msl.54056
scw.20451
ecd.4736
hym.8974
ecm.1577
hym.6566
ecm.3266
scr.10735
gys.5243
ecm.3362
Ecg.1658
scs.19254
ecm.2412
trc.9357
sch.11365
spe.1456
dpy.10343
msl.60241
msl.20
spe.4946
scm.9729
scj.6471
Taa.6577
scc.15948
scs.1167
msl.46460
ecg.7531
msc.8569
spe.17543
msc.7689
tas.100
opv.16269
scw.16748
scr.11514
Ecg.7596
ecp.2450
Fsc.21408
taa.1594
tae.853
taa.10786
tae.4564
sch.10965
scw.1258
hyd.4982
gys.9721
spe.25847
opv.5042
hyn.10382
htf.9946
msl.23936
ecp.10831
msc.2918
opv.10004
taa.6722
Fsc.2947
ecd.4510
scj.5093
scc.362
hyn.10975
msl.48360
ppx.15062
msl.40105
spe.24744
msl.46997
ecd.2336
scr.8276
msl.56052
ecg.1183
hyn.12981
opv.15753
Fsc.202
trc.2712
scm.2692
spe.7045
tae.1815
ppx.36801
tas.5366
scc.7744
ecp.6062
dpy.3864
Fsc.13385
fsc.8712
ppx.23214
gys.13926
scm.4194
taa.1898
msl.5835
sct.6421
msl.32442
Ecg.4490
tas.9696
hyn.6041
taa.8402
ecm.10298
cln.566
scr.18282
ecg.2637
msl.59199
msl.11249
htf.9065
Ecg.3358
taa.11409
scs.11786
Ecg.10108
tae.12338
ecp.12094
scj.8413
msl.54231
msl.8306
msl.4941
ppx.25863
trc.15699
scr.19619
cln.9906
ppx.25676
ppx.35814
htf.1408
taa.8962
tas.9529
ecp.3546
dpy.13069
cln.12565
msl.22630
msl.5381
ecd.1962
hyn.9049
ecm.5113
msl.3287
hym.11404
fsc.3990
Ecg.3571
fsc.13056
sch.8276
scr.2557
scj.3932
ppx.26338
msl.12541
dpy.3769
smm.2401
tas.9797
Ecg.6083
htf.3647
tae.4897
dpy.4761
trc.21802
msl.4079
scc.261
spe.16339
msl.33421
ppx.35328
msl.38616
htf.6291
htf.4669
ecm.9851
taa.9708
ecp.12263
ecg.7412
msl.54045
Taa.2744
msc.10318
Ecg.124
ppx.35744
scw.4831
cln.3542
msl.5144
scm.5171
fsc.1231
msl.36734
hyn.1899
sch.2359
msl.2983
msl.42862
trc.10390
hyd.9563
msl.20279
hym.2213
ppx.20926
trc.15597
htf.4730
msl.9052
taa.9279
ecg.6605
ecp.2830
Ecg.8697
msl.10341
scc.20321
hym.10496
ecm.5020
ecg.3692
msl.59026
hyd.10235
ecd.1070
tae.1218
fsc.14292
Taa.9787
ecp.17737
tae.7175
msl.41444
cln.4197
tae.4266
msl.19341
ecm.79
msl.13655
taa.6276
hyn.2656
taa.12714
tas.2514
msl.41722
gys.10042
htf.11058
gys.1950
trc.1164
msl.18348
Ecg.8039
Fsc.24532
Ecg.2677
scw.19929
trc.4333
dpy.9140
scr.18224
spe.13660
cln.5240
msc.5790
ecp.3157
htf.174
scr.12123
ecd.8830
tae.472
msl.44382
cln.741
dpy.15581
ecp.3363
hyd.8325
sct.2294
scs.7578
fsc.15687
tas.8726
tas.1284
scc.20502
Taa.8773
ecd.9290
gys.9598
sct.6436
ecg.1306
scj.5052
ecg.459
scs.15760
Fsc.18334
tas.146
cln.577
ppx.17355
ppx.24602
Fsc.24942
htf.5336
Fsc.5022
ppx.36253
fsc.15531
ppx.27548
sch.7936
htf.2412
fsc.4542
ppx.9557
scs.3043
fsc.14933
spe.10186
scw.23811
opv.15982
scr.10617
scw.7984
sch.7431
scr.15252
msl.48195
sch.7133
scw.12729
ppx.27471
ecp.8615
hyn.4540
scs.2642
ppx.12703
ppx.36231
scr.23167
spe.24758
dpy.1324
opv.2474
taa.10376
trc.9824
dpy.14822
hyn.4801
tas.6757
htf.11199
sct.21596
tas.9245
ppx.3117
tae.6923
sct.7789
sct.6797
hyn.11704
scw.14018
trc.14949
ecp.14154
ppx.36315
ecd.5060
taa.9291
ecd.3982
ppx.18882
ppx.22499
taa.9360
dpy.15882
trc.22048
ppx.6077
ppx.26407
tae.7779
msc.4602
sch.6820
ecp.13116
msl.37549
msl.59931
trc.1396
ppx.23407
cln.8141
scw.8236
htf.8861
spe.17319
scr.8972
scs.11251
scj.12612
tas.5241
ecp.9618
msl.20004
sct.7720
tas.10839
scc.6339
ecm.1261
scc.6839
taa.4850
tas.10429
opv.3296
scj.7454
scw.2363
gys.177
spe.24483
spe.4658
scs.15120
tas.1443
ecd.9072
hyn.9185
hym.3272
scs.10316
ppx.36600
sch.9975
spe.12451
cln.2113
scs.18850
ecg.6006
gys.5567
spe.38084
opv.11652
scr.15691
msl.7315
trc.7834
sch.12855
gys.9229
hym.9855
scr.15812
ecm.8107
scr.12450
spe.29016
ecg.1577
ppx.17238
msc.3737
hyn.3793
spe.1584
hym.7524
scr.10974
Fsc.10905
scc.21940
ecp.2282
ppx.36407
dpy.16975
smm.2368
scs.3924
scc.293
cln.10790
scw.14923
ppx.7997
ppx.8016
scr.7219
trc.6153
opv.6300
scw.2497
tas.9239
Fsc.23418
scs.16027
ppx.16485
Taa.2715
opv.6805
taa.8188
scr.24042
Taa.2675
fsc.9370
scr.22621
ppx.25129
scs.5901
msl.60462
scr.23183
dpy.2355
spe.5128
spe.4015
ppx.9160
htf.3972
spe.938
cln.11488
hym.509
scc.6414
msl.34837
ppx.23847
spe.37576
ecm.22
trc.13094
scc.21097
ecd.7816
fsc.377
scj.77
trc.9447
ppx.34796
scr.2364
spe.4409
ppx.26979
opv.6294
Ecg.5376
gys.8965
scs.16744
scc.16695
ecg.11141
scc.2607
ecm.9631
gys.248
ppx.30389
trc.21570
hym.9342
scr.14200
ppx.22304
scr.15788
scr.22144
scw.21313
msl.15689
scr.17100
ppx.9064
msl.57189
spe.7396
ecp.10850
scc.17691
scm.11305
sct.19877
ecm.1162
scr.15313
ecm.10248
ecd.8843
hym.11462
Ecg.5183
dpy.14911
