

gys.2682
spe.17428
opv.9971
tas.8449
ecd.10023
Fsc.28719
scc.17169
spe.27837
Fsc.32256
scc.6623
spe.27140
Fsc.4851
scs.1691
opv.9643
scr.22442
tae.11544
spe.26199
ppx.34151
Fsc.26010
spe.22327
ppx.35177
scw.12240
Fsc.29035
Fsc.9543
scr.22676
Fsc.10365
Fsc.27504
Fsc.6491
Fsc.3971
sch.500
scc.13404
scc.21590
Fsc.3120
trc.20464
scw.15895
trc.19022
Fsc.22921
spe.4916
scr.11649
msl.33549
msl.34707
ecd.10870
ecd.9732
htf.11061
scr.7999
trc.19606
Fsc.31952
gys.9960
scr.1804
sct.5988
dpy.4146
ppx.15184
sct.11912
scw.5931
opv.6610
sct.6764
scm.7108
fsc.5629
spe.2930
spe.37271
ppx.20270
dpy.8215
msl.3999
ppx.22337
scc.18404
ecm.2310
ppx.28931
Taa.6172
sct.11578
dpy.17852
opv.7348
scr.20592
scc.6019
spe.10607
scm.5607
fsc.8415
ecp.4610
ecg.3533
cln.2880
scr.20438
msl.18799
trc.2179
cln.3044
gys.14234
msl.37948
tas.2444
sct.2455
sch.4893
ecm.1492
taa.7996
scc.2346
opv.1320
taa.11217
hyn.8901
ppx.26179
sct.5369
taa.9136
scm.5285
opv.13570
opv.5482
msl.29947
htf.5482
Fsc.30669
tas.2240
sct.7036
spe.23267
ppx.30851
tas.7757
sct.4867
msl.40955
scj.2909
tae.11242
scm.6656
Fsc.5035
opv.8606
opv.3916
scw.23006
hyd.253
scs.2890
Ecg.1917
scs.7160
Taa.8605
dpy.19357
ecp.2341
ppx.21255
taa.785
ecm.9058
hyn.12719
msl.12706
msl.10155
msl.32891
cln.1561
opv.14382
taa.4431
ppx.25245
msl.44327
scr.13846
ecm.7972
scs.41
scr.10278
hym.1448
scs.5571
Taa.6259
htf.7095
Fsc.667
tas.1032
scj.2488
msc.4187
htf.368
hym.10226
msl.56239
msl.16719
Fsc.25022
msl.58795
ecd.2497
msl.53839
scj.5760
spe.35764
dpy.8506
Fsc.31203
spe.37358
hyd.11215
taa.8157
ecg.8953
msc.3873
scc.10976
htf.38
msl.45663
ecm.8802
msl.3899
hyd.3232
ppx.18539
msl.51135
ppx.22206
fsc.10968
msl.40548
Fsc.3032
Ecg.7878
ecm.5581
msl.35016
scj.10378
ecd.4390
msl.18358
sct.13564
sch.745
ecm.9890
Fsc.10399
scw.5002
msl.43843
opv.7871
cln.9630
msc.7147
Ecg.1
scm.8976
msl.28205
scc.3482
sct.12077
msl.48919
tae.9206
ppx.37137
scc.10836
trc.7391
ecp.4019
taa.2123
msl.16133
taa.25
spe.38942
msl.4920
Fsc.2398
scw.7227
Taa.4969
msl.25616
msl.52415
scj.3070
cln.6883
msl.29742
hyd.3975
fsc.3209
msl.4450
msl.24860
scc.4608
scr.17142
spe.38442
msl.25233
ecp.10571
tae.9117
cln.7997
ecm.2576
msl.4662
htf.6100
scw.23333
scs.9492
dpy.4696
Taa.9285
msl.48892
scs.9122
dpy.10551
sct.11175
scc.5293
ecp.16422
ppx.21822
Ecg.3909
taa.11176
msl.30560
taa.8940
tae.5209
opv.4543
msl.47935
scj.2428
scc.9093
trc.9299
fsc.5884
msl.11316
Taa.965
spe.13094
scr.2670
ecg.6401
scj.4325
msl.28274
msl.22289
taa.2264
scm.4499
scj.3912
spe.13618
scw.2523
msl.26519
scm.5025
msl.11023
ppx.24632
fsc.1625
gys.9699
tas.5074
scm.2299
ecg.1898
opv.13578
msl.21898
scw.19815
hym.7043
ppx.3965
Fsc.1759
scs.11116
sct.15311
Taa.9583
htf.3713
scr.18085
opv.967
hyn.7886
msc.9561
msl.10121
ecg.5156
hyd.4206
hyd.3124
fsc.9060
tas.6562
msl.34185
dpy.3945
tae.4320
tas.7980
ecp.7568
msc.6459
trc.19898
scr.21743
scr.12758
tae.11288
msl.46510
taa.10670
msl.36339
trc.4250
ecp.17240
spe.22898
scc.14595
msl.30253
ecp.4204
Ecg.898
ppx.1022
Ecg.3271
Taa.2496
tas.4600
spe.23591
ecg.5771
msl.39320
ecg.9927
Taa.6362
cln.5395
msl.13737
ppx.3229
ecm.9399
sct.17438
scw.19254
ecm.3699
ppx.2030
tae.2418
gys.6538
trc.11853
spe.26011
ecg.5853
taa.4546
ecd.8495
trc.1910
ecd.4381
htf.10612
scc.930
ppx.9306
msl.21365
msl.18613
ppx.7683
taa.4713
msl.59172
ecd.2348
hym.8700
msl.18790
hyn.12331
scr.4566
msl.30098
Fsc.238
msl.55213
msl.1568
opv.894
Taa.796
hyn.1073
ppx.34691
scs.762
spe.5787
cln.7734
spe.12039
scr.7861
spe.37909
fsc.14089
opv.12646
taa.7678
msl.6142
smm.3599
opv.13825
dpy.15691
scc.3605
msl.2240
taa.2806
scs.16838
ppx.5094
ecm.325
cln.7476
opv.11626
scc.9157
opv.5436
Taa.3188
scm.4478
scc.23207
ecd.1185
scm.8241
msc.3725
taa.6558
scw.10368
ppx.34620
ppx.28894
gys.9831
opv.15095
hym.4884
ppx.24511
fsc.15363
msl.21291
spe.38241
ppx.2128
ecp.3539
msl.30889
spe.36232
msl.22668
hym.10260
msl.38717
msl.11303
msl.37650
gys.7959
scs.150
taa.12467
ppx.34073
spe.9766
Taa.4079
taa.11866
spe.10068
taa.12624
Taa.753
ecg.2731
ecg.153
tas.5388
scm.5028
scw.25645
ecg.3348
msl.34872
hyd.6882
spe.4936
msl.4024
msl.28743
msl.23655
msc.8268
ppx.35374
msl.41749
Fsc.26708
msl.30857
msl.20075
msl.12680
msl.17595
hyn.10857
msl.59113
ecd.8972
msl.25270
sch.930
tae.1707
Fsc.489
ecm.6928
ecp.3246
ppx.24170
tae.11667
msl.36765
Ecg.9021
tas.9172
msc.6677
dpy.11247
opv.10709
scc.11236
htf.9066
tae.10985
spe.35210
opv.13355
scc.11518
ppx.18169
sct.8876
dpy.9476
ecd.537
msl.54782
opv.10326
hym.3331
scw.3860
opv.9171
scr.8202
hym.11427
Ecg.1795
ppx.25133
scr.528
msl.20810
scc.22734
msl.49653
msl.12859
cln.13101
ecg.9894
spe.19889
ecp.14352
msl.11680
msl.41340
spe.8943
sct.15949
msl.40561
sch.12954
spe.36101
tas.12517
taa.142
msl.59339
msl.5290
msl.12360
msl.34499
msl.47214
scw.3134
opv.9052
scw.7154
scw.5685
cln.11530
hyn.9637
msl.36581
scr.11996
ppx.28120
scs.11596
msl.36032
ecp.6408
hyd.4985
msl.40337
trc.2070
ppx.1818
hyd.5010
dpy.12009
msl.14307
spe.8835
hyn.5889
Taa.1583
taa.4901
Fsc.1393
msl.275
sch.11815
ppx.13169
ecg.5423
msc.1367
msl.7881
msl.41104
ppx.8031
sch.8463
opv.2129
hym.7746
tae.11484
ecg.334
scs.4904
hyn.4138
scm.2962
fsc.5998
ppx.13215
msl.36661
ppx.14949
ecd.3071
sct.22725
trc.4440
cln.12808
ecm.9119
sch.10645
sct.15855
trc.8752
tae.5444
Fsc.1930
hyd.6827
taa.806
msl.52985
msc.4335
cln.10802
msl.25053
scr.7914
Fsc.32300
scm.8506
Ecg.5529
spe.30270
scr.13467
gys.4698
msl.40118
scs.4769
msl.30930
scr.4894
spe.25190
msl.50888
scj.6750
hym.4345
msl.37584
fsc.897
sct.9488
tas.1654
sct.9816
opv.1944
scr.22279
hyd.1410
gys.9163
ppx.202
scs.14251
scs.19339
dpy.12779
scc.5841
Fsc.32899
opv.16038
ppx.2524
msl.23643
ecp.11076
fsc.7776
ppx.21140
ecp.9067
Fsc.20827
ecm.8148
ecd.7569
Taa.1206
ppx.24335
spe.2006
spe.38432
tae.4733
fsc.5724
msc.1984
tas.3840
ecm.7961
hyd.192
ecp.15198
sct.2389
spe.36977
ppx.31159
Ecg.4568
sct.6994
ecd.1488
gys.4331
gys.2318
htf.121
scm.1949
msl.44596
msl.24954
sch.3069
htf.966
Ecg.8894
msl.5425
ppx.26197
cln.13625
ecp.4546
scj.11540
Fsc.8372
scs.6391
tas.5509
taa.11502
Fsc.932
fsc.5973
ppx.29916
ecg.9908
sct.4737
msl.27969
spe.7020
msc.7010
msl.25892
Fsc.23594
spe.26173
sch.11532
msl.8266
ecm.9426
msl.25917
msl.52101
msl.48131
smm.3637
taa.1838
msl.24340
fsc.8635
scm.1609
cln.11463
ppx.11884
ecm.1286
tas.3274
gys.7666
ecd.4241
opv.6846
scc.16012
hyn.2906
opv.16332
taa.6152
ecp.6812
spe.13706
scw.20582
scm.294
msl.25372
msl.48928
ecp.8751
scc.9775
opv.9701
spe.29359
ecd.116
msl.29311
msl.41381
sct.12273
scr.768
scs.7226
scj.5357
scs.17086
gys.6243
scs.8224
fsc.4422
Ecg.4674
cln.6879
msc.680
hyd.378
fsc.3259
scw.23748
dpy.1545
msl.54760
spe.9783
ppx.22725
gys.15406
ecm.3845
ppx.29194
ecd.9151
gys.297
ecp.6755
hyn.13161
scm.8228
opv.8737
taa.6570
scw.10344
ecd.5890
taa.449
fsc.10985
spe.25744
sct.5015
Fsc.17608
dpy.9589
spe.15624
gys.14873
trc.8499
scs.3719
tas.10639
scr.6501
taa.7511
trc.17805
ecd.5545
msl.35284
msl.26144
msl.170
msl.50044
scw.4368
dpy.7647
scw.10743
cln.10521
hyn.5993
taa.5712
trc.15960
scc.14833
Fsc.775
htf.2734
ppx.32233
Ecg.6801
htf.259
gys.10140
gys.5648
msl.2680
htf.8734
scw.3231
msl.37960
scs.11060
spe.30100
taa.9288
msc.5307
ecg.7158
sch.6482
spe.21356
msl.16832
ecg.7835
scj.231
tas.12324
scr.23962
trc.3536
fsc.5735
taa.12678
ecp.1196
ppx.17457
scs.1241
sch.5819
spe.1082
msl.21002
trc.20724
hyd.8243
trc.2720
msl.21851
sch.1551
scr.197
msl.9327
ppx.3851
scc.290
msl.47695
htf.11085
Ecg.2294
fsc.12208
scj.1816
msl.13258
ecg.9575
msl.20676
hyd.311
Ecg.4517
scj.3768
ecd.232
gys.1197
tas.7583
scj.3215
msl.23727
msl.30012
msl.32863
taa.2336
fsc.8530
scj.4614
msl.9243
sch.6306
hym.1112
hym.3640
msl.1207
ecm.6752
sct.12439
taa.3998
ecp.7548
tae.628
ecp.8176
scw.9662
scj.11066
msl.42108
msl.33394
scj.2565
msl.31923
ppx.16981
tas.5740
sct.10616
gys.14020
fsc.183
hyd.3806
ecd.4723
Ecg.4870
msl.6148
msl.37987
scs.16618
trc.18326
ecm.3395
msl.11179
opv.5775
scm.1051
msl.26323
msl.53735
ppx.3554
spe.720
scm.6229
Fsc.13866
sch.10318
fsc.1683
dpy.14839
scs.11001
scw.604
msl.53320
tae.2266
Fsc.3162
scc.9062
ecm.5417
msl.2230
ecd.1911
hyn.9035
scr.11970
ecd.8181
htf.2490
Fsc.15904
htf.6627
htf.4416
scj.1019
tas.7240
tae.6253
ecg.5657
scs.4558
msl.26587
scw.21862
cln.9897
spe.33758
ppx.28681
taa.6728
Taa.4453
tae.6027
msl.32755
tas.922
Taa.3421
msl.57935
sch.34
hym.3279
ecg.6074
scw.17400
taa.6699
sct.14293
msl.22574
Fsc.4161
msl.11350
scj.8989
msl.47478
htf.6619
opv.13144
Ecg.7555
cln.10554
tae.7506
scc.12773
msl.34117
tae.7702
msl.19278
msl.57789
msl.24704
cln.13263
cln.11874
taa.10926
ppx.22149
msl.3522
sct.18443
opv.1334
htf.8543
msl.20104
gys.161
scw.6450
scr.21434
msl.20698
ecm.5448
ecd.6127
msl.18684
scs.16914
gys.6489
hyn.640
dpy.17177
ecg.2233
spe.21480
taa.10185
ecg.9076
ecd.6254
opv.11600
msl.31698
spe.22859
tae.376
scw.24236
tae.8097
Taa.2789
ppx.30250
gys.13897
spe.12305
scc.982
spe.17763
msc.4524
sch.12581
ppx.37224
ppx.626
sch.3569
msl.5039
tas.10744
Taa.7249
sct.18942
spe.7425
spe.6320
hym.2086
scc.17235
ppx.33331
msl.30097
tas.11114
tae.107
ppx.7712
ppx.29368
ppx.35930
trc.21815
spe.16500
ppx.24495
trc.19360
dpy.12067
dpy.1415
ppx.8603
dpy.568
sct.2438
spe.2308
tas.11808
scr.19686
ecg.493
ecg.6198
ecd.6799
ecd.8164
scs.10628
msl.21881
msl.977
ecd.11000
scs.9873
trc.15428
fsc.4906
sct.6824
msl.36699
tas.12191
scr.13056
scj.10662
scw.8503
ecg.2743
taa.3235
scr.14702
taa.10942
fsc.4748
smm.2869
sct.9884
scr.1506
gys.14050
dpy.3953
smm.2888
msl.29362
scr.14765
smm.3251
Fsc.32025
Taa.10008
dpy.13425
dpy.1694
ppx.21174
htf.8490
htf.3829
dpy.160
spe.26298
scc.7479
scs.19542
msl.42364
ecd.6822
msl.35970
scw.19105
sct.4437
spe.39235
sct.3308
dpy.10710
ppx.18014
gys.12477
ppx.34601
hyd.10053
spe.18098
trc.11774
sct.11593
opv.14170
hym.6345
Ecg.10268
ecp.1491
scr.24084
spe.16402
scc.7855
sct.15824
ppx.9391
msl.51310
scc.7305
scc.13584
scs.5181
sch.10087
trc.8663
fsc.7798
sct.12569
scs.17412
htf.3008
spe.7606
msl.54345
ecp.16575
dpy.10313
hym.9251
sch.2446
tas.11915
tas.705
trc.12721
fsc.2561
ppx.9468
spe.23321
dpy.11018
smm.1122
taa.3815
ppx.30589
scr.15305
scw.12396
scc.5896
scc.9855
ppx.32088
Taa.374
hyd.8059
Taa.4871
hym.1570
ppx.3459
tae.1269
msl.18779
ecp.6060
msl.46529
ppx.33705
ecp.4329
trc.418
spe.4479
Ecg.3265
dpy.19741
scr.19754
tas.8544
spe.32628
ecm.9632
ppx.5290
opv.16130
ecm.9624
dpy.14827
Fsc.3595
scw.14696
sct.16818
dpy.2062
htf.10480
sch.12679
scr.4736
cln.9774
spe.35957
scs.16287
spe.23124
htf.7775
spe.26788
sct.13282
Fsc.8518
scj.10237
spe.4756
scj.6710
ppx.718
scw.15926
ppx.25460
msl.59919
scs.11811
ppx.6345
msc.8624
trc.12683
hym.9591
scs.8444
ecm.7832
Fsc.20198
ppx.14112
spe.14115
gys.1873
scr.1695
scr.18624
gys.6195
opv.8590
ppx.9315
spe.6473
