

scs.17281
msl.9882
msl.2142
sch.1904
Fsc.19686
Fsc.8309
ppx.7387
Fsc.7369
Fsc.17534
scc.8164
Fsc.23922
Fsc.7311
scr.5660
Fsc.30459
Fsc.7910
spe.7050
scr.14863
dpy.18077
Fsc.8265
msl.27733
Fsc.23281
ecm.9522
hyd.6708
scc.6374
spe.25952
msl.16945
Fsc.14842
sct.17529
ppx.30159
scs.15500
opv.5136
scc.11920
hyd.6680
dpy.19566
spe.17514
trc.16973
tae.784
Fsc.24356
Fsc.29065
scr.21481
ecp.18312
scw.7842
tae.1294
Fsc.12904
opv.10218
scw.7849
spe.34342
fsc.7903
Fsc.18981
spe.32115
scs.5920
hyn.6146
spe.21013
ecg.9387
ecm.7755
hyd.9138
trc.16093
ecp.1300
cln.4561
scr.4681
msl.20624
scm.7438
scc.18560
ecp.9445
ecp.8363
cln.4727
taa.3633
scw.7326
msl.38479
tae.53
scr.2430
msl.40853
scm.9816
msl.28038
ecm.5896
scs.15996
msl.42093
ppx.23086
msl.41025
gys.2272
scc.8116
hyd.861
sch.6074
scj.9494
ecp.263
cln.3995
hym.10244
msl.16210
msl.35429
dpy.19457
scj.6447
sch.2011
spe.3597
hyn.12502
spe.33327
ppx.28272
ecm.6327
ppx.12394
ppx.31397
htf.10791
fsc.13345
hym.4508
msl.59992
msl.32671
scj.10508
ppx.32134
scm.8138
taa.2580
scw.10878
ecg.6357
scc.8434
tas.5793
tas.10978
ppx.34441
msl.18900
opv.1222
hyd.1174
spe.16682
ecp.11767
opv.3626
ecp.586
hym.210
tas.4027
dpy.6246
spe.8453
scj.3839
msl.48215
opv.7295
hyd.160
msl.24041
cln.12885
sct.4912
scc.2033
spe.11403
htf.7767
Ecg.1389
ecd.6164
scj.1504
htf.235
msl.15786
ppx.30740
msl.15979
scj.794
opv.12680
fsc.7129
scs.14404
Fsc.16669
tae.151
spe.12225
hyn.4042
ecp.14823
scs.3607
scw.3846
Fsc.27384
spe.12386
Taa.6744
msl.50643
htf.9214
ecg.3962
opv.1475
ecm.3458
msl.57435
sct.10337
ppx.19171
msl.58467
msc.944
ecp.16790
ecg.7160
msl.16187
cln.5110
msl.30474
msl.24609
msc.7875
cln.3026
opv.10068
spe.11291
trc.2244
tas.2817
hyn.2136
dpy.16134
fsc.9288
opv.2750
msl.56374
Fsc.9484
dpy.2970
tae.5896
ecd.3087
ecp.17433
ecm.3211
scw.8469
scc.13522
ecd.8806
gys.9278
Ecg.2921
ppx.3284
opv.10873
scr.8017
ppx.31748
msl.38282
msl.20996
ppx.28646
taa.4815
scs.11536
sct.7250
ecg.4996
Fsc.28855
hyn.3297
htf.2936
msl.47708
msl.48694
msl.36809
msl.37728
scs.15775
msl.13996
ecp.2326
scj.4431
dpy.3112
Taa.309
hym.5288
sct.1329
tas.1162
hyn.12578
Fsc.4046
scc.10902
scw.3897
scr.24089
sct.7650
htf.9622
cln.7810
fsc.356
scw.7346
Fsc.2485
scw.24747
Taa.4497
scs.13560
msc.5465
tas.11534
cln.12085
opv.5650
trc.22033
scj.2278
msl.18307
msl.43139
trc.18130
msl.24224
dpy.5202
scm.1562
tae.664
gys.12002
tas.11476
tae.5719
msl.18733
ecg.11120
msl.33744
tae.3776
ppx.28242
tas.2342
scw.3497
ecp.7229
ecp.12983
sch.4580
htf.9948
Ecg.6835
tas.4238
Fsc.27630
Taa.671
Fsc.9851
scs.12602
Fsc.31742
msl.10654
cln.12606
scr.18668
tas.44
msl.38091
gys.4931
Taa.4259
ecm.1455
scr.12562
msl.4408
spe.20546
msl.34557
scs.19488
scw.25323
msl.19493
msl.46863
htf.2722
gys.1039
sch.8056
msl.24058
spe.5260
cln.8465
msl.46769
spe.38801
tae.11321
trc.3184
cln.10750
gys.13037
msl.35952
trc.7044
ecd.5990
ecg.4937
tas.11616
hyd.5694
tae.5257
scs.969
msl.41142
ecg.8657
ecm.1840
scm.6081
scm.5947
msl.43241
dpy.17327
ppx.27664
tas.7557
msl.1646
hyn.13058
scc.9919
msl.41520
ecm.3460
hym.4037
scw.703
spe.33863
scs.18720
taa.3846
msc.8051
fsc.8483
opv.4926
taa.473
htf.2181
tas.2573
ppx.7788
opv.3137
Taa.893
ppx.13754
msl.53153
tas.8255
Ecg.1958
msl.30837
spe.30239
htf.9191
ecd.90
scs.2954
hyn.11560
hyd.2187
taa.2369
scs.16794
scj.5436
ppx.26077
ppx.16589
spe.10552
msl.40347
hym.5605
scw.16408
taa.764
trc.15353
Fsc.10091
htf.1005
tas.5751
hyn.6309
scc.5494
ppx.12192
sct.7240
msc.7232
ecm.10185
hyd.1223
sct.12392
msl.1070
scj.3067
hyd.11028
hyn.9752
hyd.5525
tae.687
tas.168
scs.2987
tas.1140
ecd.3890
smm.3166
msl.11015
hyd.4291
dpy.4166
Ecg.9133
tae.1253
msl.52309
Ecg.3438
ppx.14297
fsc.11371
Fsc.15508
msl.3431
ecp.5985
gys.15041
spe.7408
taa.6274
htf.11443
sct.14273
sch.3806
gys.3503
msl.56896
scm.2581
ecg.8087
msl.36488
scc.11013
spe.3165
ppx.34556
scs.2324
msl.45895
ecm.7782
Taa.8577
sct.471
taa.5312
tae.7098
trc.12743
ecd.3335
hyd.8468
tae.8470
msl.42589
msc.10241
scw.23576
hyn.5835
hym.2122
msl.18182
opv.6588
scc.17615
scr.1067
sch.10398
Fsc.32206
ppx.27256
scc.8417
fsc.14646
tas.4453
smm.3342
dpy.17489
opv.1245
ecg.8803
tae.10175
spe.28968
msl.1934
msl.31423
msl.29020
msl.20998
htf.5451
taa.7121
taa.6444
opv.10906
cln.9995
Fsc.13283
gys.5811
taa.9313
tas.12753
trc.15994
msl.23253
trc.3172
msl.29357
scc.15076
msl.54975
ppx.31810
scw.25157
msl.34756
tae.8309
tas.2413
ecp.846
scj.2318
hyd.10356
msl.60017
Fsc.10308
gys.11378
Fsc.8389
Taa.5850
msl.45910
fsc.715
Fsc.18496
Fsc.9595
scs.4427
cln.3331
spe.26446
cln.9922
msl.11767
Taa.4372
trc.12610
msl.18537
taa.5043
scw.13659
ppx.445
ecm.5204
tae.4134
scc.22961
cln.9529
scs.1499
spe.22538
ecg.4715
taa.5490
gys.6083
msl.17237
spe.29124
dpy.12325
scs.11152
msc.9024
tas.7496
msl.17770
msl.44762
ppx.8379
msl.45838
tas.3868
scs.19720
msl.58192
msl.53524
ecp.14164
msl.30231
Fsc.17405
trc.5295
scj.5588
cln.11144
opv.15375
taa.10084
smm.3743
dpy.14576
Taa.8085
scs.14228
hyd.8639
sct.14692
ppx.19612
trc.2330
fsc.737
scm.11505
ecm.3712
sch.6161
scw.14986
scw.25570
msl.26699
scs.400
hym.3498
opv.3720
scc.9647
tas.2077
tas.2097
scj.9885
spe.4267
sch.6653
msl.32814
ecm.3423
hym.5966
msl.10462
msl.41895
msl.20317
msl.27255
scr.1541
spe.5388
ppx.8698
hyn.11430
msl.14160
cln.6289
msc.3423
cln.13524
spe.12938
msl.45233
sch.2764
msc.1122
msl.46236
spe.37704
dpy.12992
taa.6672
msl.58719
htf.738
msl.40532
opv.7399
Taa.946
sct.11242
msl.19407
ppx.4676
dpy.16539
Fsc.21206
ecg.8002
trc.10632
scs.3410
ppx.33285
ecm.1118
msl.9280
msl.54458
scc.6836
tas.465
scw.25653
sct.20217
cln.4862
dpy.8220
dpy.4728
sch.5873
Fsc.1671
opv.11950
hym.3811
scm.2378
taa.2376
hyn.868
scm.333
taa.6827
ecg.5959
gys.484
ecg.5279
Fsc.20247
Taa.376
hyd.5443
msc.9541
ecd.7649
msl.45747
spe.13772
msc.930
tae.6080
tas.4114
tas.13099
ppx.29230
taa.4377
hyn.11612
tas.9969
ecg.4857
opv.10771
ppx.31052
msl.53089
fsc.5267
msl.15945
opv.7570
msl.28786
hym.11615
Fsc.32550
scj.2309
ppx.19415
msl.28470
sch.10169
scr.22096
ppx.29894
ecg.4634
cln.8107
scs.17275
ppx.33959
fsc.15058
cln.4671
msl.9906
taa.10559
spe.9466
msl.295
msl.9255
ppx.12605
msc.974
trc.6371
msl.2175
tae.7140
tas.9686
ecg.8857
ecm.4517
scm.2475
msl.33832
scj.4262
scj.11051
msl.8552
ppx.19810
ppx.5340
ecp.6460
msl.35945
tas.11688
msc.6126
ecp.6991
scm.10861
msl.22941
ppx.17297
scw.19448
tas.1173
scw.17637
scc.11613
taa.10333
Fsc.10992
Fsc.15868
scj.5590
scs.14377
scj.1156
msl.25825
msl.40820
hym.7867
msl.44262
tas.1850
gys.1461
fsc.8748
spe.31205
ecg.6064
msl.22176
tas.5769
scm.3441
Ecg.9962
sch.791
ppx.18710
scs.5706
scc.1627
msl.38789
sch.5433
scs.4867
fsc.13335
tae.10563
msl.6367
ppx.18160
tae.2861
Ecg.3382
taa.5901
msl.4610
hyd.10020
hym.1336
ecg.8100
Taa.3645
ecd.2989
hym.2998
msl.25441
msc.279
trc.14191
dpy.6580
Fsc.31984
htf.256
Fsc.121
msl.9648
taa.2985
smm.699
scw.15480
ecp.7763
Ecg.3116
trc.11605
hyn.10829
ppx.20477
Ecg.9253
scm.10407
scj.11493
tas.7339
Taa.921
scw.17022
spe.15160
msl.22810
scr.14979
trc.3264
ppx.18465
htf.8130
trc.13335
msl.448
msl.23848
msl.42802
Ecg.6035
scc.6518
Ecg.2057
sch.10342
sct.5600
ecd.6059
msl.10623
spe.16383
trc.8238
spe.9564
ppx.31309
scs.7907
dpy.17836
hyd.4604
msc.7638
msl.42730
msl.48352
ecd.9830
fsc.10748
tas.10992
msl.49392
gys.3035
msl.46076
hyn.5143
Taa.585
cln.9987
ppx.18216
sch.3430
ecm.708
ecm.2408
scs.15211
msl.57406
taa.10169
dpy.7623
htf.4179
scc.20769
trc.2900
msl.33357
msl.29650
hyn.39
scm.3205
msl.38881
taa.368
ppx.27176
scj.10424
ppx.34524
ecp.14048
sch.6765
scc.10616
sct.5350
hyd.9253
scm.11095
ppx.25118
msl.59202
ecd.9721
scm.5706
htf.3376
msc.10291
msl.59774
cln.7201
fsc.8846
trc.6858
Ecg.5191
spe.22890
htf.6770
scs.2528
Ecg.6951
scw.22842
scw.4166
Taa.6503
opv.86
ppx.14214
msl.18936
Fsc.1770
hyn.2894
msc.9043
msc.6139
ppx.28301
scj.5175
msl.29013
msl.9862
scm.4148
msl.34040
tae.9160
scc.19434
hyn.4644
hym.11940
trc.2775
scw.22021
msl.41216
scc.8891
msl.57733
msl.23204
msl.52804
cln.3190
scw.3786
hyn.4488
tas.2175
msl.49880
dpy.12677
msl.37040
msc.307
hym.10759
Fsc.626
dpy.10788
gys.8706
hyn.7376
gys.15167
scw.15369
opv.5587
hyn.1604
tas.10065
scs.6956
msl.15450
hyn.10784
ecp.1172
dpy.2983
spe.31541
spe.6118
msl.45670
msl.21069
opv.13042
hyd.4507
msl.14975
msl.53789
spe.30098
Taa.7377
opv.10780
scj.2683
scj.863
msl.16639
msl.60113
scs.18156
ppx.36294
scs.3708
ppx.21127
gys.2111
scr.10937
tae.7952
msl.56946
msl.45864
scs.11646
ecd.4775
msl.27858
htf.9447
scs.16595
msl.59012
Fsc.218
tas.3515
Ecg.2910
ppx.30506
scc.21513
msl.5633
ecp.15085
Fsc.20503
msl.16120
scw.8015
tae.1696
dpy.4705
msl.31871
scm.9509
opv.14894
scr.10805
msl.18528
fsc.1440
dpy.11086
scs.9782
sct.8324
scr.2707
Ecg.9804
dpy.8867
ecg.278
trc.15672
scr.22411
opv.9511
spe.5706
scw.23978
Fsc.28909
scw.25411
msl.46202
ecg.7286
hyn.13701
scs.15913
Fsc.29442
taa.11591
ppx.4747
opv.5213
opv.10261
trc.18837
ppx.35296
ppx.31384
sct.20051
scs.6014
ppx.24698
ppx.11255
dpy.12194
ppx.4591
ppx.3139
ppx.10075
scr.19057
ppx.26798
hym.2295
trc.21522
sct.8486
msl.4979
Ecg.8507
scw.23883
sct.21958
hyn.12750
ppx.2718
sct.21524
tas.4952
msc.1964
trc.13061
fsc.9589
scj.1892
ecp.8275
trc.21878
trc.10650
hyn.3097
spe.17548
scs.9139
ppx.24734
tas.11329
taa.11378
fsc.9009
Fsc.14821
ppx.6770
sct.19141
ecp.13246
spe.39311
ecd.218
msc.10504
ecd.7709
ecp.14403
dpy.4576
spe.25352
scr.10674
scm.9
sch.6054
scc.16299
Fsc.31728
ppx.28918
fsc.6825
ecp.2888
sct.9895
spe.3475
ppx.27744
opv.6555
scm.11526
trc.8973
spe.21417
scr.10423
spe.37396
trc.3466
tas.10893
trc.3910
msl.25273
scs.15069
hyd.6633
scw.4673
htf.3663
scw.20753
Fsc.31483
Ecg.9378
Ecg.7905
spe.11831
scc.21512
hyd.10525
scs.2926
sch.1767
ecd.2387
spe.15929
hyd.6820
scr.8412
scw.9705
sct.2349
ecm.157
trc.18090
msl.8186
htf.4290
sch.10184
msl.43272
sch.10972
taa.11324
opv.5066
ppx.351
scj.1135
hym.9806
ecp.15930
scr.15334
scc.18411
scr.7873
spe.6198
sct.4292
ppx.15809
trc.19692
htf.10874
scs.2683
sct.14992
spe.18794
ppx.10523
htf.10302
ppx.24699
Fsc.27593
dpy.14863
spe.31001
Fsc.23542
dpy.18299
dpy.14223
trc.15885
sct.9955
ecm.5165
ppx.24262
msl.4265
ppx.9296
htf.4453
trc.18159
ppx.16047
dpy.18079
Fsc.27562
spe.35235
ppx.19746
dpy.14089
scm.3406
sct.13902
spe.26310
scj.3239
scr.21618
gys.9516
hyd.1818
scr.10959
ecm.5737
ppx.22412
ecd.11103
scm.10943
Ecg.1504
ppx.23809
scr.2485
scr.7463
gys.14889
htf.2325
msl.50783
ecp.5270
gys.7822
scw.13960
scw.10284
tas.12128
scr.22103
spe.36686
ppx.22348
Fsc.7757
htf.1866
scw.6298
ecp.865
trc.7551
scm.4678
ppx.875
htf.10583
trc.18097
fsc.3455
ecp.17294
ppx.6115
ecp.11721
scc.7123
Fsc.19421
scw.19994
scw.7959
spe.33028
tae.4108
scw.11274
ppx.7174
msl.34263
ecd.11198
dpy.13728
ecp.1461
ecd.9707
htf.2486
gys.5713
hyn.10714
scr.2520
trc.17443
