

fsc.10497
cln.7455
msl.25241
msl.14751
Fsc.8553
Fsc.9142
smm.2404
scc.12659
scw.3005
scr.19085
spe.23297
scw.8098
sct.1496
hyn.5151
scr.19513
sct.3345
ecd.8627
spe.1126
scc.22018
Fsc.24372
msl.39391
msl.11224
sct.22818
fsc.5582
scr.5915
ppx.1817
Fsc.23924
Fsc.3200
scs.1645
scw.14902
ppx.4800
hyd.6034
ecg.5844
dpy.15535
ecd.10604
gys.14238
smm.1353
Taa.10032
gys.15201
ecg.1821
Fsc.9569
scw.23165
dpy.865
tas.8016
Fsc.5434
scc.14876
Ecg.5343
sct.7613
Ecg.3349
fsc.10763
ecg.8262
spe.10208
fsc.2832
ppx.1463
trc.7687
msl.50786
ecd.3145
msl.37858
gys.8727
trc.2938
cln.7454
scw.1211
scm.7801
scj.9496
scs.4845
scc.18285
scm.2245
scr.8801
msl.13602
msl.48439
cln.12796
cln.7102
Taa.5696
ppx.31878
htf.7404
msl.46550
msl.60169
msl.26791
msc.5953
Taa.3946
dpy.2748
tas.11233
msl.22642
msl.23197
ecp.15300
opv.4271
htf.7940
opv.11336
msl.2390
cln.4964
ecd.1098
fsc.10515
trc.16377
scc.21484
ecp.17756
msl.53445
ecm.5378
sch.4592
msl.28973
Taa.1309
tas.11535
cln.3132
scw.2694
opv.513
msl.7566
msl.33467
msl.5711
gys.12805
tas.2220
tas.1535
hyn.8083
scj.1237
scc.18926
Ecg.2518
htf.8078
ppx.5690
msl.43289
fsc.12459
scj.8858
ecm.5770
htf.10046
gys.571
msl.40673
msl.32277
ecd.9931
hyn.777
msl.17980
msl.11165
opv.6491
htf.11398
tas.7494
msl.8342
scs.6059
tas.9125
dpy.2522
Ecg.5139
msl.13789
sct.2925
msl.46523
ppx.6915
scc.8484
scj.10476
msl.53313
sct.12816
hyn.13491
msl.60078
msl.58170
scs.15786
htf.3279
sch.6727
scm.10214
ppx.17528
tae.10223
taa.7420
scw.9544
taa.9202
spe.14280
gys.3876
scm.6873
scs.3807
spe.5120
sch.6347
ecd.8210
hyd.7599
spe.27373
tae.7014
taa.11606
scr.15813
fsc.7017
taa.8622
scj.3593
gys.13701
spe.5456
spe.5769
sct.5714
opv.4514
Taa.5142
ecg.9586
Taa.7916
ppx.32745
Taa.8203
ecp.6372
spe.13678
taa.5670
Ecg.4837
msl.39104
ppx.24278
gys.3677
hyd.9772
htf.4401
msl.10262
Fsc.27145
spe.23766
msc.3362
msl.8554
ppx.25313
ecd.10757
cln.2280
taa.5142
msl.57632
hyd.578
cln.11789
fsc.12650
hym.8146
ecg.5009
ecd.4982
Taa.1197
ecm.10015
gys.5481
sch.4982
msl.12642
Taa.7479
ppx.23610
spe.12338
ecm.7130
msl.56610
scs.9985
msl.39382
opv.5423
cln.8623
opv.8547
tae.11090
spe.21914
ecm.10543
dpy.5129
ecm.721
msc.9960
msl.11615
ecp.5970
cln.1990
msl.27598
msl.10815
Fsc.8725
Ecg.6770
cln.6530
msl.20756
scs.11098
ecd.7891
scj.169
ecg.7925
dpy.14766
htf.90
spe.32797
tae.2309
opv.12757
dpy.13700
dpy.4026
ecm.3577
ecd.6347
trc.2857
msl.32291
opv.7230
dpy.4184
scr.14322
msl.14802
fsc.7427
hyn.1807
opv.12275
Taa.5618
fsc.4203
cln.13473
hyd.2210
htf.4055
hyn.1394
taa.9960
trc.12467
scc.19963
tas.1950
hyn.4595
fsc.1751
msl.12320
Taa.3321
scw.25407
scj.11595
opv.9010
msl.5356
scs.3071
taa.10988
ecm.5761
taa.9293
scs.11844
Taa.1928
msl.33132
dpy.6135
hym.4082
msl.25325
ppx.10017
cln.3239
msl.57476
hyn.2573
hyn.5895
spe.4078
hym.772
tas.2700
trc.1395
Ecg.492
Ecg.1270
scr.21236
sch.8508
gys.6219
htf.5530
ppx.33521
fsc.15486
gys.4727
ecm.5379
ecm.4388
sct.1487
msl.10016
fsc.12493
hyd.1895
msl.18769
scs.11173
ppx.25126
scw.1326
scc.16754
taa.10535
msl.18081
trc.2905
ecp.11232
scs.47
ecm.7064
gys.8205
scs.9721
hym.7269
cln.5100
Fsc.23232
htf.5197
sct.6333
msc.2949
ppx.3648
scm.411
dpy.4476
msl.53931
scw.14508
dpy.2730
scs.12223
ecm.280
opv.7918
ppx.22746
Ecg.8736
Taa.9328
dpy.6283
msc.7176
msl.42678
ecp.428
msc.410
msl.37165
msl.24085
fsc.5478
scm.9318
scj.8494
msc.598
hyn.4236
sct.15626
msl.35186
Fsc.4846
fsc.10199
msl.26254
scj.11963
spe.31882
scc.800
fsc.12012
Taa.9426
hyn.8790
msl.16754
Ecg.2690
scs.18033
msl.697
msl.3119
fsc.8307
scj.4407
sch.8951
scr.23208
hym.6723
scc.7124
msl.1416
hyn.13697
spe.26288
msl.14208
ppx.7849
msl.32515
scs.17632
msc.1872
scs.10306
tas.10266
sch.4480
hyd.6831
ppx.30949
Fsc.2450
ecp.18601
Taa.7064
ecm.1984
scc.11565
scm.7209
scc.967
fsc.12770
spe.27565
scw.7162
htf.3742
tae.677
dpy.3352
scs.6309
tas.2099
hyn.7042
ecp.3161
trc.7018
tae.1347
opv.14311
ecm.4170
scr.8774
scc.13400
msl.59441
hyn.2595
msl.57117
msc.9345
msl.11033
Ecg.1502
dpy.3842
msl.21181
msl.42482
hyn.357
Ecg.6152
hym.5000
dpy.15394
Fsc.11171
ecd.4324
dpy.14171
fsc.611
msl.23754
msl.16857
msc.2772
htf.802
scr.18847
scr.17187
ecm.9102
ppx.34240
ecp.6276
hyn.12397
spe.23981
Fsc.6079
spe.6192
htf.8920
msl.44302
gys.14697
htf.3646
ecg.6277
trc.8361
trc.10901
taa.1766
msl.12274
fsc.4584
htf.5854
msl.33472
scs.19602
ecg.6813
fsc.1178
msl.49885
ppx.5593
hyn.2091
Taa.4296
ppx.36399
msl.4221
ecg.2939
tae.7281
dpy.4889
ppx.14460
taa.2853
gys.1625
dpy.5671
cln.7954
ecm.6990
msl.6094
Taa.9785
cln.5815
spe.13466
hym.6397
taa.4430
ecd.4690
ecd.3555
opv.525
scc.13820
sct.15127
htf.7861
Ecg.1453
fsc.11706
ppx.13742
scc.3137
tas.11595
cln.6813
dpy.3477
msl.25496
ppx.17071
gys.7658
Ecg.2550
htf.8601
msl.9473
msl.30321
spe.31034
scw.19451
hyn.10757
sct.8232
Taa.5694
dpy.7807
taa.12571
scs.9897
sct.18826
Taa.746
sct.3417
scj.10185
scm.6607
scs.8482
cln.10717
scj.7677
ppx.31030
scs.13959
Ecg.4348
msl.30871
ecd.9098
opv.14848
tas.7123
msc.2613
scm.1195
hyn.2021
ecd.958
scc.8746
cln.11358
Taa.7453
hyn.13526
tas.12360
sct.17849
ppx.20634
hym.1289
msl.30623
sct.20052
htf.1245
msl.15144
msl.7392
ppx.8521
gys.5178
gys.10291
Taa.759
tas.7932
ecg.7096
ecd.1431
scc.9817
ecd.3380
msc.8193
scr.3214
spe.23630
Ecg.2193
htf.4218
msl.56881
Ecg.4453
scs.919
scs.6293
scc.4130
opv.8757
taa.12357
hyd.7728
htf.687
scm.10296
scw.3987
tas.4671
Fsc.10662
hym.7471
cln.12979
sct.17505
cln.1397
Taa.3045
msl.50960
scw.9240
taa.11725
ecg.161
tas.2620
smm.470
opv.7649
ppx.4015
fsc.2233
msl.57600
scw.906
hym.7961
dpy.15997
msl.29429
scc.2556
dpy.14661
sch.12676
hyn.10324
ecp.12794
scs.15707
msl.16842
ecm.7556
scs.8311
hyd.4181
gys.5353
hym.10934
msl.26586
ecg.7164
ppx.22815
Fsc.493
msl.26086
gys.7897
hym.3198
cln.10474
scw.20059
Fsc.1275
msl.11626
msl.48459
ppx.17653
spe.17157
hyd.3575
msc.7493
tas.8953
ppx.22524
taa.10691
msl.34674
scm.3778
scm.2546
msl.10915
opv.4316
msl.30278
ppx.14358
msl.13918
ppx.13334
scs.19908
msl.55329
msc.6638
msl.51564
tas.247
fsc.13042
msl.32878
ecd.5115
taa.1607
scm.9905
scw.2570
msl.26802
smm.2415
tas.9780
Fsc.21629
ppx.21765
scr.4156
Fsc.14156
spe.19787
tae.11172
ecp.8142
htf.2968
msl.59589
tae.11545
spe.29982
gys.15248
Taa.4266
ecd.351
ecm.9844
spe.18942
scm.9770
ppx.18000
tas.12924
hyn.3056
tae.579
hym.5839
ppx.2241
msl.31749
hyn.4657
Fsc.256
tas.10442
spe.33402
scs.14379
hyd.1630
scs.1506
ppx.31796
msl.49178
ecm.7420
scr.6741
fsc.258
sch.10309
htf.7880
Fsc.30453
opv.10667
tas.10418
msl.41752
msl.17062
msl.38010
opv.3619
trc.11018
scc.15455
hym.11376
ecg.1445
spe.30394
spe.32934
ppx.14426
scm.5216
htf.7980
spe.13583
scr.11822
msl.54184
scw.7457
Taa.877
msl.47482
taa.5821
fsc.9195
scm.4596
scj.993
htf.816
msl.48820
smm.923
sct.13195
msl.53024
scw.5475
trc.18848
msl.25041
tas.2537
hym.2598
msl.42253
ecm.2989
hyd.8027
scr.8590
spe.2582
dpy.10611
scs.4772
gys.3421
ppx.36413
ecd.5032
spe.13675
msl.44602
ecm.10282
msl.59007
scr.20626
tae.461
Fsc.19670
msl.2684
ecg.8381
ecg.170
ppx.32496
scj.7845
scs.2626
ecg.5576
ecd.2829
sct.8930
sct.8580
dpy.8096
msl.26753
tas.11657
msl.20110
scw.11623
msc.6841
msl.34429
trc.5836
tas.3890
cln.2042
ecd.14
msl.28230
cln.3307
ecp.13143
hyd.7696
fsc.1549
scc.14903
hyd.5120
spe.38797
hym.8684
scs.9806
Ecg.2313
opv.12881
scc.17564
msl.15029
spe.19253
taa.8703
scm.8330
taa.3964
msc.9205
msl.42
msc.10024
taa.5462
hyd.10055
fsc.14437
msl.19091
msl.34288
scj.6924
fsc.9233
dpy.6978
spe.21387
dpy.14094
msc.8838
scc.2642
ppx.30088
tas.9387
spe.22230
hym.1216
ecg.8040
spe.16005
ecd.1737
ppx.547
tas.1536
cln.5873
msl.27485
ppx.31731
ppx.35997
ecp.7363
ecg.3374
msl.30432
ecp.5653
hyn.5359
sct.22539
ppx.20348
ecp.8951
scc.7324
trc.9380
spe.18890
msl.36939
scc.18118
msl.59431
cln.8806
hym.1967
opv.3579
gys.12095
ecd.2395
msc.8633
ecp.2258
Ecg.4054
opv.10972
ecm.7002
Fsc.263
ecp.4159
ppx.4904
hyd.2560
fsc.2418
ecp.16459
dpy.8263
sct.6018
cln.2829
sch.117
ppx.31525
htf.3999
msl.45280
scw.10165
dpy.7556
htf.516
msl.31531
msl.16704
msl.35312
scr.20166
Taa.52
ppx.37877
spe.33349
Fsc.23714
scw.3094
dpy.15942
smm.3135
scc.15131
Ecg.2893
ecm.3283
scj.9225
scs.11721
msl.2562
Taa.5891
msl.29258
sct.14942
dpy.11476
ppx.18529
scs.8879
cln.10987
scs.16381
hym.8214
taa.4046
Ecg.7861
spe.28532
msl.35003
scc.6023
fsc.2209
msl.15640
msl.42204
ppx.11012
hym.567
msl.18639
msl.40799
taa.2380
ecg.520
scm.11767
sct.5336
msl.59286
ppx.22886
gys.4940
hyn.1195
hyd.8297
msc.2348
msl.546
ppx.29465
fsc.535
sch.9473
msl.59947
Fsc.5384
tae.6660
scs.19312
sct.10899
ecg.4754
sch.1637
ppx.27881
ecm.1517
spe.34304
ppx.15101
scw.10453
msl.35762
ppx.13136
scm.6652
msl.53239
ecp.13510
trc.16923
sch.5740
scw.24573
tas.10727
tas.11531
spe.35355
spe.29584
scj.10365
tas.8676
Fsc.25145
tas.12297
msl.35205
scw.14390
spe.11101
scs.10326
Fsc.14881
spe.22957
scs.10265
ecg.10819
spe.12888
dpy.16980
tas.9934
msl.56182
dpy.11741
ecp.11110
scs.11192
ecp.9975
msl.55452
hyn.12485
spe.27126
tae.10412
ppx.16262
tas.9028
ecp.13842
trc.16097
trc.287
spe.3469
dpy.16495
ecg.8655
hym.9499
gys.14544
spe.25615
dpy.12713
fsc.4512
ppx.30006
Fsc.14085
scc.20284
Ecg.9536
scs.1909
taa.7035
Fsc.12038
Fsc.21954
cln.1866
taa.13109
scr.13937
scs.8096
dpy.17854
ppx.6431
spe.10895
ecd.7852
scr.1595
ppx.5703
Ecg.10075
ecm.8
sct.22767
dpy.9850
spe.33414
msc.10270
opv.15667
scw.11656
htf.10328
dpy.18310
scr.4381
trc.19306
msl.22166
ppx.24274
spe.29274
ppx.36990
ppx.20553
spe.1165
Fsc.9419
ppx.21871
gys.6728
scr.17519
msl.12432
scc.19615
taa.9416
tas.10376
spe.16258
tae.11611
gys.8558
taa.11547
cln.6251
spe.36667
spe.31544
ppx.32733
Fsc.3252
ppx.1110
Taa.2727
dpy.6541
spe.16069
scj.11414
scr.12060
ppx.17802
scr.21904
ecp.12690
tas.11590
trc.13199
Fsc.18064
tas.10356
scm.7978
tas.2347
scw.25864
taa.6691
ppx.30732
ppx.11816
spe.3861
scm.10255
msl.34770
fsc.14169
spe.8557
gys.1280
scj.10092
hym.12312
Fsc.4915
spe.24083
Taa.2682
scr.21333
msl.5382
dpy.18915
scc.17765
dpy.7532
htf.2326
trc.13373
hyn.3639
scr.16305
tas.9639
spe.1855
ppx.35546
trc.14506
dpy.16506
dpy.1130
tas.9789
taa.8411
msl.47362
ppx.11178
spe.24268
ecd.10737
scr.4533
spe.33453
spe.18653
Taa.9883
ppx.22083
spe.4441
ppx.23089
ecd.1677
msl.8805
dpy.377
gys.15057
sct.10008
scw.12273
spe.24529
ppx.17796
spe.35658
Ecg.9479
msl.8743
ecm.5755
smm.970
scj.3858
htf.9819
gys.12361
scw.14115
scr.4308
scr.17782
spe.37870
spe.18341
ppx.26441
scc.20704
scr.4317
spe.24673
scw.22569
gys.13360
scm.9328
ppx.2752
fsc.11442
ppx.81
ecp.5707
ecd.1986
sct.22919
ppx.36123
scs.18069
scm.11422
scw.22586
Fsc.28432
trc.14872
scw.8296
trc.19910
ppx.22810
tae.11810
dpy.480
trc.16740
fsc.14191
scj.3956
ppx.37816
Fsc.6328
scc.15209
ppx.17892
spe.32757
hyn.59
trc.15640
gys.8290
tae.7529
