

scr.18816
hyn.661
hym.2747
scc.8766
sch.4029
smm.3089
Fsc.19261
Fsc.11386
scs.1189
Fsc.16664
Fsc.6366
Fsc.16675
Fsc.4138
scw.12188
scr.1479
dpy.9606
Fsc.7728
sct.8413
Fsc.32189
Fsc.29716
scr.19985
trc.14369
Fsc.4707
Fsc.7246
scr.17257
Fsc.10875
trc.13721
spe.16950
scj.7208
scw.22301
scj.846
scr.22861
Fsc.25100
scr.4859
scc.783
tae.97
scr.20223
msl.4313
Fsc.28562
msl.42432
spe.15478
scr.7251
scs.20131
trc.14914
htf.11252
Fsc.18008
spe.33800
hym.12242
fsc.902
scw.14785
sct.20537
scc.20472
scw.7591
taa.11411
msl.5460
Fsc.14945
smm.3269
Ecg.8937
gys.11430
scw.22255
Fsc.5577
spe.36390
hym.399
gys.11014
trc.14775
scw.17425
spe.34492
scs.17505
scj.11201
spe.3990
dpy.15842
scc.12334
ecp.1601
scw.11904
scw.19713
opv.6918
ecm.10511
taa.11699
msc.1563
cln.1711
scw.5629
scs.6001
msl.29381
msl.28802
scw.5420
msl.34072
ppx.24538
msl.18866
taa.482
Fsc.24694
scw.13093
ecp.3551
msl.32465
dpy.10296
tae.7980
ecd.7901
scm.9568
hyd.7834
scr.14027
msl.37552
tas.2760
ppx.25950
ecp.13308
msl.59046
ppx.17853
sct.13947
ecd.6256
msl.59333
msl.44656
hyn.3863
scc.6861
scm.5898
msl.10360
dpy.1081
scc.13627
scs.10467
scj.618
cln.12615
Taa.3452
fsc.13972
scs.13072
msl.49511
Taa.810
msl.47729
gys.14996
msl.29593
scr.22070
msl.52531
scj.3118
trc.19592
scs.10179
hyn.3078
sct.5396
scs.1916
sch.7921
Ecg.2447
ecm.2195
hyd.9728
ecp.4145
hyn.10680
msl.37292
scs.19279
cln.9837
msl.10505
htf.3225
scm.8373
scc.15010
scc.4363
msc.3297
ppx.27675
dpy.8025
opv.9160
ecp.14043
scs.13085
scj.1852
cln.3734
sch.5231
msl.20633
ecm.1258
msl.40197
dpy.8496
sch.3391
scs.200
msc.740
msc.1907
msl.60295
hyd.3444
spe.10534
msl.8069
scc.3847
tae.10920
hyd.10044
opv.10889
opv.9730
spe.4551
scj.11210
hym.5427
taa.12816
hyn.2647
spe.9495
spe.37962
msl.39400
tas.12288
scr.2105
msl.20705
msl.16530
ecp.15443
spe.30722
msl.29544
ecg.2005
opv.8704
msl.43470
htf.7534
Fsc.22425
scs.14177
scw.19470
Fsc.19753
scs.3974
gys.4958
hyn.1186
taa.4464
sct.14049
scm.9368
msl.36194
ecd.10533
trc.6163
ecm.4419
hym.1416
opv.5679
spe.28233
msl.1706
trc.11253
msl.52188
cln.13327
tas.10501
spe.11042
ecp.11021
scj.11834
hyn.8408
hyd.9565
scc.12914
ppx.1311
scm.8630
ecg.2942
scr.20769
msc.739
msl.2441
opv.4490
scm.9423
taa.9256
Fsc.2054
ecm.3409
msl.57460
tas.2981
taa.3814
opv.7122
msl.562
tae.3621
fsc.1073
sct.7384
scw.4677
opv.16196
msl.36223
msl.7914
msl.1312
htf.8898
scc.14227
scj.9977
htf.11289
ppx.16801
msl.14551
spe.20806
Taa.2494
msl.9771
msl.17600
ecp.12810
cln.2806
msl.21674
hyn.2327
ppx.17695
msl.4711
ecp.12992
ppx.13805
msl.59057
scc.1876
spe.10075
scm.6890
msl.21125
msl.31660
ppx.31084
spe.5419
tas.9773
scr.8130
cln.7753
spe.15704
Fsc.23262
scr.12937
Taa.3821
msl.28753
ecg.5730
hyn.7483
msl.56290
ecp.15515
hyn.11479
spe.36488
scc.1044
sct.1479
ecg.6717
ppx.24316
ecm.3352
sct.17632
trc.2619
sch.946
ppx.20097
cln.12303
scs.16674
taa.2719
htf.3280
hym.6008
msl.36759
hyd.1668
spe.9941
msl.40811
msl.19252
ecd.7202
sct.16891
htf.1710
trc.6557
cln.2355
dpy.11356
cln.7064
Taa.8720
hym.1623
msl.17057
ppx.5581
msl.9728
dpy.5450
msl.40183
ecp.96
msl.17398
ecp.12062
dpy.19797
hyn.12659
trc.1554
ecg.6863
cln.886
ecg.3173
dpy.4913
spe.6794
htf.7104
msc.7563
dpy.13396
ppx.9435
hym.4951
fsc.1977
scj.9383
dpy.12287
scr.6105
fsc.7005
msl.53015
spe.31443
cln.395
scr.12492
hyn.488
ecp.15456
sch.4809
fsc.7206
gys.6934
scs.17104
Ecg.6529
taa.11916
scc.17963
cln.2543
scm.1214
fsc.7368
msl.45184
sch.2017
scr.19830
ecm.8792
ecd.7779
ecp.8772
spe.3777
tae.5025
tas.2888
Ecg.6857
trc.20358
ppx.20426
fsc.14534
Fsc.11247
Taa.6582
msl.47615
ecg.779
spe.6861
ecd.10923
sch.10085
msl.39920
Ecg.9518
trc.4868
scc.15477
Ecg.7026
ecp.13538
dpy.14624
ppx.17560
tas.5908
hyn.6196
hym.1292
ecg.2664
cln.5587
opv.372
hym.5336
hyd.7414
dpy.18462
ecg.9837
Fsc.796
scs.2043
sct.4634
msc.7340
Fsc.27412
taa.12180
sct.4387
scw.982
hyd.10466
dpy.18808
ecg.6254
scm.8064
Fsc.20360
Ecg.5536
ecg.3791
msc.8317
msl.49220
tas.8124
Fsc.3454
fsc.13163
ecd.265
opv.9998
hym.11471
scs.4069
Taa.6002
opv.16311
ecm.5621
tae.5298
ecd.7722
fsc.7452
dpy.18234
ecg.9241
msl.6408
fsc.4216
Fsc.30107
opv.2122
scr.20232
taa.848
ppx.6773
msl.33404
ecp.6580
spe.25264
hyd.8262
htf.4638
htf.8992
scr.20704
gys.2741
cln.9704
spe.35991
ecd.34
Fsc.24228
dpy.19738
ecm.5758
sct.12723
scw.13499
Ecg.5339
hyd.4190
cln.4062
cln.9372
msl.13170
ecg.6923
msl.37413
trc.14944
scr.440
tas.2867
hym.11479
ecp.12175
ecm.882
msl.54351
msl.13844
ecp.2948
dpy.18877
spe.25411
scw.24963
ecp.17253
cln.3752
ecg.7574
msc.9617
taa.8829
sch.12142
ppx.192
hyn.3098
tae.2232
fsc.3509
hym.6746
cln.11221
opv.12060
ecm.2819
scr.76
scs.10045
msl.39018
scm.3166
scr.640
ppx.33758
msl.26920
ecp.634
ecp.4692
Fsc.2428
gys.3248
opv.15034
Taa.1733
fsc.4917
msl.13345
cln.10859
msl.11167
hyd.201
msl.39989
spe.28235
msl.41398
tas.5406
ecm.9878
msl.49282
msc.5276
scs.8376
Ecg.9293
scw.1002
ppx.36453
htf.9193
ppx.33358
scj.6709
scr.18919
msl.22857
tae.3306
ecm.6140
opv.7718
opv.120
ecm.7923
scc.3307
ppx.37342
msl.42845
scs.7540
scs.18438
ecm.7887
hym.8457
sct.5043
ecd.6011
msl.26714
ppx.36261
scm.3477
msl.44723
gys.5497
opv.722
hyn.2808
ecd.10014
msl.35772
ecp.12292
msl.48311
msl.58379
scc.16045
scr.5388
msl.11204
scw.2954
scc.18371
dpy.4959
scc.19042
tae.9442
scs.606
taa.7083
msl.49476
msl.54895
ecp.3961
hym.7226
msl.28063
ppx.14747
msl.24657
tas.7015
msl.5798
ecp.4388
taa.5425
scc.7357
spe.26557
msl.15664
scj.6382
smm.1797
dpy.8024
cln.8872
sct.5888
hym.3357
ecm.3943
msl.35881
scw.17367
scr.16049
cln.9398
ppx.35584
ecp.16819
msl.8609
msl.8902
ecd.1775
Ecg.2971
fsc.12291
ppx.16085
scr.6256
msl.31152
scr.23006
cln.3101
ecg.4637
spe.15762
tas.9613
ecd.3336
trc.12406
msl.48657
sct.13007
hym.610
taa.8315
hyn.1919
sch.4257
hyn.12772
spe.21966
opv.8963
ecg.5324
htf.167
sch.4199
taa.7249
hyn.4948
msc.1719
msl.43356
ppx.9101
msl.47335
gys.6719
ppx.9455
Taa.5809
msl.17749
msl.55129
hyn.7617
scj.3494
hym.4971
scm.8322
tas.12482
msl.49762
scr.11124
tas.1075
hyn.8557
msl.35497
ppx.37156
scr.22110
tas.4496
ecg.259
tas.10235
scw.16556
taa.12386
scm.7568
Ecg.9898
ecm.5167
smm.1696
Ecg.3993
trc.3592
fsc.14325
msl.58376
dpy.11859
scs.10058
msc.3925
msc.10289
trc.16953
ppx.28152
ecd.3463
fsc.5527
Ecg.7949
trc.18916
dpy.19081
msl.2862
hyn.5363
ecp.17318
msl.13335
sct.12304
tas.6899
msc.6548
spe.15782
taa.8158
spe.38872
ecg.3726
opv.9022
msl.6474
trc.3681
spe.32982
scs.10159
trc.6653
msc.8640
fsc.8210
sch.12263
cln.13026
scs.5853
scm.6489
msc.2301
Fsc.21538
Fsc.29997
ecd.2936
Ecg.762
spe.12639
spe.6361
msl.33946
Fsc.688
msl.59697
scs.1862
ecd.1555
ppx.760
trc.16661
msc.3727
scj.1870
msc.5127
opv.13841
msl.55478
ecp.9725
scr.1463
trc.16841
htf.5880
msl.30157
scs.16732
hym.6701
msl.15443
msl.31163
scs.16846
ppx.17206
scs.2749
msl.51475
msl.45644
spe.32562
tas.12509
ecd.5666
spe.4626
Ecg.7994
fsc.10174
tae.5126
msl.57008
tas.10642
tas.9727
msl.47884
ecp.13576
msl.30510
opv.14665
Ecg.4446
Ecg.9353
Ecg.4980
hym.4410
scj.10498
scj.12259
dpy.14024
trc.19998
cln.2597
scc.19782
msc.8697
msc.7907
hyn.8292
scr.13644
ecp.9522
msl.29907
scr.2588
msl.44397
Taa.9863
htf.3314
trc.16041
hym.2147
sct.1501
Ecg.1562
hyd.5799
hyd.7555
trc.5669
msl.48197
spe.2222
sch.9638
Ecg.3604
msl.53385
taa.12212
sch.6816
dpy.12510
ecm.2977
ecd.8494
Taa.8117
scj.3150
msl.35235
htf.1707
ecd.6979
hym.3008
msl.10115
msl.36620
ecm.5656
Fsc.14589
spe.37263
spe.1625
scw.22689
scc.2076
cln.9936
ecp.17713
trc.3113
hym.5924
Taa.1902
hym.9105
scr.8117
spe.39259
dpy.10291
sct.12500
trc.11378
msl.55963
msl.7811
cln.3777
htf.9206
Ecg.9597
msl.3714
ecd.4440
ecp.13315
sch.7898
tas.552
fsc.3561
gys.14669
msl.37939
msl.37700
opv.12237
sch.9185
ecd.3991
tae.800
opv.1905
spe.25043
gys.13310
scc.12695
msc.7556
opv.5601
cln.4825
scs.10418
scc.22360
scm.3375
smm.3601
trc.12839
msl.8975
msl.52484
sct.5755
spe.29144
msl.26604
ecg.8874
fsc.2760
msl.4427
msl.737
ecd.8176
ecm.3913
msl.51376
msl.27802
msl.46849
cln.613
taa.613
opv.12945
msl.52383
ppx.25253
Ecg.6396
dpy.1181
ecg.8369
Ecg.779
ppx.32887
ppx.279
ecg.5515
msl.489
hyn.4225
scs.9059
msl.31889
tas.11638
scc.18602
ecd.10917
scm.1823
msc.2941
Fsc.1144
msl.3740
hyn.4876
sct.2774
ecg.1453
ecp.9289
fsc.2680
scc.11974
Ecg.1748
scs.584
msl.44024
cln.7085
ecd.5154
msl.15124
msl.12807
scs.10781
scr.16796
hym.5610
msc.1519
scc.20660
ecp.4662
ecg.2472
scm.4856
tas.4914
scw.3630
htf.2161
fsc.15590
scm.432
scm.10686
hym.2585
Taa.3912
dpy.2713
hyd.8058
msl.53283
sct.6985
scj.299
msl.35292
dpy.17917
hyd.2708
taa.6330
msl.14144
ecp.4455
scw.2484
ecg.8024
ecd.4633
msl.48967
msl.30722
Ecg.2584
opv.1143
ecg.1728
ppx.25302
taa.9873
scc.11715
spe.11638
ecp.2754
taa.2827
scw.2159
msl.28719
tas.12706
msc.7762
spe.11777
scs.2378
Fsc.30512
opv.5678
ppx.16968
ecd.7542
trc.16797
scs.4952
ppx.8946
sch.9391
trc.21066
hym.8040
trc.6774
ppx.13521
dpy.16347
sch.6094
scw.1727
sch.9018
scj.3648
ecd.2261
sct.14305
gys.14999
sct.20195
gys.15251
taa.4033
msl.37046
ppx.21136
gys.11154
trc.15914
dpy.2005
scw.18642
sct.2717
msl.42562
hyn.12891
Fsc.25439
scm.91
taa.4991
fsc.8551
htf.4806
ppx.25372
hyd.10118
cln.4567
gys.14269
msl.12745
ecp.15031
ppx.20853
scc.7599
ppx.1873
scc.5135
dpy.10571
tas.3308
msl.5551
scs.1918
scm.8109
tae.8843
cln.393
ppx.9538
ppx.8917
ecp.17507
dpy.8042
msl.12737
dpy.6511
sct.22695
tas.6122
scw.17455
scc.6716
scs.11274
scr.14075
scw.20296
Fsc.21086
tas.10701
ecp.18365
smm.3831
Taa.2987
msl.5686
sct.11023
spe.29426
ppx.6656
scr.22776
sch.12516
spe.17020
ecg.3056
ppx.37710
Fsc.30075
hym.456
ppx.22212
msc.5380
ppx.29664
ppx.15352
taa.5535
scs.11337
taa.7925
sct.21600
sct.14968
taa.3380
ecp.15135
hym.12212
ecd.6628
taa.10542
Taa.9047
spe.21033
spe.2120
ppx.16898
Taa.4903
taa.9034
msl.58925
ecp.7620
sch.9811
dpy.14134
dpy.16269
msc.4248
dpy.11144
tae.3623
ecd.764
htf.9385
Taa.2963
ppx.22891
Fsc.30537
dpy.6099
ppx.28375
scj.6175
taa.11261
tas.8593
cln.7660
scc.9064
scr.20277
hyn.5074
spe.14863
scc.19228
msc.6791
scw.9004
ecd.9974
tas.8865
trc.12753
msl.60180
hyn.12887
ppx.28148
scr.15687
msl.2133
tas.13131
opv.11148
taa.13312
msl.39161
scs.20077
taa.12640
tas.8599
sct.21278
ecg.2483
gys.11264
scw.12369
opv.1096
fsc.10465
hyn.7618
msl.12264
scw.24269
scw.16489
spe.22489
scr.21688
opv.6254
spe.12701
spe.14884
ppx.31901
dpy.17228
msc.4018
msc.9806
cln.10335
msc.5886
hym.5556
spe.37299
hyn.2244
ppx.17503
ecg.5732
tae.4421
scr.5971
Ecg.9355
gys.14235
msl.8697
ppx.27620
gys.12151
scr.11964
fsc.11448
ecd.2676
sct.7150
gys.9217
scs.15653
scr.10616
opv.5275
trc.10465
ppx.32479
scw.3658
scc.2750
spe.35546
sct.9465
scc.6024
scc.12035
opv.7017
spe.16844
spe.25868
ppx.27518
ppx.28532
ecm.8278
msc.9265
Fsc.11134
scc.8752
spe.7933
ppx.37048
scw.14683
ppx.3391
ecd.9399
ppx.7365
scc.23200
hyn.2501
Ecg.621
sct.9159
opv.10668
ppx.35778
hym.3447
taa.8866
hym.10790
