

opv.7340
msl.56660
Fsc.15953
ecg.7108
Fsc.4933
Fsc.24449
scw.7192
Fsc.6454
fsc.9580
Fsc.19094
Fsc.2607
scc.17140
trc.1124
Fsc.30435
scw.10234
sct.2684
scr.11102
scr.23071
Fsc.18656
spe.19492
Fsc.2869
scc.5912
Fsc.9854
ppx.7168
scm.4695
Fsc.2791
Fsc.3683
Fsc.9891
scc.10458
msl.13076
Ecg.2389
spe.2368
scm.10247
trc.19550
ecd.10675
smm.1618
ecp.18553
ppx.36542
Fsc.9398
sct.12205
Fsc.3514
gys.9843
spe.38340
scr.1473
ppx.1647
tas.10822
gys.5689
scw.11541
ppx.5134
Fsc.27041
ecg.2657
msl.3380
scc.16883
scr.11450
msl.42555
msl.37087
spe.37276
hym.3693
scw.17233
scj.455
scj.2028
scc.6444
Taa.9223
gys.11700
ecm.390
msl.39216
hym.5322
Fsc.23670
gys.9473
ppx.16440
scw.3684
hyd.8187
tas.9121
msl.12955
scw.24195
scw.11482
fsc.12328
cln.8213
scm.2442
ecp.11906
msl.45267
msl.11254
tae.921
scr.2013
msl.20582
fsc.12710
msc.9645
opv.8767
tas.2473
scr.17294
scj.6231
ecg.3679
sct.5362
sct.3281
Taa.1349
trc.4875
scc.2153
ecd.9737
ecp.14225
tas.1601
hyd.10091
ecm.4862
Taa.8918
ppx.31728
msc.6499
Ecg.5180
hyd.5755
gys.10937
msl.14421
tas.8313
msl.4045
spe.31482
opv.3918
fsc.11941
scm.6355
ppx.29745
sch.4265
scw.17468
hyd.2646
tae.884
msl.6496
msl.48362
tas.318
msl.60038
msl.12701
msl.10159
sch.566
trc.8180
hyn.9367
scm.7996
scc.10313
opv.7726
fsc.365
msl.60342
msl.27441
scs.12707
hym.1441
sch.2486
dpy.6537
scs.10231
spe.22271
ecp.2580
ppx.13797
ecg.733
scs.3643
hyd.6576
sct.8850
msl.16711
msl.8888
cln.10301
ecd.2490
msl.12094
ppx.1033
Fsc.29584
ppx.5054
tas.5992
spe.23313
ppx.35508
ecp.1923
gys.2910
sch.8898
fsc.3688
msc.7814
scj.5922
scr.18481
spe.10971
spe.8275
scj.5274
htf.8825
scw.25846
ppx.15428
scc.6979
sct.5032
scc.20798
ppx.4352
Ecg.8215
msl.2574
sct.3710
dpy.11027
tas.10618
scm.10320
ecm.3647
taa.8214
ppx.20355
scw.10444
msl.21627
msl.20903
ppx.32885
dpy.7805
ppx.26064
msl.20439
ecm.5661
ppx.7267
taa.11213
opv.5735
msl.18028
sct.244
scs.19002
msl.59930
msl.12421
ppx.12437
ppx.11294
tas.3010
msl.3530
trc.3043
tae.9505
dpy.7510
taa.1724
msl.52410
htf.3947
spe.22475
msl.45404
hyd.3971
taa.1968
tas.1031
dpy.13138
msl.29883
sch.2132
spe.38448
msl.24188
hyn.9289
spe.28206
taa.7573
dpy.7899
msl.27702
scs.12042
sch.11005
ecm.8852
ppx.29201
Taa.8143
scm.6963
hym.3455
dpy.10557
scs.14811
scc.5295
taa.3166
spe.35895
spe.30738
ecg.8520
tae.1263
taa.8947
msl.48071
msl.42262
ecg.260
hyd.5399
tas.6758
Taa.9737
fsc.5882
ecm.10352
ecd.872
gys.11736
msl.2386
msl.23426
scw.17011
ecg.6895
ecm.7611
hyd.8471
scm.4490
tae.6324
opv.4838
Ecg.4918
Fsc.14067
scw.2121
msl.35125
Taa.625
Fsc.5557
ppx.12135
ppx.35540
tas.6354
ecg.6324
htf.865
msc.1310
msl.49524
ecd.4339
scj.1225
tae.955
scj.7069
msl.21916
hym.4236
scs.18932
msl.47292
tae.5872
hyn.7881
scc.22683
msl.34026
Taa.4604
scw.24346
opv.395
hym.9567
tas.6564
msl.34183
sct.20304
taa.8942
tas.7987
scm.9859
ppx.1973
opv.9656
ecm.892
msc.9871
hym.2237
Ecg.5807
taa.6106
msl.37061
scr.13360
ecp.17249
dpy.12906
opv.4331
opv.767
msl.23152
Ecg.897
ecg.5319
ecp.4577
msl.46139
ecm.7152
hyd.8137
scw.13298
msl.31131
dpy.5669
ecm.8729
scr.2505
msl.23530
htf.438
trc.7814
fsc.8852
dpy.5962
hyn.10157
scw.19297
msl.41957
spe.22039
tae.3185
msl.59850
hym.10605
msl.47855
hym.3445
fsc.8618
fsc.4142
msl.38644
msl.34203
dpy.6742
scr.18774
tas.187
Taa.1274
dpy.11190
tas.12905
cln.6791
hym.8707
Ecg.178
msl.1693
htf.1780
ecp.8204
spe.3079
sch.7235
spe.33424
spe.24102
scr.21018
opv.1165
ppx.34694
msc.2081
gys.4343
Taa.2047
ecd.8289
sch.11491
Ecg.7685
htf.5411
scj.6455
scr.4640
msc.8296
spe.23358
fsc.15002
scr.18118
gys.4418
hyd.10465
msl.14636
sch.7810
sct.21694
scr.22551
spe.38476
Fsc.9538
scm.3800
msl.22268
cln.12365
htf.6189
hyn.5975
msc.7433
msl.30117
hyn.8334
taa.6550
ecm.3701
trc.4471
ppx.28899
dpy.10957
msl.13654
msl.49613
Ecg.6741
scj.7947
htf.6484
ecd.672
hyn.10548
ecp.3535
msl.47900
spe.13109
msl.21311
taa.9163
scm.5307
ecm.10348
msl.37656
cln.9671
scc.3978
taa.12463
msl.44662
scc.8648
spe.16876
msc.874
sct.11566
msl.34160
scj.7598
cln.1437
cln.9205
msl.2906
scm.3062
opv.7674
ppx.15823
Ecg.2074
spe.2157
Ecg.7633
Taa.8070
tae.10325
trc.19214
msc.9798
fsc.7760
msl.41741
dpy.8839
opv.5217
msl.20070
ppx.12529
scj.3170
dpy.13839
Ecg.8792
opv.10258
msc.10328
Fsc.23821
sct.21627
htf.9523
ecm.7030
cln.7345
tas.4979
msl.31012
ecm.5943
scc.14051
hyd.8930
sch.12499
msl.28009
sch.9542
Fsc.12109
msc.7420
scs.9087
cln.5004
msl.54626
sct.19640
msl.53990
msl.5432
scj.8121
ecd.532
scs.10681
opv.10325
Ecg.4539
ecd.4895
opv.1554
msl.30067
cln.8957
ppx.7780
taa.10880
Taa.2309
ecm.9067
taa.6273
hym.8619
ecp.4712
sch.10920
cln.3417
ecd.4177
msc.2021
msl.11688
ecp.687
fsc.292
msl.37102
msl.10416
dpy.848
msc.6877
scj.103
opv.2808
msc.8491
Ecg.6470
msl.12369
msl.34496
msl.28613
scc.1007
msl.59411
scc.352
scw.585
dpy.14065
fsc.10419
hym.8798
dpy.6271
msl.27828
fsc.14741
msl.37342
scc.16903
tae.7534
msl.40339
gys.260
spe.3161
sct.17222
sct.220
sct.9043
spe.8832
sct.13550
sch.6286
fsc.3240
tas.10117
tas.3985
trc.3060
spe.37423
gys.13135
msc.1363
msl.52471
scj.6994
tas.4746
sch.8466
scc.8200
trc.2549
spe.35634
tae.1649
msl.20516
tas.13088
ecd.10195
msl.7029
sch.5302
ecm.5687
Fsc.21866
scs.17352
msl.51462
ecm.4156
scm.9182
opv.14083
ecm.745
Fsc.16840
hym.2306
sch.11927
msc.248
Fsc.4886
msl.10838
msl.52983
Ecg.6750
scw.4790
scs.5106
hyn.1718
scj.4815
Taa.3971
Ecg.5521
spe.30279
spe.24804
taa.13084
msl.19930
opv.2618
msl.30933
hyd.666
scr.23465
hyd.9214
scj.6755
gys.4965
msl.59071
trc.148
msl.25397
trc.13380
tae.1003
spe.33810
spe.22102
msl.7633
msl.59966
hym.2937
sch.3359
scw.15815
ecm.8387
trc.2794
fsc.7091
opv.16031
sch.7375
msl.23644
spe.24938
sct.7367
Ecg.5737
taa.12482
scw.20728
scm.1364
hym.10404
scw.11982
hyn.10823
scm.329
Taa.2197
dpy.6219
msl.28447
msl.17286
taa.7547
sct.19364
sct.1829
htf.4637
Ecg.2304
ecp.18453
ppx.31155
scm.6937
scs.10358
scc.20418
ecg.684
ppx.9567
scs.8558
spe.32135
msl.44599
hyn.11445
spe.12947
ppx.19010
scw.17961
ppx.23102
msl.38045
msl.9709
scs.14449
hyn.4836
msl.14641
taa.11672
opv.5527
dpy.4871
msl.56037
msl.37944
tae.2044
ecg.3639
spe.36539
ecd.3984
scj.3389
msl.46783
msl.25898
gys.13304
sct.11261
sch.11538
ecd.3847
cln.4832
ppx.15450
trc.17479
msl.33447
smm.3632
spe.28579
tae.12170
Fsc.8038
Taa.9039
ecg.4203
ppx.692
scc.14778
msl.21457
msl.19540
msl.56327
msl.38312
scc.16015
scs.17450
cln.5202
ecd.1611
gys.10817
scr.7053
tas.3447
cln.7300
tas.2219
msl.35606
sct.13098
scc.9779
hyn.2502
scs.19346
msc.4805
msl.44846
cln.6222
sct.12278
hyn.5548
hym.3551
msl.47671
scs.5459
opv.14853
ecm.3709
msl.18561
Taa.1130
gys.15298
hyn.1582
scr.10569
ecd.1573
ecg.7542
cln.11349
scc.428
trc.19165
tas.225
ecg.961
taa.7956
spe.14263
spe.35581
msc.3029
msl.10415
scj.4055
scm.8224
scm.7973
scs.10983
msl.2767
Fsc.1789
hyd.4435
tas.8094
tas.8586
msc.2143
Ecg.7818
scj.2239
spe.437
dpy.6868
hyn.61
scs.3711
scw.3952
fsc.12756
scr.8335
opv.12556
ecd.5540
tae.9896
msl.26149
scw.20287
Taa.3050
Ecg.143
msl.43558
scc.18546
ppx.16333
opv.12928
htf.11604
spe.1079
trc.1234
ecg.2714
msl.25872
hyd.1422
ecp.16768
msl.39513
dpy.5854
msl.22430
ecp.17176
hym.7974
sct.22568
scc.14456
msl.46188
scc.20825
msc.5303
gys.14135
sch.8428
scc.18144
spe.24656
ppx.33407
ppx.21294
ecg.2184
opv.8486
Fsc.19938
fsc.5731
gys.11828
cln.7933
ppx.17452
scs.1246
msl.50777
scw.8348
msl.21006
scm.6559
gys.1562
ecp.3929
scm.9806
taa.299
tas.1715
sct.2468
msc.5448
ecg.5624
ecp.2922
scj.9958
spe.6243
scs.8287
msl.42289
htf.3235
ecg.9570
spe.24840
sch.10171
sch.7401
scj.2411
msl.33214
ppx.16476
opv.12403
trc.7598
fsc.15066
ecp.8280
sct.10635
msl.55292
msc.4509
tas.12047
cln.12254
msl.54492
msl.49268
sct.13297
msl.34671
htf.1454
sct.12436
ecp.11187
ecm.4526
sch.10575
cln.2915
scw.25182
ecd.17
msl.49501
dpy.14003
Ecg.9334
msl.28675
scc.19645
spe.17755
scj.12237
fsc.9924
hyn.9650
scr.19943
ecm.8623
tas.8421
msc.7960
scj.5898
scs.16610
cln.7336
tas.3062
msl.35617
htf.9122
hym.6375
msl.26326
msl.53733
sct.5546
Fsc.33231
opv.10193
msl.60250
sch.10314
tae.285
spe.15063
scs.10756
cln.9428
msl.53328
ecp.12684
dpy.17409
ecp.13270
spe.23341
msl.45943
Fsc.5605
spe.29650
msl.32119
msl.20586
spe.2487
scs.9946
htf.2309
Taa.4696
msl.8011
opv.329
taa.12583
tas.9858
cln.12821
msl.26589
ecm.763
cln.9892
msl.11657
hym.7245
msl.28080
Taa.4458
scc.1463
msl.53034
scs.7408
trc.18856
sct.10966
fsc.6272
Ecg.4472
ecg.6071
msl.22084
Taa.8669
htf.11107
taa.9158
msl.39830
opv.2670
scs.17492
Fsc.399
scr.10989
fsc.5181
ecg.4278
cln.5911
dpy.497
msl.2035
scj.362
tas.11294
ppx.31
scm.7037
msl.13038
ecp.10736
msc.2859
ecg.5565
tae.4254
ppx.5629
Ecg.5895
ecd.7333
scw.2967
scr.19577
gys.168
ppx.25719
scr.21432
ppx.27386
scr.12663
ecd.5336
msl.18683
sch.652
fsc.1224
ppx.36273
scw.259
fsc.13264
spe.23957
fsc.8728
dpy.14371
trc.20339
taa.5575
trc.16911
scm.9473
scw.20062
opv.3259
Taa.9379
tas.9467
Fsc.2915
taa.12012
sch.5453
ppx.4548
scj.11001
hym.9853
tae.3690
ppx.11476
spe.9557
spe.13
ecd.10912
hyd.10456
opv.10524
ppx.32379
ecm.10482
spe.32371
taa.8369
tae.5321
sct.21708
scr.1656
sct.22255
ppx.9782
scr.214
scm.8314
dpy.10103
ppx.15713
scc.11945
spe.29357
opv.16210
msl.53453
Fsc.22329
sch.7896
sct.17550
ecd.10847
spe.26088
spe.16468
scc.22253
scm.1551
scc.5690
trc.1104
sch.11744
sch.11499
ppx.36540
spe.32465
dpy.11797
Fsc.7217
scj.11241
Fsc.6823
Taa.308
taa.11516
scs.10541
ecg.6511
htf.5658
ecp.3462
scs.12862
cln.12293
scc.19375
hym.12295
scc.22902
spe.13642
spe.23593
scs.5066
spe.18877
taa.8183
fsc.6381
spe.29485
tas.11483
trc.14129
ecp.3188
msl.6279
msc.3476
scr.11390
ppx.36816
scc.21197
msl.53069
spe.32590
spe.33507
tas.8099
spe.29254
Fsc.22685
dpy.2270
ecd.4047
ppx.27049
scr.18592
msc.3008
scs.390
ppx.5254
spe.13914
gys.852
hyn.12835
gys.12237
scc.20647
scr.13476
ecp.17492
spe.1837
ecp.7108
spe.25004
spe.3670
dpy.15565
sct.13200
spe.32713
taa.8038
tas.1912
ppx.21244
trc.17223
spe.34767
msl.36744
Fsc.18664
spe.30907
scr.23094
scs.1263
fsc.8671
sct.3941
msl.38828
scc.3420
scc.10598
ppx.27497
scr.21548
spe.20174
trc.21250
sct.18129
ecg.4791
hym.2771
tas.12501
ecd.861
ecp.357
scr.21948
tas.11307
gys.10828
gys.9009
hym.9675
spe.12731
trc.17681
ppx.6329
trc.22086
taa.2014
tas.3141
scs.6806
ppx.26023
sct.8569
Ecg.1058
ppx.32047
taa.4245
msc.876
taa.4304
scc.2572
hyn.5425
sct.9276
taa.12524
trc.9798
gys.185
Fsc.6327
scw.19012
cln.11892
spe.9939
tae.1610
dpy.235
ecp.17094
scc.17620
smm.1075
dpy.19653
scr.12463
trc.19780
gys.6751
hyd.2322
opv.10834
gys.10809
gys.14729
ecp.2959
ecp.1217
dpy.16054
ppx.37730
fsc.11630
scr.21912
ppx.12647
sch.2539
ppx.22483
ppx.26298
sct.9471
Ecg.813
tae.4542
scj.223
ppx.12978
msc.2411
scr.23550
spe.25478
Ecg.1852
gys.249
fsc.15043
spe.15136
scc.20527
tae.11009
hyd.6479
spe.26943
ppx.12796
hym.11080
