

msl.31410
hyn.662
hym.2748
htf.7601
Fsc.17256
scr.22921
spe.4326
Fsc.22213
scr.8407
scc.1059
scc.5126
Fsc.30766
hyd.6002
scc.16841
sct.20054
Fsc.5797
sct.2098
scr.6974
fsc.7789
trc.21293
Fsc.28566
ecg.8177
msl.6990
scc.84
sct.11150
Fsc.18598
scr.18211
tae.6359
Fsc.6072
Fsc.8928
ecd.9649
Fsc.33165
ppx.11513
Fsc.3682
htf.5630
Fsc.26524
ppx.4466
ecg.1221
Fsc.29632
Fsc.10186
Fsc.24882
spe.17303
spe.2627
Fsc.31231
sct.792
gys.6298
Fsc.11997
Ecg.5349
ecg.9713
Taa.6641
scw.6070
ppx.30256
ppx.26818
sct.20168
gys.12951
dpy.12931
ecp.13751
scr.14281
sct.21227
spe.15901
ecd.7995
hyn.11639
ppx.2759
scm.9874
ppx.30258
scj.3778
scw.14324
ppx.6673
scr.9475
ppx.11530
scc.16848
Fsc.3185
htf.4737
Fsc.28788
scc.9218
ppx.28178
tas.11241
taa.6533
dpy.328
ppx.7943
hyd.8557
taa.10172
hym.4470
msl.60411
scj.12475
hym.2276
ecg.3218
cln.157
taa.12033
ecm.8016
htf.3421
Taa.743
sct.7114
msl.52581
msl.5390
htf.7220
scw.11378
scs.14194
tae.3881
opv.12410
msl.40379
cln.11274
msl.45975
taa.7357
msl.50166
hyn.10653
tas.12556
ecm.3481
ecp.13720
Taa.5627
scs.10916
msl.34667
taa.1794
msl.56000
htf.705
ppx.37228
ecp.10884
msl.10662
ppx.8516
gys.1312
spe.39106
msc.6889
ecg.7589
opv.149
spe.305
sct.9027
hym.10432
fsc.7285
ecd.1380
msl.20523
sct.17626
sch.3499
Ecg.4867
msl.45797
scw.20986
msl.17146
ecd.8857
msl.24501
tae.11643
msl.16024
scm.1065
hyd.5822
msl.1110
msl.41990
msl.29332
cln.6202
sct.11788
tae.8620
ecp.11956
tae.3871
opv.4494
msl.37051
Ecg.1373
ecd.1885
msl.51766
ecp.293
scs.12848
dpy.5445
scs.18809
scj.5182
ecg.2916
htf.4971
sct.12969
msl.4771
trc.12157
gys.15427
msl.21755
ecm.5054
hyn.3768
tas.9029
hyd.10048
opv.238
ppx.12679
dpy.6405
tas.1408
hym.11869
tas.7442
scw.23445
msl.44904
ecp.7874
msl.47076
msl.13369
Taa.3417
ecp.7174
hym.9802
msl.5800
ppx.27321
scs.6260
hyd.4031
opv.9078
msl.27065
tas.11015
msl.54009
hyn.3024
scr.17767
hym.4156
Ecg.4011
gys.4952
opv.9428
cln.6028
msc.8739
scs.9424
ppx.23481
scr.17950
scs.18753
trc.1725
hyd.6797
tae.8056
dpy.3885
msc.3041
hym.8435
Ecg.6784
ppx.20390
spe.29885
ecm.1502
scj.12511
msl.5200
fsc.10319
taa.6043
msl.22042
sct.4101
scw.22040
ecd.78
msl.35870
ppx.16481
opv.1748
ecg.1168
msc.1723
spe.33560
msl.36604
Ecg.8321
msl.57469
Fsc.19897
ppx.24138
hyd.8966
msl.28995
scc.12601
scr.2444
fsc.6648
sch.11900
spe.9626
gys.13065
hym.1732
taa.8487
tas.8965
tas.434
hym.12371
scc.3709
msc.5944
ppx.5873
dpy.12353
msl.44443
scc.15652
opv.8770
Ecg.1010
scm.16
scw.11962
cln.9662
scs.16111
trc.14141
scm.5293
scr.4505
scw.22579
ppx.17822
msl.55279
tas.4379
msl.12899
scw.25901
ppx.15525
msl.2913
msc.2061
ecp.6034
scj.8733
tae.4218
msl.22443
ppx.36149
fsc.7829
sct.6304
hym.6543
ecg.9308
tas.8963
msl.49990
scs.2135
msl.28651
taa.2055
msl.19519
ecd.4274
hyn.10846
ppx.16276
scr.11335
msl.2108
scm.3863
scw.11600
taa.10232
Ecg.9190
msl.8695
scw.138
scj.12641
msl.17760
msc.8927
ecp.2144
tas.2856
cln.9972
htf.11044
scc.15008
scs.10867
msl.818
tas.9886
tas.2709
ecg.704
sct.8476
msl.53302
ecg.1533
msl.38024
htf.1742
dpy.6906
scs.18810
scj.4828
msl.46913
scw.8790
msl.59765
trc.648
msl.19803
ppx.19825
Fsc.27274
ppx.4616
Fsc.15676
trc.11402
msl.57565
cln.12267
taa.5877
hyd.8561
htf.933
scj.10659
spe.18351
ecm.8318
ecp.3410
ppx.31646
taa.8630
ecm.7318
tas.10399
ecm.126
msl.8539
ecp.13524
ppx.21265
msl.27125
tas.6795
scc.21026
msc.5264
ecp.5040
hyn.9625
opv.14068
htf.756
ppx.15893
sch.5527
scj.5842
tas.3427
ecm.5679
msl.2053
scj.12615
tae.1105
msl.32374
Fsc.26008
msl.43718
htf.6909
msl.3255
msl.27395
scr.19693
msl.39442
ecp.11999
hym.2831
cln.2993
opv.11998
sct.14704
msl.38800
Fsc.6872
ppx.25644
htf.8719
sch.7003
hyn.338
ecd.43
dpy.8840
tas.3337
tas.5906
scj.8552
smm.208
Fsc.30964
scj.1047
Fsc.23088
scs.11776
ecp.7468
scs.4528
ppx.10854
scc.12612
msl.12501
sct.9951
ecd.184
tae.4810
cln.6297
msc.3459
sct.7292
msl.41000
Ecg.9604
sch.3027
taa.10846
scs.2285
msl.16780
cln.6824
scj.8978
scw.23556
Ecg.1021
ecd.9197
ppx.9378
Fsc.25794
ppx.16444
cln.12285
msl.16510
htf.1544
msc.466
Taa.3655
scr.22266
ppx.16996
scs.15530
dpy.11785
msl.27454
hym.8311
scj.9582
msl.31306
spe.31500
Taa.3749
fsc.10918
scr.1887
ppx.25497
scs.839
hyd.9449
dpy.18616
tas.1559
hym.1856
msl.47743
scj.8317
sct.8312
trc.1875
scs.16345
scw.12299
opv.3545
htf.5752
fsc.9397
fsc.5757
gys.11800
scs.5917
fsc.13208
msl.27744
scw.5204
spe.5255
htf.7461
htf.636
taa.9404
scw.6071
sct.1743
trc.14101
ppx.9552
scs.8549
Ecg.6293
ppx.22538
dpy.12627
spe.4270
scs.8261
dpy.8791
opv.2326
scr.21383
scc.9052
tas.4136
Fsc.19069
tas.8522
tae.8954
Taa.7895
hyn.4180
ppx.25960
ecd.768
opv.7279
spe.20465
spe.21148
scs.10049
msl.53414
ecp.183
opv.16249
tas.6276
tas.5128
Ecg.793
htf.6905
ecg.7346
hyn.9506
tas.1202
Ecg.6932
ecp.17329
msc.4288
Ecg.3692
taa.1071
fsc.9975
msl.53920
ppx.10582
msl.26660
sch.763
htf.627
scc.3078
scc.14576
ppx.22332
msl.28380
msl.26189
Fsc.16256
spe.39521
ecd.7084
spe.18908
msl.31759
ecp.8214
Fsc.24125
spe.1038
ecp.15921
scs.6538
scc.13542
scs.10509
ppx.37348
trc.4621
opv.7697
msl.13953
msl.60273
scj.5251
spe.39305
sch.1604
opv.9152
dpy.4243
scm.3479
tae.2141
msl.15804
ecm.277
sch.6190
scr.1474
tas.12942
hyn.12917
opv.5531
ppx.9880
Ecg.10210
opv.6078
spe.23867
msl.37538
gys.5899
spe.9196
msl.4606
ecd.3138
tas.500
htf.11390
hym.5634
msc.1539
msl.49704
spe.36652
taa.11650
ppx.12748
msl.23924
sch.12903
scs.9641
msl.43548
Taa.7054
sct.1801
spe.29976
ppx.21351
ppx.855
dpy.17219
msl.25152
sch.11666
msl.51658
scw.17918
spe.28918
scs.6425
spe.33070
htf.11400
ecp.3172
Taa.9195
cln.4085
dpy.1212
ecm.4187
fsc.5439
scj.3976
scr.7437
scc.10842
Taa.4540
trc.9182
tas.7701
msc.2871
ecg.5584
Fsc.8620
ecp.2738
scs.9026
cln.10936
htf.1271
scr.6601
msl.6073
gys.6021
msl.48660
Taa.6861
taa.13289
msl.31059
msl.53219
msl.22520
msl.38133
fsc.11701
scc.13110
ecg.7120
hym.3014
msl.57192
htf.7829
scw.2433
ppx.12961
taa.11792
spe.37461
Ecg.6350
scc.2046
ecp.5557
htf.7026
trc.3161
Ecg.8492
gys.5841
scs.10842
taa.9573
Fsc.32826
htf.7927
Fsc.15117
tae.8985
sch.12053
fsc.7926
msl.41162
scs.4848
ecm.7444
hyn.7337
msl.16898
ppx.26971
ecp.9242
ecm.3523
scc.11933
ecg.10800
msl.32468
trc.14182
taa.1522
scm.5715
ecp.3860
scj.7551
trc.10620
sct.11856
cln.5491
sch.12840
htf.9647
ecm.5214
tae.11820
scm.10725
scs.8586
cln.13544
scw.5406
Taa.568
msl.28508
scm.6370
msl.49962
msl.4340
msl.57261
spe.11320
spe.12406
msl.56632
msl.44752
spe.33051
spe.228
scc.1936
scr.5327
ppx.33347
scj.4777
scw.13591
sch.3780
trc.16659
msc.1643
opv.7701
Fsc.27171
scr.17963
cln.9270
msl.40282
taa.9776
sch.5927
hym.6222
tas.3021
msl.23395
ecg.3440
opv.1373
ecm.2860
msc.334
ppx.20810
ecg.6613
ppx.3782
msl.34451
trc.5843
fsc.2125
msl.39678
ecp.6969
Taa.6187
hyn.5672
taa.11926
scs.7132
tae.2638
msl.22201
cln.8672
scs.17367
msl.49693
msl.37814
dpy.18440
scs.15796
trc.5547
msc.8009
gys.10536
ecm.5247
hyn.2661
taa.13254
tas.2520
msl.47053
fsc.14869
ecg.9646
opv.12074
gys.7528
trc.2084
spe.24019
msl.47969
ppx.10354
fsc.3479
ecg.6795
ppx.2991
ecp.6357
ecm.6490
cln.6902
sct.1537
msl.40604
spe.29984
msl.31718
cln.2656
msl.20886
sct.14069
fsc.8561
ecp.1681
opv.5924
trc.18221
tae.11208
sct.6079
ecp.8608
scw.8862
scm.752
fsc.1660
Fsc.2378
trc.1316
msl.57364
scs.17837
msl.59527
scr.11733
ppx.21755
ppx.13040
hyd.9381
sct.9060
msl.15318
scs.9578
hyn.2751
scr.8411
scs.6941
msl.38438
msl.43367
msl.29989
ecg.2623
Fsc.31558
scm.3915
msl.45615
msl.29232
opv.8059
scm.3438
dpy.318
msl.13094
ecg.3504
hyn.9593
opv.11891
ecp.16447
scr.11021
trc.14474
scr.17591
scs.6757
sct.8422
msl.32035
ecg.7906
scm.10353
Ecg.2254
scs.20081
taa.10932
scw.7008
msl.27644
taa.8293
spe.22033
hym.5275
Taa.8149
msl.35799
spe.14467
spe.22836
ecp.5410
msl.39073
spe.33858
msl.29282
cln.8526
ppx.36086
trc.3362
Ecg.1537
ecg.9786
taa.3334
msl.52118
scm.3378
ecd.1941
taa.1820
Ecg.9687
spe.4459
msl.56817
hym.3227
scw.17633
ecg.8879
scr.12540
msl.6482
trc.3690
spe.12927
cln.3667
hym.10978
spe.39035
cln.5672
scs.6497
tas.2705
msl.27791
fsc.9004
msc.1655
fsc.6762
Taa.9814
Fsc.27968
msl.4133
msl.13044
ecd.6171
Ecg.4839
Fsc.692
spe.33228
Fsc.17807
ppx.8192
scc.16295
tas.5195
msc.2793
msl.43184
ecg.5383
gys.12393
msl.37766
msl.24480
scs.3638
sch.5427
ecm.1732
Taa.9622
taa.10699
msl.24141
dpy.11660
spe.179
dpy.4113
Ecg.9105
scj.10050
htf.1215
gys.12463
msl.58473
taa.12031
dpy.958
scm.4988
msl.51147
sct.9455
msl.26286
htf.6873
ppx.25415
msl.5770
tas.2912
taa.178
ppx.30434
msl.53914
scj.5080
spe.7527
Ecg.3109
Ecg.9362
ppx.15072
msl.38048
ppx.25075
ecm.3927
msl.9831
msl.58487
Fsc.10647
scj.6771
msl.9504
spe.4582
taa.11854
ecd.1754
scw.17737
dpy.11771
scr.2267
scc.10072
fsc.4245
ecd.7271
opv.13475
Taa.630
msl.58569
sct.1209
cln.13318
opv.5369
tas.5722
scw.18729
taa.13151
sch.6862
ppx.10507
msl.28694
scr.14158
dpy.8453
taa.5094
msl.54039
spe.13619
msc.531
fsc.7640
fsc.11849
scc.16610
ppx.22661
ecp.990
msc.388
msl.46581
ppx.21281
scc.13252
spe.34971
msl.53611
scs.11278
msc.9196
dpy.4784
spe.6908
Taa.2697
spe.32586
scj.11377
sch.9764
scr.4677
scr.23488
scs.16633
tae.10435
dpy.13141
hyd.5776
dpy.3773
fsc.9552
scs.20003
opv.7623
scj.5465
hym.3289
taa.8482
hym.1324
scs.1400
tas.10315
fsc.8696
scr.14520
dpy.12832
trc.1126
spe.23459
ppx.35792
spe.8322
trc.6614
scs.5454
scr.22990
sct.3331
spe.15773
opv.10928
tae.545
spe.9360
ecm.42
ecg.3773
htf.11453
ppx.2548
hym.4686
ppx.22263
smm.1201
htf.11030
ppx.31618
trc.5445
scc.19820
taa.36
trc.3326
dpy.16060
dpy.3041
Taa.112
spe.32016
sch.3421
scc.16207
fsc.4084
taa.8874
hyn.3016
scc.2301
sch.8395
scw.13074
ppx.9329
ppx.13974
taa.9100
tae.2156
ppx.29814
ecp.15054
opv.7709
spe.21219
gys.11764
msl.37347
spe.2580
gys.8970
spe.19758
msl.34306
scw.6666
spe.33221
msl.59059
msl.58785
hyn.7114
Ecg.5184
scc.9857
spe.5727
hyn.5841
msl.53779
Ecg.8183
scr.3767
tas.12116
gys.6377
cln.7897
ppx.36679
scc.3366
spe.4288
hyd.6196
spe.878
fsc.15577
fsc.11355
gys.6679
scr.1062
spe.16013
ecm.1161
trc.893
Fsc.25792
ppx.34284
dpy.15319
gys.12133
htf.1824
spe.31438
scr.22924
ppx.5250
scr.1766
scs.12421
gys.10954
ecp.8966
ppx.35337
cln.6573
msl.2893
msl.45391
fsc.8162
opv.6441
scc.23394
sct.1956
Fsc.6499
ecp.15339
ecp.4858
dpy.15434
sch.8550
tae.11038
spe.15308
scr.12543
scj.6096
sct.22619
scc.10326
opv.7014
scc.1883
opv.6363
ppx.9848
scj.6412
ppx.19794
spe.8639
fsc.13521
msl.8331
spe.5812
opv.6794
scm.5346
spe.8986
Fsc.28220
ppx.24479
ecm.1552
spe.4665
spe.19307
hyd.10685
ppx.30840
ppx.1937
ppx.20502
scc.22000
scr.1838
ecp.1557
spe.11007
spe.37302
scr.10020
ecg.1737
sct.11976
ecp.1116
dpy.17572
ppx.11195
spe.31509
scr.12727
scr.18182
spe.35344
gys.14881
gys.14029
scj.3309
scr.13495
ecp.7110
scw.8789
Taa.5188
Fsc.21788
hym.11024
ppx.24158
gys.610
Ecg.395
ppx.14593
sch.9383
spe.16961
ppx.21011
ecd.2651
dpy.16108
scr.5726
scj.9324
ppx.2634
Ecg.6338
fsc.8767
ppx.23699
hyn.9007
