

ecm.3319
hyn.7260
msl.16324
ecp.800
Fsc.25806
Fsc.30740
scr.19387
Fsc.5187
Fsc.21805
ppx.21201
Fsc.25703
Fsc.13543
Fsc.18418
ppx.37679
spe.27341
scs.18959
ecg.8008
htf.5393
Fsc.27958
scc.4223
scc.11859
scr.10059
Fsc.20530
sch.7902
msl.57902
tae.12441
smm.1261
ppx.35783
sct.4381
scj.4993
gys.8812
scj.12031
Fsc.13742
scw.15761
scc.4705
scw.25195
ecp.1942
Fsc.30170
Fsc.15144
ecp.15560
ppx.6683
gys.5257
sct.22141
Fsc.28986
tae.877
scr.17888
fsc.1283
tae.2822
scw.17880
gys.9139
scc.10136
scw.12295
dpy.6171
msl.18037
hym.6840
msc.7876
ecg.7993
msl.24013
ppx.6118
msl.38585
spe.29394
hym.10100
spe.4174
taa.8076
msl.9885
hyn.7089
scc.10562
tas.4592
Taa.3603
msl.51975
msl.23265
dpy.17084
msl.25249
Taa.4483
hyn.5371
ecp.10874
scs.9612
msl.46554
sct.18384
taa.2940
fsc.2273
ecd.1835
ecg.2849
msl.44587
msl.17113
tae.1731
msl.13939
msl.35421
msl.10600
hym.6504
msl.2396
msl.51546
msl.45110
opv.13370
htf.2102
taa.5755
dpy.8219
Fsc.9052
msl.36175
sch.4591
cln.8530
fsc.9031
spe.6657
ppx.2076
scr.21164
opv.519
scc.2171
opv.8807
Ecg.6137
scm.849
scr.17556
spe.6821
msl.56806
ecg.5980
ecp.6185
Taa.5117
msl.24282
msl.19520
Ecg.9523
ppx.20784
sct.20987
scs.17479
spe.26586
Fsc.11530
msl.40679
msl.32272
trc.5506
Fsc.26512
hym.2612
msl.35627
scc.15622
opv.14412
sch.11635
hym.8523
scm.5695
cln.13230
htf.1288
msl.9367
msl.56356
sct.2929
ppx.29634
opv.7634
scc.7930
msl.55921
scw.18746
scw.22311
hyd.10338
Ecg.9554
tae.11871
cln.6628
hyd.6052
msl.46925
scm.10217
sct.15464
scc.13192
ecm.5114
fsc.4013
taa.9208
gys.10324
taa.12969
ppx.34961
msl.12872
ecm.504
scs.14942
ecm.9363
ecm.3176
fsc.1346
ppx.26238
msl.26016
msl.37127
fsc.7012
scr.2133
ecp.8135
msl.44510
tas.3123
htf.8517
spe.37992
opv.2582
ecg.5349
Taa.496
scs.4403
msl.51602
opv.4082
cln.1551
msl.16679
taa.5677
msl.55540
sct.8255
sct.20776
ecm.3238
msl.56722
tae.5582
msl.34127
cln.2123
sct.16119
spe.9925
msl.52023
scc.20491
scw.22799
ppx.20415
spe.13353
scs.11539
sct.2970
scs.2152
tae.1295
htf.8587
hyd.6521
spe.32678
cln.2434
Taa.3372
msl.45408
scs.10402
scw.2834
htf.2328
scs.20202
ecg.3836
gys.5362
scm.1418
msl.21500
fsc.1563
dpy.11951
ppx.14968
msl.58985
msc.7848
scw.16836
scs.4513
cln.3240
ecm.722
spe.38171
taa.11005
Taa.5568
cln.1998
scj.6535
fsc.4168
msl.56326
Ecg.7822
scj.5720
msl.55538
ecm.1372
ecm.9755
scj.163
msc.4214
fsc.12761
fsc.9255
htf.6244
smm.1307
hyd.10807
dpy.3321
gys.10466
hyd.2262
msl.18739
scw.5953
scm.3609
opv.7239
tas.7854
Taa.198
spe.5299
tae.8701
scs.5856
sch.5635
htf.2005
spe.8240
tas.4237
scs.7391
tae.4774
ppx.15487
scw.387
msc.6527
ecp.7641
dpy.9507
msl.21275
tas.7390
tas.5181
cln.6859
opv.635
trc.17675
scr.5299
Ecg.9847
ppx.8433
msl.55333
spe.36522
trc.185
tas.5259
Taa.1925
msl.33139
ecm.3255
scm.665
sch.12135
scm.2615
fsc.10868
msc.9151
ppx.12049
trc.8444
ecd.7896
ppx.297
ecm.5855
msl.9372
tas.6933
Ecg.6729
scr.21239
sct.11066
scc.10453
htf.1129
Fsc.3935
opv.13896
gys.12375
hyn.4031
scw.23306
hym.3323
hym.8091
msl.33229
scw.17475
sct.17806
spe.9853
scm.9485
Taa.4011
gys.10356
taa.6262
msl.18085
gys.11918
msc.7030
spe.14107
ppx.32886
taa.3063
scs.9725
ppx.26247
dpy.8301
msl.30466
cln.1727
sch.12949
msc.2946
fsc.12662
scm.416
opv.1593
msl.48096
msl.47187
msl.28602
hyd.3798
scr.1687
spe.2551
msl.30914
dpy.12417
opv.5576
ppx.17341
hyn.13241
spe.16993
ecg.5785
msc.419
spe.8660
fsc.8926
tas.7668
trc.6649
scj.8498
msl.10803
msl.14372
msl.54868
spe.9701
htf.10716
scs.19377
hyd.9924
scr.10376
ppx.4564
msl.11541
scw.20688
msc.353
hym.10762
msl.16759
scj.1284
scs.10621
taa.6868
msl.16806
msc.2780
ecg.985
scc.14180
opv.12483
msl.56603
ecd.1680
scs.5166
sct.20049
fsc.2510
ecp.2148
trc.1805
scw.10616
trc.10059
ecm.8088
scr.350
msl.13623
scw.18765
scw.18997
msl.37168
msl.9315
msl.18299
tas.11070
cln.11746
hym.1391
trc.21181
tas.7181
hym.1829
ecg.5301
trc.14623
opv.12573
msl.56916
Ecg.4540
msl.29098
ecm.6477
hym.6186
scs.2655
scw.19623
msl.37904
ecp.1992
taa.4050
fsc.9080
scr.8779
msl.10480
Fsc.7846
hyn.2596
cln.8551
ecd.3435
msl.11037
Fsc.28999
sch.197
sct.10842
sch.10390
opv.2907
scw.10170
msl.47833
spe.10755
gys.136
tas.898
fsc.13625
ppx.652
ecm.5496
msl.16850
hyn.9971
msl.21661
ecg.8730
trc.5327
msl.20991
hym.11248
msl.43348
cln.1043
gys.12557
ecp.8261
msl.51404
hyd.10658
scj.6057
hyd.4911
scj.11283
Fsc.13528
ppx.3581
scm.8315
scm.6279
fsc.5772
spe.6670
spe.31244
fsc.12881
hym.4369
sct.15019
fsc.1175
msl.17020
Taa.2456
gys.9468
scw.2709
ecm.9615
Ecg.7045
dpy.2057
ecp.577
dpy.4884
ppx.14468
msl.37953
Ecg.2204
opv.12994
ecm.4128
sct.344
scc.4928
tas.9821
spe.24915
spe.13469
scc.5506
msl.48802
fsc.7580
Fsc.642
opv.12170
scc.5207
msl.15703
scm.900
ecp.8154
cln.5613
gys.10843
scw.21140
Fsc.18823
opv.3586
tae.1386
scm.11617
msl.8854
ecm.1880
msl.5312
scw.5067
msl.9477
spe.12231
hyn.2930
htf.7910
Fsc.6496
spe.10437
hyn.3886
dpy.7803
sch.9366
trc.9855
ppx.13500
hyd.3218
Taa.782
ppx.35332
hym.6988
Ecg.6846
taa.2759
cln.6239
hyd.8636
msl.58554
spe.38172
ecg.4970
sch.6523
msl.29499
ecg.7465
msc.5099
scw.14988
msl.24872
dpy.17877
hyd.944
trc.1817
ecg.7878
scm.10226
Fsc.12289
scj.1601
msl.24163
scw.9701
tas.6439
htf.1366
scc.19890
msl.15148
msl.7399
ppx.8529
msl.29275
msl.54337
hyd.3201
scr.1318
msl.2638
taa.432
sct.11117
scc.15099
taa.11839
ecp.17378
spe.34698
msl.35023
msc.3505
scm.1669
scm.2591
opv.11552
spe.2887
ppx.35850
msl.58713
msl.21745
hyn.11285
tae.10184
msl.27020
hyn.7877
tae.5920
htf.9427
dpy.9040
dpy.2302
opv.646
hym.6692
scr.2597
hym.5524
ecp.9063
gys.4849
spe.8008
msl.2975
htf.835
ecp.14274
ppx.4013
tas.8228
spe.12347
tas.1652
ecp.15564
msl.42922
msl.29426
taa.6784
htf.1847
trc.7725
gys.4792
Fsc.25728
msl.24414
ecm.2593
spe.3438
ppx.20177
ecg.3842
hyn.4164
msl.56646
scc.20075
spe.5168
sch.7957
ppx.4687
msl.58958
scc.5059
tas.6545
ppx.12598
fsc.2194
Fsc.1279
msl.42434
tas.9962
scm.9051
taa.8191
msl.9359
trc.7064
ecd.4004
ecp.2934
scc.9142
scc.13967
msc.5972
scm.2542
dpy.4028
ppx.2906
msc.9661
hyn.2861
msl.13916
ppx.186
Taa.5488
Taa.5882
scj.8832
scc.4876
scs.14151
Taa.4035
scc.16776
ecd.5112
msl.49645
scm.9903
tas.4099
scm.6763
hym.6964
scs.3360
msl.943
ppx.29511
htf.4455
sct.15976
fsc.7023
msl.51581
cln.2907
msl.44520
msc.8224
opv.14632
ecp.1337
msc.2430
msl.26679
sct.19915
ecm.9840
hym.4248
Ecg.4787
scr.4269
ecg.566
scs.6979
hyd.1869
tas.11309
dpy.19821
hym.4716
scr.23316
hyd.9703
scr.8708
spe.37895
msl.36728
scr.21036
hyn.1057
msl.24742
msl.33536
ecm.8958
tas.6138
msl.26857
taa.3390
scs.3272
ecg.1815
msl.57313
taa.7611
sct.2390
ppx.24400
tae.2082
hyn.10340
scc.3089
taa.11074
scs.3629
ecg.1440
Ecg.3023
ecm.4665
hym.10332
hym.2704
cln.12995
spe.13589
htf.9154
Fsc.1518
cln.1298
scj.411
msl.47484
trc.569
ppx.9466
scs.8479
scj.996
scs.15181
ecg.8498
cln.2239
ecd.2626
ppx.3883
msl.12629
cln.12757
ppx.26581
scs.15036
Fsc.32313
msl.35584
ecp.4238
ecp.221
ppx.16747
ppx.36559
msl.38772
scj.2460
tae.9073
cln.9618
scc.15781
Taa.5971
scw.17029
Ecg.3524
sch.2023
cln.6002
tae.466
Ecg.662
scs.3899
taa.1465
msl.57794
msl.40239
dpy.14532
scs.2622
hyn.5311
msl.34855
Taa.9277
msl.48731
ecd.6053
ecp.6561
ecm.1563
msc.363
tas.30
spe.29998
Taa.3315
scs.10672
cln.1115
taa.1862
ecd.10
ecg.4110
tas.12985
msl.8761
hyd.7699
fsc.2558
gys.3033
spe.13762
dpy.15481
Fsc.18588
scw.16810
trc.17286
ppx.10803
msl.55908
ecp.5567
ppx.30669
ppx.27510
Fsc.6668
taa.3961
Ecg.5262
trc.2166
msc.10020
ecg.8544
Fsc.33070
ecd.4005
msl.17025
fsc.4444
ppx.2494
ecm.10602
scw.6262
scm.1508
trc.19555
Fsc.29928
scc.18023
msl.58891
Fsc.926
htf.5951
tae.12248
ecg.8045
Ecg.6209
msl.54129
spe.5017
hyn.13188
dpy.1793
opv.14261
scc.11764
tas.9109
msc.2838
ppx.4057
opv.501
scc.10311
htf.2771
hym.10651
msl.41087
scs.18123
scc.7322
trc.9385
msl.12344
ppx.13038
hyd.9355
msl.59437
fsc.4721
htf.2255
Ecg.9412
scs.16792
scc.1925
msc.9583
msc.4430
Taa.4627
htf.6731
ecm.7006
hym.6603
tas.6616
sct.18809
msl.20235
opv.11129
gys.8478
msl.24770
sct.6012
trc.2660
fsc.15656
scj.11117
scj.11931
gys.12631
scs.16342
msl.36316
tas.6277
msl.52455
spe.23767
scs.4887
spe.34125
opv.10357
msl.53824
scw.6308
gys.13585
trc.12861
tae.7584
ppx.25937
ecp.5113
trc.2090
scc.3440
gys.2714
ecm.129
msl.59305
scw.10647
htf.1298
cln.7858
Taa.778
tas.7918
Taa.857
hyn.8655
ecm.8990
htf.9608
Ecg.6907
scc.20786
taa.1877
msl.35009
msl.22714
taa.3103
Ecg.2316
ppx.837
ppx.11015
ecm.9886
opv.12540
msl.40794
scw.17978
Fsc.22451
hyn.3011
tae.3833
Ecg.156
msl.39119
ppx.4892
scs.17518
cln.6038
msc.8729
scm.9376
msl.33002
scs.96
sch.9474
tas.3226
msl.39507
scs.4242
scs.19318
hyn.5580
msl.15306
msc.6566
opv.8677
sct.13021
msc.372
taa.8330
msl.44486
htf.1895
trc.2381
trc.6586
scw.18683
htf.6580
dpy.14609
scs.11445
tas.9478
ecp.1565
msc.8953
Ecg.4037
msl.5095
trc.18091
sch.10635
dpy.1240
tae.8901
ppx.29756
msl.51782
spe.34765
dpy.17768
Ecg.3922
scr.22401
msl.40872
scj.1449
msl.42407
scr.9985
hym.1323
tas.12828
msl.48246
fsc.489
trc.5724
scr.12152
dpy.13558
ecp.12221
spe.18156
ppx.10605
taa.8280
ppx.30430
Fsc.23584
scs.1835
scs.2705
hym.5358
tae.11165
fsc.4966
scc.8571
ppx.24372
ppx.27768
ppx.8591
fsc.4285
hyn.6680
fsc.15668
Ecg.5987
gys.345
sch.12613
ppx.7827
tae.5571
sch.5717
spe.1423
tas.11154
tas.5755
tas.5775
trc.8115
ecp.12232
ppx.26862
htf.8559
opv.2247
opv.12817
scs.14058
ecm.10489
scs.17588
hyn.9245
Fsc.3335
taa.10508
fsc.6566
scs.2449
ecp.8104
hym.1689
scs.1737
trc.11496
scr.15514
Ecg.9995
trc.12067
sct.1800
spe.8443
scr.23938
spe.21292
spe.1127
ppx.22780
tae.3767
msc.9232
spe.22453
tas.11083
tae.9826
tae.3316
ppx.27727
scr.22258
scw.2168
spe.5246
ecp.1307
ppx.36829
spe.2352
tas.12088
scw.12249
scw.15400
scr.8379
spe.21095
trc.16032
ppx.33482
spe.13750
scj.11674
hyn.13147
ppx.27370
scc.2367
fsc.2301
spe.10354
smm.103
ppx.3576
ppx.7285
Ecg.4474
htf.6765
sch.9893
sch.12833
scr.21908
scc.7408
ecd.3606
ppx.8231
Ecg.1109
trc.21945
scm.2484
trc.20481
Ecg.9321
ecg.2923
taa.12176
spe.6248
dpy.16865
spe.8959
opv.14461
spe.13483
spe.19678
spe.7854
msl.47705
hym.10176
opv.2521
spe.38902
msl.48013
ecp.9668
scj.5610
sct.16193
spe.24541
sct.3053
tae.427
spe.10394
scw.20151
dpy.11510
ppx.33824
sct.16103
spe.6524
taa.13139
ecp.7358
trc.5329
hyn.4329
scc.9819
dpy.17301
sct.3474
hym.5101
htf.10466
ppx.9418
msl.2056
trc.21754
hym.1861
taa.11039
ecd.1993
ppx.30110
hyn.11545
scr.14123
msl.60369
smm.1074
scw.22240
ppx.37813
sch.10825
fsc.14672
spe.17382
Fsc.22982
Fsc.28221
spe.28472
spe.34240
scr.11524
sct.3560
ppx.23975
ppx.8526
dpy.17748
dpy.5481
msl.34886
ppx.9099
Fsc.26327
hyd.7735
scr.448
cln.11785
spe.14016
dpy.12989
ppx.2018
scr.9312
spe.22781
ppx.15655
sch.12290
hym.2001
spe.38878
ecd.836
sct.15003
Fsc.4222
hym.4160
fsc.6807
spe.19860
scs.20212
Fsc.30000
scc.16105
ecg.6415
