

tas.2043
ppx.30238
smm.2233
ppx.34213
Fsc.5132
Fsc.30618
sct.20377
scr.12059
smm.2138
ppx.23986
scc.13829
smm.1809
Fsc.11710
sct.1525
sct.22863
scc.19942
ecg.9999
sct.21737
sch.1544
Fsc.31393
Fsc.20284
Fsc.3263
scj.6738
gys.14372
Fsc.7504
scc.5087
Fsc.4688
scc.18638
Fsc.23335
scr.21625
Fsc.13857
scm.11213
dpy.18539
trc.15838
trc.472
sct.4236
gys.14921
tae.5602
scc.10938
scc.13586
scr.1776
scj.922
scr.2793
Fsc.23388
msl.45416
dpy.19727
Fsc.24611
Fsc.20127
scc.13308
tae.2280
scc.12164
sct.17349
Taa.8285
scw.16053
scc.749
scr.7924
scw.13107
scr.6851
scc.22723
scc.9940
scw.20004
ppx.18832
ppx.25680
msc.9040
ppx.36445
msc.10245
Fsc.22800
scc.1682
trc.14712
msl.7195
hyn.581
ecp.17646
scs.1058
scm.8707
gys.13787
trc.17868
tae.56
msc.9398
trc.2424
ppx.31657
scm.6141
opv.4764
hyd.9502
hym.4145
tas.8190
scs.8962
trc.14258
opv.12036
fsc.8040
msl.48061
ppx.25101
Fsc.23673
ecg.8699
ecm.1804
tae.3576
sch.1838
scj.4787
spe.30418
scr.8233
sct.2007
scc.4858
ppx.18111
cln.4617
hym.920
sct.12012
msc.3055
ecg.5014
scs.5260
Taa.10305
msl.59298
scs.3381
tas.8745
tas.2993
ecm.7809
hyd.2206
gys.13300
ecp.14646
spe.22506
scr.20190
spe.18161
msl.8574
scw.5150
scs.7941
scs.998
msl.36437
ecg.5084
msl.38939
msl.43425
fsc.15104
msl.45801
scc.1520
scm.5820
Ecg.133
tas.674
scs.7105
hyn.4675
fsc.2919
scs.8715
sct.18879
opv.2076
spe.16176
spe.10355
Fsc.13507
ecg.3544
cln.11895
scm.6256
gys.9674
scm.2237
sct.4653
ppx.8181
hyn.1205
spe.15803
Taa.9464
msl.52442
tae.10602
fsc.15215
taa.6091
hyd.2030
sct.5806
msl.42120
ecp.4542
msl.46142
msl.28367
ecd.6905
msl.6308
scm.2178
msl.37502
scj.1006
scm.5746
msl.5181
ppx.2726
msl.58482
cln.7245
scr.15157
Taa.10053
ecp.7326
cln.12151
sch.5715
hyd.1353
ecd.10670
Taa.9446
tae.10912
ppx.19518
opv.12090
Fsc.13749
scs.3198
Fsc.24529
msc.9008
scc.2903
msl.40787
scj.5131
cln.13030
cln.6785
opv.13596
ppx.26592
scw.1104
msl.9510
ecg.9989
scc.15998
scs.1842
msl.13797
scw.16455
scw.14687
spe.2657
scs.13409
scm.6379
cln.10199
dpy.1021
msl.55095
scw.147
sch.12561
msl.41700
scw.17329
scc.12490
sct.18736
ecg.7934
msl.15864
Fsc.15010
scc.3638
taa.11030
scs.2502
spe.14478
msl.32151
ecm.310
cln.9077
taa.11910
scm.7482
hym.3803
opv.1426
Ecg.9141
Taa.3639
smm.2924
scm.3118
ppx.24957
ppx.5855
ppx.31169
taa.2520
ecp.6669
scm.3093
scs.16411
msl.27370
msc.3444
msl.49485
Fsc.32872
scw.15942
hyn.6721
fsc.6234
trc.5110
msl.19659
trc.7281
scs.148
tas.12239
ecp.9
dpy.11206
Ecg.7083
msl.30916
ppx.26160
ppx.32857
hym.5259
scw.12196
scw.20961
cln.4602
msc.803
msl.12403
msl.10232
ecp.5883
taa.562
ecg.141
msl.501
taa.3389
trc.10321
scw.3554
ecg.8415
ppx.1215
msl.59829
trc.12343
spe.31491
scc.9391
scw.17061
spe.35962
ppx.4460
scw.22983
hyd.1168
msl.25743
htf.4658
ppx.6585
Ecg.2775
scr.12010
opv.10247
Taa.2581
ecp.3721
spe.21777
ecd.5909
scr.17014
msl.5166
dpy.15454
Taa.7282
hym.895
taa.5081
hyd.9033
msl.12910
msl.42887
cln.11885
gys.14566
taa.3191
sch.10379
tae.4652
msl.34747
dpy.719
cln.1655
msl.39704
Ecg.5595
Fsc.3140
scs.12854
opv.13684
taa.2089
ecp.977
scr.21083
msl.35811
dpy.6006
msc.1973
ppx.7115
ecp.8089
htf.3761
msl.8073
hym.12023
trc.8992
tae.9404
ecm.1818
scr.3121
ecm.5189
msl.48833
ppx.35127
spe.28296
hyn.2636
taa.12735
msl.5375
msl.39412
msl.13356
Ecg.3685
msl.59304
ppx.23681
msl.12394
htf.8269
spe.1408
scs.12884
hym.1167
sch.12744
msl.48318
scw.4693
trc.17768
sct.15247
ecd.7639
sct.11733
hyn.1943
msl.58922
spe.2853
scc.20140
msl.39282
msl.30701
ppx.5602
taa.10095
msl.8380
scs.10969
ecd.7256
scw.17275
msl.60267
hym.8443
ecd.3375
dpy.11309
dpy.3511
Fsc.8252
ecp.16564
ecg.7988
msl.38030
ecm.10062
gys.3432
scs.18846
scm.7518
ecg.2950
msl.32125
taa.1209
tae.6322
scw.5358
ecg.6835
ppx.5936
dpy.7212
spe.10887
hyd.9118
tae.10225
Ecg.2348
opv.10473
tae.4384
spe.35335
Ecg.4247
tas.495
sch.8648
scs.18491
ppx.1324
htf.2563
ecg.2581
hyn.2725
scm.8533
tae.4145
sch.1797
hyn.9175
opv.3805
gys.9434
ecm.7570
scc.18925
Ecg.1801
scs.9214
Taa.6795
ecm.3564
hyd.9200
msl.7273
msl.21560
ecm.7083
gys.8934
msl.26517
hyn.7761
sct.8153
msl.32324
ecp.13706
scc.10089
hyn.5046
msl.14093
msl.41310
cln.4871
taa.3360
ppx.37203
htf.7355
cln.3094
ppx.11113
hyn.11587
taa.8364
spe.28707
dpy.9848
Fsc.14321
scw.11353
ecp.11789
msl.40715
scj.1538
msl.32104
sct.668
scm.5262
opv.2780
htf.5007
Fsc.3363
ecg.8293
spe.8105
msl.50756
scw.8363
ecg.9861
taa.5193
Fsc.19556
Ecg.4214
cln.11933
opv.8138
taa.4225
htf.8660
scm.1950
cln.12043
htf.4849
msc.1182
ecm.8045
msl.7871
tae.11754
ecd.1566
msl.30249
Fsc.21407
scr.5251
msl.5576
msl.36558
ppx.14812
ecm.6812
msl.40690
scj.4110
spe.28873
msl.41530
hyd.3351
msl.57419
tas.2919
htf.8768
scc.21245
taa.3835
msl.55176
msc.4685
opv.5081
sct.81
msl.54536
msl.52175
scr.5463
htf.46
ecp.4337
cln.10854
scr.13577
tae.1019
scw.6409
scw.1043
Fsc.5180
trc.15050
taa.10775
ecm.8043
scj.2293
ppx.28716
htf.3505
scs.10123
hyd.4736
scs.3542
tas.9316
scs.3951
Fsc.5781
hyn.3945
dpy.3732
tas.6779
Fsc.21523
taa.7208
ecd.10518
scm.7068
taa.9813
msl.52824
sch.2456
spe.35687
scw.19720
msc.6381
Fsc.33172
msl.34783
scs.10771
scs.17877
scs.4791
scj.3013
ppx.4493
scr.20849
hym.8089
scw.1920
dpy.8424
ecp.6974
fsc.15185
Taa.621
hym.6715
htf.9684
scm.3810
spe.210
msl.46032
ecm.2772
spe.2701
msl.40388
scm.2660
opv.14089
Fsc.24087
ppx.31307
htf.899
dpy.12876
gys.15073
scj.6511
ecd.3562
hym.1544
msl.19767
sch.7079
Ecg.9613
msl.58036
scw.12373
scw.14549
Fsc.6211
scw.23824
sch.9965
scw.1165
scc.1407
tae.9864
hyd.3462
msl.41415
ppx.27064
msc.1987
scw.631
msl.33762
msc.3865
opv.12931
taa.12910
msl.48943
sct.4997
tas.369
cln.4120
scs.19030
sct.9382
spe.36598
cln.2854
scc.17601
hym.2621
dpy.5096
taa.9945
msl.41474
scc.19907
fsc.15500
msc.9784
spe.12159
spe.20245
Fsc.28169
scs.7138
ppx.16948
msl.39616
msl.42706
sch.2908
msl.55358
hyd.3847
hym.5419
ecd.6513
msc.4477
spe.14206
ecd.8611
ecp.9319
htf.7496
ecm.2537
tas.6137
trc.4407
trc.9979
msl.43783
scm.7656
opv.1040
msl.14686
taa.9481
tas.1499
tas.955
scw.2741
msl.21473
taa.8972
ppx.8362
msc.5190
fsc.11044
taa.8774
ecd.9173
ecd.7928
htf.8437
spe.296
scc.10606
scr.23430
sch.8109
scr.9342
scs.4413
tae.6425
tae.4670
sct.373
scj.3929
hyn.2403
scr.12671
scm.10088
opv.14725
Fsc.11341
msl.45509
msl.41973
fsc.443
msl.47851
scc.20591
htf.9031
msl.41095
taa.5229
msl.22756
scr.1968
tas.697
msl.35577
tae.9707
trc.9405
tas.10778
sch.12220
ecg.5804
msl.31465
scj.6280
Taa.2759
msl.15496
msl.50869
scw.12115
Ecg.3674
msl.27789
msc.885
ecg.4520
Ecg.6382
taa.1680
Fsc.1208
taa.11065
trc.8656
htf.3899
cln.2838
tae.3744
msl.15760
Fsc.19147
msl.18817
hyd.10049
taa.4149
cln.8363
taa.9600
scj.3007
scm.10913
opv.731
ppx.14388
ppx.16924
dpy.8414
tae.10783
ecg.3688
msl.58836
msl.51533
ppx.21555
ppx.13223
ppx.8411
taa.3534
scs.10549
htf.11026
ppx.2705
cln.4189
hyd.2585
sct.13875
tas.8616
ecm.3179
msl.33583
msl.49194
scw.15661
trc.1904
scm.7388
spe.23622
scw.19876
msc.3534
ecd.2586
hym.3244
smm.3548
Taa.2224
cln.12512
msl.58721
hyn.12657
Ecg.8838
msl.45876
scw.8798
scr.10066
tas.8480
ecp.3148
dpy.14962
dpy.2318
scr.3040
ecd.4629
msl.6820
scw.7480
scs.10877
sch.4550
scm.10063
msl.54850
msl.35172
ecp.13873
scr.15438
hyn.7575
hyd.558
msl.49864
msl.11579
dpy.10835
ecp.5131
ecp.11001
Fsc.30928
msl.46417
scr.20882
msc.1097
sct.15363
scs.1698
msl.16442
msl.32170
msl.22922
spe.21091
msl.12746
sch.4617
Fsc.2032
trc.5965
opv.343
msl.59314
ecg.5631
scc.2430
scr.20588
hym.6240
spe.4692
Ecg.6693
dpy.8381
msl.7437
scr.6721
tas.6900
cln.10038
fsc.10203
opv.7560
hym.4380
tae.12399
msl.39756
ecg.1501
scs.17972
cln.13615
msl.49215
scw.19775
msl.34581
scc.8278
dpy.2855
ecm.6837
ppx.11022
msl.45103
ecp.6285
ecd.8893
scr.17655
spe.37837
dpy.16431
spe.5868
msl.7322
hyd.9606
Fsc.12051
hyn.10161
ppx.8604
ecm.9433
opv.13280
msl.10880
msl.52977
Fsc.3855
ecg.5462
msl.24371
dpy.5315
msl.48624
spe.3903
spe.30611
htf.8322
sct.5225
msl.42746
hyn.8532
scs.4717
scm.10465
cln.5215
scm.7419
msl.11815
htf.7827
scr.8201
tae.1123
Fsc.19824
tae.4949
fsc.10849
ecd.8272
Fsc.1230
msl.42474
ecp.5906
opv.6365
tae.7184
scc.11262
scs.12176
cln.9685
sch.1664
Taa.1640
msl.24520
tas.6850
ecg.7951
opv.13872
Fsc.1991
scs.14483
scr.13805
taa.1812
scw.16666
Fsc.10802
tas.12347
msl.8781
htf.7922
ecg.4405
sch.6679
ecg.3152
msl.23669
trc.11421
msl.59882
sch.10979
tae.10551
taa.1640
taa.3086
hym.2981
Ecg.8895
fsc.13415
tae.1140
msl.60469
htf.11071
scw.12842
htf.1483
dpy.19165
tas.5144
tas.653
msl.44534
msl.13232
scw.3164
htf.6445
Fsc.17063
taa.12790
scr.19177
msl.21630
ecm.9187
taa.598
ppx.21370
Fsc.26031
hyn.3977
spe.24253
ecg.7035
opv.2099
scc.8866
msl.26351
msc.1035
scs.742
taa.897
ecg.3394
fsc.14555
ecp.10249
spe.4901
msl.4018
dpy.9545
msl.738
ecm.78
fsc.5330
msl.47770
Fsc.28143
htf.3320
cln.5334
Taa.852
scs.14205
ecd.479
ppx.3223
scr.3454
tas.12417
Ecg.7688
sct.13707
scr.17378
scj.9529
spe.20349
spe.34864
scc.8147
fsc.10193
ppx.13197
trc.7072
ecm.8970
ecp.12022
spe.308
hyd.6554
opv.1707
ecm.8850
htf.303
scr.7169
fsc.5187
cln.110
taa.9506
scs.17268
dpy.10777
dpy.18813
spe.7207
dpy.5926
ppx.8751
msc.7076
ppx.16208
sch.1250
ppx.13458
dpy.7092
ppx.9813
scw.13144
fsc.2259
ecg.1609
gys.7099
scm.7351
ppx.17495
tae.606
htf.5020
opv.5857
ppx.26365
trc.6229
ecd.11167
sct.9380
ppx.910
scj.8566
taa.9788
dpy.6877
trc.13641
ppx.9797
msl.60002
scc.10818
ecp.7273
ppx.7768
ppx.33644
gys.7251
sct.8104
hyn.3816
ppx.17611
scr.24063
hyn.3667
ppx.10702
taa.7987
tas.12820
spe.14149
scs.10161
tae.621
trc.11016
Taa.9937
sct.4877
ecp.7918
dpy.14070
spe.23058
Fsc.32062
trc.13040
ppx.13653
trc.20746
taa.10386
dpy.18911
scw.5703
scr.7527
dpy.17304
msl.43365
spe.13477
scr.8928
dpy.18932
ecd.2041
ppx.17591
gys.1034
trc.9666
ppx.899
opv.1169
spe.28005
scr.7942
ecg.1797
hyn.6502
trc.9949
scj.11247
msl.53785
Fsc.1913
scs.1352
htf.5682
htf.7965
scw.12517
htf.11285
spe.34780
spe.4878
spe.5404
scr.23341
sct.19237
hym.10969
scr.15801
ppx.16796
sct.19100
spe.2579
ecp.13396
cln.2118
gys.12896
Taa.8481
ecg.5076
ppx.11305
ecm.5973
cln.8030
ppx.4283
spe.31720
scr.15483
tae.9397
hyn.12591
Taa.8056
msl.56842
scw.15605
hyd.4849
fsc.3514
tae.10429
tas.2719
ppx.14996
spe.33367
fsc.3342
scc.15225
hym.9421
spe.2839
scc.6819
msl.44539
scs.9043
ecg.5751
sct.4628
spe.7693
msc.10180
scr.8310
msl.10488
htf.3028
sct.4202
sct.15243
ecm.6719
ppx.3058
ecm.4659
ppx.12722
dpy.13734
tas.9447
ppx.21589
ecd.956
ecd.8821
tae.10478
tae.4654
Taa.6011
gys.13744
htf.11649
ecp.1592
scm.5802
hym.7249
ecp.10149
ecd.10325
hyd.299
ecp.17736
scc.11251
tae.1402
ppx.13056
scr.18262
Taa.2156
trc.18405
ecm.5823
scr.23064
scs.4029
trc.7433
ppx.10163
taa.7582
scr.1194
ecd.5613
sct.14356
ppx.28334
scw.14185
gys.11892
ppx.16811
ecp.1211
ppx.24258
dpy.14538
scr.21243
ppx.25871
trc.17402
ppx.14045
dpy.16505
ppx.5130
gys.10935
sct.9490
htf.7284
tae.2536
