

ecm.6894
Fsc.1327
scj.4343
ecp.809
Fsc.33315
Fsc.20171
sct.1546
trc.17389
Fsc.16403
Fsc.10622
dpy.14986
scr.20531
sct.19612
sct.13681
sct.5892
scw.25980
smm.301
Fsc.13232
Fsc.32556
trc.20738
sct.16714
scj.9716
Fsc.26779
Fsc.32898
sct.2536
Fsc.30174
Fsc.18384
Fsc.29695
scc.18300
Fsc.29658
Fsc.24660
sct.2846
spe.21594
fsc.14765
scw.26052
ppx.13648
scw.3588
scj.9095
opv.13536
spe.4860
spe.19800
hyn.1355
scj.10182
ecd.9736
scm.4576
cln.12546
Fsc.3578
scw.21735
msl.33175
scr.13038
spe.7170
scr.18794
scs.458
dpy.12120
sct.10865
scw.3042
spe.3725
scr.13140
spe.9972
tas.2994
spe.19357
scw.14319
tas.4075
scc.1542
ppx.7017
scr.16372
ecp.10644
hym.10003
msl.25528
scc.5156
Fsc.12634
scc.11785
msl.15752
gys.7388
trc.3922
scj.790
ppx.21933
msl.15216
ppx.32560
spe.27376
hym.2857
hym.7393
fsc.14031
dpy.3583
sct.8431
msl.39747
htf.1726
scw.8653
ecm.7303
hym.5180
scw.16589
scw.24267
scr.11919
tae.9623
scm.6165
ppx.7153
msl.35788
cln.7392
ecm.668
cln.9973
msl.6046
msc.10267
msl.59767
trc.5788
hyd.7029
msl.11019
tae.9340
scw.4692
hyn.9551
gys.7872
tas.771
cln.11964
ppx.32373
msl.11785
scj.4606
spe.37194
msl.45389
scm.8585
Fsc.13069
ppx.2861
taa.12641
sct.21171
scr.19115
cln.2506
scr.14261
scr.10990
msl.17258
ppx.23740
ecd.8088
trc.15692
trc.1494
scw.6765
gys.4080
ecd.9478
gys.2496
msl.42406
trc.20037
scw.23497
Taa.1572
htf.6095
ppx.3816
Ecg.7886
cln.10889
Taa.6904
cln.7054
spe.20502
msl.4241
scj.5684
fsc.614
hyn.7000
sch.8492
taa.8804
msc.2591
ppx.26920
ppx.9024
hyd.1882
ppx.12842
hyn.8983
ecp.5123
spe.9431
scw.4214
trc.21941
opv.12367
tas.2931
ecd.620
scr.17366
opv.15571
scs.3352
msl.49773
ppx.25520
dpy.8331
ecg.608
tas.1882
Fsc.18108
trc.10586
gys.2083
hym.693
scr.12206
ppx.36283
spe.34220
dpy.2726
msl.23725
scc.15606
msl.42786
scs.8392
msl.35441
msl.37612
Fsc.26229
scc.21399
msc.7924
Taa.9198
msl.59029
cln.8412
tas.8385
sct.7689
ecg.5071
scc.1536
ecg.9287
tae.3089
sct.9557
hym.710
tae.6676
scc.19097
msl.55679
msl.53637
ppx.35884
scw.11584
hym.5049
scw.25348
hym.3234
cln.7869
Fsc.17738
opv.13820
msl.23792
msl.16819
taa.1693
ecm.1770
Taa.8312
spe.13847
hym.4770
sch.8458
msc.5754
gys.3012
spe.13781
htf.9184
scw.22091
msl.13130
msc.6722
msl.3189
cln.1247
gys.9715
taa.3299
msl.331
msl.47535
dpy.3632
Taa.8058
htf.8273
htf.11457
ecg.3224
msl.24920
Fsc.14296
scc.11557
ecp.10985
msl.5477
fsc.11078
Ecg.2638
msl.52598
msl.43488
ecp.5021
ppx.13309
msl.36514
dpy.18094
msl.27898
msl.39154
spe.1519
msl.11294
cln.7389
taa.4497
dpy.8203
msl.6054
msc.10275
msl.59790
spe.9339
sct.12769
msc.6224
ppx.2080
trc.19034
msl.30413
taa.8861
scs.2181
scw.6120
dpy.10269
scs.13066
sch.11735
scj.3086
Fsc.5182
scs.5792
scc.2538
msl.16865
ecd.4853
msl.44722
scs.4996
cln.2511
ecd.4703
htf.7809
opv.7891
Taa.269
scw.15097
tae.6221
Ecg.10130
ppx.3471
msl.30756
dpy.9398
htf.11021
ppx.33103
scs.13460
cln.13226
scw.17224
taa.12260
scw.18479
ppx.8942
spe.1271
scc.876
dpy.4208
htf.394
spe.9150
Ecg.4645
ecd.501
scr.388
msl.55350
hym.1783
trc.7038
Fsc.2171
cln.8168
msc.6611
spe.12766
sch.379
spe.26846
taa.5396
htf.3619
msl.27942
ppx.35684
scw.10664
msl.30162
msc.8395
hym.5194
ppx.31938
sch.12439
ecg.3587
msl.54522
msc.1288
scw.10831
spe.31000
spe.35636
hym.662
msl.49552
scw.5195
scj.1276
Taa.1704
cln.1193
msl.59403
trc.11991
msl.12053
msl.46172
scw.3889
fsc.188
scr.2612
tas.9302
tae.2272
msl.9522
tae.5969
trc.6737
ecd.6420
scs.9433
spe.36904
tas.12345
scm.7011
Ecg.7729
msc.6422
cln.2815
scw.1512
scc.15880
ecp.14452
hyn.12942
Fsc.28247
msl.28736
msl.25609
spe.11866
ecg.1581
msl.45333
hyn.1562
dpy.5407
htf.662
msl.43210
ecg.5232
scc.1375
msl.58814
ecd.6948
sch.7520
tas.7859
msl.33150
ecg.9198
scm.6835
msl.24036
trc.18633
spe.22763
ecm.9669
hyd.6767
scj.2767
msl.50224
Fsc.5354
hym.4415
cln.9542
Fsc.20443
sct.10545
hyn.3455
scr.20943
trc.17581
msl.46224
msl.43107
spe.28482
hyn.3399
msl.58701
ppx.34559
ppx.4294
fsc.106
gys.2824
cln.5291
msl.19475
Fsc.10679
scs.8018
Taa.9136
ecp.9507
taa.2272
Fsc.15613
spe.6731
Ecg.3201
ecm.8270
msl.49221
msl.25421
scr.23011
cln.4465
ppx.29558
htf.794
msl.53676
msl.50385
cln.10633
spe.12994
scr.19527
scr.658
Ecg.6429
msl.38624
msl.11412
ecm.2919
msl.59467
hym.4203
Fsc.2193
scc.457
scs.18349
ecm.4088
hyd.10759
spe.30222
Taa.4616
taa.12996
tae.3755
trc.22014
sch.7290
htf.10389
dpy.4657
msl.26998
trc.3954
ecp.16111
opv.11428
fsc.12373
msc.3487
taa.9569
Fsc.6955
scr.14006
scc.17115
msl.55906
msl.53373
scj.7221
fsc.15491
taa.6615
spe.39044
cln.6606
msl.15528
tae.10124
fsc.11597
scc.22678
msc.1966
ppx.20641
ecg.6855
sch.3745
dpy.6389
fsc.5491
msl.24524
ppx.23415
opv.11732
taa.12522
sct.13219
fsc.5512
msl.13685
tas.10209
spe.14873
ecm.1028
fsc.7035
msl.49608
htf.4487
spe.31721
scj.3693
tae.8734
ecg.1385
msl.36895
Fsc.30590
ppx.26300
scm.9177
ppx.17778
hyn.576
msl.36743
gys.10219
msl.45832
sct.20151
trc.5319
hym.10540
scs.15419
fsc.14968
trc.20976
ppx.14505
scs.13386
scj.5581
sch.3202
dpy.18294
msl.55752
scm.10025
tas.8058
hym.732
scs.4213
msl.60491
ecd.3278
fsc.6530
sct.16348
tas.259
ecm.1384
ecd.9682
msl.5483
tae.9995
fsc.13863
htf.5526
opv.15633
hyn.969
msl.11904
ecg.5209
Fsc.20216
tas.5542
msl.40026
msl.47200
opv.7806
htf.3719
gys.2678
scc.21355
trc.4167
msl.15714
cln.10402
cln.7832
ecd.5671
sct.408
msl.210
sct.16233
scj.9893
spe.15966
ecm.3006
tas.4541
msl.14711
ppx.19540
msl.1471
opv.15126
msl.48052
ecp.3505
ecg.206
spe.9344
tas.5036
msc.5226
msl.45064
Taa.3439
msl.27688
Ecg.3086
dpy.6094
sct.11604
ppx.23573
fsc.11637
ecg.8009
taa.11876
msc.1621
scs.16022
scs.3887
dpy.9527
gys.3383
scs.12783
spe.18264
scc.20690
hyd.2231
Taa.658
hyn.9567
fsc.9855
scm.5588
cln.11996
sct.16988
ecd.3647
dpy.2290
ppx.32662
scs.2241
msl.29790
taa.4086
spe.15304
hym.4211
tas.7840
hyd.2927
scs.10184
ppx.37740
msl.2169
msl.11277
gys.3027
scc.17493
ecm.6939
hyd.8209
hyn.12810
sct.7609
ppx.20516
tas.6806
tas.1751
trc.43
msl.31928
sch.6267
ppx.16798
scm.3515
scs.8943
scs.3202
Taa.7023
scc.7901
hyd.4505
scw.18790
ppx.6677
ecg.9508
spe.24871
opv.13666
msl.39881
msl.42174
scs.6340
scr.14403
opv.244
scj.7182
ppx.8265
msl.30023
ecg.3635
scr.179
ecd.6275
Taa.9871
trc.12082
tas.2274
cln.47
scm.4344
hym.10182
ecm.6748
tae.4226
msl.22493
scs.15923
tas.353
cln.11947
cln.5627
spe.12168
Fsc.18078
tae.263
sch.1707
scw.25083
msl.36416
ecm.4943
htf.151
msl.16427
Taa.6173
opv.6025
fsc.13906
htf.6275
scs.1970
cln.1310
hyn.1960
msl.24339
ecd.6855
sct.14848
Taa.7275
msl.16042
hyn.1886
hym.12121
msl.43739
msl.19263
Fsc.1997
spe.17124
msc.9261
ecp.2793
htf.7479
ecd.6020
opv.3043
Taa.8716
trc.1981
ppx.300
sct.17724
tae.11890
msl.57839
ecp.14808
hyn.970
ppx.26907
msl.47972
gys.10699
hyd.2154
scw.16948
fsc.14357
sch.5603
fsc.11452
htf.5119
msl.50988
tae.3772
opv.15966
ecm.8822
dpy.1129
hym.10902
ecp.3978
ppx.34644
cln.5177
scj.12245
hym.9156
ecp.10839
msc.2917
Fsc.20855
msl.60122
Fsc.23389
scj.5779
msl.36802
scw.359
cln.407
scj.11724
Fsc.10374
Ecg.7288
fsc.14227
Taa.4108
opv.13991
ppx.10986
Taa.924
htf.1176
ppx.10785
opv.16339
spe.12061
ecm.6210
ecp.11371
spe.19748
hyd.9172
cln.9229
tas.5361
tas.476
scw.25666
taa.11977
gys.595
gys.3231
taa.9956
msl.18249
gys.4454
gys.14440
scj.4166
msl.38836
msl.56843
ppx.18749
scj.1769
hyn.6049
msl.53226
fsc.6195
ecg.5864
opv.7357
hyd.2105
scc.13730
spe.38488
Ecg.5356
tae.7398
ecg.8279
msc.1836
Ecg.10102
ppx.10026
opv.3346
htf.3579
scc.10886
ppx.1531
ecp.16135
msc.203
msl.37190
htf.2696
msl.2674
hyn.10122
spe.16567
opv.7744
fsc.14430
ecd.5214
sch.1101
dpy.13061
scc.4171
msc.8584
msl.17741
Fsc.3488
sch.5490
Fsc.10873
ecd.9881
hym.5898
msl.50682
scw.7906
opv.7874
msl.29979
scs.3458
Ecg.6443
msl.48518
scs.19853
msl.26578
msl.23812
scs.3393
scj.972
tae.7159
tae.5145
scc.22946
scw.12528
msl.4071
msl.13327
fsc.9525
dpy.13254
fsc.5390
scw.15356
htf.9591
scs.6226
spe.10443
msl.7996
ppx.103
ecg.535
tae.8368
scc.5120
msl.28319
fsc.4683
sct.17695
ecd.791
opv.1764
taa.12554
taa.2372
fsc.1237
msl.36730
scr.20370
opv.431
spe.38054
ppx.28815
sch.3526
msl.36299
msl.20270
fsc.6512
msl.15983
taa.10652
Fsc.23328
tae.1602
msl.2582
Fsc.3803
taa.4629
gys.1821
opv.15651
fsc.3248
hyn.9863
ecg.314
fsc.11995
sch.2175
ecp.13174
spe.1567
msl.31111
scj.7289
Taa.9782
ecm.121
msl.23516
msl.37826
msc.544
opv.10427
fsc.12640
scs.2093
Ecg.7988
ecm.5254
ecd.10891
msl.57011
scs.15942
tas.4568
Taa.1066
sct.16390
trc.11314
Fsc.8880
htf.3106
msl.34265
Fsc.2207
spe.24119
Fsc.31304
ppx.34589
ppx.2984
ppx.1255
dpy.5731
ecd.3090
tas.8496
msl.53516
msl.33700
spe.22284
spe.10818
msl.38557
taa.919
msl.36185
trc.5584
opv.12293
ppx.36069
msl.11060
Ecg.1550
opv.10121
Fsc.12760
ecp.3481
ecg.4981
ecm.7382
hyd.9476
ecm.4870
Fsc.9913
cln.2407
Ecg.9537
tae.1304
ecd.2433
scm.4089
scs.1047
ppx.2958
ecp.15865
fsc.7769
scm.11333
dpy.11748
Taa.3165
scw.6274
gys.10603
scw.9320
msl.20408
tas.8789
msl.13512
scm.4008
fsc.12532
fsc.9421
spe.11914
Fsc.27704
scj.649
scs.13609
trc.9830
scc.7276
ecd.6014
scc.15504
dpy.12232
ppx.29557
scw.19278
spe.37145
scr.20290
msc.10250
tas.543
spe.35089
sch.13009
scm.11350
msl.28521
msc.610
tas.10997
taa.5713
hym.3111
dpy.18524
gys.4498
ecp.5283
msl.16816
tas.1740
tae.4290
spe.18207
dpy.19790
scr.18652
msl.8017
spe.31048
msl.10566
msl.51217
msl.34166
scc.8139
scj.8006
Ecg.6630
taa.5393
scj.4482
tae.9056
Fsc.17751
msl.15986
scw.10524
spe.30018
spe.38494
ppx.4334
spe.19525
taa.9232
ppx.36858
ppx.28308
tas.12062
spe.921
ppx.35512
taa.7495
ecp.13081
spe.32636
spe.9881
spe.32857
scc.109
dpy.10946
trc.5
ecm.6432
ecg.8403
trc.2655
scs.520
sch.10894
scc.9373
opv.4351
ecg.3831
fsc.3085
hym.8880
htf.8669
hyd.5476
hyn.5686
spe.17721
gys.11712
taa.12880
ppx.6480
Ecg.3330
scr.16969
hym.10276
gys.5948
scs.5305
smm.859
spe.28865
ppx.12148
trc.4324
spe.16289
dpy.5809
htf.6846
scr.20326
dpy.9983
sch.3634
taa.8603
msl.4884
msl.21578
tas.11056
sct.14379
scr.20052
ppx.5509
spe.28949
msc.4692
hyn.2345
Fsc.5586
scw.8850
fsc.6689
sct.4028
Fsc.20814
msl.54066
Fsc.18513
ecg.8423
Fsc.19205
sct.12396
scs.19593
dpy.10165
ppx.16577
scr.4531
sct.15554
trc.1748
ppx.10651
ppx.2977
ppx.11171
hym.9847
ppx.8384
scr.5860
ppx.1596
ecp.73
scc.557
fsc.10458
Taa.9951
htf.3484
scj.1638
scc.5024
msc.3587
sct.10822
tae.11970
ecd.7855
dpy.15066
Taa.2059
ppx.6303
trc.13780
ecg.3988
scw.4602
ecg.2759
ppx.8245
spe.16865
Fsc.29488
dpy.8298
taa.10387
spe.30701
ecp.951
ecm.10304
taa.4949
spe.13297
spe.3410
trc.20400
dpy.1879
scr.1724
scr.9608
trc.10974
hym.10628
scr.995
trc.21723
sch.2378
spe.8904
scw.4089
Ecg.10182
tae.5922
ecp.8286
Fsc.11853
fsc.10400
Fsc.29974
msl.57534
msl.25375
scr.8036
smm.892
gys.1380
ecp.15902
scr.14283
Fsc.27087
scw.20090
smm.907
ecm.8458
sct.21323
spe.24663
scj.3792
scc.6589
hyn.4520
spe.3267
Fsc.4599
spe.14027
hyn.9977
trc.8744
ppx.3922
