

msl.9884
opv.5577
ppx.23915
sch.350
Fsc.10002
smm.3441
scr.19088
Fsc.16062
scr.14068
Fsc.32856
Fsc.15153
scc.3336
ppx.10856
spe.15450
smm.2721
Fsc.12068
Fsc.5725
Fsc.14719
Fsc.22583
ecd.11004
ppx.11784
Fsc.5788
scw.7582
scr.803
spe.28460
scr.17664
scw.818
scw.15471
Fsc.32607
ecg.7736
scw.22522
scc.21807
Fsc.8828
trc.12640
fsc.2403
ecp.1821
Fsc.4281
scr.2914
Fsc.22401
ecd.4532
scw.728
Fsc.27946
gys.10673
opv.13868
ppx.10871
Fsc.10881
tae.9106
scw.17969
sct.8274
scs.5925
spe.16792
fsc.13235
msl.10792
scj.11337
hym.8696
ppx.31855
sct.21103
opv.1868
gys.14060
taa.2360
ppx.17784
scc.5315
trc.17925
scs.4503
spe.14191
msl.37447
hyd.9144
tas.4597
htf.1863
msl.12566
taa.11451
scm.9812
opv.7071
scs.5527
msl.24667
ecm.2328
msc.6306
ppx.28531
Ecg.9628
msl.37025
hyd.864
msl.19644
ecp.1573
spe.33208
msl.20642
fsc.5070
Ecg.8945
msl.42159
gys.3134
ecd.3023
opv.222
taa.7826
msl.37929
Taa.7814
ppx.28276
taa.4488
msc.8754
fsc.1873
hyn.13193
cln.5847
hym.4504
scr.3938
tas.8687
spe.31522
cln.6415
scs.10282
spe.3661
ecp.15593
sct.22522
scc.8437
scw.9402
scw.19820
spe.29127
Taa.1780
msl.11470
dpy.7433
msl.23776
spe.14192
ppx.35290
Fsc.5223
scr.13771
msl.22380
msl.51360
scc.7195
msl.11821
Fsc.3342
ecd.8085
Fsc.7326
msl.24042
cln.12886
cln.4796
Ecg.3293
spe.38817
trc.3979
msl.48468
msl.18115
ecm.6796
Ecg.3736
ecp.5241
sct.7202
sch.6963
tas.12674
scc.19983
fsc.7122
scw.13025
scw.14790
scw.25079
gys.4718
ecd.9149
cln.1962
ecp.14004
Taa.7425
ecg.4183
ecd.8711
scc.11903
msl.51519
cln.11203
Ecg.2880
ppx.9185
tae.5553
hym.4027
ecp.7421
msc.7024
cln.918
opv.10217
spe.27258
msl.937
ppx.25529
scw.3397
msl.57681
opv.1812
Fsc.16998
cln.4559
ppx.11182
taa.6704
scc.7365
trc.2249
ppx.20057
msl.37798
scc.2593
scr.17488
ecd.83
msl.39804
msl.11349
msl.58230
scc.1438
msc.5786
scs.15434
fsc.14907
dpy.16998
ecd.8805
msl.50184
Ecg.2927
cln.3291
scr.21060
Fsc.6728
ppx.31744
msl.38280
taa.200
msl.27387
ecp.11598
tae.3424
scr.11094
msc.1569
Taa.1604
taa.6999
ecg.9
taa.8327
ppx.28453
Ecg.9521
trc.676
spe.1368
msl.13998
tas.171
tae.2034
msl.47242
taa.10272
msl.5078
msl.13814
msl.49379
spe.17249
fsc.11839
scc.10900
hyd.9122
trc.1433
ppx.18274
tae.6703
cln.7814
scr.1403
tas.5322
dpy.16343
msl.28042
msl.26423
tae.4912
spe.3488
trc.13913
ppx.5453
opv.5013
spe.10210
ecm.4259
scm.7270
scw.6231
dpy.9430
scc.11024
opv.12587
ppx.34547
spe.1078
gys.12000
scc.18000
htf.5665
taa.717
msl.43566
ppx.27760
Fsc.24976
trc.13695
trc.18132
ecd.7715
htf.11619
ppx.19197
tae.5048
ecg.620
msl.25437
sct.7754
ppx.20443
hyd.3581
scj.10259
msc.1255
msl.52915
trc.10285
dpy.11385
hym.639
Fsc.18081
ecp.1364
sch.1738
spe.397
ecd.2479
scr.12567
tas.9253
scw.3796
msl.34553
tas.12680
scr.14252
fsc.5745
fsc.6066
ppx.26007
ecm.4705
tas.12803
spe.24327
spe.4133
tae.3920
fsc.6375
hym.12112
msl.6791
htf.1679
cln.13228
spe.35902
tas.4388
msl.51874
ecd.5998
ecg.4932
spe.35025
taa.6978
taa.3658
msl.18554
spe.20728
hyd.2874
trc.17886
hyd.5550
scm.5940
scj.1485
dpy.9749
ppx.27662
opv.261
ppx.31536
hyn.13056
hyd.4048
cln.6085
spe.27787
scs.11704
msl.39009
spe.33865
msl.58496
Taa.5669
scr.5156
hyd.8996
scs.6635
Fsc.5509
ecg.632
msl.2848
scm.3327
opv.3132
tae.7649
ecd.8593
tas.1393
tas.8253
spe.31311
msl.30838
msl.23732
Fsc.32637
ppx.35257
Taa.9477
gys.11547
ecm.7771
cln.1010
scm.6233
tas.1154
scw.12137
dpy.19458
ppx.36794
spe.15972
ppx.19740
scw.16401
ecm.5304
spe.15445
msl.42449
opv.14403
Taa.6370
ecm.7400
hyn.13267
ppx.12196
fsc.9895
Fsc.9602
scm.8475
spe.17065
ecd.3604
msl.1073
tae.10642
spe.1365
ppx.622
hyd.5529
ecp.16282
spe.3470
ecm.1764
Taa.8300
ecd.3892
opv.10222
msl.7032
Fsc.6599
spe.14246
Taa.9751
msl.15154
msl.12838
Ecg.3432
taa.5807
cln.1251
tas.1530
spe.39364
ecp.5987
scs.19959
spe.9458
dpy.14476
scm.2582
Taa.1054
Ecg.2184
gys.1909
msl.56891
scm.2583
cln.2448
Taa.2200
msl.24231
hyn.12449
scr.13887
scs.2321
Ecg.9274
ecp.8558
cln.5466
sct.478
sch.5639
scw.17005
ecd.8038
hyn.3922
tae.4630
ppx.30156
htf.9672
msl.48521
sct.17940
sct.8364
hym.2129
msl.18180
ecp.7392
sch.7312
msl.26209
Ecg.292
scm.3349
cln.11982
scc.8415
fsc.14640
htf.9937
msl.5245
ecd.1208
Fsc.15051
taa.4072
ecp.16258
spe.2396
msl.28068
msl.32199
msl.29022
scj.11424
tas.11184
spe.28881
ecg.5148
opv.10904
Taa.6164
htf.2305
scj.4020
msl.34197
ppx.4139
Fsc.1248
scw.21700
tas.1864
scw.23253
hym.5711
msc.1414
spe.6931
sct.17043
scm.3759
Ecg.318
tae.8303
htf.11408
scj.2315
msl.44401
msl.60012
msl.58154
Ecg.1056
tae.12183
msc.8815
ppx.26122
gys.9389
hym.5216
cln.1
spe.30809
scw.25487
ecm.615
tas.3493
msl.11769
msc.8272
taa.381
gys.9919
Taa.8163
hym.4945
ppx.441
ppx.15858
sch.5731
scc.22965
spe.11142
msl.32707
cln.2934
ecm.1598
taa.5492
hyn.4337
tae.10414
msl.18373
dpy.12322
scs.11155
msl.8858
msl.19553
msl.50007
msl.36747
tas.342
ecg.551
opv.10284
ecd.4746
ecp.2494
sch.5538
tas.10097
trc.10767
Fsc.866
scc.21400
msl.4353
msl.36717
opv.15373
hyd.3082
hyd.492
cln.9385
opv.11479
scs.4219
msl.60498
msl.59686
scj.11954
ecp.13550
ppx.770
scr.7307
ecp.5008
spe.9520
scw.14985
msl.60042
msl.33581
hyn.6001
msl.36561
spe.37218
ecm.1759
taa.702
ppx.30241
ecm.6027
htf.8549
scs.9530
Fsc.27013
hyd.1712
dpy.4484
tas.2966
msl.41892
trc.654
htf.5401
hyd.7525
msl.14917
Taa.5619
dpy.10578
hyn.1326
Taa.5708
spe.18091
Fsc.2837
msc.10069
scr.15332
msl.30504
msl.52645
msl.33309
scw.15237
dpy.12990
scr.4915
opv.9085
Ecg.6569
msl.45068
opv.7390
scc.14652
sct.512
taa.4814
dpy.13519
htf.10599
scr.5086
ecm.7678
taa.11879
msc.2363
msl.49639
msc.1802
msl.9286
opv.12870
scc.6838
msc.1585
ecp.14271
Ecg.8809
gys.5674
taa.2421
dpy.4722
scm.4636
ppx.11952
tas.12574
htf.2008
htf.6024
ecp.11856
scm.10976
gys.14967
scw.22016
hyd.1974
taa.12917
ppx.28348
ppx.10686
scm.325
scr.10623
msc.9546
msl.43970
msl.45744
Taa.7976
ecm.6935
htf.1018
htf.4240
sct.18844
opv.863
cln.8868
tas.7960
msl.13085
cln.1942
scm.10790
htf.2357
msl.51812
scw.22268
msl.6700
sct.11049
scw.17610
spe.18853
msl.53367
Ecg.9913
scr.7617
msl.28474
sch.10166
ecp.12845
ecm.1720
cln.11317
scc.4686
ecm.6806
msl.56692
dpy.5187
ppx.16393
ppx.17872
taa.6207
msc.3077
tae.9420
ecg.589
scw.14964
taa.4302
msc.9302
trc.2023
ecd.2601
scr.21103
msl.22498
ecm.4512
taa.8618
msl.33835
scj.4260
scc.15995
scc.3120
spe.29027
scs.7966
opv.3093
sct.19918
ecp.9675
ppx.37650
spe.3222
fsc.15124
msl.30339
hyd.2748
msl.31219
tas.1175
sct.8201
trc.16106
taa.10331
trc.11780
tas.10443
taa.4443
spe.31655
scj.1158
scr.3647
scc.10032
spe.30056
msl.44260
dpy.9265
Ecg.2004
spe.6977
sct.1156
Taa.6969
hym.4322
ppx.14540
hym.11781
Ecg.9967
scc.17011
taa.5565
scc.13074
htf.8525
htf.1124
sch.5436
tae.1539
fsc.13332
spe.9162
msl.25204
ppx.18165
hym.9924
scc.10174
ecg.8228
ppx.36768
ecm.774
hym.1339
tae.10543
Fsc.24095
spe.27275
ecp.3974
ppx.26214
ecg.7384
ppx.12537
msl.24623
scr.23108
ppx.19673
ppx.4376
scj.5198
ppx.217
tas.6789
ppx.22767
opv.2397
taa.7791
msc.8338
scr.16951
Ecg.5612
sct.6789
tae.1685
msl.57549
taa.6343
fsc.8249
ppx.20019
taa.672
ppx.9089
tae.3342
taa.3364
hyn.10611
ecg.5058
ppx.20
scs.18773
scw.7107
Fsc.3709
msl.44212
msl.12191
scr.10345
msl.14140
sct.5607
msl.18246
ecp.12600
Fsc.24651
ecm.4801
htf.10257
ecp.7982
spe.22555
dpy.6986
msl.55818
dpy.10209
msl.17319
htf.2732
dpy.2262
ecp.9451
hyn.12041
fsc.2556
ecp.14900
scr.11858
sct.11582
Taa.582
msl.13111
ppx.18212
msl.58412
scc.9798
scr.2426
ecp.3386
taa.4615
ecg.1936
spe.5085
ecd.8200
spe.9422
scw.5807
ppx.8145
msl.54605
msl.23687
taa.3668
scw.23008
scj.8149
ecd.588
sch.2606
hym.6448
ecd.6614
scw.16639
scc.10612
taa.1288
msl.15293
scs.12159
msl.23728
taa.10618
msl.29976
msl.6859
Ecg.5259
dpy.14877
ecg.6491
Fsc.14042
msl.560
sch.12874
msl.56444
gys.11247
Taa.3105
msl.2879
ecp.16498
cln.13553
ecp.7663
fsc.9529
scr.627
taa.238
msl.18932
taa.12526
spe.31155
dpy.17545
msc.6135
ppx.6301
Fsc.20289
gys.5390
fsc.962
msc.1758
msl.34044
scw.641
tas.3100
msl.29198
hyd.150
ecp.15156
scw.8996
spe.25688
cln.6012
msl.57734
msl.40832
msl.52807
sch.5936
tae.4404
msc.9850
scr.11051
msl.46534
hyn.11701
msl.58082
scs.13090
ecd.7494
cln.2378
sct.16487
msl.58781
tae.9130
ecd.5342
ecp.3671
opv.5585
fsc.10676
scs.17236
opv.10597
ecg.5758
hym.167
ecp.1177
dpy.2984
htf.1123
msc.7803
htf.6779
msl.21061
ppx.15337
fsc.9745
hyn.7685
tae.11397
spe.30091
spe.14824
opv.10783
msl.51899
dpy.8690
tas.11028
msl.60116
msl.42975
htf.1275
scj.128
msl.34269
gys.10584
ecm.4903
tae.7955
msl.56943
scs.2350
msl.54010
cln.2564
Ecg.975
ecd.3871
ppx.7709
Taa.6072
msl.59019
htf.6185
msl.38558
scc.13283
Ecg.3232
sct.275
taa.12669
sct.15601
htf.8023
hyn.4838
scc.12524
msl.26234
ecd.2002
msl.31879
hym.9023
hym.9201
tae.12374
msl.38820
tae.136
msl.36818
hyd.7914
ecd.3786
ecp.4998
Ecg.9800
Taa.5411
tas.10427
spe.38984
spe.32962
sch.13062
fsc.3144
ppx.16182
fsc.7571
msl.27404
scc.22906
ppx.20920
Ecg.6261
msl.60510
spe.26909
sch.2804
msl.22652
spe.38297
opv.4000
scw.13749
fsc.12954
trc.17729
spe.13594
Taa.717
ecp.4193
scc.7177
ppx.11959
msl.60336
fsc.2754
gys.10907
htf.5646
ppx.10692
hyd.5779
tae.1611
Taa.3426
trc.8860
tas.1185
spe.3807
sct.22425
spe.4299
ecp.873
Fsc.9061
sct.9942
cln.11739
spe.8668
fsc.8495
spe.19444
ppx.19307
tae.2801
fsc.1868
scc.22403
ecp.16002
sct.16715
scc.4389
opv.2733
taa.8243
dpy.13232
ppx.10690
hyd.9670
spe.22565
ecp.952
hyn.12964
ecp.13595
gys.9555
trc.19956
scm.8300
dpy.12371
ppx.27363
scr.7715
taa.12508
fsc.15332
Ecg.4969
Taa.10296
ppx.9898
taa.11048
sct.2800
spe.36623
hyn.2033
opv.1532
opv.1900
ppx.36014
dpy.8526
ecp.15918
spe.4722
ecp.13050
scc.17490
ppx.31512
msc.1552
opv.4010
ecg.4723
smm.1252
ppx.24521
scc.9207
ppx.22329
trc.17648
ppx.36124
scm.126
spe.21910
spe.5817
ecp.15812
scr.12226
fsc.203
spe.4383
ppx.24660
spe.5991
hyn.13312
spe.24260
cln.691
Fsc.14272
scr.6966
gys.10746
spe.38802
sch.12682
ppx.25753
ecp.1175
scw.18852
opv.11797
scc.13099
trc.12682
gys.3617
ppx.25010
scc.18710
ecp.9278
spe.23512
dpy.1062
scw.15149
ppx.15398
spe.25858
scc.23514
ppx.20163
hyn.770
msl.12677
sct.21845
ecp.14658
spe.7530
Ecg.9739
tae.3902
scj.7018
scm.7762
gys.9253
trc.13246
scr.18365
Taa.3184
spe.34300
tae.11161
scs.4816
scj.2022
sct.20223
htf.3875
hyn.12568
ecp.12326
tas.9973
ecp.16619
tae.178
fsc.2153
cln.6347
scc.14981
scs.18057
spe.13489
ppx.25185
dpy.10383
scj.9556
scj.2559
spe.15654
spe.39296
spe.1925
Fsc.9924
scr.7111
ecp.247
scr.14371
opv.12207
ppx.26406
scw.20104
scw.21819
sct.19223
scw.26146
hym.6336
spe.15934
ecd.8603
ecp.8387
sct.21280
scr.10153
taa.10771
gys.7909
Fsc.2996
tae.8938
dpy.18070
msl.46343
dpy.15465
opv.7008
ecp.1521
spe.871
sct.5709
scs.14677
ecm.2650
scc.7546
tae.12148
ppx.12133
scw.18550
ppx.30394
hyn.5483
scc.21093
ecp.1858
ppx.23038
hym.4666
scj.4528
sct.17166
gys.8925
fsc.5863
trc.17500
spe.20307
scc.21475
cln.3874
