

Ecg.1789
tae.2276
spe.32083
msl.15403
Fsc.18111
Fsc.21062
Fsc.28564
Fsc.21302
scw.14238
Fsc.13201
hym.214
scw.23364
scc.3393
scw.16901
hyn.12148
scr.4000
fsc.11987
Fsc.5733
tae.7366
scw.17501
Fsc.16541
Ecg.7509
scw.5981
Fsc.31959
scm.9758
ecg.3264
sct.7180
ecd.5811
spe.15992
tas.12996
Fsc.4412
scj.4526
ppx.8839
hyn.7135
spe.36324
scc.22875
cln.8486
gys.9329
scw.19714
Fsc.21117
spe.37313
cln.7743
scw.1390
ppx.5917
sct.13955
sct.13062
Ecg.3348
msc.5004
sct.19342
ppx.23920
msc.8945
opv.9829
Fsc.9088
opv.3593
msl.50788
ecd.3141
scw.12631
msl.36751
dpy.14238
taa.8075
sct.15362
cln.3273
Fsc.28665
dpy.16940
scc.2064
fsc.9734
msl.51971
msl.13605
msl.38856
dpy.11212
cln.7105
trc.14932
ecp.10879
Ecg.6188
msl.46557
scr.14051
msl.26796
hyd.7272
msl.32795
Fsc.3830
hym.8294
sch.9933
cln.7529
scr.5260
ecm.10366
Taa.973
opv.11337
trc.20887
sct.22003
msl.45116
fsc.10517
sct.10080
ecp.5403
scs.15517
ppx.24192
sch.4593
msl.49562
msl.25407
spe.6659
cln.3133
ecg.7317
opv.511
msl.7567
scw.21883
scj.2695
tas.11089
cln.1872
tas.1537
Taa.10164
trc.19415
tas.11510
dpy.5497
trc.9232
msl.17097
Taa.6028
ppx.20789
ppx.17599
scc.12834
sct.12706
scm.8710
ppx.5943
sct.17398
scr.16670
hyn.774
msl.17981
msl.35623
hyn.12459
scr.20366
ecp.8429
hyd.8379
scs.6054
cln.13239
dpy.2523
opv.8917
msl.56355
sct.2923
scm.5591
htf.9412
Ecg.336
msl.55923
msl.53312
scw.22312
msl.44428
msl.60079
msl.3754
scs.15784
msl.37661
Fsc.30805
hym.221
Taa.8316
scs.14754
ecg.1116
sch.344
dpy.19231
ecm.1688
gys.3873
hym.5959
msl.12874
Ecg.3475
cln.9294
msc.9165
ecm.3174
scr.16466
ppx.26236
scs.11882
ecd.7623
scj.12490
Ecg.1436
tas.10387
gys.15006
msl.49540
hym.7023
spe.2013
msl.27116
msl.47166
msl.17106
ecm.10188
hyn.1240
tae.8560
ecg.3112
taa.11323
ecd.3869
sct.8250
scs.5983
ecm.2141
Taa.2624
scr.8736
msl.10260
Fsc.27144
taa.592
msc.3360
msl.52026
ppx.25311
spe.2470
ppx.20419
fsc.14523
tas.4595
scj.11972
htf.1350
ecg.760
opv.11980
ecp.4776
hyn.427
ecp.18199
fsc.15236
tae.893
ppx.24953
scr.2734
ppx.1086
tae.2314
scw.1693
ecm.7131
scm.1414
opv.9960
msl.31151
ecp.8491
sch.9138
tas.12395
ecg.6570
trc.8119
htf.3984
ppx.10823
ecm.720
msl.54217
spe.19852
msl.4960
gys.2549
scc.9834
cln.1783
hyd.9986
Ecg.7820
cln.6537
scr.18039
ecm.1370
scj.11658
scr.2028
msc.4213
fsc.12764
scs.12827
ecm.1819
hym.10893
opv.3589
msl.34349
hym.233
ecm.3572
ecd.6344
cln.9657
msl.32290
msl.20464
dpy.4185
msl.3960
spe.35413
Taa.1492
hyn.1802
hyd.5881
ecd.11067
tae.372
ecp.16423
scs.7397
fsc.14592
scj.12312
taa.9962
trc.12466
htf.9726
scr.20188
msl.21279
fsc.1750
msl.41778
ecd.6745
scs.10645
scj.11594
trc.1866
msl.5353
scs.3073
msl.55335
ecm.5760
sct.5909
ecd.1620
Taa.1921
dpy.8985
scw.1940
msc.1804
msl.25324
ppx.1837
sct.11881
opv.11146
msc.8089
hyn.5894
msl.33502
hym.778
Taa.5799
scc.19033
sch.12991
Ecg.6723
cln.11727
msl.54638
scw.2285
ecp.11089
msl.43161
msl.46492
dpy.3271
msl.22608
tae.3174
ecd.1935
msl.10018
gys.10494
ecm.4638
msl.18768
msl.52255
msc.2244
scw.1325
gys.10355
ppx.24155
msl.18087
tas.2929
ppx.11370
fsc.580
opv.15589
msl.26938
scs.9720
ecd.1572
msl.54815
msl.30462
tas.2578
spe.2569
htf.5666
scj.7917
msl.6554
tae.9844
sch.6896
scw.14503
msl.28609
hyn.7976
ecm.285
fsc.5007
taa.4719
scs.4724
ecm.6283
taa.2365
Fsc.31868
scj.3879
ppx.2844
taa.11488
msc.3916
dpy.6324
cln.6749
scm.9319
scw.21653
ecd.8217
trc.20128
scr.12812
msl.35187
ecg.2594
Ecg.1518
hyd.9920
scj.11961
ecg.3466
hyn.2477
cln.6363
tas.5995
hym.10760
msl.16757
fsc.13675
scs.18030
spe.17564
gys.4503
fsc.8306
ecg.981
ecg.8782
opv.12485
hym.6722
opv.3484
cln.8649
ecp.18353
htf.4016
hyn.6485
taa.2966
hym.1311
ecd.4675
Taa.3625
scm.5665
msl.13628
tas.10267
sch.4488
ppx.15281
spe.26043
spe.33624
trc.1938
Taa.7061
msl.21430
tae.1955
scm.7205
cln.4256
scr.6528
spe.26323
opv.12571
Taa.1150
Ecg.4542
gys.12017
scs.6305
spe.10562
msl.21385
ecp.3162
fsc.5931
ecp.1994
ecp.6997
scw.261
scr.8775
ecm.9828
spe.9085
Fsc.26077
cln.8554
msc.9343
msl.11034
msl.45549
Fsc.20941
ppx.31255
tas.5062
sct.17146
Ecg.6150
hyn.13376
taa.6795
msl.43273
scs.9288
fsc.13628
tae.9358
spe.1436
msl.16852
hyd.3869
scw.19174
ppx.18040
spe.13796
hyd.683
msl.12766
msl.10136
hyn.12391
scc.14152
cln.9999
hyd.8211
scc.7032
Fsc.21573
Taa.2187
scj.11287
ecg.6274
Ecg.5995
tae.4842
taa.1765
sct.15199
fsc.4581
msl.18852
ppx.6265
scs.19603
tas.3762
msc.6094
msl.17024
ppx.5590
ecm.6008
Fsc.25837
ecm.9617
Ecg.7041
ppx.5810
ppx.34336
dpy.4888
Fsc.909
opv.4191
spe.32406
ppx.28289
scc.17439
sct.340
msl.6093
tas.9824
cln.5814
spe.13465
hym.6395
ecg.4866
trc.647
scj.9029
opv.524
scc.13821
msc.9296
msl.46079
Ecg.1452
scr.21815
Taa.9480
msl.49567
ppx.1378
taa.9374
Fsc.7712
tae.7473
dpy.18161
ppx.13015
scr.10594
scw.5064
msl.43868
msl.30320
hyn.2933
hym.2772
msl.36427
fsc.7377
hyn.1975
ppx.26898
cln.8471
gys.9254
sct.18824
ecg.5095
dpy.5998
scj.10183
msl.43729
ppx.32240
taa.9468
scc.16506
ecd.7975
msl.15779
ecp.4948
scs.2134
Taa.1668
Fsc.10459
ecp.10936
tas.8801
ppx.32841
dpy.8829
sct.18875
ecm.9642
trc.1819
msc.2797
hyn.13523
tas.12362
msc.1932
ppx.20635
hym.1288
tae.8227
htf.4407
tas.6620
spe.34903
sch.5858
tas.8478
opv.1704
opv.15542
hyd.3207
hyn.10116
ecp.7598
msl.52762
sch.5766
ecd.3382
msc.2138
scr.3215
scs.7287
ppx.27079
msl.52223
sct.3725
trc.5827
scs.5728
scs.6290
cln.8050
Fsc.31329
taa.12355
htf.6316
gys.14894
cln.2588
scc.843
tas.4673
msl.56067
hym.7473
scw.20575
spe.23173
hym.6699
msl.9955
msl.50962
hyn.13729
msl.14263
ecg.163
scw.5506
tae.7598
msl.44204
ppx.15835
ecm.9476
msl.57604
Ecg.1898
hym.7964
scj.2648
Taa.2361
cln.1826
ecm.5481
cln.2461
opv.11285
opv.4815
scs.15706
ecm.2596
Taa.3991
scs.8318
ecg.3847
ppx.9358
msl.56640
ecd.5094
ecg.7167
msl.30671
ppx.4684
trc.8306
Fsc.13298
hym.3197
scs.13810
msc.9074
scm.5620
gys.950
Fsc.16821
hym.11639
dpy.2519
msl.25558
trc.7066
ppx.8963
Ecg.1894
Fsc.30405
scc.3773
tae.4185
opv.8816
msl.10916
opv.4310
msl.57844
spe.38327
taa.459
ppx.13337
trc.16266
fsc.10634
scr.16016
msl.51565
tas.240
scr.554
ppx.29123
scs.16060
msc.4533
scm.9904
tas.9616
ecm.5987
msl.40254
scs.3366
msl.31341
ppx.21763
scr.4157
ppx.34245
spe.30264
ppx.35014
ecp.8141
scc.5766
hyd.7437
opv.14630
ecp.1331
spe.29132
msl.26672
dpy.6764
scs.13158
sch.1273
Ecg.4785
ppx.18007
gys.14878
trc.15065
dpy.7389
sch.1338
dpy.4295
msl.47369
hyn.4650
Fsc.259
sch.7253
scj.3992
msc.1815
hyd.1635
ecp.2054
ppx.31793
ppx.28806
msl.17612
scr.6740
msl.26852
dpy.5039
sch.6948
htf.9537
opv.10666
taa.7614
Taa.6603
ppx.35385
tae.2086
msl.43484
trc.11013
scj.11514
ecp.4954
ppx.6503
opv.5291
ecm.4660
msl.14180
scm.5213
spe.30843
htf.2729
scr.11820
spe.27550
Fsc.16573
trc.11651
fsc.14498
dpy.3785
spe.803
htf.4579
msl.42495
scr.11613
msl.28074
hyd.6817
opv.15072
msl.53021
scw.5479
dpy.11536
gys.1386
msl.53107
msl.49917
scm.8513
ecm.2984
hym.9364
spe.29479
scr.11604
hyd.10831
msl.33226
msl.37639
ppx.36414
ecd.5033
tae.1254
spe.7947
scw.20917
msl.59001
msl.9964
tae.462
scw.25532
msc.10223
msl.59657
ecg.171
ppx.32491
msl.51809
spe.36036
msl.27856
ppx.34823
spe.2179
Fsc.32885
hym.11151
htf.11292
cln.5685
scs.13033
msl.3690
msl.48676
Taa.3311
htf.8191
spe.21979
msl.4296
ecd.13
ecd.280
trc.20845
msl.8766
ecd.5083
spe.5172
scc.14900
hyn.3970
htf.7711
ecd.7122
scs.9807
Ecg.2317
dpy.5107
scc.17567
ecp.4477
scr.10232
fsc.6345
scm.8339
taa.3965
msl.54958
msl.43
Taa.1083
taa.11151
opv.13378
scr.2828
spe.11450
msl.34289
scm.10386
fsc.9230
trc.4974
ecg.2750
dpy.14096
msc.8839
hym.9450
msl.58894
ecm.5395
hyd.10128
tae.12241
scs.7725
hyd.8459
ecd.1735
Fsc.9069
gys.11169
cln.5872
scs.10592
ecd.10398
scc.7717
Ecg.7978
ecg.3376
Fsc.28372
msl.23332
tas.6334
tas.6273
sct.2741
sct.12315
hyn.4313
scr.1973
msl.15619
scs.6639
sct.19908
msl.59433
fsc.4723
msl.22368
tas.326
ecg.573
ecd.2396
msl.28310
Taa.5943
Ecg.4055
Taa.8262
ecm.7004
spe.3041
opv.9890
msl.55662
dpy.4604
scw.24048
scr.3727
trc.9111
ppx.18349
spe.22602
sch.111
tas.1495
sct.2931
dpy.10429
Taa.3892
spe.17093
tas.6272
msl.52453
spe.23679
msl.35311
msl.21575
hyd.348
hym.1768
Taa.4982
Fsc.23715
ecm.405
Taa.801
trc.4028
cln.11211
spe.22861
htf.5930
ppx.17210
hyn.2446
spe.19374
Taa.5893
ppx.24915
scs.11783
trc.5988
sch.11576
htf.4620
cln.10985
ecm.8992
Fsc.24741
msl.26898
cln.4236
ecm.5596
dpy.18697
scs.944
sct.4258
scj.1250
scc.17285
ppx.11013
ecm.9882
sch.11606
msl.40797
ppx.11569
ecg.527
scm.11765
ecd.4778
Ecg.154
ppx.35791
spe.12434
hyn.1197
hyd.8294
ecd.9171
spe.29415
ppx.29466
fsc.536
msl.57126
Taa.9211
Fsc.5383
opv.2116
cln.287
msl.55669
ecp.5645
trc.15912
msl.26748
scr.6660
msc.379
taa.8332
tas.10439
msl.24847
dpy.6998
Fsc.86
ppx.30331
gys.1768
dpy.14603
tas.480
ecg.6369
gys.11100
ecp.11745
scr.21005
trc.16876
ppx.10770
Taa.6667
tas.7528
scc.3441
ecg.2887
sch.7735
ppx.9462
tas.9626
msl.206
tae.6742
tas.11117
opv.9324
scr.15990
trc.10776
ppx.29265
ppx.28261
htf.11322
msl.9342
scc.16168
sct.14107
ecg.4499
msl.7812
msl.4429
hyn.1952
tas.11256
msl.21827
dpy.4522
sch.5638
ppx.18283
fsc.1366
taa.8680
trc.19633
fsc.6981
dpy.2952
spe.21076
Ecg.6604
scc.21652
msl.11607
scm.4961
scs.19631
spe.34917
Fsc.31978
dpy.19534
opv.5990
scw.14093
Ecg.5303
cln.7186
scj.7661
msl.27612
scw.25703
tae.7274
spe.6221
spe.24988
dpy.10663
scs.6083
fsc.503
Fsc.3842
scc.2735
dpy.10824
ppx.6172
scw.21399
spe.16509
msl.49891
ppx.2828
scr.8318
sch.1179
tas.11266
trc.19733
scr.19980
scr.12999
ecm.867
scc.18529
scc.5476
msc.10434
sch.8625
hym.859
scc.20520
hym.11434
Ecg.3106
scw.1910
sct.7220
gys.12917
scw.18282
spe.18042
spe.18276
dpy.1894
ecd.2450
cln.12777
Taa.6489
ppx.23623
spe.9124
scc.22520
scs.4216
ppx.25209
ecd.6163
htf.547
msc.7919
tas.9528
msl.59841
fsc.686
scw.8704
ppx.224
tae.11933
ppx.30561
trc.13609
ecd.4130
spe.5844
htf.5744
Fsc.20364
sct.21567
dpy.2070
msc.7338
smm.83
ppx.10240
scc.21849
spe.16625
ppx.13342
scr.961
ecp.3696
fsc.14309
msc.7731
gys.1255
ppx.32461
sct.7431
trc.21270
trc.22044
taa.9779
Fsc.4981
Fsc.22736
gys.8563
gys.7619
gys.7011
opv.6986
msl.3213
ecp.12309
spe.18597
gys.13476
msc.6934
hyd.5227
msl.34736
tas.7732
ecp.4468
scs.650
ecm.4147
opv.2698
ecp.1487
hyd.6345
spe.17923
scs.19957
spe.30272
trc.19140
trc.19649
scs.5349
trc.18024
cln.7053
fsc.2468
scj.1680
ppx.6832
ecp.8307
Ecg.6589
ppx.25515
ppx.12244
taa.4240
ecp.4245
ecd.4135
scs.19652
ppx.4797
msc.1628
fsc.5393
tas.10428
spe.27343
dpy.12932
scc.9488
ecm.9834
opv.9762
trc.384
scr.17143
ecp.1815
gys.11196
trc.16449
cln.12669
scw.11766
spe.24091
ecd.6774
spe.8706
scs.18917
scc.22959
opv.7328
spe.10027
ecd.6620
opv.9954
gys.4034
tae.1279
spe.2008
ppx.20353
fsc.527
dpy.2107
Fsc.9643
fsc.13284
hym.8122
ppx.3750
htf.10952
sch.5917
scr.22050
ppx.29109
