

Fsc.4256
ecp.12114
scc.18053
msl.43957
Fsc.28483
Fsc.12221
dpy.14611
ecp.9739
sct.10396
Fsc.30945
hyd.4913
scw.10128
Fsc.16923
Fsc.13210
scw.22439
Fsc.5870
spe.18802
Fsc.21692
Fsc.32534
scw.7486
scr.7623
ecp.3761
Taa.9346
tae.602
opv.4830
spe.32399
scj.10633
spe.17310
ecd.11029
ecd.10911
scj.68
scr.18523
scr.20864
gys.7458
spe.17926
Fsc.29968
dpy.3714
tae.4846
sct.8076
fsc.13939
sct.7897
Fsc.16619
gys.5287
ecd.11041
scc.17986
gys.5706
scm.11263
scw.20608
Fsc.2041
ecm.8448
scr.7971
scc.15172
scc.10667
scw.10898
scs.11799
ecd.7131
scc.5497
hym.1715
Fsc.16530
ecd.5235
msl.13108
hyn.9244
dpy.10265
Fsc.27462
dpy.13534
ppx.28939
ppx.24969
scj.6080
sct.13958
ppx.21163
hyd.5974
cln.5409
scm.4555
ecp.3937
scs.12774
taa.407
sch.6209
scr.7223
ecd.6290
taa.9559
scs.7251
trc.3047
msl.21416
hyn.29
msl.53345
cln.3768
htf.8175
cln.13600
ppx.36596
gys.10078
Ecg.1869
tae.9038
msl.138
msl.58884
spe.34656
ppx.34098
scr.19068
tas.1929
hyd.9795
scc.17805
scj.3904
sct.18372
Fsc.1290
ppx.15390
msl.55967
hym.4990
msl.45528
spe.20007
spe.38924
ecm.1016
trc.20142
scw.22873
msl.13317
scc.10495
hyd.696
taa.9039
hym.2564
taa.8072
opv.5270
tas.12080
ecp.7163
fsc.8373
htf.7082
trc.13945
scc.13124
scc.15540
msl.25760
msl.50804
scw.1171
scs.16082
tae.7562
scc.15262
ecp.153
Ecg.6366
hyd.2571
msl.53078
ecp.10189
scj.763
msl.31915
opv.9640
ppx.11223
hym.4814
Fsc.18780
taa.11948
Taa.3268
dpy.13511
taa.7033
scs.8247
spe.1332
dpy.1244
ecd.519
gys.8714
scs.12439
ppx.21478
gys.1920
msl.36574
ecg.2178
ppx.4766
sch.143
Taa.7581
tae.3892
scm.1113
msl.9807
fsc.6793
scw.13305
msl.21093
cln.7865
msl.55111
tas.7377
ecm.4515
hyd.4458
msl.26290
msl.40542
ppx.25455
sch.1076
hyn.9815
scc.11392
scw.18193
tas.2814
trc.1976
tae.8489
sct.21141
sch.9958
msl.14055
msl.45266
sch.4119
opv.5546
scr.15182
fsc.3664
ecp.13432
scj.7724
tae.5979
hym.2649
tas.6893
msl.37240
ppx.15941
trc.17256
msl.43707
scj.7861
taa.8711
Fsc.4877
scw.8003
msl.5491
msl.8212
scs.3288
opv.1324
cln.6350
ecd.3610
fsc.1103
msl.39926
scm.10948
ecg.444
htf.1654
msl.53865
msl.38991
dpy.9726
ppx.27609
ecm.6883
htf.11079
msl.6355
msl.35726
ecd.2449
scs.355
taa.11462
scc.8319
scw.143
ecp.131
msl.22595
scs.18843
taa.6529
cln.7527
scs.7344
ecd.1454
scw.16126
trc.21419
spe.27304
sct.8970
scw.1483
Ecg.1363
msl.37039
tas.2458
tae.5207
ecp.937
tae.9788
taa.5302
sch.12447
spe.35818
ecd.1327
msl.43816
msl.22322
scr.12043
scs.2661
cln.3692
dpy.10183
msl.60496
spe.23199
spe.925
scj.11374
Fsc.18552
hym.7515
msc.530
hyn.5827
tas.2646
htf.4183
opv.5621
ecg.2481
scs.13927
msl.43077
sch.11249
ecd.4062
opv.13577
gys.6824
scs.15403
msl.50433
msl.46281
scw.16729
taa.4068
fsc.12535
dpy.14480
msc.6931
gys.10619
tas.10769
scc.15557
hyd.7803
tae.12406
ecm.1668
fsc.2572
msl.705
ecg.1073
scc.7029
msl.25676
ecd.9462
scs.22
msl.42416
msl.50284
hyd.8240
msl.26499
trc.7762
msl.12248
ecd.2074
smm.2982
Ecg.8538
fsc.8003
ecm.8055
ecp.15658
scw.6421
scs.4865
msl.31680
Ecg.21
tas.5525
ecp.3657
hyn.12656
scr.4867
scc.12251
hyn.7292
msl.12125
Taa.10062
ecp.9348
cln.8683
cln.5396
scm.3997
scj.5938
sct.22991
msl.28931
tae.5689
tas.4266
ecp.4682
Ecg.5975
msl.25938
spe.15920
Ecg.6927
Ecg.7845
tas.12500
hyn.1496
Ecg.518
trc.20627
msl.18369
ppx.27998
hyd.2681
taa.10761
msl.36977
msl.39810
htf.2167
ecm.3903
opv.15736
msl.16972
Fsc.11578
scj.4711
taa.621
msl.22849
ecd.11168
hym.3123
hym.10096
htf.7582
opv.10841
scj.10742
taa.9861
msl.33558
opv.3223
scj.1678
msl.20288
trc.3876
ecp.1260
ecm.9906
scw.10785
taa.7674
hyd.9885
ecd.4357
msl.47795
Fsc.6465
trc.11691
htf.2100
scj.5726
htf.6784
msl.35268
msl.30389
trc.9187
gys.3590
ecd.8664
htf.3334
spe.16082
scm.7121
msl.10476
spe.26487
cln.10435
gys.10286
tas.1538
ecp.16995
spe.11084
scw.2627
Taa.2416
ecd.3511
scr.2178
tas.914
fsc.15369
taa.7875
hyd.1296
ecd.5225
ppx.23145
scw.14925
taa.6664
msl.59259
msl.14094
fsc.5873
tas.4594
hyd.1027
msl.8113
tae.6910
hym.5240
msl.41964
fsc.11622
taa.1668
ecd.9716
msl.3351
msl.10224
msl.37202
taa.4353
Fsc.29730
Ecg.10051
Fsc.31474
ppx.11657
gys.14582
sch.4430
msl.14440
trc.3085
spe.17027
dpy.10858
hyd.8717
sct.14771
ecg.98
hym.2502
ppx.13064
dpy.2794
tas.6133
sct.3822
Fsc.29530
scw.20801
ppx.29864
Taa.2719
scm.5843
Taa.6799
tae.9157
taa.2335
ecm.6926
sch.9339
Fsc.2562
fsc.2608
scw.13982
ecm.7951
tas.1749
msl.50278
ecd.6146
cln.7797
msl.25543
msl.39457
Ecg.8993
taa.5442
Taa.7556
tae.324
htf.2994
opv.3056
dpy.9479
ecg.5160
ecd.9165
hym.6469
dpy.11172
fsc.6100
htf.10604
scr.18891
hym.11429
spe.75
Taa.9625
scs.19537
taa.1557
opv.9264
tas.9006
Taa.1456
opv.15927
ecm.7599
sct.19477
trc.15815
msl.56468
gys.11269
msl.60287
msl.26454
taa.9677
spe.31864
msl.10697
msl.29445
hyn.3435
sch.2713
scr.13945
sch.7739
ppx.684
scs.4087
msl.25700
spe.33215
spe.9632
msl.29265
scm.10857
fsc.13830
spe.13650
ecm.3585
ecd.1667
msl.40649
ppx.2854
scr.6939
spe.8158
taa.1169
msl.11118
hyn.12428
dpy.3906
scr.17396
fsc.1981
scs.13428
ecd.6198
ecm.7415
cln.11526
opv.594
msl.23387
scs.3265
trc.19316
msl.36379
sct.4280
msl.31511
Fsc.6800
fsc.14171
dpy.1411
hyd.367
taa.3790
ecp.3612
htf.99
scc.11172
ecm.6247
ecp.1021
scm.9449
tas.2254
ecg.3620
fsc.10710
msl.26055
scw.18018
scs.13334
scs.4534
sct.20391
sct.1398
msl.12518
ecm.4917
opv.14929
taa.10123
Taa.2083
ecp.7823
tae.11858
trc.21625
scj.1706
msl.20776
scm.3691
msl.49901
trc.1378
opv.2380
ecp.218
cln.3961
ppx.35219
Ecg.5604
msl.35417
scj.9544
cln.9606
scs.16171
msl.50884
scs.12111
cln.813
msl.9957
tae.454
msl.57901
sch.3258
scw.3678
ecd.10786
msl.388
ppx.34955
sct.1944
tae.6642
msl.53314
cln.7939
hym.8405
sct.5619
scw.22801
scc.14449
Ecg.3679
ecm.2413
scj.11803
spe.33477
tas.11569
ecm.2967
ecd.4487
msl.52567
scj.3147
scs.423
msl.58850
msl.8770
msl.27281
scc.9076
msl.57129
scw.20315
ecm.485
fsc.5603
ppx.24168
scc.9220
ecm.5970
Taa.9248
hyd.9059
ecd.3244
ppx.28853
opv.9677
cln.5785
msl.54362
sch.9928
spe.31251
hyn.2763
Taa.4305
scs.13677
msl.19080
msl.34291
scm.8805
fsc.11811
Fsc.25820
Fsc.17
Ecg.7052
ecp.8596
hyd.5221
ppx.9821
scj.7188
gys.14708
scr.18313
ecd.8880
scr.17643
Ecg.606
tas.2905
msl.31633
scs.14910
Taa.2148
ecm.3146
tas.4200
spe.12858
msl.23481
msl.60353
cln.1709
hym.1519
msl.10681
hyn.9841
scs.12904
tae.7898
spe.28633
tae.707
Fsc.1761
spe.38876
msl.21922
taa.9201
scj.12203
ppx.24342
tas.11475
opv.8243
hym.6113
spe.14286
scs.4624
tas.10086
msl.58901
tas.10936
msl.17961
scj.12636
scj.7368
ppx.21612
hyn.9224
msl.23048
ecp.11429
scm.8355
hyd.2298
fsc.14513
hyn.4234
scw.23966
scj.5358
htf.6633
dpy.6694
ecm.2476
msl.56219
cln.2449
fsc.13698
sch.8470
Taa.45
tae.5329
fsc.4789
scj.6829
hyd.2983
msl.3070
msl.3858
ecm.236
fsc.13034
msl.21968
scr.14543
spe.12284
trc.1464
ppx.18249
msl.59715
scm.6526
scc.4236
scc.5957
ecp.4656
sct.1730
sct.11105
tae.383
Fsc.3012
sct.8946
scw.4100
msl.12079
scs.18122
scs.13693
msl.14504
spe.22431
ppx.11009
ppx.17648
sct.17924
tae.1905
msl.43824
scw.1040
ppx.17994
htf.1295
fsc.4627
ecp.12365
spe.33987
ecd.8704
tas.13101
scc.21446
ecd.7748
htf.7161
scc.22329
hyn.9258
ecg.1738
tae.386
taa.227
tae.10804
cln.4852
msc.3226
ppx.37260
msl.31862
Ecg.6174
scc.15121
scs.7266
msc.4471
ppx.20395
ppx.3155
ecg.460
msl.24428
tas.8589
ecd.4800
msl.38142
tas.12329
ecd.896
fsc.2035
scc.7150
msl.17296
scs.5937
ecm.4775
msl.27720
htf.8840
ppx.34381
msl.17733
taa.1621
scm.5636
msl.11630
msl.50253
msl.53996
tas.1522
msl.9328
msl.53097
taa.11080
msl.45279
gys.1932
tas.4875
hyn.5220
ecp.15680
msl.41170
fsc.14708
cln.12264
ppx.14366
msl.16885
dpy.3302
sct.5198
ecm.3510
gys.4736
tas.12271
hyn.13069
scw.22598
taa.4096
spe.10090
tae.11687
msl.44174
scr.21094
htf.10638
msc.985
msl.38238
msl.31339
fsc.11241
Fsc.1309
msl.53646
msl.7923
scw.18495
msl.16669
scw.8137
ecm.4507
spe.38785
msl.49972
ecg.10637
Taa.4856
ecm.4377
scr.3419
ppx.18851
Fsc.25108
scc.17957
sct.20174
Taa.10222
tas.1100
scc.14954
ecm.5096
tae.5800
ecp.3270
hym.2608
hym.1398
msl.16035
cln.12287
scr.1388
scc.11471
tas.6428
ecm.8961
ecm.9201
tae.7308
trc.3828
msl.17201
cln.131
hyn.12020
tae.10994
scr.16224
hym.3826
Ecg.5787
msl.21396
cln.7580
sch.12116
Fsc.2962
scj.6835
ecg.9464
ecm.2616
hyd.1247
scj.7708
ecp.853
Taa.5341
scw.15473
scc.10944
fsc.5697
Taa.2623
cln.13153
opv.14214
taa.12612
ppx.35922
spe.32001
cln.2247
opv.5862
trc.3476
Ecg.7445
msl.47045
scc.238
cln.10867
scj.10360
htf.7588
ecd.1863
Fsc.1722
scs.6271
msl.60098
tas.12157
msc.5204
msl.45048
Fsc.15714
msl.58243
ppx.17366
ecd.1657
msl.13444
hyn.12314
dpy.7858
ecg.9289
scr.5044
msl.50949
msl.37278
sch.4545
spe.2648
hym.7712
cln.12744
ecm.6455
ecg.4611
ecg.8458
scj.1974
scm.5565
Taa.7616
hyn.13321
cln.1809
hym.1030
ecg.10433
cln.10738
msl.54709
scm.9289
htf.8961
msl.34386
hyn.13578
ecg.1837
sct.3047
ppx.24854
trc.19902
Ecg.7393
dpy.7381
fsc.4452
fsc.12768
ecp.11822
sct.4237
taa.12659
spe.24298
spe.37671
trc.15041
scc.6564
spe.16029
trc.18872
trc.11861
scr.10034
fsc.9384
scw.25754
ppx.32860
scm.10393
msl.13868
smm.2710
Fsc.4903
Fsc.31848
fsc.7660
spe.7957
hym.4222
ecp.14558
ecd.4834
msl.52387
scc.21504
scc.22216
scw.23535
scw.9369
ecp.12627
dpy.17120
tas.7718
scs.1208
scs.17622
ppx.7178
taa.12585
ecm.4350
tas.12948
Fsc.11086
sct.3452
spe.28611
spe.2892
opv.7951
dpy.14619
opv.6747
hyn.5154
spe.10535
tae.12418
dpy.18460
scw.7585
ecp.17308
Fsc.14160
spe.1489
hym.7411
spe.34239
scw.13768
scc.22964
sch.10999
cln.8699
taa.4957
ppx.6449
scr.9483
sch.8512
trc.4311
tae.3147
dpy.5102
msl.12593
opv.14195
sch.11817
taa.9954
scm.10586
spe.5510
taa.1907
ppx.525
trc.16943
spe.586
ecm.9041
gys.15336
scw.11469
Fsc.30062
Ecg.10154
scs.17542
trc.11787
scc.6704
spe.3738
scm.10746
ppx.5193
ecd.10070
ppx.8703
scw.13966
sch.5542
msl.58833
msc.10379
taa.6744
ppx.4842
sch.5312
Fsc.29914
taa.11616
scw.3183
sct.16139
sch.7022
ppx.21335
msl.24577
ppx.24645
ppx.9375
scc.15193
gys.14079
scc.21405
trc.8497
scj.11452
spe.34009
scr.7020
ecd.3744
ecm.6743
ecp.11573
trc.20267
sch.3586
scs.16960
ecm.6924
tae.9969
Fsc.12857
ppx.18910
msl.29083
htf.8320
ecd.8852
spe.38474
scw.14684
scm.10462
msl.18141
taa.11134
ecd.10694
ppx.24368
ppx.7729
scr.8762
spe.20529
hyd.9777
Fsc.19611
dpy.7102
spe.14663
scm.11081
scm.4121
gys.4458
hyn.9587
ppx.12946
tas.4191
tas.9014
fsc.5927
scw.11858
ppx.34887
dpy.19511
opv.4015
ppx.33348
spe.12732
spe.13614
spe.3246
trc.16961
spe.2875
hym.12074
ecm.5746
hym.7574
tae.7146
Ecg.1736
Fsc.24403
msc.10027
ecm.4252
ppx.26948
spe.27908
msc.2827
scc.6938
ppx.5974
scw.13276
ppx.16311
scm.5847
ppx.5076
scw.5056
spe.30466
scc.17441
ppx.21295
ecp.9170
spe.24659
ecd.3300
scr.12927
sct.9666
Fsc.4908
htf.10746
ppx.16546
ecp.13299
ecp.799
scc.3997
ppx.8918
smm.1800
scw.671
Ecg.4968
tae.3414
scw.10609
sct.19967
msl.37541
trc.3049
msl.7213
spe.29474
ecp.18180
sct.14021
ecp.16510
