

msl.55379
gys.8852
scs.8648
htf.7805
Fsc.13302
Fsc.19210
Fsc.6544
scw.7398
Fsc.18251
Fsc.11495
sct.16477
scr.19893
tae.12130
scc.3427
Fsc.10108
Fsc.32968
Fsc.7279
htf.4927
spe.27946
Fsc.31375
ecd.2826
scm.8966
scj.6116
hyd.5389
dpy.1883
scr.6658
scc.20620
ppx.12118
spe.17006
sct.21237
spe.35232
ecg.8405
Fsc.20399
dpy.18776
scj.6896
trc.20977
ppx.35293
dpy.117
Fsc.24005
ecp.18549
scr.13724
ppx.37011
scj.7252
scr.8717
scc.16223
ecp.1187
scc.1652
Fsc.5705
scc.20072
Fsc.17097
sch.598
sct.4700
scr.9409
opv.6873
scw.19757
ppx.13764
msc.1848
trc.11153
scj.11575
Fsc.16537
opv.6564
scc.23221
Taa.2776
hyd.6534
scs.4736
scr.671
msl.32536
opv.7138
scj.6106
spe.38749
scr.14610
dpy.8471
spe.14274
scc.9785
scm.5608
spe.34044
Ecg.6685
taa.401
cln.2885
ppx.25972
cln.8219
scr.3242
scw.2919
msl.35074
ecg.2602
spe.7353
dpy.7665
cln.3767
sch.4999
scj.8956
ecp.8480
ecd.4455
tae.12176
tae.10152
ppx.26171
msl.58880
spe.34650
ppx.23784
msl.32409
Fsc.29697
Fsc.5914
msl.12418
hyn.11121
msl.43058
msl.28147
ppx.36727
gys.526
hym.4998
ecp.7375
ecg.3362
scj.2906
scr.6149
msl.59817
msl.19671
scs.4311
spe.35747
scr.1124
taa.9037
scs.2898
msl.5535
tae.1555
hyd.5335
spe.25678
fsc.8379
msl.39856
scs.4983
tae.5841
hyn.6163
sct.2613
ecd.364
sch.568
trc.9174
scr.16758
spe.19390
Fsc.3639
scw.11798
msl.32918
ecp.11755
taa.2530
htf.4975
cln.8820
ecp.12153
spe.14655
trc.3379
scj.881
scs.6152
trc.12484
scj.8029
tas.10793
taa.13004
msl.56230
fsc.11011
hyn.3301
scc.16148
scc.1649
msl.53835
ppx.13366
sct.18800
scc.4673
spe.13819
msl.5026
ecd.1065
msc.6869
spe.27024
dpy.2998
Taa.7947
scw.18043
msl.36125
taa.10058
ppx.14093
scw.19221
msl.42663
scm.8161
scw.18437
msl.59875
msl.60473
msl.48160
sch.1073
scj.8610
spe.455
gys.1948
ecd.4398
ecp.7227
scj.6111
scc.21808
spe.18651
ecp.2398
scj.7793
sct.10686
scs.7077
scr.15187
Fsc.31813
msl.42660
ecg.5795
scs.12900
trc.18369
hym.2645
ecd.7766
opv.5739
tas.2325
ppx.12026
msl.2944
scr.3954
msl.11079
msl.16136
scc.2025
msl.49677
msl.49430
scs.3280
ecm.10196
scw.20694
ecm.4289
scc.2837
Ecg.1193
fsc.13660
scm.366
hyd.2629
htf.4480
msl.4455
dpy.1530
msl.35251
scc.12231
tae.10067
msc.10364
ppx.23926
tae.2837
spe.30400
ecg.8251
sch.8023
spe.19336
msc.2387
msl.17719
fsc.3281
msc.1556
htf.8693
scs.9126
ecd.1451
scw.16125
scc.10505
gys.8343
msl.18407
scc.4170
Fsc.1077
taa.832
tas.2452
msc.10533
tae.3346
msl.47930
taa.5307
msl.22653
ecd.11358
spe.28105
msl.11315
scs.11606
scr.12044
scs.17247
ecg.6409
fsc.5924
msl.28279
ppx.12994
taa.2260
ecd.1719
Ecg.2950
cln.707
msl.20387
trc.18277
tas.2641
msl.11026
msl.17691
ecg.2484
msl.58465
tas.5078
sch.11241
ecd.4063
opv.13573
msl.8914
msl.49528
hym.7045
msl.46288
Taa.1758
ecg.8814
spe.12328
fsc.4708
msl.1921
hyd.2908
tas.11840
scs.7754
msc.8614
Ecg.6181
scs.3997
fsc.2577
hym.12094
spe.16038
dpy.875
msl.10285
spe.20126
tae.4324
scs.11414
tae.11570
msc.7857
scs.5568
trc.17480
scc.15832
fsc.6573
Ecg.5221
opv.67
msl.36332
trc.4256
ecp.15657
Fsc.29418
msl.45344
hyd.7967
Ecg.24
gys.12401
scj.5776
ecg.371
spe.22207
fsc.3532
Ecg.6239
spe.29903
hym.149
hyn.12594
spe.17964
tas.8766
scw.12320
hyn.12206
cln.5807
msl.28939
tae.5685
tas.4262
cln.3175
Ecg.5970
taa.3287
fsc.8130
gys.9058
ecg.6393
gys.13716
hyn.11937
sct.12270
msl.51790
ppx.5366
ppx.27995
ecm.1404
msl.21360
gys.6110
msl.39815
msl.34506
msl.59179
spe.12512
msl.16978
msl.42094
ppx.21397
spe.12452
sch.2150
Fsc.235
hym.3124
msl.1564
opv.893
opv.10846
scs.14987
msl.55056
msl.42830
scs.17745
cln.7739
Fsc.1384
msl.42367
Fsc.17644
ppx.10485
msl.44651
hyn.2137
msl.31282
tae.11099
ecg.828
htf.8554
gys.7430
tas.10564
ecp.3629
Fsc.29543
scc.4639
ecd.9807
taa.1586
spe.28006
msl.1689
scs.6418
tae.3999
hym.12077
trc.7497
Taa.2892
ecm.161
gys.10288
Fsc.13905
msl.49734
htf.1936
ppx.21912
cln.7162
ecd.3514
htf.864
fsc.5222
ppx.19551
ecd.1959
htf.1822
hyn.10544
hyn.10540
msl.30885
scr.4964
msl.57882
ppx.14314
msl.38710
ecd.7590
msl.58275
gys.7950
tae.6919
ecm.6695
cln.8068
opv.15834
fsc.13086
tas.12655
hym.3158
htf.4481
msl.44186
spe.689
taa.7067
Ecg.10058
Fsc.8404
scs.9746
gys.14589
sch.7464
scr.15888
hyn.11394
opv.16020
tae.2781
cln.521
msc.8262
sct.2874
ecp.2546
msl.55671
scm.983
tas.6136
msl.15379
scj.6216
ppx.24304
cln.10212
scm.6189
sch.7552
Ecg.4885
msl.30644
ppx.14922
ecm.6923
trc.5479
Taa.2737
msl.31018
opv.2016
Fsc.13954
trc.13013
trc.21761
hym.3045
ppx.15272
ppx.31043
dpy.8508
Ecg.1247
taa.5444
scj.8009
scc.11516
htf.7202
scw.8424
fsc.13898
htf.6577
ecd.9169
ppx.34504
scm.9513
scj.6244
hyd.2786
opv.11348
ppx.15734
ecg.10870
msl.33781
scs.9560
ecg.3161
ecd.5107
ecm.3789
tas.9008
msl.9224
cln.2767
hym.9012
scs.3372
msl.11687
msl.41345
ppx.13461
ppx.32687
msl.23974
scm.3247
smm.3629
dpy.10221
msl.8954
scj.10313
fsc.7712
msl.15639
sch.4817
scs.4089
scm.57
msl.58767
fsc.4741
scw.5688
scr.21428
scw.26028
hyd.1088
msl.58446
fsc.5788
scw.11672
msl.36039
opv.11603
ecd.2914
msl.51250
msl.48938
hyn.12423
tas.10115
trc.7836
ppx.1545
scs.13421
ecd.6193
spe.22627
taa.12124
ecd.8295
msl.270
hyn.8782
gys.5725
hyd.1230
spe.12409
msl.7885
msl.41103
ppx.11624
msl.29767
taa.8856
ecd.5364
tas.1018
htf.8892
fsc.10698
ecm.7116
hyn.4913
hyn.2968
trc.13490
msl.36665
sch.9115
opv.8563
msc.7824
scs.13333
cln.12804
sch.6377
scr.21673
scm.7636
fsc.6626
ppx.33097
taa.9977
msl.36200
tas.3665
fsc.1052
ppx.35081
cln.6510
msl.20779
scc.6006
msl.49904
scm.8509
ecg.2818
hyd.8033
msl.55499
scj.6155
hyn.8546
scs.4766
scs.14569
msl.20930
scs.16172
tas.11425
scm.2998
opv.3440
tae.5925
fsc.892
sct.9481
hyn.10607
msl.51200
scw.3672
htf.51
msl.382
tas.3045
tas.9039
opv.2131
tae.3721
tas.3040
scc.3296
ppx.24757
Taa.3803
ecm.2883
Taa.3492
scj.5916
tae.848
ecg.861
hyn.9715
ecd.4960
msl.32330
hyn.7125
msl.17584
hyd.11183
cln.10220
opv.8230
dpy.6210
scs.11820
Fsc.1847
scc.10117
ecm.482
spe.10881
ppx.24163
msl.28071
dpy.2491
ecg.9053
spe.25851
scs.12754
trc.2212
opv.3258
scr.6734
scr.12732
scm.7557
tae.452
msl.24959
spe.23081
scs.13672
spe.12087
spe.12702
fsc.10399
dpy.2294
opv.8781
scj.11545
Ecg.1849
scc.14600
hyd.5228
ppx.9826
hyd.9242
msl.45174
sch.8637
cln.8497
taa.2318
msl.27965
ppx.37757
msc.7015
opv.9709
Taa.2142
ecm.4491
tas.4245
spe.12853
htf.3637
hyn.9539
tas.5022
msl.33449
scm.4182
cln.7668
trc.8256
dpy.5324
scm.1600
sch.7706
ppx.699
ecm.1282
msl.20038
tas.4757
sct.22110
msl.29806
ppx.29823
scs.14107
msl.27604
Taa.2362
spe.26274
hyn.13089
spe.26892
hyn.756
spe.27772
msl.11108
msl.45477
scr.21692
msl.26338
msl.53744
gys.6799
scr.7040
scw.2843
fsc.14518
hyn.5547
sch.12555
hyn.10064
dpy.16212
hyd.8789
tas.6842
scm.1813
ecp.4280
sch.3919
fsc.13585
taa.6845
tae.10005
dpy.11768
Fsc.2120
hyd.2987
opv.9525
hyn.10967
ecp.14184
hyd.7963
msc.1080
Ecg.9110
msl.15139
Taa.4282
ecp.11552
msl.30134
scs.17738
msl.54885
Fsc.11311
msl.12997
ecd.1424
sct.11109
scr.7262
Taa.8951
sch.1050
tae.7633
spe.14972
scs.18127
Ecg.4283
msl.15671
tas.10633
gys.2102
scr.13294
msl.17640
ecg.1225
hyd.2928
Taa.4117
scw.4564
opv.10132
ecg.4146
msl.16533
spe.2896
trc.16293
tae.4436
scc.21441
msl.48974
scj.7314
scw.4911
opv.1159
fsc.9143
spe.5965
tas.6928
sct.10418
msl.50897
msl.2689
gys.144
msl.46335
Fsc.1660
msl.22181
spe.10737
Fsc.10282
scw.15795
ecd.584
Fsc.24152
cln.6695
msl.16835
ecd.4805
ppx.23671
tas.12321
trc.11145
smm.2240
fsc.5738
tae.8266
fsc.11480
fsc.13224
hyn.733
ecg.1020
ppx.25206
ecm.8879
taa.1626
ecg.8333
scc.22821
msl.50259
cln.1978
ppx.28036
scc.19003
ecg.944
tas.8946
Fsc.4797
Fsc.15100
htf.2782
sch.12047
ecp.15688
spe.35012
ppx.19426
hyn.5754
scr.21926
msl.16881
dpy.3306
taa.174
dpy.7362
spe.8271
msl.43500
ecp.11630
msl.30017
msl.32867
msl.3328
fsc.8537
trc.2939
taa.1437
hyn.586
scr.7128
sct.13294
msl.10356
ecm.6758
gys.4545
tas.1229
ppx.7495
ecd.6087
Ecg.1471
scc.12420
msc.8211
hyn.459
Ecg.5772
scw.7170
htf.8448
ppx.16985
scc.21010
spe.37007
spe.1402
msl.20539
dpy.4092
opv.10126
sch.963
trc.12226
ecg.3187
ppx.16353
taa.6316
msl.6227
scw.18202
msl.37289
hym.3589
taa.2552
ppx.12741
ppx.22188
msl.44278
scm.6224
msc.9278
trc.3824
spe.20370
ppx.26569
hyn.12024
tas.8286
ppx.23994
msl.10955
Ecg.5780
taa.6084
trc.1332
sch.12119
msl.35483
msl.13528
msl.46152
ecm.2615
hym.10300
msl.6314
htf.4599
gys.3052
scr.11833
taa.2193
hym.5360
ecg.5658
ppx.17764
cln.7277
hyd.802
sct.15830
Fsc.18680
msc.10128
scs.19902
ppx.15105
scs.13528
htf.9618
spe.31422
Taa.3428
msl.57933
fsc.6496
hym.3275
ppx.8883
hyn.3197
cln.12509
fsc.3462
msc.5203
fsc.5847
spe.33099
Fsc.23128
cln.6919
msl.19423
Taa.4807
hyn.12318
htf.1212
Taa.4409
ecp.15124
Fsc.32349
ecp.9047
spe.1412
spe.2647
msl.25474
spe.31945
Ecg.1060
scj.1654
ecg.8456
scw.21625
msc.7217
htf.753
sct.20797
spe.18139
scw.17770
msl.10987
Ecg.4483
msl.20694
tas.10712
tas.2962
gys.469
scc.17966
ppx.2614
scj.6522
ecp.3016
tas.11600
spe.7295
Taa.1938
htf.11008
spe.11836
msl.21129
spe.20657
tas.11030
ecp.14626
Fsc.3915
sct.4570
tas.6460
scc.22757
msl.59898
spe.15205
fsc.3587
fsc.11762
msl.37106
spe.15048
scc.21957
ppx.22955
hyn.6844
fsc.4903
trc.21448
scm.4597
spe.36047
Taa.3797
scw.18987
sch.7753
ppx.29076
scj.8483
Fsc.33390
sch.3067
fsc.12389
gys.9987
sct.20710
msl.30042
spe.23186
scc.21634
hyd.5226
spe.171
ecp.17043
ecm.3694
dpy.2640
scc.6643
msl.56892
hyd.2005
scs.15189
dpy.14796
tae.9599
tae.12426
scr.8525
ecm.2011
htf.1752
htf.5260
spe.1136
ppx.35139
fsc.1061
scr.613
tas.10238
tae.12358
trc.1061
spe.32850
spe.37984
msl.4284
htf.11268
trc.7265
ecp.4344
hym.9516
trc.7545
opv.8535
tas.12004
scr.8711
Fsc.776
tae.9820
ppx.32620
ecp.6056
ecp.11707
hyn.4143
gys.13369
tas.7585
htf.4966
gys.14627
gys.12415
taa.7280
dpy.13754
sch.6847
tas.12963
dpy.18041
scm.4225
tae.391
ecm.3894
msl.33972
spe.18859
spe.20220
scs.1048
sct.17369
tas.12172
trc.19334
ppx.21018
ppx.14629
Fsc.14818
ecm.2165
opv.7079
spe.38670
trc.4564
msc.5661
scw.14826
msl.31890
scr.9827
scr.17745
scr.7267
Fsc.29562
spe.4132
hyn.12452
spe.5037
scr.11061
gys.8871
spe.23723
dpy.12310
ppx.11800
scw.10142
trc.10521
msc.9394
tae.11072
opv.6723
tae.4494
scr.13205
scc.404
spe.37785
ecp.11477
hyn.9273
spe.38838
dpy.15802
sch.1681
spe.26903
ecp.915
ppx.2564
sct.15239
sch.6021
ecp.3600
ecm.10612
ecp.4341
tae.9448
dpy.4804
scs.2029
scr.11332
sct.1177
spe.37557
ppx.16790
ppx.4070
scr.20170
Fsc.12515
fsc.13910
scw.14044
scw.12634
Fsc.7758
opv.6341
opv.13932
sct.22075
taa.11165
scs.286
tas.12244
sct.10217
opv.1295
scj.3758
tae.138
ppx.36737
scc.15414
spe.5169
hyn.12069
opv.8028
opv.4001
scs.7232
hyn.3023
msl.3143
ecd.10168
fsc.6293
hyn.922
ppx.12751
hyd.1961
sch.1847
tae.8178
tas.11533
sch.815
ppx.30090
opv.5154
dpy.3043
spe.34118
msc.10553
ppx.17358
ppx.19918
ppx.2655
fsc.2893
spe.30238
dpy.878
htf.262
trc.14810
sct.22828
sch.9061
opv.5542
ppx.36515
ecm.2649
spe.30983
hyn.7029
hym.10065
