

msl.30355
ecp.8313
cln.6727
ppx.21511
Fsc.5488
Fsc.14757
scw.14303
Fsc.23774
Fsc.13999
trc.18532
scr.1482
smm.2948
scr.17722
scw.2018
spe.16103
sct.8466
sct.4905
sch.11529
ecd.9998
scc.13382
Fsc.22021
Fsc.30714
scm.11156
sct.4477
scr.1945
ppx.32029
scc.18851
scc.10573
sct.1855
sct.14605
Fsc.32103
ppx.19639
smm.1751
fsc.5517
gys.13145
scr.28
scm.11186
scw.25493
msl.43372
scc.11016
sct.5385
htf.5314
scm.7329
scs.19736
Fsc.26852
Fsc.11471
Fsc.32693
msl.45723
scw.10575
scr.16540
scm.1174
sct.15288
scw.9388
sct.19083
hyd.8888
scw.3222
hyn.10985
hym.3365
scm.10301
sct.14180
ppx.4740
ppx.3794
ppx.218
spe.9447
ppx.18616
Fsc.6516
spe.38211
scw.7808
Taa.2578
dpy.12256
ppx.2227
ecd.5548
scs.5286
ppx.15740
Ecg.8432
scs.60
scs.1598
trc.9179
ppx.19055
cln.4484
fsc.12321
msl.52727
msl.2644
opv.2258
tas.4896
gys.1924
scm.11588
tas.1830
msc.4228
tae.12252
Taa.1698
spe.29704
htf.10943
ecp.4923
hyn.9059
Fsc.10862
Fsc.166
scs.1320
hyd.3173
msl.24357
dpy.5691
msl.20844
fsc.2589
scj.5508
opv.5138
ecm.4861
taa.7005
tae.4597
scw.9941
scr.8095
fsc.2942
scr.4170
sct.15991
msl.54992
hym.2886
tae.11601
Ecg.1196
Fsc.12494
ppx.35312
msl.15880
Taa.6832
hyn.8875
gys.2177
trc.8052
msl.14000
msc.6926
msl.36948
msl.30312
ecd.2389
scc.22697
msl.34031
scw.3989
tas.2731
hyn.1171
fsc.9070
scc.7014
scj.10173
cln.2176
tae.11376
scr.6051
scw.19957
ppx.28825
htf.4896
scc.18795
ecm.3080
gys.3656
msl.48740
scj.5334
msl.54641
tas.4831
hym.7678
trc.22075
spe.23775
opv.3893
msl.59225
opv.14116
msl.13947
tas.11493
tae.8974
trc.12240
scc.12244
ecg.6462
fsc.5943
ecp.13255
dpy.5650
msc.3878
msl.19320
msl.23520
scw.17177
htf.11160
trc.15072
spe.8272
msl.14943
tae.8648
msl.46630
gys.6520
scr.7247
msc.2163
scc.20792
ecg.3272
scc.13739
scm.282
dpy.8659
hym.3261
msl.26640
hyd.2696
Taa.6940
hym.11570
msl.17504
ppx.25067
ppx.2573
tas.5580
trc.11569
scj.5441
gys.13255
sch.4095
gys.4166
ecp.9561
tae.1483
ppx.35626
msc.9167
scr.5724
ecd.2196
Fsc.2454
sch.10441
scs.7561
cln.5708
Taa.7640
tas.1617
scs.6105
hyn.11749
gys.13119
taa.2189
msl.52419
ecg.1590
hyn.10997
sch.8441
Ecg.47
trc.2562
taa.2837
spe.23040
msl.45083
trc.20829
fsc.21
fsc.3907
msl.14764
htf.8223
ecg.3113
taa.1395
msl.27708
hym.3795
tas.6516
gys.1546
opv.15528
ecg.9008
msl.2750
msl.7433
taa.1572
opv.1036
gys.5878
msl.59614
Fsc.21702
fsc.11133
Taa.7076
hyn.4388
hyd.10221
msl.11912
Taa.3950
sct.10275
scm.10999
cln.3981
Fsc.13694
scm.5319
htf.9901
Taa.5271
cln.5280
gys.7105
msl.43389
scj.7466
ppx.19879
ecm.7616
hyd.9784
scw.14656
taa.959
opv.4837
msl.9265
scr.15931
sct.18146
hyn.4702
sct.4873
ppx.4034
gys.7232
htf.8416
Fsc.19217
Taa.1341
msl.27030
cln.1844
scc.6619
msl.56873
msl.18917
fsc.606
opv.3107
msc.3608
msl.38943
msl.16474
scm.10813
msl.59124
cln.6765
msc.1778
htf.8410
ppx.8492
sct.16076
scw.15685
dpy.7027
scs.17872
dpy.1971
dpy.4626
scc.22039
msl.4151
spe.18573
msl.31902
ecp.12163
ecm.898
msc.9878
msl.6610
scj.9143
ppx.13129
opv.10696
trc.7945
dpy.8786
sct.10209
spe.13167
gys.11496
msl.23158
sch.12178
hyd.84
htf.8720
msl.46132
sct.494
taa.5304
scc.11026
Taa.7596
Fsc.25849
scc.17402
tas.4856
Ecg.5267
htf.1289
msl.28100
opv.12801
hyd.7064
sct.13570
msl.51123
hyn.8674
sct.10829
msl.23341
sct.5688
Taa.3878
tae.1498
taa.4736
dpy.6831
ppx.34402
hyn.819
dpy.3466
hyd.8075
ecm.9868
opv.12526
msc.6967
msl.36903
scj.8231
ppx.29858
hyn.12195
hyn.10761
ecg.5125
msl.31763
ecg.9311
scr.15033
msl.25351
msl.11783
msl.36701
opv.1982
msl.25805
ecd.3234
taa.7679
opv.16135
ecd.9577
msl.26871
spe.6959
ecd.5721
cln.10688
scc.17175
tas.5703
htf.7638
scs.4387
sch.6845
msl.55453
ecp.9747
sct.13584
opv.1813
scj.7171
fsc.14820
msl.55393
spe.4045
hym.2728
msl.11237
hyn.12563
tas.2782
Fsc.31567
scs.15581
msl.45625
msl.12280
ecd.8545
ecd.8374
tas.4292
tae.10274
fsc.13423
ecd.1105
ppx.32548
sch.12933
htf.6116
dpy.14495
scr.18024
ecg.49
hyn.13112
tae.8630
scc.16355
ecg.9541
ecm.2552
fsc.5051
msc.10484
scs.4798
spe.36581
ecg.3613
sct.5301
Fsc.17376
msl.52237
Ecg.3506
scs.14690
scc.16734
fsc.4395
Ecg.642
ecp.4744
msl.15055
tas.3098
hym.5693
ecp.11768
scw.22516
ecm.6703
Fsc.1522
Ecg.434
tas.8995
fsc.12836
tae.10322
hyd.7738
msc.9792
sct.7319
Taa.1848
ppx.5856
scc.7860
Ecg.2769
spe.8536
tae.8988
ppx.19311
scw.16198
cln.8741
scw.2358
ecd.7651
msl.45776
hyd.5144
gys.7075
spe.22115
fsc.4987
Taa.1842
Fsc.4985
hyd.1676
ecp.16940
Fsc.11235
msl.28003
msl.33980
Ecg.3710
taa.2487
ecp.11934
sch.3859
dpy.723
hym.9282
hyd.6594
scw.15253
dpy.16762
msl.35368
scr.8507
msc.1025
hyn.933
cln.2689
Taa.5496
ecm.4626
Taa.395
scs.12173
scm.9496
spe.140
hyd.5196
trc.15867
scm.6852
msl.51231
taa.526
scm.1831
ecm.9348
msc.9316
Fsc.30757
spe.30604
spe.11587
msl.30457
msl.10860
hym.1504
scw.6163
msl.47840
scj.7509
msl.22760
msl.38631
sct.1108
msl.11444
scm.9661
msl.9107
sct.14408
spe.1890
taa.10070
scw.10420
Fsc.15729
Fsc.23157
taa.2356
ppx.22025
msl.42646
ppx.34016
hyn.4057
hyn.9390
taa.11804
ecd.1781
scr.3983
ppx.21622
spe.51
msl.533
cln.9885
cln.12711
opv.12756
scr.6759
msl.26847
msl.42397
scm.5535
ppx.6946
ecp.5638
scr.20753
msl.49596
opv.3298
fsc.13688
scs.10631
tae.1628
Taa.6101
msl.10069
ppx.37120
ecg.2147
tas.7519
hyd.8176
fsc.4021
gys.10401
hyn.13682
msc.3806
scr.5632
ppx.33250
scj.7534
msc.6702
cln.3270
ppx.9470
msl.7530
scs.15099
spe.20084
taa.9971
spe.35468
scw.378
msl.53051
scj.2125
ecg.2593
msl.9651
fsc.9929
tae.4130
Taa.3978
dpy.2779
ppx.26661
scr.6330
scr.11639
msl.31727
sch.8140
scs.7043
trc.15079
scr.17086
Fsc.964
trc.9718
fsc.15029
msl.30052
tae.3374
Fsc.15888
msl.14826
ppx.7883
tae.7591
fsc.12244
smm.3710
taa.2747
msl.51996
scs.6648
dpy.3855
gys.2595
scc.22909
msl.40901
msl.4034
dpy.2602
cln.308
scm.3423
scs.15097
msl.41751
scw.6801
msl.36443
scc.12167
scr.3453
opv.2429
ppx.28703
tas.3371
gys.4006
msl.51332
ppx.19897
hym.3838
scw.701
spe.26248
cln.9367
sct.18097
spe.30905
ecp.8704
fsc.8884
Fsc.19541
ecm.2231
gys.12738
spe.22643
spe.16281
spe.27352
spe.39242
ppx.20380
gys.2254
Fsc.7682
scs.15631
tae.5239
Fsc.17142
tae.9931
tas.3202
msl.3709
ecd.10072
scm.2083
scr.9975
msl.46116
ecm.3384
dpy.5740
scs.13218
scs.18690
dpy.5600
Fsc.442
tas.8743
ppx.554
ppx.8587
opv.4631
spe.10924
ecp.15012
Fsc.20570
msl.51105
taa.4891
dpy.12700
opv.15025
tas.9464
msl.53561
tae.2163
ppx.27018
tae.12017
msl.46870
ecp.5340
sct.12855
Taa.5134
scr.19440
msl.19546
gys.2233
scs.8340
scj.8872
scs.17458
ecm.517
htf.2085
trc.17072
ppx.3115
ecd.9911
scr.3039
fsc.9011
fsc.11468
fsc.10856
scw.4342
tas.5140
hyd.8350
msl.59906
msl.39549
ecg.5522
msl.34805
ecp.11153
scr.1817
htf.193
gys.4486
msl.23620
taa.3602
msl.38868
msl.10941
Taa.2414
scr.20857
hyn.7340
Fsc.18954
tas.1003
dpy.13164
htf.10099
taa.10208
tae.6462
msc.2238
taa.7955
cln.2023
ecm.3437
scm.6811
Fsc.7477
msc.7044
msl.29267
cln.6131
msl.55130
tas.156
sct.4611
spe.23918
ecg.10007
taa.3932
msc.1483
msl.31211
msl.45556
ppx.27063
dpy.6862
sct.3734
Ecg.7928
scc.17293
ecd.324
hyd.1993
msc.6151
taa.8187
scs.7873
spe.28903
scs.14152
tae.9061
msl.27865
msl.39166
msl.36070
trc.16297
opv.14370
ecd.10243
tas.7692
sct.4987
ecg.3049
gys.6478
sch.8125
gys.9158
hym.2925
taa.12402
cln.10925
msl.21166
msl.24693
ppx.4558
ppx.27273
msl.27003
ecd.3630
Fsc.19365
ppx.8828
Taa.5522
scr.18123
spe.31105
tae.5354
gys.479
msl.1953
dpy.2887
opv.1768
hym.5409
ecp.2401
msl.46816
spe.14237
hyd.2970
htf.4767
fsc.2952
tas.6537
msl.44369
hym.5673
Taa.10005
tas.1722
sct.9345
msl.47550
gys.9801
ppx.27168
scc.15801
scw.22254
scj.7994
htf.8220
fsc.8071
trc.8460
msl.42287
scc.316
fsc.12707
msl.25115
scw.21999
fsc.910
scj.2419
Fsc.25766
cln.6975
gys.12367
trc.14601
tas.11837
msl.29121
hyd.2605
ecm.3498
scc.20994
fsc.8818
scw.9659
scc.9966
Taa.5635
scr.8602
cln.13458
scs.15198
tae.4239
msl.14435
Ecg.7604
scm.7326
ecd.4801
htf.9318
htf.7615
scw.10994
dpy.10581
Ecg.7196
msl.30807
spe.16693
msl.45572
msl.13592
scs.7764
gys.1732
trc.379
msc.3989
ecd.7603
ppx.1759
spe.13730
dpy.2379
sct.19571
msl.50725
sch.11097
ecp.8742
tas.10170
taa.3358
cln.84
hyd.7085
ppx.16165
ecd.5084
trc.5168
tae.2410
ecp.13435
gys.15127
scc.17120
scs.13631
taa.4448
msl.17074
Fsc.24348
sch.5192
ppx.3013
ecd.10037
msl.39681
ecg.2906
ecp.521
msc.779
msc.1915
Ecg.7584
scw.14798
msl.37518
tae.6879
msl.19333
ecg.9686
scw.5288
opv.5076
msl.37495
dpy.6415
ecm.2234
spe.19811
ppx.26222
htf.2922
htf.3059
tas.1893
sct.2587
taa.6403
opv.3976
opv.12084
Fsc.12884
msl.32094
cln.4262
msl.30221
Taa.8662
Fsc.2290
hym.10234
ppx.29008
dpy.2282
msc.8892
gys.7960
ppx.32892
ecp.13426
Fsc.2674
cln.12953
htf.8866
spe.11780
taa.3443
dpy.14898
spe.1414
cln.9232
Ecg.10005
trc.10975
spe.36022
cln.7710
fsc.2368
msl.42347
msl.48185
scm.8454
fsc.12039
ecd.3621
ppx.12458
tas.12344
Ecg.9232
ppx.27380
sct.20611
taa.10994
msl.38985
Ecg.4770
Taa.2171
spe.38952
ecm.3812
spe.26629
msl.29627
scw.16625
taa.7656
ecd.9637
scc.2889
Fsc.12240
spe.6636
tas.1342
hyn.3601
trc.19627
msc.8787
hyn.12079
dpy.8428
tas.9438
dpy.12051
ppx.12136
scw.11885
scw.14097
scw.24222
ecp.16659
spe.2382
msl.31967
trc.18259
trc.18695
trc.21495
tas.11059
dpy.3463
ecg.4753
ppx.31192
tas.563
trc.15932
ppx.4836
sch.4155
msc.4049
msl.20274
sct.8447
spe.12889
hyn.6930
Taa.682
spe.4960
spe.28796
taa.5129
opv.13371
Fsc.25656
scs.13321
tas.12727
scw.16543
trc.109
sct.2884
sct.3616
spe.19552
trc.16080
scw.22546
ppx.31604
scr.8113
ecp.2473
msl.5879
ppx.36416
tas.9667
dpy.12958
htf.11586
spe.35471
ecm.9824
spe.37086
scm.4397
cln.12566
taa.10312
msl.18760
tas.10096
msc.10227
spe.27636
scj.8131
htf.1050
dpy.4103
scw.12334
Fsc.20681
tas.12057
dpy.10785
ppx.33717
sch.11810
ppx.33401
spe.13990
sch.1675
spe.19030
fsc.10921
smm.3083
Fsc.22181
tae.9999
spe.23930
hym.853
msl.48093
opv.12195
tas.12978
htf.10344
dpy.1642
msl.16631
spe.35180
htf.8560
dpy.11570
ppx.15647
taa.7752
tas.11611
ecg.7507
spe.431
ecp.4995
sch.214
scj.6320
ppx.31054
sch.3481
fsc.15101
Fsc.32061
Fsc.20892
opv.10360
scr.4124
htf.4303
ecm.9060
fsc.5375
spe.12116
scr.10890
ppx.35702
scr.21596
trc.18009
ecp.14200
scj.1210
ppx.1680
scw.4446
cln.2554
ppx.31278
taa.6223
Fsc.24912
hyn.13750
scs.16077
ppx.24559
scr.21357
smm.569
htf.3802
msl.30160
spe.22713
spe.20828
sct.20475
spe.7384
trc.17292
scm.6752
tae.3922
taa.7028
msl.5763
hyn.13749
ppx.32004
Fsc.27197
Fsc.32951
scm.9823
ppx.30644
msl.17644
ecd.9937
sch.3964
smm.980
ppx.37273
ppx.30146
sct.20971
msl.2939
ecd.10787
scr.13672
scr.11269
ppx.24979
scj.5881
ecp.6445
scr.9197
ecg.5778
msl.60215
htf.4495
sct.20933
scm.4454
Ecg.7723
Fsc.21592
scc.21017
msl.25922
cln.4905
trc.13134
taa.9262
trc.181
fsc.8825
sch.2755
scj.4123
ppx.21848
hym.9090
ppx.34970
gys.6308
spe.5207
spe.18990
scm.7430
fsc.14545
scw.7473
Fsc.29302
sch.11338
hyn.7536
trc.5979
msc.8010
msc.1839
htf.5304
tas.4096
msl.4295
scs.20180
spe.6101
scr.20888
ppx.4605
hyd.5542
ppx.3277
