

msl.31412
msl.21684
fsc.11582
hyn.12971
msl.49361
htf.6604
ecg.3556
trc.11249
Fsc.16902
scc.7884
scw.9533
scw.4507
hyn.5497
scr.21460
scr.35
scr.16189
Fsc.32557
spe.38604
Ecg.4629
sct.18307
smm.2175
ppx.36480
sct.5560
dpy.6024
scc.187
Fsc.13891
msl.12148
dpy.19302
scr.20643
gys.11232
trc.17803
scc.21430
trc.19896
Fsc.10165
gys.7550
msl.8783
Fsc.23873
scw.21243
hyd.4472
ecd.6919
scj.2502
sct.10327
scc.1145
ecd.8091
hyn.3783
dpy.19137
cln.2062
Ecg.1305
Fsc.29857
sct.4486
scw.6959
tas.3271
gys.14726
dpy.10247
msl.53781
ecp.11350
fsc.13269
scj.7261
dpy.17581
ecm.7966
smm.1775
sct.2853
ppx.8479
hyn.4317
Fsc.7181
scj.9238
htf.10476
spe.3286
sct.13978
ecd.10779
scr.2022
trc.11602
spe.31688
opv.15760
msl.7744
fsc.3307
ecd.8390
ecm.2284
sct.16857
msl.8218
taa.10176
hym.4472
msl.60415
htf.5850
scc.5768
ecm.5526
cln.159
scc.6070
trc.2318
htf.542
msl.41184
scs.4826
spe.24278
scm.7931
Fsc.2049
scr.18270
scw.21518
cln.8129
msc.6650
opv.10581
scc.580
tae.6449
cln.7975
gys.2766
msl.4682
msl.39040
opv.1938
dpy.12086
taa.3800
msl.55145
scj.964
msl.16153
scc.7117
ecg.1388
scr.10389
sct.6376
msl.10664
tas.680
trc.8277
ppx.15158
msl.1898
sch.7764
Fsc.6296
scs.6214
msl.20052
hym.10434
dpy.12861
ppx.24363
scc.9029
dpy.4085
hym.856
dpy.3481
msl.45792
cln.12317
tae.5020
ecd.6878
scc.20183
Taa.7290
msl.16022
hym.6365
msl.55760
tae.8203
msl.5895
msl.29338
tae.7198
sct.11786
spe.8572
ecd.5980
msl.18836
scs.16373
msl.37057
tae.12160
sct.7501
opv.2302
fsc.10364
scs.12843
ecd.967
gys.14096
msl.32152
spe.32715
Ecg.3006
tas.12913
msl.4773
trc.7149
msc.2256
scr.500
ecm.5056
trc.20375
hyd.9153
sct.9273
msl.32552
scs.7682
fsc.6372
hym.4969
spe.39329
gys.11207
opv.5874
scs.11362
trc.21842
msl.47073
scs.14517
ecp.361
scs.12935
ppx.30426
tas.11459
ecg.6063
scs.6265
Taa.9504
scc.6734
sch.7980
cln.11518
opv.6017
ecm.6438
Fsc.33419
ecg.2863
Ecg.4013
msl.31779
scc.22749
taa.4166
msc.9466
scs.9426
msl.16079
tae.4345
dpy.569
trc.1722
scm.3023
opv.16147
dpy.3889
ecm.7863
scm.2244
ecp.17117
scm.9712
msl.49968
ppx.7596
sct.14738
fsc.6455
msl.48515
taa.6041
msl.22047
hym.10845
msl.39644
ecp.13502
Taa.5408
ppx.16489
spe.14312
tae.5067
msl.38411
ecg.3932
msl.36608
gys.1086
scm.7137
Fsc.19898
scw.12603
ecm.9842
ecp.18464
spe.12076
msl.12578
ppx.30605
sch.11905
spe.21395
spe.9421
hyn.6184
msl.19753
opv.2244
gys.5580
opv.17
scc.3706
taa.2154
scs.2299
Ecg.8072
msl.44440
scj.8941
htf.7382
scm.2835
tae.12149
msl.8534
fsc.11558
scr.14424
msl.14107
fsc.11562
sch.322
msl.30078
cln.8128
sct.12003
spe.30563
msl.3588
Fsc.27523
hyn.3875
scm.11302
hym.4983
msl.10374
gys.14591
fsc.13488
scc.8156
Ecg.1286
msl.4056
tae.10354
scc.21944
msl.58602
taa.8999
ppx.29752
scj.76
msl.28653
gys.6986
spe.7430
msl.40726
hyd.5
spe.22580
cln.695
tas.6069
scm.3866
trc.1372
tas.10059
Ecg.9195
hyn.707
scm.5152
opv.2831
msl.17767
htf.5288
scm.4514
tas.2859
spe.12288
scs.16443
scm.6248
sct.9662
fsc.8799
scw.7755
scw.15718
hym.8831
sct.13090
msl.53307
ppx.6695
msl.38062
opv.2899
opv.2547
ecm.9604
msl.14660
sch.6711
ecm.5149
scj.8895
scs.1366
msl.19804
tae.12059
msl.22236
ppx.4611
hyn.2509
ecp.16843
htf.2336
taa.530
ecg.8173
ppx.32414
Fsc.16801
msl.6726
spe.22867
opv.11481
msc.2704
msl.24619
scr.11150
ecm.7313
msl.44507
ecm.2486
taa.9074
htf.3535
scj.1898
scr.9824
cln.8011
ecp.1720
ecp.3074
Fsc.13064
ppx.136
opv.14067
Ecg.914
sct.1567
scj.12385
htf.8280
tas.3429
msl.37162
msl.2051
msl.48909
scj.7348
msl.46733
scc.10801
scm.10019
msc.4734
scs.18048
ecg.5541
taa.4820
hyn.4217
ecp.17103
fsc.1060
ppx.13174
hyn.3261
tas.3702
fsc.6462
cln.2429
hyn.10368
tae.8426
opv.15602
hym.1739
opv.8605
scs.3047
tas.3331
ecm.6250
fsc.9328
ecg.4478
Taa.2829
opv.14566
spe.39481
scr.11477
msl.13120
taa.323
htf.3159
ecm.9586
msc.5684
sct.8026
ecd.181
scs.6811
spe.15973
scr.16234
fsc.6599
msl.41003
ppx.13720
msl.3667
ecm.9740
scw.5763
msl.16784
hym.11092
sct.15517
Fsc.10352
Fsc.54
scs.7856
msl.26126
hym.9467
taa.3464
msc.3611
msl.16517
msl.33779
scw.11090
sch.9381
trc.5232
spe.1051
msc.7883
scs.5824
trc.15785
ppx.33702
Taa.8123
msl.31303
spe.31505
Taa.3747
msl.15716
hym.42
ppx.25498
spe.36153
tas.8568
htf.1960
msl.1911
scw.18
hyn.875
gys.14972
Taa.6482
scs.16214
Ecg.9857
scw.12297
msl.33271
opv.13785
ppx.31596
scw.14717
Fsc.30913
ppx.23755
scr.17685
msl.27741
scj.460
msl.49071
opv.5749
cln.5454
scs.13807
htf.11574
hyd.8148
ecg.699
dpy.6518
msl.26816
fsc.1694
ppx.29612
opv.14422
fsc.8017
scs.8262
scj.1831
ecg.2879
ecd.393
scs.2113
tas.4134
msl.53810
scj.12048
scj.7115
ecd.3012
hyn.4183
taa.11969
spe.4230
msl.34925
msl.49204
spe.17951
msl.14849
scs.15567
ppx.27405
ecg.9234
spe.10912
hyd.7079
Ecg.797
msl.51112
scc.796
hyn.9509
ppx.32303
tas.1237
hym.10638
spe.20973
opv.3944
hyd.7421
scs.15075
Ecg.5755
msl.5457
msl.43114
ecm.1419
scr.10960
htf.277
cln.8624
ppx.29058
msl.28386
spe.1872
opv.15703
taa.6303
msl.34065
msl.16575
msl.32937
msc.924
ppx.32449
tas.6771
msl.1570
sch.495
htf.8020
msl.27471
Fsc.18621
scc.20475
spe.704
msl.13952
dpy.15271
msl.57658
scw.298
scw.18527
scw.6945
scj.5002
ecd.5286
smm.3589
scw.23498
ecm.273
scj.7129
ecd.5582
scc.22476
hyn.11313
Taa.5422
cln.3892
Fsc.17530
msl.16314
sch.1976
msl.37530
scj.8559
spe.32095
spe.10572
msl.52311
scc.22309
spe.36897
scm.6515
scw.18467
msl.48243
fsc.4886
ppx.12747
msl.40536
spe.27323
sct.7286
spe.30758
scr.19361
hyn.6742
spe.29036
msl.18327
scw.25289
Taa.2213
Ecg.2654
tas.7422
tas.2301
scw.17910
scs.5684
ecm.10140
scr.15719
msl.14783
ecp.3170
hyn.13026
opv.7517
tae.6477
ecd.10256
scr.9012
scj.3971
hym.7534
opv.5932
msl.26533
sct.19414
ecp.10711
sct.4810
ppx.14129
hyn.12013
msl.14477
ppx.6762
ppx.22596
scs.821
ecm.983
scc.4817
msl.47574
ecg.1366
msl.46296
Ecg.6376
scc.5697
scs.3688
spe.34535
msl.38136
taa.1248
ppx.15791
cln.6702
msl.7073
taa.4882
spe.24654
trc.6304
ppx.12965
ecg.1017
msl.33680
msl.21016
dpy.9378
msl.12548
Fsc.9103
ecd.4404
sct.501
gys.5846
msl.20238
taa.9570
ecp.4976
msl.35093
ppx.7991
scw.520
sch.12057
msl.19664
msl.47563
msl.35350
gys.1867
scc.1677
cln.11588
msl.10037
ecp.18265
Taa.8392
tas.5974
ppx.7793
spe.556
tae.9192
msc.836
dpy.4935
ecp.10047
scj.7552
taa.3190
hym.5460
cln.5493
ecp.11212
scm.9209
ppx.4049
scs.16490
msl.12769
Ecg.6942
htf.11243
spe.20968
hyd.3435
scr.1108
sct.6344
msl.49965
msc.9436
scw.16713
hyd.5312
sct.5238
ppx.15034
scj.253
spe.33053
scw.1018
opv.15713
msc.9592
msl.56083
scw.1151
sch.2224
ppx.15649
sct.13354
cln.6005
hyd.799
msl.32935
Taa.10064
sch.8748
taa.9808
ecp.10777
tae.6623
hym.6225
hyn.4498
Fsc.13480
ecg.3446
ecp.6519
dpy.5588
msl.20148
msl.18386
ppx.32600
scm.8295
hyn.2053
scs.11193
cln.9793
Ecg.7006
ecp.6961
scc.9580
htf.3629
Taa.8969
scr.14622
msl.43917
scj.10418
cln.8676
opv.9220
msl.56124
msl.37813
scs.4548
msl.37481
scr.4450
spe.11495
msc.2891
trc.3102
ppx.30640
Ecg.265
msl.10826
msl.39429
fsc.8340
fsc.15302
scc.9127
gys.7524
msl.33337
ecg.6007
opv.5283
fsc.14753
msl.45567
ecg.6796
scc.20386
dpy.10312
Taa.5246
cln.6901
gys.7153
Fsc.13308
ppx.2819
tae.8250
ecm.2162
taa.11842
gys.2616
Taa.4642
msl.16094
opv.5920
scr.5369
msl.25449
sct.6071
msl.33914
sch.170
dpy.12763
msl.235
ecd.5775
msl.39495
Ecg.5888
cln.9489
hym.3084
taa.13164
fsc.14303
ppx.13045
hyd.9386
ppx.5416
ecp.5657
sch.5449
scw.8717
cln.4362
hym.4
sch.2032
scs.5159
scs.7798
ecg.2625
ppx.26804
scm.3917
msl.37848
ppx.13593
opv.8052
ppx.31143
dpy.310
spe.38008
sct.16272
trc.9462
scm.6294
Fsc.15471
Fsc.21764
scs.6194
Fsc.12457
ecg.1310
tas.8078
htf.852
msc.4230
scw.8698
Fsc.1190
msl.44372
tae.7072
sch.1805
scr.9900
ppx.27153
scj.8373
hym.5270
tas.11833
scc.9955
scw.17581
ecd.11014
ppx.36418
sct.8100
msl.41829
Ecg.8399
hym.4519
taa.5066
ecg.4885
ppx.35179
scw.3571
gys.3265
scs.15938
trc.19208
scw.6145
tas.12532
taa.129
msl.58627
ppx.22980
hyn.820
htf.11288
gys.2161
msl.48354
msc.2706
trc.3698
scr.19128
hyn.9935
ecd.9616
ppx.30053
hym.3876
sch.12256
gys.4999
tae.6200
spe.18079
taa.13281
opv.7736
sct.21450
fsc.9799
msl.4131
msl.40294
ecd.6175
spe.20601
Fsc.698
taa.2451
spe.31855
cln.13369
opv.4196
scc.15180
hym.7646
sct.8844
ecg.5386
ppx.18728
msl.37763
msl.24482
scm.7529
sch.5420
dpy.14654
ecd.8724
tas.2775
ecg.1129
tas.288
ecp.7182
ppx.29166
taa.10516
scm.6804
msl.40903
hyn.13175
sch.2328
taa.12151
Taa.9241
msl.10306
dpy.16387
scc.14344
hyn.1307
spe.15908
msc.2150
scs.9662
tae.7625
dpy.15316
msl.53134
scm.3262
Ecg.7128
spe.7529
Fsc.24392
msc.9699
taa.11973
msl.17519
htf.11103
ecm.3923
msl.9833
scr.8287
sct.2054
ecp.9851
htf.10551
tas.7891
msl.20898
ecd.1750
tae.6077
ecm.5326
htf.2078
dpy.7777
ppx.6071
msl.1261
scc.8783
Taa.637
hyd.6237
fsc.7610
ecd.5573
msl.57352
scr.4623
scm.3402
ecd.179
spe.2928
ecp.9168
msl.28696
sct.15358
Fsc.641
msl.40769
msl.45099
scm.2485
dpy.11229
scc.23166
trc.19915
scj.2839
ecp.2858
fsc.5309
scm.4071
trc.20647
spe.10158
dpy.6956
msl.599
hym.2926
scr.1219
Fsc.17943
gys.8276
spe.26444
taa.12558
fsc.12607
ecp.4632
ecg.80
dpy.5142
spe.24743
taa.633
ppx.32042
sch.3310
scs.19049
dpy.14865
scj.9052
dpy.14482
spe.15750
scm.8510
tas.8970
scs.14467
ppx.14439
spe.25953
ppx.21395
scj.10693
Fsc.7253
taa.6803
gys.14684
scc.1364
scw.15798
Fsc.29973
scr.13521
opv.11110
scr.15644
ppx.9437
spe.19575
spe.5175
scw.13538
spe.6795
ppx.16890
sch.7067
scc.13158
ecp.15045
Ecg.1793
msl.14965
ppx.350
scr.16640
scs.9848
fsc.4343
msc.8095
tas.422
spe.18375
ppx.11561
cln.673
tae.1310
msl.58684
sch.11033
spe.26684
ecd.11404
sch.11537
fsc.15168
ppx.9516
dpy.15128
tas.1300
Ecg.7123
ecd.6395
Fsc.9317
ecp.14567
hyn.13425
dpy.357
scw.6687
scr.21620
Fsc.18907
scr.2788
ppx.24692
dpy.16733
trc.11880
sct.17994
ppx.36098
scr.13223
spe.12565
sct.6134
sch.6018
ppx.34117
ppx.17742
ppx.29182
smm.801
ecd.9751
ppx.25872
spe.17836
ppx.18859
ppx.32252
spe.33655
ecp.913
hyn.4930
hyn.6630
spe.26383
fsc.2990
msl.17408
scr.9981
gys.7102
Ecg.8347
ppx.1767
scj.12620
fsc.6721
sct.21181
Taa.1837
scc.4528
ecg.1896
scw.22054
spe.30959
scw.16880
fsc.2075
ppx.29445
scr.13492
ppx.33851
tas.9779
dpy.18925
scj.869
msl.54390
ppx.14790
sct.15808
opv.11686
ppx.8567
spe.2527
spe.36782
htf.11161
scw.21897
opv.10811
msl.2454
scc.4217
ecm.7837
spe.34269
sct.2673
ppx.31691
htf.11476
ppx.2601
sct.3918
scw.25634
hyn.532
scr.8671
msl.7383
ppx.30672
spe.10035
spe.1959
sct.21927
trc.14249
dpy.6807
Fsc.13700
hym.10133
ecd.10755
scw.2112
sct.13393
ppx.36761
spe.10207
scr.14320
Fsc.7379
hym.8914
spe.18678
gys.13086
msc.1429
sct.2938
spe.20019
scc.7301
hyn.5818
ecd.1094
scj.8897
sct.4443
trc.14893
Fsc.29108
trc.16216
gys.13773
scw.14799
ppx.4297
msc.7456
ppx.7282
Ecg.3157
spe.4895
spe.9519
scr.8686
scr.6162
scr.3785
hyd.9886
dpy.13868
spe.7669
hyd.1119
hym.11421
gys.15291
msl.36233
dpy.809
ppx.6240
scr.21389
ppx.4872
Taa.9977
ecp.2596
Ecg.9760
spe.2578
Fsc.19046
