

scc.12227
hym.4741
msl.16325
ecp.801
Fsc.27902
Fsc.19124
Fsc.29510
ecd.5784
scw.9067
Fsc.33007
hyn.6491
scc.476
Fsc.24476
scr.2900
Fsc.23823
Fsc.8704
sct.3480
ppx.19413
spe.38879
Fsc.25374
sch.7037
Fsc.25472
scr.13417
scr.1513
scw.5695
hyn.6387
scw.2963
scj.8381
spe.32039
scr.23898
Fsc.26444
hyn.5762
Fsc.18586
ecp.1242
scc.17935
msl.11878
scj.3122
sch.467
msl.46903
sct.18448
scw.1127
spe.17140
scr.2358
scm.8932
msl.2161
Fsc.3689
ecm.6899
msl.33171
fsc.11493
scc.8281
scr.11348
Ecg.9154
spe.6328
hyd.5178
scw.1652
scc.1622
ppx.25637
hym.6663
ecd.2798
msc.5082
Ecg.7454
ppx.17743
ecm.75
scr.11602
ppx.32570
cln.5898
opv.5795
dpy.18754
ecp.76
ecp.9097
scc.12635
gys.7382
trc.3920
trc.4491
cln.11687
ecd.10653
scm.377
smm.514
msl.31256
hym.7398
taa.11140
tae.1276
sct.8433
msl.39741
msl.17016
tae.2036
scs.12815
hym.5184
scw.19740
ppx.18094
scs.5461
scc.9515
tas.6646
scw.7568
scs.9923
scs.4473
cln.7396
cln.5539
cln.9977
spe.29467
ecg.4362
trc.17264
cln.9343
msc.9321
scc.21432
msl.17684
Fsc.10052
tae.5151
Taa.381
tas.775
cln.10618
fsc.12089
htf.3503
Fsc.11116
sch.92
spe.28448
taa.3811
msl.58188
tas.11764
tae.10054
msl.5343
scm.8862
ppx.3769
hyd.3815
scr.15130
fsc.5775
tae.1309
ppx.26036
msl.36729
scr.11408
msl.13153
htf.809
scc.7938
hyd.4939
Fsc.1225
msl.42409
msl.13050
taa.250
msc.2724
htf.5063
msl.59670
ecp.14414
msl.33496
Taa.6900
cln.7051
ppx.9274
tas.7118
ecg.6095
sct.17749
taa.403
msl.21546
taa.8802
scr.6947
ppx.26926
ppx.2314
scm.5093
tas.4090
taa.7429
msl.55365
sct.7166
opv.14524
fsc.9657
ecd.2851
smm.3085
scc.632
msl.30152
hym.838
scs.3359
scc.5970
scs.7332
msl.53068
spe.11941
scr.2911
trc.6997
msl.56521
dpy.14452
ppx.22309
scr.12200
ecm.9708
Ecg.1960
msl.37796
msl.35939
scj.11745
msl.42780
ppx.29039
ecm.1639
taa.1307
ecm.4078
gys.7177
msl.13453
hyn.12304
msl.59021
sct.58
trc.2735
msl.58988
scj.6688
scc.687
ecg.9282
sct.14989
sct.9551
hym.719
opv.2165
spe.16202
tas.6997
msl.53632
msl.32027
Fsc.1603
opv.13584
cln.1816
msl.42953
ecp.7968
Fsc.1101
msl.59293
Fsc.13085
taa.502
ecp.4513
scc.19768
cln.3618
opv.15795
trc.5385
scw.18337
gys.3016
Taa.6379
taa.6284
ecd.7107
msl.13135
ppx.1865
ecp.12074
cln.1243
hyd.8349
ecp.3909
ppx.34635
scw.25838
dpy.3636
spe.14630
ecp.10862
cln.10011
ecg.3223
dpy.18835
dpy.11124
spe.34855
ecp.10980
msl.35422
msl.29533
scs.4811
msl.52592
scw.14817
scw.9071
ppx.13306
msl.36517
tae.8379
dpy.10352
msl.17458
htf.66
msl.11292
cln.7386
ecm.4160
dpy.8206
msl.40996
cln.2198
fsc.3753
msl.28967
msl.59986
msl.31317
ecd.5814
cln.10917
msl.30410
scs.15954
msl.33471
Taa.5245
tae.2132
ecm.3781
dpy.5378
msc.4025
opv.11268
ecp.2997
taa.11759
ecp.2603
msl.14034
scj.4461
scc.14194
trc.16463
sct.3507
scr.14592
scw.25464
ecp.9391
fsc.11689
hyn.1163
taa.11473
scs.674
scw.22011
scc.18241
spe.25818
msl.49796
ecp.16104
ecd.6157
sch.9576
ecm.8579
spe.1831
msl.56587
ecg.2526
opv.9199
dpy.4206
hym.7663
Fsc.17125
tae.103
ecd.503
Fsc.14967
ppx.37039
ppx.21467
msl.5564
dpy.1593
cln.12416
scr.16035
scr.14844
ecg.7733
dpy.15099
msc.5454
taa.3561
scs.10077
sct.8138
msl.36992
msl.30165
tae.3024
msl.55108
scw.8230
msl.17825
msl.49738
ecd.9341
taa.4286
sct.5025
scw.6197
cln.7605
tas.11828
msl.49556
htf.3107
dpy.8190
tae.10061
cln.9764
msl.59405
Fsc.17042
hyn.8500
taa.6033
scr.9322
msc.784
scw.17256
ppx.33328
ppx.23737
cln.13002
tae.5964
taa.4478
spe.24023
scw.1288
msl.16065
ppx.15
scm.7015
trc.8632
msl.16925
cln.2812
sct.17191
scj.11144
msl.269
msl.41616
gys.5733
opv.5348
msl.9000
msl.47028
ecg.1587
msl.45336
scr.6319
dpy.5405
taa.3781
scw.7088
Ecg.4718
ecd.458
msl.58811
msl.5069
scs.8666
ecd.8662
ppx.9148
ecg.9192
fsc.4118
sch.5829
cln.5525
Fsc.14542
msc.909
ecp.10315
Fsc.30736
msl.50221
sct.72
hym.4413
scc.21632
Fsc.20445
cln.3068
msl.47179
gys.1906
msc.1136
msl.33319
scs.902
fsc.11084
hyn.1721
msl.58708
opv.2888
hyd.7733
msl.30290
ecd.840
ecm.567
Fsc.26068
hym.8552
scj.7410
opv.7205
Fsc.7394
msl.51238
scs.3403
fsc.8548
spe.30571
opv.11747
scc.3010
ppx.31701
ecp.59
scm.9244
trc.345
dpy.12746
ecp.3473
msl.59831
ppx.16602
hyn.8131
taa.4795
scr.13524
scr.1923
ppx.4473
msl.35537
msl.27180
scr.14163
hym.4206
msl.28062
scc.451
Taa.343
ecm.4081
msl.38458
Fsc.19720
dpy.16593
tas.360
ecd.3946
trc.4105
scr.6527
scc.13355
hym.10901
sct.19236
msl.42421
msl.4927
taa.3104
scr.13650
msl.55002
msc.4779
Fsc.32839
Ecg.3884
taa.2936
ecm.9792
scm.3486
Ecg.9928
scc.17058
hyd.4082
ecm.7260
tas.11910
ecp.935
sch.6700
hyd.4787
scc.15714
msc.1968
hyn.8209
msl.31782
msl.58362
dpy.11867
trc.16987
tas.12652
tae.9438
msl.44933
dpy.3740
msl.52647
scr.9137
msl.6754
scs.6086
spe.14879
ecm.1025
ecm.4509
ecp.14678
Taa.7696
cln.7615
scs.12917
scc.2882
msl.45390
ppx.5371
hyn.10520
Taa.5122
spe.5074
msc.7648
msl.6466
ppx.8768
scs.5065
scw.16681
Taa.6692
msl.15265
scj.12396
ecg.4248
msl.30084
opv.8353
ppx.7244
msl.39295
opv.4845
Taa.3681
msl.55757
hym.4582
Fsc.2478
msl.39551
tae.4572
msl.60495
msc.8129
fsc.6534
sct.16342
Fsc.15170
fsc.12000
msl.10381
tas.10323
scw.1773
dpy.8820
sch.3162
tas.11413
scs.7381
fsc.4790
Taa.1227
hyd.2978
tae.6317
msl.40028
ecp.4849
scj.6179
fsc.829
spe.26291
msl.57448
scw.6715
ecd.1196
cln.10404
msl.31372
msl.23881
msl.51945
sct.9924
msl.47510
scj.9894
msl.27354
ecm.3001
msl.55600
taa.5531
scw.9819
sch.9887
fsc.6219
tas.9562
scj.5605
scc.16347
sct.20828
msl.57894
ecd.11371
fsc.5862
scj.9767
scw.20435
spe.30333
sch.8517
Fsc.16494
msc.789
scc.19206
gys.2996
taa.11875
msl.3367
ecd.6285
taa.549
hyn.9241
scm.4400
msl.38270
hym.10153
tae.10814
Fsc.32562
hyn.9560
scs.15354
scm.5584
cln.11999
msl.22196
ecd.3648
gys.140
sct.4448
ecd.599
opv.6759
spe.29170
msl.59475
msl.38961
spe.28751
ecg.8749
scr.9357
hyn.7203
tas.6088
scm.8744
taa.5330
msl.46067
scs.16652
ecp.3236
tas.7844
msl.44994
msl.41256
scc.4250
trc.16224
scm.9871
msl.31924
dpy.672
ecm.8599
ppx.3824
fsc.7685
hyn.8722
spe.14919
ecm.1327
tas.2428
scj.12598
spe.12700
taa.4668
msc.670
trc.19906
scs.10359
ecg.3874
scs.16919
msc.3949
ecg.9474
cln.10026
ecp.5152
Fsc.22709
cln.2038
taa.12955
ecd.6272
ecp.4700
ecg.2775
msl.38369
scr.20563
msl.53606
msl.11698
ecm.6741
hyn.3563
ecd.9328
scs.15920
scc.4816
scc.892
cln.5622
scs.13059
scs.597
dpy.9957
tas.9232
tae.1397
hym.8062
taa.3730
ecp.17582
spe.38039
scc.498
msl.45821
scw.20458
fsc.3322
hym.8971
ppx.20067
scr.3044
cln.3558
scm.10170
msc.9418
ecg.7074
trc.7791
dpy.11736
cln.9858
htf.2843
msl.19265
Fsc.1995
opv.11875
msc.9264
msl.52783
Fsc.8974
Taa.3241
msl.21480
Taa.6571
scw.18769
msl.11499
msl.46463
htf.10110
msc.8562
tae.9296
scc.10187
msl.56390
ecp.9296
hyd.4123
tas.2176
msl.25208
ecp.2458
sch.6667
fsc.11451
scc.3826
hyn.788
Taa.1410
opv.15964
ecm.8828
hyd.4986
Taa.907
scw.5537
trc.4457
htf.10250
spe.8704
spe.21590
tas.7005
msc.7506
dpy.13979
taa.185
Fsc.18007
ecd.4514
scj.5095
ecg.2806
scs.17905
scj.11729
scc.11811
ppx.22209
htf.10291
msl.46991
ecm.1790
scw.9771
msl.56059
scj.6749
scw.2301
msl.45939
ppx.33880
taa.11565
ecg.7020
sch.3244
ecp.11566
scs.10546
tas.5364
tas.471
Ecg.7920
Fsc.4235
ecm.8398
ppx.31885
spe.2292
msl.6334
scw.6110
opv.11969
hyn.1417
tae.7839
msl.16765
scm.10968
tae.11122
hyd.907
sch.3858
spe.34506
scr.13657
Taa.3413
opv.8643
sct.18320
msc.5734
Ecg.5353
opv.14552
msl.23678
opv.13044
msl.3988
fsc.14428
trc.10066
dpy.9365
ecp.11005
ppx.32287
msl.4946
hym.780
hyd.6864
spe.19725
sch.11418
msl.19008
ppx.17184
hyn.6705
cln.1602
ecd.5216
Fsc.21089
Fsc.29428
tae.2649
msl.57859
hyn.7327
ppx.25090
tas.10729
Fsc.10871
msl.3285
hym.11408
msl.1619
msl.28468
fsc.13058
cln.9163
scr.2552
msl.11703
tas.9803
msl.28156
scr.3112
msl.40267
htf.9662
hym.5875
msl.48492
hyn.2602
taa.12760
spe.17232
msl.4077
msl.13322
ecp.327
ecg.423
Taa.6133
msl.38619
sch.4836
taa.4700
ecm.9858
taa.2881
ecp.6987
fsc.15117
scr.12034
hyn.10881
scm.5815
taa.1129
tae.972
ecd.792
ecm.2187
scr.10742
tae.5408
fsc.1235
cln.11161
spe.16164
cln.9829
msl.10533
msl.33520
sch.3522
spe.17119
scr.18512
hyd.7497
sch.6977
ppx.6926
tae.2706
scc.9301
spe.8673
ecp.12689
ecp.8852
msl.24273
scc.18565
scr.5203
tas.8514
dpy.12883
ecg.3694
scc.21354
hyd.8150
ecd.1076
ecm.3892
msl.22213
msc.3860
ecp.5467
sct.90
msl.18007
scc.7315
hyd.2598
msl.54141
msl.51921
scs.8290
tae.403
Fsc.2229
msl.57014
tas.3648
msl.19714
msl.41058
ppx.19529
ppx.34382
Ecg.3622
msc.2473
htf.10419
Fsc.2205
Ecg.2671
ecp.9036
tas.11861
ppx.2986
sch.5257
scc.1531
ecd.3098
sct.3907
msl.53510
ppx.27726
Taa.226
hym.11914
msl.55236
tas.10910
scs.5815
dpy.15585
scs.11229
spe.18508
trc.21025
ecp.13840
opv.10123
scj.11169
scs.15333
trc.4793
Fsc.28845
hym.8154
ecm.4872
msc.6011
msl.48683
scw.15443
dpy.1426
msl.24430
msl.3135
ecd.4813
dpy.9192
ppx.10892
ecd.3324
fsc.12282
hyn.1953
ecp.11655
tas.800
spe.37011
scs.14163
sch.5002
dpy.7823
ecp.1282
ppx.8044
ppx.13386
sch.11328
taa.3292
ecd.8448
ppx.24611
sct.8711
dpy.17368
hyn.7648
tas.12463
msc.3637
hyn.7361
dpy.11817
scc.5396
spe.25066
hym.4547
sct.11905
fsc.10209
scm.2512
spe.6273
Fsc.930
Ecg.2899
scr.1509
scc.15094
ecp.14294
scc.5948
msl.37647
msl.23383
scc.10567
ecp.18197
trc.8154
ppx.6146
opv.15494
gys.6394
ppx.28228
trc.10792
msl.23008
spe.3692
Ecg.3673
ppx.2950
taa.5122
spe.30933
tas.2307
hyn.1853
spe.7221
scm.6659
taa.4306
scr.19645
dpy.1020
Fsc.15988
ppx.15964
ppx.3855
spe.2203
ppx.20637
dpy.881
sct.16837
hym.8847
ppx.29022
taa.10239
scr.15619
ppx.780
spe.25001
scr.11880
ecp.7515
spe.6120
ppx.26207
dpy.14808
hyn.4516
spe.37085
opv.4466
htf.4428
fsc.13683
spe.34787
trc.19731
spe.16622
ecg.5590
fsc.9440
scs.2709
scw.14490
Fsc.10887
tas.9758
fsc.13390
dpy.3828
ecd.10776
tas.3489
taa.6696
trc.16788
scw.5817
hym.10504
scw.13358
sct.12978
sch.8944
ppx.11003
sch.4846
ecm.4408
hym.3161
Fsc.21823
Fsc.31495
scw.1986
ppx.36767
scs.18721
ecp.1518
ppx.21836
tas.11625
fsc.5369
spe.37153
scm.54
scr.17352
ecp.2814
tae.6722
Fsc.16705
trc.17865
scw.5071
fsc.4073
Fsc.9740
trc.11909
ppx.25371
scr.21167
ecp.5222
scw.25283
msl.30268
scr.14444
htf.7575
opv.6814
msl.28374
ecm.1378
gys.9899
ecm.10442
scm.9741
ppx.7657
tas.2873
tas.9850
dpy.4152
msl.22968
ppx.11836
hym.10576
dpy.19255
spe.25630
dpy.9668
msl.13310
ppx.28173
scs.6067
fsc.7854
htf.5177
hym.9608
ecd.8488
Ecg.6016
msl.19814
scs.17124
ppx.2798
ppx.19981
scr.22594
scr.1144
ppx.25276
scr.3515
scw.21869
Ecg.9958
sch.7494
scr.14332
htf.3128
dpy.19014
Taa.2526
scc.18205
ppx.20955
msc.4826
Fsc.7760
spe.1525
Fsc.28550
gys.9829
Fsc.10767
cln.11078
hym.9613
scc.23097
scj.2834
Taa.2903
msl.3911
ppx.21276
opv.2072
ppx.19929
hyn.752
scr.6785
scr.19747
scc.5189
spe.22255
spe.30660
trc.16744
scc.13447
sct.17835
gys.1095
Fsc.29182
trc.8292
msl.13863
gys.10311
htf.11335
ppx.37122
trc.22009
ppx.2191
hym.3142
spe.4142
cln.12747
