

fsc.13371
scs.17420
scr.23816
msl.16982
Fsc.18359
Fsc.18816
ecp.1296
sct.11016
Fsc.30919
Fsc.22024
scw.14353
Fsc.4633
scc.13051
Fsc.25826
scr.7322
ppx.23395
ppx.2920
Fsc.3810
scr.4253
scw.5955
Fsc.18428
scc.18083
ppx.5682
Taa.62
Fsc.26233
Fsc.3784
Fsc.11438
sct.19416
scc.17706
Fsc.32642
dpy.1659
ppx.8834
Fsc.32710
scs.2012
scc.9656
ecd.839
msl.57036
scr.11089
scr.13027
ppx.6729
ppx.4671
ecm.2065
scr.9698
scj.4615
msl.29789
Fsc.22293
sch.6031
scw.11227
spe.34910
msl.36614
sct.3825
Taa.318
Taa.8284
hyn.5170
trc.6193
ppx.2527
hym.3393
htf.6036
tae.8899
hyn.11640
gys.6674
Ecg.5783
scr.16953
spe.5184
ecp.617
ecm.255
ecd.9515
Fsc.1441
msl.31048
scr.11905
opv.1609
Fsc.18983
spe.17917
Fsc.30792
ppx.14031
gys.1551
ppx.33140
msl.51191
scw.14772
sch.3589
msl.27364
msl.55032
tas.4539
ppx.8907
ppx.10290
taa.7817
ppx.37132
Fsc.8671
msl.56263
msl.29521
taa.5599
ecp.8002
trc.7137
ppx.25082
ppx.26990
trc.8215
taa.10435
scr.3530
sch.8227
opv.3417
gys.3616
scs.16445
taa.6228
scs.1287
scj.4621
scm.2318
msl.54486
msl.512
spe.27203
cln.10137
ppx.21701
sch.4415
msl.3596
msl.4836
scw.2108
scj.9784
tae.2827
sch.9805
hym.3908
msl.33386
Ecg.2363
trc.18773
msl.45321
dpy.8130
sct.2137
taa.11775
ecg.3894
ecg.585
dpy.7197
msl.3242
fsc.4693
ecg.5168
opv.10964
msl.57853
hyd.8234
scr.6960
msl.10290
msl.33065
scc.8889
msl.14332
msl.24760
msl.42872
tas.7947
Taa.2007
gys.1409
msl.808
tas.4206
ecp.2969
sch.5005
dpy.4210
tas.6019
msl.4500
msl.47993
fsc.1785
msl.30225
gys.7477
cln.2851
ecp.8639
Taa.1281
tas.5553
scc.21349
fsc.72
msl.37976
spe.34267
ppx.14834
ecm.4109
scm.4432
msl.11749
scj.7567
cln.5835
trc.7524
msl.60534
msl.51910
opv.6510
msl.41946
opv.544
tas.1265
htf.4121
tae.12447
msc.2651
scs.18963
msl.57922
msl.52697
ecg.6370
msl.34210
ecd.303
fsc.12863
msl.18626
ppx.6341
msl.36934
Taa.4173
spe.14599
scs.16148
msl.50856
sch.12291
fsc.11667
taa.7345
msl.51273
scc.7043
msl.45424
msl.32365
msl.60398
hyd.6687
msl.54879
tae.11096
cln.2867
dpy.6560
sct.10886
sch.11489
spe.4978
fsc.14097
msl.28701
Ecg.3625
scw.10520
ecg.6645
msl.47784
msl.15876
gys.7428
scj.10675
Fsc.29985
scj.7163
Taa.7801
dpy.2241
tas.4044
scw.5369
msl.15415
Fsc.30954
tae.7818
scr.14518
ppx.12662
msl.50799
fsc.15710
cln.4736
msl.7162
hyd.3264
scs.10317
trc.21727
trc.4417
tae.4805
spe.15943
msl.59619
fsc.1071
tas.4212
fsc.13797
htf.10784
msl.52629
sch.9648
scs.4116
ppx.28483
hym.4629
msl.20659
scm.6033
ppx.7043
scw.7025
hyd.1018
msl.8161
Fsc.1412
ecd.7036
msl.12175
opv.15846
gys.3626
fsc.6
ppx.30140
fsc.1282
hyn.13703
ecg.2727
Fsc.29727
tae.4580
fsc.5557
msl.22043
opv.10168
ppx.13423
scs.15378
Ecg.6972
taa.9597
msl.7189
ppx.10255
tas.4440
tae.11771
ecd.1218
hyn.1500
ecm.2900
msl.28267
msl.14691
taa.5686
Taa.6103
msl.59129
Fsc.325
msl.7053
spe.37922
msl.30655
msl.47311
ppx.26854
htf.7369
hyn.12873
scw.11105
opv.846
msl.60375
fsc.8453
scr.10269
hym.1475
hym.7289
tas.1825
msl.26808
fsc.8528
trc.3027
ppx.26507
scm.10631
spe.26704
sct.7516
scm.2676
taa.4606
msl.55423
scr.18442
msc.10428
scm.8652
ecg.2929
ecp.542
Fsc.1462
tae.11408
scm.4193
tae.1331
scr.19886
ecm.625
spe.38710
msl.59245
dpy.16409
msl.44909
trc.874
msl.60528
msc.7587
htf.4397
msl.43485
fsc.461
opv.3251
msc.9287
trc.13760
spe.5371
cln.10841
Fsc.21602
taa.12290
msl.15625
msl.17086
Taa.2259
scs.13170
scc.2913
hym.7195
opv.3528
tae.8355
scs.16980
ecp.2483
spe.28665
msl.55383
gys.3686
opv.10536
msl.50198
sct.18834
opv.4859
scr.4593
hyd.7314
ecd.2724
sch.11300
cln.11853
msl.6924
scc.11253
ecp.2778
ecd.4092
ppx.17102
msl.26722
taa.4160
hyn.5441
msc.2661
scj.9638
sch.4215
scc.7836
trc.20744
msl.15322
sch.5410
Taa.7878
ppx.4380
tas.1942
scw.16965
msl.42043
Taa.5313
taa.695
msl.26049
fsc.1884
tae.4627
Taa.4347
ecm.5934
taa.4950
tas.7927
msl.12974
ecg.2420
taa.7113
msl.23912
scs.8510
tas.11552
cln.6506
msl.55529
ecp.18166
ecg.5024
scw.22924
ecg.6418
ecp.201
scc.17864
spe.9039
ppx.27192
scj.2445
ecg.392
sct.16566
fsc.2601
fsc.10022
scs.12120
ppx.13813
msl.59060
msc.8312
msl.25385
ecp.3826
msl.7332
Fsc.20043
Fsc.27701
msl.52068
sct.14129
msl.10384
tas.11105
Taa.8680
msl.54547
dpy.3645
ecg.2361
dpy.10678
taa.7689
msl.20131
ecp.14508
taa.7795
cln.6842
Fsc.14670
cln.5365
scs.6660
ecg.6764
ppx.29083
hyd.3630
spe.27045
htf.8499
msc.5718
scs.3984
ppx.19292
htf.1627
spe.10893
tae.1899
Ecg.2337
sch.13036
fsc.10073
tae.7011
scs.12720
ppx.1985
scj.6577
spe.12759
msl.51807
tas.8924
ppx.17169
ppx.724
taa.6966
trc.2491
spe.34415
ecp.1545
msl.45355
scr.20818
msl.7705
hym.7793
scj.3748
Fsc.2168
fsc.10642
msc.6600
ppx.31524
ppx.23997
scw.20627
ppx.29159
spe.27794
ecd.6260
msl.13188
sct.21202
hyn.1097
spe.3036
msl.38214
msl.951
scs.6622
cln.11601
spe.11966
msl.1041
msl.48101
scw.23115
scc.20391
ecp.8936
sct.10998
ppx.14239
ecp.15466
scj.1888
opv.5247
cln.1189
scc.7405
opv.12510
sch.12754
scm.8856
spe.33041
scs.19440
msl.51356
tae.6975
hyn.11001
scj.4708
ppx.17423
scw.21276
msc.896
spe.24809
sct.9056
scc.18201
ppx.9637
msl.3499
ecp.7521
scm.7500
sch.3508
cln.6496
ecd.2863
ecp.10217
Fsc.8948
Taa.7085
msl.22146
msl.25679
scs.2488
msl.16724
ppx.27188
scr.8554
Fsc.13608
tas.6153
scs.2562
trc.1021
sct.21686
spe.13862
gys.8869
msl.15438
msl.31173
ecm.7684
tas.5243
opv.308
hym.8648
taa.3934
scw.25997
sch.3477
spe.879
msl.15782
msl.3426
gys.11238
ecd.10873
scs.19145
Taa.8079
msc.5486
msl.56570
ecg.3248
ppx.22613
dpy.6875
trc.14686
msl.42077
dpy.13029
scs.17933
opv.2535
trc.511
scj.3190
scm.31
opv.77
opv.15778
sct.12785
ecd.6364
taa.7391
msl.25047
msl.22805
dpy.7098
msl.50152
msl.49094
msl.58026
scs.5836
ecm.8887
spe.18192
msl.18064
trc.3323
scs.7514
scj.4371
sch.3401
scs.11503
scr.2993
Fsc.20484
opv.5388
msl.38087
msl.59533
msl.39971
msl.12309
msl.47748
tae.2637
ecm.9813
tas.4784
msl.27175
ecg.4102
ecd.8139
tas.4019
scs.17606
Fsc.25671
sch.5552
ecm.6581
ppx.17445
trc.8900
scs.9838
ecg.6930
ppx.28184
Taa.67
tas.5857
ecp.7544
ppx.19032
spe.763
ppx.32508
hyd.6405
fsc.6608
ppx.28551
opv.11591
opv.13360
scr.2813
scw.19689
msl.14564
spe.20571
Fsc.1180
msl.22624
ecp.14872
ecp.4908
scs.4182
scc.18054
taa.1296
taa.12427
scs.9900
dpy.18510
Taa.816
scr.10166
scs.2711
ppx.32184
scc.4370
Ecg.8385
ecg.4170
ppx.9849
trc.3378
Ecg.4815
ecg.4688
smm.1236
opv.14779
trc.4762
Ecg.6117
Ecg.8951
hyn.1475
scj.10324
msc.1149
msl.12379
ecd.7467
fsc.13851
ecm.4366
sct.11374
scw.7698
ppx.29044
sct.20961
ecm.7719
msl.60115
opv.1694
msl.42650
scw.1974
opv.11634
Fsc.7305
scr.23353
sch.832
tae.9252
Ecg.3274
scr.5718
hyd.9007
fsc.4152
Taa.8852
scs.4200
ppx.31001
tas.8101
msc.5315
scs.2109
ppx.23432
scm.11518
taa.6565
scc.2842
ppx.20203
dpy.10797
tas.3254
msl.8456
tas.6145
msl.14610
scc.8219
fsc.10683
ecd.315
fsc.9301
ppx.22600
taa.4692
scr.15235
hyd.1704
hym.4006
trc.14022
msl.33621
opv.7174
gys.13371
scm.5646
tas.7905
ppx.32497
scc.8904
opv.562
hym.8204
msl.26883
trc.5573
taa.1846
msl.35031
Fsc.14809
msl.52670
scm.7225
ecp.6496
ppx.2465
msl.24211
hym.1133
ecd.7946
Taa.8344
dpy.3370
scs.5511
spe.10588
ecd.3846
sct.17684
fsc.14921
trc.12769
opv.8318
taa.2293
ecp.10680
dpy.19930
hyd.5056
gys.11947
scc.5333
msl.59959
msl.51982
spe.31566
Taa.3722
msl.56045
Taa.7912
dpy.10481
ecd.7326
Taa.4904
msl.25635
msl.19689
ppx.8821
msl.47761
hyn.9701
hyn.3173
fsc.3225
cln.7633
Ecg.4765
dpy.3134
scs.17434
hyn.4958
scw.24326
msl.44082
fsc.861
dpy.3074
spe.10219
gys.7863
msl.7188
scw.1206
ppx.29223
htf.1570
scs.1566
msl.52090
ppx.28869
spe.23307
taa.8518
hym.4852
hym.2263
scs.1785
taa.10682
scc.13978
scr.1726
sct.7546
ecp.194
Taa.3524
msl.59488
opv.14151
msl.13905
scw.11364
dpy.9798
tae.3894
opv.8451
scj.12301
ecd.745
scr.18328
gys.8943
spe.15572
msl.48985
spe.10997
taa.501
hyn.9288
hym.1118
Taa.7770
Fsc.19585
spe.20672
spe.8808
msl.39593
hym.95
sch.11227
scc.885
ecm.949
msl.25024
tae.11986
sch.12096
ecg.5245
sch.9724
msl.23769
msc.7661
scw.22419
ppx.21263
trc.10469
opv.8278
msl.2125
scm.3881
dpy.7939
fsc.15092
scr.13625
ppx.12926
htf.6699
scs.1885
scw.24898
msl.46744
spe.11431
spe.6028
tas.8032
scs.6896
scj.7650
smm.59
msl.52791
msl.48753
scm.9750
ecp.12662
Taa.8709
scr.23607
spe.37139
msl.38006
msl.34440
ecd.976
scw.18896
spe.28879
Ecg.8104
sch.2998
dpy.11563
ppx.30267
msl.40001
cln.828
tae.2875
taa.7532
taa.5915
spe.34775
opv.9847
ppx.33892
sch.2589
htf.6349
spe.27260
Taa.3338
ppx.34678
ecg.7374
msl.37132
msl.24639
hyn.4458
ecg.1642
ppx.5498
msl.20718
msl.23040
hym.7692
msc.5129
Taa.5177
ecg.9596
sct.1630
scr.19497
ppx.20726
scj.5120
msl.30953
hyn.2368
sch.4289
scj.2106
ppx.34040
Taa.9164
opv.8361
cln.5561
hyn.10626
ecg.5069
sct.21286
sct.10179
taa.9844
htf.11530
opv.5665
spe.28223
hyd.393
Ecg.408
hym.7329
scj.2628
scm.5373
scc.19105
msl.19690
msc.5330
scw.8689
opv.1277
hyd.3940
taa.11029
msl.4446
cln.11384
fsc.11830
scm.5786
scs.15632
ppx.34797
msc.4669
scr.21764
msc.6685
sct.5770
sch.9888
scw.912
taa.8182
tas.12683
spe.28755
ppx.23384
opv.14118
gys.1100
Taa.9454
hym.4007
scr.14081
ppx.20768
ecm.10507
scr.23312
msc.5081
fsc.289
trc.19079
hyn.12734
ecm.8515
htf.508
Taa.475
opv.11026
ecd.6216
ppx.37100
taa.11368
ppx.18739
trc.13727
msl.6080
dpy.18665
opv.6285
scs.5425
scc.23177
hyd.10931
spe.3347
dpy.14288
tae.10644
scr.11464
taa.8176
ppx.32282
taa.2207
scc.6125
dpy.17436
opv.7731
spe.25312
fsc.12309
spe.8001
scc.1992
tas.5815
tae.11039
scr.23234
msl.17313
ppx.24586
trc.12190
msl.46804
hyd.5997
opv.9423
ppx.2086
msl.894
opv.15851
ecd.1676
spe.25089
scr.20580
htf.10984
tas.6876
sct.19963
ppx.7434
ppx.23514
taa.11343
spe.7694
trc.744
ppx.10319
ppx.32755
scr.24008
Fsc.4197
ppx.11402
opv.2376
msl.32635
msl.5698
scr.17941
ecm.8833
ppx.4265
scr.5397
ppx.15010
gys.14604
ecm.10596
trc.18031
msl.1859
msl.27686
tas.9996
opv.5565
dpy.15824
dpy.16892
ecp.6745
opv.6842
ecp.18272
hym.1892
ppx.31335
ppx.20436
ppx.28197
ppx.34731
scr.9382
dpy.15094
scw.22993
tae.2388
dpy.19234
scr.20029
scr.21545
sct.21464
tas.7346
ppx.22345
spe.25385
tae.8122
scs.14420
dpy.12017
spe.4843
scc.20948
trc.2319
tas.7316
ecp.11214
msl.7123
spe.21490
ppx.9292
spe.37062
dpy.11635
dpy.10765
trc.8716
ppx.4151
opv.13713
spe.16871
scr.9809
tas.11544
fsc.9805
dpy.12551
scr.7770
htf.5422
dpy.14346
fsc.9985
cln.2871
scc.16042
hyd.5896
ppx.37414
scw.614
ppx.36567
scc.2449
ecm.8716
ppx.7582
ppx.13682
ppx.7284
taa.10245
scw.13851
dpy.18073
hyn.3683
ppx.8166
spe.11147
spe.4428
sct.9408
htf.1496
spe.32809
hyn.13565
scw.12071
tae.599
scw.24405
spe.31016
hyd.1567
ecp.16701
gys.10308
htf.10576
msl.15394
scw.22391
Fsc.4972
Ecg.623
fsc.9692
sct.20967
Fsc.32769
dpy.2625
ppx.13010
scs.11750
scm.7608
msl.13500
Fsc.20225
scr.14015
trc.513
trc.458
Fsc.15514
gys.12457
gys.11137
ppx.11225
Fsc.15829
dpy.4422
spe.18982
ppx.17897
ppx.22966
scc.2565
dpy.15417
dpy.12536
spe.19012
spe.24228
dpy.17814
trc.17739
ppx.18358
spe.27069
spe.29373
