

ppx.16235
scj.1647
msc.9528
ecp.1945
Fsc.3133
spe.18596
scr.1671
Fsc.24265
sct.4693
Fsc.3801
spe.20775
Fsc.15686
scc.10570
ppx.34545
Fsc.12154
spe.7456
Fsc.2748
spe.18095
scr.22415
Fsc.22601
spe.32086
scc.19606
Fsc.5472
ecd.11126
sct.18934
scj.5412
Fsc.16981
Fsc.25773
dpy.16232
tae.2502
scw.9976
dpy.18780
scr.9177
msl.47976
sct.20843
scw.1656
msl.52845
Fsc.25131
msl.43371
msl.43377
Fsc.14720
scj.246
trc.8459
scw.19026
Fsc.14619
Fsc.31126
ecp.8488
sct.2779
cln.2268
msl.58365
hyn.3785
dpy.3203
sct.10501
ecm.1318
gys.15238
ecd.7138
scm.11359
scs.15980
ppx.16420
ecp.2752
sct.8708
scr.9547
tae.7138
ecg.5602
scs.4506
hym.10004
scs.17654
Fsc.25540
tae.3813
trc.5509
msl.12564
msl.13876
ppx.30002
msl.47524
spe.26021
htf.3228
ecm.3057
ppx.31841
scw.18960
hyn.10015
msl.37029
scs.13655
tae.8906
scj.3631
hyn.2299
msl.20640
fsc.5075
tas.2423
ecp.933
scr.9913
ecd.3024
scw.20526
fsc.5134
scs.8031
msl.35787
ppx.28274
scc.9494
scj.11343
htf.7600
tas.4877
trc.10646
scr.6261
taa.2773
msl.32676
sch.3364
cln.6411
smm.323
msl.43047
scr.5430
cln.4522
opv.13563
gys.5569
scc.3105
trc.7715
tae.8687
msl.11477
trc.11600
msl.23773
ppx.30362
ppx.35295
scs.3068
msl.55301
msl.22388
tae.3856
scs.11852
scj.3832
hyn.903
Fsc.1583
scm.7150
ppx.31431
scw.8301
htf.8050
Ecg.3294
dpy.12032
trc.3973
msl.4905
scw.23499
opv.10721
ecp.7611
scm.3543
msl.53680
sch.6965
taa.4740
taa.2913
fsc.7127
scs.4189
msl.18235
msl.46480
htf.8052
msl.29716
Taa.1675
sct.5450
ecd.7916
ppx.3048
gys.12227
tas.5942
msl.51516
cln.11206
msl.29169
hym.975
ecg.9153
scs.11738
scw.5838
ecm.2640
msl.59739
fsc.3317
scs.9081
scc.20613
msl.16182
trc.19632
dpy.3649
trc.9064
hym.5801
msc.2930
fsc.15586
ppx.13766
msl.54693
ecm.9707
ecp.4408
hym.3806
hym.9300
tae.10364
tae.8863
scs.8394
msl.11345
msl.58232
Taa.9150
msc.8671
scs.15432
scw.11073
cln.10548
Taa.6552
ecd.5198
sch.10761
taa.3598
opv.15311
msc.9995
ecd.2739
msl.38285
sct.18965
scw.4054
htf.8659
sct.8193
ecd.2016
spe.29477
ppx.6961
hyn.13335
cln.8331
spe.9542
msl.50466
Ecg.9527
msl.58128
scs.15779
msl.3105
msc.4360
msl.9793
ecg.8773
opv.718
cln.8705
sct.1320
msl.43924
Taa.5302
hyd.5107
spe.11541
fsc.8820
tas.3831
htf.8504
sch.3417
dpy.1116
msc.5844
scj.2774
scm.9822
cln.8818
gys.9825
spe.19709
ecd.2165
Ecg.5085
spe.31287
msl.24927
taa.2974
msl.57930
scm.7275
scw.6237
msl.36490
scc.11023
scc.2978
msl.43482
hym.2387
ecg.5286
scc.3579
tae.10847
hym.4127
msl.39158
ecd.726
gys.1660
opv.14327
taa.5766
spe.4740
ecp.7225
Fsc.7854
tae.5041
msl.23335
ecm.4467
hyn.10180
sct.10446
ecg.4656
msc.3279
opv.11021
msl.52911
scs.17001
msl.29407
scr.18663
taa.8372
ecp.1367
opv.3698
trc.18768
ppx.26050
taa.10731
tas.9259
hyd.10215
msl.9436
ecm.7729
msl.51316
scw.14727
hym.3852
taa.124
ecm.4701
trc.5034
scc.4700
ecg.9425
ecd.4669
scj.1108
Fsc.1258
msl.8337
scs.6041
hym.11618
scw.17228
scc.10557
msl.51878
tas.8937
ppx.17178
hyn.1215
ppx.37175
taa.3651
msl.18551
tae.105
spe.22905
msl.21552
taa.8812
Ecg.4522
msl.43248
ppx.2305
sch.9058
msc.6618
msl.24125
scj.4163
msl.10193
taa.1108
msl.23761
scw.15157
msl.39004
spe.33867
msl.58498
hyd.8386
tas.3543
msc.6271
scs.20190
hyd.4445
scs.11597
trc.11209
msl.48115
opv.3138
scj.8629
Fsc.1097
scr.16826
tas.8251
fsc.12914
scm.929
cln.1198
Fsc.32633
scw.1632
Fsc.13060
Fsc.30224
scs.11662
hyd.4726
ecp.14173
ppx.1182
spe.12150
ppx.16581
tae.2422
scm.11240
ecp.16651
scw.16402
ecm.5303
fsc.13547
scr.6906
ppx.6754
ppx.18318
ecp.8635
hym.4881
hyd.7567
ppx.30702
htf.10376
scs.16336
tae.2733
ecd.3602
scr.2087
dpy.12954
ecd.1274
gys.8759
ppx.37068
tae.5309
dpy.10877
scj.6803
scc.403
Taa.6678
opv.10220
msl.7036
scj.3881
opv.1438
scc.14103
msl.15151
msl.12832
tas.513
msl.17700
ecd.9400
gys.1537
tas.2872
cln.2276
ecg.2286
msl.57022
cln.1775
msc.7791
sct.10541
ppx.27089
fsc.7962
taa.8930
msc.7797
msl.34251
Taa.2202
msl.24234
htf.7246
ppx.25879
msl.15559
Ecg.9271
scc.8288
hyn.7866
scr.5914
msl.56077
hyn.12342
opv.7203
hyn.3927
taa.2274
msl.9136
ecd.5677
msl.48523
ecm.8276
hyn.5838
Taa.8118
msl.18186
cln.11822
ecm.873
dpy.19041
msc.2714
msc.4977
ppx.11960
dpy.12867
sch.11354
Ecg.575
msl.5248
gys.14151
scw.6814
fsc.12145
fsc.3182
taa.8289
ecg.5263
scr.21499
Taa.344
htf.3710
msc.9553
Ecg.2812
ppx.2203
Taa.8251
sct.14352
hym.6630
fsc.4365
tas.8
tae.5598
Fsc.1244
ecm.8651
scs.6073
opv.6399
ppx.29366
msc.1412
tae.11835
msc.10005
msl.24961
ecm.1339
hyd.4537
tae.2951
ecg.1523
gys.10025
tas.2162
msl.58150
ecm.4396
Fsc.8387
dpy.12211
ecp.6505
spe.15299
msl.42694
cln.5
scw.20564
scw.20516
htf.6523
dpy.205
tas.1092
taa.2273
htf.8863
hyn.3832
sct.18103
scj.11275
Ecg.7957
dpy.10386
fsc.476
msl.4308
msl.5256
msl.32708
msl.33828
ecg.5442
scj.4951
Ecg.526
msl.48512
scm.9601
Ecg.9314
htf.2554
msl.21952
tas.7493
cln.4182
scm.5369
gys.10218
hym.596
sct.20159
ecd.4748
spe.35527
ppx.15300
hyn.13098
scr.7188
cln.7316
msl.2067
ecp.3887
ppx.8714
scr.20356
hyd.5871
scs.8472
msl.59916
msl.44873
tae.6610
tae.3771
hyd.7514
Fsc.22243
spe.31899
gys.416
taa.4153
scs.8234
hyn.12994
scw.1779
msl.36824
Fsc.9511
Taa.8689
fsc.6935
msl.43200
dpy.14632
tae.2925
trc.602
msl.40021
gys.15418
scs.9538
Fsc.27014
tae.5562
msl.18044
spe.13301
Taa.5875
dpy.16834
cln.6129
scm.6103
msl.14919
msl.8258
tae.1953
scs.14870
spe.25774
Ecg.7586
tas.4546
spe.12934
tas.12077
htf.8899
msc.1126
msl.33302
scw.15239
scc.8579
fsc.14745
taa.9211
Ecg.6563
msl.45060
Fsc.6885
dpy.5751
taa.12980
sct.11253
ecd.6987
htf.7346
dpy.22
ecm.7676
tas.12648
scs.3419
msl.10213
scs.3882
msl.9289
opv.12872
spe.19295
scm.4396
trc.2098
opv.13451
cln.4868
taa.2424
Ecg.283
ecg.3427
tas.11687
scm.11574
msl.1809
sch.6831
scr.1932
scj.6659
ecg.470
sct.20675
hyd.1971
spe.9659
Fsc.2185
msl.47274
scr.290
taa.12494
Ecg.981
ecd.7643
fsc.2805
Taa.7973
fsc.3605
msl.5103
msl.5961
Fsc.30064
scc.8698
ecd.5040
ecp.7780
msl.13082
opv.11417
scw.17206
scc.11229
scw.18872
scw.22263
Ecg.5821
opv.7579
scr.7946
fsc.2292
scj.12592
spe.12418
hyd.3729
opv.7434
tas.4123
sch.12150
ecp.912
hym.5416
ppx.5027
fsc.3515
htf.4373
tas.2131
Taa.2010
cln.1029
msl.55288
scj.10017
msl.18651
trc.12088
scc.8080
taa.4307
msc.9304
msl.10347
ppx.26262
cln.11635
ecg.654
scc.11453
htf.2933
ecg.1605
scw.23920
sch.12505
scc.3126
msl.48619
ppx.5345
msl.34225
msl.36410
ecp.16214
ppx.37655
ecp.12276
sch.3766
ecp.8382
trc.16432
scw.20393
tas.1177
fsc.7301
dpy.18308
hyd.3112
ecd.6852
tae.4734
tae.11621
sch.3230
scw.4966
msc.3336
opv.12984
tas.400
spe.9594
ppx.14142
sct.15096
sct.7511
scs.6174
fsc.12841
msl.22171
Taa.8710
scj.12544
scr.16459
scc.17012
ecg.8602
msl.58115
dpy.2512
msl.38781
msl.35522
hyd.10295
scs.16194
msc.1929
scs.9953
ecg.6818
sch.5606
ppx.26084
ecg.8223
hyn.6424
ecd.10359
msl.32570
spe.22709
Taa.2115
scr.8399
ecp.3972
tae.98
ecg.7383
scw.6074
scc.11428
hyn.4467
ecp.14482
ecg.3253
msl.60126
ppx.18582
tas.8317
fsc.7948
msl.13229
scs.17909
scs.16284
scs.1087
Ecg.5616
sct.6785
scs.7051
Taa.8554
Taa.9032
ecp.2231
Taa.1302
opv.3455
msl.45931
hyd.1582
tae.11807
Taa.10182
cln.11107
cln.1411
cln.9222
taa.9854
tas.9723
msl.44214
fsc.11217
ecm.10448
sch.8692
spe.4859
dpy.9946
scs.5402
gys.14448
hyd.6506
fsc.4498
dpy.9948
sch.1764
dpy.6983
tas.12043
spe.12696
msl.42738
msl.48359
msl.28315
htf.7162
Ecg.996
hym.7796
ecp.14905
opv.14558
ecg.8271
msc.1831
msl.13118
fsc.14420
sch.3436
trc.19312
msl.12556
ecg.6293
ecd.4587
ecm.8933
dpy.10901
msl.55026
scc.5887
tas.2923
sch.3834
msl.54607
msl.791
tas.9524
Fsc.17171
fsc.11052
hyn.3341
msl.59260
scr.10508
ecd.6616
opv.7933
ppx.26140
htf.1487
msl.15295
ppx.6232
ppx.25113
sct.3801
taa.1539
htf.11561
scc.13291
ecg.4353
cln.12877
Fsc.14041
hym.9039
sch.12879
cln.10102
Fsc.7972
tas.9995
msl.43059
Fsc.33182
sch.1696
tae.6122
spe.15687
hyn.7468
htf.7586
ecp.15403
sct.22475
scm.11671
Ecg.863
tas.667
msl.50591
tae.8320
msl.29019
fsc.961
msl.3259
dpy.5728
spe.7304
ecd.799
hyn.4648
msl.20902
sct.15756
ppx.333
tae.6778
ecg.9093
msl.54282
msl.315
hym.1457
cln.3199
Taa.5916
ecd.2250
ppx.30778
ppx.29640
htf.8093
msl.58080
htf.11412
spe.11858
trc.10807
taa.8685
scj.6796
scc.1639
ecd.5341
tas.11488
tae.1625
Ecg.10211
tae.9639
spe.37361
ecg.5752
hyn.10788
ecm.6531
trc.5918
tae.7514
msc.7801
dpy.7046
tas.9903
spe.9349
msl.31746
tas.8626
ppx.416
sch.11948
tae.5139
msl.28853
hyd.7366
trc.13747
tas.11025
scs.18975
hyn.6762
fsc.7187
trc.1943
Fsc.3985
ppx.9323
ecm.4907
msc.6166
msl.43440
scm.3769
msl.54014
htf.3621
taa.11333
spe.35550
msl.53519
tae.6797
dpy.1670
Fsc.217
spe.39458
taa.914
Ecg.3236
msl.15024
trc.5732
msl.54846
msl.32623
ecm.6736
opv.10124
trc.6200
scr.11081
msl.32789
scs.847
hym.9202
msl.25086
msl.38827
msl.39905
msl.36814
msl.59281
cln.10198
scj.1561
fsc.6187
msl.35860
scs.15303
Ecg.10127
ppx.19893
ppx.5524
sch.12854
fsc.4891
ppx.32438
trc.4290
spe.30542
ppx.16169
sch.9005
spe.26494
ppx.31791
dpy.12501
Ecg.5542
msl.4810
msl.17320
Fsc.13546
tas.9443
scr.2125
scc.11179
Taa.9939
htf.11237
dpy.17138
scm.8913
msl.30618
msl.26653
gys.10155
spe.12591
ppx.11347
gys.8985
tas.12416
taa.5030
ppx.27096
spe.5506
hyn.6897
sch.10059
Fsc.11808
scs.4125
scr.9249
msl.14397
gys.8307
smm.3376
taa.4808
scc.5366
sct.4445
ppx.27431
Fsc.18455
scc.6515
spe.11031
cln.12806
ppx.33062
ecp.7033
hyd.8756
htf.7400
ecp.4736
taa.11099
scm.8914
spe.31252
tas.4310
spe.1358
sch.2279
Taa.7603
hym.12116
scs.1907
scw.24447
scj.3075
tas.5887
scs.471
scj.2073
scs.8868
Ecg.3042
tas.10554
tas.10593
sch.7856
spe.27406
scw.6135
tas.7581
spe.12426
sct.20663
scm.6481
scr.22784
spe.7468
ecd.880
Fsc.12461
ecp.9087
spe.37697
scr.5452
msc.7404
sct.9006
scs.18230
ecg.5049
scs.9936
ecm.5268
Taa.6351
spe.37892
ppx.607
sct.14936
tas.587
taa.7048
spe.3913
scw.25954
ppx.35544
ppx.11434
ecm.2192
scm.10545
spe.19471
Taa.9973
dpy.1497
fsc.9909
spe.15663
tas.6267
ppx.18173
ecp.10463
spe.37988
spe.27571
dpy.5792
hyd.3172
tas.5168
dpy.11482
ecp.906
scw.11744
taa.13023
tas.12677
ppx.4273
htf.2013
ppx.13748
ppx.679
ppx.35739
hyn.3140
Fsc.8599
trc.8618
scc.3391
scs.17682
spe.32473
Ecg.3802
tas.6656
taa.11805
taa.10667
htf.5804
spe.36296
scc.7655
sct.21970
ecd.5969
sct.13391
dpy.18984
scw.18836
spe.15600
gys.1325
msl.17739
scs.3511
ecd.8996
ecm.9626
spe.8800
ecp.18288
trc.8394
ecd.9658
scs.20205
hyn.1094
scs.1086
ecm.1935
taa.3285
msl.60229
ecd.3095
Fsc.31686
ppx.1492
tae.9895
scr.510
ppx.5612
sct.2504
tae.7172
fsc.8324
scc.5078
ppx.20272
ppx.7517
ppx.34141
fsc.11716
scc.18901
ppx.24260
sct.21527
scw.18211
scr.3078
ppx.9272
ecp.1380
ppx.27249
spe.28247
msl.16995
msl.33046
spe.35880
ppx.17317
trc.6131
scc.5485
Ecg.1444
ecm.8269
fsc.12382
ppx.2788
gys.3642
ecp.3429
Fsc.23999
trc.11325
scj.8933
scc.10168
scr.8425
ppx.13083
ecp.16866
scr.11903
dpy.13961
ppx.31825
ppx.14783
scw.20299
scw.2827
