

tas.12990
Taa.9801
msl.13804
Fsc.2875
scm.8967
sct.12913
Fsc.10407
scc.3219
trc.111
scw.13057
Fsc.28520
scr.19227
scw.20445
scw.7345
spe.13507
Fsc.26711
scr.21999
Fsc.31382
trc.21335
hyd.1109
Fsc.26137
ppx.31843
Fsc.26437
hyn.6604
scm.4748
scr.3102
spe.32435
scm.10349
Fsc.4262
spe.18847
smm.2818
ecd.2584
Fsc.27031
Fsc.33311
ecp.1674
tae.1215
msl.11873
dpy.19502
scw.15981
htf.3941
dpy.14147
Fsc.11597
scc.909
scw.8254
scr.668
scm.10147
scr.3620
hym.7064
Fsc.2048
Ecg.2789
scw.25762
scw.25246
sct.9792
scm.4457
spe.4393
ppx.34672
scc.19395
scm.11207
msl.56789
ecg.4192
Ecg.522
trc.1425
spe.21662
spe.29599
dpy.16564
trc.6008
ppx.4965
msl.17720
tae.8046
msl.38442
cln.8587
Ecg.8434
sct.15865
scs.8566
scs.7359
trc.19651
ecm.7499
ecd.9582
msl.24109
hym.1503
scs.6704
fsc.15343
opv.13382
hyd.9074
msl.47118
hyn.11218
hyd.10369
msl.59498
ppx.30529
ecd.5503
fsc.14262
Ecg.7463
scw.3077
dpy.4856
fsc.10582
msl.12165
msl.28262
scw.21496
fsc.8950
msl.23615
msl.23024
msl.48504
trc.12647
cln.7211
tas.2677
opv.2939
tae.8697
dpy.11406
spe.12257
scm.10747
tas.6327
cln.10616
tae.7687
msl.34913
msl.34290
sct.7993
msl.38606
spe.2257
msl.28643
taa.7700
scr.23702
tas.1098
scw.14869
msl.34544
spe.13137
hym.6794
msl.11144
opv.7886
msl.37318
ecm.3245
scr.11402
msl.40305
ecg.7054
msl.30749
htf.9974
scs.39
ppx.6451
taa.9820
cln.1933
scc.9899
scw.7683
msc.8115
msl.6603
msl.16437
msl.34778
ecd.1966
ecg.1413
dpy.12006
ecg.7942
msl.41139
ppx.8061
spe.13991
tas.10724
dpy.11155
msl.34329
scs.7086
scc.19736
sch.11109
hym.6768
msl.55367
hym.155
opv.10289
ppx.17220
ppx.37439
msl.39034
Fsc.12740
Taa.1602
cln.6117
msc.1502
scw.10326
tae.10895
ecg.2463
ecd.9377
msl.445
msc.7418
smm.3642
msl.14765
scr.19331
gys.3545
msc.4048
fsc.12901
taa.12645
cln.420
scr.12501
scw.7232
scs.2941
scw.7071
scs.17488
tas.3607
ecd.1645
sct.12307
ppx.3121
fsc.2520
ppx.28214
ecm.8783
ppx.18404
ppx.8736
dpy.18279
hyn.9274
scc.8317
spe.5948
hym.2945
scs.14202
hyd.8653
hyd.9930
ppx.1606
scm.4603
Taa.7606
scw.2970
Taa.9437
msl.38815
msl.16749
ppx.18760
sct.21997
taa.6817
ecg.10055
ecp.992
msl.1979
ecd.441
fsc.10487
scr.22969
msl.16337
Fsc.2882
ecg.8848
cln.5595
gys.2772
msl.42541
smm.2383
tae.11857
fsc.2773
ecg.3096
ecg.6203
scj.5204
tas.3691
trc.5566
taa.7107
opv.1848
spe.403
scm.1918
tas.10330
scr.14043
ecg.5136
trc.10340
fsc.14268
ecp.3529
htf.9926
cln.12545
msl.59243
msc.1060
htf.8488
scr.18266
scs.14189
cln.8137
msl.27894
scj.2145
scc.10628
opv.2772
opv.8329
ecm.4165
msc.8762
trc.2951
msl.48531
ecm.8240
cln.8541
taa.2766
scm.2721
taa.2496
hyn.8620
taa.2627
msl.23311
hym.7946
ecd.9733
hym.5015
taa.4131
ecp.10324
msl.1880
hyn.843
ecg.415
Fsc.10522
ecp.16223
msc.4396
ecg.922
msl.36958
spe.213
cln.9691
htf.4764
fsc.1593
hyn.13673
htf.6467
opv.9447
trc.6789
ppx.25234
Ecg.6370
scj.8428
trc.14057
msl.3450
msl.48479
ecg.2229
opv.12712
tas.615
sch.7781
Ecg.1499
scc.3689
ecm.10171
dpy.5558
ppx.18981
spe.34467
taa.1928
ppx.27141
scc.12358
scm.7972
msl.12084
scw.15341
Taa.4273
taa.746
spe.20891
scm.1472
ecp.5133
trc.13457
scs.6449
msl.50120
scr.16177
spe.2215
Taa.5622
ecg.9221
dpy.11938
ecd.8327
msl.10325
tas.11164
hym.10895
scr.114
msc.1286
spe.24192
msl.5755
fsc.11159
msl.34952
msl.3617
Fsc.30835
ecd.6716
Ecg.9984
taa.5361
scr.17496
hyn.566
scj.2993
sct.6755
scc.17344
hyn.6127
scc.13329
scw.10098
sch.526
trc.12197
tae.5963
scr.20615
scm.4253
msl.22479
scj.4690
scw.24076
ecg.123
trc.1718
Fsc.31403
htf.5749
gys.2360
gys.7298
msl.266
scs.3293
scj.2605
msl.22151
msl.9006
scm.4960
htf.7123
spe.30153
Ecg.8645
htf.8757
scc.20376
msl.5510
ecg.5238
ecd.450
msl.58818
scm.7865
hyd.7644
msl.39373
msl.36674
ecp.10788
htf.8641
msl.51451
ecg.7622
ecm.8848
hym.5646
ecm.7988
scj.5237
ppx.2681
msl.28055
Ecg.249
taa.5186
sch.7799
ppx.27866
taa.5464
msl.59351
Fsc.12115
msl.33311
tae.1330
taa.1947
spe.22414
spe.32557
Ecg.6555
hyd.11149
ecp.18414
hyd.3885
taa.2338
Fsc.1406
Fsc.18446
Ecg.7503
hym.8005
msl.22297
msl.51237
sct.14082
trc.9933
ppx.26304
trc.16844
ppx.14642
sct.19407
ecp.10701
trc.10313
tae.7108
ppx.13439
opv.14739
tas.8375
htf.4167
scw.4194
msl.16400
hyn.7495
ppx.32672
ecp.2545
Taa.3993
trc.11623
msc.9077
sch.1233
ecp.12237
msl.35210
cln.3651
cln.6778
fsc.6817
hyn.10704
taa.6837
spe.33933
ppx.26825
scm.10136
hyn.12801
ppx.24995
msl.41223
taa.9996
Fsc.4662
Ecg.7744
cln.10740
taa.3945
msl.20227
scc.20700
msl.50333
gys.3332
msl.58055
scj.11698
sct.2464
trc.12132
opv.13888
Fsc.1172
ecm.7265
ecp.14841
ecp.4910
Ecg.9884
opv.1363
scr.14465
msl.4750
Fsc.12417
ecg.7187
ecp.8978
cln.1376
dpy.5383
ecp.3874
sch.12389
scr.13116
ecg.8144
ppx.9428
scs.8433
taa.10015
Fsc.7913
dpy.19094
spe.25706
ppx.31653
scr.12592
cln.11938
dpy.1315
scc.19187
Fsc.8021
msl.45392
ppx.22478
sch.5140
htf.4564
htf.1545
sct.19158
ecg.7882
scw.19123
ppx.18017
scs.18316
scm.7886
taa.11301
msl.15263
msc.7948
dpy.8947
tas.3455
htf.7182
fsc.9020
hym.8826
scw.22056
Taa.9254
scs.13852
msl.2731
trc.18579
hym.2963
scj.11429
msc.3382
scj.11138
msl.52886
ppx.29660
scr.17500
cln.6379
sct.14715
fsc.6479
ecg.813
scr.4324
msc.8513
ecp.14819
tae.693
msl.5522
taa.1268
msl.47222
tas.5547
ppx.10164
hyn.1318
ecp.6211
fsc.823
scr.17218
opv.12357
scj.2051
msl.45654
Ecg.2355
dpy.2440
ecm.8440
hyn.7587
ecd.3385
msc.1225
scw.22764
fsc.8177
spe.26059
msl.19777
scs.4397
ecg.7216
opv.12062
scw.20643
sct.1170
sct.22405
ecp.4223
hyd.3753
tae.6415
msl.14085
dpy.10609
msl.43836
hyd.1034
cln.1050
scw.24345
scj.5473
spe.7934
opv.15247
fsc.13090
msc.862
htf.10809
tas.4354
spe.8114
sct.16126
opv.1125
fsc.9135
sct.9564
ecd.7290
ppx.28619
scj.1635
hyn.9569
tae.11275
Ecg.6991
ppx.16634
msl.18337
tae.3382
ecm.10518
spe.32623
msl.15657
opv.7484
spe.29172
tae.10016
taa.13033
ppx.18893
Taa.6122
hyn.9696
opv.14018
htf.8344
Fsc.11503
ecp.7113
msl.41592
hyd.3976
ecg.6547
hyd.7125
msl.39272
scc.18263
msl.60312
hyd.8906
sch.12489
msl.47542
ecp.10166
trc.14919
spe.7752
msl.14024
scj.9165
htf.7197
spe.25402
msl.55971
scw.18798
ecd.4909
ecm.1057
Fsc.30217
trc.3331
hym.7101
fsc.13416
ecg.351
msc.3943
ecm.394
scj.12337
scc.8739
msl.45951
ecm.4608
opv.9854
spe.37821
scj.6605
tas.567
Fsc.1812
ecd.2630
ecd.8306
hym.11855
ecp.18550
fsc.2319
msl.54502
msl.40591
tas.7077
cln.4509
trc.19149
taa.5488
ecd.6598
ppx.31368
hym.3237
Ecg.9306
scw.10744
tas.3830
Fsc.11079
scs.6633
dpy.14073
scw.16699
opv.14040
msl.3882
hyn.1766
scw.11673
ecm.5087
scs.15602
scm.10178
msl.2073
tas.8798
scw.17779
trc.15042
hyd.5807
hyd.485
hym.5954
spe.8115
scs.18401
cln.8282
hym.8465
tas.659
taa.9380
scs.10764
scj.3948
scc.22447
msc.2606
hym.1824
ppx.8004
msl.29772
msl.56988
ppx.21453
msl.43271
cln.12620
dpy.15199
Ecg.7370
msl.24154
msl.49324
Fsc.21404
ecm.5073
taa.3738
ecp.2125
msl.1772
sct.1676
spe.11980
taa.1659
msl.12521
msl.910
trc.4459
fsc.13405
opv.13268
msl.40525
sch.12914
msl.56507
scw.23971
taa.6725
msl.22720
msl.55997
Ecg.1985
tae.2694
ecg.3779
htf.3209
taa.8237
msc.1137
scm.23
msl.46999
scw.8795
taa.12831
msc.3114
Ecg.8415
scs.11395
scs.18258
spe.20414
scr.5054
ecp.11378
scw.22095
msl.47454
dpy.505
scc.6821
scs.10958
scc.20680
hyd.2220
Ecg.9756
ecp.2724
msl.19806
ppx.5208
Fsc.7626
taa.1897
msc.9113
scc.2812
sch.12661
cln.11401
scm.300
hyn.11868
scs.3694
tas.9260
spe.1479
msl.55348
ecg.9626
msl.50630
msl.11243
spe.25209
Ecg.3353
Fsc.27873
cln.9351
scj.442
tae.12334
spe.36327
fsc.11329
msl.54239
taa.12136
msl.48424
cln.13274
scs.7576
dpy.5880
ppx.20894
scj.9610
ecd.1531
scc.16229
hyd.5647
scw.13065
smm.2666
tae.1595
dpy.8116
fsc.3489
msl.7726
Fsc.5679
Ecg.8671
ecg.3664
taa.6397
gys.6653
trc.1564
msl.35931
opv.7878
hyd.740
scr.5024
hyn.11110
scw.13348
scr.13134
ppx.12630
ecd.9487
msc.8066
ppx.23387
hyn.9956
ppx.12115
hym.4496
sct.4301
gys.478
scs.4303
scc.10486
dpy.19132
Ecg.5988
ppx.4401
ecp.6475
scj.7046
msl.20043
hyn.7165
msl.16418
scr.21442
ecm.1707
scs.5502
msc.10315
Ecg.120
sct.8212
hyn.1910
ecm.3273
hym.4605
ecm.3399
hym.1397
taa.12481
fsc.10021
gys.1431
tas.5304
tas.411
spe.26019
gys.14506
fsc.263
hym.2215
msl.33486
fsc.14054
fsc.7353
hyd.7218
msl.19623
ppx.8848
ecp.8859
taa.7936
msl.31125
msl.13958
msl.43885
scr.6690
cln.175
ecm.7173
cln.7420
dpy.10136
spe.23145
ecg.9942
scr.22460
msl.28785
ppx.33235
spe.10606
Ecg.1276
dpy.5165
scc.23371
msl.51929
taa.2349
hyd.10594
trc.10983
scs.11319
msl.10853
Fsc.20470
gys.10048
ecg.7231
hyd.6302
msl.31693
msl.18344
Ecg.8036
Fsc.24537
gys.6910
msl.49272
msl.5322
htf.4584
ppx.112
scw.20418
ecm.555
msc.8686
tae.11160
ppx.24266
gys.3668
scw.22763
msc.3368
msl.44387
msl.36189
scr.13192
trc.18232
scs.13418
msl.35161
dpy.58
msl.46691
tas.3066
tas.1280
ecd.1598
ppx.6974
ecd.9298
spe.21822
hyn.297
msc.6832
scj.5055
opv.192
Fsc.12922
fsc.6964
msl.10083
tae.2397
sch.12970
opv.13116
taa.5213
msl.38872
fsc.11308
gys.11912
trc.5623
Fsc.27763
spe.6919
sct.2747
msc.8959
taa.11783
fsc.13957
Ecg.7298
scc.2098
scj.3616
tas.5264
scc.22511
Fsc.24695
msl.35378
ecp.11331
sch.2384
dpy.13490
spe.2057
scs.2294
sch.4542
dpy.14270
msl.6384
trc.10119
Taa.6251
tas.1719
msc.677
scc.10474
ppx.12444
tas.2006
spe.32987
tas.9527
sch.11648
Fsc.24904
tas.12981
scc.9729
tas.8999
msl.58632
hym.10231
msl.23228
dpy.19142
msc.2318
ecm.2337
sct.17607
htf.2616
scc.12482
scr.13401
sct.18345
taa.8974
taa.3331
ecd.2898
ppx.30462
ppx.10620
scr.5333
ppx.23484
sct.21071
trc.15437
scs.17655
tas.4058
ecg.3475
cln.3801
tas.6709
ecm.4038
opv.12714
fsc.15653
ppx.36621
spe.8823
scs.513
scj.1993
scs.10617
msl.13427
scc.17936
scs.12743
gys.9878
scc.18996
trc.2884
sct.2361
ppx.36223
ppx.17809
ppx.9735
scr.1029
opv.9375
ecp.917
fsc.6910
taa.8690
sct.4268
scj.11311
spe.35763
msl.43653
ppx.24514
scr.4054
taa.6718
tae.3980
trc.14053
tas.11582
sct.10248
gys.13405
tas.7903
scr.5507
ppx.23426
ppx.19741
scr.22330
ecp.16
taa.11224
ecg.8595
scw.21917
Taa.9112
ppx.26568
sct.5458
gys.5639
sct.12207
scr.2215
ppx.11456
dpy.9743
Fsc.9630
spe.24925
msc.8592
Fsc.24968
Fsc.5528
tas.12997
Ecg.9704
scm.2099
Taa.9686
ppx.5007
Fsc.13023
Taa.8078
msc.10187
ecd.516
ppx.35659
sct.2221
spe.19637
scj.3891
ppx.6191
msc.7908
opv.10722
ecp.18196
gys.6304
spe.32432
opv.11513
htf.8213
hym.10405
scc.9208
msl.33024
scr.18956
ppx.21290
scw.24975
ppx.10859
ppx.30357
tae.3665
spe.17462
hyd.10190
hym.11829
dpy.4109
smm.110
scc.9582
cln.13331
spe.15047
ecm.4278
ecp.1911
dpy.17029
hyd.4070
taa.4375
ppx.14055
scw.14764
tae.10035
spe.20214
ecm.2173
tas.9777
opv.6916
scw.24182
cln.3679
scw.395
sct.4220
tas.10871
trc.7888
Ecg.7042
dpy.13008
hyn.3990
hyn.7197
msl.58711
sct.20865
tae.7490
tas.7805
Fsc.12201
scw.25805
spe.14215
spe.17847
sct.1229
ppx.30958
scr.8357
trc.271
opv.11397
scs.15121
fsc.9044
scc.16495
ecd.10806
gys.14540
smm.3415
scr.20865
trc.17717
taa.5814
sct.5297
scw.14237
sct.15563
scs.211
ppx.20296
