

dpy.3123
sct.17899
trc.3529
ecd.6576
Fsc.21235
Fsc.27808
dpy.16954
scw.7289
scc.18489
gys.12592
Fsc.32838
Fsc.33264
spe.26992
Fsc.22471
spe.37376
Fsc.19635
Fsc.9327
scc.3584
Fsc.12928
sct.9506
Fsc.11366
scw.7209
Fsc.28890
scr.14790
spe.10203
Fsc.13438
gys.2393
sct.20370
sch.5852
Fsc.21854
dpy.17075
spe.31159
scm.10343
tae.8875
scr.19266
Fsc.8892
scc.15151
scr.2829
sct.20655
msl.14183
spe.6756
Taa.2709
Fsc.5073
ppx.36933
Fsc.4180
ppx.8148
Fsc.5467
fsc.5831
scw.1055
msl.22242
sct.9075
scr.1291
spe.36739
scr.22474
hyn.9317
ppx.10298
ecp.16273
ppx.5081
ecp.18282
gys.5125
spe.14397
scw.23329
scr.24035
ecp.18116
Ecg.7253
sch.1519
ppx.21833
spe.31153
scj.10326
msc.7086
smm.114
ecd.8377
ecm.1208
sct.14886
ppx.31865
Ecg.8061
dpy.3984
scc.4274
msl.57759
sct.3385
scs.6007
ecg.10049
hyd.6854
msl.9339
hyd.9998
htf.5167
scj.10861
scr.18006
trc.11962
fsc.3108
dpy.4321
scw.16519
fsc.9227
opv.12590
ppx.25858
msc.1032
dpy.1781
opv.1569
taa.3403
msl.18727
spe.3373
ppx.19244
msl.59045
scc.1869
ecg.9109
ppx.34934
ppx.8797
gys.12402
Fsc.15385
spe.2733
sct.8791
msl.31323
hyn.9944
scc.13628
msl.29187
sct.3646
msl.18204
cln.2961
hyn.12836
ecg.8584
ppx.22772
sch.12082
sch.1720
msl.30296
hym.8003
ecm.8191
Taa.9088
dpy.15847
scm.3703
msl.54075
ecd.8957
msc.10306
tas.1114
tae.964
scc.7829
opv.384
hyd.9727
msl.6890
hyn.10689
msl.37298
cln.12295
scm.7059
tas.2847
msc.7337
trc.10964
scc.6985
Fsc.13879
scc.3218
tas.8554
fsc.13775
opv.1355
trc.11916
scj.10549
ecd.7482
tae.10756
scw.24197
opv.7400
htf.1759
tae.5765
ecd.1922
hyn.9009
ecp.551
scc.17996
msc.1903
msl.40018
msl.32450
spe.20666
scc.10194
dpy.4902
trc.8981
tas.3001
msl.28110
gys.9930
Taa.6320
fsc.9356
sct.4890
hym.4868
tae.5102
msl.43012
spe.26005
msl.19701
ppx.20309
tas.7731
msl.20708
spe.38209
msl.48088
scw.19914
Taa.2240
hyn.1764
opv.8701
ppx.34593
ecg.7459
msl.30341
msl.60160
spe.27685
ecd.6332
ppx.10208
taa.6982
ecm.3893
htf.1589
htf.9728
msc.8480
spe.30532
hyd.284
scc.8002
sct.8608
ppx.19652
spe.36014
ecg.3389
msl.26866
msl.50920
ppx.37243
hym.11171
scw.16059
hyd.889
opv.5102
fsc.5302
dpy.14790
Ecg.8654
tae.2665
msl.25798
scj.1904
spe.29690
ppx.3011
msl.55363
tas.3270
hym.5421
scm.9424
sch.5580
Taa.4659
Taa.9749
spe.9812
msl.56790
ecg.5618
msl.29211
ecm.5906
tae.3629
tas.8662
scs.8835
ppx.27536
gys.5016
msl.36228
ecd.8229
scr.3235
gys.10007
Taa.2518
trc.5169
fsc.8055
spe.26772
msl.31581
dpy.2758
opv.3879
tas.12232
scs.15147
trc.3600
ecp.2550
scw.16618
cln.1075
opv.9301
scr.11597
ppx.23796
opv.3421
msl.59050
opv.15458
msl.3346
scm.6895
hym.12294
ppx.22346
ppx.32100
msl.40206
taa.3017
sch.4793
tae.7177
sch.4427
scc.5864
tas.8304
cln.8568
msl.28759
Ecg.3653
spe.24918
ppx.32682
Fsc.4630
opv.2522
ecg.2888
msl.24298
msl.16663
ecg.6713
ecd.1390
gys.3754
cln.8774
fsc.3352
Ecg.4895
scj.7210
hyn.1936
ecd.9007
Fsc.17442
sct.15738
msc.5682
ppx.8758
scw.11010
scr.3741
Ecg.4220
msl.17963
ecd.7205
opv.11847
cln.8257
sct.6549
scw.19353
smm.3833
msl.51759
Taa.8729
opv.8838
tae.10392
Ecg.3194
gys.9455
msl.30762
Taa.7777
ecp.99
spe.21340
Ecg.3016
spe.27086
msl.4761
ecm.10628
dpy.4681
tae.2857
msl.29988
scm.5770
scc.12308
scs.8137
opv.15918
smm.2438
ecd.2796
scm.668
spe.30677
ecg.3320
Fsc.12798
Ecg.236
hyd.4088
msl.32775
msl.13359
msl.12972
msl.22773
scr.1949
msl.18941
Taa.7705
scc.8530
gys.9482
opv.9046
msl.17531
ecg.7425
spe.13004
scw.189
ecm.8617
htf.10579
fsc.7365
ppx.6544
hyn.7535
dpy.2870
ecm.8796
sch.813
sch.13054
cln.1446
hyn.9202
spe.38080
Ecg.6858
spe.33788
scj.7687
Ecg.9768
msl.58548
msl.52195
sch.1618
fsc.4577
msl.711
gys.1362
sct.8811
cln.2330
msl.36831
scc.13058
scr.13859
Ecg.7029
htf.5705
msl.32123
ppx.17568
opv.1736
taa.11905
msl.14777
msl.30632
msl.46027
scc.16709
fsc.5641
tas.9885
ecm.10577
cln.2702
msl.23893
msl.51955
scr.4361
msl.47504
sct.11168
scc.6931
msc.2129
msc.6883
ppx.4318
msl.24910
scm.8531
scr.1712
Fsc.20365
Ecg.5538
ecg.3792
msl.24897
msl.35512
cln.11160
dpy.4605
scj.6210
scr.13155
taa.12811
tas.3253
trc.1532
ppx.8222
msl.45917
ecm.5626
gys.7366
ecp.2903
ppx.7897
hym.2826
trc.6233
tae.3041
msl.38248
tas.4873
ppx.33789
Taa.647
spe.24006
ppx.37208
msl.46310
msl.26777
scj.918
tas.414
Taa.1232
Taa.2113
scs.7920
msl.11304
scs.17991
hyd.2218
scw.6383
msl.22317
taa.1259
ecm.5750
Fsc.9564
scs.11839
ppx.5969
scs.316
cln.4068
cln.9378
msl.24068
ecg.6924
fsc.10898
hym.6343
scm.4563
spe.38064
gys.6668
scs.5514
Taa.6273
scc.7640
msl.13846
ecg.3486
opv.9188
dpy.5542
hyn.5208
spe.3897
ppx.20213
hyd.3738
msc.9611
spe.38311
Taa.5541
hyn.10417
Taa.3761
taa.775
cln.11753
taa.190
msl.5822
msl.30031
scw.4237
sct.5479
scs.11719
opv.13009
Fsc.32586
scw.22675
msl.31752
sct.9497
msl.49758
gys.10130
taa.481
scs.10436
opv.15039
scc.20582
ecp.15799
ppx.27805
hyd.8740
msl.25006
hyd.209
msl.39982
msl.4357
scr.370
tas.5409
msl.20021
msl.52508
dpy.10353
trc.13568
hyn.11576
gys.3712
tas.12174
scr.5359
ecp.2272
msl.7217
scr.4595
scs.16631
gys.4281
msl.12493
htf.5052
taa.1699
ecm.7929
msl.4114
scs.18832
msl.33546
ecp.13837
ppx.14178
ecm.7883
msl.38793
ecd.4060
Taa.3250
msl.33511
sct.21014
hyd.9895
ecg.6669
fsc.14794
ecp.13095
hyn.2807
sct.18284
scm.8613
scj.9592
Taa.6197
sch.2153
scr.10651
msl.13879
ecm.10245
gys.3070
scj.1039
taa.5930
msl.42523
sct.9221
opv.15951
dpy.3792
fsc.11367
msl.15785
sch.2931
ppx.2693
opv.5808
scr.151
ppx.31606
tas.7012
msl.18424
htf.108
taa.5907
msl.22734
scr.13910
spe.35702
trc.15592
tas.5783
hym.501
tas.5866
msl.1996
Taa.2941
Taa.4121
htf.4
opv.10914
spe.14979
Ecg.6282
scm.8902
scr.12104
ppx.28223
htf.5048
scm.7747
htf.9241
ppx.21679
htf.6030
scs.11205
spe.8860
msl.18190
ppx.15134
scc.9651
msc.7704
taa.3371
ecd.3332
msl.18254
ecp.6572
Taa.6516
msc.393
tas.27
hyn.12889
fsc.14124
msl.30849
trc.9450
sct.2310
scw.7620
scs.281
msl.44474
spe.28318
scc.15577
dpy.11613
msl.1454
ecm.1601
sch.8814
hyn.1100
scj.3352
msl.49062
sch.2530
trc.4406
scs.13831
scj.3490
ppx.27503
spe.35341
taa.1773
msc.9236
Fsc.31106
ppx.25601
ecg.4910
scs.10716
msl.52618
msl.21845
scm.8571
Fsc.7117
sch.4285
msl.54791
Taa.14
dpy.11103
tae.10131
fsc.11584
htf.2832
Taa.5967
scc.7384
ppx.18130
msl.58373
cln.7913
cln.9951
scw.7421
ppx.19141
scr.22974
ppx.36486
spe.8894
tas.8157
scw.24953
msc.10325
tae.5170
scc.5211
trc.20931
msl.1391
tae.7660
taa.5226
scs.12109
scj.521
msl.38666
hyn.11420
msl.30813
msl.606
opv.9026
tas.9286
msl.47394
sch.4168
ecm.2077
Taa.8589
msl.12721
tas.1976
hyd.10185
taa.1312
msl.27787
scc.15248
ppx.34361
sct.14888
ecm.6631
sch.4505
scm.7076
ppx.33812
scm.9084
cln.2835
cln.241
msl.59694
ecd.2046
sct.1026
fsc.720
taa.4142
scw.16769
scw.19898
cln.3714
Ecg.5798
hym.305
Fsc.11612
tae.4056
ecd.1900
msl.20321
Taa.7854
sch.2141
scr.14838
ecp.5106
msl.39352
msl.37384
scj.9231
msl.26020
msl.51478
ppx.24101
ecm.10173
Taa.9586
ppx.31130
ecg.4821
Ecg.10079
opv.14953
spe.14831
taa.12704
taa.2643
msl.19761
ecp.9649
htf.1777
sch.2750
ecd.2589
Ecg.4443
htf.11069
msl.29561
ecg.2021
scj.10491
scj.7103
cln.11579
fsc.128
gys.2804
ecm.4015
ecm.6866
ppx.1732
fsc.12561
opv.11647
gys.4107
msl.40377
ppx.30178
fsc.6702
msl.55005
tae.5012
scs.11233
spe.8873
cln.12751
Ecg.1567
sct.16810
tas.5923
hym.11255
ppx.20981
opv.2799
opv.10610
scc.11366
hyd.9859
htf.2842
sch.6810
msl.11438
hyd.3958
Ecg.819
spe.35219
ppx.7609
smm.1843
scr.6813
scw.4878
msc.1704
ecp.6254
scw.13805
scj.1078
msl.28537
hym.4657
tae.6249
opv.4694
hyn.8345
hyd.1650
scm.6941
msl.7414
ecd.1475
cln.2897
Fsc.25450
ecm.3042
spe.39257
ecg.3209
sct.12509
trc.6546
hyd.871
msl.7814
ppx.6640
scw.14910
sct.15548
msl.1840
hym.7114
ecp.900
hyn.12603
ecd.8758
fsc.3565
msl.56021
Ecg.3138
Ecg.2225
Taa.826
taa.6834
msl.14860
tae.804
opv.1902
scr.17323
ppx.33772
ecp.15024
fsc.1301
spe.27248
cln.4821
hyn.4294
scc.20316
msc.7459
Fsc.3853
hyn.9851
scc.18835
htf.10334
ppx.31350
cln.6831
Taa.4271
hyd.5302
ecd.5398
taa.8454
scr.17243
dpy.2239
ecm.7705
fsc.13017
fsc.5765
ecp.13471
Ecg.3327
tas.3479
sct.10067
taa.4424
sct.14005
scm.1207
taa.7221
msc.3181
Ecg.777
Ecg.7772
ppx.271
ecg.5513
msl.482
msl.2626
scs.7236
msl.31882
sch.5014
scc.2465
trc.8299
msc.4286
msl.1875
ppx.13604
sch.3108
hyn.6023
spe.12423
ecg.1458
scm.10207
scs.16187
msl.3069
Ecg.1743
scm.3699
msl.21744
cln.7084
sct.5425
hyd.9162
tas.174
Ecg.3463
cln.9287
htf.9700
tas.3562
ecp.2093
ecp.4669
msc.3560
msl.53396
gys.5836
ecp.11193
spe.19347
msl.46580
Taa.1451
tae.11295
scm.5494
msl.42220
scc.373
smm.193
ppx.36527
ecp.12091
msl.43855
trc.11642
hyd.2705
msl.3222
msl.14141
msl.7249
sch.4086
hyn.3979
msl.40363
htf.1308
scw.12050
opv.1961
opv.1147
ecg.1727
hym.7822
msl.44228
ecg.3398
scr.7475
hyn.6695
msl.33256
msl.47092
scj.9756
tas.2493
ecp.11013
Fsc.22555
ecg.844
Ecg.9394
msl.36463
trc.3226
ecd.7549
taa.5445
ppx.27617
ecp.4767
Fsc.14003
msc.10563
spe.38669
scc.19504
tas.9664
trc.21196
trc.14199
tae.9227
ppx.35643
scr.9980
spe.12552
scc.17483
tae.1099
scw.9398
ppx.31234
spe.63
tas.4168
tas.1035
fsc.562
ppx.20383
hym.1557
spe.23187
spe.14843
ecd.10837
ppx.18532
spe.27813
msc.1397
scr.20324
dpy.6611
opv.16080
fsc.7626
spe.4758
dpy.8194
sct.10664
sch.11597
trc.7744
ppx.11765
ppx.15080
spe.29314
dpy.1410
fsc.10241
hyd.6313
fsc.1000
tae.10398
msc.10503
spe.207
scr.6468
dpy.14230
scs.17181
ppx.6914
trc.14952
scr.12610
fsc.7477
hyd.2094
ppx.19013
tas.12176
sch.8360
Ecg.8092
Taa.2120
spe.9258
scw.19772
ppx.16438
spe.7638
msl.43304
Taa.2072
Fsc.18208
scc.21359
msl.17645
spe.12181
scm.4653
Fsc.30410
sct.230
ecg.8457
Ecg.3499
spe.3195
ppx.4636
scc.5328
spe.35091
hym.12064
opv.5035
ppx.28991
taa.13227
ecp.1903
Fsc.24006
gys.15034
spe.20987
spe.15753
taa.13009
spe.27628
tas.367
ppx.23711
opv.10982
sct.22284
sct.2279
dpy.17098
scs.1039
spe.13225
hyd.7687
smm.746
gys.1785
scr.12433
scc.1672
sch.12713
scw.13774
spe.26442
scj.4935
taa.11330
opv.11668
scc.19432
scr.22278
spe.36824
spe.21390
Fsc.1757
spe.27065
sct.5741
ecd.8638
taa.11896
dpy.16266
opv.15024
msl.1541
spe.32111
tas.12676
scw.22728
spe.16758
msl.5064
spe.12443
taa.8501
ecg.5610
gys.14553
scj.9937
opv.1960
scc.6507
ecm.8535
ecp.16761
ppx.6597
hyn.8184
dpy.6882
scr.9859
scm.2483
sct.13648
opv.1524
spe.17693
hyn.11016
trc.7661
scs.17770
spe.35415
scw.17059
ecg.3199
hyn.3314
scc.14686
ecp.7037
ecg.7831
ppx.14777
scs.9211
spe.26915
fsc.10764
opv.8391
fsc.8035
ppx.36601
Fsc.31687
dpy.1849
ecd.10698
tas.4381
scr.20025
ppx.34686
tas.613
fsc.14716
hyd.4904
scj.8550
ecd.7012
msl.3870
sct.11822
msl.53171
scr.4627
ppx.26139
spe.22615
scj.8593
cln.6759
ecp.787
ppx.2644
trc.18758
scs.14817
hyd.5199
spe.5214
Fsc.18998
scc.20973
hyn.4936
scc.23012
sct.3142
dpy.17352
ppx.33333
scr.1060
trc.18406
sct.12011
scj.115
smm.564
scw.13547
trc.16434
trc.21127
opv.7962
ppx.22631
ppx.3867
spe.3455
Fsc.13432
spe.32449
ppx.35388
htf.4784
ecd.10772
sct.11609
ppx.29994
