

taa.11590
ecp.8319
spe.26342
sch.7502
Fsc.11717
Fsc.30699
Fsc.25626
ecd.5086
scr.5213
sct.18457
Fsc.33295
scw.22755
Fsc.33053
Fsc.30324
scc.4102
scs.12185
Fsc.28320
fsc.3548
Fsc.17301
sct.11536
scr.8089
scj.5090
scw.6898
Fsc.20237
tae.3496
Fsc.2738
sch.12270
Fsc.23651
trc.20891
dpy.16962
scr.13792
Fsc.23182
sch.8643
trc.12310
scs.1612
scw.19293
hyn.9872
opv.13139
gys.13874
scj.8058
scr.17922
sct.10964
Fsc.10852
scc.4647
Fsc.7897
opv.11356
dpy.12751
spe.28021
scr.8609
hym.11378
scc.10607
Fsc.5701
fsc.9571
scr.3234
msl.48165
sch.8014
scc.11224
ppx.34555
Fsc.27269
hyd.4196
gys.13491
scs.7624
Fsc.7928
ppx.34721
scs.18002
scr.7063
sct.22429
hym.401
spe.17707
msl.39212
scc.22180
hyn.13495
scs.13826
ecp.343
ppx.17284
ecm.711
tas.9622
tas.1738
msl.7406
gys.12719
hyn.9589
fsc.12324
msl.23454
msl.2642
ecd.5955
dpy.10446
scj.12162
taa.6936
taa.8568
ecg.7936
ppx.3775
taa.6645
msl.46569
scs.15811
ecp.14072
sch.5482
taa.11483
spe.14922
msl.14130
msl.52217
ppx.25160
gys.344
sch.8246
scr.5010
sct.10993
msl.44166
tas.1500
opv.15169
fsc.9108
trc.6845
htf.2462
dpy.13808
ecp.9974
Taa.4432
ppx.24700
msl.53462
scs.14541
scc.12431
scw.23002
scj.11853
ppx.29747
spe.30364
scs.9303
ppx.11073
scr.10957
msc.2716
scm.2899
opv.3567
msl.30315
scr.11305
msc.2280
msl.1483
gys.10395
hyd.4210
tae.10634
sct.13376
tas.586
opv.7722
ecm.1194
scc.4284
msl.27443
sch.3163
tae.5371
gys.4306
dpy.6533
htf.834
Fsc.2925
cln.2344
gys.2205
msl.29695
sct.20730
gys.5368
scw.23044
scw.6433
hyn.1794
sch.12455
scw.25821
msl.12090
fsc.1475
sch.7851
ppx.5052
msl.59169
msc.7999
dpy.10120
Fsc.26730
ecg.9935
sch.8894
scc.11254
htf.238
hyn.13149
taa.2683
scm.7815
fsc.9755
tas.3280
scc.11451
scc.8925
msl.25928
Taa.6749
msc.2169
msl.52263
ecg.3277
scc.4044
msl.59312
gys.12604
opv.15401
ppx.809
scm.10322
scr.10901
taa.8216
scm.5340
msl.33168
hyn.8960
tas.12154
msl.6967
hyn.11024
spe.28650
Taa.9170
dpy.13274
tas.9781
hyd.133
hyd.5075
Ecg.8304
sch.9469
taa.2713
sch.10445
Ecg.1545
ecm.831
scm.736
scc.5831
sch.11831
scw.23183
spe.7018
scc.19117
hym.1026
ecg.1596
gys.14110
spe.30748
tae.7783
ecd.5302
ecp.2585
dpy.13133
scr.23625
scr.17149
fsc.27
msl.24184
ecg.7138
spe.27972
scs.5952
ppx.30190
msl.8470
scs.12047
tas.7411
msl.44344
ppx.29206
ppx.17386
scj.10114
msl.12960
ecg.3527
scs.14814
scw.8293
taa.3163
spe.25495
scj.8645
ecg.8522
Taa.1253
tas.5109
tas.10276
msl.42267
scc.16325
gys.11674
hyn.5737
sch.3
msl.16204
opv.4262
Taa.5276
ecd.3051
tas.4655
msl.23423
hym.2789
hym.4403
scs.7745
hyd.8478
scr.9038
taa.952
opv.4832
tas.7590
opv.8081
spe.8847
gys.393
dpy.10
gys.14338
fsc.3099
scc.22927
scr.22639
spe.32208
Taa.5085
msc.1313
htf.4145
tas.880
msl.13732
trc.1158
gys.13966
msl.21910
msl.38944
htf.10481
spe.405
taa.5403
msl.9844
scm.4124
msl.11832
Taa.4601
ppx.4807
scr.12191
htf.9519
fsc.4377
hyd.3499
dpy.4620
hyn.3627
msl.4154
scm.9851
msl.31907
opv.9654
ecm.897
scr.23182
smm.2699
cln.10891
dpy.15923
tae.813
hyn.13107
scr.3329
dpy.12902
ppx.19470
taa.7950
cln.7565
msc.8843
fsc.1469
msl.27635
msl.46137
ecm.7150
hyd.8134
ecd.1057
msl.30217
ecg.8872
Taa.8457
ecm.6984
msl.6082
hym.7542
taa.395
scc.8608
hyd.9004
ppx.18504
msl.51127
msl.41955
ecg.10033
msl.23346
sct.5685
ecp.17333
msl.47856
cln.4954
fsc.8615
htf.2856
sct.6270
Fsc.29200
msl.35921
msl.20010
hym.4265
spe.1634
tas.359
msl.30353
scr.107
msl.45811
scw.15026
ecp.4434
msl.47349
hyn.4639
fsc.10607
scr.8722
msl.11786
msl.36709
taa.4988
opv.1166
scj.3408
ppx.25320
fsc.684
Taa.2043
ecg.8472
Ecg.463
sct.5651
cln.10684
trc.21905
taa.5294
ecd.5296
spe.37168
ecg.826
msl.28487
msl.43992
sct.12633
ecp.5668
fsc.7212
fsc.14829
spe.9136
hyn.2996
hym.2725
scj.12106
ecm.2181
cln.12362
spe.14044
hyn.5979
ppx.24126
msl.29200
opv.14487
dpy.969
msl.2744
ppx.25569
scr.10425
Fsc.29022
msl.24641
msc.6582
Ecg.6748
msl.15901
ecm.198
trc.2326
scw.12341
ecp.3076
htf.2624
sct.9257
msl.21315
Ecg.8639
sct.18229
ecp.13364
taa.7225
Fsc.10886
msl.28646
hyn.11060
msl.52233
scw.20977
taa.1664
Fsc.16337
msl.55242
gys.201
scj.7595
hyd.4305
sct.10145
tas.5380
taa.3007
Ecg.7909
ecg.3340
dpy.18796
msl.42333
spe.33778
scs.1422
cln.2948
cln.373
scj.11011
fsc.7764
msl.41745
Taa.6814
msl.57220
ecm.9809
msl.12688
fsc.7260
opv.4017
Ecg.8796
ecd.8979
opv.9922
ecp.5779
hyn.12534
cln.12338
scs.16648
msl.14251
sct.9285
msl.39269
scs.14339
Fsc.1407
taa.2553
ppx.37509
cln.1950
scw.16163
msl.9349
tas.6925
taa.657
ecg.4902
scw.23169
gys.6206
msc.10575
msl.5435
scj.8122
hyn.3322
spe.13974
scs.9524
ppx.37825
ecd.4893
opv.1557
msl.22838
Taa.4072
ppx.7782
sch.10886
msl.58965
hyd.5193
taa.6275
msl.56164
ecp.4710
sct.1637
sch.5677
hym.6973
msc.8041
Fsc.30758
ecp.685
ppx.9704
spe.5285
tas.2569
msl.1593
smm.3622
ecp.9684
cln.1884
fsc.6521
ecg.4596
ppx.3967
ecd.7479
msl.28615
msl.24258
msc.8378
dpy.11786
msl.43419
spe.2955
gys.1716
scs.14111
scr.1504
msl.27826
Ecg.2866
msl.37344
Ecg.9974
fsc.7446
msl.3913
ecd.1786
sct.4949
sct.17226
sct.224
msl.14308
sct.8663
cln.6521
sch.6281
Ecg.4233
scr.8189
msl.42390
sct.10160
Fsc.30469
hyd.6954
scr.13322
ppx.23377
trc.814
scr.17644
msl.54733
hyn.7354
msl.29085
msl.14628
trc.341
Ecg.10238
scr.6857
ecp.9236
msl.7025
sch.5307
msl.37390
scr.15624
scc.10920
msl.25566
ecp.5819
sct.7674
spe.13415
sct.13247
msl.54272
msl.13635
trc.3116
msc.243
tae.2439
msl.10834
msc.7429
Ecg.6752
scj.9133
scr.542
hyd.2378
tae.4135
trc.13042
scw.5747
scc.10753
msc.628
sch.12232
msl.19932
Ecg.9246
msc.8877
hyd.660
gys.12525
hyd.9216
msl.7263
Ecg.337
msl.59074
sct.14857
msl.25392
ecp.11340
tae.1007
dpy.18245
msl.40433
hyd.9649
hyd.7014
spe.32688
spe.31572
scr.15423
taa.6421
Fsc.18708
Fsc.8990
Taa.517
ecg.7947
ppx.26711
hyd.9840
fsc.6426
cln.11752
ecp.6431
scw.8325
scj.10620
msl.1174
ecp.7098
opv.4002
msl.59104
tas.9187
msl.51338
htf.4663
spe.884
scs.5904
cln.4054
scr.11431
spe.18418
ecm.10533
scs.17153
Fsc.25381
scc.6486
msl.12935
htf.7118
scc.21045
ppx.9562
scs.8553
scm.9537
scs.6188
Ecg.3892
msl.59397
msl.51148
Fsc.31603
ppx.23108
msl.38041
scj.8930
msl.3702
msc.4121
Fsc.8377
scj.6875
ecd.3003
dpy.4873
ecd.7069
tas.231
cln.13099
Taa.5381
Fsc.444
hyn.7720
tae.8776
msl.46781
cln.942
gys.13308
hyd.7042
htf.6458
ppx.2053
trc.2133
ppx.34886
sct.7831
tas.6523
smm.3630
taa.1836
ppx.27015
msl.52496
htf.2693
scs.2215
ppx.1318
fsc.12108
spe.31799
msl.19542
msl.56323
htf.8740
gys.1707
scs.17455
scc.4056
scs.11876
msl.11802
msl.48279
scr.14593
ppx.14515
gys.5249
msl.35602
cln.11231
ppx.28770
scm.684
hym.9676
scm.3013
msl.44844
trc.333
tae.5745
ecp.11159
hyn.10616
spe.35252
opv.9148
opv.14857
smm.643
Fsc.17112
Ecg.4917
Taa.2413
hyn.869
opv.10361
taa.10953
tas.1007
opv.1972
scc.420
scr.23224
scj.3272
dpy.11673
tae.10217
gys.10300
scw.22692
hym.5970
msl.10413
ecp.11558
ecp.2562
cln.6135
trc.15900
sch.10497
scm.8103
hyd.4430
scj.3462
Taa.5714
msc.1486
msl.898
hyn.9833
spe.432
hyn.6752
htf.8099
msc.2487
hyn.9997
ppx.9354
trc.19683
scr.16379
msl.51625
Fsc.2173
cln.10287
msl.8135
fsc.2084
sch.1360
scw.622
scw.13217
trc.10726
taa.11696
ecm.4192
ecd.1746
ecp.7277
hyn.1879
spe.10327
hyd.1424
ecp.16767
msl.39514
tae.7123
cln.5184
opv.12189
ecp.17172
ecp.15557
tas.11694
cln.6334
ecd.3635
ppx.12462
msc.5300
hyd.11017
msl.54778
scc.10797
ecp.16274
ecm.9960
scc.10116
cln.12495
opv.1767
ecm.9127
dpy.724
Fsc.30935
cln.7934
gys.7043
hyn.1133
ppx.32124
cln.11323
cln.3489
ecd.6824
htf.758
trc.6101
msl.21852
msl.28025
cln.7113
msl.60404
hyn.7872
fsc.5211
msl.47698
ecp.13160
Fsc.13738
ecd.10741
spe.2068
ecg.2858
ecg.9572
msl.25110
sct.17975
sch.7403
scr.7621
msl.41455
taa.3411
htf.10936
spe.37315
fsc.15064
ecp.8283
scr.20695
msc.3378
ecp.16890
tae.1821
cln.12258
scc.9963
scr.20552
scs.8412
taa.8213
ecp.18522
cln.11626
spe.15673
scw.15432
msl.18213
ecp.2305
htf.7816
spe.12176
msl.49502
hym.7062
scj.5035
msl.28673
spe.22364
msl.19533
msl.13598
hyn.10860
spe.27053
trc.11797
ecm.8624
tas.8423
ecp.7158
Taa.7931
trc.4998
cln.7330
ppx.31423
sch.10723
Ecg.1621
dpy.3962
msl.26324
msl.53739
hyd.7081
scw.18141
ppx.29338
msl.52754
sch.10355
tae.281
spe.15069
scs.10752
ppx.36245
scj.12556
ppx.6450
ecg.5961
msl.20621
trc.14551
Taa.4679
taa.656
ecm.914
msl.33247
msl.20581
htf.87
scs.9949
sct.6686
spe.29753
msl.8014
msl.19339
taa.12587
htf.2594
scm.9169
msl.37491
dpy.6411
msl.54258
hym.11892
ecp.655
msl.28088
ppx.14765
ecd.2636
taa.8659
scj.3589
spe.17674
msl.28549
scs.15689
msl.32091
Taa.7725
msl.47973
ppx.10367
tas.4715
ppx.26340
msl.46704
Ecg.8714
scj.9569
Taa.2790
tae.6924
ecp.13420
hyn.8282
trc.20940
opv.14362
msl.2036
tas.4338
tas.11296
scr.14611
scc.8012
trc.1739
spe.3819
tas.6027
taa.8419
dpy.18767
fsc.7511
sch.6984
msl.11563
fsc.12030
ecm.4298
scc.21171
dpy.12978
fsc.13654
hyn.9777
ppx.37041
ppx.2953
scw.23704
Ecg.9458
ecd.8958
scs.17061
trc.811
msl.51365
sch.9736
sct.11705
tas.12902
Fsc.1591
spe.26678
hym.8912
dpy.3265
gys.12314
scw.7334
trc.7411
ppx.30827
ppx.4489
ppx.21540
ppx.8131
dpy.15223
ppx.31859
taa.12437
scs.19217
ecd.1535
scj.6451
msl.34009
ppx.4531
scs.9491
sch.1321
scr.15907
scr.2665
hym.5484
ppx.15505
scw.24134
scc.15601
scw.25107
spe.39
scs.6499
htf.9570
dpy.6493
ppx.10546
msc.10416
ppx.6528
Ecg.1252
sct.7213
tas.11470
spe.4950
ecp.1568
sch.4096
ecg.4809
scs.9116
spe.10963
hyd.962
dpy.3218
sch.6808
ppx.17182
tas.10566
scc.19068
scs.19667
ecp.1063
spe.34700
spe.12261
spe.38672
Fsc.17928
msc.8537
scw.8600
sct.20117
scw.3915
scr.8010
scs.10453
ppx.25092
opv.6230
msl.26335
spe.50
ecg.1730
ppx.21192
fsc.1468
ppx.4811
ecm.10592
fsc.15476
ppx.10132
msl.17282
dpy.8400
hym.1077
scr.20844
msl.12744
sct.17324
htf.5381
ecg.4392
ecp.17309
ppx.3114
Taa.2740
ppx.31458
ecp.15133
hyd.9504
taa.10440
dpy.5356
hyn.1892
spe.25290
hyd.4309
scr.13619
tas.9718
htf.5035
dpy.16116
gys.10235
gys.9300
scr.8513
scs.11748
hyn.10976
scw.26033
opv.1033
spe.14739
scs.20178
ppx.29563
spe.24140
hyn.6510
scc.9250
scr.23227
scc.17198
opv.9011
msc.3062
trc.19233
tas.6298
scw.5933
ppx.16740
spe.15558
spe.25883
trc.14303
msl.58201
scj.8080
taa.10989
trc.1705
scs.10878
scr.5190
trc.20250
ppx.22320
ppx.33776
gys.10824
htf.5559
scr.15631
ppx.34535
Ecg.5141
Fsc.26870
scr.937
htf.10882
Fsc.5350
hym.12123
scs.16804
scw.21927
hyn.6906
gys.5116
ppx.9216
dpy.9502
Fsc.4417
opv.9034
spe.15111
tae.11158
scm.1223
ppx.53
scs.16106
ppx.24450
dpy.17826
hym.11809
scr.11997
spe.27482
hyn.13512
dpy.16238
msl.53600
ecd.2698
scc.16690
trc.1898
smm.984
dpy.17302
ecg.4720
Fsc.2737
Taa.9860
ppx.4590
htf.2770
scw.8030
smm.1195
scr.19339
opv.2628
ppx.21799
ppx.36658
tas.8015
ppx.34687
hym.11553
scc.14081
ppx.25862
msc.705
spe.5698
Taa.2898
scr.1856
spe.25618
hyd.3167
scj.9740
scm.2271
ecm.5994
ppx.1607
trc.4903
cln.4650
ecg.6015
Fsc.14858
ppx.16318
fsc.11804
opv.5039
htf.5998
hym.9147
ecp.18441
sct.19756
ecp.16063
scs.10886
