

htf.10179
sch.9249
msl.13802
scm.8763
Fsc.8298
scr.23574
scs.19113
Fsc.33146
Fsc.21568
sct.13275
Fsc.20520
scr.8548
scr.14271
scc.10502
hyn.5190
sct.346
scc.5636
scr.22575
sct.6871
sct.2100
scr.815
scr.13929
sct.3922
sct.15502
Fsc.22478
scc.22978
dpy.15291
htf.3884
spe.34105
sct.1144
trc.13305
smm.2336
scw.16495
Fsc.28893
Fsc.31630
trc.14890
spe.11637
scc.13767
scw.1808
Fsc.3443
ppx.29848
scc.19163
scw.13672
sct.14553
sct.22435
gys.14017
Fsc.25859
spe.8828
tae.8855
Taa.5598
hym.6310
Fsc.31385
hyn.3789
scr.21068
gys.14546
scc.17462
dpy.19958
sct.17491
dpy.819
ppx.33844
spe.33518
scw.3565
Taa.4403
hyd.6669
scr.15134
ecg.5603
msl.51698
cln.5892
spe.36331
trc.19688
tae.3810
hyd.10427
msl.12563
msl.3413
ppx.34602
msl.47527
msl.15215
scc.18744
scr.8106
ppx.31840
scj.10865
ppx.18629
scm.222
msl.56273
spe.34287
Ecg.8049
scs.17946
spe.24854
fsc.5076
ecg.2553
spe.14229
ppx.16587
hyn.7842
sch.11171
taa.8042
hym.2791
msl.35780
ppx.28275
scc.9496
scm.7770
taa.12562
msc.8949
sch.2345
hyn.5855
hyd.7023
msl.48976
tas.6204
hyn.8634
sct.11195
msl.43045
ecp.15596
ppx.11909
tae.10964
ecp.8945
msl.58615
fsc.4665
ecp.15417
opv.2558
trc.11608
Ecg.3163
ppx.30366
opv.3620
scs.3069
msl.55305
msl.22389
scr.14266
msl.19485
ecp.13442
scw.20324
msl.20484
scm.7152
spe.24264
sct.6188
ecd.4165
scr.2607
htf.4201
spe.2622
msl.4904
cln.12729
ecm.6793
cln.225
msl.58509
scr.11068
ecp.4611
ppx.26517
cln.7057
spe.14756
scc.22463
scj.5687
msl.46483
hyd.2801
msl.29717
hym.6482
scm.9539
sch.7489
dpy.8881
spe.11799
ecm.10664
msl.51512
cln.11204
hyd.8648
msl.41512
scs.18389
scw.15143
ecp.6774
htf.3238
msl.59736
htf.5183
msc.8029
msl.10312
ppx.25525
trc.19631
tae.1155
opv.1818
msl.31224
cln.11911
ppx.21079
msl.40641
msl.54691
ecm.9706
msl.4372
dpy.2722
msl.651
scs.16262
hyd.385
hym.2475
msl.11343
msl.37615
ecm.521
msc.8673
tae.11119
scj.4185
scs.17385
fsc.222
ecd.5195
ecd.6827
smm.6
opv.15313
cln.9864
ppx.31740
dpy.992
spe.285
scj.10511
dpy.5835
ecm.2386
ecd.2015
sct.1017
ppx.6960
hyn.13330
hym.9856
hyd.10927
msl.50462
msl.36800
msl.37722
msl.23799
Fsc.18347
scr.6449
dpy.3119
gys.3784
scm.7812
msc.9517
msl.43926
scj.8478
tas.10000
spe.11546
hym.8665
trc.1435
msc.6724
sch.3413
ppx.14020
sct.5846
fsc.1075
scm.9824
ecd.3226
ecp.12135
Taa.8055
scw.18511
Ecg.5088
ecm.5555
ecm.10126
msl.26784
spe.34858
dpy.9883
scs.931
msl.36497
Fsc.25088
scc.2972
msl.43483
Ecg.4570
dpy.12251
msl.36518
ppx.16454
opv.12423
spe.18994
scm.8920
cln.5955
ppx.28249
taa.10266
spe.4746
msl.13766
sct.20512
hyn.641
hym.6933
msl.25430
spe.9921
ppx.20446
scr.20220
ecp.10288
sct.7801
scs.2189
scs.808
ecd.9256
scr.8079
taa.8370
gys.10006
scr.4514
dpy.16153
htf.10048
msl.16868
fsc.8368
spe.20549
tas.2652
ecm.7728
msl.51311
ppx.22061
fsc.6060
cln.1865
spe.26267
hyn.9356
spe.11112
ppx.3478
spe.36376
scj.1109
Fsc.1259
msl.23226
scs.6046
cln.13222
htf.10287
Ecg.3728
ecp.5276
htf.9380
cln.13386
scc.16276
taa.4194
msl.48026
msl.18553
Ecg.4641
dpy.12352
msl.21558
scm.6086
Ecg.4524
htf.8333
gys.4235
ppx.5048
Taa.1465
msl.24120
sch.374
spe.15429
scc.2734
dpy.7257
scs.10072
msl.39001
ppx.3480
scw.1820
msl.27212
tas.3541
msl.31362
msl.16192
hyd.4443
ecg.637
scc.22333
msl.48116
scs.5483
hyn.9869
Fsc.1091
scr.16829
ecd.4525
dpy.14197
tae.9768
htf.9752
msl.58756
taa.12312
msl.57506
Fsc.21161
ecm.7779
hyd.4725
ecp.4884
sch.4418
msl.37352
htf.7854
spe.14072
ecm.2090
htf.6712
scw.16405
msl.16063
fsc.13544
msl.42442
hym.6717
spe.31922
htf.2778
hyn.13268
msc.8156
ecd.2028
ppx.29677
Ecg.8566
htf.3750
msl.25602
scc.21118
Ecg.1188
scc.15272
gys.8758
ppx.37067
msc.10450
ecg.3183
ppx.28386
scc.408
gys.8094
ecd.8921
hyd.10709
scc.9106
trc.8504
ecd.8658
scm.6838
msl.12835
htf.4914
htf.10632
cln.1258
hyd.6764
hyn.11656
msl.48418
scj.2990
msl.57025
cln.1778
sct.6528
msl.18316
hyn.3453
gys.8620
taa.8931
msl.46221
msl.34250
msl.36484
hyn.3390
tae.6038
trc.4347
sch.3917
Ecg.9270
gys.2827
hyn.7864
tae.2602
taa.5310
msl.6395
opv.7200
msl.37599
dpy.6359
msl.6809
taa.948
msl.41295
gys.5901
opv.14293
Taa.8119
msl.18185
cln.4462
scc.9640
msl.44130
msl.53670
scm.3346
Taa.7649
scj.7756
Taa.8787
Ecg.578
Ecg.6423
dpy.13887
msl.11416
trc.16534
tas.13129
gys.6774
dpy.17385
cln.11584
Taa.345
scr.10094
tas.11161
msl.11844
dpy.9644
Fsc.1497
taa.4773
msl.56757
scj.4024
msl.34193
Fsc.16956
msl.13366
ecp.5786
tas.2432
scw.24706
hyn.12151
msc.1411
Fsc.31118
cln.2369
msl.24964
scj.6430
cln.9412
msl.53374
Ecg.9926
scc.17055
dpy.15051
msl.58152
ecd.10046
Fsc.8386
Fsc.28654
taa.7442
scr.18942
msl.42696
ppx.7164
trc.12798
scr.19890
dpy.6380
msl.19342
tae.7560
hyd.10062
Fsc.21347
ecg.11217
cln.5483
hym.4943
msl.13680
ecm.5203
htf.10955
sch.844
fsc.7036
scw.20239
msl.33824
dpy.17165
msl.652
sch.11773
msl.48602
scs.7974
Ecg.9315
ecd.980
sch.9551
cln.3912
msc.2728
htf.4030
msl.36913
ecp.8392
ecd.8981
scs.7151
dpy.2125
scs.15414
fsc.14962
msl.30089
msl.8650
ecp.13105
ppx.18426
spe.31645
scr.20359
hyd.5870
scw.6005
ecp.4071
taa.260
scs.14223
scc.10592
hyd.7510
Fsc.22246
ppx.23055
hyn.1253
dpy.3181
scs.8230
sct.8826
scw.16662
opv.3600
spe.27945
trc.2570
ecg.2407
msl.43204
scs.9228
gys.10683
tae.7443
fsc.2074
sct.2691
scs.9539
scc.16794
hyd.1719
msl.57443
ppx.33878
ecg.5677
dpy.16837
spe.2354
msc.8114
msl.39095
msl.10583
sct.16236
opv.1016
Taa.5704
scr.23089
scm.7390
cln.3074
msl.895
msc.8420
scs.12579
tas.3246
ppx.13080
ecg.201
tas.5457
scs.17142
Ecg.6561
Fsc.3358
hyn.8742
msl.27682
cln.6930
sct.11256
ecd.6981
gys.13207
sch.4067
ecm.7674
taa.10364
htf.6224
msl.10210
scs.3884
trc.13327
opv.12873
ppx.37395
scm.4395
trc.2099
opv.13453
scr.11719
htf.6298
Ecg.284
ecp.18059
Taa.7676
opv.11959
sct.12356
scc.21151
scs.2244
tae.8403
ecg.8832
scr.8398
spe.1877
hyd.11063
msl.47277
scs.10183
scr.10624
msl.22001
msc.5703
msl.45748
tas.10078
fsc.3606
hyn.5935
scs.8748
ppx.13569
scm.7946
taa.4378
msl.3147
sct.4675
cln.1949
hym.4453
ppx.34577
msl.53087
scw.22264
htf.4006
scr.18062
scr.7945
tas.2426
scj.12593
Ecg.9917
htf.4795
msl.20669
sch.10160
scc.17905
ecp.911
msl.36528
trc.12234
tas.4626
Fsc.19996
hym.8750
htf.901
scc.18394
trc.15850
msc.3073
scs.8157
ecg.2773
scc.8082
taa.4305
ppx.31595
msl.1213
trc.4724
msl.22495
scs.15926
msl.18220
msl.33838
msl.43554
sch.9863
scc.3125
msc.4010
scw.15430
dpy.13627
msl.36412
taa.7651
msl.7981
msl.16420
ppx.8312
ecp.8386
hyd.3837
msl.45928
sch.973
ppx.7742
tae.9832
taa.10335
spe.9246
scr.5083
opv.8509
sch.3231
trc.13920
ecm.3974
msl.10520
trc.2268
htf.11517
ppx.14141
msc.9268
tas.9674
scc.14329
cln.129
opv.3041
spe.11034
scj.12546
trc.4789
scj.4586
msl.49407
msl.44305
msl.24471
msl.38780
sch.4746
hyd.10296
scs.16190
sch.10656
msl.25201
ecg.6819
taa.2795
scj.8548
sct.19301
hyn.781
ecd.3102
msl.32571
spe.22703
sct.4135
gys.1512
ecp.3970
msl.38153
cln.11643
tae.1175
sct.19771
sch.8437
spe.29291
sct.16920
msl.60127
sch.3006
sct.15083
fsc.7949
ppx.6066
taa.7794
scc.15660
msl.49247
msl.53888
sct.6784
htf.4036
trc.17735
msl.16941
ecp.2230
sch.6006
scs.5302
msl.45932
cln.1389
taa.11562
ecp.10028
cln.11106
scr.15578
sch.8716
tas.2639
hym.7834
msl.44218
spe.20040
ecm.7846
tas.1430
spe.31848
dpy.9944
ecp.12604
gys.14444
ecm.4806
msl.38838
ecg.2347
opv.3648
Taa.4205
msl.55816
ppx.30325
scw.7630
msl.48358
msl.28316
opv.630
msl.2151
scw.21241
ecp.14904
scw.4289
taa.11405
scm.7117
Ecg.10105
ecp.10341
msl.58416
sct.14759
msl.12554
Fsc.9117
Ecg.1346
msc.205
dpy.2568
msl.20201
scw.10216
tas.946
trc.19741
msl.54601
msl.790
sct.14787
sch.1105
taa.1914
msl.35343
msl.59262
ecg.2752
ecd.6611
tas.10722
htf.7130
Taa.10291
scr.3522
msl.1611
sch.10862
gys.3605
fsc.11433
Fsc.15621
trc.2971
ecg.4351
scm.9117
msl.26572
ecd.4190
scj.7819
trc.10345
gys.11243
hyn.9525
msl.2870
msl.59809
sch.1697
ecp.7665
msl.34907
tas.2959
taa.9000
taa.5377
ppx.27366
scm.11670
spe.10445
msc.6131
msl.50593
ecg.8701
msl.29018
fsc.967
msl.16922
spe.16214
scw.645
ecd.795
Taa.278
opv.10540
msl.58104
tae.11632
ppx.2195
msc.1283
cln.9827
msl.314
hym.1450
scc.19839
tas.1848
msl.21104
ecd.2057
tas.2179
gys.5748
ppx.35780
cln.11086
msl.2584
ppx.17877
scw.14348
gys.1824
tae.6110
ecd.5347
ecg.6106
dpy.12889
taa.722
msl.59190
msl.5038
sct.1368
hyn.10789
ecm.6530
ecd.6870
msl.26033
ecg.6531
msl.37822
trc.19791
spe.9340
htf.6573
spe.35348
msl.50188
spe.31324
gys.11644
taa.12718
hyd.7365
tas.4561
tae.10900
scw.8169
hyn.6766
Fsc.8888
scs.3702
msl.34260
ecd.311
ecm.4908
msc.6164
msl.43446
htf.7459
tae.8338
scr.23832
ecm.9889
sct.3908
msl.53515
Ecg.2429
msl.22862
Taa.2611
spe.39459
scs.9455
ppx.26353
scc.10829
scs.11227
htf.3260
msl.11069
ecm.6731
hyn.13285
Fsc.12768
msl.53623
sch.7673
dpy.13574
sch.7114
hyd.6512
ecp.918
cln.2408
Ecg.9532
hyd.7917
Fsc.5367
htf.6871
fsc.6181
ppx.2952
ppx.14119
Fsc.31388
ppx.34270
Fsc.7753
ecd.10261
trc.6204
gys.9204
ecp.7245
ecd.9765
tas.9495
dpy.2091
trc.11337
msl.8361
spe.35048
opv.3011
ecd.5803
scc.17893
Fsc.13540
ecg.7315
ppx.33640
spe.2339
spe.7973
msl.26002
Taa.9908
spe.39127
cln.8739
dpy.12687
ppx.8642
msl.39892
ppx.3237
Ecg.5207
msl.5849
fsc.2716
scr.3237
Fsc.13953
fsc.7779
scm.8483
scc.8158
dpy.17460
scr.23289
taa.11897
sch.9545
ppx.20938
htf.4773
spe.19359
tas.481
tas.9034
dpy.4849
trc.7051
tae.3742
ppx.5173
taa.11265
ecp.7038
gys.12823
sch.6143
smm.2970
msl.25381
spe.28882
fsc.4438
smm.1777
ecp.7911
msl.17872
hym.3287
tae.3314
Fsc.10663
spe.15724
scr.1181
dpy.16229
tas.10555
scc.22706
ecg.4848
scw.16563
cln.11997
scr.1355
spe.33580
ppx.33374
dpy.6707
taa.11392
scs.4616
scj.4847
Fsc.874
scm.9107
ppx.36139
scj.8802
spe.7232
taa.11738
ecd.10327
spe.38198
gys.11216
scr.5614
trc.13933
ppx.31311
scc.4869
hyd.8514
sct.3206
Fsc.9244
ecp.1006
Fsc.27737
scs.1498
spe.7043
scs.810
cln.11182
gys.13361
scr.10061
htf.11411
ppx.26457
tas.5391
ecp.16443
spe.787
ppx.33806
scw.15932
opv.15184
spe.27708
dpy.17265
sct.2682
htf.617
scr.14147
ppx.25958
Ecg.512
sct.19293
ppx.10306
ecd.7768
Fsc.31380
Fsc.30693
ppx.16816
ecp.14957
taa.4298
scs.2173
taa.8897
ecg.1580
scr.23684
Fsc.12058
ecm.8801
ppx.35661
ppx.25100
scs.18971
hym.9476
scc.10306
scr.23272
dpy.6933
ppx.13209
msl.54942
spe.7668
fsc.1072
Fsc.22715
Fsc.31453
scj.6591
htf.5085
trc.8488
sct.2373
fsc.4711
sct.17668
htf.10063
spe.11786
dpy.1596
spe.35248
dpy.7004
scc.22570
spe.33253
spe.6212
sct.2997
ecm.2219
sct.9386
trc.17073
Fsc.26894
spe.10064
ppx.27294
ppx.1163
spe.18233
ppx.23375
ppx.12077
scc.22564
scr.11417
Fsc.28253
opv.6982
scr.21565
Fsc.24227
msl.53959
spe.14114
ppx.27112
scm.4692
fsc.11821
gys.15342
dpy.5804
scw.8730
dpy.18951
ecm.3309
hyn.751
dpy.17051
scr.15760
ecp.7535
sch.3672
scm.11470
tas.5836
scc.8049
scr.19855
dpy.6097
scr.21111
scw.2981
trc.82
dpy.14716
scs.16859
msl.36950
ecg.6013
scc.19728
ppx.7215
scj.12188
tae.4409
spe.31820
ecg.4752
scm.11199
