

cln.3608
spe.38458
msl.50628
msl.15402
Fsc.22001
Fsc.29982
scr.18616
ecp.14603
scr.808
Fsc.29430
fsc.10792
Fsc.19524
scr.11113
scr.3596
scr.12285
ecd.9055
scw.13992
Fsc.21822
scw.26121
fsc.10190
ecd.8383
scr.14112
gys.5253
ecg.6737
spe.15835
spe.5752
scw.9893
dpy.1869
hyn.7447
scr.12394
spe.22977
Fsc.29042
Fsc.13750
ecp.618
scc.6199
scw.15801
spe.20129
scr.6614
sct.22721
msc.4937
spe.30973
msc.4546
msl.1530
ecp.6225
taa.6347
tas.12069
scc.12235
scs.6820
scw.21615
scw.16712
opv.14543
scc.18589
spe.17370
hyn.1128
spe.3843
scw.18023
msl.53491
msl.50781
Taa.5044
scs.9583
Fsc.2537
hyn.12834
taa.8078
scj.6088
ecg.9818
msl.41278
tae.5673
msl.14926
hym.2336
tas.9907
spe.29310
scr.189
ppx.36185
Fsc.16938
msl.18460
scc.17745
ecm.10139
Taa.4325
hyd.7275
msl.36272
msl.13260
ecg.9560
ecm.7250
scs.7781
msl.47347
cln.2068
msl.22333
smm.287
scc.12290
ecg.6416
gys.14727
opv.11688
htf.2493
scr.22240
tas.6884
msc.8496
hyn.1833
scr.22999
ppx.33765
scs.8401
ppx.18543
sch.12049
gys.5687
gys.6570
msl.7561
scm.2491
scw.22294
tae.2106
cln.8390
ecm.6958
htf.2127
scs.2270
hyn.1519
scj.7077
spe.26620
gys.7609
msl.40731
ppx.29065
msl.39387
opv.8268
msl.2110
msl.15258
Ecg.5310
spe.13726
scs.16668
msl.14278
htf.1065
scj.12653
scj.7382
spe.4379
msl.15039
msl.300
ppx.24014
trc.6258
opv.8113
scj.11246
hyn.7588
fsc.5253
msl.31895
opv.71
msl.22116
ecg.2279
msc.7701
fsc.5350
msl.44421
msl.60071
msl.58176
sch.1525
msl.7958
sch.6729
scs.6393
scr.17791
hyn.608
scm.2913
hym.3096
ppx.15264
msl.32826
taa.10522
gys.6794
msl.21151
scw.7860
hym.722
hym.6953
ecm.2225
fsc.6611
hym.7274
opv.11498
ecp.5723
sct.8516
msl.53000
Fsc.3594
scs.17885
msl.9665
hym.9890
tae.4104
msc.5117
opv.6937
ecg.9580
ecm.2514
msc.5216
htf.9722
tas.11440
tae.7494
trc.5332
spe.35540
spe.18962
hyn.1951
msl.21784
hyd.1568
msl.55208
ecp.6129
Fsc.11479
cln.1473
msl.25813
scj.732
htf.9488
ecd.7262
scj.7693
spe.10696
scc.6561
hyd.576
msl.31599
dpy.13542
msl.36350
scr.10835
scs.1151
msl.39937
ecm.10019
scj.6360
scc.15484
taa.8424
ecg.1414
msl.38165
Ecg.9482
ecm.6267
Fsc.358
msl.25882
sct.6825
msl.30605
spe.13680
hyn.9306
htf.11098
tae.7989
sct.2356
ecg.9825
msl.7869
ecm.9398
msl.3408
fsc.3276
opv.5823
hym.4408
msl.60426
msc.6316
msl.17187
scj.1720
msl.28582
Ecg.354
ecg.2265
ecp.14742
cln.4224
ecg.884
cln.11846
msl.18670
ecp.14885
dpy.11131
msl.34342
scs.6363
msc.105
hym.11460
msl.7287
msl.32299
msl.36038
scm.7893
msl.50173
ecd.9593
Fsc.1390
Ecg.2548
ecg.9271
msl.52076
hyn.5076
scj.916
ecp.18500
hyn.11825
spe.24034
trc.21689
scm.7307
tas.10574
spe.35586
scj.11007
fsc.1759
Taa.6026
msc.1889
scc.7850
spe.30482
cln.12080
ecp.13556
scj.1527
ecd.8117
htf.9581
sct.12710
scw.20544
scj.3829
msl.32263
msl.20499
hym.11962
msl.25322
ecp.10603
ecg.9853
ecm.8436
scr.8847
msl.5685
spe.4072
opv.11436
spe.15990
ecg.9776
htf.249
Ecg.8989
msl.47163
msl.54630
hym.9292
msc.4584
ppx.33527
tae.142
gys.10720
msl.22600
ecm.4381
taa.9140
msl.10011
ecm.1712
spe.12392
htf.5284
msl.17404
msl.33793
hyn.8972
scc.1828
tas.4389
htf.1757
cln.11181
ecg.7678
cln.2750
taa.8783
msl.26935
hym.11870
sch.4940
tas.11632
scw.21698
msl.40571
sct.6339
dpy.18844
htf.1953
spe.30051
ecm.9133
scw.19633
opv.11237
dpy.2738
scs.12228
tas.6739
msl.39950
msc.8856
msl.35457
msl.58222
ecd.10157
Fsc.31866
trc.2833
msl.33186
opv.11612
taa.7351
fsc.9033
scs.11914
sct.4958
scw.4367
ecp.9844
ecg.6218
Fsc.2465
tas.3000
ecm.5806
Ecg.3774
taa.2461
hyd.505
trc.2328
ppx.27200
scc.16494
Taa.9420
htf.9301
tas.822
ppx.3902
opv.6714
tae.8221
msl.12676
ecg.1425
tas.7378
sch.8954
taa.10261
gys.8877
ppx.32516
ecp.6203
Taa.6269
fsc.9694
tas.9066
spe.7632
scm.2677
msl.37466
tae.4526
dpy.343
ppx.420
scs.6028
Taa.7383
msl.36214
ecm.3077
scr.3227
ecp.1417
tas.11852
sct.18517
ecm.4249
ecp.14758
scj.6395
ppx.3717
hyd.2896
cln.8883
msl.51649
tae.670
msl.34358
ecm.5788
ppx.21601
ecd.3822
ppx.6483
ppx.24234
cln.5945
sct.11918
Taa.6355
scs.10018
spe.29448
scj.5995
tas.3589
scm.10047
ecd.4422
msc.5587
opv.5634
scm.1715
msl.21188
spe.3683
tas.6349
Taa.9397
tae.2125
msl.21882
hyd.6380
ecd.5459
ppx.8098
sch.5116
hyn.12668
ecm.2580
msc.2777
ecg.932
hyn.10273
Taa.5260
ecd.9626
ecd.6529
sch.4630
Fsc.27079
scw.24356
msc.8998
msl.51408
msl.42914
taa.999
ppx.14067
trc.21896
ecg.6279
msc.7314
sct.22618
msl.36268
msl.59651
ecd.7670
scj.9155
Fsc.1693
scr.7979
Ecg.2832
Ecg.1402
Fsc.6177
Ecg.3189
scs.12866
scs.15105
ecd.4460
tae.9677
scr.9960
scc.2669
taa.11517
hyd.8102
ecd.1042
fsc.10525
ecp.9358
ecp.8245
msl.12440
msl.13722
scj.7540
dpy.16882
Taa.9959
Ecg.10089
Fsc.8477
tae.9310
hyn.8667
opv.529
hym.8248
ecp.7899
Taa.1419
Ecg.1459
htf.9377
dpy.12693
msl.8523
ecd.5429
taa.9372
sct.21905
hyd.9335
ppx.21688
gys.7653
hym.5103
msl.19966
msl.43865
msl.59165
scw.4323
taa.3480
scw.15019
taa.2569
hyn.10269
ecm.3214
taa.522
msl.5982
sch.10741
gys.10222
hyd.1620
Fsc.15306
msl.335
msl.49522
trc.10958
scj.7672
scs.10935
scr.1004
ppx.989
scr.21272
scm.8676
Ecg.9831
tas.7125
scs.1177
msl.18987
Taa.7123
ecm.1222
ecd.7982
msl.53265
Taa.7457
trc.12596
fsc.13342
spe.10712
msc.10386
ecp.2446
msl.30626
Fsc.4024
spe.39484
msl.15140
msl.12823
sch.270
opv.4659
ppx.29269
ecd.3482
scw.15655
msl.14781
dpy.11485
scm.4836
scm.11438
sct.14623
scs.15468
spe.36751
opv.5098
hyd.6327
sct.4490
tas.7198
scs.5724
Fsc.23605
msl.8802
hym.1120
trc.12482
scm.3780
fsc.12656
dpy.18894
Taa.8561
ecp.15172
Ecg.5394
Ecg.7532
ppx.17498
scs.17535
sct.4767
taa.11103
taa.935
ecp.1696
msl.28191
dpy.3729
msl.25395
msc.7516
opv.16171
msl.42504
scs.19990
msc.3214
scr.1926
msl.46309
ecm.7362
scj.8692
dpy.14829
msc.6030
msl.56859
msl.36879
opv.15971
spe.14498
ecg.7053
ecd.4833
scw.1667
scs.5001
scs.16755
cln.1082
msl.12199
hym.8025
msl.39188
cln.1539
Fsc.31522
Fsc.13297
sch.11053
cln.10470
hyd.4968
hym.12173
msl.3470
msl.48453
ppx.16124
msl.27301
hyd.3571
tas.6914
tas.9242
dpy.10462
hym.12342
msl.23036
msl.25690
msl.7865
Ecg.5578
tas.6001
fsc.3492
hyn.590
scs.3090
scj.2408
opv.1541
Fsc.25724
opv.12470
trc.9769
sch.10872
trc.14185
spe.14646
tae.11985
spe.5461
hym.7565
msl.20376
msl.26549
msl.23827
scs.3368
htf.10306
scr.22640
Fsc.1337
spe.24044
tas.7456
tae.11174
hym.8930
Taa.2592
msl.59580
scs.15061
ecd.5410
cln.6806
scw.11844
gys.2152
taa.10743
sch.10191
tae.6166
scw.15572
msl.59156
htf.10712
sct.11232
ecp.897
msl.7202
msl.31745
msl.37067
msl.30543
tae.438
ppx.4914
msl.33040
sct.16142
ecp.16908
fsc.6276
trc.13992
gys.4363
fsc.15642
msl.20261
trc.21143
ppx.20930
gys.5752
ecg.7977
msl.9061
scj.12676
tae.9226
hyd.10311
msl.60057
spe.24200
scm.6610
hyd.6073
msl.46940
msl.35829
dpy.6070
msl.14186
ecp.12917
scm.1004
Taa.5332
hyd.4289
opv.312
ecd.6881
scs.9853
ecg.6991
ppx.12658
ecd.10335
scm.4591
spe.33766
ecp.10798
ecm.8321
scc.1699
fsc.7072
Fsc.32431
scw.9984
hyn.8745
hyn.7408
ppx.30444
hym.2593
scm.8518
ppx.1988
htf.6294
scr.1675
trc.17687
Taa.1882
ecg.1959
msl.58250
ppx.4710
scc.3950
hyn.11046
ppx.34055
msl.9579
cln.806
msl.9968
hym.3176
htf.7740
scr.13091
ecp.9875
ecp.432
trc.1742
scm.2714
msc.2863
scw.4074
sct.19546
hym.8418
htf.9028
fsc.12811
scc.17185
fsc.15576
msl.7247
msl.6555
cln.11916
Taa.6871
scs.7122
taa.2001
ecp.11
ecp.6937
ecg.9400
cln.10231
ecg.5430
msl.25259
htf.534
msl.29981
taa.1057
scr.5679
msl.14230
msl.6276
msl.31073
ecm.7522
scj.10969
tas.8643
spe.19258
ecd.173
tae.4865
fsc.12357
taa.6226
scm.1844
gys.11334
gys.2249
htf.10377
trc.9334
hyn.8421
msl.10789
msl.44999
sch.4291
scr.9294
ecd.10067
tae.12168
tae.2962
scr.11924
dpy.7987
msl.4738
msl.953
htf.6056
scs.7728
tae.4646
scm.7706
msl.53475
scj.5962
spe.38315
ppx.28144
ecd.3412
spe.1166
scc.22512
cln.12194
gys.6561
scw.20117
tas.704
taa.809
tae.10950
gys.5579
Fsc.19334
Ecg.6451
cln.11453
ecd.9182
hyd.8080
ecm.4953
hym.792
msl.39849
tas.321
tas.12939
hyn.4988
ecp.14123
scs.1380
dpy.9619
msl.47374
dpy.13238
hyd.9735
hyn.12851
ecp.6169
hyd.2566
fsc.2410
msl.23969
scs.12714
scm.9091
scw.17245
gys.5881
scm.3555
tas.2173
ppx.35847
msl.11516
fsc.8026
sch.364
msl.14684
sch.12680
fsc.12505
ecm.1862
gys.12676
hyn.947
msl.43268
msl.36565
msl.47209
taa.10237
hym.6770
ppx.17866
msl.34096
cln.4046
ecm.4795
msc.1895
sct.9757
gys.39
scs.16555
scr.14374
fsc.4297
sch.10486
ppx.35107
msl.46628
opv.579
tas.9413
msl.26895
Ecg.7864
spe.30773
Fsc.26856
spe.39165
ecd.4509
msl.15647
tas.10621
scm.10331
ecd.8434
spe.8318
fsc.3875
tae.9763
dpy.13740
hyn.2943
sct.14579
spe.1923
spe.7374
ppx.13846
fsc.523
msl.9973
spe.17587
ecp.7264
ppx.21651
gys.8427
opv.10495
msl.59940
taa.235
tae.6668
Ecg.3797
sct.10894
scr.3473
ppx.5237
scc.17190
Taa.6535
tas.7175
msl.3684
spe.20268
msl.34412
scs.10600
tas.12036
ppx.22146
trc.6596
ecg.9419
dpy.18834
scw.8837
gys.14734
opv.1511
ppx.13161
msl.20459
scr.22659
sch.7796
msl.40876
tas.9420
scm.4125
sch.3465
tas.11730
scw.18962
ecm.1452
sct.9323
tas.1779
scr.19795
tae.11262
scw.1898
hyn.9082
sch.4832
ecg.3111
scw.17054
msl.8002
scc.11087
opv.11936
ppx.7501
Fsc.30029
spe.26469
ppx.20523
htf.4027
ecg.10534
ecp.1368
scm.55
taa.11189
Fsc.10561
taa.11567
taa.11252
sch.5329
ppx.13424
sch.11202
hyd.7711
scj.6915
scj.1033
fsc.12360
Taa.3563
spe.19227
taa.11629
sct.10954
scc.53
msl.5684
taa.11798
ecm.1239
scm.5751
dpy.17774
Fsc.23297
msl.19260
spe.23905
msl.10237
scc.13332
ppx.31881
scr.1127
cln.2220
tas.13096
msl.4899
spe.32093
ppx.14952
scw.15461
scr.12388
ecp.9566
scs.17525
scw.14025
tas.10302
ppx.27297
opv.4558
scc.6673
taa.13102
sch.10116
scc.1831
taa.10470
Ecg.4237
ecp.984
sct.5094
ecp.2202
ecp.12328
msc.9618
dpy.1253
ppx.1093
ppx.12130
ppx.32738
sct.20931
ecp.1890
Fsc.28627
Ecg.7465
ecg.3127
msl.18030
ecp.3255
sch.4382
ecp.18098
trc.20708
tae.10408
tas.8368
scs.18684
fsc.14201
sch.1465
ecg.1019
scs.19742
dpy.17290
spe.19350
cln.12697
ecg.2808
sch.5675
gys.3829
msl.58700
tae.2572
scr.5183
ppx.29929
tae.1654
scc.3291
spe.24150
ppx.3326
fsc.7038
fsc.4510
ecm.2695
hyn.6625
scc.5924
fsc.14332
scc.21675
tas.626
Fsc.18183
cln.3703
dpy.16814
Fsc.22987
Taa.3003
scj.12299
fsc.4812
hym.2401
trc.18005
msl.50341
spe.17280
scs.19859
scw.21423
dpy.3047
htf.49
dpy.188
msl.11341
Taa.9696
ppx.715
msl.40777
opv.4917
Fsc.12423
ecd.9919
ppx.25087
opv.4857
msc.1985
dpy.15299
taa.12104
ecg.8342
scc.23318
ecp.14000
tas.10455
sct.14502
gys.12569
htf.10190
scw.9342
Ecg.2882
scw.24015
scm.11419
ecd.2236
msl.15675
ppx.12213
Fsc.7906
spe.24593
tae.10125
scw.18032
ppx.13343
Fsc.23707
ppx.17675
trc.17216
sct.5996
gys.5882
ecp.4196
scc.22786
tae.11804
scs.1889
spe.15288
hyn.13564
ppx.7696
dpy.14205
fsc.15307
sct.11975
scc.15882
scm.7083
Fsc.13021
trc.4534
msc.9235
cln.6398
ecm.4228
scr.9713
spe.32824
scm.7094
ppx.22639
ppx.33164
gys.12856
Fsc.18615
fsc.3516
scc.15614
opv.1343
scr.8084
smm.3619
