

Taa.314
htf.8087
ecm.9156
msc.1732
Fsc.18805
Fsc.26073
spe.17831
Fsc.29912
dpy.1590
scc.18636
spe.34939
ecd.7764
sct.3503
Fsc.10509
Fsc.11154
scr.22168
Fsc.25975
scs.8321
scw.8650
Fsc.7138
Fsc.17465
msl.16452
scc.7221
smm.2816
scr.3290
ppx.5107
scw.8824
dpy.19835
Fsc.21754
sct.14926
tae.11610
ecd.9135
scc.1173
scr.7041
scr.6933
scc.8447
Fsc.27188
scr.16584
trc.16485
scs.7056
ecg.2212
Fsc.6791
Fsc.2890
hyn.9435
Fsc.27020
ecd.11428
gys.5323
htf.5273
sct.6934
scc.4863
dpy.1848
opv.15236
scc.1212
sct.17145
scr.5665
spe.27664
spe.34222
spe.9446
spe.37974
scs.1418
Fsc.17528
ecd.4343
ecp.4512
ppx.6177
ppx.33136
spe.382
sct.1019
tae.5801
ecd.10131
Ecg.7224
hyn.1985
scw.11578
gys.13952
scc.18827
scc.18351
cln.10933
ppx.33051
opv.679
ecg.9075
msl.14923
ecp.3395
ppx.32399
ecd.6115
scc.9828
scc.5461
scm.790
scm.1926
ecp.1297
ecm.10130
spe.25460
ecp.15530
scs.2401
ppx.862
ppx.10313
htf.7262
trc.9285
ecp.5036
fsc.1423
ecp.18242
ppx.14827
tas.6966
scs.15494
spe.29944
hym.107
spe.10860
ecd.4660
ecm.136
msl.45485
ppx.27452
Fsc.15722
hyd.9614
msl.26976
Ecg.3938
Ecg.8875
msl.47592
msl.14704
ecd.2654
Fsc.8781
gys.4415
gys.13754
Ecg.2112
msl.18599
msl.50407
cln.11443
fsc.676
htf.5616
ecd.10092
ppx.12505
ecg.6701
msl.46736
htf.7353
msl.8728
sct.16167
msl.15257
ecm.7586
hyd.5160
opv.9295
Fsc.26515
msl.18431
sct.10486
Ecg.1635
htf.8913
taa.2545
scc.5306
tae.9164
opv.11448
dpy.9206
msl.25561
trc.6922
scm.1975
dpy.10436
Ecg.8521
opv.10688
tas.3744
scr.16255
msl.10926
msl.38079
Ecg.8688
taa.8255
sct.8387
ecp.2534
scj.3724
Fsc.10839
fsc.13317
opv.14095
msl.17435
ppx.23976
tae.2445
Taa.9886
scr.8224
ppx.15697
cln.9073
msl.9204
msl.43022
cln.1290
msl.54249
Fsc.30777
msl.41364
msl.44896
scr.6119
Taa.8021
msl.32764
msl.16621
cln.383
taa.1054
tae.11539
ppx.20890
hym.10797
tae.1501
tas.5429
hyn.4096
Ecg.6519
dpy.9172
tas.11449
ecd.802
htf.8590
sch.1308
taa.5227
htf.11379
Taa.236
ppx.11141
msl.38560
opv.7779
opv.5194
fsc.2452
hyn.1062
hyd.7481
msl.42828
trc.10921
sct.20249
taa.6415
msl.15759
spe.38118
sct.6396
scs.17076
opv.14865
ecm.2424
msl.43129
msl.44491
sct.2357
trc.670
msl.57131
msl.15597
msl.46977
htf.2155
trc.13141
tae.5823
tae.3217
msl.5896
tas.12713
scs.16813
spe.16094
ecd.3900
spe.10938
spe.7603
spe.32535
spe.22770
taa.4387
scm.607
spe.6059
scs.6035
ecd.6106
Ecg.256
tas.3603
ecp.10280
fsc.3782
msl.15918
scr.690
scr.7931
ecd.4542
taa.8552
ppx.6629
spe.22298
gys.10792
tas.5809
msl.50502
msc.2576
Fsc.14405
tas.5534
sch.5724
ppx.5063
msl.1637
ppx.19065
htf.7859
spe.9279
Fsc.33365
msl.4693
tae.824
Ecg.2546
gys.11999
ecd.3296
msl.54809
msl.34697
msl.16164
ecm.7817
sch.10636
ppx.938
hym.11106
msl.33865
htf.6936
msc.8270
ecd.1090
sch.6829
Taa.6806
scs.7152
cln.9710
ecp.11794
msl.42768
Ecg.5695
cln.11771
sct.618
taa.5614
Fsc.11525
tae.3997
msl.46045
Taa.9194
hyd.173
scs.8186
sch.11072
msl.45446
spe.17815
taa.2576
scj.3477
scc.756
ppx.24800
scs.11382
spe.13339
scr.3289
ecp.11324
taa.11100
opv.6641
msl.24508
scs.2205
msc.4262
msl.44439
Fsc.1169
sch.3126
taa.10110
spe.22494
scc.17399
spe.14570
hym.435
msl.3086
opv.494
msl.32440
msl.46895
dpy.4137
scr.17628
ecd.4114
msl.12868
tae.1891
ecm.10302
ecm.9641
trc.6805
ecp.6682
msl.46605
tas.11983
hym.8495
msl.458
spe.31853
ecp.8128
scw.23941
msl.25016
scm.6398
Ecg.5189
Taa.3930
scs.4093
spe.10478
hyn.4086
msl.51617
msl.45027
msl.11371
tae.6576
scc.1366
dpy.105
msl.40631
dpy.14934
Taa.9142
tae.1264
ppx.7259
msl.35667
msl.13785
htf.253
Ecg.9046
Ecg.442
sct.7819
taa.8701
opv.2172
msl.34820
msl.55648
scw.943
scc.20522
ppx.789
scc.15150
msc.1371
scc.2825
msl.10963
fsc.14164
ecd.9102
msl.24456
taa.8438
fsc.15364
cln.558
Ecg.9499
hyn.4126
fsc.15537
msl.57314
hyd.9432
hyd.4846
sct.19321
msl.27711
ppx.34184
ppx.10076
msl.58424
ecm.730
ppx.6178
ppx.30633
ppx.24085
dpy.15823
ecp.3837
scm.6891
msl.52714
spe.30749
Fsc.1061
cln.7575
scj.11625
scr.2031
sch.6476
ecg.4071
gys.12316
cln.8884
msl.50515
spe.17363
msl.34357
spe.31053
tas.3947
msl.27881
sct.8293
dpy.9079
scc.18100
ecd.3333
taa.5770
sch.5036
Ecg.5208
ecm.5350
htf.7571
gys.992
taa.2756
tas.2642
scs.6657
htf.8958
hym.11525
sct.919
scc.20559
msl.17144
msl.29430
hyn.1433
msl.49530
msc.5984
msl.46294
sch.8400
msl.24401
gys.12999
tas.9246
scj.4478
ecg.3873
scr.24078
msl.51306
hym.5766
tas.2570
sch.543
tas.2755
ppx.15606
scs.12089
scs.666
opv.16294
opv.14475
scr.2406
ppx.30641
Fsc.8131
ecm.8911
msl.36263
smm.522
spe.32125
sch.6901
scc.9154
scc.3747
hyd.7244
sct.7525
msl.10903
msl.35980
ppx.13191
trc.5885
ppx.32950
ecp.13336
scj.6867
scr.11941
ecm.2665
msl.53590
gys.14718
hym.137
ecm.6563
scr.15676
tas.8751
ecd.2527
ppx.19159
msc.572
scc.8636
Ecg.10087
spe.35391
scm.9895
msl.41960
ppx.12794
tas.1620
msl.59861
sct.8981
msl.16643
msl.44535
scm.400
opv.14627
ecd.5420
fsc.12925
msl.34232
gys.10559
ecm.4936
ppx.12554
spe.3494
msl.12048
scr.19146
msl.9291
scc.1909
trc.16365
tas.13031
msl.39126
tae.8391
cln.3566
ecd.8865
hym.3131
msl.57110
sct.10790
dpy.945
hyn.1043
hyd.968
hym.2386
scr.6707
hym.4614
tae.5730
ecd.2307
ecp.17135
ecp.2994
hyd.7090
ppx.9225
scc.22458
msl.4576
scs.3149
hym.318
scs.11180
ecp.9444
hym.1747
scw.25593
msl.22301
gys.1108
hym.10324
Taa.358
ppx.22094
tae.2818
cln.9112
scc.22761
scr.16643
spe.23559
spe.5810
smm.540
msl.32994
hyd.1694
scw.10351
ppx.37579
trc.19665
msl.50881
ecm.9292
taa.3102
hyn.176
fsc.11112
Fsc.26873
gys.1979
spe.21227
scm.9677
opv.3035
msl.39344
hyn.3385
msl.17145
scm.1549
msl.15540
dpy.13725
hyd.5490
scc.12092
msl.12785
msl.23400
dpy.14976
sch.8883
opv.8309
hyd.8411
scs.8796
hym.3947
msl.37215
gys.2417
trc.2707
msl.40221
sct.3730
sct.9992
scs.13696
msl.60225
Fsc.15255
msl.220
msl.1747
hyd.10038
Fsc.24649
msl.8934
dpy.5359
ecd.5448
scs.7915
trc.18748
tas.10492
scc.7464
scs.1065
scw.9074
trc.4493
gys.6695
Fsc.303
msc.10350
ecp.3743
msl.44565
msl.41534
taa.10345
hym.9543
msl.57840
msl.23140
hyd.4967
cln.8862
msl.353
smm.2198
scs.2092
fsc.12342
ppx.30901
trc.22025
msl.7587
msl.45247
scs.16388
hym.9812
msl.25697
msl.39764
ppx.8886
cln.12577
msl.59213
scc.2321
msl.32195
dpy.3312
Taa.6755
msl.55324
trc.5612
ppx.31552
opv.15877
msl.21705
ecm.9074
scc.9557
hyd.8838
tas.9810
msl.44921
tae.6930
scc.3956
smm.407
scw.901
dpy.13861
ppx.13472
taa.3989
Fsc.2317
htf.6198
tas.8933
Taa.3465
taa.1061
msc.6543
msl.33362
scj.4931
hyn.8818
trc.10801
fsc.2772
gys.6130
ecp.4599
taa.5286
msl.58200
tae.3299
hym.3063
msl.43309
scj.6736
Fsc.20178
ecm.8758
scr.14909
fsc.4322
hym.10078
ppx.20562
scw.18959
msl.27464
dpy.228
ppx.1940
scs.5555
taa.12135
msl.54315
spe.39234
msl.49896
Ecg.8544
hyd.9436
scr.1788
msc.5697
ppx.8871
msl.18990
msl.24809
dpy.5460
scm.6618
msl.28623
spe.22323
scs.228
msc.766
msl.8796
dpy.10102
spe.33394
spe.20761
ppx.5139
spe.11513
msl.42518
scj.7508
sct.7667
cln.936
taa.12005
Fsc.16834
msl.10597
sct.20419
scw.23427
Taa.4448
sct.8534
scm.2409
ppx.27847
fsc.12659
ppx.4612
dpy.4423
scm.5486
msl.43246
ppx.20281
hyd.3741
cln.3951
spe.32725
ppx.24396
htf.7481
msl.58257
gys.7973
dpy.4811
hyd.4115
hyd.10157
opv.15815
opv.13241
Fsc.16314
msc.1639
taa.9388
scw.20153
msl.28183
hyn.6157
msl.24719
msl.52862
cln.11802
ecm.818
sct.11772
hym.8413
sch.11854
scw.2144
tas.8463
taa.5243
tas.7163
fsc.1781
ecp.1352
fsc.12993
msl.28688
spe.16142
sct.1402
scs.4164
trc.10104
fsc.12678
spe.21736
ppx.21508
sch.1394
taa.6703
ppx.14908
sch.2093
msc.7864
scs.13374
hyn.1109
ecp.1650
msl.53127
msl.26353
hyd.423
ecd.6218
opv.4718
scr.6184
scw.994
msl.31243
scw.25173
dpy.15376
msl.30542
opv.15162
ecd.6797
msl.56275
scs.2862
trc.3404
scw.9267
Ecg.1078
ecp.2577
dpy.2072
tae.1805
ecp.17493
tas.2166
cln.9773
dpy.5188
tae.2886
ecm.674
msc.8749
ecd.2215
msl.36161
Fsc.1805
scs.11247
sct.8690
taa.3397
htf.8683
msl.23245
Fsc.15211
scc.1430
hym.7929
scj.2684
scc.8440
fsc.14670
Fsc.11126
scr.10434
sch.7711
ecg.431
spe.25351
spe.15348
spe.39096
scj.264
msl.9451
scw.21316
scj.3691
ecp.14125
Taa.7542
ecm.1644
dpy.3023
opv.1677
hyd.1524
ecp.16668
scc.20941
ecm.6628
fsc.2415
fsc.8475
ppx.7921
cln.12730
scr.24077
scr.4732
ecp.5252
tas.8915
ecg.2501
msl.37950
cln.6391
msc.1383
msl.38854
htf.1805
ecg.8678
ecg.489
tae.3591
hyd.10899
taa.5477
Fsc.2114
msl.47205
ppx.16315
tae.3251
ecp.11660
cln.10584
sct.10648
opv.8371
msl.57427
sct.5471
ppx.11358
opv.4674
msc.1835
sct.11485
Fsc.11308
htf.4332
msl.46624
opv.576
fsc.8110
hyn.5321
Fsc.17619
ecg.5494
hym.688
scw.21137
tas.8238
ecp.2656
scs.9368
sch.281
tas.9815
opv.4862
msc.6949
spe.34817
tae.1461
scs.14140
hym.849
gys.594
taa.6075
taa.647
ecm.2170
tae.8468
scw.14619
htf.1897
Fsc.7817
hyd.3052
msl.43773
gys.9147
scm.8396
ppx.28678
Ecg.3799
msl.57623
htf.631
dpy.11325
opv.12668
fsc.15566
scc.15901
ecd.4995
fsc.10302
hyn.2011
dpy.4593
scr.15285
ecd.6549
ecd.66
ecd.8911
scc.3577
taa.13089
msl.48622
dpy.19130
ppx.11873
spe.19877
trc.17754
scr.11589
Fsc.31372
spe.30538
ecp.15759
spe.9090
opv.8722
ppx.3777
fsc.12444
spe.34153
ppx.4779
ppx.34452
tas.8770
scw.21398
sct.382
ppx.37706
spe.14947
htf.4180
hym.8833
trc.8343
fsc.798
ecm.9470
Taa.54
hyn.2297
cln.203
msl.15445
sch.651
gys.12526
hym.186
Taa.6777
ppx.12822
taa.12732
msl.14479
taa.4693
fsc.7751
sct.14029
tae.9224
Ecg.7488
ppx.19926
sct.17081
opv.2028
Ecg.6722
scm.401
ppx.28232
cln.7642
hym.1834
trc.13995
ppx.5070
msl.26913
spe.32986
trc.14884
Fsc.18239
scc.21172
Ecg.3650
Fsc.11252
scs.13036
scw.26076
Fsc.26434
tae.7706
dpy.18551
taa.9965
scm.5400
fsc.13331
sct.7349
tas.10008
tas.6340
trc.17077
dpy.1572
trc.5026
tae.3318
msl.38449
ppx.17397
sct.9153
spe.26183
ecd.11232
scm.11048
msl.50901
ppx.25458
scr.20264
taa.13016
scc.4882
sct.19232
hyn.7102
hyd.2677
scw.1971
spe.3315
trc.8805
trc.9649
ppx.30649
taa.11664
scs.16405
htf.6344
dpy.8426
Ecg.4610
ppx.35503
Fsc.18357
sct.4139
taa.5885
scr.4053
Ecg.8613
ecg.3517
opv.11455
taa.10224
smm.1752
scw.21021
taa.4449
ppx.19646
scc.9837
scm.10281
hym.1352
trc.9022
taa.11918
Fsc.24192
ppx.3943
scj.7653
trc.18015
spe.26775
dpy.15772
ppx.6916
sct.17544
spe.6993
dpy.9811
gys.10432
scw.3810
spe.23220
ecp.10535
scs.19945
Fsc.5023
msl.33533
tae.4751
ppx.29625
scm.3627
spe.31479
scw.511
scc.3168
ppx.14513
htf.279
scr.23186
ecg.4837
gys.13319
scj.8481
scc.7450
ecm.9627
ecm.1649
taa.168
spe.27641
scr.6860
spe.34739
scr.20241
spe.16492
spe.37764
ecm.4469
hyd.4560
Fsc.20350
trc.15618
tas.5255
scs.15576
trc.15166
scc.6184
trc.4563
spe.33437
spe.31551
sct.17959
ppx.2580
hyn.5995
ecp.7720
spe.5772
htf.9302
opv.14057
dpy.15834
gys.4190
sch.9972
ppx.8262
Fsc.17681
scr.19019
smm.3814
ppx.27825
scr.12575
ecm.6803
opv.9178
scc.7054
taa.3149
msl.37241
msl.29736
fsc.14926
dpy.17288
ppx.36331
scm.10240
msl.37277
scw.17855
dpy.6969
ppx.35495
scr.18812
dpy.1095
scr.23352
ppx.1095
scs.19921
scr.8085
hyn.3161
tae.4906
fsc.1814
trc.7368
scw.12863
ecd.4645
ppx.583
