

htf.9337
scr.6822
ppx.17951
scs.8641
Fsc.11719
Fsc.25677
Fsc.6030
sch.1218
Fsc.11280
sct.1293
tae.5852
Fsc.16695
dpy.19582
scr.956
scr.2191
Fsc.28679
scr.15985
scr.22122
ecg.6574
spe.26443
Fsc.30460
spe.36641
Fsc.26780
scs.1748
scm.11495
ppx.36153
sct.18874
Fsc.18185
scw.829
Fsc.14874
spe.1283
spe.7428
ecd.10293
sct.4018
scr.8542
fsc.1870
scc.16749
Fsc.15638
scc.12955
spe.25164
hym.6346
dpy.11140
opv.7043
spe.24534
Fsc.30280
scc.14420
scw.21439
tae.7370
ecp.8481
Fsc.13612
scw.14525
scm.1175
opv.11027
ecm.2333
sct.4340
trc.6198
msl.36250
scr.3494
scr.10858
cln.13519
gys.4618
hyn.1933
hym.7247
sct.7704
scc.10353
ppx.36492
Fsc.6857
scm.10235
htf.2710
msl.31041
spe.21940
spe.23779
sct.17251
opv.15595
scw.26063
scs.10859
ecd.2948
taa.4528
hym.4691
msc.7369
cln.4486
fsc.12323
ppx.37246
scr.6872
spe.2869
ppx.10297
scr.20969
taa.8952
ecg.6360
msc.4226
Fsc.2273
ppx.13665
spe.39075
Taa.1039
scs.3652
hyn.9055
cln.9654
Fsc.167
msc.4490
hyd.6298
Ecg.3567
tas.1923
hyd.750
msl.3334
sch.9874
fsc.4960
ppx.28987
taa.7004
dpy.6471
msl.14997
scm.9266
scw.19849
tas.11944
sct.15990
msl.54998
scj.12617
scr.20717
msc.7085
hyd.7419
scr.10426
msl.53974
fsc.12955
taa.1438
taa.6663
tae.5397
msl.34230
scw.4366
msl.30822
msl.22960
cln.6751
msc.9576
msl.43322
htf.8088
taa.12049
opv.1604
ppx.6166
msl.17701
taa.9370
gys.10216
taa.5098
ecp.2071
msl.12901
ppx.28823
Fsc.28905
hyd.8602
ecm.3081
sct.6552
Fsc.33140
scw.24489
opv.6653
tas.4830
scw.22465
ecp.3588
spe.23777
Taa.2471
msl.59227
msl.23141
ecm.10353
opv.7412
hyn.12645
Fsc.592
scw.2753
hyd.8121
fsc.5946
opv.2715
scc.14993
Taa.8445
trc.16948
msl.23526
scs.8122
taa.12757
hym.4550
Fsc.12012
spe.35377
tae.8649
Ecg.5901
Ecg.8414
ppx.37299
msc.2160
hym.10611
ecm.6054
Ecg.3818
msl.30537
sct.6827
sct.6260
msl.26642
hyd.2697
msl.25183
taa.6153
msl.17502
ppx.4845
scw.25577
tas.5582
opv.13599
tas.1144
ecg.9605
msl.21411
spe.23121
hyd.8421
msl.48912
tae.1053
scm.2323
Ecg.8301
ecd.2193
tas.8071
Ecg.3997
ecm.7479
scw.3582
msc.9817
msl.42375
taa.8567
opv.11515
hyd.7177
taa.2182
ecp.15635
Taa.3995
Taa.1790
msl.54711
scw.20719
ecm.1148
ecp.2588
sch.7823
msl.29889
msl.6887
ppx.12817
sct.5953
spe.5150
sch.6633
ecm.5000
msc.611
scr.8888
hym.3793
scw.9417
opv.7782
opv.834
taa.4968
msl.2753
Ecg.4250
tas.1312
msl.25993
gys.5873
msl.59616
tae.7421
fsc.11134
cln.11778
ecd.9001
scr.10481
ecd.5233
scm.8528
sct.10274
taa.4651
msl.20654
ppx.14305
spe.7893
msl.35437
Taa.5273
ecm.597
sct.463
msl.43388
ecg.4232
msl.32433
gys.2979
Fsc.5927
tae.6881
hyn.2095
ppx.34123
msl.15777
scr.15935
ppx.7376
hyn.4700
cln.4475
gys.13646
Ecg.9707
hym.8977
Fsc.19212
Fsc.27581
trc.473
htf.6108
scc.6616
htf.6131
msl.18912
Taa.7754
hyd.3989
msl.28265
msl.38942
smm.3256
msl.32182
scr.17196
ppx.17914
fsc.6804
ecm.183
tas.5786
opv.10919
hyd.5975
msl.23583
msl.5948
taa.347
gys.10982
fsc.2435
ppx.36888
spe.7757
msl.31901
ecp.12169
scr.6710
scr.12757
ecp.14408
scs.3221
msl.41715
Fsc.9768
scs.8270
spe.33163
cln.2498
ppx.19477
tas.3229
scc.3652
tae.9549
spe.38784
ecp.7003
htf.8762
sct.495
ppx.14479
msl.45159
msl.31139
htf.2633
ecm.4119
scm.146
msl.56157
tae.6029
msl.44903
htf.4417
hyd.7067
taa.2586
scm.8179
opv.14969
taa.3281
ppx.33648
msl.59858
cln.13566
Fsc.7008
taa.4737
spe.24341
ecd.7873
tae.761
scm.8685
Taa.4824
msl.20018
opv.12527
ppx.31226
msl.36902
scj.8235
ecm.5730
tae.5417
tas.1762
ecp.4438
msl.31760
scs.18289
msl.56735
msl.25356
sch.10772
msl.36707
msl.12234
Fsc.15311
ecd.3235
trc.2285
opv.6337
opv.11818
scr.8194
htf.7395
spe.18996
ppx.16671
htf.1382
spe.11057
ecd.5298
msl.5239
Ecg.7341
scw.11256
ecp.9741
cln.5318
hyd.51
scj.7177
spe.13070
cln.3881
fsc.34
msc.10393
scw.10131
hyn.12561
tas.2781
ecd.3911
scm.3927
msl.37874
scw.23308
scc.3356
spe.10190
scr.1183
Ecg.1314
cln.13244
ppx.12772
sct.19712
tas.6950
Ecg.7835
ppx.3696
msl.55527
sch.7188
sch.12015
trc.4323
Taa.1157
Fsc.6203
msl.28430
ppx.35208
msc.10486
msl.35401
tae.9059
scw.21989
scs.16101
msl.4708
scm.2989
Ecg.3505
scs.14696
opv.15444
tae.449
spe.37866
ecp.4746
Fsc.21938
tae.5580
spe.12505
ecd.5591
cln.7505
sct.20200
hyn.3524
taa.841
tas.8996
scw.3311
cln.2943
Ecg.3668
msc.9793
fsc.6411
tas.7
spe.3930
msl.22008
hyn.7910
tas.4791
Taa.1211
ppx.19312
dpy.2201
hyn.7232
taa.804
ecd.7656
scj.7204
hyd.5147
scr.5657
Fsc.834
fsc.4986
Ecg.2339
ecp.1636
ecg.9044
ecp.16943
tae.9507
msl.44800
msl.33981
Ecg.3711
msl.52986
ecp.11930
dpy.8003
msl.21445
ecg.10278
taa.3644
Fsc.17152
ecp.7919
hyn.3328
scr.8506
msc.1020
hyn.937
opv.3793
msl.33232
tae.2230
sch.11129
ecg.8017
scm.9495
ecm.3806
scm.6449
spe.35664
gys.6272
sch.5886
scs.5231
ecm.1920
tas.12784
scm.4331
opv.7629
spe.30608
tas.11979
msl.30456
tae.12089
msc.7470
scw.6168
scw.17390
taa.5234
msl.22761
msl.7676
sct.1109
msl.11447
scm.932
trc.9434
spe.33954
msl.134
msl.43415
scj.1388
tas.12850
tae.10546
msl.51359
msl.27820
scj.3867
hyn.13631
fsc.11641
msl.58160
msc.898
taa.1851
fsc.10822
msl.59453
spe.53
scr.15946
ecp.17819
cln.12713
sch.5959
cln.5768
msl.26846
msl.18494
scm.5530
scj.5347
msl.28723
spe.19611
hym.10770
tas.839
sch.3908
scs.10632
Fsc.26532
taa.10947
ppx.4002
msl.57157
Ecg.10232
taa.10211
ppx.32082
msl.7023
msl.39369
hyn.13684
scr.15628
scr.5633
ppx.33252
sct.10644
msc.6706
opv.8018
spe.875
scs.10375
msl.40887
spe.31308
sch.4490
tae.2432
cln.9571
msl.53054
Ecg.7808
Fsc.133
msl.9652
ppx.30457
msl.50487
msl.35598
htf.4212
gys.10031
taa.1844
ppx.36547
scw.20331
ppx.10634
msl.22308
hyd.2725
ecm.2685
Fsc.965
trc.1526
ppx.19232
msl.30055
dpy.11804
Fsc.12358
sch.858
scw.24803
cln.12214
ecg.9256
msl.43750
gys.1806
msl.51995
opv.4995
dpy.3854
ppx.13408
tas.8813
Fsc.8998
msl.4032
opv.10609
scs.17364
msl.58662
htf.1971
msl.12303
ecm.10026
sch.3197
sct.9072
dpy.8470
msl.51689
ppx.19304
dpy.12484
gys.4003
opv.3322
msl.14736
cln.3479
ecp.1184
ecm.4760
sch.8070
msl.6267
spe.30904
msl.22548
tae.3614
msl.2785
Ecg.4200
ecg.3511
scw.6044
tas.1807
gys.8317
cln.5377
msc.10019
Fsc.1029
msl.59399
opv.15159
msl.53983
scj.5650
tae.9930
tas.2158
spe.39054
ecd.10077
spe.16465
tas.6485
trc.15500
ecm.3383
hym.5201
sct.18387
Ecg.2232
opv.12985
scc.23473
Fsc.14700
Fsc.9078
opv.1913
msl.59742
msl.28917
ecp.15010
msc.6211
msl.51106
taa.4890
dpy.12701
ppx.31667
tas.9463
dpy.10126
trc.12779
spe.21891
scm.2327
taa.12273
ecp.5341
scc.917
Taa.5130
ecm.4368
tas.7486
trc.12081
ecg.979
scj.8875
Ecg.8530
spe.16709
spe.15635
Ecg.2854
msl.48271
dpy.2362
scs.18505
htf.7425
sch.10757
scm.9337
tae.7039
scc.21440
hyd.9000
tas.9994
msl.39542
ecg.5520
msl.9388
ecp.11152
ecp.11979
sch.7637
gys.4484
msl.23621
taa.3607
msl.38869
msl.10940
hyd.11049
scr.20854
scs.12414
ecm.8127
tae.11496
msl.30998
scc.11101
trc.11652
scm.2973
scm.9456
cln.10596
gys.10305
ppx.16751
scs.10542
ecm.2811
fsc.15725
msl.29264
cln.6130
scm.5648
ecp.2682
msl.51158
gys.12751
ecg.10001
tas.8583
hyn.5336
hyn.140
fsc.11101
ppx.27061
spe.24371
scc.20390
scm.7222
scc.17290
ecd.325
hyd.1991
msc.6155
msl.56939
scs.7872
spe.28900
scc.3545
spe.1336
msc.6698
gys.8055
fsc.14929
tas.3411
msl.56844
tae.4619
tas.7693
ecp.7278
ppx.15960
Ecg.8367
hyd.9651
ecp.4030
tae.11990
opv.2104
Taa.5975
opv.12180
hym.60
ecg.3439
tas.11693
hyd.1279
Taa.583
ecp.6244
trc.10223
msc.1930
scc.17889
ecm.5470
Taa.4664
msl.42198
scw.23955
Ecg.9467
spe.15535
scm.6745
sch.913
msl.44089
tae.3968
opv.11032
msc.3848
sct.36
fsc.4345
msl.44366
Taa.8587
Taa.10006
tas.1723
scs.20110
msl.47551
gys.9802
hym.6287
msl.17662
taa.9990
scw.3402
opv.612
opv.14691
ppx.16826
trc.13007
scc.310
fsc.12706
gys.1256
scs.5817
cln.1535
Ecg.9202
ppx.9069
opv.7496
ppx.37531
taa.4007
ecp.5164
msl.29120
msl.9915
ppx.15565
msl.56181
msl.1790
Fsc.21948
opv.10498
Fsc.1530
ecm.3133
trc.3987
Ecg.8841
tae.4233
msl.14433
hyn.305
scm.7325
ecg.1610
sct.17090
trc.13608
taa.8351
hym.7068
Ecg.7190
tae.1543
msl.9129
sct.11365
msl.13594
msl.7380
gys.1735
opv.8274
hym.6108
msl.15240
msl.13411
scr.7047
dpy.2378
cln.7339
ppx.31428
Taa.4810
tae.1272
tas.2320
hyn.2518
ecg.6221
ppx.2607
tas.6094
opv.13426
spe.13316
trc.6379
tae.288
ppx.17152
cln.7046
scs.13630
scj.6764
msl.17075
fsc.10351
scr.19236
ecm.1243
spe.26680
fsc.867
ecp.6957
trc.12339
tae.6994
msc.1910
taa.4509
Fsc.26833
trc.10160
dpy.11894
ecm.2792
hyn.11142
msl.44108
Fsc.21315
htf.548
Fsc.25376
scr.9106
scj.987
ecm.8030
ecg.8483
sct.15938
tas.1890
sct.2585
ecp.4109
sch.9729
opv.12089
scs.15683
msl.46218
hym.10782
hyn.10031
taa.5349
scr.6980
opv.3650
msl.32369
scj.2472
gys.4090
cln.9629
dpy.4802
spe.13420
scm.8960
cln.12951
opv.14369
ppx.7279
tas.5835
msc.8363
taa.5044
tas.2102
smm.2467
msc.7532
spe.36023
Fsc.17041
ecm.7850
msl.42343
msl.48183
scm.8455
fsc.12038
ecm.4291
sct.18728
spe.37143
tae.3778
htf.3255
hyd.2632
msc.3648
msl.38987
Ecg.4775
msl.44646
gys.10944
spe.4209
spe.35123
scm.11400
dpy.1274
spe.25232
ecd.11254
sch.4991
ppx.7603
ppx.25700
taa.9988
tae.7941
ppx.20791
taa.8803
Ecg.1223
smm.1359
taa.11660
ppx.2165
scj.7583
msl.4527
spe.6979
gys.1923
dpy.14932
spe.38530
gys.911
spe.21763
ecd.7470
sch.10816
scc.18741
dpy.17530
scr.18241
sct.19459
spe.3085
ppx.23470
ppx.10353
ecg.4140
hyn.7428
msl.13176
ppx.17121
ecd.10062
scc.9339
taa.12147
Ecg.3284
scw.14939
scr.15265
Ecg.3869
scw.1380
spe.2716
hym.11982
opv.288
gys.14785
taa.11164
ppx.37219
Fsc.13975
scr.17646
msl.18616
hym.6613
tas.7479
taa.10222
ppx.3560
opv.16354
ecp.4842
msl.14486
ppx.9558
Fsc.27290
sch.4814
spe.14692
sct.20539
Taa.2572
ppx.4144
hyn.10358
sct.3930
tae.5737
dpy.3581
hym.11065
ppx.7593
msl.38018
opv.8098
Ecg.10184
ecp.6432
msc.4287
trc.2952
scr.770
fsc.13985
spe.37666
ppx.29736
spe.25473
spe.4610
spe.27774
hym.11483
spe.2313
ecp.9195
ppx.9827
scr.1169
scj.7851
msl.29835
spe.29578
tas.208
taa.10749
spe.34405
hyn.7772
sch.6594
htf.2045
tas.10434
Ecg.5031
Taa.2946
sct.13871
tas.12037
ppx.32101
ecg.877
Fsc.13550
taa.10563
scw.6503
spe.27782
spe.31868
Fsc.16649
ecd.2736
dpy.18606
spe.145
ecd.5700
scj.4125
msl.4086
gys.3029
ecd.8728
msl.2271
scr.14337
fsc.8631
ecd.92
Ecg.6432
hyn.8987
ppx.23168
dpy.7312
ppx.24241
Fsc.20460
taa.10562
msl.59840
ppx.15135
tae.1516
Fsc.26387
ppx.35680
scw.23591
scj.9171
msl.51917
ppx.14402
ppx.8291
hym.4742
ecm.1669
msl.60279
ppx.12754
ppx.7271
ppx.30849
ppx.7299
ecp.8170
msc.1550
ppx.14421
sct.10286
tas.11989
sct.12570
spe.16420
spe.31760
gys.14788
ppx.32833
scr.2864
ppx.16586
ppx.6278
Fsc.5286
scs.6483
gys.13717
sct.12146
dpy.8030
sct.22667
scs.2253
msl.29630
tae.6840
gys.6449
trc.6779
trc.12367
Fsc.26321
scw.12810
scm.8299
scw.24546
ecd.1395
hyn.3946
ecp.1471
smm.91
sct.18623
opv.6266
sct.10662
spe.23525
scr.9558
scr.17733
scr.17749
scs.19309
tas.8771
ecd.11310
ppx.30982
trc.20721
ecp.14400
sct.21255
scs.330
scc.3058
spe.38733
hym.9219
spe.16772
scw.16463
ppx.13043
ecm.8937
scj.8901
sct.13950
