

msl.58872
Fsc.17564
scm.5255
scs.11800
Fsc.17150
Fsc.29221
trc.18900
Fsc.5208
scr.15941
Fsc.17535
Fsc.30984
dpy.19966
Fsc.29569
scc.6579
Fsc.32756
ppx.24208
ppx.4776
scc.22900
scw.14352
Fsc.29220
Fsc.29192
Fsc.32589
Fsc.19065
scw.20470
scj.8651
htf.9801
scc.22918
scr.6446
scc.18159
scr.6541
scw.13158
smm.112
scw.17993
ecd.9425
ecg.2317
Fsc.12130
ecd.10005
sct.538
Ecg.644
trc.7026
msl.43374
trc.3785
Fsc.18999
sct.11695
ppx.31160
scc.11375
spe.22919
scw.419
spe.6983
fsc.12482
dpy.7885
spe.29719
Taa.292
Ecg.8396
hyd.9136
spe.18258
msl.40951
ppx.6113
scs.13309
scm.8302
ecg.4553
Ecg.2362
ecm.2387
msl.58409
smm.3732
ppx.10680
ecm.5914
tas.4929
taa.11459
msl.40851
dpy.16355
msl.28031
sch.11411
scs.15990
ecm.2321
ppx.23083
Fsc.6920
htf.10296
msl.58061
cln.9448
sct.7557
dpy.2747
Taa.3536
scr.929
taa.9107
Fsc.20118
ecp.13305
Taa.5205
tae.2177
tae.7093
msl.51543
msl.45119
spe.33323
dpy.5626
taa.4481
scs.1153
hym.2025
scc.7304
msl.57175
scr.3934
msc.7545
msl.43603
scw.3564
hym.12214
scc.10302
scw.10871
sch.1028
gys.12809
spe.10775
msl.44141
ppx.34449
ecg.5986
htf.6282
ecm.2938
spe.16680
scm.5985
msl.11988
scs.3062
hym.217
ecp.9412
scr.1533
ecd.1630
msl.11827
msl.48217
hyn.5106
scr.9887
msl.25310
sch.10738
opv.8797
opv.14419
gys.7353
hym.8529
ecp.5910
sct.2277
trc.15654
tae.1776
ecp.5246
htf.221
msl.15974
tas.9712
scs.10741
msl.4970
msl.53319
ppx.24424
tae.155
Fsc.1157
msl.57819
ecp.14821
taa.8470
ecg.1469
Taa.6704
spe.12389
ppx.15715
msl.50640
scj.4173
ecg.3960
opv.1477
taa.4217
msl.3280
trc.9612
spe.5121
cln.911
msc.940
msl.26909
opv.4706
ppx.21704
trc.8092
ecp.2394
fsc.7019
ecd.7080
ppx.1192
opv.10063
taa.6701
htf.7532
fsc.2210
opv.2587
msl.44061
scc.1020
Fsc.32649
msl.56370
ppx.22756
spe.33061
spe.26226
ecd.3082
trc.5486
scj.5853
ppx.29996
spe.10804
scr.5982
hyn.10170
gys.10244
msl.47477
ppx.12687
ecg.1756
htf.10381
cln.13421
hyn.8032
msl.24028
hyn.4261
dpy.4717
ecg.4999
tae.8577
hyn.3299
msl.59506
ppx.33583
ecg.1330
scm.9691
spe.27963
Fsc.12930
sch.139
ecp.2325
scj.4437
dpy.3117
scr.23218
ecm.5901
scs.10620
msl.49371
msl.45734
tas.4804
Fsc.13699
hym.9534
Ecg.7421
taa.333
scc.8068
dpy.11952
scm.5612
scc.21005
tas.9911
msl.28045
ecd.4865
ppx.36196
fsc.6649
scw.4058
spe.18896
Fsc.26239
htf.8540
fsc.7149
msl.18303
Fsc.2982
dpy.17238
sch.3994
sch.11646
scm.1564
tae.8029
dpy.3329
msl.41437
opv.13406
cln.8914
msl.43568
Fsc.3546
fsc.10567
dpy.5630
opv.1088
Fsc.15193
tas.2388
scj.5985
cln.4101
msl.23297
htf.10990
Ecg.3926
tae.10837
gys.5690
Fsc.15271
ecd.3314
msl.31835
trc.12346
cln.7651
hym.631
ppx.15149
gys.10005
msc.2403
htf.68
trc.17678
scc.7441
ecp.3688
spe.28776
htf.5321
spe.36524
taa.2392
hym.9264
spe.17937
ecg.9331
ecm.3252
sct.10046
tae.4691
msl.49004
Fsc.31562
msl.52624
gys.7346
hym.9644
cln.9450
scj.12687
Fsc.11194
Fsc.31047
trc.7048
ecd.5993
hyn.256
tas.11614
spe.32567
Fsc.32394
Fsc.3931
gys.2186
taa.5555
ecm.1845
hym.6493
hyd.4364
ecp.12476
ecd.204
cln.6987
Fsc.6110
msl.1648
scs.5384
cln.4655
msl.41523
gys.3844
scm.7190
msl.21935
ecd.636
cln.962
Taa.5666
msc.2031
msl.44295
ecp.1769
spe.16403
spe.8757
htf.4918
scm.2451
opv.3134
tae.7643
msc.9731
msl.53156
cln.2279
htf.9877
tae.9765
msl.23738
htf.7797
hyd.397
Ecg.5649
ecg.9444
msl.57567
tas.3993
msl.6950
dpy.1010
scm.8944
scs.14134
sct.10011
msl.40343
scw.14636
spe.19944
spe.28363
sch.4521
Taa.4509
fsc.4843
cln.12762
spe.23566
ecm.8527
gys.9634
sct.7243
sch.7536
tas.9491
Taa.4956
Taa.10261
msl.11206
htf.5542
sct.1021
ppx.628
hyn.3146
scm.5912
ecg.7863
scr.6458
scw.9674
msl.209
ecp.8446
fsc.4059
ecg.3929
tas.11340
Ecg.2116
gys.6240
ecd.3126
msc.2395
taa.5808
dpy.1109
spe.27290
Ecg.5111
ecp.5982
spe.15101
tae.2423
hyd.7310
sct.7435
Ecg.8925
msl.13764
scr.12249
tas.2465
Fsc.31644
msc.4207
dpy.9406
msl.24239
dpy.5219
hym.6431
scw.17900
tae.10174
trc.15223
opv.11318
fsc.3554
trc.1390
hyn.13038
scs.4458
scs.14072
fsc.9086
scs.8781
msl.42587
ecg.4382
msl.59789
trc.7352
ppx.36056
msl.35156
htf.6866
scj.4384
msl.55636
sch.10394
msl.49808
ecg.6338
tae.1473
tas.2209
msl.57173
msl.56860
scw.22545
msl.35400
taa.12713
hyd.1903
tas.319
msl.1931
fsc.14298
Fsc.4839
scm.6767
scc.15024
ecp.12513
cln.1041
msl.47320
scr.23354
Fsc.13286
scj.4029
ecp.15952
spe.28309
hym.12167
msl.6782
ppx.2677
dpy.1881
sct.16880
msl.54973
scr.11007
tas.763
cln.161
scs.19608
fsc.2286
fsc.1170
ppx.24443
msl.38054
tas.3210
spe.5016
trc.6502
ecp.2517
tae.2944
scc.10672
taa.1635
ecd.7079
scs.13229
opv.2735
tae.7587
ecm.619
Fsc.10479
Fsc.18014
msl.27956
opv.5954
msl.26558
sct.15023
htf.6491
scc.13237
ppx.5704
dpy.15849
scc.13828
cln.9524
msl.47015
sch.6590
ecm.1596
hym.676
sct.18523
ppx.11325
taa.1226
dpy.12329
spe.30573
msc.9026
sch.11634
Fsc.17052
scj.249
scs.442
hym.594
htf.6739
fsc.3314
ecp.2491
scw.16335
scw.8443
cln.10565
spe.11378
msc.9400
spe.37888
ppx.37018
Taa.55
spe.13522
msl.43727
ppx.35215
trc.13603
trc.321
hym.9196
msl.12202
htf.5419
ppx.35863
msl.35486
msl.29490
hyn.5458
Fsc.3972
gys.13447
Fsc.12565
Fsc.25841
msl.55859
msl.35776
ppx.26912
Taa.6736
tas.2075
cln.9056
msl.24165
dpy.14345
scs.9534
Fsc.27018
htf.10482
spe.9836
scc.4958
ecd.678
scw.24645
msl.27253
fsc.9766
scr.1317
msl.51162
dpy.10574
fsc.424
Ecg.5021
spe.10647
scw.18123
ecd.5983
Ecg.3826
msl.59347
Fsc.6976
msl.32071
hyn.11489
tae.959
spe.10435
msl.58715
fsc.254
ecd.1303
msl.45881
ecp.13126
spe.26507
ecp.9308
sch.8225
msl.19875
dpy.2309
opv.13088
hyd.4882
ecp.14270
msl.49630
hyn.13722
dpy.19599
cln.9210
scc.15383
sct.14139
Ecg.7932
ecm.6712
ecm.9478
Fsc.6699
spe.35951
msl.19121
sch.5081
scm.11579
msc.3782
hym.1019
Ecg.6414
msl.34188
scm.330
msl.35392
scr.8396
spe.9656
ppx.20178
ecg.3848
msl.54080
scm.6192
msl.13825
scs.2692
Fsc.22115
hyd.5130
msl.58953
Taa.3676
scj.4034
tae.3321
hyd.2527
msl.26983
Ecg.10064
ppx.2646
taa.289
scm.10799
ppx.31059
msl.51816
msl.17393
scj.7989
taa.6123
ecp.5623
hyd.7254
Fsc.8658
hyn.11277
scr.19492
ecm.211
spe.20690
spe.28171
scw.26088
sct.19826
cln.12434
Fsc.625
msl.56699
ppx.19266
cln.4677
msl.9901
msc.1693
msc.4538
msl.44147
taa.1405
spe.23204
scm.11352
msc.8077
tae.11916
msl.48487
sch.4472
Fsc.23258
msl.4857
ecp.8318
cln.2901
scw.25197
scj.11053
msl.6534
Ecg.1112
trc.12379
Fsc.14360
msl.35946
scs.13152
tae.7918
scw.5690
msl.46055
htf.5346
cln.8786
tae.5434
hyn.10747
tae.908
ppx.8293
hyn.4659
scr.15057
gys.9221
htf.10327
spe.5754
htf.3329
cln.2032
taa.7754
msl.42855
scr.2584
cln.6485
gys.1466
msc.6390
msl.7005
ecm.9920
opv.5320
scw.412
scm.3443
Ecg.9968
scj.4588
scr.4310
scc.3085
tas.10487
scr.23796
spe.13162
Fsc.10819
gys.9346
scs.7982
msl.6361
ppx.23950
msl.37528
scc.10178
tae.1378
ecp.10096
msl.44115
Ecg.4991
ecm.7848
hyd.8536
ecm.3196
taa.853
ecp.640
ecp.9982
msl.14949
opv.1830
trc.4669
ppx.35093
Fsc.123
msl.9642
tae.11516
tae.4126
opv.7657
hyn.9117
Taa.5499
taa.1174
hyn.6275
htf.9134
Fsc.30219
opv.5522
scm.6797
msl.3235
fsc.8243
scs.8070
Ecg.3522
htf.10059
spe.21163
tas.6609
ecp.10024
Taa.8093
spe.666
scs.11497
msl.40236
msl.42801
opv.6306
trc.12926
fsc.9439
Ecg.413
Ecg.7652
ecd.6056
msl.10625
spe.7379
scr.10813
taa.2805
msl.50449
hyn.12316
scj.6343
hym.10861
opv.8979
ecp.13560
dpy.8877
tas.3300
opv.8220
msl.13835
msl.49390
scj.6790
msl.46073
msl.28296
spe.2741
tae.5524
Fsc.30054
msl.21241
hym.6245
scr.3772
ecd.2103
htf.7514
msl.29376
msl.36248
msc.3464
ecp.15769
Fsc.6939
cln.11711
ecd.9021
gys.6223
smm.3779
msl.5410
msl.48135
ppx.27172
scs.17185
ecd.7931
Fsc.3484
htf.2260
scw.4599
sct.5358
ecg.9882
msl.52261
ppx.12033
tae.10481
scj.8529
dpy.262
scw.21721
msc.10295
sch.2353
msl.43779
dpy.6441
trc.11510
scm.9212
opv.10141
taa.10196
hym.6895
msl.49839
dpy.8643
msl.27058
hyd.3407
scs.4162
ecp.11894
ecg.5993
scr.18192
msl.36408
cln.13596
msl.38921
msl.1908
hyn.10244
gys.14803
msl.9866
msc.1753
msl.10145
msl.16591
Taa.6085
Fsc.28546
ecd.1857
ppx.35429
sct.18807
ppx.28769
tae.1874
spe.9965
Fsc.13513
ppx.19691
Fsc.26175
Taa.6247
spe.38983
hyd.8322
msl.46538
dpy.12671
msl.36313
msc.309
scw.13422
msl.47985
dpy.8083
msl.58789
ppx.37013
tae.5339
msl.5540
htf.571
ppx.17391
msl.58827
hym.4733
ecp.5119
tae.8206
dpy.12689
fsc.10738
Taa.9866
msl.53428
msl.18002
spe.22191
spe.17206
Taa.770
msl.53482
scw.24911
cln.10988
Taa.7373
opv.10789
ecm.4559
ecd.7387
msl.16637
scs.3820
sch.12386
ppx.36293
scj.127
fsc.1269
cln.4289
ecm.3674
dpy.5243
msl.56948
ecg.7441
ecg.9502
ecm.6402
ecd.4773
sct.16707
taa.6074
msl.31702
cln.833
tae.5609
msc.1574
Ecg.2917
gys.12968
scw.264
msl.5635
tas.8060
hym.2950
dpy.2586
scw.8017
hyn.5588
ppx.35067
msl.47634
msl.10614
dpy.6654
scr.8030
msl.18523
tas.10430
opv.3659
opv.16149
spe.19182
scr.2703
taa.10163
fsc.12402
dpy.3404
ppx.5592
spe.6133
sch.9232
trc.19827
cln.12511
msl.54767
tas.10565
spe.34148
ppx.6921
hym.2132
scm.879
scr.854
tas.10019
spe.26538
spe.28765
spe.23994
tas.11762
scr.1531
scw.13170
taa.12935
ecm.2313
dpy.16138
ecg.9865
spe.24123
opv.20
tas.12472
tas.745
ecd.8890
scj.3659
ecp.11845
spe.17391
ppx.35232
sct.8281
smm.119
scr.10560
scs.3007
Fsc.2007
ppx.11719
ppx.13039
ecp.15697
ppx.34295
trc.21353
dpy.17555
spe.33427
taa.8051
msl.33668
spe.38934
spe.19767
hyn.11364
scc.21388
hyd.11247
opv.15928
fsc.8005
Ecg.7778
dpy.13750
ecm.10285
ecp.14153
ppx.15683
scc.4263
taa.11216
scr.18748
tas.3928
scr.19216
msl.2018
Taa.2748
Ecg.2378
scs.11401
ecd.7795
ppx.28682
scs.7418
sct.2815
sct.20837
trc.19582
spe.3638
trc.10744
ppx.28224
ppx.15460
trc.14412
spe.3547
scr.12765
scs.2276
ecp.12353
dpy.19372
htf.1455
msl.54933
msl.56752
hym.3062
scw.2213
spe.18805
Fsc.31478
dpy.11919
msc.2834
scc.13292
scr.17817
spe.33157
ppx.22148
Ecg.4869
taa.3484
dpy.12826
scw.8491
ppx.31382
ppx.4309
sch.8821
ppx.5046
ppx.11764
gys.6029
spe.3360
ppx.33366
msl.12488
ppx.23705
taa.10200
tas.8627
scr.11222
scr.2175
msl.13462
scr.22801
spe.10773
ppx.21638
sct.15509
spe.1164
sct.6398
ppx.29367
msl.53853
taa.2635
msl.11101
ppx.19772
ecp.17963
sct.734
tae.8253
ecm.4333
Ecg.3584
ppx.20695
msl.6574
dpy.11424
sct.7694
dpy.1094
sch.10474
ppx.36215
ecp.7324
hym.9798
fsc.11429
scw.19525
scw.17197
tas.10677
tas.9263
trc.6520
hyd.4412
ppx.7180
scj.1810
htf.3595
spe.2135
hyn.10282
htf.10985
scm.11476
scw.8888
trc.18416
ppx.1862
msl.38670
trc.5949
ppx.30360
ppx.1764
scw.16755
tae.3097
sct.2355
dpy.2619
ppx.17873
trc.18521
scm.9710
Fsc.31381
scc.11020
opv.806
trc.19716
spe.31309
Ecg.3906
scr.19166
scr.11512
spe.32358
msl.53620
spe.6314
htf.4019
dpy.19138
dpy.17299
gys.5802
trc.858
opv.3926
ppx.12209
scs.16016
sct.20001
spe.20688
ppx.30276
msl.13603
htf.663
msl.58669
ppx.24164
scs.3993
Fsc.11162
ecd.9555
scs.20084
spe.7927
scw.1308
ppx.22387
trc.19690
scc.19207
ecp.5383
Fsc.26063
scj.1951
hym.10304
ppx.10270
ppx.5210
msl.59606
