

Ecg.9471
sch.10612
msl.41154
ecp.4813
Fsc.24355
spe.27844
Fsc.26436
trc.13632
msl.53499
scr.91
msl.4216
sct.19423
scc.23128
Fsc.28874
Fsc.13793
msl.6922
scw.4701
ecd.2247
scc.9542
trc.9169
Fsc.10940
Fsc.8641
Fsc.16468
trc.16709
msl.6707
Fsc.16936
Fsc.16709
dpy.11650
Fsc.25844
ppx.31898
Fsc.17189
Fsc.27876
scr.17852
trc.19043
tae.7429
scr.13730
Fsc.29758
Fsc.16518
msc.4880
opv.11113
scr.20730
Fsc.27476
spe.33160
scr.18468
gys.11916
Fsc.13974
opv.10047
spe.7534
scw.18817
tae.2283
gys.11038
Taa.8283
scc.5782
scc.20498
trc.12050
sct.10715
trc.14849
scw.12982
tae.6222
sch.7059
scj.8763
hyn.3993
hym.10620
scw.1823
Fsc.19999
ecp.4240
tae.10840
spe.3114
hyn.13127
spe.16470
ppx.18374
tas.6472
dpy.1753
hyn.12921
spe.19909
scs.16582
fsc.3301
Fsc.13969
scj.10100
msl.10554
sch.11910
scr.17266
dpy.10935
ecd.3537
hyd.9997
scs.8963
ppx.20942
scc.9169
fsc.8041
msl.7080
fsc.4453
hym.1225
ecm.5537
spe.20972
hyn.9611
scm.9564
msl.34377
spe.14536
ecm.3508
gys.6644
scc.4859
msl.41487
hym.5593
fsc.15550
trc.6158
htf.5525
ecd.97
hyd.4368
spe.28382
smm.2436
scs.3380
Fsc.21609
scj.8740
hyn.3543
trc.890
htf.10827
hym.7004
ecp.8166
tas.686
sct.11673
msl.6519
scw.5155
scs.7943
sct.21938
msl.29599
msl.21901
taa.13007
msl.16403
fsc.15105
msl.45802
hyd.5413
tas.2126
scw.8802
ppx.22820
opv.15248
hyd.3139
fsc.2914
taa.6534
taa.350
cln.11176
sct.18112
spe.10356
fsc.2898
ppx.19008
smm.403
spe.39341
hym.2330
Fsc.31178
msl.16696
ppx.8180
opv.1359
ecm.2807
scj.10544
hym.1096
Fsc.32991
ecg.9536
taa.6093
hyd.2032
msc.5801
msl.35494
scj.6842
msl.46143
ecm.2604
hym.5239
fsc.3049
tae.12200
msl.37503
taa.2201
dpy.6196
msl.5183
dpy.16471
scm.9158
msl.25534
scr.21646
msc.5574
fsc.1969
cln.12154
scw.11425
hym.8266
ecm.4564
msl.10164
htf.169
cln.4949
opv.12097
hyn.493
msl.48080
msl.46179
hyd.9310
tas.10588
tae.7968
msl.40788
gys.4855
scj.8063
tae.7231
msl.16969
msl.42088
scc.14400
scw.7998
ecg.9988
scr.15029
ecp.11316
msl.13796
ppx.37572
sch.4538
scc.8009
hym.2161
msl.52849
scm.9283
cln.7703
scm.1601
msl.874
ppx.23234
cln.10670
scw.17328
sct.21030
sct.18737
spe.9123
msl.15862
cln.10358
msl.39226
Taa.3349
ecd.7554
scj.12287
ecg.7488
ecm.311
ppx.30225
taa.11917
scw.13450
hym.3809
fsc.841
msl.3392
smm.3219
msl.40947
spe.4163
Fsc.22623
trc.2943
tae.4396
msl.14934
tas.2894
scm.3092
dpy.12782
Taa.5769
msc.3445
ecp.15704
cln.2328
msl.45219
Fsc.14879
scr.16881
trc.5112
Ecg.7161
Ecg.5543
spe.30299
tas.12238
dpy.4552
opv.5829
ppx.22189
opv.5516
ppx.26161
sct.12904
hyn.11079
cln.1062
ppx.25171
scs.14686
scm.6402
htf.5923
opv.1738
ecp.5882
ppx.30780
taa.7073
msl.23878
msl.52897
sct.5170
msl.23386
ecg.8417
msl.14451
taa.9526
trc.13738
tas.10850
msl.34920
hyn.5428
ecg.6691
ppx.4461
msl.35508
msl.58191
hyn.7920
msl.15349
ppx.6584
msl.35201
msl.54063
ecd.8944
opv.9931
msl.34902
Taa.1384
dpy.18353
ppx.12364
msl.5167
Fsc.2570
msl.31005
ppx.28701
hyd.9035
msl.12917
msl.42888
cln.11887
hyd.9548
sch.12630
fsc.4598
tae.268
msl.24978
scs.10737
cln.1659
msl.39705
tas.871
Fsc.3141
spe.34263
tae.1069
Taa.7779
ecp.976
Ecg.8164
scw.20206
scr.8490
opv.13729
ppx.7117
Fsc.30319
trc.17612
scj.8519
scm.4424
ecp.3845
scs.8131
ppx.28949
opv.8779
scc.21727
scw.10319
msc.3677
tas.6484
hyn.2638
scm.10704
htf.10759
msl.47062
Taa.3592
Fsc.177
sch.2724
fsc.6251
msl.12395
sct.22449
trc.12595
msl.25197
hym.1160
smm.3205
scw.6279
scs.18326
trc.22054
sct.15246
sch.6229
gys.4552
scw.7980
msl.58926
msl.36216
trc.2742
msl.39289
tae.1046
htf.8761
trc.15753
sct.14990
tas.6477
tas.7238
scr.11596
msl.60266
msl.58547
ppx.37255
gys.13956
gys.4461
tas.1935
hyd.8106
spe.39197
msl.38032
tae.362
scr.9212
hyd.934
spe.8563
ecg.2957
hyn.12081
spe.26367
taa.11167
scw.5356
ecp.10548
spe.36292
gys.11056
htf.7946
ppx.33240
ecp.17931
Ecg.2349
Taa.9945
ppx.31118
msl.14904
msl.51171
scc.14375
scm.4802
ecm.9281
msc.8183
scj.834
ecg.2584
msl.17069
dpy.5538
ecd.5481
Fsc.5163
hyn.9172
opv.3807
gys.9436
Ecg.82
opv.2043
scm.2049
scw.3839
Taa.6792
scr.8253
hyd.9207
msl.7277
fsc.15017
trc.10533
dpy.11816
opv.9812
hyn.7760
tae.8738
ppx.29454
Ecg.8343
msl.394
msl.38247
hyd.3298
msl.41311
cln.4872
dpy.682
tas.1094
msl.52926
htf.10395
ppx.11111
scr.8048
taa.8367
ecg.2205
Ecg.7273
msl.26637
sch.5205
msc.7615
msl.40714
Ecg.7212
spe.32942
opv.8208
hyn.1328
msl.35763
scs.4669
msl.48237
scw.1978
scc.8350
trc.9685
ecp.10670
cln.3205
spe.17820
msl.57706
Ecg.4215
ppx.21940
opv.8135
taa.93
sct.5089
msl.13841
ecd.1517
scc.860
htf.10625
taa.10896
msl.33481
tas.11748
spe.34155
msl.30247
gys.7455
msl.13966
spe.37645
dpy.1588
scm.11699
ecm.6818
msl.40691
sch.7589
ppx.16380
htf.1741
ppx.12934
ecg.8598
ecp.6718
ppx.11366
scr.2538
Taa.5653
fsc.3162
msc.4686
tas.11156
msl.6231
scm.4868
msc.1295
tas.726
ppx.11939
msl.27075
cln.10856
msl.20726
ecg.28
sch.244
scj.2507
scs.9336
scc.10543
msl.21379
msl.3881
scj.2294
hyn.8386
sct.20970
scs.10126
ecd.9677
scs.3544
msl.50874
ecp.4407
scs.5346
opv.8747
hyn.4478
scr.4454
scj.6000
cln.777
ecp.17728
scm.7069
scj.713
msl.49164
gys.4354
Taa.2053
spe.1263
tas.9647
ecd.5738
trc.10856
opv.12655
tae.1429
scm.4975
ppx.7564
ppx.4492
cln.10334
scc.3613
taa.11018
dpy.8423
Ecg.5459
trc.17112
msl.58802
htf.8346
hyd.7653
msc.5774
spe.23359
tas.4037
taa.11443
hym.5342
scj.403
hym.1329
ppx.1108
scj.8451
scs.3304
spe.19830
tas.9936
scm.9021
msl.19596
ppx.7404
hym.4893
msl.52921
ppx.21024
gys.2283
scs.8008
trc.3781
msl.47147
hyn.11225
sch.734
sch.9966
ppx.15050
msc.4176
scs.490
opv.7973
msl.41414
Taa.166
sch.1359
trc.4096
msl.33763
opv.16304
scw.11464
scm.1197
msl.29607
hyd.6999
spe.22952
sch.4564
sch.9453
gys.8992
opv.2960
msl.33928
ppx.21735
tas.11917
msl.54559
sct.3614
ecp.14618
trc.18460
fsc.15504
msc.9781
msl.6568
spe.20244
taa.6013
msl.30842
spe.26616
scj.1462
msl.42707
ecg.5859
hym.243
sct.10341
ecm.9130
ppx.34271
msc.4474
tas.7445
ecd.8610
opv.8516
scw.114
Fsc.8523
msl.55717
hym.6339
msl.55736
msl.26914
scc.771
opv.1041
hyd.9521
msl.59622
msl.52758
tas.954
scw.2749
sch.8562
hyd.5670
trc.2482
msc.5194
Fsc.23652
hyd.2851
scr.12365
hym.6478
tae.9830
tae.9017
scc.10602
scr.14417
spe.34674
cln.6277
spe.30834
msl.36680
taa.2232
msl.2253
msl.11717
scw.9491
hyd.3023
trc.7316
taa.5077
scj.11240
msl.45508
msc.10324
spe.14861
sch.11505
tas.719
tae.7913
msl.41094
tas.743
msl.22758
ecd.11411
tas.691
ecp.13034
msl.28669
scr.1490
ppx.30386
hyn.6228
ecg.5808
scw.17370
hyn.8990
tas.12108
sch.8804
tas.9368
scw.12114
hym.9229
tas.462
taa.11818
ecg.4521
Ecg.6383
htf.1246
ppx.9621
msl.42468
cln.10388
hyd.6580
cln.2839
hyd.8628
msl.15761
ppx.35020
msl.18816
sct.11037
scr.7315
msl.21813
msl.1059
scj.3003
scm.10912
ecm.266
hym.8090
ppx.16929
scj.1932
tae.10781
htf.4358
ppx.12288
msl.51535
scs.8602
sct.7149
ecm.5691
taa.3537
msl.26028
spe.6165
hym.7591
tas.11447
Taa.9582
hym.6496
htf.5955
msl.8491
scj.9061
spe.38397
opv.10795
ecm.4547
scm.7384
spe.23623
msl.45225
scj.10357
opv.15131
tas.7421
sct.21946
Taa.2225
cln.8047
opv.9097
msl.46634
ecg.7475
ecg.3203
ecp.9225
scr.10069
scs.2635
cln.8161
scw.16995
htf.1313
ecm.5643
ppx.14772
msl.6827
scc.13805
spe.30553
tae.11628
sch.9449
msl.230
msl.35170
ecm.7459
scw.8023
msl.26223
sct.2959
msl.49863
opv.4404
spe.5164
trc.9548
taa.2687
ecm.2499
msl.46415
msl.11435
ecg.8828
ecd.4497
hyn.309
msl.16443
trc.9272
Taa.5362
tae.3261
ecd.6508
sch.4619
Fsc.2035
Taa.3496
opv.342
hym.9865
ecg.5630
ppx.16077
hym.846
scw.5647
ecm.1974
ecp.4602
dpy.5349
Fsc.28946
ecd.2697
tas.6903
scm.1939
fsc.10206
sch.5046
spe.5249
ppx.6666
fsc.1193
Ecg.9904
tas.6399
cln.13614
msl.1847
scw.19770
msl.34582
sch.7895
ppx.5018
ecm.6835
hym.10358
spe.28080
spe.32466
ecd.8892
ecd.5125
sch.1453
hyd.904
gys.62
Fsc.15393
hym.8341
ppx.31750
ecp.3996
ppx.8606
ppx.1525
msl.22468
tas.2546
msl.32729
Fsc.3856
cln.10179
gys.6840
dpy.5311
msc.6894
ecd.6728
hyn.8807
cln.9739
msc.8397
htf.3349
dpy.9138
Fsc.28084
scs.7034
Taa.6039
spe.24890
trc.19401
hym.7404
spe.26203
trc.7261
hym.5554
Fsc.3644
opv.3395
tae.7020
ecp.9818
Fsc.11912
msl.4916
msl.44850
tae.7186
msl.9390
msc.3281
dpy.12630
hyn.10072
scs.18182
scs.15674
ecm.3734
ecg.7952
msl.46476
msl.60067
scs.14480
msl.55873
trc.10793
msl.46934
Fsc.10807
fsc.13320
hyn.618
Ecg.247
scm.3694
sch.6678
ecg.3153
opv.9231
opv.691
htf.8205
trc.4957
tae.10556
taa.1649
spe.19541
fsc.1370
tae.2808
dpy.8326
spe.11952
msl.60468
msl.31570
cln.10056
scr.5530
Fsc.26277
tas.5145
tas.654
msl.42228
tae.9200
fsc.9299
smm.196
htf.3144
msl.40132
htf.6061
msl.46983
ecm.9186
taa.1991
tas.9326
sch.6010
msl.20425
dpy.13288
msl.40368
scs.2788
tae.1714
sch.6160
hyn.9268
htf.8614
tas.9738
ppx.23321
htf.11565
scw.7668
dpy.5079
Ecg.7661
msl.47098
dpy.9542
scc.10424
ecm.2431
htf.2523
msl.47771
htf.2708
Fsc.24587
trc.8527
cln.9033
scs.4277
ppx.27611
scc.3852
scr.19284
ecp.3364
fsc.1636
scw.9781
htf.5784
sch.5214
trc.4560
scs.20167
gys.6573
taa.3899
taa.1847
fsc.9484
sct.2274
scs.20197
scr.14583
scs.10767
tas.12343
scw.11150
fsc.2356
msl.53465
ppx.37557
ecm.3096
scc.18716
tas.12399
ecg.6554
spe.17009
scj.12085
scs.7575
scj.7398
ecp.4841
sch.2930
taa.3368
Taa.8800
spe.36257
ppx.34529
scw.19154
scc.21630
msl.10680
opv.15858
tas.163
ecp.9301
ppx.14368
scs.15433
opv.12813
scc.12741
dpy.14261
sct.17657
ecd.11089
sch.9597
spe.21638
spe.36425
scs.8097
tae.6929
Taa.9664
ppx.6691
sct.16174
spe.6717
ppx.11044
scr.8615
msl.49111
msl.56184
dpy.14299
dpy.11232
opv.16111
spe.30597
hyn.13052
ppx.34744
taa.6063
scc.15984
ppx.12510
ecp.14843
scr.23615
tas.6808
ppx.18554
ecp.11098
spe.29851
dpy.5420
spe.17174
scm.4746
opv.15167
spe.33975
ecp.1087
ppx.7989
tas.4478
fsc.10284
ppx.8038
tas.9925
spe.1842
dpy.6774
sct.14975
trc.7162
trc.18238
tas.3491
ppx.33257
scs.4016
scr.3803
cln.11799
scc.777
scw.26139
Ecg.3420
htf.5621
ecp.1134
msl.53782
cln.6956
scr.7142
Ecg.118
ecm.3884
spe.8816
gys.9702
spe.25945
ppx.20506
fsc.4186
ecp.8250
scr.7095
scc.18088
ecg.10010
gys.15158
hyn.8440
ppx.17044
msl.24663
Ecg.891
smm.2093
ppx.28260
scs.1847
msl.37871
scw.23349
spe.30250
Ecg.7254
spe.29913
tas.5337
ppx.23322
dpy.14301
ppx.20864
scr.10811
ppx.33114
scs.17616
ppx.26978
Ecg.6505
fsc.12441
scw.13254
tas.11961
dpy.11050
trc.21200
opv.12973
taa.10497
hym.8365
ppx.29503
scc.9773
spe.9793
msc.1853
htf.11130
fsc.7537
ppx.20897
scc.21854
scs.6503
trc.2134
scc.8294
spe.20771
hyn.12677
tae.6708
ecp.11466
scj.6859
tas.9441
ppx.25914
Ecg.7335
ecg.8424
opv.5956
dpy.9211
hyn.7647
scc.888
spe.10977
scw.6225
sct.20968
Fsc.25371
scw.13311
scr.23464
htf.5692
ecp.16925
gys.13081
trc.19547
fsc.1444
scc.21083
dpy.595
hym.2092
sct.3464
htf.10313
sct.811
dpy.1746
scj.7149
opv.2758
Fsc.28429
sct.8776
spe.2329
scw.25022
hym.2127
msl.8794
scs.6702
opv.11540
sch.1325
scs.19804
ppx.28824
ppx.15049
ppx.17779
trc.12245
scr.2172
smm.1136
hyn.5066
ecm.5624
ppx.4886
ecd.9289
