

ecm.6898
scc.1985
scm.5254
sch.1907
Fsc.6100
Fsc.29222
scw.10690
Fsc.24915
scr.7303
hyn.13680
Fsc.7628
Fsc.14792
Fsc.27864
Fsc.19003
Fsc.21631
scr.12108
scc.21318
scr.2999
Fsc.24397
Fsc.23055
smm.1741
scc.1251
scw.268
scj.11303
ppx.10788
ecd.11364
Ecg.6686
scc.11188
spe.16877
Fsc.25260
scr.14018
Fsc.7027
spe.33578
Fsc.28366
hyn.13636
scc.14063
fsc.15492
Fsc.11494
spe.33912
trc.11049
scc.3504
scr.22006
Ecg.4857
Fsc.25631
scj.3871
gys.13808
tae.9108
Fsc.5619
ppx.5026
scs.5921
ppx.30187
ppx.34548
Taa.290
gys.7673
ecg.627
scj.12569
opv.1867
Fsc.223
spe.250
spe.7613
dpy.6434
spe.3901
ecg.4552
sct.2364
cln.4726
msl.58402
msl.26703
ppx.15348
spe.4569
msl.15036
Ecg.5136
dpy.16357
msl.28032
ecm.5894
htf.8784
scr.22811
sch.1091
scw.19318
Ecg.9623
sch.3042
msl.55954
sct.7555
ecp.1579
Taa.3539
msl.28413
scs.7784
ecp.12826
scm.8691
scw.7395
Taa.8516
tas.4642
scw.11456
htf.3639
msl.11287
dpy.5627
sch.3880
msc.5641
hym.2026
msl.37884
hyn.30
sct.17470
ppx.31186
spe.5307
scc.6648
ecg.4667
scs.10289
scc.22427
htf.4879
ecg.6350
msl.47812
htf.1351
fsc.8659
ppx.34444
trc.3718
opv.1226
msl.37251
spe.16681
scm.5984
taa.7217
scs.3063
hym.212
tas.4023
fsc.3965
scc.7191
msl.11826
sct.19149
spe.26318
spe.18845
msl.25311
cln.12883
spe.13495
scc.2032
spe.11404
hyd.9028
sct.8658
sct.2276
opv.10728
scm.7698
spe.4519
Fsc.22278
msl.15976
msl.942
scm.10158
scs.13624
scw.10592
trc.2460
sch.7132
dpy.3261
ecp.8071
gys.6384
msl.12633
fsc.6122
Taa.6706
spe.12387
msl.3096
msl.24133
hyn.12918
ecg.3963
ppx.9181
ecm.3459
htf.6815
Ecg.4120
msl.23979
scc.12283
msc.946
tas.9656
msl.932
sch.12402
cln.5116
dpy.3646
scc.1472
sch.10535
cln.3022
scc.17721
taa.6700
Ecg.506
opv.944
ecg.10674
dpy.16132
fsc.9281
msl.58747
ppx.18838
msl.39807
spe.33060
hym.8774
scs.17537
msc.5788
Taa.1324
scj.5856
dpy.16993
hym.11903
scr.11884
Ecg.2920
gys.10243
opv.10876
ppx.12684
fsc.9161
tas.451
fsc.14195
hyn.8033
tae.423
msl.22419
taa.971
ecg.4998
Taa.1603
htf.5767
sct.15069
spe.33108
msl.1833
scm.9693
scs.690
cln.6671
scj.11536
ecp.2327
scj.4434
dpy.3114
hyn.4119
opv.10216
sct.1328
tas.8450
scj.7246
taa.688
tas.2770
ppx.32106
ecp.17906
sct.7657
scc.4433
dpy.11953
fsc.355
hyd.498
hym.7205
opv.7081
scs.7050
tas.5608
msc.5464
htf.5078
fsc.10267
Fsc.26232
dpy.5504
msl.25527
msl.18304
trc.10594
trc.18131
sch.3993
scr.12355
scm.1563
msl.48320
dpy.3328
msl.41431
Taa.187
tae.10959
msl.16501
msl.33747
cln.8801
sct.11969
scc.12733
Taa.1414
fsc.3397
msl.37898
sch.4588
msl.23296
msl.26968
Ecg.3928
scc.16577
ecg.7301
msc.3271
taa.8860
Fsc.31747
scs.17008
Taa.2303
spe.12156
tas.42
msl.38092
dpy.9878
Taa.4256
hyd.2678
fsc.2705
tas.1080
htf.10772
fsc.11763
ecm.2125
taa.2398
msl.19492
msl.46869
Ecg.3305
gys.1033
ecp.2037
msl.50740
msl.49005
msl.37405
msl.46763
tae.5294
msl.376
ecd.8184
spe.12281
gys.13034
scc.11205
tae.781
Ecg.4385
ecg.4938
Fsc.27539
scw.8985
msl.48029
msl.43168
msl.41141
ecg.8651
tas.7454
scr.15231
Ecg.4528
msl.34336
msl.41481
scc.11133
opv.269
msl.1641
scs.5388
cln.4656
msl.41521
msl.23764
scm.7191
msl.43694
msl.33610
cln.961
Taa.5665
msc.8050
msc.6276
tas.4296
msl.49737
spe.8751
tas.2572
scm.2456
msl.56535
tae.7642
msl.4012
msl.53151
scw.18949
ecp.2636
opv.6874
msl.23739
scw.6373
hyd.394
ppx.29024
sct.20944
scs.7001
tas.3992
ecg.8796
fsc.8278
scw.13264
scc.16913
opv.12975
Ecg.10188
scw.14637
msl.8352
spe.28364
opv.218
ecp.17461
scm.1434
cln.12767
ecp.9182
cln.263
hyn.2688
tae.1178
msc.7233
scs.6922
dpy.7507
msc.359
msl.1076
ecp.6901
Taa.3344
hyn.8849
hyn.3141
ppx.37844
taa.10620
scw.18109
ppx.27084
spe.18102
hym.6729
fsc.4058
Fsc.23357
taa.114
Ecg.9137
scr.3604
scs.12058
msc.2394
ecd.4677
gys.14625
scr.8689
msl.3432
ecp.5984
gys.15042
msl.28825
tas.3678
sch.11443
Ecg.8929
msl.34984
dpy.5390
msl.56897
Taa.697
ecp.12753
Taa.2208
fsc.9242
Ecg.5799
hym.6430
msl.15553
msl.45897
ecp.9202
hym.6189
htf.7114
scc.4839
hyn.3139
cln.12905
scs.17521
trc.20501
msl.6805
scj.3961
ecg.4383
scw.23574
htf.7378
hym.2123
msl.35152
msl.33932
sch.198
msl.55638
scm.10762
tae.11219
ecg.6331
htf.502
trc.14850
msl.2502
tas.891
Ecg.8139
ecp.6422
hyd.2661
scm.10808
htf.11023
hym.1959
msl.47281
htf.6579
hym.5464
hyd.7818
scs.5134
dpy.14991
msl.47327
cln.9991
fsc.2970
opv.296
cln.10462
tas.12751
tas.3660
msl.8324
ppx.24031
gys.5055
sct.16881
msl.54976
hym.7368
tas.10379
msl.34037
scc.7915
tas.13142
scm.2531
hyn.11241
msl.38059
msl.60016
fsc.13037
Ecg.1053
msl.14651
tas.10009
scc.10673
Fsc.32753
ecd.7075
scw.17050
Ecg.2209
cln.3330
ecm.618
cln.9920
msl.11764
dpy.16416
cln.12858
ppx.14612
scs.13492
hym.4948
Ecg.6605
ecd.7172
fsc.470
trc.9807
cln.9521
msl.47017
Taa.1695
ecm.968
msl.47144
tas.8893
msc.7040
msl.18376
opv.7724
htf.3584
scw.23584
scj.1470
taa.13051
ecg.209
ppx.25001
gys.14865
hyn.3040
msl.57212
scs.1947
sch.6045
msl.24202
cln.10560
Fsc.17406
trc.5297
opv.15669
cln.11145
scc.1556
opv.410
hyd.494
msc.4810
ecg.2607
hym.10423
sct.3489
msl.12203
htf.9189
trc.2336
ppx.27230
scm.11507
ecm.3711
scm.1806
msl.38029
ecm.10075
hyn.597
scs.13756
Taa.4713
ecg.7870
sch.3539
dpy.15184
sch.8163
trc.1594
hyd.6124
scw.16565
dpy.4175
ecm.3424
spe.9837
smm.2901
ecd.677
msl.20314
hyn.8301
ppx.9855
scr.9169
msl.51160
taa.11688
fsc.422
tas.12611
spe.10642
cln.13525
msl.47899
Ecg.3822
sch.2765
msc.1123
msl.46231
msl.5458
htf.3424
cln.12025
msl.58718
spe.37093
ecd.1301
msl.45883
ecd.858
ecm.576
hyd.4205
dpy.13518
sct.9348
Fsc.30388
scs.19591
cln.1854
scr.2590
scm.3540
scj.4653
msl.9282
cln.9214
hym.5687
ppx.25361
Ecg.7931
tas.9026
cln.4863
msl.55602
hyd.540
sch.11265
Fsc.1675
tas.12579
spe.10720
scm.2379
Ecg.6415
scm.10979
tae.2574
taa.6822
spe.14282
msl.33591
ppx.2399
scr.18870
spe.2224
ecd.8962
msl.13826
sct.3992
msl.4733
Taa.7978
hyn.2454
htf.9361
sch.7283
scr.8844
scc.8694
msl.26980
sch.10256
trc.20009
opv.11419
tas.7915
scm.396
msl.51817
tas.9244
Ecg.1890
opv.40
gys.721
taa.2107
scm.3499
hyn.11275
scr.19493
msl.45557
tas.4129
trc.10915
ppx.29890
spe.24723
sch.182
opv.9337
spe.3310
msl.5812
ecm.3813
scr.20680
taa.10558
msl.48997
sct.9247
taa.1404
ppx.12606
scm.11357
msc.2014
scc.20629
msl.48485
Taa.7333
spe.19082
msl.4856
msl.51583
msl.33830
scw.9658
scc.15990
msl.6535
cln.4544
scs.7963
ecp.6466
msl.35944
ecm.3635
ecp.7192
ecp.6992
scm.10863
msl.22940
dpy.17101
scw.19445
scj.5413
tae.1740
spe.13258
spe.22248
msl.43674
gys.9222
msl.27213
cln.11152
trc.19373
msl.15044
ppx.32261
msl.42851
msl.44263
tas.1852
gys.1464
msc.6392
tae.4997
msl.52342
sch.9667
hyd.4579
scm.3440
spe.37106
sch.792
gys.10719
msl.58118
cln.6649
scc.10186
scw.3116
scc.16868
spe.26303
spe.9164
ppx.7122
ppx.23951
msl.37521
opv.14500
htf.2327
ecp.10091
msl.44114
Ecg.4992
ecg.8102
fsc.8829
ecm.3195
Fsc.21676
ecp.644
taa.11668
scj.12247
msl.24624
htf.2012
Fsc.22285
scw.15976
msl.9646
taa.2983
msc.5910
msl.35588
msl.13227
msl.17399
msl.30475
sct.6996
ppx.29013
Ecg.9257
msc.8861
scm.6799
msl.3237
fsc.8244
ppx.21366
scs.5309
scw.21891
spe.21164
trc.11288
ecp.10020
scm.8036
Fsc.3692
msl.26813
opv.13724
scw.10975
Ecg.6030
trc.12924
msl.34859
scs.11516
Fsc.33137
gys.15186
msl.10622
dpy.6666
hyd.6509
taa.8306
msl.50444
scs.7908
scj.6341
scc.347
opv.8978
ecp.13561
Ecg.7231
dpy.12494
ppx.29981
msc.9535
scm.2189
gys.3036
msl.46074
scr.22466
hym.5301
scw.22957
Fsc.11827
scr.15019
msl.59524
gys.9776
ppx.30664
spe.31344
ecg.1938
trc.7709
scs.10856
msc.4798
hym.7383
cln.11712
ecd.9026
hyn.38
scm.3200
scj.2599
sct.7606
ppx.18952
sct.14238
spe.3283
Fsc.3483
scs.9267
msl.8144
tas.12392
Fsc.921
scr.20334
opv.15865
tae.10482
taa.7583
scs.10024
Ecg.5255
msc.10296
sch.2354
cln.7203
hyd.8554
sch.11386
scw.37
dpy.13813
taa.10195
hym.6894
Fsc.32233
dpy.8645
msl.27055
hyd.3404
opv.87
ppx.14211
msl.12349
fsc.664
msl.36409
msc.9045
sch.1264
msl.1909
ecg.3884
gys.5395
msl.9863
msc.1755
msl.10141
spe.18924
scc.565
msl.29196
msl.23580
ecp.15159
ppx.13520
msl.41213
scc.8896
msc.3329
msl.8353
ppx.19693
cln.3192
tas.9017
msc.9858
Fsc.22261
msc.7265
trc.7069
msl.37041
msc.304
hym.10756
tas.11732
taa.8681
msl.58788
scs.12428
dpy.9665
Fsc.7613
opv.5580
ppx.17390
msl.58820
spe.3497
msl.15453
ppx.13238
scs.6429
spe.17906
spe.10427
htf.8399
msl.45672
msl.21068
ppx.15333
scw.19231
msl.14977
msl.53784
opv.14947
sct.12448
tae.2411
gys.9032
ecd.7389
sch.12597
msl.8980
ecd.9043
ecm.9717
scs.3709
scc.954
ecm.1420
hyd.1981
tae.7953
msl.56944
cln.11504
msl.45866
ecg.8969
ecd.4774
msc.8524
fsc.7345
msl.31703
msl.59014
hyd.9741
msl.54799
scj.3958
msl.54236
ecp.5562
trc.7361
tas.8063
hym.2952
msl.16122
hym.6268
scr.1035
dpy.4701
msl.31873
scs.5417
hym.9209
ecp.16543
msl.18524
scm.8149
Ecg.9539
msc.8529
sct.8323
ecp.4997
scj.2212
msl.48347
scr.22010
tae.11839
spe.17143
spe.38444
spe.27509
sch.4343
fsc.5250
taa.8840
scs.1434
scj.5321
fsc.576
msl.47841
sct.22421
hyn.4963
dpy.2871
msc.3610
ppx.13243
Fsc.24685
sct.20166
ecp.18128
sch.9113
taa.8303
sct.19755
ecd.9954
Fsc.29609
scj.2873
sct.13336
ppx.12044
scs.18200
ppx.6895
spe.25262
ppx.7747
taa.8596
opv.961
spe.15866
trc.11011
cln.11127
taa.8104
scr.16490
tas.11950
fsc.13790
sch.7584
spe.26304
spe.37028
scs.8361
ppx.32150
msl.53133
tae.6960
dpy.19490
hyn.11580
ppx.17676
opv.3903
ppx.17247
ecp.14967
ppx.4900
gys.11507
spe.4406
sct.19898
scr.17606
dpy.17773
ecm.1704
gys.10593
ppx.24198
ppx.35011
gys.14778
ppx.37705
tas.10007
ecg.8311
fsc.7308
ppx.30835
scj.872
ecd.3494
trc.13970
taa.13079
ppx.16008
sch.4649
scr.9469
tae.4014
taa.11037
cln.10460
tae.3743
sct.20757
tae.11104
fsc.1271
hyd.3384
msl.13613
Taa.4618
htf.4727
taa.3779
Fsc.29542
ecg.1717
ppx.8477
spe.8779
msl.26645
tas.7930
fsc.6480
Fsc.15374
trc.1638
ecd.330
scc.17880
spe.8459
sct.13670
Fsc.7045
scw.16380
msl.18540
sct.19285
trc.660
ecm.7869
msl.21537
ecm.2369
taa.11300
spe.24774
tas.6776
scr.11879
scw.20191
scr.14096
msl.32680
htf.7117
trc.14343
scc.18186
scr.22795
spe.4975
scc.3205
scs.18821
scc.2172
spe.1276
gys.6777
scm.10118
spe.25430
trc.4889
hyn.8843
opv.10810
scw.15030
dpy.10856
tae.9326
trc.18373
scw.23298
scc.8067
smm.619
tae.10173
htf.7621
hyd.5186
trc.12717
ppx.6212
scr.4631
msl.22068
hym.10118
dpy.11969
spe.26157
spe.29412
scs.1640
tae.11603
scm.2085
ecd.4992
Fsc.7907
msl.49358
ppx.29642
scr.14982
ppx.25790
ecd.9772
taa.10722
msl.13424
ppx.17018
tae.862
ppx.10519
scr.20234
fsc.4640
dpy.14867
scr.1028
scs.16211
dpy.13985
msl.21036
sct.16304
ppx.12227
hyn.3853
trc.1330
msl.17753
scs.13390
spe.23279
Ecg.1512
ppx.3097
ppx.7499
gys.14000
hym.6088
scj.4830
scm.4677
scc.2973
dpy.19218
ppx.10771
htf.5235
taa.13112
hyn.3664
scc.21022
Fsc.14271
opv.8659
gys.10616
dpy.6679
ppx.9009
spe.4068
dpy.174
scr.558
ppx.12821
hym.9829
ecm.578
msl.57939
scc.3918
Ecg.7381
scs.216
Ecg.2824
Fsc.11985
spe.6077
