

dpy.15156
hyd.2113
opv.5851
hym.11277
Fsc.20733
spe.18230
Ecg.447
ecp.1246
scr.5785
scr.4686
scc.1899
hyn.5065
sct.18194
Fsc.31043
Fsc.32615
Fsc.16526
hyd.6514
Fsc.9096
msl.7128
Fsc.10348
Fsc.15869
Fsc.6305
scr.5178
Fsc.22453
Fsc.23214
scr.5263
scm.9583
tae.5656
tae.11485
Fsc.14883
scw.17526
sct.18088
ecp.18474
scr.14656
sch.6097
spe.19252
msl.58750
opv.7065
spe.27300
scc.6378
ppx.11987
ecp.12547
hyn.5128
msl.55424
scr.1861
scr.23567
Fsc.14169
ppx.14269
msl.22249
ecp.7622
scc.16172
Taa.8280
scr.4086
msl.25462
scc.2684
scr.2704
scj.4057
scc.1452
ecg.8066
smm.1304
msl.21336
sct.20204
ecp.3983
ppx.6084
gys.14549
ecd.1181
scr.19784
scs.18893
ecp.11515
scc.12577
dpy.7175
gys.15261
spe.31436
spe.14339
tae.6837
dpy.2099
scs.18577
tas.3620
Taa.4673
tas.2816
ecp.9941
scs.16407
msl.37188
ppx.30926
tas.8194
msl.17192
msl.12144
htf.8611
hym.9836
sct.5155
sch.528
dpy.13015
scr.19259
tas.7416
ecp.4330
ecd.1971
ppx.10404
msl.41449
Taa.194
hym.5886
msl.43519
sch.334
ecm.3832
sct.10620
dpy.7294
Fsc.11443
scm.8072
hyd.4369
fsc.8597
smm.2430
msl.12596
Ecg.7968
hyn.9941
hym.3121
hyn.4287
Taa.9373
ecd.6096
ecm.7358
dpy.6623
ecm.3798
ppx.23408
trc.3769
scs.7948
msl.30291
hyd.9345
msc.9059
Taa.8381
ecp.12211
msl.30828
msl.45803
hyd.5411
msl.21534
ecp.3713
ppx.22823
scc.1240
scr.23370
ecg.9296
msc.7894
Fsc.30017
msl.36740
tae.3649
scm.6905
msl.40803
ppx.19003
htf.6412
hym.5775
scs.8970
ppx.33093
sch.12537
sch.3870
sch.9225
fsc.8031
scj.10542
hym.1091
Taa.1127
ppx.19468
msl.28440
scw.20851
msc.5802
msl.27605
hyd.3656
ecm.2607
ecd.6907
scw.16920
Fsc.8206
msl.37504
Ecg.9504
scw.2927
tae.11695
spe.38957
opv.7159
cln.7240
msl.55039
ecg.4846
ecp.7322
spe.28284
msl.55683
spe.35525
trc.8734
fsc.7841
sct.10504
ppx.11720
fsc.12422
hyn.491
scs.3196
dpy.15659
Taa.4818
hyn.1768
spe.34106
ecd.4219
tas.7902
dpy.3397
scw.4508
msl.16967
msc.3130
scs.8057
opv.3473
scm.223
taa.11824
tae.1480
sct.4967
msl.36198
msl.54018
ecg.114
spe.8812
msc.7845
spe.11868
trc.12905
sct.19569
tas.9620
ppx.23231
cln.10672
sch.6501
msc.7090
scm.4998
sct.3121
sch.6878
Ecg.8658
tae.2662
trc.7886
ecp.17504
taa.7209
ecg.7489
ecm.312
cln.9074
Fsc.19918
scm.7486
gys.10545
fsc.840
Taa.9744
opv.10985
msl.40945
spe.4161
msl.29217
opv.8030
scm.603
taa.9105
spe.7106
ecd.194
dpy.12783
scw.20181
msl.55048
ecp.17398
Fsc.6919
hym.5941
scs.5645
tas.1375
sct.9790
Fsc.20379
Ecg.5544
Taa.3540
msl.24889
opv.13632
msl.40177
Ecg.1870
opv.5517
ppx.26163
sct.12909
taa.12471
msl.19859
tas.277
msl.58328
scr.10154
tas.3698
msl.34154
scs.16224
scc.14092
sct.10130
msl.508
htf.545
scr.8137
ppx.28633
sct.19532
msl.14450
Fsc.2320
tae.12471
dpy.10846
msl.12167
scr.649
msc.7245
ppx.4462
Taa.3984
msl.58194
cln.5378
scr.3439
ppx.6587
Fsc.25160
htf.4448
htf.9489
ppx.26758
ecp.3729
scj.7214
ppx.17280
ecd.9004
sch.9329
Fsc.2572
msl.31004
ecp.1183
msl.59566
hyd.9036
msl.12914
hym.8671
trc.5406
dpy.1048
hyn.3586
spe.7639
Taa.77
msl.34745
dpy.715
cln.9403
msl.39707
scw.5735
msl.35991
gys.9453
hyd.2029
hym.7621
cln.12225
msl.17396
scw.20205
msc.751
trc.13922
spe.21996
spe.25634
scw.21026
msl.8071
tae.8517
hyd.8810
opv.5174
scc.4210
gys.9925
spe.11694
msl.48836
Taa.9963
spe.28294
fsc.3021
msl.57079
msl.47063
ppx.8998
Fsc.176
msl.59300
fsc.6250
msl.12397
tae.8698
msl.47951
spe.15373
msl.49294
msl.60282
spe.35044
msl.21616
ecg.380
scr.14226
sct.3926
scj.3296
hyn.1941
cln.5936
msl.54382
trc.2743
sch.818
Ecg.1671
Fsc.5479
fsc.3549
fsc.2852
ecp.11406
ecd.7253
hyd.2270
msl.60260
msl.58546
fsc.7676
gys.13951
tae.1283
scs.19529
ecp.16561
spe.9553
gys.13456
scw.18614
fsc.13027
msl.55841
spe.8560
scs.4119
trc.9951
ecp.18366
spe.23193
ecp.2438
msl.30639
spe.5161
scs.14618
ecd.7113
spe.14998
cln.13161
opv.10476
spe.19594
msl.14901
scc.4724
scc.14377
htf.6377
ecm.9289
msc.8180
msl.18432
cln.12097
taa.1096
tas.1341
scr.1717
Fsc.5160
hyn.9173
opv.3800
fsc.11852
opv.14161
trc.3619
ppx.19923
scj.6214
gys.10471
spe.27649
ppx.15766
msl.7278
msl.32282
gys.5290
gys.8931
scr.3894
scc.9206
ppx.35663
opv.1954
ecp.13701
msl.397
hym.3692
msl.34688
ecd.5804
spe.13392
dpy.680
ecd.3321
msl.52924
tas.10549
cln.5660
trc.14279
taa.8366
scw.5179
scs.7927
Fsc.14327
taa.2029
spe.24777
msl.40710
Taa.5444
hyd.3638
sct.663
scm.5265
ecd.6385
tas.11939
spe.25112
dpy.6103
hym.4091
msl.24063
sch.11048
cln.3209
trc.12078
msl.57707
Ecg.4212
taa.10950
htf.2354
taa.95
hym.4835
msl.56599
hyn.170
opv.9182
msc.1187
ecm.8046
msl.14597
cln.2483
ecp.8802
msl.30245
tae.2238
scw.16088
Ecg.9221
scw.21546
tas.11096
hyn.4330
msl.51578
sch.368
msl.30039
ppx.17863
spe.15556
scw.15168
scw.718
msl.46792
tae.4937
taa.3833
msl.55173
msl.49754
tas.11155
gys.14375
msl.54539
scs.12643
tas.727
ecg.6362
tae.7674
spe.16319
msl.20727
trc.17770
scm.5449
hyd.8924
scs.9337
cln.9752
msl.20026
ppx.37646
spe.37027
opv.6859
scs.4733
scs.10128
ecd.9674
scs.3546
msl.50873
ppx.20059
taa.632
scr.2356
cln.6043
spe.24803
scj.6002
taa.7200
fsc.13572
cln.9262
scj.716
msl.49168
opv.5690
trc.12962
scc.20673
trc.11276
hym.7315
ppx.16660
opv.12651
cln.1690
opv.7672
dpy.12945
ppx.4497
cln.10337
sct.762
taa.11019
Fsc.2904
ecp.6977
opv.5535
msl.58803
hym.6718
Fsc.24459
msc.5775
Taa.5323
htf.7227
taa.11442
msl.42526
hyd.10013
trc.12398
gys.4225
cln.1266
hyn.3654
sch.10203
msl.50217
dpy.11221
ppx.28072
opv.1825
msc.7438
cln.10078
sch.7072
ppx.13713
hyd.6981
taa.10831
scs.4678
tae.8810
Taa.6427
sch.9962
spe.39028
msl.1998
tas.394
scc.17301
tae.7261
Taa.167
sch.1358
trc.4091
spe.2880
ecg.9353
opv.12934
msc.9131
scw.18292
msl.45532
sct.17291
sch.4568
Fsc.2855
scm.5043
opv.2962
ppx.24544
ppx.21737
tas.11916
msl.27562
ppx.34756
taa.4163
spe.4137
taa.4124
fsc.1846
scr.10579
scj.382
ppx.6819
msl.57234
spe.26611
sct.2312
msl.17321
ecg.5858
sch.4196
gys.10592
scc.5678
sct.11815
msl.10101
ecm.1605
ecd.8617
opv.8515
scw.115
sch.888
cln.990
scc.17518
msl.55735
hyd.971
ecd.148
hyn.10002
ppx.37613
tas.3630
taa.869
tas.952
cln.5015
sch.8561
hyn.3211
trc.2481
tas.94
trc.13754
hyd.2857
htf.6313
Taa.18
Taa.8355
ecd.7491
ppx.26157
scr.14416
cln.6428
msl.40047
spe.13460
msl.36683
spe.955
msl.19373
hyd.4956
ecg.583
scr.12676
scs.11253
scc.2120
scm.7696
opv.6547
cln.10949
htf.7102
spe.38199
scc.7689
ecp.15786
msl.41092
taa.5223
scw.16375
hym.3842
tas.693
opv.2576
tae.9701
taa.2067
scc.21939
fsc.8393
spe.29850
htf.10139
hyn.8997
msl.20953
scw.13753
fsc.8219
scw.12113
ecm.7033
taa.4781
Fsc.19810
msl.9967
Ecg.6380
dpy.10064
sct.11442
msl.42466
dpy.7038
opv.2984
trc.21456
Ecg.3754
msl.15762
fsc.7651
cln.12001
ecd.6488
taa.4145
msl.21814
scr.3373
ppx.7573
ecp.2828
scr.953
scw.23359
scs.9364
Fsc.2976
taa.10052
hyd.5292
scc.12260
msl.51537
hyn.12935
ecg.9595
msc.70
ppx.16559
msl.26025
scw.18068
dpy.4507
cln.4181
cln.2723
gys.9185
ecp.5538
tae.8669
hym.2140
msl.54859
opv.10794
trc.8759
sch.10518
ecp.9641
scw.8157
scj.10355
opv.15132
sct.6248
scw.15530
Taa.2222
cln.12514
opv.9096
taa.12368
ecg.2462
tae.8308
ecp.9229
htf.138
scs.2636
scj.12351
fsc.12568
opv.11643
spe.14888
ecd.4622
scr.8758
Fsc.30624
Ecg.3222
tae.7360
scs.19029
ppx.1226
msl.35176
ecm.7458
hym.6256
hyn.7571
scj.11995
msl.49860
scw.22831
spe.5165
msl.24328
msl.34008
scj.558
scs.397
msl.11430
trc.952
msc.9098
msl.7927
trc.4394
ecd.466
gys.5340
Ecg.2494
scr.2698
msl.1449
cln.3389
Ecg.2489
dpy.290
msl.2572
ecg.5637
ecp.6199
msl.41242
taa.4908
trc.16149
Ecg.6698
fsc.9042
tae.10232
ecd.2699
ecm.2314
tae.12390
spe.1243
scw.11514
hym.4389
hyd.4513
taa.8050
Ecg.9907
spe.23719
scj.8923
opv.8793
scw.18821
msl.34587
msl.22344
dpy.2857
ecm.6832
hym.10359
msl.45108
spe.32462
Taa.9995
tae.3913
scw.8964
msc.8351
gys.60
Fsc.15392
hyd.9605
taa.2789
tas.1795
gys.958
msl.47582
opv.13282
scj.603
sch.7691
spe.19509
trc.19441
gys.6842
msc.6073
msl.50411
scj.191
scw.25272
taa.5392
sct.14463
hyn.11385
ppx.2936
scs.4712
msl.22391
opv.5541
tae.6544
scj.3805
Ecg.3329
ecm.7097
htf.10884
hym.5552
ecp.14283
sct.9863
opv.14406
ecp.12031
Fsc.11911
trc.8647
msl.44852
hyn.8070
msl.9393
sch.10359
Ecg.1219
hyn.10077
scw.24476
scs.15671
ecm.3733
ecg.7953
opv.13870
msl.60066
scc.3097
ecm.9665
ecp.5095
scs.9294
trc.18444
fsc.13321
Taa.2865
msl.17420
dpy.14320
msl.45991
scm.6479
opv.9230
msc.4579
msl.1743
sch.10975
spe.22734
scm.11397
scs.3325
hym.2985
Ecg.1321
fsc.13411
ecg.616
msl.2821
sch.12969
msl.56515
gys.11390
gys.9544
scr.22161
scw.5717
hyn.9108
scw.3168
smm.197
Fsc.17066
msl.19919
Fsc.8306
scs.10111
spe.11240
fsc.2678
fsc.8254
Taa.1313
scc.16938
ecm.6308
trc.21483
scs.2785
scm.9993
scc.8861
scs.8534
msc.1034
msl.42810
msl.44226
taa.8412
cln.4848
tas.1426
Ecg.7667
tae.6061
cln.7697
Ecg.3616
tas.6809
scw.24790
opv.13808
gys.11405
msl.36464
cln.5331
hyn.9072
dpy.12836
Ecg.2735
Fsc.31210
gys.14144
fsc.5417
ppx.7412
msc.2879
scr.516
ecg.5880
taa.12783
dpy.366
ppx.3658
ecp.5229
msl.32334
cln.7117
spe.1742
trc.295
scc.16908
scr.21264
scs.19687
scc.2751
gys.14588
ppx.12313
spe.32727
scj.10038
Fsc.27404
msc.4567
ppx.3652
spe.37646
tas.10999
spe.32311
Fsc.8507
ppx.29553
ppx.2387
taa.12776
ppx.16282
scw.7940
ppx.25212
msl.34910
spe.27297
taa.9939
scc.9511
ppx.13496
fsc.13114
scs.10704
ppx.6347
scs.14382
scr.23842
trc.8349
trc.694
ppx.36817
Fsc.20978
taa.12412
ppx.23198
scc.4501
gys.9156
ecp.10560
spe.37727
Fsc.13596
ecp.15136
Fsc.21497
msl.51900
scr.21055
spe.37653
tas.9842
scs.20146
hyd.9154
hyn.2472
dpy.12692
spe.20085
dpy.5069
ppx.28271
scc.19669
ecp.8050
smm.3804
scc.22486
sct.14110
trc.9099
hym.11047
sch.1771
msl.16358
msl.44675
scr.21770
tas.11356
scw.4822
gys.14609
sct.2992
hyd.11178
trc.12528
hym.259
taa.11357
Taa.1994
spe.12687
spe.1729
trc.18197
scs.10168
spe.5370
msl.24947
scs.5115
ppx.35045
msl.50766
msc.4433
ppx.11311
scc.20972
scc.12122
sch.10480
hym.2429
ppx.23416
hym.3067
hyn.4612
dpy.7762
spe.3049
msl.16101
opv.10102
scc.16711
ecm.3253
msl.34483
tas.5756
dpy.85
msl.25720
Fsc.28619
fsc.15456
ecp.8614
scm.2522
spe.32190
scr.18327
Fsc.9238
Taa.9756
trc.4242
ppx.11016
ppx.8936
ppx.4785
ecd.10561
ppx.25306
ppx.31533
ppx.24019
scw.2445
dpy.11717
dpy.11653
hym.9994
scc.21837
htf.468
scs.4637
spe.7946
fsc.15251
hym.11934
dpy.11104
hyn.12675
ppx.14655
Fsc.646
Fsc.22044
ecd.9855
spe.14254
dpy.18608
spe.10399
ecm.2496
ppx.13814
cln.9339
scj.11645
scr.8302
ppx.24613
spe.32865
cln.541
ppx.2674
scr.24014
tas.9440
ppx.33396
hyd.6953
ecg.4056
opv.229
ecp.12167
msc.2905
scc.889
scr.9387
Fsc.14285
spe.20535
ppx.10862
spe.27786
taa.11937
trc.21175
scr.5779
spe.13435
scr.7564
sct.22555
hyn.10448
scr.12647
gys.9611
scc.21451
htf.5055
hym.1559
ecp.13113
scr.14102
sct.17241
hyd.6612
scr.17117
trc.1986
ecp.17918
gys.9940
scr.4318
trc.21829
ecd.5789
scc.14702
spe.34793
ppx.7936
spe.9696
scr.2399
gys.7375
ecd.8234
ecp.1901
scw.239
hyn.2881
msl.27867
smm.1405
