

msl.58873
Fsc.17561
scm.5252
ppx.23919
Fsc.23426
Fsc.12889
scc.11765
spe.7938
dpy.18163
ecm.2444
Fsc.31836
Fsc.33345
Fsc.10563
hyn.4213
Fsc.29307
Ecg.7537
trc.22027
scr.18562
gys.5615
Fsc.23217
ecd.7003
scw.923
scj.3793
htf.5739
scc.6710
Fsc.21189
Fsc.19528
scm.11414
Fsc.16747
ecd.11338
Fsc.15444
scw.2379
dpy.10643
scc.18742
spe.1678
ecg.4171
scr.16574
Fsc.19411
gys.13415
ecd.5442
dpy.11153
tae.3720
ppx.9610
scr.18640
Fsc.25945
scs.18820
scs.19675
Fsc.22365
dpy.19503
gys.11645
scw.4631
scw.20379
sct.14322
taa.5949
msl.18032
ecp.9163
msl.54852
sct.11376
msl.51431
ppx.6112
Taa.4407
spe.9914
fsc.4045
ecg.4550
msl.26243
spe.14198
ppx.30630
fsc.9215
scs.14305
tae.3632
ecp.5572
msl.40850
htf.9754
sch.1523
Taa.4489
tae.4462
scr.9670
Ecg.6186
cln.2313
scj.2877
msl.58060
cln.9445
msl.32793
scc.327
ppx.18138
scr.9423
scw.17397
dpy.10653
msl.35425
msl.27678
hyd.5200
fsc.3573
msl.51542
fsc.5912
hyn.3976
spe.14700
taa.4486
dpy.8211
ecg.6597
ecm.5370
htf.1047
msl.57177
ecp.17890
Fsc.8420
ecd.5821
ppx.19516
msl.54387
scc.10301
tas.9446
ecg.1882
tas.11081
taa.110
scw.7809
ppx.34448
ecg.5984
hyn.1517
scw.20772
ppx.17027
sct.11355
msl.11987
Ecg.7276
hym.216
ecp.9415
trc.20419
scc.7198
ecp.12396
msl.48216
scr.22423
fsc.7690
Fsc.15801
cln.12888
cln.3228
opv.14417
sct.214
msl.49787
Ecg.1383
taa.8743
Taa.9081
htf.11203
ecp.5247
scr.10336
msl.15975
ecm.9940
opv.12687
hyd.833
spe.4492
scw.7742
scw.25070
gys.10731
msl.57813
opv.6131
msl.42075
dpy.3980
scw.4046
sch.8918
Fsc.463
cln.9641
tae.3080
msl.34081
opv.15436
taa.12961
msl.18097
ppx.30227
Ecg.3478
msl.58469
msc.943
scs.8457
ppx.31903
trc.2399
cln.11665
spe.23376
ppx.7458
sch.10532
msl.33805
hyn.13380
tas.3129
ecd.7695
ecd.4536
opv.2581
msl.27118
Taa.492
cln.1233
msl.56373
opv.4086
gys.1771
hym.8770
ecd.3083
spe.16328
ppx.7710
scw.8460
msc.426
spe.27825
scr.3850
sch.9188
ecm.1126
opv.9575
dpy.13330
msl.52029
tas.455
spe.26749
scr.20494
taa.4813
ecd.3150
dpy.4714
cln.11780
tae.8574
tas.6521
tas.9592
ecg.7999
taa.10624
Ecg.9528
scw.21042
htf.6550
msl.12649
Taa.7477
hyn.13545
sch.4218
msl.29060
ecd.8936
ppx.35558
Taa.7532
ecp.8497
ecg.2642
hyn.2466
msc.7847
Ecg.7427
taa.330
htf.43
spe.855
scm.5610
sch.10263
msl.50237
gys.2547
msl.27597
scs.13569
scm.3527
ecp.4075
trc.3984
spe.15098
cln.5386
scs.13643
msl.18300
scs.5743
trc.18133
msl.24221
ecp.8018
scm.1566
tae.660
fsc.14827
ecd.259
taa.12866
cln.8915
spe.3341
msl.33741
Fsc.24979
msl.54252
msc.3890
spe.5292
scw.16246
taa.2340
scm.10757
msl.23290
ecm.3115
tas.4233
tae.10833
gys.5691
msc.6313
ppx.37237
msl.31837
ecp.6591
sch.10573
msl.21272
hyn.476
spe.31898
spe.29160
hyn.9199
dpy.4339
scs.16209
ecp.3689
spe.1427
scr.19102
ecm.6235
spe.16735
msl.19499
scj.2190
msl.8979
ppx.15645
msl.619
msl.50747
msl.49003
msl.37409
tas.10153
Fsc.12612
spe.39119
ppx.24021
tae.4154
gys.13030
scc.11206
ecp.11124
taa.7389
Fsc.22569
hym.1389
ppx.13539
spe.27474
Fsc.3932
msl.46499
spe.1378
tas.7452
scr.15233
htf.875
ecp.12477
htf.9705
scc.11137
scr.6893
scm.2924
scs.5383
opv.10823
opv.15425
taa.5796
msl.18088
tas.2920
ecp.10434
scs.14970
taa.3845
sct.14146
msl.44297
hyn.9980
spe.16404
msl.57695
cln.1724
msl.52948
scw.12861
scw.4133
msc.9730
scs.15001
msl.120
msl.47183
msl.30833
Ecg.3128
ecp.11728
hyd.391
scs.2953
gys.11510
scs.19452
tas.3990
msl.30304
hyd.9570
dpy.9084
scs.11327
opv.12978
msl.40341
scw.14634
hym.9173
taa.7216
sch.4523
Taa.4500
ppx.36005
Ecg.3982
ecp.9189
cln.264
hyn.2687
Taa.6586
scc.20759
msl.11544
spe.24567
sct.9779
scw.21606
scj.3069
scj.1280
hyn.8886
taa.8847
scm.5916
msc.2788
sch.634
msl.47231
scr.9394
smm.3163
msl.38401
ecg.3927
tas.11343
tas.5186
ecp.16811
fsc.7482
Taa.5848
Fsc.29784
gys.14628
tas.8780
Ecg.5113
ecp.16162
ecd.10840
ppx.15289
hyd.7313
tas.12817
Ecg.8924
cln.5056
dpy.5397
tas.2464
spe.28333
ecd.4941
spe.24484
scs.12833
opv.12579
msl.56918
dpy.15600
gys.14882
ecp.9206
scc.12083
ecm.6844
Fsc.9378
msl.37903
scs.4455
scs.14074
fsc.9087
ecm.6171
spe.19910
msl.41298
msl.59785
Taa.8693
ppx.36057
msl.35154
msl.45543
scj.4385
msl.50516
Fsc.50
Ecg.6987
spe.1731
msl.47837
tas.2208
gys.135
tas.893
tas.10253
hyn.1534
htf.6470
Ecg.8180
ppx.33464
hym.1952
msl.31427
gys.14837
hym.5463
hyd.7811
msl.43345
ecm.1678
msl.47323
dpy.12150
tae.6301
tas.6556
msl.11088
ecd.9452
hym.12165
msl.23255
smm.1570
ecg.10090
ecm.9238
cln.8244
scw.13711
msl.38393
msl.34750
hym.4365
msc.9182
fsc.1171
msl.17028
ppx.4242
tas.3219
msc.1012
trc.6504
htf.3333
ecm.7696
ppx.26129
msl.41570
ecd.7078
scw.17058
opv.2732
Taa.5373
ecd.10236
cln.9928
Fsc.10761
tas.12910
ppx.17732
cln.7223
scc.21717
msl.48808
opv.6577
ecg.2440
Ecg.2884
ecp.10001
scr.12977
sct.8849
ecp.8152
cln.5614
scr.4047
ppx.15185
ecp.1323
dpy.9833
msl.17090
scw.9163
msl.8853
ecp.61
htf.3156
hyd.10255
scw.20852
scj.8242
htf.2124
scr.17742
scs.1942
trc.15781
msl.45194
cln.5925
tas.1978
sct.15779
scw.15190
msl.36719
ecp.10450
opv.417
msl.43721
sct.11056
htf.11150
hyn.8015
spe.16263
tae.3523
sct.1336
ecd.1540
ppx.27238
msl.29494
hyn.5459
scm.1804
spe.20213
Ecg.7208
trc.11027
spe.11386
Taa.4717
fsc.4034
Taa.6732
trc.10996
scr.11523
tae.4760
hyd.6120
sch.6656
hyd.2436
gys.3801
scm.6820
msl.40969
scm.3133
scw.11178
htf.9125
gys.9196
scr.1314
ppx.32351
dpy.10577
fsc.425
trc.17415
spe.10649
scw.18122
tas.11002
scc.13700
sch.2767
scw.12833
scm.2595
hyn.11486
scm.969
spe.10432
msl.58714
msl.24046
ecp.15359
msl.45887
Taa.5258
spe.26506
cln.812
sch.8224
dpy.16530
msl.22899
taa.4796
sct.3232
msc.8708
msl.49631
hyn.13723
cln.7352
msl.54453
ecm.8065
msc.2047
ppx.23348
sct.20219
ecm.9479
spe.18430
tas.5058
ecg.3429
Fsc.1676
opv.11957
msc.3780
msl.1032
trc.7722
gys.4795
tas.12837
ecm.5469
tas.6783
htf.322
Taa.3788
scr.18873
msl.54083
ecd.8961
msl.13822
sch.927
spe.15415
hyd.5134
msl.58952
msl.43623
scj.4035
scm.8289
tas.11265
ecg.8320
scc.13086
ppx.2641
scm.9058
hym.1189
spe.26081
tas.8175
fsc.5268
msl.6703
taa.6120
gys.723
hyd.7255
scm.2549
Taa.7422
spe.22845
Fsc.28987
taa.8835
spe.28172
ppx.1000
Taa.5481
msl.30948
tae.4278
ppx.33951
msl.7083
spe.135
opv.15407
dpy.896
msl.56172
scj.4608
scc.19357
ecg.11202
ecd.9498
msc.8073
scr.22390
ppx.20494
sch.4473
ecp.2164
msl.4854
msl.47009
Fsc.6370
scw.9654
sch.12500
msl.8555
trc.6420
scr.16405
dpy.16106
msl.35949
scs.13155
scw.3058
ppx.26010
ecg.7409
msl.30331
sct.20144
htf.11381
scj.5419
sch.7908
scc.511
msl.29188
msl.56717
scr.3865
ppx.13538
scs.14373
ecg.9089
msl.15043
msl.23214
msl.42856
ecg.1994
dpy.6556
ecp.11167
dpy.5031
msl.14581
ppx.6932
ppx.29145
scs.17867
msl.53337
hyn.11287
tae.9962
Fsc.1138
ppx.28955
msl.22831
tas.4774
fsc.6146
hyn.9713
spe.18249
fsc.5141
hym.2702
ppx.23954
taa.5346
scc.2706
Fsc.1513
ecp.10094
scj.419
Ecg.4994
fsc.3465
hyd.8530
ecm.3190
taa.9853
hym.7256
ecp.9981
dpy.13409
scc.1491
ppx.3884
ppx.24578
gys.14272
gys.9558
ecg.9856
tae.4129
msl.16181
hyn.9116
Ecg.3111
fsc.11873
trc.19094
ppx.29019
spe.23818
msc.8867
sct.16543
tas.7335
spe.7545
ecm.2022
Ecg.3523
msl.30046
Fsc.1540
scr.9542
Ecg.665
ecg.5050
scr.8285
taa.7046
msl.40235
tae.1065
opv.16161
scj.8704
tae.4242
Ecg.411
Ecg.7656
ecp.14600
opv.9110
htf.8530
scr.10810
spe.7952
Fsc.33071
dpy.11091
scs.10679
hyd.4603
ppx.22157
taa.1356
Ecg.7237
tas.12983
scc.3593
scc.20060
msl.49397
gys.3030
gys.11006
msl.28294
dpy.8217
Ecg.7441
Fsc.30055
cln.9360
scs.16085
msl.15025
ecd.2100
taa.903
msl.29379
tae.3106
msc.3463
ecp.15768
msl.41035
fsc.15355
opv.13373
scr.2826
Fsc.31619
msl.5413
Ecg.4615
scm.8801
gys.1879
hym.6447
scs.3640
spe.22385
tae.1504
sct.5359
msl.14122
msl.17477
scc.19241
ecm.7638
Fsc.5907
msl.54122
tae.3683
msc.10294
msl.59773
trc.18252
dpy.6443
sch.11383
msl.56449
Fsc.20972
sct.10871
scr.3448
tas.6339
ecd.7359
scw.18321
htf.11164
opv.83
ecp.11897
ecg.5997
ppx.18915
hym.8079
sct.4177
msl.38929
ppx.6308
ecg.3888
msl.22974
cln.6740
msl.3250
msl.10146
spe.7308
scc.19438
Fsc.28544
scc.5090
ecp.9457
scc.11223
cln.2164
tae.1877
scc.4543
msl.8356
msl.31963
Fsc.26170
Taa.6246
fsc.6836
ppx.35034
msl.46539
ecp.13130
msl.36315
scw.15975
scr.3308
scj.3031
msl.45368
scr.8571
opv.10358
scw.19729
Ecg.1454
spe.23085
spe.21647
msl.58826
Fsc.16421
msl.15457
htf.327
msc.61
cln.8667
dpy.232
ecd.2241
ppx.35491
opv.16214
dpy.9309
hyd.3229
sch.12884
scc.21173
ppx.27571
sct.11134
hym.6845
spe.26070
ecd.7385
ecg.3267
Ecg.3800
tas.10962
taa.10818
taa.8592
scc.959
scc.10232
ecm.9885
Fsc.29202
scw.4724
fsc.15167
msl.45863
ecm.6407
tae.3839
msc.6680
ppx.7700
fsc.14396
scs.17511
smm.169
msl.392
scm.9370
msl.33009
Fsc.26023
msl.5637
taa.2720
hym.2957
Fsc.4869
scm.1723
scr.721
scj.11981
htf.8270
ecp.6550
dpy.6651
scr.10808
dpy.6468
msl.44481
hyd.3626
spe.27917
scs.13722
hym.11334
scj.2211
fsc.12401
trc.1043
Fsc.1176
scr.1096
hym.11284
ppx.31232
ecp.13345
trc.14541
scc.22548
opv.12600
scm.248
fsc.4205
gys.6868
ppx.37597
sct.16032
spe.9273
Fsc.26456
taa.9322
scm.10351
sct.16044
fsc.3402
scs.1206
taa.11150
taa.4002
trc.9940
fsc.257
dpy.17636
ecm.2395
Fsc.8047
htf.7905
msl.654
sch.12605
Ecg.3678
ppx.17988
ppx.27765
scw.11926
ppx.37867
scj.1350
trc.3440
msl.52649
dpy.6777
fsc.1417
trc.12796
ecp.9317
ppx.22876
hyn.3696
ppx.28723
ecm.3677
scs.1459
ecp.18335
Taa.4767
dpy.3588
hym.10652
ppx.32400
spe.34193
fsc.265
tas.13128
sct.8311
trc.17076
trc.7121
ppx.21906
scc.3474
scj.288
hym.6804
sct.3882
ecp.10694
hym.5454
spe.1712
tas.7060
ppx.771
ppx.3365
sch.7040
spe.32684
tas.10800
hyn.4985
scc.17725
htf.5405
scr.22277
scc.11091
ppx.6472
dpy.6892
Ecg.5794
ecd.7474
trc.7465
ecp.15942
scw.11436
scc.15863
ppx.18238
cln.8698
scr.19998
taa.10109
hym.2908
sct.13995
ppx.21779
msl.3783
ecp.13644
sch.12691
sch.6867
tas.9361
tas.7379
sch.3648
hym.11971
sct.21972
hyd.5606
ppx.31146
opv.15644
dpy.5391
taa.12228
smm.2876
tas.3466
spe.34983
taa.3092
scw.19498
scw.23437
scs.17381
ecp.17387
opv.7217
hyn.4432
ppx.35318
msc.4465
taa.1165
hym.10193
scj.11832
Taa.8097
tae.8913
opv.2843
ppx.4233
spe.6758
ppx.9680
ppx.37801
ppx.36749
ecg.2702
ppx.12922
trc.20022
scs.7928
hym.12232
sct.13885
scr.7800
sct.5641
ppx.2658
spe.30088
taa.13272
scr.21552
scc.8015
spe.5312
Fsc.6928
gys.11005
scr.1446
opv.9631
scr.22386
scc.14797
scr.19531
scw.24841
sct.12955
scc.11145
sct.4375
taa.4243
gys.15285
htf.7166
Taa.8655
scr.10010
msl.27130
fsc.6097
scj.4557
msl.52859
htf.10300
ecd.9242
ecm.4132
ppx.4365
scw.7228
hyd.9561
spe.32301
Fsc.11852
scr.4080
spe.9441
trc.15415
gys.11098
scs.2010
scr.5717
ecp.12251
ecp.14632
spe.22962
scw.22191
hyn.372
ecp.1416
scs.1926
smm.1609
hyd.3315
Ecg.3117
scw.23598
scs.14247
ecp.18370
ppx.34807
sct.14593
ecm.2985
spe.22359
spe.2558
hym.10041
gys.8018
sct.22147
spe.36229
scs.15577
sch.11603
scw.21051
spe.24994
hyd.4009
gys.4298
scs.421
ecd.10348
fsc.2570
scc.21166
fsc.10274
