

scr.13720
hyn.4106
fsc.1287
scm.5879
Fsc.18628
Fsc.12736
scc.19094
trc.19815
spe.1683
scw.2842
scc.3889
Fsc.13380
Fsc.16749
Fsc.15596
spe.10175
Fsc.8496
scc.14740
scr.1333
sct.19752
ecg.403
Fsc.29057
Fsc.31580
scr.750
msc.8886
scm.5312
Fsc.10784
spe.33219
Fsc.33252
scw.4416
ecd.6224
Fsc.9802
ecp.13723
htf.3689
gys.129
scr.10162
msl.4256
fsc.11624
Taa.10306
ecd.5791
scr.14275
scc.9229
spe.37791
gys.12559
smm.575
Fsc.12478
scw.25428
scj.6123
tae.8854
scw.12306
scr.6820
msl.3384
scw.19965
scc.635
sch.8013
spe.17294
ppx.3456
Fsc.19208
sct.977
sct.19707
sct.1088
trc.12629
ecp.1686
ppx.23343
ecp.5331
scr.178
scm.11512
ppx.34390
htf.2330
sct.7303
gys.6265
gys.7049
ecd.787
Fsc.31395
opv.15030
tae.1316
scs.1595
msl.7405
gys.12717
hyn.9583
spe.25781
msl.54922
scm.4879
ecd.5954
dpy.10444
scr.20961
hyd.281
ecm.5837
msl.47624
fsc.12715
tas.2137
msl.3726
ecd.4458
ecp.4926
fsc.13144
cln.9651
scs.16121
msl.14136
msl.52211
Ecg.3560
ecm.7607
sch.8247
scr.23592
spe.38275
ppx.34111
dpy.19569
taa.7000
ecd.2759
trc.6844
Ecg.5187
Fsc.20961
gys.4556
msl.14428
sct.15178
spe.34192
spe.31488
ppx.7589
msl.24984
scj.11857
scs.2897
msl.21599
Taa.2424
scr.10950
ecd.4842
ppx.20126
dpy.15100
msl.30317
scr.11303
msc.2285
msl.1482
gys.10396
tas.2735
tae.6219
ecg.1069
scr.6964
ppx.586
opv.859
msl.60346
fsc.8447
msl.12908
spe.1897
sch.2481
Fsc.25414
hym.7119
dpy.5015
cln.2346
ppx.18677
ecg.737
sct.20732
ecd.5251
msc.5403
ppx.25776
hyn.1793
taa.8250
dpy.17971
sct.1232
fsc.1477
taa.4893
ppx.5053
tae.10843
ecg.6468
scs.242
ecp.1927
taa.4825
scj.10818
scj.11396
scm.9019
hyn.13140
msc.558
hym.4559
fsc.9756
taa.2599
msl.52666
ppx.29523
dpy.3113
scs.12669
tas.9412
trc.2191
ppx.4351
scc.4047
msl.22708
scj.8374
scm.9621
ppx.808
scm.10323
trc.15991
gys.6104
ecg.10926
Taa.4953
scs.10106
ppx.36435
msl.6966
hyn.11020
fsc.6314
msl.20434
hyd.744
sct.13306
spe.4739
tae.1054
tas.10137
gys.7322
scr.6200
tae.6469
msl.18145
Ecg.1547
ecm.832
scm.737
Fsc.18737
trc.3048
scj.2634
Fsc.23360
scc.19114
taa.9634
ecg.1595
Taa.2426
msl.54716
msl.41820
ecd.5303
ecp.2584
dpy.13136
msl.23845
tas.8395
fsc.22
fsc.3903
msl.14767
tae.8243
ecm.5006
dpy.7894
Taa.3630
Taa.4977
tas.6513
scj.6091
htf.10126
cln.7294
scj.10115
msl.7436
ecg.3523
smm.97
scm.11418
ecp.13877
sch.1084
fsc.11139
taa.5400
opv.13392
hyd.5627
tas.9541
msl.42266
fsc.12183
scm.10995
dpy.8369
spe.23391
scm.5314
msl.35432
Fsc.26493
ecd.3059
sch.8955
ppx.32039
Taa.4495
ppx.19870
msl.22286
msl.29958
scr.9039
spe.3766
scw.12019
tas.7593
opv.8083
trc.7115
opv.2904
scs.3530
scw.15830
trc.21804
taa.12785
spe.13723
msl.32728
msl.27037
msl.21897
tas.3023
tas.885
msl.18915
fsc.602
scc.14745
scm.1346
msl.38946
fsc.14682
msl.31456
taa.5402
msl.9842
scm.4120
msl.11833
ppx.8498
cln.1059
hyd.5970
ppx.32174
hyn.2102
Ecg.2980
hyd.2506
hyn.3629
ecp.14222
scj.750
msl.31904
scs.17717
msl.51458
msl.54347
msl.48628
scj.9140
dpy.15921
hyd.6919
tas.10340
scw.19489
msc.2422
ecg.3601
msc.9607
cln.7569
sch.12170
ecg.6129
msl.27632
trc.17150
ppx.14807
ecg.6451
ecd.1054
Taa.7599
dpy.5665
spe.68
ecm.6988
msl.40926
hym.7545
hyd.1932
msl.23802
htf.4853
Fsc.8468
msl.51124
smm.1590
ecg.10038
trc.11859
msl.59857
ppx.20374
spe.23271
scr.7528
dpy.6832
scm.1625
hym.3213
Fsc.29204
msl.35923
msl.20017
hym.4269
ecg.1214
tas.358
dpy.3386
spe.21011
msl.36511
sch.1315
scs.3960
msl.31764
scr.23335
msl.56732
sch.7231
msl.11784
msl.36708
Taa.799
msl.25809
scj.3400
msc.2085
tas.2161
taa.1702
sct.19596
scm.3887
hym.7303
fsc.12860
spe.7913
scj.3804
hyd.7480
msl.5230
msl.15877
hym.360
msl.44046
cln.5312
tas.8547
fsc.7210
scm.11163
msl.28327
scs.5453
hym.2722
taa.8197
ecg.9978
Taa.2851
ecd.3918
ecd.2293
msl.45622
tae.8194
opv.14485
spe.10196
msl.18590
sct.9378
fsc.13424
spe.23333
msl.24640
ecp.10818
ecg.1691
Ecg.5865
ecm.194
htf.7361
msl.7325
ecg.6020
ppx.19784
gys.11660
msl.28434
fsc.5057
hym.2431
opv.2620
spe.28338
sch.8341
opv.9379
taa.12469
fsc.7396
sch.10835
fsc.10349
Fsc.16334
msl.55241
spe.37884
scj.7594
dpy.977
taa.10725
htf.6880
taa.3006
Ecg.7906
fsc.11239
msl.54807
msl.42331
tas.8990
scw.2165
cln.2949
ppx.26729
msc.9795
fsc.7765
gys.11234
ppx.26401
hyn.12748
msl.20078
gys.7623
fsc.7266
opv.4014
dpy.12477
cln.8744
tas.11189
hym.10595
hyn.12536
hyd.5141
Ecg.8230
cln.7340
hym.4751
spe.8455
ecm.5946
cln.3836
fsc.8428
ppx.23564
gys.13870
sch.6250
Ecg.3712
ecp.11112
Ecg.6734
fsc.13758
msl.54622
scc.18637
msl.53994
msl.5439
scj.8127
hyn.3325
spe.24246
scm.7963
sct.16821
ecd.4898
msl.33239
dpy.7345
spe.8216
ppx.7785
tae.6463
Taa.4027
scm.6443
taa.10540
hyd.8320
ecp.4711
Ecg.3451
sch.5678
trc.7799
ecp.14359
scs.9716
trc.6443
tas.11970
scc.21106
tas.2567
scm.2447
taa.6738
Fsc.7033
msl.6283
tas.819
msl.41880
trc.2429
msl.34493
msl.28617
msl.24259
msl.59414
msl.38908
spe.3237
ppx.27692
Fsc.15725
scs.14110
scw.20156
ppx.22023
msl.42641
sch.12271
scr.6930
Taa.4875
scc.4749
scc.7067
trc.1273
fsc.4284
Ecg.9059
Fsc.10089
msl.54268
msl.18122
scs.5
htf.3104
ecg.4345
msl.42393
trc.3069
ppx.13165
tae.2721
scr.13321
ppx.23374
Ecg.4685
fsc.13687
scs.10635
scs.12404
ecp.15385
msl.14629
scj.7148
trc.12298
Taa.327
ppx.6282
msl.7027
tae.11768
scs.6402
msc.3808
scc.21236
spe.15919
sct.7675
msl.24629
fsc.9186
dpy.350
msl.13638
scw.19415
Taa.7391
tae.2437
scc.5455
msl.52989
ecp.14495
hyn.8770
hyn.2730
msl.53119
msl.50480
Taa.3974
msl.13387
ppx.26667
msc.629
spe.509
msl.19935
hyn.11529
scs.14564
hyd.661
scc.18358
Fsc.963
trc.9710
scr.4526
msl.59075
sct.14854
scw.19502
msl.14828
ppx.35676
dpy.18246
gys.11976
msl.24585
hyd.7016
msl.32640
scc.143
scr.15422
gys.2598
scr.7829
Fsc.8992
scw.24408
dpy.2607
Ecg.9948
msl.58668
fsc.6425
msl.41755
opv.1252
msl.36448
msl.2289
scr.3457
htf.1492
hyn.10828
msl.59106
ecp.9469
trc.21598
ppx.28115
sch.6604
Fsc.5763
ecp.8077
scr.11433
tas.3845
scj.12669
msl.22540
hyd.8596
spe.10388
trc.9151
msl.19237
trc.14135
ppx.9560
scs.8557
scm.1945
msc.10011
trc.12280
msl.59391
opv.15151
Fsc.31604
scw.15248
hyd.10344
msl.48375
ecp.4543
msc.4122
scm.2087
ppx.2328
scr.7791
ecm.3389
trc.19992
msl.38499
Ecg.2238
dpy.5606
ecm.8707
taa.2427
Taa.1080
tas.7548
msl.59747
dpy.2429
sch.2823
ppx.18562
scm.8154
scc.8955
gys.6553
ecd.2679
ppx.30750
dpy.10123
dpy.10236
scc.18825
msl.52494
dpy.13359
msl.15607
Taa.7762
Taa.8620
htf.6456
opv.15817
tas.4560
Fsc.15752
scs.17457
scr.11986
scs.11879
cln.3522
cln.2096
tas.3443
Fsc.879
ppx.31454
scs.4592
fsc.10854
msc.8256
scm.681
tae.11352
msl.59904
opv.11467
taa.12597
Fsc.32575
taa.2442
hym.39
msl.47679
taa.920
scc.2477
tae.5280
sct.7383
spe.13743
Taa.2412
scc.16163
opv.10364
ecm.8120
scj.5705
scw.12200
scc.427
dpy.13656
scj.3275
Taa.3587
taa.9225
hym.991
ecm.3431
scr.2390
msl.26990
ppx.19112
htf.4889
cln.2452
msc.1528
tas.5847
msl.51157
msl.42795
scs.6830
Taa.5713
msc.1487
msl.31213
scj.8673
tae.7380
htf.9256
tae.3479
msl.18334
ppx.824
ppx.9357
hyd.1998
ecp.10443
msl.51629
gys.15319
scs.5699
opv.11493
fsc.2086
scw.15050
ppx.25997
scw.13215
opv.9547
opv.14377
cln.5576
ecd.1745
ecp.7271
ppx.4189
msl.25878
hyd.1425
gys.9155
ppx.18580
ppx.28663
cln.5181
msl.21163
msl.7521
scc.2
msl.37966
cln.6339
scs.12348
ppx.12466
trc.3487
gys.14132
fsc.632
spe.17590
msl.31700
taa.11131
msl.1959
ecg.2180
opv.1765
ecm.9126
opv.15426
htf.5003
cln.7935
scr.14535
hyn.1134
ppx.32126
sch.11022
Fsc.21550
dpy.3990
ecd.5638
msl.4166
scm.9808
opv.7067
scs.14298
msl.60406
tas.11185
fsc.5213
msl.15939
ecg.10778
opv.14692
trc.8465
scm.8544
ecg.2856
ecg.9573
msl.25111
hyd.2075
msl.15503
Ecg.9209
ppx.9063
Ecg.2795
msc.6622
Ecg.6241
msl.5809
msl.29124
sct.10638
ecm.3497
spe.5417
scw.16261
scr.1697
opv.12833
cln.8099
tae.351
fsc.13212
htf.4375
ppx.31289
msl.9694
Ecg.7602
sch.10571
scc.19948
scj.4276
scj.6792
Fsc.10252
hym.7061
Ecg.7194
msl.30800
scc.11096
trc.18978
htf.9612
msl.29833
fsc.10436
sct.636
scm.1240
tas.8429
ecp.14978
fsc.12346
dpy.2374
Fsc.846
msl.50728
taa.7602
scs.7640
dpy.3961
msl.26325
cln.86
hyd.7086
ppx.16168
ppx.29339
msc.1465
dpy.5008
ecp.14422
ecd.6035
msl.49391
tas.5779
scw.3200
msl.17076
tae.1444
msl.20620
trc.14550
msl.45945
msl.19582
Ecg.5477
msl.33245
scc.17985
hyd.2164
Fsc.15908
sch.8829
spe.4036
taa.11406
msl.19338
Fsc.14585
ecg.9391
taa.9480
msl.37496
dpy.6412
Fsc.16828
hym.11893
ecp.657
scr.11725
Fsc.14117
opv.1808
sct.2581
spe.33297
opv.3974
scw.17852
trc.9353
msl.32093
cln.4264
msl.47970
tas.5431
tas.4713
taa.9156
msl.58415
scs.4742
scc.12856
Fsc.5842
msl.6978
ecp.13423
scs.399
trc.20943
spe.13543
Fsc.9203
tas.4335
ecd.3969
scr.14615
scs.11489
taa.12385
sct.6046
scs.5594
scw.4068
scc.6422
Fsc.11848
msl.33439
msl.11561
fsc.12032
ecd.3623
taa.3778
scj.3044
fsc.13655
ppx.27382
ppx.37045
ecm.8166
msl.38980
msl.1967
taa.4027
Ecg.2694
msl.10461
trc.8675
dpy.17929
spe.29927
dpy.8869
ecm.1662
tas.12548
hyd.6168
ppx.24423
msl.36352
trc.9238
fsc.5763
ppx.14631
Ecg.1182
scr.10659
trc.64
trc.6512
ppx.37232
opv.6661
trc.5821
tae.6057
ppx.34710
Fsc.301
ecp.1236
trc.6076
tas.7236
ppx.30175
spe.26392
msl.16152
msl.24304
fsc.2163
msl.21355
tas.3675
spe.12713
ppx.20075
msl.20006
tas.12757
msc.3975
msl.12093
spe.1836
tas.9751
msl.21108
scm.1565
ppx.983
ecp.1561
spe.12501
scr.20123
scs.1574
scs.1227
spe.8174
scs.12837
Taa.2140
taa.3645
spe.25995
scs.558
ppx.13711
taa.1912
ecp.1101
htf.8538
Fsc.25274
dpy.18888
ppx.20261
scw.11023
scs.4779
scr.4348
scc.19123
msl.34868
dpy.11090
ppx.25247
Taa.2685
scc.3112
scc.10063
sch.6626
ppx.7092
Ecg.1941
scm.9956
ppx.35636
scw.12990
trc.470
spe.17539
ppx.15813
ecd.8552
ppx.37779
hym.1256
ppx.33436
dpy.7542
hyn.5035
ppx.22628
ecd.10299
ppx.3031
msl.2021
spe.20664
spe.23069
gys.7779
ecp.16667
trc.20137
scc.1849
sch.5503
spe.12036
hyn.4703
ppx.31372
ecd.1796
scm.11101
scs.12858
ecp.1153
hyn.10978
dpy.12838
sct.9365
Ecg.8189
scr.11011
trc.20820
sct.9404
tas.9839
opv.6914
hyd.5297
ppx.4541
spe.15320
ppx.37459
taa.11921
ecp.15032
gys.15263
msl.5101
scm.3970
scc.18313
trc.7325
hyn.8520
tae.10319
ppx.20113
fsc.12534
fsc.3533
taa.9897
scw.1286
ecm.4188
scs.11248
spe.31223
htf.4821
Fsc.29814
spe.24859
ecm.3162
msc.1531
scr.8529
Ecg.6918
ecd.9403
scr.15523
sch.6623
dpy.12654
scs.17099
spe.37772
scj.9759
gys.14414
scr.8143
opv.2543
ecd.10859
scc.4343
msc.4140
ppx.14047
hym.9461
ppx.36205
tas.12813
hym.2136
msl.11331
scr.2715
spe.37621
trc.7387
trc.8148
spe.15133
scm.11204
hyn.6247
scr.23095
opv.5581
scs.2153
hyn.7136
scm.11278
spe.1041
scr.18524
spe.20073
ppx.6401
gys.13704
Ecg.6556
ppx.18241
scj.2426
ppx.24023
scc.10081
hyn.5702
scc.18468
hyn.5712
spe.23312
ppx.34153
ppx.6845
ppx.3820
scr.9033
spe.37383
ecp.1252
spe.3083
ppx.11362
spe.38134
ppx.11138
spe.21341
spe.584
cln.1974
dpy.18331
ecd.4581
trc.14438
scr.15811
scm.6134
scw.165
hym.12266
opv.6100
opv.14762
