

msl.31417
ecp.18263
Fsc.9519
ecp.2413
Fsc.20947
fsc.6081
scs.9792
scs.12648
Fsc.7111
scc.16406
smm.3109
Fsc.18685
scw.6615
scr.15926
scw.12084
scr.3869
ecd.3212
sct.4732
ppx.31306
scc.23020
Ecg.7732
scr.7178
msl.41567
ppx.27512
spe.38925
spe.19047
Ecg.9327
Fsc.33332
trc.17938
sct.10647
scr.8196
scr.23616
spe.27057
ecp.660
scr.223
scw.25488
scc.2534
dpy.19796
scr.10707
sct.22350
scw.20029
tas.11964
sct.2117
spe.552
taa.11263
ecd.11442
spe.3160
hyd.6868
msl.22246
scc.7759
ppx.12425
hyd.6663
scw.1628
msl.3035
sct.6716
gys.13339
ecm.5081
scc.1669
ecm.1202
opv.7565
sct.7509
msl.60439
scr.19469
scw.20507
spe.4117
dpy.425
scr.14152
scm.11277
sct.9640
Ecg.5522
ppx.7891
scs.2658
ppx.1443
dpy.1567
tas.8321
ecd.4236
opv.5892
scm.6561
taa.6535
scs.10322
hym.3726
Ecg.1370
msl.29389
opv.10754
msl.60412
Fsc.32479
msl.50349
cln.12073
cln.150
Fsc.11764
ecm.8013
scj.5678
scw.12136
htf.3907
ecm.10223
htf.1198
ecg.5192
scj.2429
Taa.1487
Taa.9148
opv.12415
spe.19056
htf.9
msl.45973
trc.119
sct.5481
Ecg.628
msl.39048
msl.32302
scw.22648
cln.28
scs.10915
msl.1233
taa.1796
sct.9442
hyn.6666
msl.52123
scw.14580
scm.7252
tas.2906
taa.3699
ppx.34171
msl.48632
Ecg.8055
ecd.9190
scm.11666
ecm.9829
sct.4813
scw.15374
gys.15382
ppx.179
ecm.5918
scr.5300
sch.958
cln.6121
scw.20987
trc.15698
opv.10572
cln.40
fsc.1223
ppx.32432
opv.11132
cln.9839
spe.12306
ecg.1743
scj.729
opv.951
tas.2312
hyn.9723
spe.38036
cln.13371
msl.11501
dpy.2687
ecd.10782
scm.7295
opv.2304
ecp.292
hym.323
spe.25572
msl.55883
msl.4209
ecp.6945
sch.2980
cln.4312
msl.4770
msl.16347
trc.4001
msl.46880
ecm.5055
sct.5454
ecp.2101
msl.44133
ppx.28959
dpy.13387
msc.3215
hym.4965
hym.11860
tas.10228
scr.14771
msl.57063
ecp.7877
msl.47078
msl.13364
ecp.368
hyn.7426
sch.10048
msl.19004
ecg.6068
scw.14966
ecg.1380
opv.9076
tae.7663
cln.11511
msl.54008
scm.11772
msl.50068
hym.4150
msl.7232
scr.4574
htf.3799
scr.20603
msl.8659
htf.7145
scw.9279
fsc.13555
sch.8734
msl.24731
msc.4877
ppx.14224
dpy.3883
Ecg.2032
Fsc.8175
Ecg.6788
sct.2541
cln.7004
gys.2059
scw.18716
Fsc.16639
ecg.5921
taa.6042
scm.10556
sct.15345
htf.10404
ecd.72
msl.35872
Fsc.25634
tas.11455
ecm.1280
msc.1720
ecg.3938
cln.11050
spe.27723
msl.57466
Taa.9943
msl.45634
scr.18456
ecp.1675
spe.19439
tae.11774
spe.26164
scm.6967
htf.993
hyd.6849
msl.25504
tas.4520
ppx.27872
fsc.14688
tae.9548
gys.7514
scr.1706
hyn.252
scj.3626
scc.5644
ecg.3217
opv.8771
Fsc.43
tae.12141
Taa.5204
sch.8352
scs.16116
Taa.2050
gys.7930
gys.12590
htf.10400
scc.2789
msl.55278
spe.25328
msl.7328
scw.25900
ppx.15526
ecm.9383
hym.4989
msl.14135
ppx.26291
fsc.13486
ecg.669
ppx.36144
sct.7493
msl.44640
msl.42657
gys.8681
scm.6328
msl.49993
ppx.6871
msl.28650
taa.2051
ecd.1987
opv.2406
hyn.10847
cln.10204
Taa.7190
dpy.759
sct.3972
trc.1379
taa.4152
Ecg.9193
spe.4053
fsc.4999
scj.12640
tas.4468
ecd.10553
msl.57713
tas.2857
ecg.3571
cln.13488
hym.5703
trc.1397
fsc.8791
ppx.28574
scw.15712
tae.1230
msl.18938
msl.53301
Ecg.9935
ecg.1565
tas.10198
trc.16598
msl.55892
msl.14668
sch.6719
ppx.4799
fsc.13302
htf.1500
msl.40064
msl.31790
scs.7712
sch.8206
taa.2078
ppx.14012
scs.3819
sch.10913
ppx.12669
fsc.8815
scr.23076
msl.13670
Fsc.20921
ecm.8319
scw.24388
trc.9079
taa.8633
ecp.1443
msl.44508
ecm.2483
ppx.14246
trc.425
msc.5104
msl.27123
msc.9013
ppx.12544
Fsc.498
scs.2371
tas.11454
spe.12919
scs.18374
spe.501
htf.7656
opv.4133
tas.3421
scw.21822
scc.21436
msl.11128
scj.7341
Fsc.7838
hyn.2527
cln.8829
msc.4861
taa.214
msl.27394
gys.5635
msl.57643
hym.11
cln.11790
Taa.1674
msl.36369
msl.59571
msl.18508
cln.2420
ppx.18778
msl.37753
scs.12291
msl.9552
ecp.13535
Taa.5430
msl.33140
msl.3059
scm.2957
msl.15427
scw.16570
scj.1044
scr.22459
scs.11770
ecp.7469
opv.2893
spe.2607
scj.10957
msl.12506
hyn.4514
msl.41907
ecp.13679
cln.6296
sct.4388
tae.9449
sct.17018
Ecg.9606
scj.134
trc.3794
taa.2925
ecg.2828
sch.708
scm.543
scw.21088
msl.17540
tae.9874
ecp.7064
tae.7272
ecm.4693
fsc.4600
ecp.12306
tas.11310
trc.4755
scc.15649
hym.6060
scw.18288
scs.15535
cln.12206
opv.12245
hym.8310
ecm.4457
msl.31304
taa.10957
scm.6983
fsc.10912
hym.47
msl.18889
scs.17032
Taa.4923
msl.24303
tas.1554
Fsc.8803
msl.47746
scj.8316
scj.11582
trc.1877
msl.26121
msl.19993
msl.11381
trc.19032
fsc.9394
spe.579
htf.7366
ppx.26011
opv.15885
trc.15470
Ecg.10121
hym.1341
spe.36340
Taa.8076
smm.1491
ecp.15265
ecd.1498
Fsc.7555
opv.1881
msl.19488
fsc.6563
ecp.2945
htf.8092
ecm.2827
scs.8266
msl.1099
ppx.27978
fsc.15273
dpy.2119
tae.1529
tas.10576
tas.8524
scj.7118
ecm.6389
spe.38689
taa.11960
ecd.766
msl.45949
trc.13812
sct.4706
msl.27959
ecd.2237
ecg.282
trc.6015
scr.16142
msc.8901
ecp.2126
ppx.2047
scc.8948
hyn.9500
htf.5379
msc.7296
msl.50916
scs.14533
msl.56001
taa.1070
htf.6303
msl.49950
msl.47194
msl.26662
sct.20691
scr.10969
msl.1117
htf.9464
ecg.4161
ecd.8151
Fsc.14498
hyn.5051
spe.39520
msl.56090
tas.9290
msl.31754
hyn.4625
Fsc.24126
msc.2336
ecp.6100
scs.6539
tas.11370
taa.3267
ppx.5771
hym.7876
opv.7690
scs.18431
msc.1444
taa.9828
scm.4184
scm.9730
scs.5446
spe.11028
scw.18779
ecd.4342
ppx.2910
ppx.29094
ecp.9751
tae.4044
msl.39669
Taa.1859
Taa.5427
msl.28352
hym.4711
dpy.10112
msl.42050
scs.16182
Ecg.3395
sct.5401
Fsc.17217
ecd.3139
sct.12784
ecm.8830
scs.18509
scs.10993
ecm.2354
ppx.34654
msl.28064
dpy.3619
msl.411
tas.6946
htf.1620
spe.30757
sct.12549
dpy.5389
Ecg.1174
msc.2492
ppx.854
dpy.9410
msl.25151
tas.7425
tae.3525
htf.8176
msl.10060
tae.8564
Fsc.516
msl.14788
ecp.3175
scw.8417
cln.4083
msl.8606
cln.5549
gys.1337
scj.3977
msl.48553
scc.10843
ecp.3347
scs.15839
tas.7700
cln.11813
ecg.5589
Ecg.2060
msl.85
scs.9024
ppx.22590
scs.822
ecm.1570
ecp.7208
taa.10014
msl.48662
Taa.6867
scs.2826
hym.10873
msl.53215
spe.34532
msl.47961
msl.34572
spe.14320
sch.727
hym.3016
Taa.472
cln.3393
scw.2434
msl.18018
scs.12090
Taa.5801
scw.23340
scm.5652
tas.6793
hyn.534
scw.12592
Ecg.8491
ecm.9248
hyn.5395
spe.5697
Fsc.32825
msl.35097
Fsc.15110
scr.13045
scr.22118
msl.19669
Taa.1116
ecd.525
dpy.6961
hyn.7336
msl.16894
tas.6481
scr.4845
gys.3944
scc.11931
msl.17461
fsc.3312
ecm.6395
tas.3049
scs.10055
ecp.10042
scj.7556
ecm.9310
scm.6764
ecd.10383
scw.14146
msl.13698
gys.14367
tae.5523
scm.10724
scs.8584
opv.4465
gys.13199
taa.8084
tas.6890
scm.6371
hym.2545
msl.4341
scs.7180
sct.10574
tas.10779
ecg.7894
scj.259
msl.9463
scc.17365
opv.1595
scr.5325
msl.10172
dpy.11889
cln.1548
tae.5943
ppx.16576
ecd.1797
taa.11841
dpy.4615
spe.10808
msl.4108
msl.40281
gys.13837
smm.343
ecm.8541
tas.3025
hyd.2812
ecg.3443
scc.16284
dpy.5580
ecd.8542
msl.18385
ecp.11838
scr.20074
scj.2532
ppx.29786
fsc.2126
msl.19594
scw.5649
hyd.3637
hyn.5673
taa.11924
hyd.7662
tae.2639
msl.22206
ecp.14074
hym.9387
taa.1266
scw.12671
cln.13145
msl.26591
Taa.9233
scm.654
msl.6711
sch.11951
hyn.2662
Ecg.268
cln.1757
fsc.1045
Taa.1074
ecg.7227
taa.6188
Fsc.13765
msl.46201
ppx.18973
ecg.234
scr.4900
fsc.3478
msc.5234
spe.29824
fsc.12497
htf.3560
scc.10662
scm.7471
Fsc.13300
dpy.9059
scw.2494
ecm.7648
ecm.9019
msc.2372
Taa.7209
msl.16093
opv.5925
ecp.3354
taa.1527
tas.7713
msl.45564
msl.8824
gys.7260
tas.1292
hym.7350
msl.6198
scs.19695
tas.2480
sct.14754
sct.7376
msl.12318
dpy.2187
msl.36472
sct.9061
scs.2524
sch.6132
scw.15911
htf.7337
scs.6940
msl.38439
dpy.2140
tas.10757
ecg.2620
hyn.9323
htf.676
msl.45613
msl.29233
scs.14318
fsc.9722
scw.15616
ecp.7556
ecg.3507
hyn.9591
Fsc.23857
smm.501
tae.8755
scs.6191
Fsc.26218
tae.7157
scs.13661
msl.32036
ecd.4933
tae.9905
ecp.15949
gys.6192
taa.10930
scw.7007
spe.19071
tas.5517
htf.218
taa.3981
ppx.7144
ppx.28179
sct.11942
hym.6038
ecp.5413
msl.39072
ecp.5105
msl.60526
scs.12458
scc.21772
taa.8789
trc.18883
scr.7498
taa.3336
msl.52111
msl.33451
smm.3609
dpy.10241
cln.1864
scm.2334
opv.3688
ppx.22451
opv.3531
trc.17611
htf.10626
fsc.8383
scw.5041
msl.31471
scj.6296
hyd.4789
scw.16156
scs.9587
ecm.6430
ppx.13895
scw.10082
ppx.6174
scc.7005
msl.44332
tas.12769
ecd.2926
msl.4135
msl.13046
taa.8753
spe.31582
cln.232
scs.10223
htf.4277
ppx.8190
sch.4943
tas.5190
msl.59541
msl.56209
scw.13274
Fsc.1143
msl.37765
trc.8573
msl.12606
opv.7988
scr.6401
tas.2010
cln.1520
Ecg.2480
scw.13416
sct.16615
msl.32836
scr.14553
htf.10213
tas.2948
Taa.4887
cln.4773
scr.7195
taa.6564
msl.49766
msl.51143
taa.454
ecp.14240
sct.13181
spe.1013
tae.12438
gys.2090
Ecg.8585
dpy.4419
Fsc.32325
msl.4306
ppx.27403
ppx.26605
msc.8344
taa.1414
ecg.10933
Taa.3513
scc.17328
ecd.2324
msl.16957
Fsc.10646
taa.5360
Fsc.6633
cln.12024
msc.841
scj.11332
scw.22083
Fsc.766
sch.10468
hym.9639
sct.9544
taa.9451
opv.13478
scj.11277
ppx.23205
msl.42820
ecp.2336
scc.21907
htf.5988
ppx.30480
sch.6860
ppx.13058
msl.28693
taa.2012
dpy.8452
ppx.1639
msl.45097
spe.36209
scs.4100
fsc.14059
scs.12025
ppx.33197
gys.14739
msl.25237
smm.3349
spe.23982
fsc.3930
ppx.23012
spe.26058
ecp.1255
htf.9249
Taa.1134
ppx.32305
scj.2924
hyd.6652
tae.876
trc.1157
hyn.6057
taa.5578
tae.4216
scc.8380
spe.22172
ecg.2175
Taa.3743
fsc.1331
fsc.1725
sch.9903
spe.17742
spe.18945
scc.8655
dpy.6004
ppx.35909
Fsc.33074
cln.13602
msl.1563
scj.8400
spe.26340
ppx.7842
spe.36287
scc.3140
tas.9694
msl.12763
spe.24501
trc.13023
tae.8651
ppx.16549
hym.6658
spe.24142
ppx.31937
scs.13759
opv.3826
Taa.10273
Fsc.22518
ecm.5993
dpy.15800
dpy.16193
scc.14592
opv.6520
spe.39351
dpy.7669
taa.6158
ecm.5215
trc.8530
scr.2314
sct.9841
spe.33098
hyn.3660
taa.1781
spe.24643
gys.9075
tas.12140
scr.4973
ecp.1035
msc.4249
hyn.1773
ecp.9578
ppx.4019
Fsc.17573
taa.11320
Ecg.6823
gys.10239
fsc.7173
fsc.3535
opv.2875
spe.3276
sch.5388
ppx.5281
opv.9174
sch.9583
fsc.10144
scr.8998
msl.48269
msl.7920
scs.8896
ppx.23016
ecg.6019
ppx.33773
trc.12908
scs.1305
sch.12485
spe.12504
ppx.28748
ppx.20690
spe.37324
spe.31148
dpy.19172
msl.15243
ecg.4839
tas.4430
htf.9623
scr.11593
spe.14295
scc.8083
ecg.1792
taa.12650
Fsc.12347
trc.15038
dpy.4411
spe.37069
Fsc.32532
scw.530
ppx.14090
ppx.10484
scw.9782
ppx.37586
scr.1022
Fsc.17188
spe.4830
Ecg.4476
opv.11930
trc.20656
spe.15914
fsc.8627
dpy.1329
ppx.5670
ecg.10883
scr.18267
hyn.6952
ppx.7288
Fsc.22761
ppx.37857
scm.10833
scs.14798
ppx.4175
hyn.11992
scr.538
dpy.6525
hym.8807
tae.10178
ecp.17794
scj.12021
scj.5235
sct.22253
spe.1257
ecg.1967
sch.10200
gys.4819
msl.15203
dpy.19676
sct.6254
ecd.5501
hyd.5321
scj.9844
ppx.37694
dpy.18403
hym.11104
ppx.29314
dpy.9362
scw.2032
gys.13125
sch.314
hyn.4529
msl.50363
msl.28091
scc.22917
ecp.7497
ppx.28944
scw.8707
ppx.19521
sct.7351
hyn.9882
spe.19131
ecp.3941
hym.7480
htf.5664
spe.12073
spe.9762
Fsc.24597
hyd.1885
ppx.21852
Ecg.8950
ppx.23128
hyd.59
scs.15064
trc.20604
ecd.2168
scm.3169
dpy.14335
gys.5416
Fsc.17854
scr.16309
hyd.11166
Fsc.10097
ppx.1942
spe.8419
gys.684
dpy.14692
taa.7428
