

tas.12402
scr.10602
ppx.28592
scw.10113
Fsc.16671
spe.28725
scr.44
Fsc.9435
scs.17710
Fsc.32963
sch.12997
sct.18467
scr.24072
scw.2681
scw.6221
Fsc.14358
ecd.10124
Fsc.19068
spe.23001
ppx.11604
ppx.2831
ppx.31212
scr.1196
spe.29863
sct.6349
sct.17232
Ecg.8589
Fsc.25772
scw.14997
scw.15091
ecp.767
trc.14648
Fsc.28726
Fsc.31499
trc.17180
Fsc.17733
Fsc.6957
trc.14298
opv.12705
Fsc.13754
hyn.6347
spe.2483
Fsc.22584
ecp.1389
sch.11266
opv.10083
Fsc.23142
scr.17826
Taa.5593
fsc.11494
sct.10938
ppx.18928
msl.58029
scr.10463
scc.11768
hym.10693
spe.25550
scr.15138
Fsc.10903
scj.11346
ecm.4004
Ecg.7450
spe.3749
Fsc.22604
ppx.28978
ppx.18202
cln.10458
opv.5794
ppx.26387
msl.53431
ecp.18477
Taa.388
scc.10897
msl.11609
sct.9355
cln.11686
ppx.12716
msl.428
trc.3355
scr.16560
hym.7392
ppx.10437
tae.1274
spe.19693
Ecg.7172
scj.3639
tae.2030
scs.12817
Taa.38
opv.13537
msl.4253
dpy.16015
ecm.586
Fsc.1424
hym.5260
ecp.16378
msl.35789
cln.7393
msl.9605
msl.41488
msl.26060
Ecg.592
sch.2340
scs.10587
scr.5197
trc.3310
trc.4136
ppx.19515
tae.8463
tas.5002
tas.770
taa.9583
fsc.12088
Taa.546
gys.112
sch.93
msl.45385
opv.2551
ecg.2894
Fsc.13068
msl.30149
spe.37018
scm.8863
ecg.4156
gys.2893
sct.3571
fsc.5770
msl.17259
Ecg.3312
ecd.8089
sct.14236
trc.1498
scs.1893
tae.6049
ecd.9479
scs.15295
taa.12682
hym.7761
ecg.2235
Taa.1576
taa.12928
msl.48818
Ecg.7880
msl.11699
ppx.26519
cln.7052
scs.15662
spe.9104
ecg.6096
opv.13860
tae.2319
msl.21547
Taa.65
msl.48334
tas.7270
dpy.17310
hyd.1883
sch.10673
scw.23450
msl.15465
msl.29167
tae.7303
fsc.9656
scs.10065
sct.14519
gys.27
scr.17365
cln.79
ecp.14338
msl.10314
msl.17858
cln.13287
ecd.7625
scs.13348
spe.9770
ecp.12698
scj.7906
hym.690
scc.86
ecm.9709
scj.4969
opv.11521
msl.23724
scc.15604
tae.8861
sct.18267
msl.35444
scj.9575
spe.26552
spe.13520
msc.7927
gys.8644
htf.7358
ecm.4877
ecd.5190
htf.4243
fsc.8048
trc.19381
dpy.385
hym.9620
sct.9556
scw.7335
opv.2164
Fsc.13241
msl.55676
scs.15307
tas.799
ppx.797
scs.11040
hyn.5299
htf.6389
ecp.7966
Fsc.1100
msl.59292
msl.23793
hym.3389
msl.43221
msl.1974
scs.7189
tae.11992
scj.1147
spe.28037
scw.18334
ecp.4493
spe.13786
msc.8255
ecd.7106
ecp.7473
msc.6723
trc.10047
hyd.4959
Fsc.15519
ecp.3908
tae.352
msl.47533
dpy.3637
sct.8565
sch.11297
scm.1912
hym.9652
dpy.18836
ecp.6051
trc.9313
ecp.10984
msl.5471
msl.29308
gys.6954
dpy.6950
msl.43489
ecp.5020
sct.7064
msl.36516
ppx.17323
trc.20276
scw.6602
taa.12128
msl.11291
cln.7382
taa.4494
msc.5658
Taa.7490
dpy.14854
msl.59797
tae.3437
msl.59985
tas.2541
cln.3123
Taa.5983
msl.30411
trc.9002
scs.2184
scs.801
ppx.5255
ecm.3782
ecp.10329
Fsc.8830
opv.3692
scw.20956
ppx.26055
cln.2095
ecd.4854
fsc.12099
msl.59042
cln.2513
hyd.4775
msl.6907
opv.7897
msl.44682
fsc.13274
hyn.1160
Ecg.10133
ecp.145
opv.5751
dpy.9399
htf.8452
hym.8513
taa.9792
hym.11611
sch.9577
ecp.6565
msl.58511
scw.996
spe.1272
opv.9190
msc.1196
fsc.3146
Fsc.17124
Ecg.4647
ecd.502
scw.24636
ppx.37038
sch.7430
tae.5278
dpy.17328
hyn.1621
scr.16032
scc.4893
htf.10805
ecg.3994
ppx.12627
taa.6588
scs.10076
sct.8137
scw.4991
msl.30167
trc.296
hyd.8355
msl.928
ecp.9154
sct.21392
ecd.9340
scs.12679
scw.22413
dpy.8589
spe.30798
hym.660
msl.49550
trc.6409
dpy.8191
tae.8492
cln.9765
msl.59402
taa.13047
hyn.8505
Ecg.9280
ecm.2051
sch.8331
Taa.8331
ecp.2264
msl.44638
msl.9523
opv.1647
scc.15227
msc.2325
scs.9432
ecm.6658
trc.21952
scm.7013
msl.43593
sct.6027
cln.2817
fsc.15661
scc.15883
ecp.14456
msl.41617
Fsc.28243
opv.5349
msl.11817
taa.2288
ecg.1582
msl.45331
opv.1290
Taa.5180
taa.3780
spe.32440
Ecg.4719
scc.1376
htf.1431
ppx.37783
msl.5886
scw.8892
msl.33157
hyd.1762
scm.6836
msl.24030
ecp.11575
msl.17708
sct.16731
tas.8783
Fsc.30731
trc.6452
cln.1985
scc.8756
msl.40964
scr.16506
gys.10014
spe.413
scr.20946
msl.52650
hym.1642
msl.43106
fsc.11082
gys.6961
msl.58703
htf.10698
hyd.7732
fsc.100
ecd.841
scc.9531
msl.19476
msl.43393
scj.7415
opv.7204
scs.7773
tae.5948
htf.8421
hyd.8876
Ecg.3202
ecp.16911
Taa.4557
msl.25424
scr.23017
scm.9242
tae.7104
Ecg.8463
trc.16749
msl.50387
cln.10634
spe.12996
gys.5543
scr.9717
spe.7879
msl.38625
msl.11411
Fsc.26552
msl.59464
scs.5052
taa.1270
scc.453
msl.54097
Fsc.16205
msl.38459
taa.739
Taa.4619
Taa.9093
gys.7188
smm.3079
msl.5950
scm.8293
spe.38989
spe.5505
gys.947
dpy.178
opv.11429
fsc.12370
msl.55000
msl.52745
Fsc.6952
Ecg.3887
scc.17111
scc.21989
msl.53372
Ecg.9929
sch.7153
tas.2734
ecp.9380
ecd.11319
trc.6329
msl.40897
fsc.11596
sct.15448
scr.11552
ppx.20644
fsc.14316
msl.58363
ppx.17242
spe.18286
hyn.11179
msl.44155
msl.28174
hyn.2799
cln.5484
ecp.10323
msl.13684
hyd.10565
msc.5623
ecm.1029
trc.8719
scr.2115
Taa.7695
ppx.2587
scs.12910
tas.1506
hyd.2779
msl.36890
Fsc.1712
Taa.5120
scj.10683
sct.8257
msc.2721
spe.36808
scs.5062
msl.54021
sct.20150
Ecg.920
scj.10928
sch.5537
ecg.4249
scc.10991
taa.7064
scs.17981
scj.5583
sch.3201
Taa.3683
tas.5861
msl.5643
htf.6968
hym.735
scc.1249
msl.60494
msc.8128
sct.7274
ecg.3431
opv.1307
scj.7732
msl.20186
msl.5482
tae.9997
msl.36829
ecp.13358
msl.31988
scm.5906
msl.11907
htf.6304
ecg.8797
tas.2096
msl.3821
scs.3598
scj.6173
opv.1403
taa.3528
msc.1873
ecm.7449
ppx.24119
cln.10406
dpy.11975
scr.17983
tas.8600
spe.32029
msl.47514
scs.17786
cln.6286
scr.8150
Fsc.20467
sct.22306
cln.4910
msc.9774
scc.1768
msl.33305
ppx.18969
tae.11741
msl.47885
spe.28503
msc.5227
htf.10928
tas.11418
cln.4929
Ecg.3087
sct.19005
scw.7536
hyd.10163
fsc.11635
ecp.8968
ecm.9007
msl.3361
hyn.1169
scj.6655
cln.1406
hyn.9240
scs.12780
scm.4399
ecp.6057
tae.10817
dpy.5849
hyn.9561
msl.53605
ecd.6287
cln.11995
scs.11079
scr.7552
gys.141
ppx.32661
fsc.13630
sch.8413
hyd.2614
cln.8738
hym.4210
msl.19981
scs.18066
taa.5543
hyn.7204
tas.6087
msl.11274
ecp.7119
scc.17492
spe.38789
hyd.8208
hyn.12811
msl.44992
scc.3035
Fsc.12090
spe.6689
dpy.16331
ppx.1996
opv.12738
tas.2584
scm.3517
msl.57920
htf.4694
Taa.7022
sch.9698
cln.9460
scr.2071
tas.10692
fsc.15249
opv.7438
trc.5890
htf.11556
ecp.13320
tae.2393
scj.10789
sct.5426
opv.8219
cln.11259
msl.30027
scs.14030
hyd.3349
ppx.34912
Taa.1449
ecg.2776
ecm.7589
scr.20567
scm.3576
ecm.2361
sch.12458
msl.23489
opv.13296
scc.11456
cln.12632
cln.4507
cln.5624
spe.18144
Fsc.10260
msl.48610
scw.15438
tae.1391
msl.36419
spe.15356
taa.677
ppx.18822
Taa.6171
msl.45823
scw.20459
fsc.3325
gys.14435
sch.6056
Ecg.3598
scr.16720
sch.9379
msc.9419
msl.49031
scs.6507
fsc.10036
opv.404
msl.43734
spe.6812
trc.21453
spe.9046
msc.9262
trc.11261
msl.4883
ppx.17124
spe.4886
sct.8445
scj.12549
msl.6580
ecg.805
fsc.15230
hyd.7951
ecp.14807
fsc.6922
opv.3755
scw.9016
opv.11389
cln.9028
msl.14659
scs.1989
scs.9520
ecg.3128
trc.9205
msl.50987
opv.4701
opv.15965
ecm.8820
spe.17238
taa.3093
ecp.2088
ppx.25547
cln.5173
taa.7137
spe.21592
tas.7000
msc.2916
msl.44572
taa.184
hyd.6993
sct.15084
msl.39782
Ecg.5518
Taa.1816
scc.15667
scc.13087
msl.19922
ppx.10622
msl.46992
Fsc.27317
ecm.3549
Fsc.1960
tas.3920
htf.895
ecg.9347
ppx.33881
hyd.7554
scs.1863
sch.3249
dpy.7160
msl.23956
msl.2965
tas.477
opv.7652
tas.12421
msl.60232
gys.3233
taa.9950
ecg.2345
sct.21831
cln.7689
msl.5834
taa.7529
ecg.7193
hyn.10319
spe.27905
spe.11348
ecm.5588
tas.1056
sch.2933
opv.7351
hyd.2107
Fsc.9503
msc.5737
scs.4688
scc.18333
sct.19355
scc.8336
trc.3475
scs.18147
scs.17660
dpy.9360
spe.4609
spe.6072
msc.10186
hym.784
ecm.5888
smm.2945
msl.2671
spe.36714
msl.35065
tae.8415
cln.1600
htf.8888
Fsc.17179
taa.365
cln.12563
msl.57858
msc.1045
ppx.25094
fsc.13154
ecm.5115
ecd.9884
hym.11409
msl.50683
Ecg.3577
opv.7876
cln.9161
msl.60314
Fsc.18570
tas.9800
msl.28158
scr.3111
msl.23810
ecp.14379
scj.977
msl.41321
htf.7953
gys.602
taa.2624
fsc.8481
msl.13324
Fsc.25555
hyd.9805
trc.1951
dpy.10737
ppx.27368
htf.10900
htf.8886
msl.7998
ecp.6984
ecg.7417
hym.6376
scr.14892
Fsc.31859
spe.1976
sch.7913
ecd.793
Taa.276
cln.8454
tas.12602
tae.7460
hyd.1347
scr.590
msl.54289
msl.10532
msl.42869
opv.3213
dpy.1069
msl.20276
ecd.2052
sch.6976
taa.6169
msl.58088
ecd.3276
msl.2588
cln.3709
ecp.2837
scs.6773
ecd.2481
Taa.8225
tas.8518
ecg.315
ecg.2169
msl.2334
ppx.2506
msl.13854
msl.31110
msl.22214
scr.15604
scs.2751
ecd.3920
scj.5915
msc.541
sct.17414
ecd.4121
msl.51923
msc.2881
trc.17624
ecd.10890
sct.15115
sct.7406
tas.1649
cln.4931
ecg.9677
msc.4057
msc.2471
sct.21959
Fsc.2204
Ecg.2670
scw.6255
sch.12722
hyd.7703
scw.11300
Taa.922
sct.756
msl.53511
Taa.707
opv.16324
hym.11910
msl.25816
scm.9739
msl.36183
scw.23549
scs.11228
scm.5068
sct.2297
ecm.7468
opv.10122
tas.3068
ecp.3487
scs.2148
ecm.7384
hyd.9478
ecm.4871
tas.1589
ppx.28448
sch.1777
Fsc.7794
ecd.2432
scm.4083
ecd.4810
dpy.9190
spe.9490
taa.9978
ppx.27490
scw.24315
msl.29140
Fsc.1136
gys.10182
spe.3505
opv.13081
ecg.7042
sch.4335
spe.8398
gys.10325
scj.4350
msl.25992
spe.24491
scr.1051
ppx.18219
ppx.16464
msl.42775
spe.1150
dpy.13951
scr.5232
ecp.15986
ecd.4162
ppx.23209
scs.8859
spe.20401
spe.33866
ecd.2536
ppx.28490
scr.21807
scw.21471
ecp.484
ppx.4952
sch.11086
msl.905
scr.14289
ppx.24780
msc.3465
spe.342
sch.11043
taa.12594
Taa.5656
msl.53804
Fsc.25226
tae.5982
taa.8946
hym.4709
msl.38519
scj.1566
spe.38769
ecm.8289
ecd.11037
scc.17232
Fsc.25723
tas.11798
ppx.9410
msc.9853
Ecg.472
tae.1205
scw.20276
scc.21381
tas.8405
scw.20297
scw.25964
ppx.14117
ppx.6803
spe.4098
msl.17428
hyn.6443
tae.114
taa.11685
ecp.17766
scw.16028
spe.5375
cln.5147
Ecg.9908
ppx.7038
dpy.5870
scs.6799
fsc.4669
dpy.17659
sct.5612
tas.4826
Taa.10144
fsc.13498
ecm.3484
spe.5544
spe.9134
Taa.8575
scm.1700
sct.21616
hyd.5732
dpy.4568
ppx.26057
scw.6259
ppx.10282
htf.6915
scw.16990
scw.8563
ppx.21588
spe.36286
trc.18533
gys.12101
trc.8630
opv.15329
spe.6715
scc.197
ppx.16270
sct.12305
scw.14153
tae.165
Fsc.22804
Fsc.12292
scr.8459
spe.4898
msl.34593
sct.17434
scr.7671
msl.14859
dpy.16079
sct.3421
spe.33058
Ecg.5071
ppx.1674
scc.18606
spe.38038
Fsc.19209
hym.4305
dpy.4829
scw.6358
Fsc.23164
ppx.34852
ecp.8818
msl.8013
msl.29805
msl.48107
ppx.18037
msl.59452
ppx.23602
dpy.6194
dpy.19506
hyd.8250
Ecg.4060
gys.15315
sct.17396
ecp.11815
scs.11728
scm.10117
ppx.3604
ecm.3168
ppx.21952
spe.34394
Ecg.3191
spe.27271
hym.11086
fsc.12257
spe.12631
trc.6012
ppx.22351
spe.19095
scj.8686
sct.5702
ppx.17116
hyd.5880
scs.10267
ppx.37879
opv.3535
ppx.18447
msl.58208
gys.8567
scr.20735
ppx.5634
ppx.5310
spe.12882
Fsc.7762
Taa.4030
Fsc.8766
scs.13562
hyd.7216
scr.11248
ppx.34521
scs.18280
scw.10754
ecg.5700
scw.9751
spe.25115
Fsc.29975
ppx.19927
sct.13358
scw.2375
scr.22955
msc.1989
hym.5555
ecd.874
hyn.2679
taa.7018
scs.15266
gys.7851
msl.8583
scw.19880
ppx.34236
spe.27281
gys.2217
opv.5605
scc.6911
smm.1010
msc.7570
dpy.19382
dpy.1801
