

msl.21682
tae.7471
msl.60284
scm.9414
Fsc.12668
ecd.9695
ppx.2391
ecd.9816
Fsc.11399
Fsc.22218
scs.15968
fsc.6089
sct.21127
dpy.17801
trc.20109
sct.22327
scw.20700
scw.19988
fsc.6220
scw.15118
hyn.5193
Fsc.15064
Fsc.32500
dpy.2060
Fsc.13876
scr.1449
Fsc.12754
scc.20958
ppx.2642
scr.922
tae.9991
Fsc.16676
Fsc.8123
fsc.14349
scw.24389
opv.6551
dpy.7201
scm.11486
spe.27201
scw.24053
trc.18546
dpy.18433
sct.777
scw.5893
opv.6161
ppx.20346
scw.18012
hym.3814
scw.7705
scc.1545
taa.3425
ecm.4749
dpy.19646
scc.10917
scr.16913
ecd.3689
spe.19486
scw.14207
ecd.1599
msc.5042
spe.8695
ecp.991
hym.4602
scj.1150
htf.8703
Ecg.4329
dpy.2951
gys.14018
ecp.18487
spe.38907
sct.12529
scr.1010
msc.3137
hyn.6595
ppx.37391
ecm.7877
opv.808
sct.12126
taa.3142
tas.4064
msl.4975
ppx.23497
hyn.12126
scw.346
scm.798
Ecg.5076
ppx.4337
msl.34700
fsc.7367
ecg.7717
gys.10706
hyn.9158
ppx.3132
ecm.6071
msc.1052
ppx.21424
trc.12811
ecm.6452
scc.10614
tae.7590
trc.15039
spe.12608
scs.18214
ecm.5605
sct.4750
scw.19190
sct.8179
Ecg.2530
htf.1386
hym.9687
sch.12577
hym.11830
sch.12478
ecm.9403
ppx.34304
ecp.11305
msc.6514
smm.3611
spe.37171
msl.24364
htf.9941
ppx.31342
ecp.2899
ppx.13001
scm.11668
scs.12265
msl.15356
scw.23863
msl.29825
msl.20528
scr.16658
msl.59744
ecp.5715
sch.760
hyd.5168
msl.56910
sct.15746
msl.31039
ecm.7569
tas.10146
hym.10252
scw.6050
hyd.7092
msl.44825
hyd.1388
scr.19657
hyn.9722
scc.10128
ppx.5433
ecp.13125
dpy.2688
msl.9049
ecg.4168
scs.4052
cln.490
msl.54250
hyd.10124
dpy.12279
ppx.22122
dpy.2033
taa.7463
tas.12911
ppx.36625
msl.17432
htf.390
opv.7836
ecg.3140
msl.53875
ppx.33203
opv.5142
scc.19360
taa.5841
ppx.32466
msl.54240
hyn.11697
tae.6979
ecm.8308
ecm.1043
sct.3693
hym.1526
scc.226
spe.17643
ecm.4897
msl.53129
msl.49934
ppx.11852
msl.47943
fsc.14777
fsc.3411
trc.13799
gys.15145
sch.5244
ecg.8971
tas.3980
sch.1300
ecp.12349
sct.16098
Fsc.28588
scc.1888
hyd.7422
fsc.6725
opv.4869
hyn.3689
msl.27414
smm.2490
hyd.6798
msl.44233
scw.17288
fsc.2398
msl.58574
htf.7352
trc.12433
opv.8663
scc.20425
tas.7140
msl.4559
Fsc.20088
msl.55447
scc.7826
msl.55832
scw.14496
ecp.13509
ppx.2948
spe.22989
opv.1745
cln.6739
msl.47406
dpy.1686
htf.9579
tae.7811
ecm.4360
Fsc.16549
hyd.5527
msl.31052
ecp.9088
ecm.9593
tas.6675
scs.15236
trc.3130
ppx.37835
msl.28815
ppx.31080
msl.19756
tas.966
taa.4754
opv.676
ecg.52
taa.2151
spe.31367
Taa.1800
msl.44449
taa.6656
scs.14433
hym.1999
scj.1314
ecm.3968
tas.12186
tas.7304
msc.4481
msl.52209
sch.325
msl.45904
Fsc.24190
hyd.3313
ecp.3838
htf.6543
gys.88
cln.10818
tas.6384
msl.54802
msl.1226
ecg.3356
tae.8507
scs.18606
msl.4805
spe.34167
msl.33869
ecm.5278
taa.1034
ppx.35305
scs.2884
tas.266
tae.9738
taa.7713
Taa.7927
htf.6379
scr.7742
Ecg.8785
scr.19920
scc.12028
msl.20753
msl.6127
ppx.19280
ecm.467
ecp.8338
hym.2629
sch.10704
msl.50162
ppx.5673
scr.476
scw.6041
Ecg.6889
ecg.10081
scc.8735
msl.20255
ecp.15750
msl.16681
gys.4680
scj.8030
msl.24500
scw.16980
ppx.6692
msl.44436
msl.35699
htf.2063
ecm.9603
cln.11934
fsc.6114
scm.10261
sct.3871
gys.11670
scc.2088
sch.991
sch.6692
scm.6454
sct.5443
msl.23896
cln.9857
scs.5227
opv.13171
Taa.5757
tas.7792
scm.9223
ppx.21742
msc.284
smm.424
scc.11470
sch.10549
cln.2928
hyn.13397
msl.20736
ecg.33
ppx.19933
opv.2598
trc.11640
scm.1394
tas.4777
msc.5268
sch.5286
gys.1762
opv.16182
taa.11312
ecd.1671
msc.7951
ecg.7784
dpy.2345
dpy.13264
spe.8983
Fsc.11434
scj.6690
ppx.29406
scr.5736
msl.5651
msl.59924
scm.4145
opv.8153
dpy.5805
tas.6980
Ecg.4336
scw.3267
scw.11595
hyn.3268
tas.8875
tae.7804
ecg.1321
ppx.18774
scj.8344
scr.19076
ecp.8169
taa.3293
scm.2344
msl.35058
ecm.7126
ecg.1154
ecg.4470
msl.44071
scc.10156
dpy.6153
ppx.36748
hyd.10008
sct.7641
sct.11829
scr.21603
scm.7626
msl.45593
ppx.27542
ecg.10069
hym.9796
scs.10805
hyn.168
ppx.28514
htf.3221
msl.57961
spe.11081
hym.11001
sch.6479
Taa.6458
gys.10785
spe.39017
msl.1983
Taa.2955
msl.10073
tae.6583
htf.359
opv.12436
tas.2111
spe.7849
dpy.16956
hym.4684
msl.2004
scc.7085
msl.13752
scs.5821
Fsc.1851
spe.21494
msl.59975
msl.32656
opv.4988
scs.19327
hyd.6269
msl.8255
scc.20553
spe.36159
msl.36394
ecp.4271
scm.2361
ecg.1377
fsc.15289
tae.10084
Taa.6485
Ecg.8861
scj.5794
msl.44713
ppx.13924
Fsc.6080
fsc.3947
scs.1931
hym.3843
msl.44697
cln.13068
scs.14642
scj.3343
Taa.5812
scw.22004
dpy.6490
scs.2015
spe.19235
msl.19220
Taa.1551
spe.16296
sct.7217
tas.8438
Ecg.5815
opv.639
dpy.111
Ecg.2837
tas.4482
msl.13397
hyn.8493
ppx.23046
hyd.2015
msl.50542
ecp.963
Taa.5230
tae.8284
ppx.9168
Ecg.6221
ecg.5769
msl.39317
fsc.14655
tae.3367
hyn.85
ecp.3299
spe.1692
scr.9700
opv.10411
tas.3552
ppx.18512
opv.2196
ecg.4691
opv.9697
fsc.8122
scw.6493
opv.4474
ecd.1807
hym.6503
msl.59591
scs.15078
scm.3294
fsc.3051
msl.10717
ecd.360
smm.727
scc.12394
msl.56351
Fsc.3299
msl.31495
scj.12240
fsc.942
hym.3074
hym.5806
Fsc.6818
ppx.8285
opv.12386
taa.1849
msl.38507
msl.1574
sch.493
opv.11108
scs.1514
trc.1768
sch.11371
cln.12496
scw.9737
cln.4896
Ecg.454
hym.3549
msl.39680
gys.4493
Taa.6541
spe.24554
Fsc.16651
Ecg.7337
ecm.279
scj.1692
msc.5855
msl.7965
msl.46957
scs.235
cln.4325
tae.6289
scm.5203
ecp.10556
trc.10141
scs.5971
tas.6628
msl.4608
spe.19319
scj.4049
cln.4711
hym.5633
scj.2835
ecm.6879
msl.17861
cln.11654
trc.14162
msl.23928
htf.828
scw.18384
tas.1121
tas.11868
spe.38411
scr.1984
msl.18320
cln.4248
Taa.8223
scc.11001
opv.12567
msl.56925
tae.642
ecp.12485
msc.454
Ecg.959
hyn.7058
trc.1387
hyn.12378
msl.20760
ecm.5638
taa.2280
scw.14678
scj.2085
spe.30543
scr.14638
htf.6386
msc.1899
sct.6062
trc.10308
ppx.14121
ecm.7835
msl.15700
hym.54
msl.52936
spe.3778
Fsc.25515
ecm.4813
smm.2603
taa.9925
Ecg.9354
ecp.1699
scc.21881
tas.11306
htf.1444
gys.13511
fsc.13396
scc.11987
gys.4204
sch.7565
ppx.13244
Taa.4661
scc.11645
Fsc.28503
ppx.6133
msl.42906
scj.6065
htf.1027
msl.12545
ppx.32297
Ecg.1355
ecg.1949
ppx.29372
msl.20233
msl.1320
scs.3604
ecd.1524
ecp.13173
tas.1303
tas.6239
Ecg.7150
hym.2611
scs.4846
Fsc.15090
msl.7716
msl.45870
scs.5637
dpy.4058
opv.7337
fsc.4647
msl.52272
scc.6993
ecg.8057
ecm.9073
msl.6840
ecp.3868
fsc.12228
scs.19866
hyn.6140
msc.7128
scs.14343
cln.10117
sct.21515
msl.60296
trc.5605
msl.59873
Taa.3851
sct.4550
scj.9198
hyn.7459
hyd.2319
gys.10400
Taa.7180
opv.161
fsc.15457
scc.7412
taa.8241
hym.1910
ppx.25036
scw.21327
msl.9872
opv.11958
ppx.33341
trc.5188
opv.11097
opv.1669
scw.22609
hyd.10612
dpy.19329
ecm.1170
ecm.7910
hyd.8978
scj.705
ppx.18339
sch.3518
ecm.9495
msc.9840
Ecg.5006
htf.948
ecp.13102
spe.24505
msl.25667
ppx.3681
msl.51741
ecg.5976
msl.24801
ecd.942
scr.15241
ppx.22104
scj.3702
msl.33277
Fsc.1496
sch.9203
msl.13840
msl.11219
cln.2685
sch.9162
scc.10958
fsc.5668
scw.17114
scm.9173
opv.3336
scw.20040
scm.7641
spe.32011
Ecg.2630
fsc.3013
scj.6501
sct.9576
msc.7431
ecd.5919
fsc.12653
sct.10958
dpy.12819
tas.9572
ppx.1343
ecg.239
gys.5459
scr.1678
ppx.14332
ecd.1311
scw.6902
scw.20428
cln.6908
trc.16247
msl.42607
msl.19882
fsc.11607
tas.3383
hym.5535
msc.9449
msl.31080
scj.4666
ecm.8217
msl.26526
ecm.4433
sch.12827
tas.11433
msl.46684
msc.3103
msl.231
Fsc.2374
scs.1402
opv.12610
sct.21056
msc.8242
scs.15085
trc.1882
htf.7913
scw.26107
ppx.5412
msl.15312
ecg.6741
hyn.10835
msl.58849
hyn.7210
msl.7067
tae.1225
msl.30667
tas.6716
ecm.6907
ecp.3223
tas.4812
taa.314
ecm.5967
fsc.8899
msl.55720
tas.2803
spe.18205
hyn.1364
scr.7237
msl.12297
Fsc.9876
dpy.13923
Ecg.3867
msl.37016
ecg.6932
scw.25664
ecp.12769
sch.7178
taa.5587
ecm.7243
hyn.6090
hyn.10297
dpy.16000
ecd.3036
ecm.2647
Taa.6413
hyn.8224
scw.15824
msl.58307
scr.21525
msc.8742
Taa.1472
fsc.10092
gys.12619
hym.4513
Taa.8141
ecg.4888
scj.11558
Ecg.5948
spe.35367
opv.15016
ppx.25447
spe.37458
msl.47861
ppx.10279
spe.4454
msl.51129
msl.47717
Fsc.29257
Ecg.9886
ecm.3605
cln.5981
ppx.2330
htf.6801
tas.12110
msl.6929
tae.2465
sch.573
gys.4995
tae.6209
hym.9583
taa.10326
scw.11781
ecm.6624
ppx.41
gys.3317
taa.9839
msl.18102
ecm.6788
ecm.8553
tas.8134
Ecg.4360
cln.13367
ecp.6501
trc.17509
cln.8379
spe.37796
Taa.1910
fsc.14155
msl.30233
cln.6635
msc.2583
sch.4771
spe.24763
hym.418
ecp.8344
trc.21348
ppx.23961
ecm.3853
fsc.804
ppx.27613
ecd.6234
msl.40909
msc.7057
msl.59706
opv.15560
hym.3617
msl.34605
ppx.33669
ecg.7078
tas.8872
spe.15900
smm.85
scs.9664
scw.4117
taa.6710
scm.9638
msc.5909
scs.1708
msl.35550
htf.3893
Ecg.9366
htf.10671
ecg.1233
msl.36922
cln.10297
spe.21034
hyd.1822
ecd.6305
spe.32296
ecm.10291
tas.7897
trc.6711
tas.7686
msl.23833
ecm.5329
Fsc.28417
hym.4665
Ecg.6870
scw.22782
cln.2296
Fsc.13548
msc.3231
htf.3983
hym.11142
scw.16048
tae.12193
msl.59515
spe.34499
hyn.8416
fsc.14109
scw.22177
cln.1106
spe.38519
spe.31542
opv.4067
ppx.27441
sct.19319
fsc.3642
scr.8512
hyn.12559
trc.9629
Fsc.221
ecd.10268
taa.1406
scr.21075
scm.8658
ppx.34229
spe.17304
tae.1438
ppx.34456
taa.11965
Fsc.21358
taa.471
sct.21961
tas.11344
tas.749
sct.18801
scs.16113
ecd.7865
msl.18641
trc.7378
trc.13984
ppx.29122
ecd.2242
sct.15871
ecd.8034
ppx.12758
msl.4194
ecd.10559
sct.17185
Fsc.20786
scs.12779
spe.5778
ppx.27439
taa.4975
spe.14946
sch.8342
spe.30693
spe.8798
taa.940
spe.39089
taa.10689
ecp.1933
spe.6753
sct.2957
ppx.20129
ecg.2101
dpy.5028
scr.16480
taa.8658
tae.1110
ppx.21413
gys.15404
fsc.5700
scj.5017
tae.2926
opv.15281
scc.12363
scw.369
spe.22697
msl.38319
tas.11500
msl.24257
htf.8294
tae.2
msl.34132
fsc.15512
spe.12580
gys.6284
tas.12863
dpy.12395
scr.9193
sct.2315
ppx.24482
hym.9327
ecm.10444
Fsc.22307
trc.2019
hym.5116
scw.24242
spe.30062
ppx.25423
taa.9499
msl.57758
spe.13754
fsc.1051
spe.1685
scj.8113
spe.408
scr.5169
spe.25629
scr.11910
fsc.13889
trc.21974
spe.3588
Fsc.25658
htf.306
gys.7041
scw.15424
cln.2284
tae.530
ecm.8039
spe.29912
dpy.921
hyd.4722
dpy.3152
spe.36033
gys.468
spe.9004
tas.3255
spe.14914
htf.3593
Taa.2625
ppx.19070
fsc.7114
scj.11509
sct.2705
tae.7536
hyn.5994
Taa.6709
trc.15756
msl.1994
scw.23484
spe.6771
taa.10720
sch.10676
sch.7393
scr.4391
scw.10679
msc.4314
scs.1652
ecp.4960
scs.18643
scr.23368
trc.20984
scr.12008
scs.17860
trc.8450
htf.5365
hyn.2426
scw.10962
spe.9543
hym.12081
dpy.276
sch.9302
opv.5545
scw.14180
msl.24583
ecd.10117
fsc.3273
ppx.28702
Fsc.25642
scw.4445
scc.22553
scs.14451
htf.8692
sct.11166
ecg.7897
ppx.24531
scs.14922
spe.25388
tas.8560
Fsc.23936
hym.11465
spe.30631
scc.11368
Ecg.4866
sch.387
ppx.17000
scr.17039
ecm.513
sct.134
tas.12673
ecg.1867
ppx.7094
ppx.34959
sct.19354
ppx.21640
Fsc.31883
ecp.1135
ecp.5635
trc.13852
ecg.6424
spe.4972
scs.18982
scs.14265
taa.8747
scr.9398
sct.22975
ecp.14912
scw.19388
tae.11015
scc.6416
dpy.11338
tae.10210
ecp.1208
Fsc.24980
ecd.2342
ppx.30112
ppx.10050
scm.11479
ecg.4176
scw.2960
Fsc.2751
ecp.3989
Fsc.25597
