

gys.12247
msl.50375
sct.18330
scj.4078
Fsc.22649
Fsc.7756
trc.7237
Fsc.11934
msl.33049
dpy.1831
smm.2469
ppx.37556
spe.21872
Fsc.33054
dpy.12996
sch.8538
trc.22029
scc.21130
hyn.5354
sct.5762
spe.25223
Fsc.21003
sct.18167
ppx.11458
sct.1085
sch.10003
scm.10470
hyn.3429
spe.8201
spe.7149
Fsc.4692
scr.7630
spe.21850
scr.3063
scc.2451
scr.1363
msl.37305
scc.6370
scc.18487
Fsc.20708
scw.20693
scw.22529
Fsc.4122
spe.2114
scc.20267
ppx.17992
scr.19520
msl.47792
ecd.7321
scc.19657
scr.3156
Fsc.7669
spe.8926
taa.11413
Ecg.3393
spe.15723
smm.568
ecp.1089
ppx.23524
spe.15577
scc.9234
spe.25090
smm.1266
Fsc.2036
htf.11598
spe.24569
scw.1399
Fsc.20402
sch.12054
scr.20092
gys.11607
dpy.4320
gys.11305
ppx.9067
ecm.117
spe.28673
sch.8202
hym.5661
msc.1567
Ecg.714
sct.9975
cln.8103
gys.5007
tae.2440
taa.2680
scm.3532
Fsc.1589
spe.1234
msl.6171
ecp.3329
tas.600
ecp.3552
ecg.274
scc.11033
gys.3489
trc.4364
ecg.5197
sct.7072
msl.41445
ppx.16467
hym.4131
spe.19058
ecg.7771
msl.30006
tae.7350
fsc.9603
fsc.4184
msl.59332
ppx.22352
hyn.3865
scm.6590
scr.12884
msl.10364
spe.28251
tas.9526
msl.27534
hyd.592
msl.7818
spe.6763
trc.442
scr.10854
msl.43154
Fsc.8822
msl.47726
taa.8505
msl.36438
ecm.8198
msl.52534
ppx.18841
scw.23532
taa.4673
cln.8763
sct.5393
sch.955
ppx.7763
ecd.785
Fsc.31519
msl.56774
hyd.7112
tae.11649
opv.4896
opv.11139
hym.12102
msl.10503
opv.12514
tas.5896
scc.8724
htf.2948
msc.3295
sct.1279
cln.13375
spe.7799
hym.7213
trc.8424
Fsc.16004
ppx.27958
tae.2833
msl.55412
ecm.1255
ecd.4401
msl.32150
spe.29647
hym.9410
sct.12961
opv.13714
trc.3545
hym.1258
msl.22225
cln.1319
Fsc.32076
tas.9024
hyd.10041
opv.10881
ecp.12029
tae.4567
scm.677
scw.79
hyd.10587
sch.2290
ppx.35554
sct.5690
tae.11886
ecg.4446
cln.10874
msl.20700
tas.5155
tas.787
hyn.10507
cln.899
ecg.2001
msl.49265
ppx.34599
htf.8813
tae.8324
hyn.2959
msl.50062
Fsc.19755
scj.6767
spe.12428
hyn.1180
Fsc.16373
ecd.6417
spe.32362
ecm.5311
spe.15477
msl.54462
hyd.7486
hym.1418
opv.5675
tas.2980
tas.4693
htf.7562
msl.52185
ppx.17113
scj.6445
msl.21280
msc.7756
msc.4088
scs.3166
opv.708
sch.2814
ppx.1310
hym.11583
ecp.6913
scr.20764
ecm.4650
ppx.2430
taa.4512
scm.9421
ecp.6232
Fsc.2052
msl.48388
sct.1879
msl.10445
ecd.1174
opv.7125
scs.16257
spe.17864
ecp.17636
msl.45583
opv.14906
ecg.1912
tae.4915
trc.8769
tas.8056
tas.2820
scs.18931
hym.3364
msl.23004
trc.20063
msl.14553
ecg.2838
scs.17950
scc.15658
trc.536
trc.6542
scj.4872
msl.21676
ecm.5131
ecg.563
msl.4714
scj.510
hym.6215
scw.22573
msl.9937
spe.10076
spe.34956
msl.7321
msl.31666
opv.1103
msl.40208
hym.7990
Fsc.17723
cln.7755
sct.13769
htf.6474
htf.10607
Fsc.8799
tae.2790
hyn.2198
hyn.7487
msl.56292
sch.7192
Fsc.4300
scj.9455
msl.9146
spe.38551
ppx.1675
ecd.1398
ecm.3357
hyn.7227
trc.2613
ecg.7140
scc.14973
ecg.2614
scw.23614
opv.2666
ppx.35402
scj.12649
Fsc.4993
msc.8284
scm.6916
scc.3114
ppx.18368
spe.26771
hyn.13213
msc.1402
fsc.8797
trc.16328
trc.12497
spe.11068
hyd.821
hym.1626
cln.2450
ppx.5585
msl.24837
tae.7727
Fsc.18903
Ecg.7070
msl.46919
ppx.26130
ppx.16428
spe.13117
trc.1559
msl.31796
gys.4182
taa.1542
dpy.4910
spe.6790
scs.12024
cln.12261
dpy.3752
dpy.6433
scm.7673
hym.2341
scs.6098
scj.2945
scr.6107
fsc.7000
trc.3255
scw.5422
cln.397
ecm.2489
scc.10261
sct.1131
msl.31538
spe.25585
gys.6931
msl.16150
scj.2287
Taa.6150
fsc.178
cln.2541
hym.6176
msc.8660
msl.53536
msl.45183
fsc.3674
msc.3951
ecm.8799
fsc.13098
hyn.12414
dpy.3919
tae.5023
tas.5359
scj.7891
Fsc.30154
ppx.20424
trc.20494
scw.18100
htf.6284
msl.31273
spe.22591
msl.36362
msl.59578
htf.9069
msl.39922
dpy.15030
scw.20967
ppx.2872
hyn.331
Ecg.3589
msl.36660
fsc.13359
scc.11944
taa.4505
hym.1296
Taa.1940
cln.5585
dpy.12102
msl.42531
trc.1407
msl.24392
ecg.9830
trc.5523
ecg.4802
spe.32035
tae.1818
opv.1003
fsc.12306
msl.54908
fsc.4578
dpy.13910
hyn.11964
taa.2960
fsc.2254
msl.47174
scw.5752
msl.44454
msl.24891
msl.49223
Ecg.1028
scj.1362
fsc.13165
msl.41425
opv.9990
taa.7921
trc.2847
scm.3614
opv.16313
ecm.5628
msl.3974
msl.48955
scw.16259
scc.18447
taa.3202
hyd.9679
fsc.4218
sct.18920
opv.2126
scj.1609
ecp.2704
Fsc.17886
msl.33400
scs.5424
dpy.6602
ecm.4821
ecp.10331
Fsc.32907
scj.5003
scm.322
tas.12063
spe.583
msl.17332
tas.4207
ecm.10394
ecm.6220
sct.12727
fsc.5759
msl.17277
Ecg.3376
htf.1781
dpy.417
Ecg.10124
ppx.19725
msl.37415
gys.11186
msl.55705
msl.10569
msl.42896
ppx.12729
ecm.886
hyn.5508
spe.19033
ppx.22532
ecg.10755
dpy.5549
scr.13358
tas.84
msl.31165
ecg.9516
dpy.2114
sch.10159
tas.6184
taa.10659
ecg.344
tas.5573
ecm.7146
msl.43529
cln.11223
msl.58081
spe.31722
fsc.9679
scs.10043
htf.8506
msl.33665
ecm.175
tas.6271
ecd.3477
htf.2331
ecp.4699
scc.8946
scs.10438
scc.1454
Fsc.19259
msl.1383
msl.13347
scj.9183
htf.2741
dpy.4464
sct.18566
trc.17870
ecp.7721
hyd.999
msl.20029
hym.1172
scj.12216
msc.7707
gys.11568
spe.14389
Taa.8594
msl.3276
ppx.33350
Ecg.4034
msl.47352
smm.1707
dpy.7066
msl.12499
Taa.7243
msl.16052
ppx.17788
tas.1768
ecd.3220
msl.42843
Ecg.6074
opv.11806
ecm.7889
hym.8453
sch.12545
dpy.9906
opv.8684
tas.5714
scw.18770
sct.22236
scs.2811
opv.726
ecm.5430
ppx.16913
tas.5639
Ecg.8121
msl.33265
msl.28358
hyn.7259
msl.47626
ecp.13229
hyd.8608
msl.8033
taa.13259
scs.11743
tae.9445
scr.22684
taa.7085
taa.1661
msc.1535
ecp.3968
ppx.26204
Ecg.3696
ppx.14742
sct.19701
msc.6592
msl.18423
ppx.28505
taa.5421
ecd.9064
scj.11638
msl.15666
ecg.1549
ecp.8700
scs.13133
tas.4199
ppx.32795
hym.3353
taa.1602
msl.35884
opv.10911
tas.6042
ecm.4703
msl.36046
msc.450
scr.19870
trc.17518
ecd.1773
msl.58028
msl.48558
taa.8916
htf.1903
ecm.4444
Fsc.16895
sch.5984
ppx.170
msl.34864
taa.3379
msc.1237
gys.13911
ppx.23442
ecm.1576
hym.617
taa.8313
scw.19020
ppx.26415
hyn.12770
gys.13411
ppx.30353
Fsc.30881
msl.38138
taa.5887
ecm.3995
tae.11635
msl.20635
msl.43354
spe.25127
msl.47331
msc.3086
tae.7753
ppx.3411
taa.6659
scw.20054
hyn.7610
spe.37590
spe.410
tas.8084
scs.18452
ecd.8279
Taa.5784
scs.7277
spe.16511
gys.4643
cln.2147
hyn.5210
scm.7245
msl.23237
taa.1540
scs.10690
scr.10530
Taa.4700
dpy.17969
hyn.10896
ecd.8769
ppx.15720
hyd.10134
scw.9726
msl.58378
taa.1529
fsc.5482
hyn.11102
ecp.16057
trc.9479
spe.6352
ecd.3464
ecd.7059
ecp.7355
gys.14369
hyn.2615
msl.2864
tas.6300
cln.13543
tae.6134
scr.7500
scr.618
trc.14986
ecp.18101
msl.4345
scs.19773
taa.5381
sct.5236
msc.2737
gys.13540
spe.32989
scw.1015
Taa.8586
hyd.7852
scs.1398
sch.12266
ppx.17432
hyn.9385
scc.22147
ecd.1791
scj.6017
dpy.4619
spe.15426
trc.19193
msl.13077
trc.12549
msl.33942
Ecg.3758
msc.8136
tas.4943
hyd.10653
sch.4955
cln.6381
msc.3724
msl.18388
ecp.11830
Ecg.5790
sch.5188
msl.57296
scr.14114
ecm.5339
msl.20323
msl.46163
ecg.631
hym.6702
fsc.1511
ecm.6529
scj.9239
spe.21345
fsc.2982
msl.45642
dpy.19395
cln.7264
ecd.4136
msc.5515
ppx.405
ecm.5248
hyn.2668
ecm.1061
ecp.7856
msl.47059
Ecg.8902
spe.2528
msl.49126
scc.2227
msl.32065
scw.15224
gys.13486
taa.4701
msl.2412
taa.10148
scj.1344
tas.11429
ppx.12721
ecm.543
htf.5592
msl.51582
taa.5659
scw.2499
ecg.8034
ecd.9779
scr.2585
tas.10905
ecp.1689
sct.266
trc.16043
spe.19440
sch.10461
msl.45563
hyn.13297
hyd.7557
msl.53613
sch.6999
ppx.34896
opv.5372
msl.744
scs.3905
scr.10467
ppx.20822
ecp.13260
opv.14181
ecd.8493
msl.52579
dpy.12820
scs.4941
msl.21699
Taa.9815
spe.16591
msl.10112
trc.1816
scw.3777
msl.26099
scm.3918
ecd.1152
opv.4699
scc.2074
tae.5604
Fsc.19538
trc.21749
scw.24181
tas.9518
Taa.3792
scs.8562
sch.870
ecm.5533
fsc.11981
tae.12394
scj.11672
hym.1676
sch.4888
msl.44462
taa.6634
msl.3712
ecd.4447
msl.42163
tas.5723
hyd.4149
msl.2362
ecd.7010
tae.11637
msl.35791
Taa.828
ecm.8717
ecd.3993
scw.6785
msl.41823
ecp.13732
gys.13313
scc.5522
msc.7558
Ecg.1530
spe.1132
scm.4880
msl.52116
msl.48128
smm.3607
tae.8741
cln.8383
Fsc.8006
ecd.5406
trc.12366
tae.334
fsc.15467
taa.10758
htf.5207
spe.28714
spe.23808
sct.10387
spe.27471
msl.27808
taa.3656
msl.37360
Fsc.5764
scr.16748
msl.52381
ecd.6458
Ecg.6392
cln.795
ecd.2922
sch.8771
spe.21403
msl.31382
hyd.1395
msl.23991
hyn.4223
scs.9054
scr.21255
tas.11637
tas.5199
tas.2036
scm.1827
ppx.28417
gys.10704
msl.58167
tas.539
scr.2770
fsc.6132
Taa.6717
ecd.8729
msl.3063
scj.1077
tas.12596
Fsc.21438
hyd.2413
hyn.3773
msl.15122
ecp.7439
taa.9484
scs.14958
hym.5614
htf.3601
scc.20664
ecd.5881
ppx.34408
opv.12783
gys.5839
hyd.6493
trc.20188
ppx.29695
ppx.9285
hyd.2353
msl.49926
fsc.7954
msl.28622
ecp.235
smm.199
scs.1093
msl.44412
msl.35291
fsc.13134
ecm.1784
taa.6332
tae.8067
ecp.4457
cln.5515
ecg.8021
sch.8290
ppx.34988
msl.30726
msl.41843
ppx.15560
hym.3495
spe.1186
ecp.3923
Ecg.8825
htf.8472
scm.2250
htf.810
tae.9565
opv.10621
cln.9497
msc.7760
taa.12209
ppx.29715
ppx.13057
msl.37731
taa.2019
hym.10469
scj.12296
scs.4955
spe.38752
msc.3509
scc.13927
sch.9848
fsc.13111
tas.1802
ecp.1671
ppx.27653
scs.706
ppx.21302
taa.12295
ppx.11965
ecp.13567
taa.3696
smm.101
msc.8235
trc.3382
scw.3359
ecp.10234
spe.3351
hyn.5159
ecp.12413
ppx.6877
tas.4140
msl.16763
sch.346
ppx.28735
scj.3136
tae.9886
Fsc.49
scs.14487
trc.6904
ecp.874
dpy.18903
scs.14876
msl.14986
ppx.12395
dpy.4258
msl.24566
ppx.24379
hyn.13482
spe.7629
sch.3772
scc.1172
ecp.1635
htf.11519
ecg.5920
sch.12947
ppx.22258
scm.8333
scr.19654
msc.3546
taa.12117
Taa.6066
ecd.7753
ppx.20115
taa.2607
ppx.21870
scr.21530
hyn.5629
ppx.13716
fsc.7160
fsc.5354
spe.36422
ppx.34466
ecm.1135
spe.31609
scc.10599
cln.8167
scw.14006
spe.4741
scs.12723
dpy.3197
ppx.18418
scc.15756
ecd.9957
scr.5241
ppx.27160
trc.18060
ecp.5239
hyn.12511
scr.15966
ecd.8102
htf.9384
fsc.878
ppx.3221
hyd.3517
spe.35105
smm.1375
fsc.14795
sct.14391
sct.19144
scr.10939
trc.16240
hym.3133
ecd.3925
hym.7931
htf.5206
tas.9719
msl.54981
scr.3349
sct.19525
scw.19737
spe.301
sch.6394
scc.16786
ecm.3141
ppx.11365
scr.23829
tas.5706
scw.23823
scc.17887
sct.19676
ppx.25176
ecm.4329
scs.6794
spe.19630
spe.24973
scc.11757
hyd.10073
msc.4152
ppx.20095
ppx.18059
ppx.14935
msl.30478
trc.18786
msl.53425
dpy.18501
scw.14803
htf.6430
fsc.192
opv.16326
taa.11470
trc.14489
ppx.13488
ppx.15474
taa.10445
hyn.8378
spe.25213
sct.8164
spe.7248
scj.4291
sct.13339
Fsc.13020
opv.15392
hym.1394
Fsc.32466
tae.8807
ppx.31367
scm.240
ppx.28454
msc.8993
scc.20688
Fsc.4010
trc.18490
scj.11420
spe.20057
opv.1342
gys.777
opv.1679
msl.16072
Fsc.3761
hyd.6077
spe.1996
ppx.7200
msl.19027
dpy.9587
hym.10689
ppx.6581
hyd.6543
fsc.2268
taa.8807
gys.4890
scj.5562
ppx.27886
trc.5230
htf.8969
opv.2454
opv.5964
gys.14076
ecp.6864
trc.16339
ecp.994
sct.17763
sct.1541
Fsc.20868
cln.5662
cln.11166
msl.26138
spe.24137
spe.17848
scr.4685
Ecg.1024
gys.11913
gys.12038
msl.42533
scr.1511
tae.7662
smm.1301
hyd.6701
spe.38836
gys.6436
ppx.23190
spe.24124
scc.5716
ppx.247
ppx.3467
opv.6600
spe.29044
spe.32877
scc.7634
