

dpy.3121
hyd.2119
fsc.2049
sct.2667
Fsc.21790
scw.5142
smm.2213
scr.814
scr.11116
ecd.11171
Fsc.5871
smm.1747
trc.20121
scr.20051
scc.20460
msl.15932
sct.3358
scc.20128
Fsc.23504
scw.14441
scw.17493
Fsc.32979
spe.25717
Fsc.22004
Fsc.7616
Fsc.22187
scs.16597
scc.5878
scs.20137
fsc.6965
dpy.12801
scr.15653
scr.10222
Fsc.6408
scc.18258
spe.24185
scm.11245
spe.6704
Fsc.23269
scr.13481
ecp.1606
scw.15342
ecd.8706
scm.11386
ppx.3380
scw.12318
msl.3607
msl.58749
ppx.31543
msl.14887
scm.10505
scw.22481
sct.15193
taa.11410
hyn.9318
Fsc.23844
scr.6705
Fsc.22564
ppx.23555
htf.10935
spe.12957
tae.6798
Taa.3039
ecd.3035
dpy.18498
spe.18165
scc.21739
ecp.15029
dpy.4879
msl.5903
scm.8565
fsc.7317
msc.8732
scs.1709
tae.8406
ppx.19347
scm.7993
scr.20300
scs.11451
htf.9323
scs.6003
scs.16408
msl.37183
hyd.7336
msl.53063
ppx.24539
trc.18807
sch.5079
msl.23018
sct.5158
ppx.23126
Taa.1963
fsc.9229
gys.3480
ecd.7900
sch.1834
dpy.12248
msl.41442
taa.3405
cln.8902
ppx.25956
ppx.11470
msl.59047
tae.7355
spe.15566
ecd.6257
ppx.8790
sct.7032
htf.10186
msc.999
msl.54812
msl.964
scj.8748
htf.10892
taa.3306
msl.33123
cln.12612
msl.33856
dpy.9513
ecm.3794
msl.49512
scj.3090
ppx.22424
dpy.1491
msl.29592
scm.1359
scw.1210
scw.573
ecd.426
taa.10294
msl.43556
sct.5399
msl.14701
tae.966
ecd.783
ecm.2190
Fsc.272
taa.3723
hyn.10686
msl.37291
dpy.11711
msl.57729
msl.10506
Ecg.6892
ecg.1296
scc.6980
scc.4362
scw.10259
scs.7203
cln.13378
ecg.1263
ecp.14042
scs.13089
spe.33170
cln.3738
Ecg.7303
scj.5152
ecm.1259
trc.3668
htf.6838
msl.13552
scs.203
tae.6983
hym.4184
msl.40012
msl.32455
ecp.9594
scc.10199
scs.12507
trc.14277
spe.38953
ppx.1895
Fsc.14089
opv.15027
scm.7668
Ecg.5150
ecg.3337
hyn.2641
msl.28863
tas.716
taa.3059
msl.41042
hyd.3442
scr.13559
ecg.5708
hym.7681
dpy.15654
Taa.2248
msl.12619
opv.8707
ppx.34594
Ecg.4588
scj.8221
msl.190
sch.6535
ppx.34815
msl.20724
spe.12424
ecm.3891
htf.9840
smm.366
Taa.10312
ppx.26345
ecd.10532
scm.7000
ecm.9760
scm.7702
sch.2476
opv.11829
htf.5789
msl.879
ecd.3366
ecd.5417
opv.12677
trc.14815
tas.6814
fsc.5308
Ecg.7355
opv.702
spe.36430
trc.20779
scj.1900
Fsc.3988
msl.48339
msc.738
scr.16633
scj.11464
scm.9422
scc.20870
ppx.12637
ecm.3408
msl.18020
msl.56793
Fsc.2524
trc.1629
scs.9
tae.3624
scs.2057
tae.8638
opv.14902
gys.5014
msl.36222
msc.3448
scr.3231
tas.2822
dpy.10452
msl.46989
ecm.1440
Fsc.33099
msl.31584
scw.5767
Taa.2490
msl.9772
opv.10275
msl.13328
ppx.19934
sch.6741
ecm.5132
sct.14531
Ecg.191
ppx.34087
scs.5339
htf.4859
opv.1494
msl.3342
scj.10021
scj.6677
msl.31661
fsc.571
ppx.11673
Fsc.3755
ppx.23361
cln.7751
sct.13762
Fsc.23261
sch.11867
Taa.3822
tae.2799
ppx.26735
hyn.7482
msl.56299
msl.39941
scw.7153
tae.2610
msl.9148
scj.9114
ecg.6714
ecd.1392
scc.17933
sch.9284
scr.5319
htf.1387
tae.3998
ecg.2610
scs.16677
Fsc.17440
ecd.1129
msl.11159
ecm.5956
tae.5632
trc.7905
ecd.6259
msl.19259
ecd.7201
ecm.9224
opv.10345
sct.5758
cln.2356
scw.10061
cln.7066
ppx.36220
scw.16987
msl.17054
Ecg.3197
msl.9722
trc.21897
msl.40182
htf.2450
dpy.12202
Ecg.3013
msl.30808
sch.8120
Fsc.14922
htf.6203
msl.37579
scr.15083
scj.10952
tas.9013
scs.12022
Ecg.3448
msl.49232
ecd.2793
spe.1131
ppx.479
ppx.4065
hyn.11873
scr.6100
ecm.4578
scj.12488
spe.31446
scw.8105
scr.12497
spe.35936
trc.12340
Taa.7701
ecd.996
ppx.17066
scs.17105
msl.5307
cln.11528
msl.20563
ecd.811
scm.1212
spe.12578
tas.5539
msl.45185
msl.59035
msl.8645
tas.7517
trc.1550
Fsc.22064
sct.21404
htf.3394
hym.6994
scs.8495
tae.8069
htf.2105
fsc.14539
Fsc.11249
msl.52190
msl.47619
scj.8069
scc.18659
dpy.14955
sch.10084
ppx.21108
scs.6720
scc.13053
hyn.6016
spe.34396
msl.11915
Taa.5438
fsc.13352
scs.14719
hyn.6197
msl.55528
ecm.8768
msl.46028
ecd.9071
hym.5333
Ecg.7439
msl.35698
sch.6389
Fsc.794
msc.5539
sct.4636
scs.11947
ppx.9033
taa.12181
msc.2120
msl.5783
msl.38323
msl.24915
scw.24337
msc.5938
Fsc.20367
msl.32569
scc.5651
msl.9749
opv.14169
opv.2047
Fsc.3451
tas.10751
opv.1500
dpy.7335
msc.3173
tas.2119
Taa.6005
opv.16316
ecm.5620
msl.50140
ecm.4342
fsc.7451
scj.9393
trc.6234
scc.10084
fsc.4211
Fsc.30101
taa.9716
dpy.5872
trc.839
ecp.4956
msl.48849
ecp.6584
ecm.1544
hyd.3635
dpy.5369
ecp.1379
ppx.13687
dpy.13664
cln.9705
scw.25360
scw.22427
spe.29897
fsc.11719
ecm.5754
hym.2777
dpy.3168
ecp.6852
msl.26402
ecm.1099
cln.9371
msl.13172
fsc.14406
trc.20208
scj.10905
msl.55706
msl.10565
ppx.28842
ecp.12173
cln.5796
scr.23194
msl.13845
ecp.2949
sch.6023
trc.16620
scr.13355
taa.9642
scw.11884
ecg.7576
opv.777
tae.2235
Ecg.882
ecp.3646
hyn.3099
taa.776
msl.2349
htf.9072
cln.11220
msl.30037
msl.8044
trc.20359
msl.27953
msl.39017
gys.48
scw.22676
tae.3014
hym.9594
trc.11435
ecp.4693
ppx.22227
cln.4170
opv.15035
tas.728
scm.7063
scm.7218
scj.2344
msl.25000
tae.8850
hym.2557
opv.11229
scr.379
taa.5375
scs.13141
ppx.37648
spe.20790
ppx.21203
ppx.6439
cln.3684
opv.10855
scr.23496
msc.4413
ppx.2272
scr.4597
msc.920
trc.21211
msl.12497
scw.1292
dpy.10090
ppx.17783
msl.4116
scj.3430
scw.10934
msl.17601
ecp.16928
spe.5571
hym.8458
htf.9556
ppx.17132
cln.7024
scr.4656
hyd.9899
ecp.11826
gys.5491
tas.3260
hyn.2804
cln.5304
scm.7507
msl.16483
msl.33260
ecd.517
ecd.6939
ppx.35576
msl.11205
hyd.8609
scr.11819
scc.3812
scw.7442
ppx.34191
opv.15955
taa.5831
taa.3440
scs.5120
ecp.3960
hym.7224
sch.1513
msl.26407
tae.4496
scw.12315
msl.18427
ecp.4389
gys.4612
msl.14173
tae.295
msl.15660
scj.6388
scr.20094
Taa.9558
gys.6154
fsc.3858
fsc.6984
Taa.4124
msl.35882
msl.50055
msc.6669
trc.18226
msl.35431
scs.18241
scr.19878
msl.2015
scm.135
spe.32339
Fsc.7879
ppx.16084
scs.11200
ecm.4449
msl.35148
sch.5981
ecm.864
ecd.2817
trc.6309
ecp.17953
ecg.2377
msl.10638
gys.2005
msl.20124
taa.8314
msl.39964
msl.5447
scc.7871
spe.21967
opv.8962
spe.597
scw.13139
sch.4198
hyd.4902
hyn.4944
Taa.3576
msl.1450
cln.2044
scc.14148
htf.4970
ecd.3161
scr.9462
msl.17748
cln.5426
msl.26367
scj.3492
ecd.144
sch.2214
tas.12480
msc.9231
msl.52753
ppx.25605
sch.3849
scs.8874
tas.4864
ecm.8033
trc.18312
tas.11776
ppx.8055
ecp.13340
htf.5070
scm.7569
sch.6770
ecm.5163
ecd.8764
ecp.2299
trc.3594
ecg.6840
msl.58375
cln.7911
msl.19374
hyn.11105
hyn.12264
msl.33266
ppx.28153
sct.8687
sch.11394
ppx.455
tae.5474
dpy.19085
hym.6883
hyn.5364
ecd.7349
ecp.7673
cln.4971
msl.28505
scj.2188
scm.5459
scj.2578
opv.5255
hyn.2203
opv.9021
hyn.548
trc.3680
scr.7096
fsc.15334
spe.4784
scs.3531
msl.50865
tae.2217
cln.13023
dpy.451
opv.9867
ppx.25263
scj.6012
ecm.6633
ecd.2934
Ecg.764
ecp.7530
trc.12543
opv.12748
spe.17784
msl.12235
htf.6676
ppx.36744
hyn.9470
fsc.12079
msc.3720
ecp.17291
cln.3717
opv.13840
hym.307
ecp.9728
msc.5865
scm.7532
ppx.12265
ppx.19362
scr.5988
ppx.33924
msl.6988
sct.6812
scs.6436
trc.13817
msl.26022
msl.51474
scj.5909
dpy.16848
spe.13426
ecd.5669
ecg.4825
scs.15241
msl.8320
msl.56366
msl.57002
taa.2649
sct.7411
Ecg.8907
scs.18943
msl.30513
fsc.8087
Ecg.4447
Ecg.9352
msl.29569
taa.1786
scj.10497
Fsc.29031
dpy.14022
Taa.7491
gys.2809
ecm.549
hyd.7882
msc.7900
ecp.475
ecd.8019
spe.23144
ppx.11303
scr.2589
tas.10908
spe.28397
htf.3785
tas.1884
spe.11611
Ecg.3970
ecp.15257
opv.10133
Fsc.12714
fsc.9847
hym.2248
scj.2651
trc.10920
scc.2480
scm.3439
msl.5269
htf.4239
Fsc.28151
scm.9311
scr.22036
msl.52570
scj.3151
msl.35233
msl.29040
ecd.6978
scm.4110
scc.20810
msl.36623
scc.1208
tae.7505
hyn.5920
spe.1626
scm.8274
opv.14457
hyd.3240
scm.7098
msl.7419
cln.2893
scc.18755
hym.906
msl.49931
dpy.10293
sct.12502
dpy.5564
msl.55962
fsc.1199
Taa.5584
ecg.7676
tas.2141
tas.5829
msl.40151
ecp.1848
hyn.12606
msc.3978
msl.2366
spe.3587
Ecg.2221
hym.2830
sch.9187
ecd.3996
dpy.12695
opv.1907
msl.30195
Fsc.4970
tas.2665
msl.14985
msl.26936
cln.4827
ecd.9333
msl.52572
msl.46345
smm.3600
trc.12838
tas.3785
scm.2338
ecd.5400
scj.3745
msl.26605
cln.2227
scs.16226
msl.4426
msl.19949
ecd.8178
taa.11618
tae.3869
htf.7690
scj.3809
scr.4789
scw.17924
trc.8945
taa.4429
msc.2316
Ecg.6394
htf.3307
ecg.8368
Ecg.771
ecp.4053
hym.751
ecg.5514
msl.486
msl.57671
scs.12695
scw.2702
ppx.758
opv.14823
hyd.6562
msl.56202
ppx.20228
Ecg.9569
tas.9851
sct.8393
ecm.9198
fsc.6137
scm.10203
fsc.2689
msl.3066
hyn.4939
scs.585
Fsc.21431
hyd.739
ecd.5150
ppx.15682
sch.5878
Ecg.3469
taa.6526
msc.937
msc.1518
ecp.2090
spe.18238
cln.12163
ecd.6413
ppx.37289
ecp.11194
spe.19340
msl.5716
msl.9675
scm.10680
hyd.9690
htf.11430
msl.39206
msl.35908
Fsc.32656
sct.6981
scs.17666
spe.11471
opv.7955
opv.13968
msl.3224
msl.14145
scs.3902
hym.6320
ecg.8028
msl.40366
ecd.7759
tae.860
dpy.18268
msl.25863
ecg.1729
ppx.25300
sct.22691
gys.12952
taa.4806
fsc.8707
Taa.8468
scs.1416
msl.28710
cln.323
ecp.11011
Fsc.16606
opv.13804
dpy.2196
msl.36469
ppx.16969
msl.1199
scc.135
msl.35242
ppx.17170
ecg.5048
scj.7285
tas.11143
spe.39172
scr.17919
trc.12844
Fsc.16509
scr.21263
taa.11385
trc.19867
scj.5104
scs.16743
ppx.13909
scc.1327
dpy.3476
Taa.2885
spe.36702
scr.21310
trc.11080
tas.9103
Fsc.24846
fsc.12442
ppx.3033
scj.444
spe.13447
fsc.1008
scr.12042
opv.9347
spe.12022
fsc.13720
tas.9729
ppx.18116
htf.10729
fsc.10243
opv.14813
gys.9117
hyn.8187
ppx.2482
scw.11141
sch.9723
ppx.14740
trc.480
ecm.4607
Fsc.12474
hyn.4469
msl.16870
fsc.10289
scc.6003
sct.18783
sct.4566
hym.7430
taa.12801
spe.11793
scw.2889
spe.8464
spe.11339
Taa.2976
ecp.15037
sct.16627
ppx.12229
taa.6896
msc.5065
tas.7811
spe.33055
scc.468
sch.5915
ecg.7508
msc.9223
scr.928
ppx.26296
sct.17040
gys.1009
dpy.13321
ppx.26318
fsc.10890
scc.19255
taa.11277
hym.11735
spe.32694
ppx.4154
tas.12025
scr.2306
opv.6735
msl.56192
Taa.10086
sct.18416
scs.11967
taa.12771
sch.4712
Fsc.32096
sch.1332
msc.6687
ppx.34095
ppx.24596
scm.4543
sct.17713
sct.14032
ppx.2895
msl.2530
Fsc.2922
ppx.11117
sch.6655
ppx.18647
hyd.6841
ppx.11447
htf.10142
scs.7808
msl.16555
scs.18849
scm.9055
ecm.9123
scc.12310
sct.4324
scr.13755
dpy.5323
scr.11505
scc.12451
sct.3490
msl.26248
msl.27202
fsc.11297
ppx.1146
Fsc.14584
ecd.10738
ecp.987
spe.21348
spe.35031
dpy.811
ppx.18492
scw.3792
spe.16062
taa.11796
Taa.8991
dpy.8256
ppx.35310
scr.22717
ppx.8155
spe.30789
ppx.3870
Ecg.8439
msc.3683
ppx.34766
tas.12907
ppx.30673
scr.5763
sct.1258
spe.14502
Taa.7675
spe.33546
scc.20365
Ecg.5049
msc.9110
ppx.22202
scw.21081
spe.23618
msl.4944
hyd.11207
Ecg.8198
scm.11212
msl.50344
taa.10705
scr.23769
ppx.26491
ecp.2951
ppx.27717
Fsc.25676
dpy.8054
ppx.4922
scs.1995
hyn.1659
dpy.6014
Taa.2856
sch.4989
ecg.9947
Fsc.17413
scr.20062
hyn.4951
sct.15325
ppx.18438
sct.12145
ecd.10522
ecp.2151
Ecg.10249
ppx.25265
msc.2478
smm.251
opv.3217
msl.42593
hym.738
ppx.22291
cln.10096
tae.6788
scr.12763
spe.23973
gys.3500
sct.1543
gys.5376
scw.6607
hyn.3573
scs.11305
gys.10109
ecd.10271
taa.7189
spe.2788
ppx.12439
scc.6696
msc.4222
spe.8050
ppx.29944
scw.1021
