

Ecg.9475
cln.9063
msl.3813
msl.12750
Fsc.25926
Fsc.25442
fsc.1646
Fsc.25814
Fsc.11279
sct.12970
scm.5037
Taa.1571
ecp.164
scc.13361
Fsc.25368
Fsc.22840
scw.16368
smm.46
dpy.1500
spe.35117
htf.9135
Fsc.29361
scw.13160
dpy.8628
ppx.14033
trc.14250
Fsc.14738
scr.2405
trc.15978
scr.18288
dpy.8277
msl.27793
sct.7076
scj.10089
Fsc.29305
scr.4763
Fsc.6468
spe.7540
Fsc.5747
spe.9051
gys.13177
spe.22949
ecg.1623
Fsc.28886
dpy.18589
sct.11053
scc.19075
Fsc.19756
scw.4571
Fsc.28354
sct.9076
msl.46009
cln.3354
scw.14981
Fsc.10703
spe.17801
scc.5891
tae.4012
ecm.8110
opv.12715
msc.3693
fsc.13953
scw.8116
scs.15808
ppx.7140
tas.10661
scw.9166
ppx.31636
opv.12152
ecg.3305
scw.9405
gys.11483
hyn.2114
scc.14430
dpy.12263
ppx.12340
scr.10206
tas.12708
ecp.3313
scm.6953
tas.2819
spe.1796
hyd.7872
msl.36235
msl.20213
scr.17656
gys.3747
ppx.20944
dpy.15967
spe.15853
msl.48067
spe.30711
scw.13261
opv.3052
scc.7268
msl.51660
scm.9566
msl.10053
dpy.4031
trc.12734
hym.11418
ecp.6885
ppx.18110
cln.4615
scr.11234
scm.5734
scs.13063
msl.7312
sct.1608
ecd.6653
ecd.4187
taa.3020
Fsc.22952
taa.1746
scr.17835
spe.34730
cln.12809
ecp.14644
tae.10347
tas.1948
scw.15275
tae.11563
cln.6819
gys.15229
fsc.9444
spe.16288
msc.9056
taa.13005
Ecg.3603
ppx.11509
msl.45800
fsc.83
msl.16933
fsc.13545
ecg.8851
scr.19093
ecp.8240
gys.8987
scs.8712
taa.354
tae.6762
trc.13900
dpy.14570
fsc.2897
hyd.6099
sct.22633
trc.3628
sct.11046
msl.19292
tas.984
msl.46381
scc.840
tas.9901
msc.3703
ecg.962
Fsc.32996
fsc.15213
taa.7949
scj.8769
msl.50566
msl.42123
msl.27606
msl.46141
msl.28366
scm.6114
ppx.7108
tae.12208
msl.37501
taa.2208
scm.5740
Fsc.16598
hyd.2122
scs.4568
ecm.4585
Taa.8185
scs.2088
ecp.7329
cln.12152
fsc.412
trc.11860
trc.2392
scm.7361
Ecg.8962
scr.19595
scr.9769
msl.8502
msl.33351
scj.8389
Taa.4811
ppx.17093
msc.6176
ecd.4215
hyn.10204
ppx.16292
cln.6784
scc.7974
msl.14158
scw.1107
msl.9511
dpy.5684
trc.13874
tas.9705
ecp.7255
spe.8876
msl.36799
spe.9387
htf.6129
ppx.1912
htf.11135
Ecg.9919
scr.18556
ecp.10239
ppx.23238
Taa.6959
sch.9617
scc.12493
Ecg.3423
scm.1862
msl.15865
cln.10352
ecm.5453
ppx.18712
scr.3466
ppx.18839
msl.46193
opv.7375
fsc.14719
scw.5364
ecd.6560
ppx.6470
Fsc.27038
msl.51740
sch.9414
msl.23559
spe.4168
dpy.1922
dpy.9340
fsc.9701
msl.14936
htf.6606
tae.7919
scs.16410
msl.27373
msc.3447
msl.52709
gys.10009
Taa.2514
hyn.6725
opv.15103
hyd.100
msl.19658
scc.333
Taa.3544
msc.8308
dpy.4557
gys.11241
Ecg.7087
msl.57508
msl.20543
msl.20880
spe.2430
msl.19854
scs.531
cln.4605
opv.14466
msl.12400
msl.49617
ecp.5881
tas.11682
scj.10732
spe.14539
msl.52893
trc.10324
scc.9639
htf.1126
hym.2283
hym.7361
ecp.13188
spe.31492
hyn.8254
ecp.868
tas.8808
msl.38630
msl.11407
msl.36426
ecm.4354
scr.3430
ppx.6582
ecd.431
scs.18352
hyd.5425
opv.9937
ecp.3723
msl.45763
spe.33901
ppx.12362
scm.10145
ecd.10208
msl.31007
hyn.8391
taa.5083
hym.5546
msl.12913
msl.42884
cln.11884
hyd.9544
trc.9875
msl.18455
scw.22428
fsc.12898
scc.14535
hyd.4528
msl.39703
smm.2672
scj.9669
ppx.29191
hyd.2024
msc.5810
opv.2686
taa.7091
msl.35810
scr.8499
msc.1977
msl.6330
dpy.2399
sch.3777
msl.8074
msl.19353
ecp.3847
scs.8138
Ecg.4940
scs.14395
hyd.6828
msl.48832
msl.1138
cln.12143
Fsc.26316
taa.12734
scs.13501
tae.11894
ecp.7697
Ecg.3684
msl.59307
ecp.17033
fsc.14259
sch.5176
scs.11148
spe.34209
msl.49293
msl.43464
hyn.998
dpy.17370
ecg.8940
tae.3816
trc.16259
cln.9661
cln.6957
tas.3891
hym.8222
scc.20141
msl.39280
opv.5720
trc.12012
cln.9874
sct.14995
hyn.5019
cln.10727
scw.17273
msl.60265
hym.8445
taa.772
dpy.11301
htf.3073
tas.1938
ecp.16566
sct.3134
dpy.16789
msl.24865
gys.3433
ppx.2877
scm.7510
Ecg.5448
fsc.15195
gys.9321
dpy.13533
msl.3836
ecg.6834
ppx.5935
dpy.11826
scc.21228
ppx.33244
Ecg.7437
cln.13168
msl.28988
scr.17994
msl.14907
Ecg.4244
gys.14399
sch.6227
htf.2388
msc.4987
smm.3685
fsc.10254
hyn.2724
tas.1348
msl.50492
htf.6138
hyn.9176
ppx.26653
fsc.11859
htf.9962
msl.31669
fsc.14248
scs.9215
htf.890
msc.114
hyn.693
msl.7272
ppx.19226
ecm.7082
scc.2795
hyd.3309
sch.848
tae.833
msl.32326
gys.6416
Taa.5608
scw.12551
Taa.8474
taa.9712
spe.13397
ppx.36984
ecd.6678
msl.52922
cln.3096
ppx.11114
scs.13011
taa.8362
hyd.10380
htf.9933
opv.4291
taa.2024
ecp.9126
opv.2431
Taa.5443
Taa.6189
msl.8706
scm.5261
Fsc.11514
msl.6113
Fsc.3362
dpy.6106
msl.21965
Fsc.15828
sch.11042
ecg.9868
ppx.5661
taa.9406
Ecg.4219
spe.6969
cln.7137
fsc.15603
scj.12427
scm.1953
spe.1267
hyn.1225
msc.1183
scw.12313
msl.31542
tae.10625
msl.40916
sch.2660
ppx.14347
msl.13964
msl.5577
cln.11306
Ecg.10246
ecm.6811
msl.23464
ppx.22649
cln.3824
msl.41537
hyd.3350
msl.57418
dpy.19941
msl.46791
opv.9717
taa.3834
hym.3628
ecp.14208
tas.11159
gys.15022
msl.54531
taa.4297
msc.2188
gys.12677
msl.27071
scj.7500
spe.33283
taa.9066
ecp.18139
scw.23099
opv.118
ecg.3739
taa.10774
hyn.393
scj.2291
hym.4747
scs.4738
hyn.8982
hyd.4735
tae.7758
spe.6491
scs.3950
cln.1552
scs.17545
sct.13326
scr.9472
scs.9404
cln.770
spe.15456
msl.3172
taa.9810
scw.18891
ppx.22141
tae.12281
tae.4280
trc.6351
msl.48778
spe.3815
dpy.750
hyd.4562
gys.7720
scw.14876
msl.45303
spe.29651
Ecg.60
Fsc.9461
scj.1925
Ecg.5457
msl.46171
msl.48361
msl.43591
tae.738
msl.11209
opv.2872
msl.46031
ecm.2770
spe.2704
ecm.8061
scm.2661
ecg.11266
msc.9862
trc.5643
spe.19836
ppx.3346
tae.4824
trc.6692
ecd.3565
dpy.14405
scs.12343
scj.4280
msl.60138
msl.58037
taa.10838
msl.47142
tae.10025
scw.23825
sch.9964
tas.5031
scm.2817
gys.15302
opv.7970
Taa.6569
taa.3459
cln.8938
ecp.12319
msl.33761
tae.8293
hym.4699
scm.1192
msl.48942
ppx.504
scr.22481
cln.4123
cln.8569
htf.5868
opv.2965
tae.2399
msl.59283
tas.11911
ecd.1888
scw.5827
ecp.14611
msl.56237
scj.4231
scw.21169
scw.17714
spe.20242
gys.11469
opv.5221
ecm.4331
taa.3824
scw.22452
scm.8218
scr.18298
ecd.889
hym.5418
ppx.34273
msl.10108
Taa.6625
scw.24324
scr.16783
tas.9343
ppx.10030
opv.3355
scr.16375
tas.6794
tae.4904
Ecg.5980
sch.3566
hyd.9523
msl.59626
hym.2876
tas.956
ecg.7243
scr.12284
taa.8970
hym.7602
ecp.12406
tae.7626
hyd.2858
ecd.9170
spe.3293
tae.9835
taa.5922
scc.10604
scw.8037
dpy.5748
trc.1573
scs.17416
tae.6422
tae.4678
ecd.1724
scm.1222
scw.9498
msl.29290
sct.17455
taa.5073
msl.35117
msl.45505
hym.4172
opv.12163
spe.38190
trc.2391
ppx.11921
msl.41096
fsc.14608
msl.14255
msl.56514
msl.19031
dpy.8758
spe.20888
scr.1498
scs.12492
fsc.8398
Ecg.7258
msl.31461
gys.3701
ecd.9664
ppx.30067
hym.3882
trc.10135
fsc.11970
sct.10071
trc.3411
ecp.16673
ecm.9015
tae.11507
sct.11445
Fsc.11921
dpy.4173
Fsc.887
gys.12916
msl.23984
msl.58524
sct.2904
msl.18812
sct.11032
msl.18345
cln.8362
scw.8511
scj.3009
ecp.8849
scj.3665
hym.8096
htf.2763
scj.12080
tae.10785
ppx.22312
msl.58830
taa.11710
msl.5864
scw.15598
scw.21464
taa.3532
scr.16148
scm.3942
hym.7597
ppx.399
sct.20385
hyd.3210
htf.4654
Fsc.16052
msl.41922
Fsc.1948
msl.28844
scs.8532
sch.10516
ecp.9645
msl.8999
scw.19074
opv.15136
msl.10751
spe.7380
fsc.6116
cln.12513
opv.9098
taa.12367
fsc.15175
tae.8305
scw.24413
spe.30347
tas.8485
scs.11645
Ecg.7529
scs.17402
trc.11139
ecd.4628
msl.6822
scj.3945
fsc.12289
sch.4554
msl.57130
msc.9369
sct.1505
msl.17641
hym.6258
msl.26227
tas.5046
Ecg.5889
msl.11577
spe.5162
spe.26785
msc.7778
fsc.5329
opv.13812
Fsc.15074
dpy.4367
msc.9097
scs.1699
msl.16445
ecg.8758
msl.22921
spe.5173
ecp.4805
Taa.7512
spe.24666
scc.16996
opv.346
opv.10512
hyd.7155
dpy.19340
hym.848
dpy.15525
msc.4613
Ecg.6691
scw.3301
sch.6279
ecd.2690
scj.11817
Ecg.5064
hyd.6654
opv.7561
cln.13160
taa.8580
sct.6495
scw.14329
gys.14186
tas.12211
msl.49212
fsc.12996
Fsc.454
tas.2280
ecm.8690
ecm.6836
msl.51555
msl.45100
fsc.10500
spe.10870
ecd.5120
hym.4063
fsc.8810
htf.467
Fsc.15391
sct.14918
ppx.31190
sch.11528
spe.30829
scs.13419
Taa.8889
trc.19201
htf.2978
Fsc.3854
tas.7729
tas.8883
ecp.10307
hym.1880
fsc.12948
hyn.8800
sct.21107
sct.5226
ppx.35282
hyn.8533
scs.4715
scm.10463
hyn.11870
hym.5826
Ecg.2844
ecp.414
spe.26209
opv.13015
fsc.15618
scs.11373
fsc.10841
trc.15343
Fsc.1236
msl.42471
ppx.7385
msl.29322
msl.41393
ppx.31018
msc.3284
ppx.23274
gys.13988
sch.8529
dpy.6680
tas.6855
ecp.14588
sct.17752
ecm.10053
scw.21009
msl.55870
cln.12437
Taa.1874
ecd.8079
tas.3431
opv.14085
msl.17429
ecg.4406
msl.45994
cln.9133
scm.10610
msl.50999
taa.3570
msl.9217
tae.10550
hyd.4994
taa.3087
msc.6259
Ecg.1325
dpy.8329
taa.7149
spe.23874
ecp.10827
msc.2920
opv.10019
msl.25070
ecg.18
scw.15446
msl.11497
fsc.13816
scc.19610
scr.8585
ecm.8873
ppx.4257
sch.4126
scs.10118
msl.36786
ecd.5022
taa.1620
tas.5419
msl.20421
ecm.6302
fsc.8902
hym.8873
ppx.36310
opv.10860
hyn.9267
msl.52036
Fsc.3714
taa.896
ecg.3397
ecm.9456
spe.25961
msc.10084
scj.5396
dpy.7522
msl.23662
spe.18601
msl.20035
msl.47777
Ecg.8669
msl.47557
ecm.4319
hyd.32
ecg.10984
ecd.477
sct.14143
tas.7526
ppx.16512
spe.4967
msl.58588
scm.11399
ppx.32034
ppx.10460
smm.3228
spe.8767
trc.6342
ppx.21738
spe.14926
sch.9568
spe.20165
Fsc.6485
hyn.12886
ecd.9417
scm.3344
hyn.3569
trc.16504
htf.10298
msl.16616
taa.4004
opv.3405
spe.18734
tas.9044
spe.29308
scr.3743
tas.507
scs.7614
htf.6519
opv.1649
gys.9286
msl.15297
hym.12155
spe.22411
spe.32212
tae.8714
fsc.1701
fsc.8571
scs.9268
fsc.15444
fsc.10945
ppx.4182
spe.5846
ecd.7770
Ecg.1579
ecp.10898
tae.7467
scw.7081
scr.5577
hyn.5594
ppx.1875
scw.19708
ppx.2627
ppx.35602
ecm.1659
fsc.7875
ecp.17148
scr.784
sct.13238
msl.54593
ecp.11972
opv.5000
ppx.17235
msl.54919
taa.10987
spe.33847
opv.9150
tae.6345
scr.14836
spe.16635
sch.3373
ecp.4242
ppx.5142
spe.21082
ppx.3226
scr.21942
sct.18211
scw.10371
ecm.5170
taa.11183
scc.1075
spe.14406
dpy.16672
Fsc.4069
trc.19358
scr.1252
spe.29511
ecp.15661
scw.18576
hyd.6675
dpy.18478
dpy.1206
opv.6498
scw.12793
fsc.8067
Fsc.8611
hyn.6594
sch.5785
Ecg.7940
tae.8868
spe.3342
ppx.20409
spe.1596
trc.9863
spe.1195
Fsc.22590
scc.20569
taa.2115
scw.25916
spe.17816
scc.5241
scr.11988
ecp.11522
scw.9036
scr.3427
spe.35067
spe.32707
spe.22371
ecg.4925
taa.7589
dpy.12065
msc.4666
spe.5067
hyn.6262
taa.4652
spe.1697
ecd.10591
sch.165
fsc.6785
spe.28096
scw.25156
trc.2246
htf.3274
spe.16833
hyn.5988
smm.2270
trc.20974
ppx.35609
opv.7884
scs.11917
trc.10988
taa.1569
scw.19441
gys.10845
scs.11016
spe.15871
scw.24745
scw.24099
hym.9100
hym.11575
dpy.19587
msl.4105
scs.981
hyn.13761
ecg.5581
dpy.18550
scr.14493
gys.8672
gys.8895
fsc.13970
ecd.10365
scr.6858
hyd.1586
ecg.4365
spe.27866
spe.13911
tas.10050
smm.2229
fsc.13822
ecp.406
spe.7690
opv.4928
sct.20251
scm.7251
ppx.6009
ppx.17105
scr.5393
scc.18171
trc.8208
Taa.2009
ecp.1503
gys.7277
Fsc.20891
scr.990
spe.23117
cln.4691
taa.976
hyn.6791
ecg.696
scr.2539
scr.7606
scm.8130
scs.5967
msl.42293
gys.6826
hyd.3168
msl.1279
opv.6334
fsc.6998
scm.11425
spe.2628
spe.11087
ppx.10875
scw.26135
spe.24833
ppx.8658
dpy.7498
