

dpy.2254
hyd.5462
msl.50089
msl.43959
Fsc.13981
Fsc.31220
scw.7870
hyn.1191
dpy.19809
Fsc.26329
hyd.9275
Fsc.7097
Fsc.15102
Fsc.8759
ecp.10630
spe.38061
Fsc.25619
sct.20630
Fsc.32303
sct.1959
Fsc.29253
ecd.7830
Fsc.17010
dpy.14573
scw.5588
tae.8726
scc.3
fsc.14219
Ecg.9503
scj.10643
fsc.5401
ppx.1193
Fsc.3828
Taa.10228
Fsc.17428
htf.11224
Taa.5280
Fsc.3771
scs.18586
scr.17163
Fsc.14221
scw.17911
dpy.19620
Fsc.9123
scm.6878
scr.9067
ecd.8046
trc.14552
ppx.27564
scw.684
scc.3181
dpy.1295
hyn.7763
scc.11278
msc.5997
scw.7990
msc.1847
ecd.7132
scj.4188
sch.8335
ppx.30310
Fsc.19633
scj.11150
trc.11390
ppx.30767
scw.22973
tae.12343
msl.29220
msl.21030
scc.22236
Ecg.3670
spe.13579
scr.2960
htf.504
spe.12923
ecp.3932
msl.52082
cln.12136
ecp.12952
scc.15046
msl.49
taa.9556
scs.7255
gys.2823
sch.8545
ppx.4577
msl.53344
cln.3769
scw.23876
tas.12207
scs.15137
ppx.32905
Ecg.1868
sch.7883
spe.30305
tae.8427
ecp.8938
msl.16399
msl.21466
msl.58318
Taa.2640
Fsc.15636
msl.11734
dpy.17791
opv.11768
ppx.15395
Taa.8139
ppx.35981
scw.24971
Fsc.671
gys.7225
ppx.30792
ecp.16483
msl.59316
opv.8609
Ecg.3643
msl.46248
ppx.32697
msl.39959
spe.34252
msl.30875
tas.12086
scr.12556
htf.9874
spe.7875
Fsc.12207
scc.13125
trc.6634
spe.14123
Taa.7553
scw.1173
scs.16080
cln.9318
Fsc.28437
Fsc.3635
Ecg.6363
sct.20312
gys.14821
ppx.36898
hyn.7329
msc.6460
sch.3535
smm.3835
hym.4815
scw.17974
msl.12953
hyn.7728
tas.3321
fsc.6177
ecm.13
msl.56235
ecp.7934
sch.3934
gys.1838
msc.1008
scw.17995
msl.5552
msl.36577
fsc.10662
taa.10223
ppx.25901
sct.1376
Taa.7580
taa.9474
scm.1112
ecp.17725
ecd.8288
ppx.12197
scw.15554
ppx.14098
msl.55115
tas.4258
ppx.2024
ecg.3599
scr.20779
msl.40544
msc.7416
scs.9672
hyn.9813
fsc.9560
msc.8760
trc.1199
scw.23419
ppx.6479
cln.9776
Fsc.18396
scj.2601
scj.7794
msl.29471
scs.7071
ecd.9650
msl.27842
spe.2445
scw.2947
ecm.406
scr.19822
taa.5735
hym.8800
msl.37242
ppx.15940
htf.8782
scc.5316
scj.7866
spe.35047
dpy.2597
hym.6275
msc.8146
Fsc.3967
msl.41661
ecp.6547
hyn.8171
ecd.3618
fsc.1101
spe.19975
scm.10946
ecg.447
scm.7994
msl.53862
msl.38993
ecg.5228
msl.35254
spe.26995
spe.34094
taa.1506
msl.42037
taa.7998
Ecg.9058
ecm.2759
scr.11462
scw.140
ecp.136
msl.22592
scm.6577
Fsc.13912
msc.4674
scs.7346
trc.18998
Taa.1510
msl.23905
spe.27308
scj.1910
scw.1485
Ecg.9632
hym.8568
cln.1624
hym.1655
ecg.6037
msl.30895
taa.5300
msl.44250
htf.1075
msl.13926
ecd.7584
scs.11608
scr.15775
scs.2663
ecp.3113
hym.9442
cln.12911
ppx.12998
spe.924
scm.7765
hym.9167
ppx.2786
sct.22948
hyn.5824
tas.3518
Fsc.8438
tae.9359
trc.18925
trc.7098
msl.43070
spe.31828
fsc.4544
scw.2920
Fsc.23141
msc.5744
msl.50434
cln.11430
opv.152
hyn.3128
trc.8389
hym.10280
msl.1925
ppx.18055
tae.6387
hyn.6177
sct.17365
msc.4459
Taa.5012
tas.3497
hyn.4665
Fsc.14293
scc.7027
spe.12749
fsc.11316
scs.21
Fsc.11972
ecp.17855
ecg.6500
msl.26497
taa.4253
sct.5099
taa.5424
ppx.22505
Fsc.28215
ecm.2839
trc.4254
msl.31558
spe.23707
msl.8895
msl.59237
Ecg.22
msl.13973
ecp.3656
ppx.22900
scr.4865
sct.3874
taa.12408
msl.12127
scw.9759
ecp.9344
fsc.8999
msl.26013
scm.3996
scj.5939
taa.3218
dpy.2401
scw.3335
msl.2735
ecp.4681
Taa.456
opv.9684
tas.1215
msc.7283
ecg.6398
ppx.4345
hyn.1498
Fsc.5697
ppx.31381
ppx.3087
msl.26659
spe.14409
fsc.2751
taa.8261
scm.5375
ecg.9448
Fsc.14465
trc.9502
hym.8703
spe.9764
scj.4713
hyd.4257
scw.22515
tas.4156
msl.38577
hym.10090
msl.54311
msl.47465
scs.10513
Taa.9333
msl.33559
scm.9296
scj.1675
Fsc.1383
trc.3875
trc.3056
spe.34108
msl.57339
taa.7676
msc.7745
msl.40463
ecp.2808
gys.11427
hyd.1182
msc.3667
tas.8931
msl.16497
htf.4552
htf.9626
Fsc.17503
ecd.1024
msl.31140
ecp.1142
taa.5173
msl.57478
msl.10477
ecg.5660
trc.10566
msl.32989
scc.22095
ecp.16996
scr.16862
htf.11097
trc.18519
tas.4291
scr.2171
tas.916
cln.4902
taa.7874
scs.12216
ppx.18999
spe.37715
tae.2015
tas.2117
msl.2479
msl.14095
msl.38719
sct.20322
trc.11717
msl.8116
ecm.2699
hym.5241
msc.681
fsc.11620
ecm.2104
msl.29923
msl.3354
Fsc.14633
msl.37203
scw.2538
dpy.3731
Ecg.10050
msl.52889
tae.8013
gys.14580
msc.4652
msl.14443
sch.11875
cln.13589
spe.25333
ecp.5019
taa.1020
ecg.91
hym.2504
ppx.24630
dpy.2797
msc.3619
hym.10417
ppx.18864
scw.20800
cln.4384
ppx.33996
tas.1130
tae.947
hyn.1925
ecm.6925
msl.5176
Fsc.2563
ppx.18499
scw.4304
scr.17921
msl.4141
dpy.17073
ppx.17647
cln.7796
tae.5789
scj.10294
scs.7265
ppx.18650
msc.8441
msl.6687
ecp.10943
Fsc.5020
Taa.4888
fsc.9211
msl.29732
scr.15207
Taa.2538
fsc.6101
opv.1360
hym.449
cln.13042
msl.25734
Fsc.3507
scs.19535
scr.20937
opv.9261
spe.6786
cln.10812
taa.1413
scc.8094
fsc.8868
taa.3052
tas.75
msl.46610
opv.5852
Taa.4401
tas.7047
tas.7046
msl.10693
ecd.9216
Ecg.2163
sch.2712
msl.42724
sch.7730
ppx.11872
scs.4085
trc.17095
taa.3172
hyn.1819
htf.9843
scm.10856
msl.20556
dpy.5700
scs.7159
taa.6085
msl.13435
ppx.2858
dpy.2350
taa.7329
scs.17989
msl.48935
sch.13061
Taa.9250
trc.6088
hyd.8344
scr.12801
sct.2241
scw.4127
opv.15409
msl.21126
msl.6652
msl.41605
Ecg.8570
msl.36378
hym.8251
sct.6463
hym.1831
ecg.8610
ecp.8088
tae.1622
msc.8232
htf.260
tas.10761
scr.17223
ecm.6797
scs.5124
opv.3497
msl.1409
smm.928
hyn.1982
msl.26052
scw.18015
msl.28485
opv.2883
htf.8054
hym.9743
htf.805
ecd.3386
ppx.27551
Fsc.6626
Taa.2082
msl.59899
fsc.1059
sch.945
ecg.4749
opv.7521
msl.36603
msl.49908
msc.5148
msl.13214
scc.18189
cln.3963
taa.8886
msc.10497
taa.8742
ecg.2990
scr.4899
ecd.5047
ecp.2221
scs.8007
tas.211
cln.4629
ecd.2455
spe.18266
Ecg.674
spe.14157
scw.3679
gys.6403
ecd.8566
Ecg.6816
Ecg.3947
smm.1342
Taa.3753
tae.5406
hym.9750
ppx.20990
scm.8433
msl.27016
spe.37121
hyn.5404
scm.6303
msl.50430
taa.13288
opv.14190
msc.9087
hyd.15
ppx.22996
spe.311
spe.36252
scr.19907
opv.3324
scc.7167
ecp.6860
scw.4297
ecm.484
taa.4350
scr.21656
msl.31066
msl.58723
htf.4068
ecp.16953
fsc.7524
ppx.28852
opv.9674
ppx.25812
scc.15819
ecp.14427
spe.31250
cln.173
sct.3461
ecm.9783
msl.19081
msl.34296
ecp.244
msl.25100
opv.14122
scc.14349
Ecg.7053
hyn.12637
tas.5504
scr.9565
hyd.8119
htf.6976
hyd.8236
ecm.6573
msl.50102
Ecg.609
tae.3164
sct.12792
scs.14911
hym.8356
ecm.3147
Ecg.3913
opv.981
hyd.4460
msl.10892
taa.9937
msl.52965
cln.10092
msl.16537
scs.12909
Ecg.531
trc.16425
Ecg.4439
fsc.657
hyn.13476
spe.30181
fsc.3423
ecg.6723
dpy.9108
scc.17941
scr.19959
msc.3997
dpy.8569
msl.13405
opv.4150
msl.58903
scr.11284
msl.17966
msl.11100
msl.22516
sct.20592
scs.13843
tae.1922
htf.7637
scm.8350
htf.11495
fsc.14511
ppx.20887
hym.10735
sch.1677
msl.26707
dpy.6696
scr.9780
sct.3158
msl.1805
fsc.13694
scs.18010
taa.6840
msl.53859
msl.5532
ecg.5213
sch.8933
opv.1715
hyn.2066
trc.19235
htf.11415
tas.5274
scs.16015
hym.8656
hyd.8510
sch.12664
msl.59712
ecd.4489
sct.20994
msl.49716
msl.12992
sct.1731
sct.11106
scc.15080
msl.48143
tae.8373
msl.46592
Taa.7042
scr.12261
Ecg.1169
ecp.2643
ppx.6064
ecg.8892
scr.13298
cln.8864
scm.2809
Fsc.20243
fsc.13103
fsc.900
Taa.153
fsc.4623
cln.4390
spe.33983
dpy.7845
cln.8432
msl.32830
msl.15180
fsc.7474
Ecg.2579
hyn.4242
scr.11564
scj.12426
scj.927
opv.13441
fsc.14540
msc.3229
ppx.37261
msl.31863
Ecg.6175
taa.7302
tas.2260
Fsc.8052
spe.37150
fsc.13640
tae.8418
scs.15715
Fsc.18324
ecd.4802
gys.13525
gys.9313
ecd.891
msl.51328
sch.1938
msl.17291
fsc.11485
ecm.4776
ppx.36714
ecd.3170
ecp.118
msl.22577
hyd.4976
scm.5637
spe.39356
msl.50254
dpy.11261
dpy.661
spe.26095
msl.53094
ecd.5949
msl.7357
gys.1931
ppx.37148
hyn.5225
Ecg.5725
msl.41175
ppx.10307
opv.791
Fsc.13673
msl.38720
msl.34366
scj.4489
Taa.8384
htf.7184
ppx.33946
ecp.11639
ecg.9581
Taa.8487
taa.10569
ecp.3819
msl.44176
scw.2540
opv.13124
cln.8096
hyn.5099
msl.975
ecm.5227
scm.2222
msl.53644
trc.4307
trc.4616
msl.16668
Ecg.3960
msl.24994
smm.1561
trc.15623
msl.11469
hyd.1105
msc.2856
scs.2596
ppx.8662
scc.8780
msl.20533
sct.20172
msl.55345
scj.5406
ppx.20076
tas.12445
msl.58919
tas.1804
msl.17998
hym.1399
ecd.4762
dpy.11700
taa.6329
taa.12690
tae.4722
ecg.1985
ppx.4087
spe.20317
Ecg.1790
trc.1542
Taa.6918
scc.7943
gys.6896
msl.39729
tas.810
msl.15827
dpy.2127
msl.8428
scm.5388
Fsc.2964
scj.6833
ecg.9462
Fsc.1489
taa.4739
Fsc.27557
msl.42071
hyd.4826
gys.11061
scc.10947
fsc.5696
ecg.4304
spe.33226
opv.14217
hyd.804
scm.647
msl.56497
cln.2244
tae.10081
trc.950
scs.13524
taa.2740
opv.2200
fsc.12647
msl.59363
msc.1108
ecd.1864
Fsc.1720
Fsc.23625
ecg.2017
msl.2428
ecp.3059
msl.45047
spe.32721
msl.58241
opv.14452
scm.7442
ppx.32079
ppx.19211
dpy.7859
hyn.5981
opv.13618
msl.31098
ecm.6675
cln.4144
ppx.12540
ppx.30886
msc.8040
ppx.28090
ecm.809
spe.18072
fsc.1619
scm.5563
Taa.7716
hym.5055
tas.2275
spe.5785
msl.10988
ppx.19486
msl.21529
spe.17586
ecp.16261
msl.34387
scw.9051
scr.19208
tas.11858
sch.6943
taa.10483
sch.4866
tas.6878
scr.18709
msl.27639
htf.10795
Taa.1783
scc.10041
sct.20665
ppx.26156
dpy.10137
tas.9628
opv.15111
scs.6612
ppx.29472
ecp.1645
scc.19412
ppx.27784
spe.2288
spe.19155
msl.30637
sch.3065
ppx.26223
opv.4976
msl.19155
fsc.6008
ppx.24362
gys.5489
taa.11729
scs.1881
hyn.5447
opv.5637
taa.10021
ppx.29607
ppx.18429
scj.7544
fsc.14541
dpy.15753
ppx.34075
sch.5361
gys.4206
gys.8818
scr.6859
scc.16538
opv.2471
spe.6736
scs.19544
scw.24863
spe.22560
spe.16669
ecp.13902
gys.1190
scs.14358
dpy.9333
ppx.2216
trc.15624
trc.10227
sct.20325
msl.32215
sct.11278
fsc.10265
fsc.8622
scs.78
scc.3846
msc.4662
tas.1707
ppx.11516
scj.8023
spe.7834
msl.54913
opv.5033
gys.8243
Fsc.12799
spe.30141
sct.8241
ecd.2492
msl.7425
scw.23857
gys.11105
ppx.24276
htf.5358
msl.14987
fsc.922
ppx.3861
msl.36774
scc.18229
spe.22291
tae.8542
fsc.5042
Ecg.999
taa.9099
ecd.10180
scw.11271
dpy.14821
scc.9349
spe.31794
scr.14834
ppx.21515
hyd.10616
Fsc.7371
scs.9525
ecm.10362
hyd.3450
dpy.19207
ppx.32239
dpy.19199
sct.4741
scs.970
scr.8177
spe.3307
tae.7759
scw.13884
hym.3137
scr.22171
msl.15406
spe.2631
opv.4143
Ecg.5384
ppx.30558
ppx.24945
scs.17896
ppx.26359
ecm.592
scs.12088
hym.400
hym.11023
tas.5710
hym.1742
spe.32418
ppx.31439
Ecg.1732
sct.5186
Fsc.19714
scs.19363
spe.3649
spe.28983
scs.14787
ppx.27700
dpy.19034
dpy.1763
ppx.34332
msl.13753
tas.12242
taa.12634
gys.14807
trc.14169
msl.7240
spe.32317
ecd.11192
spe.33379
smm.572
scr.22250
scs.9334
spe.26246
tas.11992
trc.16752
scr.7054
spe.25812
sch.7933
ppx.16665
tas.4936
scw.3478
spe.32549
Taa.2706
scc.17646
ecp.14006
ppx.14970
trc.18083
hym.1104
tae.5208
dpy.18880
scw.9876
ppx.2079
scc.6939
spe.12690
scm.11050
trc.20544
dpy.8528
ecm.10443
htf.10449
Taa.10321
dpy.4954
scr.16611
spe.17395
spe.36839
ecp.4303
ppx.35575
hyn.3845
spe.27266
ecg.2225
ppx.11336
smm.111
ecd.2195
ecm.3210
ppx.27288
sct.22268
scr.3849
trc.22021
scc.16187
fsc.11345
ppx.11538
ecd.10214
Fsc.4600
msl.8654
scw.4270
ppx.16525
scc.18203
ecd.10341
