

tas.3319
hyd.5461
msl.50085
msc.5722
msl.44055
scw.26023
spe.27292
Fsc.18599
Fsc.24267
scc.13683
scc.17976
Fsc.24829
Fsc.31614
scr.22507
ecp.1938
ppx.10464
Ecg.9856
dpy.11235
scw.25385
trc.8175
scc.23464
scc.18163
Fsc.30900
spe.3242
scr.7734
dpy.18995
Fsc.23405
scr.22294
sct.3873
ecd.8194
ecd.2844
scw.17582
Fsc.11130
sct.5547
spe.13849
sct.8596
ppx.24696
Ecg.6160
scw.8068
trc.20300
Taa.2645
fsc.13099
ecd.9476
trc.72
msl.35014
scw.1806
scw.9280
Fsc.25111
scc.11111
Taa.3292
spe.6830
scw.4555
scr.9992
sct.9985
scc.20314
ppx.19565
ecd.3934
opv.13073
tas.12169
taa.11886
ecm.9825
ppx.37640
htf.6688
dpy.16760
spe.36043
ppx.19851
scm.2656
ppx.24961
msl.21033
scw.7807
htf.5846
Ecg.646
ppx.8937
taa.4393
msl.54223
msl.4195
msl.52080
sct.1772
ecm.7492
ppx.963
hym.7983
msl.49496
ecp.9606
dpy.8050
cln.343
spe.21210
hym.1663
ecg.1572
tas.10319
msl.9762
scs.15133
ppx.32901
scj.4869
msl.30907
scc.2637
tae.1431
Ecg.184
htf.7896
taa.8177
fsc.13744
taa.2259
msl.6864
Ecg.2943
ecp.770
Fsc.1298
gys.9964
spe.11653
ppx.35983
ecd.3983
Fsc.5540
sct.109
ecm.1015
Ecg.6965
ecp.13191
ecp.7656
scj.4996
htf.7283
msc.5345
msl.39955
Ecg.9325
sch.2877
scr.4994
msl.3163
ecp.3690
msl.44730
spe.33036
htf.3425
ppx.36460
smm.279
fsc.8230
scw.9360
fsc.13261
sch.8047
ecm.9083
ecg.4502
opv.6237
spe.23441
tae.4330
sch.8764
scj.768
ppx.1963
msl.26483
taa.12116
spe.38998
trc.3839
trc.3014
Taa.3267
msl.28770
fsc.6176
trc.13230
scj.1992
ecp.7936
tas.12848
scr.8566
scs.12435
Fsc.31994
spe.23568
cln.11324
ecm.7456
opv.12445
ppx.25904
htf.8106
msl.31107
spe.31706
Taa.2813
scs.2768
tas.12393
htf.1682
ecp.11175
sct.14955
spe.18307
msl.2700
ecd.5878
taa.468
Fsc.14789
tas.2509
Fsc.8757
spe.29085
hyn.9811
fsc.9565
msl.37930
tas.8869
dpy.8184
taa.6412
hyn.2239
taa.10795
scr.16978
tae.10942
scr.17680
gys.4081
cln.1006
fsc.3665
msl.42669
msl.33193
cln.12948
Fsc.26789
msl.2049
ecg.7007
msc.355
trc.21214
Fsc.26032
spe.3122
htf.8455
gys.12126
dpy.2595
scs.19368
scw.6851
fsc.1600
Ecg.5258
ecp.6542
cln.6355
ecd.8539
tas.1595
trc.4235
scm.10941
scm.369
ppx.37058
msc.10441
scw.23738
trc.18008
msl.35259
scc.12238
msl.8746
hym.2734
scm.8770
Ecg.5374
scc.19441
taa.11466
msc.1851
scm.5180
Taa.5854
taa.5817
spe.21088
fsc.2481
scs.1582
scs.7340
fsc.13459
scm.4818
ppx.32577
msl.48866
taa.5727
scw.1486
Ecg.3849
msl.37036
cln.1626
hym.1651
ppx.11808
msl.30898
opv.998
scc.21086
Ecg.6547
sct.1257
msl.43812
ecp.9216
Fsc.574
ppx.37514
spe.6383
scm.1768
cln.12916
cln.877
Fsc.25249
scm.7767
trc.2958
taa.11264
opv.11772
scs.11262
tas.3512
tas.8692
scs.7532
Taa.3777
sct.11186
Ecg.4846
scc.20547
opv.16015
tae.1448
Ecg.2125
htf.5392
sct.5775
trc.2332
sch.509
scs.6200
spe.31280
ppx.33459
ppx.20111
hym.483
Taa.4192
scc.2761
msl.12715
fsc.1599
msl.32881
tas.3494
ecm.7024
sct.19323
tas.1870
scj.6043
fsc.11315
gys.1590
Fsc.11976
msl.48475
gys.13804
trc.2762
spe.11187
msl.12242
Fsc.16155
scc.14255
dpy.12650
ecm.2833
msl.21825
scs.1794
Fsc.29415
msl.8891
msl.59233
scc.1653
htf.9121
hyn.10406
msl.22375
tas.2033
scs.17213
taa.12407
ecg.4426
sch.2697
ecp.9343
sct.4712
Fsc.14501
scs.15556
scj.5932
scw.1822
dpy.2403
tae.307
ppx.14306
msc.10102
taa.3791
fsc.10978
ecd.2613
hyn.5307
Fsc.17630
dpy.10212
spe.463
hyn.4321
ecg.1392
msl.18365
ppx.26246
scr.21987
scj.11777
msl.3798
msl.44774
scr.19155
trc.17160
opv.13943
htf.2471
Fsc.10621
smm.1468
hyd.4258
scs.17570
spe.21194
ecm.7115
ecp.6116
sct.3569
ecm.9570
scj.10635
htf.4406
msl.32603
scm.9294
tas.1879
msl.21153
scm.3888
sch.11801
ecm.9908
msl.22159
taa.11001
msc.7741
ecg.6679
dpy.8842
gys.11428
msl.23101
spe.25162
scj.5897
dpy.16660
msl.35265
msl.30381
scr.11392
ecd.1027
ppx.1135
msl.59353
spe.33967
msl.18052
Taa.2650
ecd.669
cln.4700
dpy.17108
ecm.7982
tas.6844
Fsc.2490
htf.783
opv.855
scs.13575
scj.12454
msl.51039
scw.9803
msc.8437
spe.6272
tas.9555
hym.3938
scw.14921
taa.6661
msl.59251
msl.7759
ecd.1338
tas.11409
scr.9931
taa.2337
ppx.28136
msl.42623
hyn.8274
msl.32422
gys.3637
hym.6682
msl.3357
hyn.9234
msl.37209
msl.52073
Fsc.29734
tas.2659
Fsc.31470
tae.9360
hyn.9960
tas.11927
msl.14447
ppx.24729
scs.6998
dpy.16268
ecg.11063
Taa.6752
ecp.632
ecg.870
msl.45534
trc.16783
scm.1373
hym.1187
msl.16460
hyn.1680
ecm.3347
dpy.7978
scm.5845
ecp.3736
tae.943
dpy.18343
tae.2715
msl.5172
cln.12039
ppx.13576
scw.4303
sch.11194
trc.6209
ecp.4082
cln.13218
cln.7794
ecg.9761
scj.10291
ppx.25618
tae.9543
hyd.6926
fsc.7103
hyn.4556
htf.2009
ecp.4244
scr.19267
ecm.1855
hym.6460
tae.10357
spe.35547
ecp.9257
hym.446
ecp.2281
msl.40072
msl.32479
hyn.12588
fsc.11415
ppx.29104
trc.6111
tae.3949
taa.1419
opv.13147
msl.24784
hyd.6705
cln.10162
sch.7343
scw.23462
Taa.4406
ppx.31658
msl.19185
scw.12878
ecd.9213
scm.3264
msc.3576
scm.1636
hyn.806
ppx.27304
hyd.1126
ecd.3706
opv.8986
msl.15381
ppx.31236
spe.35058
spe.23443
dpy.5707
msc.179
ppx.16092
msc.7940
dpy.17693
msl.57800
gys.4149
ecm.758
dpy.8292
scm.1340
cln.1452
hyn.7676
hyn.521
scr.12805
trc.3392
gys.12962
sch.135
msl.54308
ecp.14445
msl.41606
scs.16323
spe.24510
tas.3715
opv.1413
msl.41109
ecg.8615
scj.9067
cln.1159
taa.3795
tas.1013
scw.3541
scc.1362
tas.5917
ecm.6464
scm.9442
scs.5198
trc.8699
scr.14391
scr.1293
msl.26590
msl.37801
scs.4538
opv.10443
taa.5017
scm.620
msl.5037
opv.14920
hym.10391
tae.3148
msl.59890
msl.19779
tas.906
trc.2358
msl.28569
sct.14019
msl.48297
Ecg.2279
ecp.7752
fsc.9277
msl.21320
taa.8888
sct.18256
msl.11330
msl.58267
cln.596
sct.5316
htf.6914
scs.8003
cln.12397
cln.4627
Fsc.16301
hym.3162
spe.37873
opv.2571
scw.2505
ppx.15508
cln.6199
fsc.4229
htf.7666
ppx.28614
Fsc.25492
dpy.19037
ppx.32367
msc.4940
ecm.7790
hyn.8147
msl.24336
Ecg.584
dpy.8702
hyd.10950
scc.17890
ecm.2969
sct.4131
hym.1198
spe.23034
Ecg.2753
scc.16066
tae.7419
ppx.31589
scc.7161
Ecg.5322
scw.4295
hyn.5152
Fsc.808
spe.1633
msl.31064
opv.8064
Ecg.9038
taa.8239
tae.9519
msl.32690
opv.9670
cln.5781
scc.7658
fsc.1689
fsc.10211
cln.170
Taa.4302
ecm.9786
spe.35014
msl.34295
scj.9686
ecm.4996
tae.7704
taa.10927
Ecg.7055
msl.22353
scm.1280
ecm.2657
hyd.8112
spe.29924
opv.7244
Taa.9984
sct.5464
sch.1420
smm.425
Fsc.4571
Ecg.420
hyd.1449
msl.26957
tas.4205
scw.6660
hyd.4465
msl.27516
tas.2550
htf.5487
msl.10684
ecg.5457
sct.4937
Ecg.538
tae.3422
Fsc.4609
Fsc.1765
scs.6236
msl.21926
fsc.3421
ecg.6720
Taa.6939
hym.234
hyd.1094
ecm.8637
msl.15272
ecp.7149
opv.4153
msl.58906
cln.10898
hym.2676
ecd.7798
msl.22514
spe.12834
trc.9907
scm.10038
ecp.11425
trc.10945
hyd.2291
taa.5134
hyn.4233
htf.9703
gys.13975
tae.5665
msl.24535
ecm.2472
spe.3798
scw.19043
fsc.13690
Taa.1198
Taa.46
msl.53857
htf.10907
dpy.14640
gys.12208
msl.3078
msl.51397
trc.19238
scj.6163
tas.5271
ecd.5147
hyd.9171
msc.8347
tas.537
ecd.4154
sct.16758
tas.3599
msl.49714
scs.15829
ecg.2401
ppx.36934
msl.2814
spe.1875
Fsc.22829
ecm.926
ecd.5823
ecd.9051
ecm.9720
msl.14500
dpy.12362
ecg.8894
msc.9689
msl.16113
scj.287
fsc.14286
opv.7965
fsc.905
taa.3448
ecd.6312
dpy.19878
dpy.14383
opv.15759
ppx.9556
scj.10884
ecd.7744
Ecg.1687
htf.3914
hyn.9257
msl.52044
fsc.4235
cln.13403
hyd.2228
tae.1991
msl.58590
ecd.3345
msl.31864
htf.1935
hym.5021
tas.2266
msl.52433
msl.32441
fsc.13645
dpy.1456
scs.15711
scm.4095
scw.23368
msl.38145
dpy.16280
Ecg.1863
scr.1572
scm.8759
spe.12136
msl.36083
dpy.4998
msl.4647
scj.3361
msl.32529
msl.30781
ppx.14009
msl.55186
hyn.7701
msl.48429
spe.29306
Ecg.10119
Taa.694
msl.53099
ecp.11910
msl.45275
gys.8651
msl.52609
msl.21878
msl.14579
ppx.7518
hyn.10909
opv.796
cln.7536
scm.9579
ecp.12449
tas.12241
opv.180
msl.18711
tas.12272
hyn.13061
spe.26876
scm.6423
dpy.887
tas.1616
spe.36980
Ecg.4934
taa.5889
scm.6589
msc.9332
msl.31333
fsc.11245
ecm.8342
spe.26102
scr.12910
tas.9730
ecp.1490
Fsc.181
msl.9627
msl.53167
Taa.887
msl.35560
Fsc.26580
msl.25729
msl.1132
msl.16411
ppx.26341
ppx.144
ecp.12102
fsc.3336
tas.1105
ppx.20079
ecg.3189
msl.58914
tas.5584
msl.17997
htf.8072
msl.16039
dpy.11703
tas.2577
taa.12694
ecg.3552
Ecg.6053
scs.18413
ecd.2888
tas.2177
scw.4709
cln.135
Ecg.327
tas.3738
htf.9431
tas.817
msl.15821
dpy.2129
gys.3135
scw.17382
scm.8675
ppx.20187
gys.11742
tas.6629
fsc.13923
spe.18740
opv.2702
Fsc.26741
scc.1292
fsc.3692
fsc.5694
Fsc.24145
scr.23564
tas.7174
scr.4424
scm.645
msl.56493
msc.10122
opv.5867
Ecg.216
trc.3737
msc.6359
opv.2204
ecg.4767
msl.59361
scm.1649
trc.12338
opv.13807
msl.29575
cln.12505
opv.9064
opv.3658
fsc.5848
scj.7890
hyd.1059
cln.6917
ecd.1652
htf.8124
fsc.14935
htf.1371
tas.13138
ecd.5186
msl.31094
ecm.6673
ecg.8393
scr.15974
ecp.16191
sch.10456
msl.33907
gys.2384
msc.5551
opv.14703
ppx.4545
sct.22551
tas.12599
tas.4246
msl.52425
ecp.7996
ecp.2867
msl.21527
ecg.1381
hyd.1952
msl.43237
gys.13531
ecg.3306
scw.25990
Ecg.8136
ecp.1924
dpy.3353
spe.26420
scj.12311
trc.12033
ppx.32988
msl.38728
fsc.14096
opv.4018
dpy.11854
dpy.952
ppx.19491
sch.2258
spe.37703
ppx.30891
scr.8116
fsc.10860
scr.22366
ppx.10780
ecd.10113
scc.4943
ppx.2017
trc.9401
fsc.7822
scc.15936
Taa.8758
tas.12123
gys.1091
sch.11058
gys.12907
ecm.4410
ecg.5417
hyn.8894
spe.5111
ppx.32635
Fsc.1826
cln.2413
sch.8305
spe.13575
Fsc.25270
trc.14891
spe.6450
scc.14135
scr.12030
scr.21610
gys.14587
opv.14778
scc.6747
scc.23230
msl.12684
ecm.7945
scw.20944
scm.4502
ppx.31110
msl.42570
scw.7173
gys.6101
msc.3174
msl.2026
tas.440
ppx.20760
hym.500
cln.5064
fsc.12219
sch.5757
ecd.3952
hyd.6193
ecd.2514
spe.26525
scs.1726
spe.6799
sct.22521
ppx.3649
gys.191
scr.21295
scs.1371
taa.9535
opv.13665
sch.859
scs.8183
ecp.15498
ecp.9963
taa.3592
spe.25060
ppx.25604
taa.8754
sch.470
ecm.9326
ecp.17446
hyn.12510
dpy.16285
ppx.8532
spe.31999
Fsc.22667
scw.6442
htf.8726
gys.10301
scw.3688
ecd.9735
taa.1162
tas.11366
scr.9916
spe.34212
taa.13082
Ecg.984
scj.10514
hyn.5829
dpy.3249
scs.14894
scw.21294
msl.34321
Fsc.23526
scc.9706
taa.5549
ppx.8515
scc.6990
scr.17780
dpy.1050
scr.14858
gys.13053
Fsc.19993
Ecg.8827
ecd.11262
Fsc.4369
sch.1941
msl.9764
Taa.8453
scm.11174
opv.8225
scc.14894
trc.20334
sct.15718
ppx.20552
ppx.35886
Taa.2450
sct.22166
ecp.9413
sct.14039
fsc.12823
Taa.10226
trc.7390
spe.22686
spe.2826
hyd.7026
msc.8663
sct.20885
fsc.4550
trc.18144
ppx.9541
hyn.6978
dpy.7553
scw.20075
scj.8323
msc.5617
spe.16593
scr.9629
scc.11500
scj.1809
msl.43648
Taa.2949
ppx.2603
scr.19332
opv.15533
scw.13817
trc.21800
msc.2255
scr.11479
fsc.4642
trc.19532
tas.11955
htf.11512
ecp.831
spe.17710
fsc.13829
scr.11847
scr.1453
opv.7775
ecd.5612
scw.917
tas.8435
sch.5891
sct.10747
ppx.3405
sct.2036
ppx.15619
spe.35987
ecm.4344
spe.24041
spe.5473
hyn.3580
hym.4912
scc.6874
fsc.3213
ecp.11595
hym.9805
taa.8805
trc.1266
ppx.7185
scr.19454
hyn.6593
scw.1905
gys.5324
sct.16442
spe.20162
spe.7198
Ecg.4253
ppx.32275
trc.763
