

ecg.3828
scw.1505
fsc.9343
msl.15405
Fsc.33359
spe.18194
scw.10897
fsc.2030
Fsc.4834
spe.28025
Fsc.25999
fsc.3581
Fsc.5789
smm.621
scr.3108
Fsc.5723
scw.16445
scm.9819
scc.3840
trc.21630
scm.8956
scc.22325
sch.4183
Fsc.22036
spe.30307
Ecg.5308
scj.10242
Fsc.9688
sct.20847
scc.7858
scm.4886
Fsc.19207
ecp.1874
hyd.9702
opv.14176
spe.3467
sct.989
scw.16530
scc.11402
scc.4939
smm.2753
spe.36646
opv.7483
scs.9395
ppx.25631
scc.8667
scs.282
spe.7184
htf.7186
ppx.27792
scc.8346
scs.14672
ppx.5303
scw.18021
trc.5423
msl.1737
scj.451
ecd.1165
ppx.35449
sct.11284
ecp.6187
scj.6086
Fsc.4343
msl.41279
Taa.708
spe.35317
hym.2335
msl.50241
spe.29317
scj.6546
ppx.36187
msl.42099
sct.8901
ecp.18087
Fsc.12449
fsc.7361
msc.5958
spe.2073
ppx.6461
ecg.9565
ecm.7251
spe.35802
tae.4952
msl.34598
hyn.12618
dpy.2841
opv.9310
Fsc.9396
hyd.11249
msl.20457
trc.15014
scc.21489
tas.8720
Taa.1461
ppx.32175
msl.794
hym.8372
msl.26979
scm.6727
ppx.29394
msl.21994
scj.10266
hyn.423
scm.2490
spe.5273
gys.13753
msl.8967
Ecg.552
ecd.5476
scs.2277
fsc.6536
taa.303
scw.3107
sct.524
msl.13584
htf.6427
msl.44396
msl.8724
gys.5284
scm.3896
ecp.14948
msl.36721
htf.2101
ecp.3266
spe.21905
scj.12650
hyn.12457
cln.5474
taa.9134
ecg.6256
ppx.24016
msl.39563
opv.8115
scr.23640
hyn.7589
fsc.5252
sct.16370
hyn.11715
msl.22117
cln.1648
scm.2511
taa.215
msl.38070
msl.60070
scc.13013
hyn.7980
msl.7959
spe.22347
Fsc.10832
scr.17793
spe.14382
tae.9415
scw.9548
ecm.3862
ecd.8985
dpy.15411
scr.23427
scs.12013
scw.7863
ecp.8782
hym.6950
scw.9911
fsc.6616
msl.8229
ppx.9720
trc.11285
sct.8510
msl.53003
msl.16625
scw.15910
ppx.21315
htf.6359
sct.5713
msc.5116
msl.10685
ecd.3766
msl.17103
msc.5215
Taa.7454
tas.11441
dpy.5720
htf.33
cln.5928
msl.16554
ppx.27733
scr.12134
Fsc.24142
msl.55205
msl.50958
spe.3061
hyd.5652
msl.25810
taa.9872
msl.42821
cln.10736
opv.13468
taa.6410
msl.50928
msc.4714
msl.31847
gys.4476
Fsc.24636
scs.8214
htf.1040
msl.39932
Fsc.12549
hyn.8895
scm.6644
taa.8426
Ecg.9811
msl.38160
ppx.17578
ecm.6268
htf.6134
scm.3854
ecp.3771
taa.4031
fsc.10771
tae.6277
ecd.2285
scw.17124
msl.541
ecg.9827
cln.5418
Fsc.16869
Ecg.5124
ecd.7909
scs.19948
hyn.12114
msl.60427
scr.16575
msl.17186
cln.6539
scr.698
hyd.2392
fsc.2241
hym.11037
tas.12492
ecg.887
gys.12327
msl.18671
ecp.14887
scm.9556
dpy.13709
hyd.5214
msc.108
ecd.6349
trc.9739
ecg.7762
scs.18223
taa.4835
scr.17670
scs.1839
msl.39052
ppx.27447
hyd.3012
Taa.10231
hym.3669
scj.910
ecm.6778
scc.4386
ecp.2710
tas.1171
msl.18276
spe.6466
ecm.1551
msc.8279
msl.53188
msl.41774
Taa.2284
scc.7851
ppx.36350
ppx.30371
scj.3784
msl.48384
Taa.9015
opv.8212
sct.12716
spe.8467
cln.12364
msl.32266
Fsc.1592
hym.11960
ppx.7203
tas.7615
ecp.8721
msl.18057
taa.2571
msl.5680
msl.33509
hym.775
msl.27322
ecg.9770
scw.10265
scs.7214
htf.7793
sch.8505
msl.22384
spe.37728
ppx.33529
scw.1731
spe.12210
tae.1375
ecm.4380
msl.12623
ecd.4888
Taa.6771
spe.12395
msc.3192
scj.3246
scc.3684
opv.7845
msl.32852
scc.22724
ppx.34972
Ecg.4134
ecg.7679
cln.2751
gys.5956
ecm.3163
sct.3332
Taa.9964
cln.11613
scr.15827
msl.23964
smm.3496
msl.33811
cln.5600
taa.1043
scm.6390
msc.2821
scw.23085
dpy.8533
trc.3012
msl.19564
ppx.33486
fsc.5827
msl.35455
Fsc.23146
ecd.10156
msl.27832
msl.40637
fsc.12513
hyn.12106
Fsc.7361
ecd.10297
tae.2359
spe.11296
ecp.788
ecm.8222
msl.53766
hym.1719
hym.11648
scs.14210
hym.9187
scs.13940
htf.2104
ppx.35895
ppx.27203
scc.16496
tas.2251
Fsc.31076
htf.5156
ppx.8021
opv.6718
msl.24458
scw.2194
fsc.6161
ecp.6515
gys.4899
Taa.336
gys.8872
htf.11128
sch.9892
ppx.4643
opv.900
msl.27718
spe.18454
tae.12361
msl.37460
tae.4521
msl.54202
fsc.6654
scw.18766
scs.15596
ecp.3834
ecm.3075
sct.14002
fsc.9598
ppx.18609
msl.29628
spe.37961
scj.113
scw.3970
ppx.3718
scs.13126
msl.18667
ppx.32785
fsc.6999
dpy.13711
ecm.5787
opv.8013
ppx.37502
scj.2130
htf.8265
gys.1674
dpy.4323
Ecg.1646
scr.9024
msl.40989
spe.20183
trc.1813
scm.10044
scw.16595
trc.3337
ecp.13898
Fsc.612
msl.22457
sct.917
tae.3701
spe.37405
spe.1486
msl.60194
spe.4405
scw.5051
ppx.8094
tas.2591
tas.11407
ecg.2416
ecp.2366
Ecg.9795
gys.10663
sch.3620
sct.3516
smm.257
msl.50827
hyn.13668
tas.2759
msc.8999
ppx.31411
msl.42916
Ecg.6345
dpy.11990
Fsc.12602
ecm.3326
msc.7317
Taa.2804
msl.36265
msl.59650
htf.10172
scj.9157
opv.7584
msl.28792
hyd.7240
scm.4900
tas.841
Taa.3507
msl.25139
scs.15102
ecd.4464
sch.1869
dpy.17332
scc.8422
taa.11515
msl.53598
ppx.35527
dpy.16920
ecp.18338
tas.1984
ecp.5439
fsc.1825
scj.4097
msl.48962
scj.6289
dpy.7018
ecp.16872
Ecg.10144
cln.6447
gys.5081
tas.1625
ecp.7894
htf.10303
scs.7435
taa.10157
opv.680
fsc.1718
hym.7009
scj.1260
dpy.13632
dpy.1296
gys.9498
taa.6031
hym.5102
dpy.16680
msl.32911
msl.59166
spe.24285
Taa.115
Ecg.102
msl.39123
gys.266
ecm.3215
gys.4288
scs.8722
sch.10743
sct.10795
dpy.5227
ecg.1035
msl.336
scs.9342
hym.10123
ppx.29312
dpy.5816
fsc.4803
Ecg.4340
msl.48850
sct.12807
msl.23639
scr.12453
msl.6596
msl.18982
Ecg.5692
ecd.950
fsc.2138
msl.53267
msl.46814
cln.527
fsc.13341
htf.8745
msc.10380
ecp.2449
tae.1177
ppx.4654
dpy.15444
ecp.2139
ecp.14382
ppx.11338
smm.542
scc.8646
taa.4941
taa.5615
scr.21233
spe.16447
sch.6233
ecm.9299
sct.14622
msc.2885
spe.36757
msl.34991
msl.58693
tae.3487
tas.7199
scs.910
scw.11012
dpy.18138
msl.42762
ppx.25868
msl.15548
cln.5977
ecp.1020
Taa.8566
sct.407
Ecg.5391
ecp.464
scc.18684
sct.12343
cln.1850
ecp.16693
taa.936
scs.6564
opv.11750
msl.59833
Ecg.10067
msl.52879
scr.1996
dpy.10322
scc.13679
msc.3216
spe.38126
msl.46308
ecm.7360
hyd.9457
taa.6789
fsc.8683
Taa.1129
opv.3678
Taa.4231
spe.14496
msl.3152
ecd.4835
scj.4446
dpy.2892
scs.16752
scc.17205
opv.9953
spe.6435
tae.9120
ppx.14933
scm.6535
hym.9549
scs.5292
hym.10027
ppx.4122
opv.476
msl.3473
Fsc.33258
ppx.16123
msl.27304
hyd.3570
msl.19789
ecp.11921
spe.2538
dpy.12634
msl.23037
tae.9855
Fsc.20329
msl.40413
ecg.2083
sct.14203
msl.23171
scs.3093
sct.7099
opv.1543
tae.9072
opv.12479
Ecg.4090
msc.2267
msl.36270
hym.5599
opv.9276
msl.14296
tas.9819
taa.11772
trc.6616
msl.60508
tas.9788
ecm.965
scc.17659
ecm.8378
msl.12767
taa.4123
msl.4061
Ecg.1465
Taa.2597
fsc.11960
ppx.34051
ecd.5415
scj.1213
scw.3901
gys.10544
dpy.8015
msl.5585
ecp.4597
scw.15575
msl.59158
ecm.5712
scm.5803
scw.10180
ecg.5102
tas.11797
Ecg.8270
tae.3317
ecp.11586
trc.20440
msl.33041
htf.9675
hyn.6512
ecg.1768
hym.1421
spe.36062
ppx.11243
msl.21130
msl.42382
msl.49898
Fsc.28226
msl.58091
msl.9064
msl.39734
fsc.5373
spe.10294
spe.17394
spe.24201
scs.13761
hym.1759
ppx.27492
scs.227
msl.20599
cln.7417
msl.16365
msl.42063
Taa.5333
opv.11065
sct.302
hym.5353
hyn.6416
ppx.10090
opv.9751
sct.13251
sct.17912
msl.40230
cln.2255
ecm.8320
ppx.14755
ecd.3578
Fsc.32433
cln.4812
ecp.384
msl.28559
scr.6074
hym.2597
opv.4575
ecp.4235
fsc.9268
cln.3958
scm.6001
msl.45053
msl.35467
Fsc.23114
sch.8361
ppx.32865
hyn.11045
msl.44604
ecp.5884
cln.805
trc.17295
ecm.2674
scr.17125
tas.11283
scr.13168
dpy.10105
spe.21460
fsc.11546
sct.4828
ecm.814
fsc.201
msl.49456
scs.6126
fsc.12813
trc.18477
taa.4116
msl.21247
msc.2656
msl.39917
Taa.6872
msl.22061
scr.1438
fsc.11166
ecp.6931
ppx.19333
cln.10230
Fsc.17572
msc.10341
scw.14004
Fsc.22102
tas.5201
Ecg.8214
Fsc.816
sct.18087
msl.31072
ecm.7524
scc.5593
tas.8642
tas.6223
ecd.170
opv.4713
scw.2828
msl.23532
Fsc.31136
sch.7032
Fsc.1018
msl.57951
scs.15627
hyn.4576
msl.56278
scj.6923
sch.4296
scr.12371
ecg.1293
tae.12169
tae.2960
scw.14969
ppx.30081
spe.34663
msl.19836
fsc.14331
tae.2888
spe.26464
scm.7705
msl.53474
scs.5875
ecp.5553
scj.7028
ecd.3417
ppx.35990
ppx.10965
dpy.11415
msc.3253
ppx.32327
tas.707
hyd.6787
tae.10954
cln.4984
msl.2533
Ecg.6450
cln.11454
ecd.9181
smm.1720
ecm.4955
taa.8253
msl.39844
ppx.25028
msl.59144
taa.4587
msc.8639
Taa.7547
Ecg.8401
cln.2104
opv.9462
Fsc.24102
ecp.16661
hym.10068
msl.50069
scc.13523
ecp.2065
msl.18755
ecd.2011
spe.23550
scw.1521
scm.3554
msl.48721
cln.12014
scr.17521
fsc.8024
ecm.8079
msl.4515
fsc.11004
sch.3925
ecm.1861
msl.56996
hyn.945
opv.3742
msl.36562
scm.7689
tas.7574
sct.3594
scj.4141
ecp.12596
tae.7332
ecg.9165
msc.1896
trc.4188
scc.646
htf.125
Taa.5683
scm.5656
scm.7866
Ecg.1583
ppx.34902
hym.12275
msl.23367
scr.8172
msl.40485
cln.7625
sct.13615
Fsc.18037
ecg.1516
ecp.4786
tas.10620
hyn.10962
ecm.9888
cln.8855
msl.34419
ppx.23891
dpy.13741
hyn.2944
Fsc.33407
spe.1921
scw.617
tas.236
spe.16884
msl.9976
ppx.34328
ecp.7265
msl.46714
trc.15779
spe.3119
ecp.4008
ecg.1281
scr.9133
tae.3702
sct.10897
msl.1193
ppx.5230
Taa.4393
Taa.6537
taa.8712
ppx.33590
spe.18823
fsc.11886
scj.6372
scs.18868
msc.6194
ecd.69
ppx.19325
spe.26774
ecp.6801
ppx.30122
msl.12406
tae.10037
hym.9551
scw.12384
msl.5468
spe.5549
ppx.19528
msl.11830
spe.32347
dpy.1359
msl.26790
sct.5205
scc.20422
tae.3357
gys.9125
scr.3569
scw.19599
ecm.7098
taa.5399
ppx.6100
scw.13282
msl.19307
gys.7606
msc.5538
ecp.13346
dpy.3967
scs.10560
ppx.33176
scm.5394
Taa.9930
msl.49991
hyn.2217
scs.12958
taa.2011
sct.10191
taa.11254
spe.15507
msl.6349
scc.7012
Fsc.18461
trc.6570
ppx.33866
gys.2596
scc.20801
spe.4750
scw.23463
scj.3679
scw.4698
scs.1175
ecp.13388
spe.25624
msl.15128
hym.9081
Fsc.23298
dpy.11284
ppx.9667
msl.10234
msl.50879
scm.4625
ppx.10052
ppx.24540
fsc.10881
scw.6301
fsc.10908
spe.23590
spe.10094
ppx.37272
tae.790
sct.3203
scr.18066
tas.3244
opv.3196
ppx.23141
sch.7759
ppx.4211
scm.1560
scr.16188
ppx.9843
ppx.285
scr.17172
ppx.35967
hyn.12317
ecd.3662
scj.11556
scc.12105
sct.18722
trc.20156
dpy.17993
msl.23173
scs.18373
scr.18803
sct.8777
trc.7530
ppx.32131
hyn.12463
opv.12659
sch.6921
scs.5606
gys.5181
scm.3428
Fsc.12399
ppx.10608
Ecg.6828
dpy.1142
taa.7734
ppx.18732
htf.6035
ecm.8093
hyn.8947
scr.14947
scr.3612
ecm.1160
ecg.6771
hyd.10549
ppx.29177
ecp.1150
fsc.8181
tas.10176
dpy.7605
ppx.28416
msc.10116
ppx.19708
ppx.4349
msl.46644
spe.9318
trc.11519
scr.21975
Fsc.20323
ppx.20963
scc.18299
scr.23175
msl.15277
spe.29708
ecd.6156
ppx.10633
scs.8167
spe.24946
scw.13601
smm.1738
scr.16019
ppx.34359
spe.3468
spe.3368
msl.36291
scc.14
Fsc.11741
trc.18020
scw.11426
ppx.32787
ppx.33557
dpy.9780
Fsc.26000
trc.13425
ppx.16194
spe.10559
spe.36078
spe.17844
hym.10485
smm.84
msc.6635
spe.2731
ppx.36263
gys.7881
hyn.6109
hyn.6554
scr.4741
scw.19575
Ecg.6571
ppx.31682
Fsc.4459
scc.3152
spe.4394
ecp.16986
scj.6247
opv.10799
sct.11142
ecp.1602
ecp.14497
scr.15498
tas.4254
scr.14184
scj.1777
scw.4974
tae.3063
scs.17292
ppx.10603
scw.809
spe.13908
sct.4752
scs.12136
htf.333
ecm.10295
opv.7142
Ecg.6703
Fsc.13628
trc.16424
hyn.870
sct.623
smm.2466
spe.2813
sct.19105
fsc.15563
scc.754
fsc.3513
tae.6423
trc.15876
ecm.2030
htf.7511
