

ecg.3827
sch.10610
msl.57561
sct.2663
Fsc.3651
Fsc.21795
Fsc.26837
Fsc.25643
Fsc.18597
Fsc.8202
scc.11893
Fsc.7437
scc.14029
spe.23394
scr.2145
ecp.18325
htf.7289
ecd.11006
sct.5278
Fsc.9134
Fsc.21131
sct.9121
opv.10315
scj.7511
sct.14724
spe.15165
dpy.11383
ecp.514
msl.23632
scr.3774
spe.7402
spe.2239
Fsc.27046
scc.18001
gys.14328
spe.1863
Fsc.29759
dpy.14226
sch.5222
tae.9254
fsc.15521
scr.18753
dpy.19320
Fsc.5610
scw.7408
sch.3439
trc.17447
scr.2895
ppx.11848
scw.17645
spe.24858
trc.17085
scw.2325
ppx.37176
scc.7760
fsc.643
opv.12309
fsc.2662
scj.7354
sct.20651
scw.17659
spe.20624
spe.18735
spe.37491
ppx.14567
scc.14609
scr.22821
scr.6303
ppx.10304
msc.7083
opv.6688
spe.21729
hyn.4083
gys.13275
spe.16248
sct.15501
scr.17758
scs.18575
Fsc.13967
spe.9989
msl.4746
sch.11919
ecp.13657
dpy.2579
ecm.4582
scw.19937
msl.17197
msl.41682
opv.7555
fsc.8045
sct.5156
scw.7191
tae.12258
fsc.9223
tas.7410
hym.6456
opv.3598
gys.12030
gys.10456
ecp.16809
msl.49698
msl.43512
hyn.13010
spe.26806
hym.928
hyd.1793
Fsc.11444
scm.8071
msl.57211
ppx.15534
hym.6902
msl.12595
msl.55394
hyn.9947
hyn.3546
taa.8322
scs.5377
msl.18201
cln.2966
cln.6593
ecg.8580
msl.8579
ecp.1312
msl.47195
msl.30293
hym.8001
msl.31638
tae.7935
sch.12787
taa.8181
msl.29009
spe.9194
msl.25291
hyn.10725
ppx.35738
scc.19427
hyd.3131
msl.38777
hyn.12867
Fsc.30013
fsc.10054
spe.9974
msl.23238
ecp.11440
ecd.7213
opv.10189
ecg.6280
scc.3210
sch.12535
ecg.4922
opv.1352
scs.3648
scj.10540
scs.2450
cln.2467
msl.15830
msl.28444
opv.13693
sch.7356
Ecg.9299
trc.1016
ecp.553
msl.28368
ecd.6901
ppx.20669
ecp.2479
cln.892
spe.30471
ecg.8202
msl.22490
scm.9934
opv.7152
scc.3395
msl.10170
msl.48827
ecp.7321
ecm.5264
Taa.7342
msl.43011
trc.8731
fsc.7848
sct.10500
ppx.11722
trc.15552
scc.10251
msl.12380
scj.2521
Taa.2246
msc.9001
cln.13082
msl.56957
ecg.7454
tas.12979
tae.7238
sch.2234
msc.3134
taa.3507
msl.24345
ecm.3898
taa.11821
dpy.539
fsc.10802
spe.30534
cln.4157
scm.11231
sct.8603
ppx.19656
cln.10192
tas.2987
sct.19567
fsc.8777
ppx.25686
hym.11173
sch.6505
fsc.15717
htf.8712
fsc.5306
sch.6875
tae.10368
ecm.6189
ppx.16978
ecd.7559
ppx.1629
msl.46195
scr.867
cln.9078
scj.11461
dpy.11627
scw.1385
msl.33162
Taa.9742
scj.10091
tas.2989
dpy.17775
msl.29215
scs.16254
Taa.3637
tas.8666
hyd.408
ppx.27530
ecg.10059
tae.3125
sct.9613
msl.14981
msc.10046
scj.8114
gys.8638
msc.6410
htf.9628
msl.7832
Ecg.5546
scs.141
taa.1101
ppx.30538
msl.40174
Ecg.1872
ppx.15226
cln.1071
scw.22315
taa.12476
hyd.10103
sct.12585
spe.9427
Fsc.16323
scc.13463
scm.6896
tae.11083
ppx.22341
sct.10133
msl.23871
smm.455
Fsc.30798
hyn.8085
sch.4423
sct.15980
Fsc.2327
scs.6984
msl.56558
Fsc.25532
msl.55585
trc.21121
hyd.10977
msl.35504
dpy.2786
ecd.10086
msl.2499
ecp.3020
msl.35208
trc.12834
hyn.7229
msl.21490
Ecg.4893
fsc.7339
tas.3783
Ecg.8248
hym.4661
trc.2793
msl.31000
msl.36756
sct.12160
msl.15072
trc.9135
trc.2239
ecp.17751
scw.21884
msc.9253
sct.7232
tae.265
msl.34743
scc.17104
msl.55914
fsc.1166
tas.878
scj.9666
hyn.8769
opv.13683
ecd.4414
sch.1877
htf.2164
scw.20200
dpy.4894
msl.4768
ecm.10629
ppx.18152
tae.2858
scj.8513
sct.11501
hyd.8812
opv.5172
Ecg.2392
ecp.12012
Taa.6312
msc.5569
scs.9189
spe.28292
fsc.3022
msl.57070
hyn.11383
Fsc.20411
taa.2289
spe.17653
msl.22776
scr.1943
ecd.59
ppx.11866
scs.11140
spe.28781
opv.8718
tae.7167
Ecg.4592
msl.54030
ecg.8949
ecd.4757
ecd.7632
gys.9359
scs.555
trc.10777
tae.7520
msc.9472
spe.5234
sch.13056
cln.1440
hyn.7661
trc.2633
cln.8910
spe.33782
Fsc.27692
Ecg.9767
msl.58544
taa.1637
hyn.10087
Fsc.7671
scc.2450
ecm.4850
htf.9687
tas.10451
trc.19726
msl.26681
scs.18840
spe.13595
ecm.7687
msl.32121
taa.1203
scs.14713
taa.11906
ppx.22089
spe.27155
msl.46023
spe.39488
ecd.7115
ecp.17936
Ecg.2340
tas.13054
ecd.4111
msl.51959
msl.51174
tae.1946
sch.5752
Taa.9153
sct.5073
fsc.4575
msl.48580
taa.1093
msl.44895
hyd.7297
msl.4336
hyn.9171
hyn.10959
trc.13879
spe.4845
trc.3610
scj.4845
opv.7902
ecd.2316
scr.8250
ppx.15762
trc.9725
fsc.15013
msl.45919
msc.8314
fsc.9621
tas.8702
tae.8732
msl.41874
cln.6644
Fsc.13593
hym.3697
hym.11817
msl.42074
msc.7867
dpy.684
scs.12616
msl.52928
tas.12352
trc.13673
htf.6735
spe.9584
taa.11543
scj.1510
hym.758
taa.7766
opv.8959
scw.6388
scs.293
sch.3697
opv.8204
scr.22398
ecd.6381
Ecg.5332
msl.33124
taa.5992
sct.1831
taa.3460
msc.6764
fsc.10897
hym.6341
htf.128
trc.14515
hym.1469
opv.3242
fsc.15605
hym.4836
tas.1829
msl.45254
tae.9223
msc.1189
hyn.5205
taa.9649
Taa.1101
ppx.19403
msl.59209
hyn.2870
opv.7209
scw.15353
scr.17525
hyd.4168
fsc.3503
msl.22290
tae.583
ecg.3987
ppx.17864
sct.12088
scw.8943
msl.43688
spe.5842
scr.17345
ecd.11023
scm.5686
msl.49753
tas.5828
hyd.4470
scr.101
hym.3599
tas.721
ecg.6367
msl.13348
ecp.340
hyn.7443
tas.5177
Ecg.5105
scs.5676
sch.1734
hyn.2218
ecm.9870
Fsc.30553
Ecg.6537
hyn.8384
Fsc.28065
scr.9331
msl.44960
Taa.3561
msl.50870
ppx.2279
taa.637
scs.16632
spe.23247
cln.3969
fsc.6740
ecg.3008
fsc.13574
msl.54409
trc.12930
scw.10938
ecp.13838
msl.23233
Taa.10130
trc.11278
hym.7316
sct.2564
msl.33512
hyn.2109
opv.8872
tae.10677
scw.14364
ppx.24607
hyn.2801
sct.12629
ecg.3342
Taa.4123
msl.46174
opv.9396
opv.10231
scr.5382
ecm.10243
gys.3075
tas.3053
ppx.9921
msl.42525
hyd.10016
opv.15952
Fsc.29792
htf.4685
scs.5103
taa.843
msl.50215
scj.2984
scj.6519
opv.15080
scj.11181
fsc.4564
scj.7950
Fsc.1050
msl.3651
scw.12374
scs.1722
hyn.11221
dpy.14394
hym.503
scc.11821
msl.1991
tas.11220
scw.1075
ecd.276
spe.15277
Taa.7041
tae.8881
scc.18556
opv.16300
ppx.28227
ecm.7023
msc.5638
sct.10043
ppx.21675
dpy.9521
ecd.6802
Taa.8101
msl.18195
msl.33921
taa.75
ecg.8439
gys.3226
ecd.3330
dpy.9955
fsc.6714
gys.2008
scr.12428
tas.29
ecp.1345
ppx.13075
sch.9760
trc.9454
ppx.37881
msl.17324
scs.285
tae.8472
ecd.887
scj.11435
msl.20631
scs.5121
ecm.1607
dpy.3062
hyn.1105
smm.3250
msl.49068
spe.36356
gys.11191
msl.55738
hyd.435
scw.10995
scr.17240
taa.1775
scw.19733
msl.72
tas.1073
scw.3291
scs.10713
scc.20389
taa.10888
scj.1825
ecp.1550
sch.4280
ecm.1828
opv.10314
scm.7561
msc.8805
taa.7436
scc.13396
Taa.5966
msl.19826
ppx.18136
msl.58370
Taa.3176
msl.54152
taa.3467
scj.5958
Taa.6393
scs.11255
ecd.6900
spe.1119
Ecg.6632
cln.6473
tas.8415
hym.6886
scc.20599
ecd.7341
ecp.4327
taa.5220
Taa.1308
ppx.14229
sct.13174
Fsc.28130
msl.30817
msl.23718
msl.58775
taa.5452
dpy.16693
sch.4160
Taa.9184
msl.20951
hym.11203
fsc.8216
ppx.23713
fsc.13242
dpy.458
msc.889
scw.10684
Ecg.6385
dpy.7814
ecg.8357
msl.42461
ecp.17865
spe.29368
cln.2837
cln.243
scm.6302
ecd.2044
cln.12004
ppx.768
taa.4141
ecm.8085
ecp.15669
tae.10666
scs.2803
ecm.263
spe.23769
ecd.5598
scm.8607
msl.41856
hyd.5298
sch.2144
scr.14832
msl.15449
scw.11024
msl.37389
Taa.5675
ppx.37418
ppx.1427
spe.2345
scs.11236
tas.6129
fsc.9776
ecp.5531
msl.53792
Fsc.16819
sct.12459
Taa.8867
taa.2640
msl.19769
Fsc.7075
Taa.8184
msl.59375
scs.15694
fsc.15161
scj.3677
msl.29565
cln.12519
scs.17156
Ecg.6573
cln.11575
opv.7383
ecp.8576
hyn.7806
tas.12020
scs.11643
Ecg.7522
Ecg.2055
hyn.3907
ecd.4621
smm.349
scs.9440
ppx.26363
hyd.6413
cln.8578
spe.11619
opv.2972
Ecg.1569
hyn.13299
msl.56043
dpy.4735
Fsc.32263
msl.42001
msl.28761
scc.11365
msl.1453
ppx.35353
msl.15846
msl.11433
hyd.3955
taa.10980
scs.1692
scw.6545
scw.8170
msl.29048
msl.56679
scm.9406
taa.9272
cln.11079
scc.11679
dpy.299
scm.10110
ppx.2756
Taa.9713
msl.27294
sct.12159
taa.12137
ecp.4607
trc.2205
ppx.34320
tae.4454
ecm.3040
spe.33670
cln.12067
msl.55552
scr.6025
cln.8270
msl.47109
tas.10682
scw.8626
tas.12218
msl.41155
fsc.3817
scj.1995
scs.7082
Fsc.551
ecm.6830
spe.3580
msl.38485
taa.8114
ecm.6548
tae.3917
hyn.10647
scw.5879
gys.64
cln.953
ppx.33777
Taa.9226
tas.1791
sch.3315
msl.47585
scc.8137
sct.1217
msl.32721
scm.9514
hyn.9854
scc.18836
ecg.6748
ppx.31353
cln.6832
scc.17233
spe.11319
sct.14461
msl.5373
spe.29846
dpy.15799
scs.7030
msl.57574
ecd.1601
msl.17241
hym.7400
tas.12448
sct.10068
tas.12607
ecp.14286
tae.9247
tae.7029
msl.36654
opv.13195
Ecg.7770
opv.11451
hyn.8073
Ecg.3748
msl.2622
scs.7238
scw.24498
msl.54651
hyd.8795
scr.17766
ecg.7955
msl.46472
cln.2920
htf.4569
scs.13774
spe.17581
fsc.6139
hyn.13507
ppx.17531
opv.1705
scj.3266
msl.21470
sch.6674
hyd.731
opv.9232
ecp.16863
ecg.1081
tas.522
ecp.8799
ecm.9377
msl.12532
ecm.2731
msl.17849
cln.13295
ecg.612
scc.6965
sch.12960
msl.56511
spe.4628
cln.4430
taa.8903
Ecg.9918
ecp.13070
spe.20849
Taa.3583
smm.195
scs.15183
msl.19917
tas.10133
scs.10116
Taa.8547
scc.13301
tas.9329
Taa.1311
ppx.28165
dpy.13287
tae.3017
msl.48968
hym.9015
scc.19529
opv.1149
ecg.1720
msl.42817
msl.44223
spe.20058
gys.5654
taa.3352
sct.5678
htf.1918
scj.9751
Fsc.8378
spe.24950
scj.11824
ecg.848
Fsc.6441
tae.9430
ppx.16966
msl.1191
fsc.7233
msl.35249
Fsc.21531
spe.24935
scs.5994
htf.5888
dpy.19598
scm.5511
scj.9486
spe.2235
htf.9372
fsc.12246
ppx.35638
taa.4954
opv.4696
trc.20034
scc.23188
spe.35055
spe.9045
dpy.9767
ppx.1125
scm.5983
hyn.10283
ecp.15370
dpy.1972
ecg.8137
ppx.11679
Taa.5736
hym.11073
ppx.10543
spe.10032
spe.2208
scs.2816
ecp.1450
spe.3774
Taa.5158
taa.12809
ppx.8142
sct.4591
spe.33510
sct.3513
taa.2128
scs.20016
spe.7505
ecp.15763
Ecg.500
cln.8178
msl.8816
Taa.8274
tas.12630
Fsc.19789
spe.28859
scw.8080
tae.9614
sct.20402
ppx.29
tas.10784
ppx.30758
opv.10529
scw.13214
scr.14267
scm.4322
tas.5746
scr.11927
msl.12469
Fsc.15502
msl.32933
fsc.291
spe.14571
fsc.9188
spe.15752
fsc.3572
msl.58063
spe.23718
msl.52780
scw.2154
scs.19836
ecp.14137
taa.2386
sct.19574
spe.27083
Fsc.19288
dpy.7629
spe.12334
spe.31247
msl.15136
msl.55149
fsc.8138
taa.3616
scc.7397
scc.16114
ppx.15709
trc.16172
spe.5832
Fsc.16367
Fsc.21237
ppx.21862
hym.7388
spe.23436
trc.15752
spe.22107
ppx.32701
ecp.12551
msl.44711
ecm.5164
scw.7859
hyn.11206
scc.3865
scs.475
smm.1754
spe.10238
ecm.326
spe.7055
dpy.438
scc.18033
ppx.7698
scr.23861
scr.361
cln.9138
spe.17246
Taa.7443
ppx.4433
spe.6093
tas.1329
spe.25771
dpy.15950
dpy.13273
scs.4487
ecg.2632
spe.21716
spe.25809
opv.13350
Taa.10061
trc.549
sct.8862
trc.21675
spe.29902
scm.10472
ecg.8065
ecp.7785
ecd.9042
ppx.37608
Fsc.9742
spe.15202
ppx.34447
taa.7354
scc.7652
scw.5697
msl.34151
scw.24940
dpy.14247
trc.7688
tae.5820
scw.11542
cln.1523
ppx.26799
ppx.9863
ppx.154
trc.16798
Taa.3028
spe.18589
ecd.100
ppx.30302
smm.1814
scc.13716
taa.11519
msc.5816
scm.10673
htf.5424
ppx.22731
scj.2706
tas.13020
cln.13084
dpy.659
spe.34841
msl.25711
cln.9910
ppx.5985
ecm.2097
spe.1085
scr.15074
scr.3190
tae.9936
scw.15764
Ecg.5853
htf.10092
sct.20336
ppx.27729
trc.14885
scj.12504
scr.7809
trc.10420
tae.11184
tae.11114
scw.21364
spe.13409
taa.13320
ecd.9692
sct.9714
scr.17386
Ecg.3492
ppx.14233
trc.18381
cln.8007
ppx.27128
Fsc.16296
spe.20924
trc.12289
scw.9011
spe.5401
ppx.2440
htf.5395
ppx.14688
