

taa.7390
ecp.9248
sct.5941
ecg.4456
Fsc.31376
spe.2573
Fsc.19603
ppx.12176
Fsc.23215
sch.12471
spe.27888
sct.13859
Fsc.7355
scr.2119
scc.3932
scr.12848
Fsc.23697
ppx.18688
sct.6855
Fsc.32617
Fsc.25268
Fsc.3172
Fsc.24262
scc.23424
dpy.5712
Fsc.30865
sct.2592
scw.12464
sct.6969
msl.26231
Fsc.8681
dpy.19737
tae.6136
spe.31424
Fsc.22162
scw.16983
ppx.37361
msl.29623
ppx.37788
sct.4174
scc.4400
scr.3686
tas.5505
dpy.4578
scm.3414
scw.967
scr.21524
ppx.21082
scs.342
scw.25393
scw.23300
spe.3628
gys.3244
hyn.1124
msl.42554
msl.53495
scc.23220
ecg.1036
spe.18470
hyd.7574
ecg.5601
tas.6664
ecp.6184
hym.6175
dpy.5135
opv.12890
hym.854
spe.5611
taa.2537
ecg.6281
tas.9904
spe.29315
ppx.28046
scc.5883
hyn.4421
spe.33602
ecp.18086
ecm.10134
Taa.4320
taa.2129
msc.5179
msl.13265
ppx.19433
msl.22648
spe.35803
msl.15572
scc.16085
msl.22334
dpy.2845
scs.17257
scj.12319
hyd.11248
hym.109
scw.3448
hym.6007
scs.2739
tae.2064
dpy.18217
msl.25067
Taa.2166
scs.8405
htf.7598
ppx.29393
scc.8976
gys.6576
ppx.31687
scm.2493
scw.22297
tas.12541
hyn.1452
sct.9244
ecd.5475
cln.11449
scw.24849
scj.7073
ppx.11879
scw.6248
opv.2413
opv.114
ppx.16247
scr.19930
tas.6055
msl.15253
msl.6130
htf.1996
ecm.6949
ecp.3260
spe.11726
scj.12651
scj.7380
cln.5477
spe.5046
hym.9653
msl.7492
msl.39562
scs.4224
tae.5766
sch.12981
spe.32109
scc.14247
Ecg.8528
msl.22115
taa.7630
opv.8841
msl.10923
ppx.4225
Ecg.8684
scc.13010
trc.8584
hyn.373
hyn.11343
Fsc.10833
fsc.13318
trc.658
scc.9696
hym.3092
ecm.3865
msl.32822
taa.10527
Fsc.27356
Taa.1437
sch.10908
spe.22720
hym.8380
ecm.2227
msl.44283
ecp.668
msl.44893
spe.24090
sct.8513
msl.51890
scs.6766
gys.14258
msl.13432
opv.14607
scm.3273
ecd.7457
scj.7003
scr.7695
scr.984
msc.5213
ecp.15361
hyn.9610
Fsc.26427
Ecg.909
tas.5221
dpy.19850
ppx.27732
Taa.233
dpy.7048
hym.3112
scw.11745
fsc.15442
cln.1475
fsc.8584
scj.734
msl.42823
ecp.15868
opv.13465
opv.1993
tas.5514
sct.950
msl.35677
scs.875
opv.14869
msc.343
ecp.14546
scj.357
Taa.6858
gys.3426
hyn.6067
taa.8429
opv.3631
msl.38161
tas.3326
tae.5829
dpy.7132
scj.4831
Taa.8038
cln.4476
scw.4841
msl.26073
spe.37208
scw.17125
msl.11185
sct.10185
Taa.6372
hym.4937
Ecg.5125
ppx.19061
spe.21399
Ecg.251
ecp.7805
msc.6312
msl.17180
cln.10821
fsc.12990
scs.19643
ecd.4546
taa.8556
ecg.1560
ecg.886
scr.4395
msl.18678
ecp.14881
tae.9841
tas.189
spe.11205
msc.109
Taa.2056
ppx.31564
fsc.15001
msl.21737
taa.610
msl.50174
taa.10434
tas.12107
dpy.18225
ecg.9277
msl.52075
scs.10903
scj.911
ecp.18503
fsc.2324
ecp.2719
trc.1632
msl.18275
cln.3088
ecm.1550
scm.449
trc.5118
hym.10655
spe.3927
scs.19722
tae.236
msc.7608
msl.42763
ecg.4123
dpy.2218
sct.615
ecm.452
scm.8721
ecg.11196
msl.32269
Fsc.1593
scs.15656
tae.4657
tas.7614
fsc.8053
ecg.2799
msl.26305
tas.7124
htf.6124
opv.6388
hyn.8050
ecg.9772
tas.8824
scs.7213
ecm.9975
sch.8502
sct.19635
Fsc.18209
scs.5747
sct.17779
spe.12211
scr.7676
trc.8593
msl.12622
ecd.4885
Taa.6770
sch.8904
msc.3194
ecg.10869
msl.32445
scr.536
msl.32853
spe.25030
ppx.34971
scw.23834
scj.4085
cln.2752
msc.957
ecm.2218
cln.10174
hyn.13035
ecg.7351
ecp.16727
msl.23965
Ecg.6040
tas.6615
Taa.6588
ecm.4888
gys.15360
msl.49949
ppx.29072
dpy.16129
fsc.9934
sch.11627
ppx.33487
fsc.5828
opv.2652
scs.14166
cln.5265
msl.27830
scs.4605
dpy.8935
msl.28217
Fsc.7362
htf.3841
scc.7050
msl.6033
tae.7052
msl.60388
msl.53762
taa.2702
msl.11089
htf.1453
hyd.8647
scs.13941
sct.2968
ecp.15526
ppx.11995
scj.7725
tas.2256
msl.7892
msl.10968
ecp.18606
ecd.9105
gys.6346
Fsc.106
hyn.11309
scw.14818
Ecg.2187
Fsc.6161
ppx.32096
msc.2216
ppx.5129
ppx.4641
msl.58995
tas.9061
ppx.34183
scr.19716
opv.3316
tae.4523
msl.54201
scr.11153
spe.31312
taa.10119
msl.36210
ecm.3079
msl.52719
spe.31292
ppx.18608
ecd.9079
scj.11620
scr.2032
cln.2441
ppx.3719
hym.517
cln.8881
msl.50513
ppx.22716
Fsc.1135
spe.31056
Fsc.564
dpy.2151
scj.2137
msl.45138
gys.1676
ppx.28256
taa.5776
msl.27929
msl.40988
scj.5997
scr.5390
tas.13081
ecd.4421
msc.5585
opv.5630
scw.8040
msl.59735
sct.914
scm.4640
msl.17140
dpy.10273
msl.60195
spe.4404
ecd.5455
ppx.8095
msl.35406
msl.24407
ecm.2582
fsc.8358
scj.4477
ecg.3876
sch.3621
sct.3517
scc.15020
msl.31195
taa.6832
scw.24354
opv.9459
htf.11319
msl.42917
msl.44309
cln.1209
Fsc.12605
msl.53701
msl.30
msl.37589
ppx.14181
htf.1282
spe.39276
dpy.2844
msl.55578
tae.2759
scr.1745
scm.4903
ppx.35732
msl.35987
msl.16611
scs.15100
ecd.6033
sch.1861
scr.9967
scc.1310
ppx.9837
scs.5962
ppx.35524
ppx.29903
Taa.5039
scj.10834
ecp.5438
fsc.1826
sct.20554
msl.20349
opv.12811
msl.60511
ecp.11200
msl.6802
cln.10956
msc.9881
hyd.9582
ecp.7891
Fsc.5069
scs.7433
scc.18856
msl.12323
fsc.1719
hym.7006
taa.9373
scw.11683
msl.47481
spe.15364
ppx.12559
ecm.6610
Taa.4735
dpy.19763
msl.59161
spe.21007
Taa.118
dpy.11710
msl.39122
Ecg.2475
cln.4032
ecd.6846
sct.9470
tas.4305
cln.2105
opv.10852
tas.5389
ppx.32273
Taa.8116
cln.11842
hym.2823
dpy.5814
msl.55651
msl.12609
spe.35242
scj.8074
spe.21297
msl.52160
tas.3137
msl.45177
Taa.7127
scw.24729
ecd.435
opv.8938
tas.9227
hyn.2391
scw.8041
hyn.7368
msl.6371
ecp.2448
spe.7391
ecg.3135
htf.5856
hyd.9103
msl.1761
spe.5816
opv.4651
msl.32997
ecg.9020
msl.2779
Ecg.6650
spe.3285
ecd.9385
tas.5089
ppx.30745
scw.18124
msl.16612
msl.34990
msl.58694
sct.4492
scm.4741
scs.913
sct.16372
tas.3855
opv.8759
scw.19163
scm.3784
dpy.3341
scs.6311
msl.8991
scm.7469
Ecg.5390
ecg.4213
msl.23659
scs.17536
msl.51209
ppx.30161
taa.937
scs.6563
ppx.9648
dpy.3723
msl.525
msl.52876
Fsc.22964
ecm.1153
scs.18245
msc.3217
spe.38124
scs.2167
scs.7499
gys.14433
msc.9125
msc.6036
msl.56850
opv.3679
Taa.4232
spe.19163
tas.7250
msc.2745
scs.14341
scs.7896
scs.16753
Fsc.308
tae.5468
spe.6437
ppx.15330
cln.8617
hyn.7798
trc.21271
Fsc.12613
taa.9325
scs.18553
opv.474
msl.3472
msc.10193
fsc.11242
cln.6254
hyd.3572
sch.11403
tae.852
ecg.3495
htf.9671
msl.8580
ppx.16838
fsc.1188
msl.40412
msl.60026
msl.30270
msl.23176
scs.3098
scj.3756
spe.14510
Ecg.2782
msl.18708
trc.9764
msc.2265
msl.21703
hyd.5180
hyd.6695
ppx.3076
ecg.5693
opv.11701
Fsc.14056
spe.16199
hyd.6712
scj.947
spe.22884
ppx.13479
ecp.3432
sct.4317
Fsc.5051
Ecg.1464
Fsc.195
taa.1065
scs.15062
hym.7076
trc.19430
scw.13218
ecd.2443
tas.7225
cln.8810
ecg.1273
tas.5721
dpy.13787
ecm.5715
scm.5801
hym.5832
scs.6846
Fsc.20170
scr.2347
dpy.7070
msl.7161
scc.15217
fsc.10598
taa.7624
msl.27463
ecg.1769
msl.52810
scs.17761
ppx.11245
sct.2848
smm.1602
scj.4022
Fsc.28225
msl.58094
msl.24394
scj.12677
Taa.5884
Fsc.24354
msl.60059
spe.25551
hyn.6033
hym.1750
Taa.1845
sch.2964
taa.11558
msl.14188
dpy.10104
Ecg.2244
Taa.5330
scr.15638
sct.300
Taa.6492
ecg.6993
scc.2302
taa.12008
Fsc.16833
msl.11643
htf.6050
scj.2976
ppx.14756
fsc.7078
msl.52999
tas.9959
ecp.380
msl.55501
ecm.1345
hym.2594
msl.16185
Taa.5164
cln.11808
ecp.11712
scm.6008
msl.45057
Ecg.8700
Fsc.23116
hyn.2352
msc.7126
msl.5096
ecp.5496
Ecg.2298
cln.802
htf.7443
msl.38546
msl.34108
tas.11285
taa.11718
scr.15908
ppx.31768
msl.52867
msc.2867
ecg.4621
ecp.9938
ppx.34274
msl.42617
spe.2229
ppx.31752
tas.4889
msl.21246
Fsc.12581
scm.8968
dpy.19695
dpy.4580
tae.4083
sct.1409
msl.40770
fsc.14812
cln.10234
dpy.9558
msl.25252
tae.1228
msl.45752
ppx.4690
Ecg.8211
spe.13275
sct.8712
ppx.363
Fsc.29935
opv.11171
msl.26354
htf.4350
ecd.171
tae.4867
fsc.12354
msl.32012
msl.52729
gys.11330
hyn.10006
fsc.4928
scc.11532
msl.19098
scs.5761
scr.6551
scw.2271
ecp.10414
ecg.1290
cln.3210
scj.9500
trc.17189
scc.3925
htf.9242
msl.40050
fsc.14337
tas.5423
ecd.10215
ecd.1738
scs.15505
scs.5876
htf.2442
trc.5795
sct.8694
msl.35107
trc.6509
trc.18904
gys.6569
opv.14764
tas.706
Ecg.6122
scc.8448
sct.12318
scw.588
opv.2180
ecp.5353
opv.3539
dpy.6770
ecm.4958
spe.39093
msl.39847
Taa.8379
tae.5856
taa.4585
msl.12736
msl.50813
scj.6726
msl.47370
trc.17751
Fsc.24100
scs.8703
spe.7
tas.11225
msl.60354
scs.1537
scs.12711
sch.1589
sct.20283
taa.5104
msl.58537
sct.22398
ecg.2504
opv.1368
taa.5823
ecm.8076
msl.4514
fsc.11002
ecd.565
hyn.4056
msl.56990
hyd.10893
scs.5675
cln.11352
msl.47202
taa.10231
hym.6778
sch.351
msl.34090
ppx.9172
hyd.1735
hyn.5492
Taa.9907
ppx.8542
scm.8217
Taa.5680
sct.11489
tas.4243
Ecg.1580
msl.46623
Fsc.28309
msl.23364
Fsc.19260
Fsc.17611
cln.7622
cln.5082
Fsc.4668
tas.8235
scj.4970
tas.10622
ecg.3767
ecd.8437
cln.8857
hym.7179
ppx.23892
msl.30378
hym.8741
sch.6498
spe.37959
scw.615
hyd.4273
spe.27158
opv.15490
gys.8135
trc.1245
msl.46710
hyd.5849
msl.2953
ecp.17824
scm.8393
opv.2119
Ecg.3791
spe.38511
Ecg.6523
dpy.9971
Taa.4392
trc.17575
tas.7173
ppx.33599
spe.28473
fsc.11884
msl.22071
scr.13872
ppx.22143
ecd.68
spe.13056
msl.13277
Fsc.24903
dpy.19550
trc.20886
tae.4985
ppx.13941
taa.10807
sct.6972
scr.11014
scw.21136
ppx.26009
ecp.17812
dpy.793
msl.48060
scc.21073
trc.12995
dpy.10893
spe.27217
spe.160
ppx.11559
ppx.4761
msl.9454
ecg.7610
msl.5824
trc.11061
fsc.7393
Fsc.15297
ppx.21403
scw.876
sch.1184
msl.6784
scm.5393
hym.9901
taa.9243
msl.5317
taa.11428
cln.572
spe.978
ppx.12485
scs.11299
ecg.1891
htf.5762
dpy.19406
opv.14593
scw.11467
ppx.18569
ecg.5196
scs.11388
ppx.33653
ecp.5074
scs.15362
sct.18509
fsc.12742
Fsc.5615
fsc.8062
ppx.8169
hyn.6858
tae.4626
ppx.20400
scr.23029
opv.1650
hyn.13314
ppx.3207
Ecg.1131
sct.4149
cln.4306
sct.21979
scr.19772
sch.4747
dpy.14554
htf.3370
tas.5874
scc.9143
hym.10807
spe.5797
smm.1012
hyn.11458
dpy.17401
dpy.16027
spe.34729
ppx.20010
tas.9363
spe.16083
spe.30675
taa.11852
sct.2496
tae.4015
trc.1
ecd.4372
ppx.5278
ppx.19880
sch.6772
ecm.441
sch.5586
scr.18412
scr.20535
ppx.37258
dpy.11981
spe.19619
Ecg.9652
taa.12888
msl.26252
spe.24934
ppx.3279
ppx.2571
dpy.11468
trc.17802
opv.6875
hym.10484
scr.16452
htf.3427
sch.8985
opv.2090
msl.28992
dpy.19190
scr.15696
Fsc.5538
htf.3872
dpy.11657
ppx.27244
dpy.15550
scs.18111
trc.15872
taa.6576
scj.2719
spe.6610
taa.11659
ppx.31730
scc.8527
ppx.34551
msc.5199
trc.13441
trc.16351
sct.15195
opv.4159
Fsc.27049
dpy.13481
gys.14890
ppx.17716
spe.37174
Ecg.8811
spe.35206
spe.27360
ecg.1968
opv.3727
scc.9056
trc.17065
tas.896
hyd.3726
dpy.19747
fsc.414
gys.15292
hym.8098
scs.15499
scc.10054
trc.14731
spe.14821
spe.32448
msl.51099
smm.2947
scr.13711
spe.27971
ppx.7797
scw.6764
tas.8542
dpy.869
msc.1644
dpy.510
trc.97
sct.14157
sct.20932
trc.1623
spe.15976
tae.8402
scr.5814
ppx.3321
ppx.9001
scs.3002
ecm.3058
Fsc.27909
dpy.11520
hym.8472
gys.6524
ppx.29455
sct.7942
scs.17771
ecp.7334
gys.12577
Fsc.33411
scc.14260
scj.6850
scm.5735
ecd.5291
Ecg.8113
ecm.10294
ppx.3385
ppx.34785
hyn.6390
sct.6057
Fsc.7764
Taa.10239
tae.10874
htf.5378
ppx.10995
Ecg.9238
Ecg.5032
ppx.19261
ppx.21494
dpy.19520
scw.17044
cln.6823
