

htf.41
scj.1642
msl.2144
ecp.806
msl.27749
hyn.6768
scc.18418
trc.12186
Fsc.11655
scr.1003
Fsc.32318
scr.17653
ecg.9377
dpy.18095
scr.20990
spe.31063
trc.7724
Fsc.4389
Fsc.11165
spe.7142
sct.7075
ppx.1214
sct.4439
scw.17818
scr.4901
Fsc.23632
ecg.5191
Fsc.5340
Fsc.11709
Fsc.14956
Fsc.12611
ppx.7172
smm.177
spe.1799
opv.7033
ecd.11416
msl.4742
spe.23545
hyn.13493
scj.2640
Fsc.22981
spe.7146
opv.5193
ecd.10966
Fsc.12938
scj.11511
dpy.18802
scw.16943
scr.10926
scr.6161
tas.5890
scw.20898
msc.481
msl.18034
msl.36745
ppx.14581
spe.15110
ppx.32136
tas.7460
spe.7614
scc.4399
hym.8068
ppx.3436
sct.2367
cln.4720
tae.6713
ppx.13289
msl.36790
msl.58573
hyd.5099
scs.3551
Fsc.26695
htf.4775
Taa.4488
ecd.10298
ecm.2322
scs.9617
msl.41028
scj.2874
msl.22060
cln.9447
Fsc.5144
spe.20836
scs.178
msl.35815
msl.42164
spe.28117
msl.42150
msl.27679
Taa.9643
msl.2398
msl.51540
scj.5834
ecp.6290
cln.2611
ecm.2741
spe.4757
ecg.6598
scr.7374
tae.5058
cln.8535
htf.4936
scm.2752
scr.9061
Taa.669
hym.12216
ppx.32336
tas.9444
ecd.4367
tas.11084
Ecg.9699
scj.12168
sch.12629
msl.18908
msl.30365
ecm.2935
spe.16685
sct.19169
msl.11986
msl.48396
Fsc.21120
Taa.3690
ecp.13746
Fsc.11532
dpy.19804
ecg.4290
ecm.472
Fsc.850
spe.19534
cln.12889
cln.3227
trc.257
msc.8093
hyd.9023
msl.30207
cln.13232
scr.1
tae.12337
msl.51862
Fsc.22271
msl.15972
ppx.10440
hym.4340
msl.10578
scj.12567
scw.22318
scw.1745
dpy.15070
tae.1362
cln.6622
taa.8477
msl.46920
Taa.6701
scr.14445
tas.2059
msl.50649
scj.4175
msl.34087
opv.15437
ecm.3450
fsc.4151
trc.9615
Ecg.3479
scs.14946
ecm.9360
scs.8456
hyd.8989
opv.4913
cln.11662
tae.1159
ppx.30988
msl.50103
Taa.5494
dpy.13955
tas.3127
scc.285
ecd.4533
msl.42234
ecg.5346
Taa.491
scs.4404
msl.51605
msl.38752
ecp.6378
Fsc.24488
taa.11328
scs.2613
ppx.7713
scs.5985
ecm.3231
hyd.110
scc.9484
msl.34124
spe.32428
ecm.9547
taa.9334
trc.17333
tas.454
opv.4784
scr.20497
sct.12224
msl.22412
sct.7258
scs.2154
Taa.1608
scw.733
tae.11501
msc.6816
msc.4091
Taa.3378
msl.35570
opv.15617
msl.12648
Taa.7476
scs.20204
ecg.3832
tas.7538
spe.9132
ppx.35559
fsc.1568
ecp.8494
cln.12378
msl.58989
ecg.6579
tas.9898
taa.336
cln.3246
ecm.726
scm.5611
sch.10261
msc.658
sch.1532
msl.27596
scc.5472
ppx.30608
taa.5721
scj.9112
msl.8336
fsc.6883
scj.11654
msl.18301
opv.3016
trc.18139
scc.1095
scr.6941
scm.1567
msl.33291
dpy.3323
ecd.254
ecm.3579
Taa.1514
taa.1205
ecg.4490
Taa.8511
spe.22068
hym.6011
hyn.7779
tae.7456
Fsc.12753
cln.3453
scw.20076
msl.26967
sch.10412
scc.16579
gys.5696
hyd.6275
hym.27
sct.6360
tas.9366
Taa.4937
msl.21271
spe.28097
hyd.10398
spe.29162
Taa.4252
dpy.4334
spe.22517
msl.4400
scw.13151
opv.11911
spe.36527
dpy.6233
msl.19498
scj.2192
scs.306
cln.4070
opv.13032
msl.24053
Fsc.8509
fsc.10861
tas.10152
scc.21562
Fsc.24988
ppx.24028
scw.2024
ecm.5850
ppx.31073
tae.203
ecp.11943
ppx.11788
scr.18049
scc.10459
Fsc.32398
scr.23367
msl.46498
gys.12377
ecd.9156
scm.1535
hym.3328
msl.34333
msl.33225
scc.11135
sch.10661
scm.2927
msl.21510
htf.5552
opv.15427
taa.6269
ecm.7220
spe.32383
gys.58
hyn.1080
msc.8391
sct.5873
msl.44290
ppx.26240
trc.2304
dpy.3653
tas.2576
msl.52949
msc.2943
scj.7919
trc.4430
scs.15000
ecd.5435
msl.47184
tae.1518
trc.9420
dpy.3188
hym.5136
msl.57502
dpy.12415
msl.30972
cln.7446
msl.6954
hyn.11013
hym.7432
taa.11480
ecp.10515
msl.51245
tas.5095
hym.9174
taa.7213
spe.38463
Taa.4501
fsc.4849
spe.9702
sch.8101
scs.19370
ecp.5205
sct.7248
sct.6384
sch.7680
scw.20684
scr.13336
smm.1475
trc.4226
Ecg.2696
scs.10625
hyn.1123
msl.16802
ecg.7860
ecg.988
msl.47237
scr.9391
scr.15143
msl.38407
scs.5163
hyn.13698
fsc.2515
htf.10749
sct.8189
ecp.129
Fsc.29785
cln.7822
ecg.1053
Ecg.5117
scw.18763
spe.15105
hyd.6839
Taa.9155
htf.1739
Ecg.8923
cln.5054
dpy.5396
tas.2467
sct.6223
fsc.6767
fsc.13828
msl.25147
dpy.5216
sct.3495
Ecg.4546
gys.14883
hyn.13586
msc.3902
ecm.6845
scj.12371
hyd.5599
scs.4450
scs.14077
fsc.9084
scs.8782
spe.33493
ppx.21681
msl.59780
trc.7356
scm.5030
scw.18588
msl.45540
opv.10110
trc.6349
scr.7834
msl.49802
Fsc.1644
msl.47830
msc.3796
ppx.12486
msl.56867
dpy.14178
opv.2625
ecg.308
ppx.5770
ecm.3953
hym.1953
fsc.14295
msl.29029
hyd.689
hyd.7815
spe.28888
cln.2055
sct.16064
Fsc.28516
dpy.7035
hym.3184
scj.6053
fsc.11307
msc.9922
msl.365
msc.10300
ecg.10097
tas.12491
cln.8241
fsc.4588
msl.38391
Taa.6921
msl.22134
fsc.2283
fsc.1176
scs.4395
msl.38050
msl.9736
spe.5013
scc.15413
spe.12917
tae.2943
Fsc.25749
ppx.32816
hym.10375
dpy.10149
trc.15529
ecd.3962
ecm.4120
scm.7726
msl.6099
hym.7559
ppx.17736
cln.7221
spe.18587
scw.10300
ppx.24679
ppx.5701
trc.15439
msl.43036
scr.12976
sct.6584
ecp.8151
cln.5617
taa.5498
spe.1654
scw.5182
msc.2444
hyn.13719
scw.9165
tas.3804
ppx.13016
Fsc.17050
hyd.10252
scs.444
msl.30328
spe.31039
msl.50002
scs.19274
sch.6041
Ecg.2650
gys.1697
hyd.5329
sct.15776
scw.15192
msl.36718
Taa.789
trc.6223
scc.5375
htf.584
scm.8344
cln.6235
spe.16262
gys.9600
scw.956
hyn.187
ppx.11988
hym.8121
scs.7310
ppx.33565
scj.337
ecm.10076
trc.11022
spe.11384
scr.2753
ecg.7876
ecg.999
hyd.10513
hyd.9461
msl.11383
msl.49357
sch.6657
msl.32810
gys.3803
scm.6829
msl.40968
ecg.4585
scw.1868
tae.7092
fsc.9769
scr.1313
scm.8131
gys.14388
sch.5760
tas.4975
msl.54912
cln.13528
Ecg.8936
hyn.11970
msl.59343
sct.2897
scm.2596
hyn.11485
scm.545
scw.24238
ppx.11793
sch.6670
spe.25106
msl.45885
scw.22883
scw.3022
spe.38624
msl.56060
spe.29972
trc.12771
msl.38799
msl.29935
cln.6013
ppx.33283
spe.16041
tas.8293
ecg.167
fsc.11092
sct.13368
opv.7643
ecm.6716
fsc.14578
Fsc.6697
hyd.547
msl.19122
scw.8679
msl.29421
msc.1331
scm.2371
sct.7603
scj.5070
scj.8308
hym.9381
sct.11327
ecp.8821
ppx.20172
msl.54756
msl.29053
trc.478
msl.13823
msl.49380
ppx.35700
tas.5217
msl.58956
ecm.3069
ecp.11537
ppx.4947
sct.20361
ppx.9691
hyn.11619
tas.9961
dpy.11271
tae.2469
fsc.9491
trc.7068
Fsc.15164
Ecg.1892
scc.9147
htf.3405
sct.5797
opv.8818
scw.7715
ecg.3026
hyn.11534
hyd.301
ecd.1376
tae.11425
opv.9651
trc.10604
opv.8462
trc.2886
hyd.1884
spe.16832
hym.945
opv.6289
Fsc.10775
ppx.23401
opv.15936
spe.36380
hym.6968
msc.8072
msl.31348
sct.17129
sch.4478
scr.15847
msl.4853
msl.39439
cln.2905
msl.44522
scm.479
msl.23080
htf.9163
dpy.9806
scs.469
hyd.8095
trc.7800
scs.7495
fsc.15594
scr.4260
scj.8259
sct.20146
tae.5436
hyd.2405
dpy.19828
msl.46093
ecg.9332
msl.56715
opv.9889
scw.8988
cln.11157
ecg.9083
Ecg.3815
msl.328
scw.10921
Ecg.6064
dpy.6557
smm.560
ecp.10201
hyn.8792
ecg.1812
msl.57311
ecg.1538
msl.53335
tas.12267
sch.796
dpy.3282
msl.16098
sct.8366
scr.2740
ppx.6507
ecd.2371
spe.32933
fsc.11
hym.2703
ppx.23956
scj.10412
scc.18366
Fsc.1516
tae.5088
msl.44110
scr.19739
ecg.8106
hym.9052
ecm.3193
tas.7251
msl.50202
ecp.9980
dpy.3665
ecd.2629
trc.3262
ppx.35097
gys.14275
fsc.11934
tae.11515
ppx.18378
Taa.3902
htf.6524
Ecg.3110
taa.1179
msl.4483
hym.2416
dpy.2298
msc.8868
scj.11498
scr.23454
fsc.8241
ppx.21361
Ecg.3521
scw.22524
cln.9084
cln.3856
Ecg.667
hyd.1354
opv.15990
scc.8022
scc.4468
ppx.3534
tae.8035
scj.8708
msl.49415
spe.38194
msl.14735
ecd.6051
msl.10629
dpy.4289
opv.2070
tas.37
ppx.31300
dpy.11093
scj.6347
hym.10862
spe.28864
ecd.19
msl.48356
tas.12986
msl.8768
msl.13837
tas.8476
gys.3031
sct.17350
gys.2716
fsc.5632
Ecg.7446
trc.12686
cln.3261
scr.21635
msl.15026
scj.2752
Fsc.31006
ppx.24837
spe.22022
msc.3462
spe.5682
msl.48782
ecg.8542
htf.3212
scr.2821
ppx.24449
scw.26182
Ecg.4614
Ecg.2618
smm.171
hym.6446
ecp.4933
tae.10140
scc.2649
dpy.4642
Fsc.924
msl.16380
spe.27922
scm.392
cln.1352
msl.54123
spe.29478
hyn.12272
msl.59778
ppx.28149
dpy.6447
tas.7742
Ecg.5196
ecg.3379
spe.17032
msl.23339
trc.2008
ecd.7350
hyn.8102
hyd.3403
ecm.112
msc.5357
msl.12340
fsc.661
hym.8076
tas.3827
sch.1268
ecp.4589
Ecg.9414
dpy.1765
hyd.4785
msl.3252
msl.10147
taa.7281
opv.10978
Ecg.8269
msl.43662
trc.9834
Fsc.30020
Fsc.27103
tae.1876
Fsc.15322
scs.15843
msl.31962
scw.16196
sct.13139
scc.3627
tae.8335
scw.14068
Ecg.8557
hym.8107
scr.13306
ecp.15675
sch.985
msl.35318
smm.1486
opv.10350
ecg.3513
hyn.11598
spe.7230
ppx.27644
msl.58824
dpy.18846
ecp.5116
scc.15287
scc.3446
spe.17900
ecm.128
ecd.2240
sct.20705
gys.5154
cln.7856
dpy.5947
scr.2574
tae.8672
scj.9055
sct.11136
hym.6847
trc.8720
scs.3624
fsc.11179
Ecg.3803
ecg.790
taa.10811
taa.8597
scc.958
fsc.15419
ecd.8439
opv.12544
msl.51638
ecg.7444
msl.45862
taa.10034
ecd.4770
msc.6682
ppx.22881
ppx.10799
cln.838
sct.14833
msc.2340
scw.5892
msl.48574
Fsc.26027
trc.7365
Fsc.2446
hym.2954
ecm.5826
ecm.8504
msl.55666
ppx.35065
msl.47631
ecp.6553
taa.5957
scr.8037
gys.6001
scj.361
Taa.3369
ppx.19427
hyn.6075
taa.8410
hyn.11326
fsc.12406
dpy.16819
ppx.36390
ppx.8822
scw.20169
fsc.10413
tas.12423
ppx.37803
msl.47234
cln.300
msl.41128
hyn.6651
scr.12223
Fsc.11448
ppx.36720
sct.20513
scs.1938
tas.11261
scc.7215
opv.10570
hym.11566
trc.16608
Ecg.2611
scr.17763
scr.3755
scc.16280
ppx.18188
trc.4582
scm.3154
gys.11245
msl.46088
msl.13531
opv.12953
ecm.414
ppx.27763
hyn.12092
hym.4702
hyd.1134
scw.12351
msl.14539
scc.21016
ecp.18230
hyd.762
ppx.4661
msc.489
tae.2195
htf.11632
taa.10464
spe.4780
hyd.11233
sct.6950
scr.21348
tas.2683
fsc.5452
msl.1365
opv.13463
spe.16668
dpy.19824
hyn.3801
scw.22747
ecp.10056
gys.14350
ecm.10487
sch.4717
taa.11722
spe.11290
fsc.11842
msl.55007
Ecg.9061
opv.12122
ecp.366
ecg.3236
fsc.518
fsc.212
scs.15012
scs.15584
trc.731
ppx.25021
spe.377
tas.4813
ppx.33927
scr.13699
taa.11835
spe.9417
tae.3447
tas.8181
spe.27395
spe.23112
tas.3997
spe.14390
taa.9400
scc.8320
hym.1055
Fsc.12306
Fsc.10142
ppx.10544
ppx.20839
sct.14766
scr.7022
trc.21326
sct.20846
hyd.9300
Fsc.2227
scs.7246
ppx.15861
scr.9400
spe.24446
tas.1610
ecm.7565
sct.17775
scc.23103
scw.16551
taa.8504
taa.1682
ecp.4396
scs.16023
ppx.27287
msl.30298
sct.5655
msl.5283
ppx.21772
gys.14117
tas.8436
Fsc.1495
ecd.9226
opv.10333
spe.18530
hym.12144
spe.6347
ppx.9486
scw.3670
hyd.9196
Taa.604
scj.9443
ecm.104
opv.9796
ppx.20361
opv.10372
sct.22899
scs.8580
ppx.25649
scw.5863
ecm.5824
sct.179
tae.9972
hyd.5127
scr.6414
msc.6580
msl.32249
ppx.13328
spe.28411
spe.9938
scj.3384
scw.1391
scs.1485
scc.12784
spe.19114
scc.5384
scw.18601
scs.11510
opv.13904
spe.2851
opv.13053
dpy.18764
spe.31644
Ecg.2137
scr.5035
Fsc.32329
ecm.10191
spe.10897
ppx.3784
ppx.30925
scw.13976
Ecg.1406
msl.10579
trc.20547
scs.1548
scr.17383
scr.6669
ecp.6592
scw.22484
scw.11998
scs.5602
spe.30745
ppx.35707
ecp.1304
hyd.5883
ppx.7011
dpy.16478
ppx.13188
opv.318
scw.17373
sct.8220
trc.1098
scs.17230
ecp.948
sct.12889
scm.10426
scw.9825
scr.14334
sch.3496
spe.8312
msl.18451
scm.11286
spe.6349
scr.643
Fsc.17545
Fsc.30762
dpy.6139
scw.16758
msl.47682
