

opv.7347
scm.1408
ecm.307
msc.5728
Fsc.3567
scs.13935
scw.7791
Fsc.33025
scr.17151
fsc.2710
scw.23578
sct.5294
smm.1841
scr.6445
scr.2672
ppx.5933
trc.21713
Fsc.11325
scw.15396
spe.7134
scc.19461
scj.8173
scw.16619
hyn.7730
Fsc.18820
Fsc.14429
sct.4051
scc.20781
sct.8473
Fsc.26144
scr.20518
ecp.684
scc.9554
ecd.10632
Fsc.14825
spe.27747
sch.8917
Fsc.29369
scw.19553
scw.3276
dpy.10994
scc.10521
trc.15404
ecg.8794
Fsc.32811
spe.22395
Fsc.15183
sct.21806
scw.605
scr.12609
Taa.6644
msc.173
sct.9981
scr.7868
ppx.25894
spe.27257
cln.9340
msl.42558
scr.16705
scw.15068
scw.15777
opv.6444
scj.457
scr.23257
ecd.8959
spe.2063
Taa.5821
msl.39218
scr.6058
scw.21435
scr.22134
ppx.11640
scj.9534
ecm.719
tas.5614
fsc.8417
msl.7401
ecg.3537
Fsc.1907
taa.13213
cln.8212
tae.12458
cln.3047
ppx.5469
gys.1751
cln.1613
ecd.6781
cln.4234
scr.6546
msc.9647
scw.3403
msl.40145
hym.11388
opv.7921
cln.1066
scw.17324
spe.27169
taa.6583
trc.4879
scs.19563
taa.5945
scr.2543
scj.5505
scs.20059
Taa.10285
ecg.1257
trc.20281
opv.14925
Ecg.5181
ecg.3369
taa.13140
htf.6589
Fsc.2332
fsc.7838
scs.14544
cln.355
cln.11473
trc.12347
msc.10284
sch.4264
msl.57202
ecd.1244
scr.8348
msc.2715
scm.2890
msl.36947
msl.59131
hyn.4990
msl.12703
scs.5110
msl.32895
hyd.4218
hyd.1196
taa.4433
msl.60334
sch.8725
msl.32915
spe.16629
taa.2531
scj.3449
hym.1442
scs.17708
tae.4412
scr.12740
tas.2510
scm.5502
sch.1655
ecg.731
scc.15191
spe.35683
msl.18547
ecp.3880
Taa.3387
htf.8236
opv.15642
trc.863
ecg.6111
gys.13592
taa.494
ppx.32366
hym.4728
msl.45144
ecm.10277
scr.23953
sch.8899
msc.8788
Fsc.9026
msl.37834
msc.556
ppx.15323
htf.945
ecp.10175
spe.34668
ppx.3844
msl.25927
msl.2831
trc.4761
Ecg.7872
fsc.11160
msl.35011
sch.2737
spe.7324
msl.18351
tas.10611
sch.749
scs.13161
spe.36747
opv.1313
ecd.6682
scs.11676
cln.9632
msc.7142
htf.6994
ppx.26062
ecd.8075
taa.4803
ppx.7261
scw.18247
tae.879
tas.10132
scs.16590
msl.5624
sct.5580
msl.35195
spe.23514
taa.22
scj.11154
msl.3531
ppx.24761
taa.10619
htf.11111
msl.25612
msl.52412
Taa.524
ecm.3799
tae.8430
trc.16573
fsc.3201
msl.4459
tae.9099
cln.3668
sct.14367
cln.3435
fsc.3909
dpy.4697
taa.3707
cln.7990
Fsc.27854
trc.8933
scs.12040
ecp.10409
cln.9265
dpy.4698
ecd.8381
msl.48897
msl.12969
ecg.3528
spe.39088
ecd.9594
hyd.6452
cln.2234
spe.30737
ecg.8527
msl.36997
taa.6926
msl.48075
scm.8526
scc.8550
hyd.5398
sch.9909
ecp.3098
spe.28108
opv.4261
ecd.877
gys.11734
msl.2387
ppx.32033
hym.2787
ecg.6894
ecg.8067
scj.10271
scm.4497
msl.42596
msl.36146
cln.5200
Taa.4565
fsc.6361
tas.5990
msl.45537
scw.15839
scm.765
scr.19843
tae.7397
ecg.6329
ppx.20366
trc.3287
scw.19813
ecd.4338
dpy.14145
sch.5107
fsc.12132
msl.21919
hym.4237
hyn.8101
ecg.8726
tae.5876
Fsc.16219
msc.9565
msl.43335
dpy.9638
scw.24347
opv.394
hyd.8227
tas.6565
msl.34186
msl.58629
Taa.10034
Ecg.752
dpy.16316
msl.47564
opv.3273
ecm.893
cln.13175
ecp.16678
msl.15964
ppx.6905
gys.13176
trc.12188
hym.10733
ppx.7525
scm.11073
taa.7957
cln.7560
Ecg.894
fsc.1467
tas.1747
ecg.9482
sct.14388
ecd.11281
scm.8994
Fsc.1158
scj.11717
msc.3840
scr.2501
msl.6087
tae.7998
scs.4574
scs.13750
dpy.5960
Ecg.781
ppx.2036
taa.4146
dpy.13453
Fsc.13479
msl.59853
hym.10601
msl.47853
gys.5523
scj.6888
ecd.4387
scm.9639
scw.19003
tae.1642
ppx.11511
fsc.4754
Taa.6848
htf.5040
msl.59176
cln.4818
sct.12749
htf.3127
ecm.8351
msl.47343
ecp.8203
scr.15038
tae.410
spe.33423
ecg.5085
Taa.794
cln.8822
scj.728
msl.42837
Fsc.29091
ppx.14161
msl.20287
msl.53555
ecg.11122
ppx.26552
tas.10515
ppx.36270
scj.12528
scw.22354
msl.46442
taa.6052
ppx.23764
taa.11008
msl.14637
scw.17543
ecm.5193
ppx.8112
taa.7518
Fsc.9539
msl.43937
dpy.692
cln.8654
scm.4476
trc.5404
scr.6050
msl.30116
hyn.8338
hyd.1403
scj.10165
ppx.23533
msl.51467
htf.321
msl.2941
hyn.4406
ecg.4533
ppx.11767
msl.28570
gys.7503
ecp.15483
ppx.18994
msl.47907
cln.2192
taa.9616
taa.9167
htf.2131
opv.4296
msl.37655
cln.582
ecp.204
taa.12462
Taa.6883
fsc.2412
scw.21039
trc.21469
msl.55246
msl.34164
sch.431
cln.1433
cln.9203
scj.11607
cln.87
scw.25647
fsc.11231
ecm.10462
spe.39286
Ecg.7631
msc.7578
gys.12861
spe.18033
tas.3154
scr.10447
ppx.20807
Taa.6818
scm.984
ecm.9801
tas.10670
scj.3172
sch.4149
msl.59116
opv.10255
msl.25277
ecd.7658
ppx.22800
ecg.2609
gys.7079
msl.14256
Taa.176
Fsc.20628
cln.9682
scm.8718
tas.9177
msl.7571
trc.12500
sch.9547
scc.11234
sch.11438
Ecg.6733
Fsc.27425
opv.6633
msl.24579
cln.12103
tas.7355
Fsc.2285
ecd.533
tae.5838
opv.10324
hym.3335
scw.11920
opv.1552
scw.2319
Taa.4071
Ecg.1797
sch.9654
cln.3592
taa.3533
msl.3305
msc.4521
scj.6631
cln.13104
sch.5673
ecd.4171
msc.2022
dpy.18931
ecp.688
gys.4565
ppx.35432
taa.9920
msl.52952
smm.3626
spe.7457
cln.1882
msl.2552
msc.1155
msl.12364
msl.34497
scj.9414
scw.3133
msl.59413
msl.18604
Taa.2469
ppx.8325
ppx.29832
hym.8797
taa.7781
opv.11136
spe.16173
msl.6582
msc.409
opv.12967
htf.10205
msl.35679
msc.3609
sct.17223
spe.38843
cln.7293
hym.2186
msl.18127
sch.6285
ppx.11275
msl.20295
scw.5389
trc.3063
ecg.1809
spe.20989
msc.1360
Taa.1228
scj.6996
cln.13237
msl.21513
scw.15853
ecp.15388
msl.14626
ecg.332
msl.35278
ecp.8366
ecg.1141
ecp.11688
opv.11398
msc.48
scm.1141
scs.17355
msl.56243
scs.13339
scw.23592
ppx.10843
ecm.746
sct.295
hym.2300
ppx.24093
scj.8695
ecp.3790
cln.1766
msl.52987
ecg.1663
hyn.8777
scs.12964
dpy.4432
sct.18598
spe.2023
Ecg.5525
spe.30276
spe.24805
taa.13085
msl.19931
sct.20906
msc.8870
sct.16571
scc.13365
hym.10398
scj.6754
scr.4521
msl.37587
sct.16473
scs.18228
scj.5531
tas.361
scr.6071
Ecg.8356
Fsc.24035
msl.59961
scc.22133
spe.31577
taa.8530
ppx.13403
htf.5278
scs.8763
scw.7274
scs.14597
msl.23647
scj.5094
msl.39977
hyn.13172
ecp.6435
scc.946
scm.1363
Ecg.5519
sch.5450
hyn.10825
ppx.16213
ecm.5742
fsc.3959
scc.12671
cln.3473
hyn.9791
taa.5969
trc.8461
sct.5918
scj.12663
ecp.18456
ecg.1705
msl.24491
msl.12930
ecd.1485
scc.21046
ppx.9566
scs.8559
Ecg.5055
msl.44592
ecm.10110
msl.37003
sct.8411
msl.17846
msl.5428
msl.38044
msl.9708
Fsc.10316
hyn.4834
scj.4802
Taa.5222
ecd.3008
scc.3938
msl.56034
msl.37943
gys.1633
cln.2638
ecd.4643
ppx.37466
sct.5382
msl.46782
msl.25899
gys.13307
gys.9138
sch.11539
cln.3153
scw.13720
scj.9838
msc.1266
msl.33444
smm.3635
ecd.9202
ppx.27012
tae.12019
ppx.34467
cln.11461
ppx.27319
fsc.12103
ecd.1506
tae.10716
msl.56324
fsc.5801
fsc.10403
scw.21581
ecm.4041
tas.2757
spe.25217
ppx.11488
fsc.3650
msl.8664
msl.25377
msl.35607
Ecg.81
scc.9771
spe.11798
fsc.1999
dpy.14565
msl.44849
msl.41385
ecd.3587
hyn.5549
ecg.7636
spe.35259
ecp.12678
hyd.8786
ecm.3704
sct.8838
ecp.7950
Fsc.25001
trc.4960
hyd.5507
trc.2557
gys.11467
htf.6340
scc.19751
tas.5921
scj.3279
hym.9374
ecp.8884
Fsc.27000
Ecg.9119
Fsc.12900
Taa.9244
hyn.13162
msl.30139
opv.15558
msc.1523
tas.5362
ecp.4658
hyd.4439
gys.6508
spe.15918
msc.2146
scs.9659
ecg.5480
sct.13601
htf.10623
spe.21256
scs.3717
scw.3954
fsc.12755
taa.1783
scr.6999
msc.5894
ppx.25047
scw.12342
msl.11981
Taa.3054
msl.55680
msl.16539
scc.18543
ppx.16332
opv.12921
taa.5710
ppx.3152
trc.1230
Fsc.772
msl.25875
ppx.32237
tae.4735
ppx.215
msl.7529
dpy.5855
tas.2236
ecp.17179
hym.7975
msl.37961
dpy.17651
ecd.1584
Fsc.11151
hyd.4646
ecd.1225
sch.6487
hym.9397
sct.12661
ecm.10292
sch.646
scj.8810
scr.18014
ecm.9129
fsc.5733
Taa.1916
hyn.13646
ecp.2174
msl.24004
fsc.8600
Ecg.6327
Fsc.4345
gys.1563
hyn.11607
scm.9805
cln.1976
Taa.1907
tas.7682
scw.10025
ecd.4018
ecp.2925
htf.9016
ppx.15287
scr.8094
msc.5182
scw.5709
fsc.15257
msl.20670
spe.9060
tae.603
Ecg.8153
opv.1578
gys.1191
opv.12401
spe.37319
sch.300
opv.774
scc.1813
msl.55295
sct.10170
opv.5104
trc.12098
sct.10114
taa.4330
ecp.11483
msl.34672
sch.12442
sct.12433
tas.1221
spe.34978
sch.10574
tae.10374
hyn.13348
ecm.9194
scw.21167
msl.41718
scj.2562
msl.28676
ppx.19962
scr.5816
ppx.29536
gys.14024
ppx.29859
trc.11792
gys.4086
tas.8420
ppx.1756
msl.37988
scr.17035
msl.8672
msl.25300
taa.8098
opv.5772
scm.1057
msl.26321
ecp.3339
msl.41985
hyd.7349
opv.10190
msc.9274
scj.3233
msl.17204
spe.15067
scj.6409
cln.9426
msl.53324
msl.17079
ppx.3791
ecm.259
Fsc.11661
Fsc.9444
cln.5016
Ecg.5479
scr.11975
dpy.13591
cln.8602
Fsc.15900
ppx.18170
ppx.2289
hyn.13369
cln.9912
ecd.6891
ppx.2737
opv.5982
msl.10858
ecm.767
msl.54255
spe.33755
spe.30630
msl.28081
msl.26464
ecd.2633
Fsc.32420
tas.920
spe.35754
msc.9711
scc.1741
Ecg.4479
ecg.6077
scm.901
dpy.8123
htf.6532
msl.36193
ppx.21239
msl.35476
scj.9564
tae.6726
sct.19069
taa.512
Ecg.7557
cln.5910
htf.5512
scc.21450
ppx.9396
scc.11780
tae.11614
trc.14695
tae.336
hym.2853
cln.11870
scw.4064
scr.17843
msl.3525
Ecg.5891
smm.3844
scs.11058
scr.19579
scc.6651
ppx.25718
ecg.7428
tas.820
taa.6802
ecd.5330
Taa.639
sch.654
taa.355
scw.17017
ppx.950
spe.26211
scj.5528
spe.14129
ecp.8364
fsc.2438
ppx.9650
trc.2980
taa.12840
Taa.5607
ppx.14192
fsc.2884
sct.2148
ppx.6522
Ecg.6657
sch.2903
cln.10662
dpy.10711
taa.3577
scw.11184
trc.18269
msl.40462
sct.22466
ecg.2164
hyn.3443
htf.11429
ppx.25377
spe.5675
ppx.17790
scc.16556
ecm.942
scm.11773
msl.21665
ppx.25396
taa.12552
ecd.10149
ecp.8699
opv.6140
hyn.7288
tae.4771
ecm.214
htf.4492
msl.9263
sct.11022
sct.14387
hyd.3485
sct.9605
scw.22265
sct.7878
spe.6152
ecg.8606
spe.24173
scr.8098
scr.22071
taa.6989
dpy.15761
sct.22966
msc.550
dpy.14358
spe.23595
scr.13806
sct.13411
tas.9098
dpy.65
spe.37507
dpy.13912
spe.23685
ppx.21310
ppx.36945
spe.27245
htf.5543
scc.7742
ppx.7056
ppx.36406
gys.4703
scs.886
ppx.24361
dpy.13553
ecg.9051
dpy.16652
spe.34854
opv.1791
spe.7663
msl.55119
taa.11904
ppx.24753
tae.2948
sch.8600
msl.30705
spe.30335
scr.10812
tae.2035
sct.22674
msc.5704
spe.23244
scr.1151
taa.13238
hym.11661
spe.21458
gys.14417
Ecg.7249
taa.12134
dpy.5918
spe.1545
scj.638
scw.16811
scw.16510
scr.1700
msl.30641
taa.7462
spe.21570
ppx.12058
tae.302
scw.26026
spe.22708
scs.12993
Taa.351
ppx.18516
msl.12815
scr.15509
spe.3820
spe.23414
scc.6657
Fsc.29917
ppx.29084
hyn.2141
trc.7874
dpy.871
ecm.10408
spe.3106
msl.7568
scs.15296
dpy.1825
msl.16146
spe.36543
taa.12101
hyn.8319
ecd.245
scc.2895
hym.8724
tae.3564
ppx.19274
sch.11445
ppx.37377
hyn.6587
dpy.3753
scs.4123
ecp.17459
ecd.4814
ppx.15141
htf.2718
trc.20355
ppx.19564
scw.15355
hym.8338
ppx.3811
scr.5898
ecd.8309
fsc.11728
gys.7797
dpy.8949
fsc.2762
spe.34210
Ecg.4840
ecm.2885
tae.5225
taa.4242
ppx.32205
ecm.9629
msl.53421
gys.8749
ecp.14924
msl.5605
fsc.758
scc.10403
Fsc.20483
ppx.21994
taa.9045
spe.34171
msc.5139
ppx.13837
ecd.10584
ppx.13164
taa.6349
Ecg.8257
scs.3881
dpy.4540
scr.16323
spe.38381
htf.4714
hym.12209
sch.10740
scc.22513
Ecg.9996
ppx.15441
scc.2296
spe.3911
spe.32384
ppx.19238
scw.2330
spe.18464
Taa.2690
ecd.4931
scr.5523
scc.6859
Taa.3220
dpy.6292
spe.5267
ecg.3322
