

spe.27037
Fsc.989
fsc.9346
smm.221
Fsc.33297
smm.873
spe.9491
scw.14380
Fsc.17194
scc.19721
Fsc.13881
scc.15055
gys.5146
Fsc.18490
Fsc.25523
scr.4001
ecd.5944
dpy.16480
scc.9882
Fsc.18939
fsc.11068
sch.6645
cln.5674
Fsc.6289
ppx.31011
Ecg.214
dpy.19300
spe.5377
Fsc.8510
sct.6980
ppx.14291
scr.12263
Fsc.27460
scj.10098
sct.13629
scc.14832
scw.22012
opv.14885
tae.8947
Taa.5038
ecp.13951
sct.8099
scw.18225
gys.6136
opv.12717
cln.738
Fsc.12532
opv.11358
scw.14597
scw.3746
scs.16981
scw.15078
sct.19345
msl.18038
ecp.9440
msc.7870
opv.1611
ppx.30974
msl.24012
sct.11628
Fsc.7235
dpy.19430
ecd.642
taa.8074
scw.1217
ecg.1503
spe.1778
scc.2067
taa.9551
tas.2563
Ecg.5138
hyn.8578
sch.1528
cln.7107
sct.13157
ecp.10877
scs.9619
msl.46555
scj.2871
taa.2941
hym.10637
ecd.1834
ecg.2847
spe.8035
ppx.5436
ppx.14370
scr.5262
opv.4277
tas.6962
opv.11334
msl.2394
msl.23434
scr.22523
fsc.14374
spe.36120
hyd.17
dpy.8218
scw.11727
scw.8568
sch.4590
msl.40348
ecm.4476
ecp.3213
ppx.2074
scr.7481
spe.22071
scc.10308
scj.6297
msl.5719
scw.17344
msl.1788
tae.7877
msl.56805
fsc.13606
sct.12873
opv.4399
tae.12414
msl.19522
scr.21902
scj.1513
dpy.12457
scm.11001
scr.17339
hym.5850
msl.40678
msl.32273
scw.23608
hyn.772
hym.2613
msl.35622
Taa.4860
scw.4325
spe.32751
hyd.8378
scs.3224
trc.4769
dpy.2525
ppx.31060
tas.8122
msl.15334
msl.46525
ppx.13139
scs.1056
cln.9439
scm.6765
scw.22310
scw.515
Ecg.9557
spe.32783
trc.9237
hyd.6055
ecg.1462
ecg.8988
fsc.2691
scr.3560
hyn.12699
opv.7371
msl.10188
ppx.29179
spe.34266
ppx.34964
scj.12451
tas.556
ecm.2397
hym.9705
msl.59605
tae.11965
hyn.9993
taa.11609
ecp.5729
ecd.3550
scw.10285
ecp.8137
tas.10381
Ecg.8597
Fsc.10218
cln.11242
fsc.6142
msl.27112
Taa.495
ecp.11733
ppx.32747
opv.4083
gys.1778
tae.6546
ecg.9441
Ecg.4833
ppx.35786
scs.5982
ecm.2147
htf.10398
tae.400
msl.34123
cln.2120
scc.14021
opv.9789
msl.52025
spe.1190
spe.33791
scr.20492
ppx.10122
msl.57637
scj.11974
scs.2150
Fsc.7608
opv.11983
hyd.6520
ecg.7996
Fsc.6867
Ecg.1939
spe.343
opv.15613
trc.1834
tas.9207
msl.44950
Taa.3538
ecm.7137
scr.15159
opv.9963
msl.31155
ecp.8490
cln.8625
msl.58987
tae.11093
scs.9865
dpy.18419
cln.3242
ecm.723
dpy.333
tas.5327
Ecg.7780
cln.1994
scs.10487
cln.9551
htf.2448
ecp.4077
hyn.8717
msl.55539
trc.5920
ecm.9754
trc.1908
ecg.7921
ecg.4045
scs.12824
scr.6948
msl.56902
sch.1826
msl.27674
ppx.27632
spe.27653
Taa.1515
ecp.6891
ppx.8215
hyd.1091
dpy.4183
msl.3966
msl.14800
tae.8703
spe.16707
cln.3457
tae.3058
hyd.1865
sct.1961
hyd.2214
fsc.14593
msl.25943
tas.6335
htf.2465
tas.9365
tas.1955
msl.21278
msl.6505
msl.991
ecg.4974
scw.25215
scj.11592
scs.16203
msl.5358
trc.6613
msl.55334
ecp.9409
tae.4718
htf.2239
gys.11815
msl.33136
cln.4078
scm.7146
scw.16867
ppx.19735
sct.4906
opv.11143
ppx.12048
ecd.2132
ecd.121
ppx.299
dpy.9218
ppx.31076
tas.6932
msl.6597
cln.5032
sct.11065
scc.10457
tas.835
msl.43160
msl.46493
gys.4725
ecp.8046
cln.6610
ecd.1937
opv.3767
fsc.12490
htf.840
msl.18766
msl.52257
sch.10896
htf.8498
opv.1443
taa.6265
fsc.4141
ecp.6766
msc.7033
cln.4751
opv.15588
sct.5876
Fsc.30746
htf.593
scw.3384
msl.30463
tas.2579
sch.12946
msc.2944
htf.340
scm.412
htf.710
msl.41723
scw.14500
scj.9428
htf.7703
scr.1681
spe.2550
ecg.956
scm.10882
ecm.6285
tas.5079
msc.7174
msl.42676
ppx.2845
Ecg.3759
trc.15405
msl.27343
fsc.5474
trc.14146
taa.7210
cln.4167
msl.14371
msl.54860
msl.35184
scs.6684
msl.60486
Fsc.14740
ecd.1017
ecg.3467
smm.3860
cln.6366
sct.9772
hym.10763
ppx.25730
scj.1285
scs.18031
spe.17569
msl.51473
Taa.7463
scr.12164
ecg.8783
htf.2688
msl.56604
opv.3486
dpy.19277
ecm.5618
scr.14569
ecp.2147
ecp.13942
spe.21861
ecp.12069
spe.864
fsc.348
ecp.10908
scs.6023
Taa.5187
hyd.6833
msl.21488
fsc.4904
ecp.9627
Taa.7060
msl.21437
sct.4482
msl.18319
cln.4251
Fsc.2259
spe.22976
msl.45466
msl.56912
dpy.15602
tas.12868
scw.6868
spe.10565
scr.3517
trc.14116
msl.37909
ppx.17483
taa.4051
spe.26492
scr.8778
msl.10483
tas.3256
Fsc.26074
cln.8552
msc.9342
msl.11035
msl.45548
Fsc.20943
sct.10841
tas.5061
tas.6341
ppx.13184
hyn.13377
spe.18036
gys.139
cln.12558
msl.33027
ppx.650
ecm.5495
tas.6792
taa.7197
hym.1954
Taa.8358
ecp.1789
hyd.684
hym.11249
msl.1460
hyn.12390
dpy.3056
ecp.8260
Fsc.31268
scs.5281
taa.993
dpy.11998
Taa.1680
spe.37374
ppx.3583
scm.8318
scs.18447
scw.16946
msl.5914
ecm.5515
fsc.12880
tae.2404
fsc.2288
msc.6095
msl.17021
ppx.26681
hyn.2094
Taa.4293
ecm.9616
msl.4228
ecg.2930
scc.2663
dpy.4885
Fsc.904
msl.37954
Ecg.2206
dpy.5674
spe.22223
scc.16730
Ecg.5273
ecp.728
trc.10612
trc.866
spe.18581
scj.12735
ppx.24673
Fsc.645
opv.12176
scc.13822
msc.9291
htf.6501
spe.18784
scr.21814
Fsc.1084
msl.13287
Fsc.18822
msc.2448
Fsc.29278
htf.5388
tas.3807
ecm.1882
taa.12329
scw.5065
msl.9475
msl.30323
ecm.5725
Fsc.33439
scw.3171
ppx.15305
ppx.24254
dpy.7801
taa.12574
trc.9859
scj.3262
spe.24138
Taa.787
msl.24488
scw.854
Ecg.6847
trc.10956
htf.2441
scj.10143
msl.58551
spe.32153
ppx.16167
msl.54671
hym.8126
ecp.10937
msl.6599
gys.13440
scw.6873
trc.16554
scr.13826
hym.11308
ecp.6399
scw.1637
ppx.17517
hyd.2140
msl.50675
Fsc.8254
gys.11869
spe.15052
tas.6898
msl.15147
sch.5859
scc.663
trc.5183
opv.8829
scw.19215
scr.1319
scm.8139
hyd.4402
sch.5767
scr.7271
trc.8053
ecp.17379
Ecg.8931
msl.35024
scj.9912
sct.3727
scw.17894
scw.6216
sch.5321
hyn.1719
msl.58712
trc.7611
hyd.7722
tae.8314
cln.2589
scm.7467
msl.56064
hym.7474
msl.59082
gys.4135
cln.1393
ecp.14275
ecp.2185
scw.9243
sct.22920
msl.26031
Ecg.10069
scw.10944
fsc.6693
gys.13663
ecm.9475
tae.2367
tas.5050
scr.5404
ppx.31323
ecd.9273
msl.60188
ecm.6776
smm.3378
gys.4793
ecp.12737
scs.3472
spe.24175
spe.3437
sch.6107
msl.54751
ecp.8339
cln.1089
hyd.7689
tae.12287
ppx.22817
tas.5219
trc.6000
Fsc.13299
scw.9421
tas.1709
scm.6540
trc.16884
trc.8580
msl.50261
spe.29330
Ecg.6576
Taa.681
ppx.31913
ecd.4006
msl.42713
opv.48
Fsc.10432
sct.5792
hym.1604
tas.852
opv.4312
scs.4778
spe.32753
msl.13915
htf.872
msl.33205
fsc.10637
hym.3479
scr.14861
htf.4423
spe.139
scc.16777
ecd.5113
msl.49644
scm.9900
tas.9617
ecm.5986
hym.6965
scs.3361
fsc.1335
scc.9600
msl.24131
sct.15977
ppx.7466
opv.2786
cln.2909
msl.44527
msc.8226
msl.8559
Taa.9599
spe.5863
ecp.7731
msl.41056
ecm.9843
msl.38916
Ecg.4786
dpy.3198
msl.22948
hyn.3052
hyn.3405
Ecg.119
msl.16585
scc.516
ecp.8223
hyd.9704
hyn.12840
trc.4660
opv.2056
scr.21032
msl.15049
scs.15856
gys.3145
spe.9598
spe.13845
htf.3538
spe.32621
msl.41636
tas.7310
ppx.5305
taa.7615
opv.8868
tae.2991
tas.10471
scr.4319
scc.3088
Taa.8692
sct.2706
ppx.6502
Ecg.3022
ecm.4662
taa.7272
scs.13261
scm.1000
cln.3373
scj.1023
Fsc.1519
scr.11492
scw.12091
ecg.6998
dpy.3784
spe.5228
scr.9176
spe.19807
msl.50204
htf.378
ppx.12759
opv.15075
hym.7177
scw.5478
spe.17661
scs.12951
msl.53104
tas.8043
msl.42257
scj.6959
ecp.226
sct.17253
taa.13096
opv.1074
Fsc.28029
scm.10409
ppx.36417
scc.13378
trc.8899
ecm.2020
scw.20915
msl.59000
msl.9965
htf.9051
Taa.8336
scs.3892
tas.9605
scm.7022
fsc.7014
ppx.3531
msl.19796
ecg.5578
fsc.9435
Fsc.11830
ppx.19891
sct.2527
ecp.5747
dpy.4281
scs.13032
ppx.15114
msc.6845
Taa.3313
scs.10670
taa.7742
msl.4294
fsc.5080
spe.25070
sch.2117
msl.8764
ecd.5089
spe.5177
ecd.10476
htf.9583
gys.2710
scr.10349
scs.9804
ecm.10527
htf.1875
scc.17561
scs.2038
scj.2754
scw.4651
Ecg.8486
cln.6243
msc.1434
spe.29371
scw.19306
taa.11153
tas.10919
sct.19665
hym.3294
sct.8891
Ecg.4612
fsc.9231
htf.4843
tae.3563
cln.13134
spe.7268
scc.2644
msl.58896
tas.9381
hyd.10123
msl.32417
scm.394
ppx.17268
ecg.5290
ecg.6585
gys.11164
cln.5871
opv.14263
ppx.9405
hyn.4725
ppx.4055
opv.506
msl.23333
sct.9686
cln.10601
ppx.20343
hyd.3409
scc.7323
msc.5353
msl.12347
ppx.23884
Fsc.24566
msl.59435
cln.8800
scw.19143
opv.3574
Taa.6764
opv.1588
msc.9580
msl.1499
htf.5274
Taa.8263
ecm.7005
msl.56767
scr.3815
dpy.1955
scc.15000
taa.4280
msl.15050
msl.24771
sct.6010
Taa.1566
msl.43523
scj.11111
sct.2935
ecg.3452
Taa.3893
spe.17090
Taa.9478
msl.52452
ppx.25765
scs.4885
dpy.5295
trc.6330
cln.12433
msl.11968
scw.12213
scc.19729
tas.7578
tas.9671
cln.11217
Ecg.2895
msl.36648
ppx.17215
tae.7513
spe.19373
msl.33637
gys.5159
Ecg.10198
taa.12615
tas.7917
tae.8675
ppx.27578
opv.12124
ppx.33664
Ecg.6905
Fsc.24032
ecm.5597
scj.6637
msl.22715
ecd.4500
scs.3170
ppx.836
fsc.15411
ecm.9880
dpy.5249
msl.40796
spe.35023
ecg.7564
scw.8633
fsc.2099
Ecg.155
msl.17493
spe.12432
hyn.1190
hyd.8295
msc.2344
scm.9378
msl.33001
Fsc.27992
msl.57120
hym.3625
msl.39503
ecm.5828
cln.284
msl.55668
ecp.5644
Fsc.4737
dpy.11101
sct.13022
msc.375
taa.8333
tas.10437
scw.6826
scc.17259
hyn.6079
msl.28399
spe.27828
scr.20778
scm.3094
msl.52959
opv.10305
msl.8478
scc.6112
fsc.11603
spe.39382
spe.9108
scc.22501
scs.8638
Taa.1757
sch.242
scw.22631
spe.38182
tas.11937
ppx.28195
ecm.9676
scr.15562
gys.928
hyn.6126
opv.7104
trc.16873
ppx.28210
ppx.28012
spe.11846
ecm.7606
scs.3590
trc.11988
trc.19420
gys.2952
trc.1089
fsc.1990
scr.5045
ppx.24186
spe.5470
ecp.5533
ecg.4277
hyn.11251
tae.8724
ppx.5885
ecm.9022
scr.20577
scc.19891
Fsc.19529
sch.149
spe.30703
ppx.11284
spe.1599
cln.12275
trc.8313
msc.4515
scs.19484
spe.17740
scw.2012
fsc.6493
sct.6395
scr.10091
hyn.9386
cln.7620
scr.6533
fsc.8860
spe.16071
taa.6474
spe.20493
tae.6871
scs.14619
tas.12304
ppx.23287
msl.18964
Fsc.14834
msl.8872
ecg.6411
scr.16781
spe.16166
hym.556
scw.24750
scw.204
sch.12259
gys.5875
spe.17501
scr.22259
scm.10475
ppx.23227
taa.7976
ppx.21123
taa.12872
taa.8768
gys.9791
msl.22867
Taa.10136
spe.9582
ppx.10032
sch.2861
ppx.19653
Fsc.3865
opv.2485
fsc.11721
sct.11341
ppx.30699
spe.4109
scm.9845
ppx.6379
spe.34629
scj.10507
ppx.30821
sch.9036
scj.3145
trc.14243
taa.4635
msl.21553
msl.44872
ppx.16024
scm.4767
trc.20083
dpy.13581
ecp.1716
scc.9732
trc.13901
Fsc.22570
tae.6296
smm.1723
spe.24851
msl.14592
ppx.6295
spe.16684
dpy.17325
taa.3613
hyn.11266
hyn.3810
taa.12186
opv.10930
Taa.4910
scj.2381
gys.5382
msl.34227
ecm.6732
trc.10855
scw.2469
msl.40408
gys.15279
taa.12465
ecd.4167
tas.12590
hyn.8865
fsc.1219
tae.12079
tae.10919
scj.6675
dpy.5443
scs.112
spe.17521
dpy.13696
dpy.17173
dpy.10011
scs.13174
scs.519
spe.35670
dpy.5900
dpy.9093
opv.186
spe.27598
spe.4188
sct.4691
msl.15858
scs.20201
scr.3424
ppx.33013
gys.12042
hym.4773
ppx.37339
Taa.9976
ppx.4595
tas.10655
tas.11183
sct.2807
Fsc.31688
scs.17724
ecd.10908
spe.17741
scj.6330
hyn.4912
spe.8441
tae.3763
scc.16356
opv.6204
hyn.2270
tae.11250
ecp.7276
spe.22020
dpy.9845
scr.1362
hym.8297
spe.30504
scw.1661
sct.20465
smm.109
hyd.4186
trc.18323
ppx.20697
gys.12989
scw.5402
scw.13209
hyn.1784
Fsc.32455
ecp.12371
ppx.17289
hyn.5392
spe.18406
trc.7238
spe.33457
msl.11283
