

hyd.2941
tas.12336
msl.25248
sch.901
Fsc.23875
sct.12388
scr.14795
sct.21249
scr.16437
scr.21585
msl.15233
sch.287
sct.4333
dpy.18790
Fsc.20840
scc.3845
spe.7760
Fsc.11799
Fsc.14503
scc.6321
sct.853
spe.36616
scm.4581
scc.3762
Fsc.24412
sct.17466
msl.23778
scc.6437
sch.11868
scc.23370
Fsc.30472
Fsc.12571
ecd.7227
Fsc.20873
scc.17958
Fsc.27001
spe.16673
Fsc.12326
sct.12075
scw.5085
scc.7767
opv.1415
trc.916
scr.17647
Fsc.8113
trc.6956
scc.6800
Ecg.5346
tae.3347
cln.2061
scw.14362
scw.23176
ecd.9088
scs.17326
Fsc.30262
sct.18024
spe.8324
sct.4191
ppx.32104
scr.1722
scw.15789
ppx.8110
scj.3115
spe.15643
scw.24693
ppx.20427
ppx.21283
opv.15332
scc.16255
gys.13495
dpy.17244
hyd.10176
trc.3214
ppx.9026
tae.10373
sch.2186
Fsc.32393
fsc.8126
Taa.9293
scs.10324
msl.35403
ecp.5960
taa.10175
hym.4473
msl.60416
ppx.23237
hym.2271
ecm.5524
htf.4466
Fsc.11769
hyn.5233
spe.35776
msl.41185
Ecg.7573
tae.6053
scs.12483
tae.618
scw.11372
scw.21510
tas.3965
msc.6655
Ecg.6278
scm.3679
dpy.1628
spe.28892
scr.17665
msl.4687
tae.811
msl.49213
spe.22133
taa.3804
msl.55144
msl.34661
scs.6674
ppx.10189
spe.21300
msl.52121
ecp.10880
msl.10667
Taa.2316
gys.1316
msc.6825
msc.6888
scw.17819
Taa.1741
scm.11665
msl.20057
taa.9717
dpy.12863
gys.14038
scc.17923
sch.9297
scr.5306
ecg.7154
msl.45791
cln.12310
msl.29750
ecd.6874
spe.10315
tae.11642
msl.16025
scm.1062
trc.15716
tas.2882
msl.33510
tas.5895
hyn.8069
ecd.8249
msl.2637
ecp.11954
msl.18837
ecm.10145
tae.2778
hyd.7228
spe.12550
opv.2307
ecp.294
scs.12840
tae.7751
ecm.9677
ppx.11514
ppx.5837
scc.10652
spe.27097
cln.9008
msl.16345
scs.596
opv.7839
cln.9123
sct.5456
ecp.16854
msl.44131
msl.32551
ppx.12674
hyd.8511
scr.23087
hym.11868
Fsc.7937
scr.14779
trc.2641
Taa.5626
msl.31236
cln.10005
Taa.3415
hyn.7420
scc.7983
ppx.26572
ppx.27322
scw.14960
tae.6442
scs.17132
htf.4874
scc.606
opv.6015
ecm.6431
Taa.10264
spe.37942
Ecg.4012
Fsc.20121
scs.17563
msl.9984
msc.8738
scs.9425
msl.16077
fsc.13550
taa.3242
msc.5537
ppx.3514
tae.8055
tas.12408
ecm.7862
ecp.2749
Ecg.6781
dpy.9964
msl.26737
htf.4260
msl.10249
msl.4551
ecg.5924
Ecg.9385
sch.9790
cln.11148
spe.34385
msl.17374
Taa.5409
taa.1218
spe.14311
msl.39726
msc.1722
spe.33563
msc.20
Taa.4583
scm.7130
scw.6777
msl.45630
scm.6585
opv.10465
trc.5535
msl.12573
fsc.6644
msc.6124
trc.6243
tae.2457
scc.7714
tae.8631
msl.51022
ecp.2905
htf.8839
hym.8195
msc.5947
msl.32053
Ecg.8075
scw.9112
scm.533
spe.5050
scm.2834
htf.4931
trc.18619
ppx.4744
scs.16119
scs.1316
Fsc.29896
gys.4901
trc.13402
opv.14587
spe.31803
Ecg.652
ppx.2124
msl.32316
scs.17692
msl.2910
msc.2060
taa.9417
gys.14597
fsc.13489
ecg.662
msl.49489
opv.11544
spe.15613
scc.21943
msl.58601
hyd.249
tae.17
ppx.18796
msl.28652
ppx.17037
msl.35785
ecd.4277
hyn.10841
ppx.16275
tae.7435
scj.10761
ecd.7662
cln.4021
dpy.11834
Ecg.9191
cln.7355
spe.18434
msl.35636
msl.17766
spe.36685
scm.4510
msl.10519
ppx.19018
spe.12286
hym.5709
msl.20259
msl.819
hym.11031
gys.2235
scm.266
htf.1794
msl.53303
Ecg.9931
spe.20211
htf.8705
msl.13273
ecm.9609
msl.36496
msl.46917
msl.44947
tas.10162
scs.1368
msl.19805
scs.14930
scs.7716
sch.8205
Fsc.15678
ecp.16842
tae.3068
taa.537
ecm.5347
hyd.8563
Fsc.16807
msl.13672
dpy.13848
Fsc.1355
Fsc.31493
scs.15905
scr.2126
ecm.7319
msl.44506
ecm.2480
sct.3180
dpy.10764
dpy.8776
scr.9826
cln.8010
scc.21029
ecp.3077
msl.55315
tas.11450
hyd.3592
scc.12058
scr.5962
scj.12386
msl.8166
tas.3426
Fsc.23481
msl.25974
msl.48908
spe.18032
msl.32376
ppx.12019
msl.43719
msc.4867
msl.39528
msl.27397
taa.4822
htf.5356
hym.12
cln.11798
ppx.6956
tas.2203
tas.3701
msl.38805
htf.7266
spe.23944
dpy.3498
scs.12296
hym.1737
msl.17364
dpy.8843
tas.3336
tas.5907
sct.13423
msl.15423
scs.9509
scc.18304
ppx.9913
Fsc.17200
msl.13127
taa.322
msc.2408
scr.4474
msl.12500
spe.28154
msl.41908
ecp.13673
taa.3915
scr.12997
sct.7293
msl.41001
ppx.13722
msl.3662
ecd.7880
scs.2289
msl.16786
msl.39860
scj.11704
Fsc.10357
Ecg.1027
scs.7850
ecp.7061
Fsc.25795
ppx.16446
cln.8924
msl.43575
Fsc.3559
msl.20475
sct.17514
ecd.3339
scm.7758
scs.10387
cln.12204
trc.15787
msl.43749
spe.26138
msl.31302
trc.10379
msl.41286
fsc.10919
hym.45
msl.18882
spe.36154
dpy.9533
gys.6813
msl.43278
hym.1858
msl.25084
scj.8314
spe.19174
ecp.14096
Ecg.6588
hym.1550
opv.3547
trc.3523
fsc.9396
fsc.5756
Fsc.30912
cln.663
fsc.13204
msl.27743
scw.5200
msl.49076
sch.2504
tae.3852
Fsc.14600
hyd.448
sct.1744
htf.8824
tas.1818
msl.26815
fsc.1698
ppx.29618
cln.11927
fsc.8015
ecm.3741
scj.1835
opv.2325
sct.7140
msl.28465
tas.4137
tas.2062
hym.8309
hyn.12622
ecd.3011
ecm.7148
scw.6648
ecd.769
spe.14395
spe.20467
Fsc.470
tae.1248
hyd.4891
ecp.184
ecg.9230
msl.28920
trc.6650
Ecg.791
ecd.5859
scc.792
htf.6336
ecp.4147
Ecg.6934
ecp.17323
trc.12312
opv.3940
msc.8230
fsc.9971
Fsc.32357
fsc.14181
trc.2871
ecg.1548
ecg.5960
msl.1115
ppx.32761
scs.2928
Taa.9053
spe.14387
opv.15709
taa.6301
msl.34067
scw.666
msl.47359
Fsc.28569
hyd.9710
ecp.6109
sch.499
scc.13540
scs.10506
spe.39447
ppx.25331
Fsc.1987
scm.6209
dpy.15272
tae.9528
fsc.7662
sch.1607
ecp.12649
dpy.4241
scm.3478
smm.3581
opv.13859
ecm.275
scc.6131
sct.5877
msl.39666
Fsc.28605
msl.49297
msl.55386
scr.11387
msl.16313
tae.5879
fsc.13152
scj.8557
fsc.9689
msl.4607
ecd.3137
sct.21259
scc.8161
hym.5635
Taa.9261
ppx.33191
ppx.25572
taa.11657
gys.4385
scc.10523
msl.51599
sct.7288
spe.30751
sch.4354
trc.16084
msl.6694
msc.2495
ppx.851
scj.8187
msl.24209
tas.5033
msl.51659
ecg.7469
spe.32741
hyn.2963
Ecg.955
ecd.3854
ecp.3171
ppx.23656
spe.27120
spe.24522
spe.22232
ecp.10692
scr.13383
ecd.9799
sch.2399
trc.18211
ppx.31779
spe.31965
sct.4811
ecg.5582
Ecg.2065
msl.55360
ecp.10031
msc.6547
ecp.12617
ecm.981
msl.45041
scs.11171
ecg.1364
Taa.6862
htf.2099
msl.41284
scw.18665
opv.2539
msl.38135
taa.1249
ppx.9350
tas.12522
scm.5857
hym.8022
cln.3398
msl.60378
opv.12877
taa.11791
taa.5447
msl.21017
scc.2040
msl.12549
Fsc.9102
scw.21715
Fsc.994
taa.12148
scr.13065
hym.10690
scs.7278
msl.35092
scj.9940
sct.7944
sch.12055
fsc.7927
tae.2351
ppx.27165
gys.1860
msc.1037
hyn.909
msl.26141
cln.519
Taa.8395
sct.2020
Ecg.1784
msl.32469
hyd.610
msc.837
scm.5712
ecp.10040
msc.10285
taa.3377
spe.13470
hyn.3804
ecp.11211
scw.43
ecm.5211
Ecg.8420
scm.10727
msl.51279
scm.8732
dpy.2659
hyd.3436
tas.6895
scm.6375
msl.49967
scw.14526
scw.16711
hyd.5317
ecd.5385
taa.9197
msl.44751
scr.20773
Taa.4141
opv.15711
ecp.4615
ppx.33344
scj.4770
dpy.2948
opv.1663
ecg.1040
msc.1641
opv.7700
scs.8855
fsc.6690
msl.54435
scw.5568
sct.6008
scs.3874
scr.15480
msc.9849
msl.6626
trc.9618
Fsc.15162
Taa.5008
msc.339
msl.18387
scw.4988
Fsc.3195
taa.1188
scs.11194
scr.14113
Ecg.7008
Ecg.5461
msl.32109
ecd.8198
ppx.25926
hyd.7661
msl.43916
taa.6695
cln.8673
hyn.2437
msl.49692
scw.9449
sct.2320
scr.13231
tae.11002
msc.8008
msc.2893
spe.20095
hyn.2660
Ecg.267
cln.1753
msc.6349
sct.10569
ecg.7228
scc.9124
Fsc.13760
msl.33339
ecg.6003
scm.978
ppx.10352
ecp.8607
ecg.6794
scc.20383
ecp.6351
Taa.931
cln.6903
scm.7476
tas.2039
dpy.9055
spe.543
ppx.32534
msl.20889
msc.2377
msl.50979
scs.6575
opv.5921
Taa.4539
msl.42681
sct.6078
Fsc.26113
sch.174
sct.6576
hym.9760
ecd.5776
spe.34157
scw.17302
hyn.2140
sct.14756
fsc.6434
hyn.8429
ppx.13047
msl.36470
msl.36634
scs.2526
tae.10779
ppx.24321
scr.8410
ppx.37770
fsc.6833
ecp.12538
hyd.4839
cln.12356
hyn.7785
scm.3916
dpy.6802
dpy.1908
msl.36789
fsc.9728
scs.10336
msl.10548
ppx.18394
hyn.9595
scm.6292
Taa.5907
Fsc.21766
msl.31549
msl.24944
spe.27834
spe.19684
ecm.10538
ecg.7904
scc.17075
Fsc.1191
spe.33249
taa.10938
taa.6061
msl.27645
hyd.5236
opv.239
scm.6154
scs.12860
opv.2752
spe.13525
ecd.2351
tas.8738
sct.8101
msl.41828
msl.29284
msl.57143
taa.5064
trc.3365
ecm.3167
ecg.9785
msl.27526
Ecg.9075
scw.10864
scw.6146
ecp.4091
htf.5057
msl.58621
msl.56813
ppx.21488
msl.10739
scs.9248
ppx.10903
ecp.2356
scw.5049
scr.19126
scr.9319
hym.10979
htf.3638
ppx.6405
sch.12257
cln.1571
msl.27792
ppx.6176
msl.38528
msl.44338
sct.21453
spe.15434
msl.4130
opv.13730
ecd.6174
spe.31586
Fsc.697
taa.2454
hym.3567
scw.3250
scc.16296
tas.5194
sct.5139
spe.9503
htf.1372
dpy.3297
msl.37762
msl.24483
ecd.6642
sch.5421
dpy.14659
ecd.8726
ppx.12854
fsc.9318
tas.289
msl.20192
Taa.6696
taa.10510
gys.6781
msl.40902
hyn.13174
scc.22293
spe.10146
taa.9485
dpy.16386
sch.5813
Fsc.27469
Taa.5727
msl.33908
ppx.21869
tae.7623
taa.177
fsc.9941
msl.53916
scj.5083
tae.9749
ppx.26606
scs.16299
htf.1701
msl.44930
ppx.25073
ecm.3926
msl.9832
msl.54703
msc.3107
fsc.388
msl.9506
sct.10031
msc.845
scs.13171
ppx.35616
hym.9309
ppx.12694
dpy.7771
tas.6459
ecd.7273
tae.10876
hym.1711
spe.25065
ppx.25694
cln.13319
msl.57353
hyd.892
hyn.10280
ppx.30483
scj.9618
fsc.14103
spe.36445
scr.14159
hym.11593
opv.2443
hyn.10802
ecg.3478
scr.14743
ppx.7781
ppx.9197
dpy.9327
dpy.14099
sct.9083
sct.13696
scs.5301
ecp.6922
Ecg.3449
dpy.11484
trc.19004
scc.18466
msc.9194
opv.7624
scw.24957
fsc.9002
spe.1016
fsc.13425
scm.5429
scr.9611
ecp.16733
ppx.16370
fsc.10655
scm.7945
scc.21749
scw.7893
msc.7401
scw.13087
scc.15261
scs.1081
spe.5925
scr.15232
trc.12155
htf.5334
fsc.12712
sch.5521
htf.4910
scr.22003
Fsc.14613
scw.11698
spe.34152
ppx.36894
spe.38298
trc.6940
spe.17949
scc.20608
scm.8791
spe.14232
tae.4204
dpy.16877
sct.4289
msl.46200
msc.3696
hyn.4704
hym.4685
spe.7136
sct.3060
hyn.5852
ppx.21233
ecp.10657
hym.2385
scs.3528
ppx.25517
htf.5575
scs.300
scr.17746
ppx.26671
Ecg.8949
ppx.19561
hyd.3632
spe.25116
taa.6076
scc.6066
scr.10639
scs.15636
ppx.18945
ppx.20099
hyn.10591
dpy.2396
taa.10793
spe.11677
opv.7708
msl.18410
gys.10499
ecp.14141
ecd.4968
hym.530
ppx.32527
fsc.1459
ecp.6007
ecd.618
smm.81
scw.11641
taa.8404
scw.14162
hyd.5715
sct.2073
sch.5651
msl.53776
spe.6110
trc.7847
sct.637
msl.34076
ppx.23286
htf.5681
scc.6055
scm.7362
dpy.6326
scs.17624
spe.3858
msl.22413
scr.17874
spe.3166
tas.2021
scm.7832
msl.16073
trc.505
spe.10524
trc.9630
scw.5147
scc.14003
gys.14952
htf.11377
scs.3291
scr.21056
hyd.7944
taa.6416
ppx.1202
dpy.14635
ppx.21043
spe.8783
msc.9297
sct.3817
Taa.4050
ecp.18509
scj.1546
scs.8900
gys.8606
hyn.9430
spe.7991
scr.10517
hym.4541
ppx.2521
spe.7245
sct.20079
ppx.19029
msl.811
trc.15349
Taa.9191
ppx.6801
hyn.6274
scw.18829
scj.7524
spe.10794
opv.15300
msl.3339
Taa.9340
ecp.11891
Ecg.3575
ppx.3990
ppx.15897
scw.15263
scs.4360
ecm.4129
ecp.179
ppx.1468
hyn.13702
scc.20470
spe.14238
msl.50736
ppx.28657
cln.3745
spe.24391
scr.21797
ppx.25004
ecd.11091
ecp.8471
ecp.1932
scc.21055
trc.21872
Fsc.29109
gys.6661
ppx.3621
hym.4012
hym.10886
Taa.7773
spe.32901
ecd.8158
msl.34422
gys.9445
ecd.10775
gys.9078
ppx.21832
htf.5963
sch.9589
scj.865
tas.8458
spe.37334
ecd.6670
msl.25537
ecp.7244
sct.3746
ppx.10436
ppx.14533
hyn.4697
scs.11795
scr.22881
msl.43400
opv.4205
