

Taa.315
htf.9037
opv.5858
ecm.309
scm.10891
Fsc.29370
Fsc.5794
scw.13883
spe.38087
scc.16479
smm.186
ecp.1670
Fsc.18797
Fsc.31893
msl.11708
Fsc.22375
tae.11715
dpy.13892
spe.190
spe.38649
spe.14
Fsc.2694
scj.5988
htf.4671
Fsc.8086
ppx.19306
spe.13644
Ecg.6319
scr.18461
ecp.1916
spe.8619
msl.3111
trc.17731
trc.9818
scr.2218
opv.1328
smm.1312
ppx.25181
scr.11285
ecp.15271
scr.16308
htf.9917
sct.19099
dpy.863
sct.11983
scr.15805
scc.12476
scw.21580
scr.11863
ecm.4745
msl.27502
hym.11786
fsc.8322
scr.21668
spe.34590
hym.8367
gys.12831
opv.2002
Ecg.9853
hyd.4969
scr.20421
Ecg.8514
spe.37195
opv.11762
ppx.18881
spe.5005
ecp.15355
scs.3540
ecm.10461
scs.18056
sct.11861
Taa.1244
msc.10139
ppx.21749
sct.14599
ecg.9072
ecp.11286
fsc.6674
ecp.607
Fsc.26383
scj.2173
hym.6299
hym.4863
msl.56547
ecp.1294
scr.17583
trc.16611
spe.30881
scs.2402
hyn.9154
hyn.10938
msl.59277
trc.9282
scs.2305
ppx.1064
ecm.6458
opv.12676
tas.10695
scs.15490
Fsc.3575
sch.5383
spe.10863
sch.9194
hyn.7744
tae.8710
msl.41811
taa.10001
hyd.9615
scs.8409
sch.10427
ecp.18537
msl.47590
opv.1099
msc.1249
Ecg.6270
scw.20209
opv.11920
htf.1785
msl.18598
msl.50406
cln.11442
fsc.679
ecm.8526
cln.5387
Fsc.11094
ppx.1646
opv.4034
dpy.7974
opv.14025
tae.4923
ecd.7676
ecp.14946
spe.32817
opv.9290
sch.9312
taa.3820
msl.49012
msl.17778
ecd.1666
htf.4503
spe.37544
tas.8002
opv.11447
hyd.1382
ecg.9748
ecm.2357
scm.1974
dpy.10433
gys.5779
ecd.9217
tas.3748
sct.6459
tas.4800
gys.13418
msl.24825
scs.14495
taa.3359
msl.7956
dpy.13144
scw.22730
msl.9493
hyn.602
msl.17437
hyn.2614
Taa.4007
scm.6460
hyn.3766
scw.13092
ppx.30085
ecm.10078
opv.13162
cln.1292
msl.54248
scs.9734
ppx.3371
ppx.9729
Ecg.206
spe.11122
msl.51894
msl.16620
opv.3962
msl.9668
sct.18420
msl.53905
scm.314
msl.47945
Taa.8671
ppx.34633
ppx.22847
Taa.8209
Fsc.3268
gys.2861
Fsc.528
hyn.10772
ecp.12343
scc.526
hyn.4605
hyd.8288
msl.38561
tas.10960
scr.15044
trc.21920
htf.9707
Ecg.10014
spe.11759
scw.2264
scw.17287
msl.24020
msl.50926
Ecg.4320
msl.31594
ecp.12620
ppx.13509
ecm.2425
tas.4852
msl.44490
Taa.6853
trc.5818
tas.12023
htf.5244
scj.2260
htf.2399
ppx.17576
msl.3023
tae.3215
msl.5891
ecp.8213
tae.2297
spe.33974
ecd.3909
hyn.5949
scw.17128
msl.37781
cln.9751
taa.4381
scm.606
smm.3746
tas.10274
tae.684
hym.4404
taa.2692
ecp.10287
fsc.5231
scw.3424
opv.12046
msl.57392
sch.9476
spe.29688
Taa.4689
Taa.6448
ecd.8470
spe.39002
msc.6980
msc.2574
ecm.3965
tas.5535
taa.6379
gys.292
htf.4165
dpy.13832
msl.21738
scr.19666
Taa.193
ecp.10017
scw.759
gys.82
spe.22126
ecd.3299
scj.742
msl.34694
sch.12466
msl.31451
hyn.6653
ppx.935
hym.11100
scw.10795
scr.7394
msc.8276
ppx.24486
msl.15890
ppx.26433
scs.7155
scs.17985
sct.19119
scw.7200
opv.13517
Fsc.6395
cln.7492
taa.5617
Fsc.11528
Ecg.5306
hyd.1769
scj.9539
Fsc.23432
hym.2623
cln.12895
spe.22787
ecg.2793
taa.2578
hyd.455
Ecg.6882
ecg.10089
ppx.29352
sct.12244
taa.5422
msl.16685
scr.4087
trc.15088
scs.15612
hyn.4549
msc.4263
msl.44438
Fsc.1168
scc.13005
tas.2295
hym.11340
scw.11913
dpy.4075
hym.437
Taa.7420
msl.3311
msl.49314
msl.46894
msl.32854
hyn.3711
spe.4797
Taa.2167
gys.12449
opv.13175
ppx.30721
ecp.5519
trc.10378
msl.46606
cln.4125
htf.4150
ppx.32597
msl.19197
Fsc.6350
scj.4248
msl.25017
scm.6399
ecp.13523
trc.13089
hyd.1137
scj.10696
ppx.18035
spe.5644
gys.14078
spe.29624
hyd.1077
scs.18370
scw.22977
msl.6178
dpy.14937
msl.28219
Taa.7697
sct.18006
scw.10000
msl.13784
msl.33023
ecm.8229
scs.15299
taa.2707
msl.11080
opv.2173
Fsc.26908
ecm.2390
msl.18291
fsc.4680
fsc.744
sct.20770
msc.9162
spe.6856
msl.10961
taa.5506
msl.29752
scs.15744
hym.11317
Ecg.9822
hyn.2388
dpy.15174
ecp.8377
htf.7312
hym.11298
sch.5596
ecm.5015
scr.12244
spe.34746
hyd.10006
fsc.14477
msl.58423
tas.3728
hym.4924
msl.45595
hyn.8689
ecg.1905
trc.11829
msl.55057
hyd.8842
spe.30746
taa.11168
msl.57969
ecg.7638
scs.3775
scw.16786
ecg.4070
smm.1365
cln.8885
msl.50514
Taa.2953
ecp.12495
spe.31052
tas.3946
msl.27886
opv.12270
cln.6126
spe.601
hyd.2642
taa.5771
msl.28435
tae.11059
ecm.5353
sch.5622
gys.997
hym.4914
scw.18529
ecp.1706
gys.14326
msl.30406
msl.211
scr.5414
ecm.7373
gys.14420
msc.9133
msl.49537
msl.50423
msl.46292
msl.29783
trc.16399
scc.7458
hyn.9975
msl.44716
opv.3548
spe.14358
dpy.6220
ecp.5196
msl.36293
scw.1190
tas.2754
msl.37158
scs.12082
ecp.170
tae.8164
scc.2056
hyn.2548
ecd.2121
sct.21333
sch.10313
hym.9129
trc.8062
ecp.5717
sch.6903
Fsc.30414
cln.10075
tae.4195
sct.7529
tae.965
scj.9696
scw.8286
ecm.1277
taa.2090
ppx.10456
gys.3165
hyd.3672
ecm.2666
msl.53594
htf.5283
msl.39319
ecm.6562
scr.15679
tas.8753
tae.11007
scj.4098
msc.575
cln.8508
Ecg.10084
msc.6266
sch.3338
msl.41961
ppx.12793
trc.11842
msl.59864
cln.13571
ecg.7052
fsc.1046
msl.13759
opv.14620
msl.41735
fsc.12926
opv.3083
htf.9740
ecm.4934
ppx.12551
msl.56359
msl.12043
scr.19140
dpy.13778
msl.9806
taa.9353
hym.5809
msl.39124
ppx.8281
cln.3567
Taa.9969
hym.3136
opv.13026
scc.4040
tae.1854
hyn.1042
msl.7486
tas.6406
cln.11845
hyd.2269
ecg.9736
hyn.5554
ecp.17136
msl.11032
Taa.8919
scr.6652
scc.22456
Ecg.9976
scm.32
scw.11244
scs.11181
msl.32204
Ecg.8199
msl.46950
Ecg.3055
cln.12131
htf.9247
fsc.12395
ecd.275
tae.2819
hyd.4877
fsc.2501
hyd.9109
msl.1764
ppx.19126
smm.541
gys.5995
sct.12110
scw.10352
opv.5070
cln.5145
opv.13272
msl.6900
msl.48155
msl.884
taa.1854
sct.13632
scs.12110
msl.24599
ecd.1802
msl.10746
spe.28493
ppx.27130
dpy.8418
hym.6409
msl.15544
scr.20108
scs.16945
ecd.8794
scw.21224
msl.23406
scj.7403
scr.17011
ecm.5634
hyd.8415
ppx.16618
fsc.6716
msl.37213
taa.11251
scw.16064
msl.523
sch.12836
sch.2408
fsc.11209
msl.60223
msl.15704
htf.8118
tae.5246
tas.10937
msl.58249
msl.8936
htf.1511
ecd.5449
scs.7914
dpy.17800
Taa.1031
scc.7466
scs.1064
msl.44702
dpy.2898
scc.11989
ppx.12641
msl.30858
opv.759
cln.11005
fsc.10742
htf.10821
ppx.32152
trc.6532
fsc.8672
ecm.5393
scj.11291
hyn.533
ecp.5940
hym.798
cln.6258
scr.19604
scr.16477
msl.7586
scw.15994
scs.16385
htf.7109
scj.7065
msl.39767
opv.2333
cln.12574
scj.10435
scc.2324
msl.45872
ecp.12454
dpy.4050
taa.3423
sch.10686
ppx.31556
scc.19254
scs.7733
msl.20821
gys.8185
trc.15459
msl.33095
Fsc.5220
msl.26543
fsc.7060
smm.406
trc.10350
hyd.10550
scj.2923
trc.16702
Fsc.2314
fsc.7815
ecm.6066
Taa.3467
fsc.11969
ppx.34053
msl.41705
scs.1747
scr.365
opv.15698
tas.7229
spe.9627
Taa.1251
htf.3205
msl.58206
ecd.11265
spe.23988
trc.5004
taa.4127
gys.12513
ecm.6349
fsc.2938
tas.6597
taa.9354
ecm.1175
ppx.77
hyd.8972
ecd.3215
trc.17209
scs.5551
scr.7292
msl.54314
spe.39233
msl.49897
scs.6901
hym.8113
hyd.7209
fsc.7996
msl.40442
msl.18996
ecm.10048
ecd.949
scw.4857
msl.7974
Ecg.8137
msl.35826
taa.11555
taa.9615
spe.28064
msl.11216
ecg.9954
Fsc.437
spe.11511
scs.18
ecp.5804
msl.28138
scs.17612
scm.6921
hyn.4784
ecp.6653
sct.20417
opv.5814
taa.8290
Taa.8009
msl.52991
opv.2219
ppx.3677
msl.28552
sch.10060
Fsc.19153
Taa.6882
Taa.5168
scr.19175
ecm.2531
hym.10206
hyd.11125
Ecg.8708
trc.11778
ppx.26136
msc.7123
scc.14675
hyd.10150
taa.1345
msl.40720
Fsc.16313
msl.38540
msl.49622
taa.600
gys.2407
msl.26528
hym.8412
sch.12829
cln.11800
scr.20219
ecp.9936
msl.239
hym.2247
scw.2142
tas.10525
spe.11065
scc.22490
fsc.1780
scj.373
taa.8666
spe.36459
ppx.16955
scr.5844
msl.51691
scm.11132
msl.38826
hyn.7219
sch.7573
trc.12885
sch.7966
tas.2773
sch.2091
ecg.6550
scs.13372
hyd.4079
dpy.2481
ecm.8405
msl.55728
msl.43791
msl.20835
spe.21279
scr.6183
msl.59633
tae.11819
ecp.18095
Ecg.9653
dpy.3590
opv.15165
scj.149
msl.56277
scs.2863
hyd.2841
ecp.8034
Ecg.1075
htf.2098
htf.10360
msl.46100
taa.11534
scw.16104
dpy.16578
opv.11166
msl.37542
ecd.10219
msl.12420
Taa.1475
scs.5878
cln.3432
cln.8529
taa.5068
htf.9606
scw.24966
tas.1883
hyd.6250
opv.15018
sct.1080
htf.115
msl.47867
taa.5212
hym.2470
ppx.37191
ecp.2882
Fsc.7732
Ecg.9887
cln.13205
spe.39098
msl.44748
msl.9457
htf.8936
hym.5458
hyd.6198
trc.10432
ecm.1642
gys.12500
hyn.1140
fsc.2922
Fsc.1454
scc.20946
ecp.18419
msl.60350
fsc.8470
scj.3453
msl.18109
opv.10733
msl.25250
opv.8743
tas.8913
msl.18806
Fsc.15156
fsc.12065
htf.4008
sct.7394
scj.8117
hyd.2815
ecg.488
trc.21067
hyd.10898
ecg.7853
dpy.9766
msl.47204
scr.6870
msl.51526
fsc.4002
cln.10587
trc.14700
ecm.3447
fsc.4129
trc.4182
hyn.12885
scm.8212
hym.825
sct.11486
scc.6417
msl.50183
msl.50773
opv.575
msl.297
hyn.5322
ppx.23037
cln.7629
gys.4670
spe.5753
tas.8239
ecp.2654
scs.9365
cln.436
taa.10780
hym.11547
ecg.1234
tas.370
htf.7410
msl.165
hyd.1829
gys.593
spe.7378
taa.642
ecm.2175
hym.5509
ecd.9654
scw.16289
gys.11108
htf.1201
msl.43772
ecp.17821
scm.8397
scc.16539
Taa.3737
ecg.5431
hym.3517
dpy.9975
scc.19922
taa.4106
msl.59510
hyn.434
dpy.16194
ppx.26470
scm.10560
scr.15287
msl.39633
ecd.60
fsc.14800
scw.1737
sct.18286
ecp.1303
scw.25741
scc.3611
ecd.6124
sct.16525
sct.2060
hyd.8238
msl.45045
taa.12836
scs.15755
ppx.7015
dpy.18327
Taa.7196
Fsc.15084
scc.9871
taa.11081
opv.6515
dpy.16214
spe.16046
scc.563
scw.23022
dpy.13443
scc.19898
sch.4186
trc.13052
fsc.5978
spe.26335
fsc.847
ecd.1513
spe.13581
spe.1467
dpy.461
tas.13141
opv.5521
scs.17320
sct.7465
Taa.9857
ppx.36523
sct.4420
spe.6755
spe.7041
msl.28971
ppx.1043
trc.2189
tas.1558
Ecg.1279
taa.6883
htf.3985
scr.635
ecd.6629
ecd.6433
taa.11925
ppx.26229
ecp.1828
ppx.11047
scj.12540
hym.1034
taa.3473
dpy.753
opv.4076
scs.4081
spe.38664
trc.16230
tas.11823
spe.12984
ppx.27022
ppx.21552
msl.48685
scr.14515
scc.20552
spe.13144
ecd.1078
tas.8551
hym.8843
ppx.19896
msc.770
htf.4441
ecd.6882
gys.8498
msl.13550
msl.42276
trc.12
Taa.10101
dpy.1745
scw.26119
dpy.18447
ecg.6752
hyn.7141
taa.9312
spe.12525
scc.20452
msc.1553
dpy.10882
taa.2981
ecp.15715
opv.9652
sct.7481
fsc.2144
sct.11980
scw.8277
Fsc.31919
scs.9770
opv.15482
Fsc.31386
Taa.10190
dpy.18715
scr.24017
dpy.13119
scw.9700
scr.15738
tae.5708
dpy.7603
scm.10282
hyn.3602
spe.18024
ppx.31635
Fsc.8561
scr.20413
scr.758
spe.34338
hym.11496
hyn.9094
msl.18548
tas.3976
spe.15173
ecd.7601
scc.23539
sct.12917
tae.639
ecm.1324
gys.9822
htf.3515
msl.46210
scs.9610
scs.19612
ppx.15975
ecg.7832
ppx.23611
gys.14156
msc.1649
scr.16704
scr.9631
ppx.9531
fsc.8840
trc.13627
ppx.13923
dpy.2046
dpy.8964
tae.11063
ecp.17477
dpy.10109
hym.9721
scs.11036
spe.23704
msc.8348
ppx.23367
sct.14714
Fsc.21082
scc.6401
scr.16749
hyd.9633
scm.4558
tae.2907
spe.14905
dpy.7568
hym.3516
taa.10102
gys.7654
Fsc.28406
opv.6043
scc.9249
ppx.20176
trc.17907
taa.10858
scw.20621
spe.28932
ecp.12109
scm.1962
tas.2200
cln.7040
scw.10445
Fsc.2192
trc.21382
Ecg.4663
ecm.5800
sct.8911
scc.11713
scw.4829
scw.8401
dpy.12860
scc.20374
hym.5204
scr.6781
ppx.15231
htf.11601
ppx.27430
ecm.10426
htf.7747
scr.14354
tas.4402
gys.8596
ppx.29893
scr.9315
scw.7931
dpy.3771
gys.5658
tae.7648
spe.22929
spe.16193
