

Fsc.980
msc.10373
cln.275
Fsc.3947
spe.1400
Fsc.20293
scw.13996
Fsc.26751
Fsc.27643
scr.14414
spe.3110
msl.22539
dpy.418
Fsc.32734
Fsc.19965
trc.10189
ecd.9789
scw.17082
ppx.30742
Fsc.4689
tae.8937
ppx.12150
scr.13516
ecd.2459
Fsc.19953
trc.9171
Fsc.9730
scr.23697
sct.21953
scc.10155
spe.321
trc.18044
scr.22728
spe.33133
gys.10035
scr.23506
ecp.7272
Fsc.19463
scr.2565
ppx.18762
scr.16771
scj.9523
sct.14631
gys.8816
smm.2823
Fsc.25126
dpy.7920
Fsc.30922
scr.3580
scw.8924
spe.6547
hyn.2547
msl.42645
ppx.26815
ppx.9783
trc.10568
gys.13330
scs.12131
htf.5939
scc.5436
msc.9340
scc.22379
ppx.32280
ppx.24821
dpy.19895
dpy.19182
Taa.3319
msc.2521
ecm.7207
Fsc.33436
scc.10873
scr.12303
gys.15420
scc.21019
scw.24064
scr.4404
opv.14786
dpy.15534
tas.7365
hyd.417
ecp.16149
msl.29384
spe.9434
opv.4189
scm.3530
Ecg.6763
cln.12076
Taa.488
Taa.7525
tas.608
scj.5674
ecg.279
gys.6940
msl.39578
ppx.25856
tae.6727
scj.2421
tae.7257
dpy.18081
hym.4139
ecg.10827
smm.96
msl.30008
hyn.9924
sct.5483
hym.4070
Fsc.12383
hyn.6799
ecp.13729
taa.12094
scr.12881
msl.1235
fsc.11258
scw.24149
msl.27536
hyn.429
ecg.2303
hym.2554
ppx.2558
hym.3717
msl.49518
ecg.1350
msl.47723
tae.1049
trc.16162
Fsc.19098
taa.5530
scj.3117
gys.15385
taa.10298
cln.8766
trc.2629
tae.6208
taa.7981
ppx.14606
hyn.7965
msl.56771
hyd.7115
tae.11645
spe.36949
opv.11130
scm.4509
msl.10501
dpy.14584
tas.5897
scj.7641
msc.1474
msc.3293
hym.3573
cln.13377
msl.11507
msl.36328
ppx.16861
ecd.1881
sct.22269
ecg.5957
msl.20634
ecm.1250
sct.17122
msl.46192
Ecg.5405
msl.35801
cln.4317
msl.4778
ecp.12938
Fsc.3529
scs.9547
cln.1312
opv.9244
ecp.2108
hyd.10042
scr.19756
ecg.11232
ecd.2674
htf.4933
cln.10143
tas.10227
fsc.3031
msl.57069
taa.2663
msl.31238
ppx.27822
cln.6544
hyn.9482
scm.6385
tas.669
hyn.10500
taa.1988
fsc.7874
spe.4354
ppx.25835
scs.2366
scr.12079
scs.14179
Fsc.33412
msl.18784
msl.7237
gys.4957
msl.29714
taa.7883
msc.8737
spe.19954
ecm.5314
taa.6211
hyn.5448
msl.24733
msc.7529
opv.5676
gys.13632
Ecg.2039
Fsc.8176
msl.52180
taa.8699
scj.6448
ecm.1506
spe.21328
Fsc.22540
Ecg.7358
dpy.2165
ecp.9778
ecg.270
spe.33301
ecd.71
scj.1573
msl.24600
ppx.2433
taa.4511
msc.1726
msl.1425
msc.26
hyd.1779
ecm.7257
hym.6676
msl.45637
scm.6584
scs.6580
ecm.8467
ecp.17639
fsc.7513
spe.9995
taa.10101
msl.37174
msl.25502
tas.4528
sct.22360
ppx.10286
htf.8801
sch.2305
opv.15010
ecp.2690
scj.9488
hyn.2287
scj.11711
Ecg.99
Fsc.48
tae.12145
tas.10748
fsc.11552
ecd.5061
hyn.6302
scm.5296
dpy.3099
scs.16687
ppx.17825
msl.55273
dpy.15380
msl.12890
msl.47408
opv.1106
scm.11309
ppx.25343
Fsc.957
spe.30643
tae.4212
msl.42302
ppx.36143
msl.4059
tae.9671
opv.3908
msl.58609
msl.56294
ecg.7773
Fsc.30556
msl.28656
scc.19668
spe.38553
ppx.32729
opv.6893
taa.606
scr.11339
ecm.8643
tas.8401
scw.11604
htf.8097
scw.23612
ecp.3253
tas.1382
scj.12645
msl.16013
ecd.10555
msl.23153
scc.22459
ppx.18361
fsc.7983
hym.5707
scs.10861
msl.14
scs.3747
gys.10888
hym.8835
sch.266
scw.23026
tas.5537
scr.13756
msl.24831
dpy.5458
trc.3676
Fsc.8399
hyn.11351
taa.7453
msl.59764
ppx.36619
hyn.1733
msl.31794
sch.4508
sch.8208
tas.6754
spe.11347
scj.6628
sch.10914
dpy.13391
Fsc.25317
ppx.35945
msl.13675
tas.10213
scs.19925
msl.14015
ecm.4576
msl.53018
spe.36793
sct.16913
spe.18356
hyn.482
tas.679
Ecg.1524
Taa.5151
tas.3817
Fsc.1993
scj.2282
sch.7488
hyn.9629
ecd.818
trc.5323
hyd.7875
msl.53534
dpy.6045
fsc.3676
ppx.14539
trc.5283
ecd.7772
msl.45415
tas.10107
Fsc.26002
tas.5351
ecp.16752
msl.44861
msl.27390
scr.7419
tae.11847
Fsc.17855
msl.31274
spe.22597
tae.12236
msl.59574
msl.5497
tae.116
dpy.15037
msl.37757
scs.12299
msl.7913
scw.22499
msl.33294
sct.15428
opv.9506
taa.4503
spe.5122
htf.7894
scc.1237
dpy.12108
msl.42539
taa.5939
msl.35693
msl.20685
scc.23329
ecg.4806
tas.2837
msl.41900
opv.9635
fsc.12304
msl.54901
scs.9630
gys.11362
scj.2816
Fsc.14288
ecd.4571
scs.1735
ecg.2820
scm.10360
scj.8971
msl.49226
msl.17542
msc.2507
Taa.4132
msl.41421
ecm.4696
ppx.34850
ecp.12308
msl.33776
scs.18239
hyn.8604
hym.6069
scm.6880
Taa.1484
cln.12209
hyd.3067
hyn.6036
Ecg.6820
hym.2900
scs.14243
cln.6434
msl.15718
scs.15967
Ecg.7003
spe.7885
tas.1965
htf.4555
msc.6040
hym.1852
scj.5006
ppx.2397
Taa.6356
trc.1872
scj.3795
spe.1451
spe.25026
gys.4010
sct.18342
fsc.5750
msl.17272
Ecg.3373
fsc.11693
sch.8061
Taa.9852
ecp.6251
smm.215
sct.17276
msl.55700
Ecg.9211
sch.13005
gys.4322
ecm.889
scs.10257
spe.19031
ecp.2943
scs.6949
tas.1336
ecm.3749
tas.87
msl.13393
fsc.15275
scs.5327
trc.14561
Taa.5544
tae.11454
ecg.343
fsc.14884
ecm.7142
scw.6643
ecp.5144
msl.45942
spe.31724
Taa.3163
msl.27954
spe.8128
Ecg.2502
opv.16245
dpy.2433
trc.8690
htf.8783
ecg.4467
trc.1820
taa.9027
ppx.6704
msc.7293
hym.10634
scs.14538
trc.3732
taa.1074
dpy.4461
msl.49955
msl.47192
ecp.7724
ecg.8852
scr.8374
msl.49288
msl.46596
tas.11501
gys.14985
msl.26187
Taa.8590
scr.23499
msl.34069
Ecg.4031
msl.47350
hyn.4623
Fsc.247
trc.18116
Taa.7241
ecp.9016
msl.56999
hyn.6509
scs.18830
ppx.25334
ppx.12513
ppx.15884
scr.12867
spe.4544
taa.8467
ecg.2387
scs.5440
tae.11465
scj.12537
ppx.32614
scs.2813
Fsc.6474
ecm.6165
tae.4041
dpy.8357
Ecg.8125
Taa.5425
ecm.338
sch.9218
htf.4661
ecd.7487
dpy.3660
spe.30423
trc.20307
opv.11401
spe.19314
sch.10955
msl.21046
ppx.17769
taa.6547
scc.20642
scr.13003
msl.28067
dpy.10945
spe.21584
msc.6594
msl.5794
dpy.9590
scr.19368
msl.21426
Ecg.1171
scs.3763
scw.3965
Fsc.2224
scs.13134
sct.17933
msl.51655
ppx.22708
msl.10066
dpy.14033
msl.22807
scr.16043
scs.15465
gys.14774
msl.20403
scw.20576
cln.7940
fsc.5433
msc.1
ecg.4398
fsc.3774
ecp.3344
ppx.31770
tas.7704
ppx.24545
scw.4003
scm.7740
msl.80
scs.9022
ppx.33289
scs.5432
scr.6604
scw.17166
scw.7124
scw.19024
fsc.12988
scs.11135
hym.10879
msl.53213
Ecg.9864
scw.12265
msl.29785
opv.8495
scw.25220
fsc.6829
Ecg.2808
ppx.2219
trc.8302
scs.15737
scs.12094
ecg.4570
msl.20071
scj.1124
scr.3768
sct.3156
spe.31359
scm.8325
scm.6269
spe.10617
taa.9579
scs.7275
trc.13006
sct.8059
Taa.1219
scr.22116
tas.4499
scc.16312
scc.11059
spe.13965
scm.7916
msl.16897
scj.6254
ppx.4775
ecm.3529
ppx.15723
gys.3743
ecd.8733
msl.37550
taa.1525
fsc.5488
spe.37286
hyn.12262
dpy.13690
msl.27493
ppx.7347
hyd.7921
msl.13697
spe.17776
ppx.12107
gys.618
taa.6103
cln.13541
scs.14528
htf.7064
scr.615
fsc.5387
hym.2540
opv.11257
scs.7186
taa.5386
fsc.3287
msl.14066
ppx.23695
msl.34523
trc.18691
tae.1756
hyd.7856
ppx.34003
ppx.17434
scw.21281
htf.6319
ecd.1792
scj.6015
dpy.4611
fsc.9787
Taa.8989
msl.13073
gys.13832
scc.19841
msl.4587
hyd.7502
hym.2209
msl.19147
hyn.1264
spe.15825
msc.3729
ppx.12419
ecg.6616
msl.15811
scr.19224
tas.4172
scr.14116
msl.19592
htf.6839
msl.46166
msl.22991
ppx.25928
hyd.7667
dpy.10295
scs.16848
taa.3856
opv.9226
msl.23503
tas.12389
ppx.17771
msl.26595
ecd.4131
sct.14196
Fsc.9168
fsc.2177
htf.4989
taa.13258
tas.8388
msl.39421
Fsc.33245
taa.4763
msl.51987
fsc.8089
msl.32067
ppx.13095
tae.2079
ecg.5854
tas.4723
msc.5230
spe.29826
gys.1759
Taa.5248
ecm.544
msl.25453
Ecg.5389
hym.7463
opv.10991
taa.7366
ecd.9770
ecp.14264
taa.927
msl.37260
sct.261
ecp.3351
sct.8625
Fsc.16886
msl.45560
tas.3139
scm.758
tas.1297
msl.41645
opv.11576
gys.12849
cln.315
spe.4427
msl.5262
msl.12315
gys.11412
dpy.7477
tas.6114
ecp.5651
tae.10777
scs.4948
cln.3639
ecd.6973
fsc.6834
ecg.3918
ecm.1569
spe.26436
msl.26095
trc.16138
ppx.35471
ppx.24976
opv.2032
msl.53382
msl.19681
trc.1794
scw.24184
sct.11154
htf.8748
gys.8326
sct.8916
gys.13792
dpy.19180
cln.7097
sct.8429
scm.2553
cln.4201
tae.7692
tas.2148
tas.5827
ppx.4243
opv.15135
scc.14616
opv.11320
spe.8493
ecg.8178
scs.13208
msl.35797
ppx.28267
scr.15652
ecp.5418
scw.6781
spe.33853
Ecg.8394
msl.28907
scc.12699
trc.15559
Ecg.1534
ecg.9781
taa.3330
msl.52112
msl.33452
opv.15750
taa.1825
Ecg.9682
scm.2330
tae.3419
ecd.1489
msl.10736
scc.18826
dpy.8875
hyn.6217
msl.19942
msl.31473
scj.6294
ecd.9618
msc.7180
scs.9582
scs.6492
tas.2702
opv.12942
sct.13349
tas.592
hym.3934
hyd.4925
msl.12263
sch.8775
ecp.7504
trc.7067
ppx.24413
tae.3753
hym.9747
scs.9051
msl.46390
hyn.1270
hyn.3251
msl.59546
ppx.25136
ecp.4292
hym.595
Fsc.23085
ecg.3496
ecd.6648
opv.7851
Taa.6711
tas.2012
tas.5935
msl.24148
tae.11555
msl.44022
sct.17592
scs.16029
msl.15121
Ecg.4157
spe.23734
cln.4777
gys.5975
scm.4302
Taa.2882
scm.8113
dpy.10514
msl.26289
sct.13189
msl.48172
ecg.7002
scw.3461
msl.9679
Ecg.392
msl.49922
msl.4303
dpy.2718
scc.10737
taa.1145
msl.6435
tae.7060
gys.15325
msl.26176
ecm.1786
tas.6692
msl.56040
ecp.4458
opv.15804
taa.7372
sch.8294
msl.35647
tae.1022
trc.14512
tas.4773
spe.6092
msl.38294
taa.9454
ecm.9621
dpy.5824
msl.15720
scj.660
tas.4374
Fsc.31437
spe.35659
ecp.11018
msl.5213
sch.6864
ppx.13052
tae.2657
cln.4420
hym.11595
ppx.1633
msl.29891
hyd.7405
tas.8845
fsc.7873
spe.10125
trc.1145
scm.4676
scw.7817
dpy.8812
ppx.25260
htf.5970
cln.6559
htf.3253
spe.36170
trc.8902
ppx.29781
ppx.7281
spe.8472
scs.10523
spe.3127
fsc.13161
scw.13238
ecd.9132
htf.11555
sch.5955
dpy.12767
spe.13812
dpy.17561
spe.19139
msc.3692
ecp.8012
ppx.36104
tas.13104
msl.23192
msl.9238
ppx.27558
scr.9246
tae.2223
fsc.3738
spe.19813
msl.11253
spe.4990
scw.7296
trc.1356
Taa.8734
ppx.5145
ppx.10752
tas.9493
ppx.4061
ppx.36751
spe.34057
cln.1931
dpy.11567
htf.5853
taa.6828
scs.5999
ecp.3023
spe.29513
scs.11309
scw.16605
ecp.1094
htf.10678
spe.5685
gys.454
fsc.14787
cln.6478
tas.12142
taa.6292
ppx.23313
hyn.3003
Taa.1509
scr.19859
sct.20375
ppx.15178
scc.4809
ecd.879
taa.4165
trc.19907
scj.292
scr.22859
tas.12462
fsc.9374
msc.582
trc.10971
tae.2278
htf.6326
trc.13826
tas.8051
msl.40601
ppx.26328
tas.6873
ppx.16417
scs.2217
dpy.18690
cln.1427
scr.13602
Ecg.993
dpy.12726
tas.112
fsc.3681
ppx.29383
spe.14706
sct.22935
hyn.5397
scr.9617
msl.37456
ppx.3744
sct.3954
spe.12127
msl.16676
scj.512
spe.32164
ppx.18745
ppx.1505
sct.8282
scr.3384
scw.8081
msc.4744
ppx.35874
scm.4486
sct.21786
tae.1888
ecm.342
spe.25133
ppx.20164
scs.15268
ppx.6406
ppx.3661
msl.5857
trc.16571
scw.4434
tas.9284
tas.11775
sct.2124
ppx.32765
dpy.12984
dpy.801
opv.4528
spe.36833
spe.25136
spe.16780
Fsc.28759
sch.10236
trc.20389
dpy.9822
Fsc.6004
scc.10682
ppx.12763
gys.8671
gys.10851
hyn.5575
ecg.2244
Ecg.4740
gys.11138
msl.27603
spe.37192
spe.22144
cln.3960
Fsc.31166
opv.8195
spe.26356
opv.15485
ecm.9037
dpy.760
spe.10544
scc.16047
Taa.575
smm.2793
ecm.718
ecp.10325
scw.3279
fsc.14006
tas.11875
ppx.16900
scr.21556
cln.3701
scr.22041
scc.8064
ppx.26467
ppx.2795
dpy.1986
msl.46807
sct.22426
dpy.16736
tae.6154
hyn.547
gys.6513
spe.21368
Fsc.6046
scw.13633
scm.5113
sct.21727
sct.16630
hym.12301
taa.298
gys.5412
scc.12200
scr.5826
dpy.16064
ppx.3572
scc.8092
msc.8900
ppx.19240
spe.4963
hym.8975
hym.4133
sct.15628
dpy.5037
Fsc.12139
sct.9155
scc.10242
sch.1415
