

htf.7091
ecp.9441
msl.50626
cln.272
sch.8630
Fsc.17228
Fsc.27531
smm.2355
scc.2937
scr.7382
scr.10486
sct.5489
sct.14828
scr.23492
fsc.5119
ecd.7285
scc.16029
ecd.8576
Fsc.6018
spe.8611
scw.8090
hym.3419
spe.35695
msl.43882
scw.1843
dpy.19689
msl.23378
Fsc.2911
scj.5425
ecd.6400
msl.34875
scw.13731
dpy.18765
Fsc.31343
scj.2133
trc.1355
spe.16532
ppx.37895
scs.10314
scw.20849
spe.28106
sct.20759
gys.5040
smm.567
Fsc.29594
scc.12931
trc.18310
scc.4539
spe.25843
scm.9809
scc.8391
opv.15234
ppx.27791
scw.21187
scr.5669
ppx.22879
spe.27337
tas.7652
spe.13208
scw.26074
ecm.2652
trc.9194
ecg.1092
sct.7950
ecp.916
gys.12299
ppx.6333
fsc.15359
scr.14764
scr.15915
ppx.2859
ecg.8732
ecp.735
spe.11292
dpy.18378
ecp.1975
Fsc.31711
msl.41275
hyd.3253
taa.2536
msl.13609
msl.48431
spe.25662
htf.9018
scr.4756
scr.23141
scm.1922
scw.25167
msl.24930
spe.24336
spe.26746
msc.5171
msl.48785
ppx.18135
msl.59273
ppx.19588
trc.7130
scc.16083
scs.6369
ecm.8682
scs.17252
scj.12317
spe.29948
msl.20450
spe.10867
hym.6006
tas.8725
scw.24831
msl.33658
Fsc.1879
ppx.33762
msl.26974
sct.18901
Ecg.8873
cln.4817
htf.1011
fsc.6311
scm.2495
scw.22292
tas.12546
gys.6832
dpy.5308
ecd.5474
ecp.5324
fsc.675
scm.10390
scc.9202
scc.21066
msl.13583
opv.116
ppx.16246
scr.19931
msl.2117
ecd.7671
msl.6137
Taa.7945
hyn.2485
taa.4904
scm.5162
scw.18214
ecm.7564
scm.1598
ecp.62
scj.10676
sct.11694
msl.39561
trc.11890
msl.25562
scr.9609
scj.7897
scc.14244
Ecg.8523
scm.10620
tas.3743
msl.39711
msl.10920
msl.38077
Ecg.8681
scc.13011
ecd.10028
ppx.19998
Ecg.8116
Fsc.10837
fsc.13315
hyn.601
scs.12196
Taa.416
scr.8939
spe.21637
scc.22715
ppx.15698
msl.52347
sch.10909
msl.43023
cln.1295
scs.10345
msl.44280
ppx.28693
Fsc.1348
ecp.5721
scs.13530
msl.32762
msl.3775
cln.380
fsc.11910
opv.3526
sch.6882
ecd.7455
scm.913
gys.5475
spe.13710
ecp.3042
Taa.4650
fsc.142
taa.5734
tas.6008
hyn.10776
ecp.12345
dpy.11849
msl.21789
hyd.1566
msl.7138
tas.10968
opv.5197
htf.8434
msl.25815
Ecg.10011
tas.9709
taa.9445
scc.8790
spe.10693
tae.8984
htf.971
ecm.1123
dpy.13548
taa.1721
msl.15605
ecp.14547
scj.352
msl.34403
gys.3425
scs.13735
taa.8428
spe.28354
msl.38162
tas.3323
msl.3029
dpy.7131
fsc.4049
tae.11709
scw.9386
scw.4847
msl.26072
hyn.5944
scr.2251
msl.11184
sch.6391
ecd.10309
hym.4935
Ecg.5129
trc.1932
msc.8063
hym.4400
ecp.7806
msl.39473
scs.8978
Ecg.5850
dpy.15973
htf.9952
fsc.2242
opv.6552
ppx.6626
ecg.880
gys.12328
Fsc.11692
msl.50504
msl.33950
spe.32764
tas.5536
gys.3919
ppx.15775
msl.1635
Taa.6038
msl.21736
spe.9271
msl.50177
hyn.10661
spe.7701
tae.1096
opv.489
ecd.3295
scs.10902
hym.11803
htf.956
fsc.2325
msl.27542
trc.1636
htf.514
htf.3455
Taa.3483
ecd.24
msl.53186
scs.3130
Taa.6804
scs.19723
sct.21123
tae.3838
scj.3782
Ecg.7209
spe.22588
sct.616
htf.4120
msl.35774
spe.27141
htf.8602
trc.16941
hym.11964
spe.19527
sch.11077
msl.45440
cln.1493
taa.2574
msl.5683
htf.6229
msl.29343
spe.15994
spe.19750
scr.3281
trc.1401
ecm.9977
msl.54637
ppx.9269
hyn.4542
ecg.7975
scw.1734
hyd.4092
ecp.2813
opv.3627
msl.12626
ecd.4882
scw.3722
trc.4395
ppx.15708
scj.3240
msl.32444
msl.44000
msl.32850
spe.34925
msc.3016
hym.12129
smm.741
sch.8794
spe.2051
scw.9902
trc.10370
ecp.672
msl.44553
scw.21692
scc.4549
msl.19193
ecg.1629
scc.17732
ecm.4889
trc.5668
msl.49942
scw.22979
taa.279
spe.19112
msl.19563
msl.51612
msl.17347
msl.11374
scc.3512
ecm.532
Ecg.2095
scs.4606
msl.33181
opv.11617
msl.37161
ppx.7252
scc.7053
msl.6036
tae.7057
taa.6587
scr.6212
Fsc.2468
ecg.1148
opv.8154
hyd.8642
ecp.11177
spe.19027
scc.20524
scw.11598
ecm.1398
msc.1374
msl.52409
scw.5789
fsc.14161
msl.29756
cln.6666
scr.2725
Ecg.9821
msl.38175
dpy.3108
taa.10269
cln.681
trc.4880
ecp.6208
ecg.3103
msl.58994
msl.27713
taa.5931
scr.19711
sch.3408
tas.10503
tas.2463
ecd.2151
trc.3129
taa.10111
Fsc.24735
scr.13023
scc.20750
msl.42590
taa.11166
ecd.9078
scj.11627
scs.3770
taa.5401
scr.20088
scs.13121
sch.10120
msl.50510
hym.3345
ecp.12490
ecm.5782
opv.8012
ppx.37508
scj.2136
gys.14745
cln.10502
ppx.28254
taa.5777
scw.14666
spe.29444
scj.5992
cln.4115
gys.999
taa.2750
msc.5582
scs.6655
Fsc.610
msl.30408
ecd.6674
msl.19135
ecm.7376
Fsc.23905
cln.1858
msl.23676
msl.9313
cln.11425
msl.54755
ecd.2409
taa.10708
scs.1012
scj.4471
hyn.10270
opv.1789
msl.40082
msl.47210
tas.10819
ecp.18380
cln.1504
opv.6493
ppx.31417
ecp.177
trc.6638
dpy.9381
Fsc.12604
msl.53705
scr.10391
ecm.8918
ppx.14182
msl.12279
spe.33659
scs.3238
Fsc.6568
msl.28794
hyd.7246
msl.19616
msl.10904
msl.35986
msc.643
msl.14699
ecd.4468
scw.4797
msl.27627
scc.19718
ecm.2662
msl.53592
tae.4060
fsc.10528
opv.4891
trc.5263
scc.8497
tae.11004
ppx.19153
msl.20348
hym.4539
msl.60512
ecp.11203
scm.9893
msl.41965
gys.5084
fsc.7896
taa.2603
scj.855
scj.3572
msl.44538
ppx.518
fsc.1716
ecg.6010
msl.47399
msl.43117
msl.35951
spe.15360
ppx.12558
scc.18449
spe.28730
spe.6354
msl.59160
spe.21002
hyd.1852
hym.4571
taa.6677
scc.11009
cln.4030
opv.10525
sct.9472
sch.9427
gys.10227
dpy.5226
spe.34011
msl.35917
ecp.11412
cln.4401
Taa.4131
hyd.3516
msl.55657
scr.1826
spe.35247
ecg.742
gys.6253
hyd.9276
msl.4571
ecg.5907
scr.18162
scs.11182
tas.5321
ecp.9131
msc.2798
cln.523
fsc.13348
tae.11335
msl.6374
scs.19576
spe.11923
ecg.3134
msl.28370
ecd.8792
msl.1760
opv.281
taa.4564
msl.32996
taa.4945
msl.2773
opv.5079
ppx.17629
opv.13278
ecm.9294
sct.5069
msl.880
htf.7423
msl.34995
gys.1976
hyn.76
scm.9674
scs.5727
taa.1956
hyn.3389
spe.13918
opv.6159
msl.15542
dpy.3347
scs.16854
msl.12780
scc.4828
fsc.12551
tas.8487
scs.17530
hyd.8413
scr.8769
taa.931
scs.6560
msl.28197
dpy.3721
msl.40226
msc.7519
Fsc.22963
fsc.11207
Ecg.9723
msc.10506
sct.909
msl.1744
scs.7494
hym.8172
msc.9120
fsc.8681
taa.349
msl.36871
Taa.4236
spe.19166
tas.7253
ecp.2312
sch.675
msl.29564
spe.12226
spe.17400
msl.25268
tae.11735
msl.37323
cln.12321
hyd.5954
dpy.6932
spe.1090
taa.9327
hyd.4963
msc.9912
ppx.33167
msc.10194
sct.22881
taa.3956
htf.4138
spe.1608
scr.2761
msl.45245
Ecg.8513
scc.9711
ecm.4207
msl.39760
msl.40411
msl.60020
fsc.3495
msl.23175
msl.58567
opv.3546
spe.14513
msl.55325
msl.18709
hyn.9688
ppx.34283
msl.21707
scm.6436
hyd.6690
msl.14291
ecp.719
scw.1809
Fsc.14057
hym.9003
taa.3047
htf.2439
htf.2213
ppx.13478
taa.3987
tas.8335
sct.7440
scs.7440
opv.3935
hyn.2794
msl.53175
cln.4548
fsc.12933
hyn.8814
gys.2157
msl.3180
gys.6138
msc.6907
Ecg.9405
msl.58203
scw.4538
tae.577
scw.10187
msl.7205
Fsc.30803
dpy.13243
trc.21228
ecp.11584
spe.16371
msl.33048
opv.11114
hyn.6511
ppx.6028
msl.52811
scs.17767
ppx.11246
msl.21132
scm.2697
msl.15992
scs.6908
msl.58095
msl.9067
scm.4942
tae.4638
msl.18993
fsc.12585
dpy.5462
hyn.6032
hym.1751
hyn.11365
msl.35822
taa.2594
cln.7419
dpy.10106
msl.11211
Taa.5331
msc.3813
msl.47414
hym.5355
taa.7770
msl.28137
cln.930
Taa.6340
Fsc.16836
msl.11648
cln.2256
scj.2975
msl.26415
spe.2613
hym.1545
opv.2211
cln.6564
opv.7518
dpy.4428
scm.5488
msl.42258
ppx.20288
scr.19174
scr.1670
hym.10208
msl.45058
ecm.10323
msl.58255
scw.23442
msc.7127
hyn.11042
msl.27337
msl.9572
scw.21894
cln.9083
msl.3379
msl.34105
sch.451
msl.28187
scr.15902
scc.3262
scm.2719
cln.11805
ecg.4624
taa.11697
hym.8411
Taa.6584
fsc.12818
scc.19914
fsc.15578
Fsc.18280
msl.6550
msl.39915
fsc.12998
opv.5232
tae.4081
scr.5848
opv.2458
fsc.14815
msl.58844
Ecg.8502
ppx.21501
sch.1390
hyn.12519
sct.21720
Ecg.8210
Fsc.810
sct.18084
ppx.361
trc.15155
hym.6327
msl.26355
ecg.2869
ecd.176
scr.17252
fsc.12352
tas.3621
msl.31246
tae.259
gys.2246
scm.233
scs.15625
Ecg.1963
trc.10572
ecg.4027
sch.4295
ecm.1834
ecg.1291
scm.71
msl.37664
hyd.3694
scc.3926
msl.4731
msl.19833
Fsc.20197
ecm.2976
ecd.10216
ecd.1739
spe.12511
scs.5872
scr.22962
trc.5797
sct.8692
msl.35101
ppx.10960
fsc.10115
gys.6568
opv.14761
tas.708
Ecg.6125
msl.55488
cln.4980
msl.51692
tas.6608
Ecg.4422
opv.3538
ecd.343
tae.5387
taa.8256
msl.39841
ppx.25022
tae.10201
Fsc.16279
ecp.14127
Taa.5944
ecm.1647
dpy.3021
tae.5953
dpy.7003
tas.6612
taa.9362
htf.3973
msl.60355
msl.14329
fsc.7565
gys.13828
scw.17249
htf.5861
msl.15799
Ecg.5058
ecg.2503
opv.1369
cln.6396
msc.1386
Fsc.21056
spe.28403
sch.3928
scj.1772
msl.56992
hyd.10892
ppx.26930
Fsc.2111
gys.3983
scr.12085
ppx.33916
ecp.11664
ecp.12593
cln.4047
hyd.1734
msc.8918
trc.4186
dpy.14289
msl.30141
cln.6106
sct.9598
msl.2713
Ecg.1581
msl.7130
Fsc.6600
msc.2644
msc.3409
Fsc.17612
msl.1080
sct.13613
Fsc.23395
tas.8231
msl.14511
msl.42206
ecg.3760
Fsc.18386
cln.3484
fsc.3872
ppx.23893
cln.10299
hym.8743
spe.15213
ecd.6309
scw.611
tas.230
hym.1631
taa.4459
spe.27537
tae.6078
scm.4548
opv.12235
spe.3111
ecp.17825
tas.1727
scr.9131
tae.3707
spe.32327
msl.7532
dpy.9970
htf.424
fsc.15560
scc.7527
ecd.4997
ppx.185
hyn.2013
dpy.4596
tas.12038
msl.39637
ecd.65
ppx.19323
scc.492
scc.20156
smm.944
Fsc.23546
scm.11300
spe.10269
Fsc.7673
scs.2329
fsc.11993
Fsc.10481
ecp.148
sch.6280
ecm.2987
msl.13266
msl.14696
scc.4836
taa.2923
ecm.8345
msl.22226
opv.12641
Ecg.7539
ppx.18066
opv.5783
scs.7702
scj.5901
hym.4612
Fsc.12158
msc.5014
spe.32672
ppx.25687
ppx.23563
scw.7649
tas.6108
spe.30434
Ecg.2553
sct.15538
sch.3574
ecp.5
ppx.31409
htf.5151
Fsc.8248
spe.14384
spe.13553
scr.24
spe.26046
ppx.13473
fsc.8599
Fsc.31165
scc.5772
trc.21576
Ecg.6275
sct.15008
Ecg.8289
ppx.26906
ppx.2738
msl.18302
ppx.21841
Taa.1886
spe.34589
scs.6668
ppx.32445
opv.14881
scc.9201
smm.1446
hym.10416
tas.10063
spe.37481
msl.2516
ppx.19365
taa.4100
sch.8183
scs.9741
ppx.6679
scr.5204
trc.14854
scr.9938
dpy.1441
hyd.3932
scc.18009
hym.3705
opv.10993
opv.74
taa.11643
taa.11639
scc.23120
dpy.17689
scr.16683
scr.5392
spe.1344
ecg.1892
scw.25474
ppx.9075
tas.591
spe.15455
msl.34192
ecp.17661
cln.10797
scs.1275
Fsc.16652
sch.12044
sct.481
Fsc.30474
sch.4252
scw.6934
msl.39106
tas.12565
scr.14683
tas.8428
spe.21678
ecd.6715
ppx.21117
hyn.12982
hym.8585
spe.6054
hyd.4926
scr.14527
hym.12224
Fsc.16591
ecp.1965
Taa.7219
gys.7365
smm.3574
hym.9325
htf.5926
opv.10186
scs.9762
scs.14875
tas.3085
spe.3827
sct.21456
fsc.4475
ecp.958
msl.45581
Fsc.23311
htf.10120
trc.21501
ppx.11232
sch.9029
ppx.32426
taa.8311
spe.10134
ppx.1552
smm.2239
gys.13039
spe.22338
spe.12751
fsc.8266
scw.7140
scr.10984
scc.16022
scc.4043
scw.25535
msc.5860
msl.9275
htf.10793
spe.7054
scr.15809
hyn.1800
dpy.13529
msl.54370
Ecg.2264
cln.5311
scr.22224
hyd.7149
scm.8797
ecg.8316
dpy.4614
hym.8581
dpy.17232
hyd.10561
spe.12000
scc.20274
ppx.12784
spe.27279
ecg.5814
ecd.193
Taa.5089
cln.197
ecp.1293
ecd.125
spe.38233
ppx.24595
trc.2645
ppx.21728
hyn.12646
ecp.2972
scr.1940
ecp.16961
cln.11089
dpy.12583
gys.7979
scw.25912
ecp.3583
trc.10912
ecm.10296
spe.22036
htf.5807
scr.82
cln.2863
Fsc.7763
ppx.9005
dpy.18761
scr.16171
ppx.29609
gys.10754
scw.14043
ppx.36900
gys.4946
hym.6426
ppx.34285
gys.8745
