

msc.726
msl.29070
cln.6723
trc.936
Fsc.24861
Fsc.20893
scc.3240
scr.16956
spe.33846
Fsc.26759
Fsc.26586
sct.9186
ecg.5892
spe.37526
Fsc.30364
Fsc.8494
scw.21378
scs.1587
scr.19053
Fsc.21392
ppx.31264
Fsc.4583
dpy.18181
sct.16097
ppx.13755
sct.476
spe.33875
dpy.1895
scj.11449
scs.20139
Fsc.11747
sct.14929
scw.15692
smm.881
gys.12490
opv.9311
spe.7249
ppx.5178
cln.1855
Taa.10224
dpy.17563
gys.7463
scw.3365
sct.6569
dpy.18870
spe.15466
scj.6122
trc.17761
scr.20856
scr.20829
msl.45850
scw.24302
sct.21379
scr.4432
cln.9346
scs.18551
gys.14214
Fsc.19204
sct.5602
spe.10644
gys.8035
taa.10884
trc.21901
spe.25943
spe.7289
spe.448
sct.4299
ppx.34393
msl.39211
ecp.15513
Fsc.8628
gys.7865
ppx.18128
scr.11689
hym.3595
smm.497
trc.11532
taa.6331
Taa.1693
hyn.9580
htf.2449
msl.52189
Fsc.19488
tae.11703
scs.18905
gys.1925
htf.6158
scw.9515
msc.4229
ecg.5029
tas.2130
scc.11857
opv.1325
scs.3651
scj.6238
scc.5176
htf.1378
hyd.9229
scs.12145
sch.10855
ecm.7602
sch.8245
scr.23591
hyd.8856
fsc.4964
msl.20509
htf.862
tae.4596
msc.6491
msl.23092
opv.10176
scr.4173
spe.5672
tas.8319
msl.4049
ecp.11807
scc.5745
msc.8200
scr.10422
msl.15881
htf.10758
ppx.27472
htf.9443
hyd.1928
msl.14003
scj.6898
tas.317
msl.30311
ecd.2384
msc.2284
msl.43325
trc.16817
tas.2733
hyn.9368
fsc.9076
opv.1161
ppx.588
ecm.1198
msl.60345
fsc.8443
ecg.1786
tae.5370
scs.7593
hyd.8600
msl.26836
taa.2703
Fsc.6977
scj.5335
sch.6572
msl.16295
ecd.5254
msl.38846
ppx.25770
cln.2208
msl.59222
opv.14115
scr.5237
fsc.1478
opv.8155
taa.755
scs.17224
hyd.8128
fsc.5942
ecp.13254
scm.7887
msc.3879
msl.27510
msl.23521
ecp.16008
scc.22977
hym.4556
fsc.9758
ecp.11226
scm.162
msl.46633
scj.9866
ppx.37291
msc.2162
msl.51089
ppx.4357
Taa.6418
msl.22709
trc.21375
spe.36760
msl.26641
hyd.2695
msl.25187
msl.8876
msl.17507
scw.20877
scw.4155
ppx.36434
ppx.30013
ppx.14967
opv.12388
Taa.9178
ecp.9544
ppx.20855
msl.11134
sch.13045
tas.10139
scs.16599
ecd.2199
cln.9940
msl.18144
ecm.7474
scc.9688
msc.9812
spe.2198
opv.11354
scs.15507
msl.37084
fsc.9594
taa.9635
ecp.17095
hyd.11037
sch.8440
ecd.936
ecd.5301
ecp.2586
trc.18711
msl.45082
sch.2138
ecp.1678
msl.24187
ecp.2420
tae.8240
ecm.5004
taa.1399
msl.27705
tae.3906
hyn.13138
htf.9527
scc.16634
Taa.6
scm.6965
msl.22573
tae.1979
htf.509
gys.5879
taa.3161
sch.1082
fsc.11131
tas.11848
msl.29639
scr.10482
tas.9542
msl.42269
fsc.12185
ecg.9552
ecm.2545
Fsc.13696
scm.5317
ecp.928
gys.3129
scc.9500
msl.59159
ppx.32038
scj.7460
ppx.19872
trc.14751
fsc.14503
scs.10004
taa.954
msl.37234
ppx.25884
scj.10739
ecd.3430
taa.10178
sct.4879
ppx.15814
Ecg.8472
sch.10388
Fsc.19216
cln.11978
hyn.8125
tas.2232
scs.15409
msl.56877
msl.18916
ppx.644
gys.13964
Ecg.848
taa.6145
msl.16475
msl.32189
msl.59127
cln.6767
msc.1773
msl.11835
htf.9402
ppx.4808
spe.14053
gys.8997
scs.11095
scc.13950
opv.9834
ecm.7963
taa.3229
sct.9316
msl.31905
dpy.13489
Taa.6261
tas.7087
spe.29215
cln.10899
msl.33395
scr.7969
ecm.3759
scj.1846
Taa.1131
ppx.19473
msc.9604
fsc.7906
Fsc.19059
hyd.89
msl.27631
msl.46133
sct.493
ppx.14470
spe.1541
msl.31134
msl.26694
Taa.8454
scc.10961
msl.6089
hym.7547
Fsc.21337
scc.8601
hyd.7061
ecp.11230
ecm.4477
tae.7927
spe.19535
msl.23342
msl.59854
msl.46583
opv.13522
taa.4731
dpy.6833
scm.1626
tae.762
dpy.3469
msl.35926
scr.18773
opv.12528
sch.1507
msl.36904
msl.30357
scc.10699
tae.5413
scw.8847
msl.7227
Taa.8230
Taa.201
scr.15032
msl.25353
msl.40505
spe.34392
scc.19545
msl.25804
scj.3405
scm.5819
ecp.13820
taa.1705
ecg.8478
tas.1401
ecd.5720
Fsc.26292
trc.18427
spe.11054
Fsc.16135
msl.5237
dpy.14782
opv.7447
scc.6122
ppx.16908
scs.2510
scj.7172
gys.12808
dpy.6059
cln.6598
hym.2720
msl.43939
msl.45707
ecg.2679
Fsc.31565
scs.15587
msl.45623
Taa.7673
opv.14482
trc.15965
tas.4294
opv.5065
trc.19672
spe.23334
Fsc.25466
msc.6587
ecg.1693
scw.3439
scs.15524
ecg.42
hyn.5253
ppx.11814
ecg.214
ppx.18914
ecm.2553
fsc.5054
hym.2436
scs.4799
htf.11344
opv.11779
trc.20202
ecp.3789
hyn.1728
scw.7957
cln.4634
scr.11214
fsc.4397
scc.7240
Taa.756
hyd.4300
opv.12866
tas.5385
taa.3003
ppx.498
ecm.6701
msl.49707
Ecg.435
taa.8060
fsc.12834
spe.4059
ppx.26726
tas.3159
sct.7314
hyn.8441
Taa.6816
scw.3240
htf.2107
ecd.1999
dpy.12803
fsc.14878
dpy.2208
cln.8740
hyn.1324
ecp.5775
hyd.671
tas.10043
scr.5655
Fsc.838
sct.9288
dpy.6127
ecm.5945
sct.12177
trc.11500
trc.4035
msl.44803
scw.16166
ecp.14460
tas.6929
htf.7835
ecg.4904
msl.21447
scr.2801
scw.19695
sch.1121
dpy.1269
ecp.2816
dpy.6917
scm.7966
hyn.931
ppx.26946
msl.41479
ecm.4627
sch.11120
scc.10176
scm.9490
sch.9885
scm.6442
taa.10543
ecg.8593
scw.21111
Ecg.3453
spe.38237
tas.12780
sct.15687
trc.6155
scw.14664
scj.11864
msl.37108
msl.10865
msc.7473
scw.6162
Ecg.8943
ppx.7283
msl.22762
ecp.17004
msl.18951
msl.34490
tae.9777
msl.9106
sct.5246
ecg.2819
msl.56972
ppx.27695
cln.10249
scs.14112
taa.2352
ppx.22022
msl.42647
ppx.34010
htf.10023
spe.195
Fsc.19800
scs.11920
hyd.5494
msl.46723
htf.5589
scr.15948
ppx.7308
cln.12716
msl.33955
cln.5760
sct.19587
msl.42392
scs.6162
taa.10631
msl.28727
msl.20155
ppx.28321
Ecg.4681
dpy.8157
msl.11338
hyn.7357
taa.10940
taa.2818
scw.6980
ecg.2145
Taa.325
fsc.9332
msl.7026
dpy.614
scs.6400
msc.3809
scc.21233
msl.23575
ecp.5810
hyn.6647
msl.55847
fsc.9187
spe.30248
spe.29544
trc.3115
sch.4496
msl.28833
cln.9573
msc.7430
ecp.14496
fsc.10247
cln.187
hyd.10160
opv.326
msl.35592
scw.5743
ppx.26662
msc.623
taa.11113
msl.40113
Ecg.9245
opv.5534
hyd.2720
scj.1423
Fsc.967
msl.7266
taa.2471
msl.59076
hyd.1594
tas.6113
scs.1818
ppx.7886
ppx.30446
ecg.9258
spe.3172
taa.2744
msl.32644
tae.7091
scm.1706
gys.2597
msl.42321
htf.9141
msl.4035
ppx.5331
ppx.26719
msl.58664
fsc.6421
msl.41757
opv.1259
hym.8034
scj.10626
msl.15365
ppx.1613
Taa.7839
msl.59100
taa.7246
msl.51333
ppx.19899
sch.6607
tas.3844
dpy.4988
tae.5095
scs.13362
Taa.8737
ecm.7533
hyd.8598
msl.2787
trc.9152
tas.1953
scc.21044
Fsc.25420
msl.51628
Ecg.5059
Fsc.8921
scj.2855
msl.59393
scs.15633
Taa.890
ppx.20107
msl.44414
taa.7971
msl.3708
scm.2860
scm.48
msl.27657
hyd.3680
ecm.3387
fsc.5112
hyd.10796
Taa.9615
opv.12983
ecm.8704
ecp.11399
ecd.2208
msl.46784
scs.16519
spe.10925
hyd.7041
Fsc.20571
scm.8153
ecg.7334
dpy.13475
msl.9503
tas.9465
msl.43967
tas.12526
dpy.18658
scm.2325
taa.12271
msl.15606
Taa.7763
Taa.5135
Taa.8621
ecm.1890
msl.56328
ppx.21271
hyn.8751
opv.9593
hyn.1213
scs.11878
msl.11809
ppx.3118
msl.59092
ecd.3641
taa.4190
scs.4597
scm.9338
scc.18210
Fsc.12644
fsc.1995
msl.59905
opv.11464
ecg.5526
Fsc.26922
taa.2441
ecp.11975
sch.7632
gys.4480
trc.1940
tae.5283
Fsc.21027
msl.10942
Taa.2415
trc.4967
scs.12412
ecm.8121
tae.11498
ecm.8809
scc.11105
tas.7560
scj.3276
scw.13465
taa.9223
sct.10654
ecm.3433
ecd.6225
Taa.4286
spe.12441
msl.29266
cln.6132
msl.55131
tas.5367
msl.51155
Fsc.4468
scs.6831
taa.3930
msc.1480
msl.31210
msl.20938
hym.788
trc.11301
msl.51138
msl.18335
scc.17294
msl.41360
spe.27545
tae.7946
Fsc.28388
scs.7870
scs.5697
hyn.2979
Fsc.503
msl.27860
scw.16575
msl.36076
trc.10728
msl.30472
ecm.4199
fsc.11143
msl.6004
ecg.3048
gys.6472
dpy.7745
ecp.4033
Fsc.20510
scc.9673
Taa.624
msl.21164
msl.24692
scc.1
tas.11697
hyn.8156
scs.12349
scc.6660
msc.5309
hyd.11019
fsc.633
Fsc.4426
tae.5357
spe.3425
msl.1955
cln.12491
msl.3002
scm.6743
ppx.22053
sch.6614
Fsc.281
scr.14538
scr.3633
ppx.32121
tas.6538
scj.6078
hyd.5086
ecd.5636
fsc.8409
tas.6791
opv.11402
scj.5541
scc.12588
scw.13748
spe.33199
msl.7877
fsc.6034
fsc.8072
Fsc.31444
msl.42280
msl.39274
taa.4678
msl.25113
hyd.2076
tae.8484
ecp.10342
trc.16271
Ecg.2790
cln.12635
Ecg.6240
ecp.5166
opv.16340
gys.10368
ecm.3496
msl.14289
taa.182
ecg.2740
scc.9965
hym.1117
scs.8417
hym.10199
ecp.9108
Fsc.26986
msl.14436
Ecg.7603
cln.12607
ecg.1617
scw.23913
spe.12171
ppx.15160
hym.7060
scw.6335
msl.30802
msl.9121
msl.19538
ppx.32704
msl.29831
ppx.29852
ppx.14483
scj.10749
hym.10566
msl.13417
opv.16273
dpy.2372
Fsc.848
msl.50727
opv.8224
Ecg.1623
tas.10172
hyn.7658
ecp.3333
ppx.2608
ppx.16166
opv.13429
msc.1462
scr.16586
scm.5518
ecd.6031
ecg.7875
scm.4613
trc.11944
msl.44621
fsc.10357
fsc.695
tas.4165
ecg.5365
hyd.4262
ecg.2904
msl.33241
dpy.6069
hym.4199
Fsc.15909
trc.7689
spe.25231
scc.10165
cln.9919
taa.12584
scm.9940
scw.24669
ecp.12038
dpy.6413
spe.31146
scj.983
ppx.26225
ecp.9995
htf.1836
msl.24636
scw.18945
ecp.8108
ppx.5493
opv.12085
Fsc.12883
ecp.5389
cln.4266
opv.5298
hyd.5358
tas.4710
spe.38390
hym.2462
scw.7067
msc.8891
Fsc.5845
msc.7155
ecp.13425
hym.7452
tas.3408
scr.19813
taa.5729
sch.10796
msl.32974
cln.1464
cln.9233
scc.4457
sct.6040
scs.5597
cln.7715
fsc.2369
ecp.3071
msl.41678
spe.2987
scs.3676
trc.2702
spe.11885
dpy.12972
cln.6895
hyn.9772
scs.20213
Ecg.803
msl.38982
msl.1969
hym.3719
hyn.5574
tae.9425
spe.1528
sch.5636
ppx.7791
hyd.3945
tas.8407
scr.10410
Ecg.3817
spe.15800
msl.14526
sct.15880
ppx.14482
scw.12569
hyd.6129
Ecg.8120
spe.6603
ecp.870
msl.43076
scr.19268
hym.6704
ecg.1571
ecg.9290
ppx.10688
tas.2367
trc.5433
spe.25372
spe.16070
hym.8711
ppx.9304
scr.22270
ecm.3161
scs.10342
htf.11635
sct.21752
hyd.4753
scw.11293
ecm.5942
hyd.6557
spe.12361
opv.8921
hyn.952
ppx.24862
tas.7407
ppx.10103
scs.13664
spe.1580
spe.4157
ppx.14017
ecp.5464
opv.9429
msl.15690
sct.14743
ppx.2650
Fsc.22957
msc.825
spe.6981
sct.7544
sch.6680
trc.7198
spe.20473
scw.9888
scc.21938
Fsc.7102
taa.10143
msl.19524
ppx.9237
opv.4997
scm.516
sch.9310
scs.1362
spe.26225
scc.19517
ecp.17202
dpy.2108
scw.17396
spe.9825
spe.17715
spe.49
htf.3695
tas.8619
scw.14199
spe.7285
msl.22920
scw.15595
ppx.36333
cln.1589
opv.14767
ppx.3239
scw.5656
spe.6516
ppx.28238
ppx.4149
spe.34216
gys.11274
gys.13285
ppx.36913
spe.36223
scm.10455
Taa.3915
msl.26960
spe.35709
scc.15241
spe.38512
ecp.16539
Taa.3059
msl.58687
ppx.20150
Ecg.5121
scs.11129
fsc.9494
sct.4854
ecp.12398
taa.11085
scr.13573
scw.25585
msc.5088
scr.4986
Fsc.15643
scm.11141
spe.7001
hym.12197
ppx.4688
ecd.3926
spe.11324
ecp.10009
scw.7691
Taa.7614
ppx.18876
ppx.16376
scw.4568
scs.13665
ecp.8202
msc.7782
hym.8893
scc.4041
fsc.615
spe.4530
dpy.16730
ecd.2794
htf.6612
gys.14133
ecg.6421
scr.23508
hyd.6393
scr.19970
msl.12240
scc.20530
ecd.10716
trc.621
spe.24038
ppx.30967
spe.35642
sct.20427
opv.8132
opv.7044
spe.31631
trc.19978
scc.3776
tas.6804
spe.8765
trc.16423
msl.7404
ecm.9672
ppx.15938
scj.10737
scw.23374
scm.10550
tas.499
trc.9155
spe.20230
scj.10209
scw.22996
Fsc.8702
hyd.5090
scr.10388
hym.7535
Fsc.4860
Fsc.29062
opv.14646
scs.9952
scs.15810
gys.936
scs.19043
ppx.2469
ecp.8470
hyn.1282
ppx.12087
Ecg.61
scw.6394
ppx.20558
scc.19264
hyn.7028
sch.8691
scs.15542
Fsc.6058
Fsc.26110
scw.22298
trc.8417
ppx.6777
ecd.10587
hyn.7002
ppx.36217
gys.12848
Fsc.23200
hyd.6599
scm.10116
scw.7471
ecm.4393
spe.18340
