

ecm.3315
ppx.17547
msl.50622
ecg.4453
Fsc.3685
Fsc.16897
hyd.4587
trc.21752
scr.1803
Fsc.4134
Fsc.25998
sct.18612
scc.16452
scr.21546
sct.10428
fsc.8081
scr.11224
fsc.8482
ppx.13233
trc.22142
trc.12007
scj.11014
msl.5969
Fsc.16672
scc.22701
scr.5945
scc.10441
Fsc.4713
ppx.25008
Fsc.5275
scw.1069
scj.5632
ppx.33303
scr.7217
ecg.8604
ppx.6983
spe.2634
ecd.10977
Fsc.13080
scc.15992
msl.4965
smm.566
Fsc.14615
taa.9260
Fsc.7868
Fsc.12531
opv.335
sct.1138
Fsc.18323
scc.6261
opv.14546
scw.2820
scr.12753
scr.3650
dpy.12831
ecp.3214
tae.7477
ppx.31304
ecp.13928
msl.45601
spe.1616
ppx.8513
taa.8070
cln.3496
ppx.10832
gys.9197
scm.10959
sct.13833
msl.51978
msl.13601
msl.50245
scm.9070
scr.182
trc.14937
Fsc.16932
msl.18415
sct.17077
htf.2495
trc.11340
msc.5954
scm.8556
htf.9888
Taa.432
msl.22646
ecp.7686
hyd.7756
msl.34590
scs.11611
scr.15746
scc.12293
dpy.4122
msl.22844
fsc.10511
trc.22128
Fsc.1551
ecp.5406
scr.6877
scc.18469
ecd.989
msl.28979
scs.8403
ppx.18547
spe.12872
opv.3317
msl.30429
msl.7564
msl.32731
msl.17124
gys.13759
cln.8396
tae.7871
msl.23093
ppx.3994
ppx.27372
hyn.262
scc.1078
gys.7603
msl.22563
Ecg.5687
spe.20176
sct.602
taa.5625
hym.5859
scs.4645
scr.7075
fsc.3639
msl.8683
hym.2617
ecm.3624
msl.45459
htf.10211
hyn.2566
hym.2389
msl.24724
sch.2364
ecm.5845
scc.19049
ecp.11139
msl.10553
msc.7270
dpy.15911
msl.22113
msl.55928
htf.718
scw.6292
msl.44422
msl.60076
msl.58172
scw.12992
ecp.5081
trc.10482
hyn.13514
scc.15732
Fsc.3
ecg.1113
ecm.319
msl.10182
ppx.29172
trc.15883
htf.3858
scs.3802
dpy.11793
cln.9297
Taa.2139
scr.9112
msl.44287
hym.7278
Fsc.1341
msc.9519
ecd.3554
trc.3243
scj.3599
msl.44519
msl.13430
msl.49549
trc.20634
trc.13091
scc.14723
ecd.3763
cln.3930
msl.7798
fsc.5834
fsc.147
opv.9124
spe.4
ecd.3863
spe.7343
gys.14780
spe.10632
sct.14829
tae.408
msl.1553
msl.32946
cln.1470
opv.9783
scw.5559
msc.2097
ecd.10756
hyd.2249
taa.5149
Fsc.11274
hyd.572
sch.7665
ecg.765
scw.15198
trc.4229
msc.2679
msl.39938
msl.24850
dpy.17851
ecm.9056
taa.8423
ecg.4058
htf.3801
Ecg.9486
ecm.6265
scr.15150
smm.37
tae.11704
taa.3703
smm.1542
scc.3602
scm.3933
tas.3839
dpy.18413
taa.5898
scj.11376
htf.8721
smm.3740
htf.283
cln.12787
Ecg.258
msl.10811
hyd.9988
htf.6507
cln.10826
msl.55537
fsc.9900
cln.9455
hym.11033
cln.4228
scr.6535
cln.11840
msl.18674
tae.3500
opv.3583
spe.28970
sch.699
msc.102
Ecg.9497
ecm.5105
smm.82
sch.5397
dpy.4188
ecd.4670
scc.1937
ecm.10641
trc.14921
opv.12271
Taa.5616
ppx.4703
cln.13478
Ecg.8869
ppx.3876
hyn.1393
taa.11004
ecg.2314
ecd.6556
hyd.8657
hyn.4593
fsc.1755
hyn.8456
sct.2495
msl.57218
scj.11597
ecm.7326
msl.5355
ecg.4129
tae.8558
ecm.5766
sct.13449
ecd.1627
Taa.4942
msl.33131
htf.2240
scm.7148
trc.8144
ppx.10010
cln.3235
cln.8310
hyn.7630
msl.5689
ecd.124
msl.44833
scr.13778
msl.25577
sct.18653
Ecg.8984
scw.2723
msl.54632
hym.9294
ecp.10970
hyd.10090
scw.1738
gys.10723
msl.57861
ecm.4384
ecd.1939
msl.10012
tae.7033
dpy.7359
msc.3199
msl.52251
trc.4835
fsc.13065
ppx.29144
tas.1748
Taa.9738
cln.11186
scj.4081
cln.9273
scr.20509
scr.8657
taa.2775
tae.349
cln.5104
msl.37110
msl.454
msl.43291
cln.3032
cln.5606
msl.9619
sch.10032
msl.53933
hyn.10393
msl.37783
ecd.3774
cln.3927
fsc.6227
ecp.502
scs.4729
Fsc.23143
ecm.4069
scj.11352
ecg.960
Taa.5504
scw.1911
tae.10406
ppx.31471
scw.1662
scm.9310
scj.8493
scw.1894
taa.3891
tas.8044
msl.35180
sch.3396
msl.60480
tae.9452
ecd.1019
spe.31886
msl.57411
fsc.12016
scj.10580
msl.52405
smm.3332
dpy.14127
hyn.8889
scm.9722
ppx.5449
spe.31485
hyn.13551
dpy.3104
taa.10264
Fsc.342
opv.8323
ecp.6206
tas.12686
fsc.9690
opv.14850
scj.432
hym.1316
trc.10056
spe.860
taa.3916
hym.2314
scs.6027
msc.256
sch.12010
ppx.30945
scr.3225
ecm.6014
ecg.8535
scs.4077
ecm.4242
dpy.9893
scw.11835
ppx.9370
fsc.10344
sch.11651
tae.3511
Ecg.4548
gys.12011
dpy.3791
trc.5379
ecd.3824
msl.53541
scw.8420
htf.11075
spe.13574
scr.21514
ecm.2554
Ecg.5205
ppx.19189
tae.5070
cln.8557
spe.26523
opv.11393
opv.5638
Fsc.4212
trc.4659
msl.43067
scm.5592
Ecg.6155
hym.5003
msc.1300
ecp.12427
ecd.4320
scw.14456
hyn.9728
gys.6337
ecm.2586
ecd.4826
ecg.937
ppx.18044
msl.37684
scr.15118
sct.2636
tae.12435
cln.2503
ppx.4815
msc.8996
tas.3941
tas.7594
Ecg.6340
Taa.2182
spe.11467
ecg.6270
msc.1253
htf.8317
htf.7335
msl.12277
sct.8937
msl.18859
Fsc.17674
scr.7975
taa.2119
msc.6090
scw.22334
spe.25458
msl.25135
sct.6909
trc.3646
msl.4227
scw.9818
ecp.579
ecm.2669
ecg.6446
msl.45165
trc.966
ecg.9918
scc.17433
msl.12442
msl.13725
ecg.4337
dpy.16884
dpy.590
hym.6392
ppx.6537
ppx.35159
scj.9024
sct.10817
spe.3656
sct.4364
scc.20760
ecm.7301
scw.23934
spe.3244
msl.39777
sch.248
htf.7032
Fsc.29276
hym.8054
taa.3729
msc.7703
hym.5104
scw.5068
msl.34515
sct.21444
hyn.5053
scw.19454
Fsc.17396
fsc.7373
ppx.27713
gys.1698
hym.9059
msl.25366
spe.27146
ecm.1149
hyd.1625
spe.9909
scc.10023
spe.5926
sct.1478
scj.7674
spe.15797
hyd.9919
Ecg.4343
spe.13175
scm.8677
scc.10414
scr.12456
msc.2617
fsc.10338
spe.31337
dpy.5410
hym.10828
hyd.6086
tas.1627
scs.20223
scm.1712
Fsc.7207
trc.8077
msl.42926
opv.5407
ecg.3139
gys.3284
msl.15142
taa.369
fsc.15731
scs.16575
spe.12762
tae.5645
scw.15652
msl.7459
cln.12109
scm.4832
scc.15096
sct.14627
ppx.874
tas.6342
ppx.27070
msc.3508
tae.12217
msl.38686
msl.43113
ppx.25977
cln.12524
spe.5070
Fsc.16752
msl.48223
taa.10644
ecp.9237
tas.6009
gys.7123
Ecg.5396
msl.48298
scs.4444
spe.36256
msl.51203
tae.8163
msl.50968
ecp.9069
ecp.9884
taa.7054
msl.26092
dpy.14500
spe.21259
hym.3301
ppx.33236
opv.5654
msl.43090
msl.33413
spe.37417
hyd.9454
msl.60182
msc.6033
ppx.34497
opv.11280
spe.27938
tas.10499
sch.8796
sch.13024
msl.29253
scs.5009
msl.22931
cln.1087
msl.12194
ecg.7162
ppx.22813
ecg.2631
spe.22262
ppx.9458
Taa.4542
cln.10476
dpy.10031
fsc.302
msl.11623
taa.13097
scw.203
spe.17158
tae.5796
ecp.11101
msl.50280
gys.12679
opv.629
hyd.9480
trc.8478
msl.39768
msl.40419
scm.11015
spe.22694
ppx.14355
hyd.7771
sct.7091
opv.1546
opv.7331
opv.12472
trc.11885
dpy.8833
htf.4155
ppx.29129
scs.3446
scc.20982
spe.1687
scr.19768
gys.9903
ecd.4164
msl.58515
scs.9706
msl.1343
ppx.9713
tas.8989
spe.11176
scw.24459
ecp.8146
hym.6538
msl.9636
msl.23088
Taa.9821
ecd.6735
htf.832
opv.15696
ecm.9846
spe.1881
msl.50589
scw.15578
msl.59153
opv.2713
scm.5808
gys.550
msl.7209
Ecg.1876
Ecg.8276
Fsc.24110
hyn.3232
scj.3998
spe.24128
tae.1843
ecp.2058
ecg.1767
msl.52818
sch.2147
cln.5755
msl.20265
msl.18482
msl.18962
hyn.11731
gys.13140
spe.21867
msc.7725
scw.22378
gys.13430
opv.3616
dpy.17867
Taa.8695
msl.53272
scs.9286
sch.2963
cln.4334
hyn.623
ecp.12910
ecp.847
htf.8984
sct.17304
hym.12018
hym.5350
ecp.7403
msc.6713
sch.2596
sct.13259
scm.4595
msl.42498
htf.1872
Ecg.9787
hyd.6812
ppx.30964
hym.7174
scw.5471
trc.18840
ppx.26586
ecm.1343
msl.49913
msl.42250
msl.27174
ecp.229
sct.19192
gys.1746
dpy.10612
msl.35460
msl.37633
ppx.4715
msl.58247
scj.2111
sct.9107
scs.13985
msl.59005
scr.20629
msl.55226
tas.4343
msc.10225
ppx.31888
spe.10983
msl.13020
msc.4850
scm.8117
trc.363
fsc.4095
scw.21613
scs.13585
ppx.32078
ecp.7616
cln.5681
hyn.5411
ppx.19607
hym.1877
msl.34427
tae.1719
spe.21975
ecp.17
fsc.5085
ecg.9407
ppx.16202
opv.11208
msl.50092
dpy.4134
scj.7264
fsc.14996
scr.5674
hym.8682
ecg.9145
hym.11762
ecg.9800
scc.17569
scr.8832
scj.3489
scc.705
Ecg.8489
Taa.5748
msc.9206
msl.52726
cln.2304
ecm.9982
msl.57954
msl.24555
hyn.4572
ecp.12766
ecp.4262
sch.4298
sch.466
sct.13502
dpy.3750
scj.9508
msl.104
ppx.30084
hyn.6362
trc.3582
tae.12244
tas.5421
spe.948
scr.5685
msl.53471
scj.5967
cln.5876
msl.27482
ecd.10392
ppx.35995
ecp.2392
cln.12191
tae.7842
msl.23337
hyn.5350
ecg.6346
Fsc.6986
sct.12313
Fsc.19330
ecp.17061
htf.1894
ecd.9187
msl.35975
fsc.14205
htf.11497
hym.1965
scj.8225
msl.30303
ppx.13499
msc.2291
tae.12460
ecg.5170
Taa.8264
dpy.13234
Fsc.261
msl.6882
Taa.1665
msl.32907
scc.13529
gys.8316
ppx.6034
sch.1587
Fsc.28915
taa.12107
msl.12223
htf.8133
ppx.4538
scs.6910
Taa.3873
ecd.8570
scc.2873
sch.12685
msl.35317
msl.29703
hyd.345
ppx.37875
scs.5679
dpy.16657
taa.12897
tas.7571
scm.1451
msl.5856
Fsc.7686
opv.14532
sct.13929
trc.15567
msl.39024
dpy.14280
trc.13570
scw.4386
scm.5653
sch.10488
Fsc.16042
msl.41933
tas.8794
msl.13119
msl.51898
Ecg.7866
ecm.5592
cln.5088
trc.10545
ecd.4507
msl.15644
ppx.35622
scj.4541
ecd.8432
cln.8851
fsc.3878
ppx.22763
dpy.3363
scm.11768
sct.5334
sch.1370
msl.39112
ppx.4898
opv.8584
cln.6030
ppx.34323
fsc.10810
scw.5304
Taa.333
htf.720
msl.59945
taa.237
opv.2113
sct.18197
msl.21178
sct.3096
sch.1633
opv.8678
scr.6665
cln.1495
msl.3686
spe.20265
scw.6822
gys.3456
tas.12032
htf.1443
msl.42726
scr.20493
ppx.3873
ecp.18131
spe.19042
scs.12491
scc.6549
opv.188
ppx.25524
sch.8642
scr.292
htf.1290
msl.8712
ppx.1304
taa.9512
tas.6978
tas.12859
taa.11786
ppx.31864
opv.5101
scs.10064
scc.15220
taa.2177
hym.12228
scs.18035
scw.20236
spe.17894
htf.5759
sct.6287
hyn.6846
ecp.3703
spe.23102
ppx.33814
tas.5189
trc.11221
msc.6528
scc.2888
ppx.35111
msc.6839
scr.11955
ppx.28220
dpy.15901
scr.3160
taa.13111
sch.12038
ecg.5341
tas.165
spe.25522
dpy.1508
spe.34182
ecd.5854
ecp.7852
ppx.33766
fsc.1254
ppx.18966
tas.6845
spe.33382
ppx.9907
sch.12493
dpy.15544
dpy.15046
fsc.8296
ppx.35434
ppx.10935
tas.3792
spe.35368
ppx.13072
trc.12994
scc.10318
htf.3824
Fsc.16643
dpy.499
gys.7173
sct.13673
msl.2718
Taa.6561
ppx.10899
ecp.4398
tas.11686
msc.9276
hym.4871
ecp.16387
opv.8720
ecp.16616
spe.17910
sct.22977
tas.12968
hyn.9542
scr.16279
ppx.7523
scm.8452
hym.9719
scc.18126
ppx.35801
scs.1027
ppx.34701
spe.261
scr.5398
ecg.2654
Fsc.28553
ecm.7886
fsc.8692
gys.6382
spe.12450
ppx.23345
scr.9904
scm.8779
scw.4450
msl.1162
ppx.3989
scs.13081
trc.12030
msl.20297
msl.23051
spe.13661
scs.17640
tas.2115
tas.7611
scr.2550
sct.7086
spe.29684
sct.7313
msl.50022
scc.17545
spe.8886
scs.6839
scc.23294
msl.52521
tae.7094
scc.22659
ppx.13481
htf.495
taa.8806
msl.36252
msl.56795
Ecg.720
scw.15576
trc.6754
sch.3635
msc.5928
Ecg.1853
ppx.10898
sct.8151
scm.10721
opv.7343
spe.34693
opv.6684
hyd.3734
opv.12530
msl.23289
Ecg.4203
htf.1369
spe.8273
scw.3703
ppx.11886
scr.6032
ppx.3138
sct.15207
ppx.18525
scc.13852
ecp.15920
tae.6866
spe.2340
ppx.18319
ecm.865
scc.20803
spe.18461
smm.2265
smm.2078
scw.14611
Fsc.13562
scc.13421
ppx.1580
scr.9918
ecp.13261
trc.6126
dpy.7429
hyn.1560
ecp.1904
scw.25048
dpy.8392
ecp.6266
ecd.8363
hyn.5534
scr.3646
Fsc.29671
hyd.6875
scr.5442
ecd.6158
Fsc.9679
spe.19046
ecd.2404
spe.28509
ppx.211
gys.10199
hym.4643
Fsc.17342
scw.9260
opv.6206
ppx.31829
ecm.5310
dpy.17027
scj.3133
scr.20386
ecd.6655
trc.1354
hym.10177
spe.16140
ecm.5168
scr.19407
smm.554
spe.25831
scr.13128
