

gys.1799
htf.9138
msl.16327
msl.42029
Fsc.20541
Fsc.25109
scs.16131
ecg.4011
ecg.1527
hyn.6134
Fsc.16780
Fsc.29420
scw.613
dpy.107
scw.4772
scr.13914
sct.2413
scc.5720
Fsc.27957
scw.14109
sct.13716
msl.25432
Fsc.31463
scs.17559
dpy.17204
scc.17299
spe.30365
scr.8003
scc.7617
Fsc.28779
smm.2334
scw.1695
spe.30031
ppx.5707
scw.21719
Fsc.19303
spe.9315
spe.31268
Fsc.16007
ecd.7311
scw.9027
scc.4989
ppx.10896
Fsc.24646
scr.14599
scc.6105
gys.11363
tae.2824
scc.5670
Fsc.8441
Ecg.3346
ecg.4133
taa.5941
tae.8797
dpy.17750
ppx.1465
sct.10769
sch.5804
msl.1738
msl.38580
taa.8441
Ecg.2708
spe.4176
sct.2362
scj.10715
tae.1579
scc.2330
msl.27288
Taa.3600
trc.10730
msl.40854
hym.7219
gys.13846
ppx.14711
opv.1876
ecp.10870
Ecg.6182
cln.2317
msl.60166
sch.3048
scw.462
cln.11783
scc.322
fsc.14326
scc.9084
cln.7522
hyd.11164
scm.8694
Taa.5200
ecd.8741
msl.55556
htf.9101
gys.8977
ecp.6297
sct.10086
hyd.9132
spe.4754
ppx.577
ppx.24197
Ecg.523
tae.5547
msl.25408
msl.32679
ppx.2071
msl.24011
spe.22078
spe.6323
tas.9445
spe.37422
msl.47815
tas.2227
msl.22463
htf.4639
msl.18909
sct.12870
Taa.5110
scc.11082
ecp.53
scr.13543
scr.20701
Fsc.30264
gys.4076
scr.1538
scm.8715
msl.17382
spe.25174
msl.28405
fsc.9739
msl.17984
msl.11169
cln.3226
trc.254
msc.8092
tas.6174
tae.858
cln.13233
ppx.15219
scc.11217
msl.51866
ppx.35004
msl.15973
ecg.1838
Taa.1622
msl.55924
sch.1800
msl.17045
sch.7138
ppx.13612
ecm.6153
cln.1961
ecm.5213
msl.46923
scm.10218
fsc.2693
scs.14758
msl.50648
ecp.11678
msl.34084
opv.15434
taa.12968
fsc.4156
msl.7348
tas.559
cln.4748
sct.16771
scr.8647
fsc.1344
htf.2649
ecg.7360
msl.37124
fsc.7013
ppx.23228
spe.22552
dpy.13954
Ecg.8593
msl.3627
tas.8241
msl.42237
ecg.5347
Taa.490
msl.17104
ppx.1698
Fsc.4194
gys.1776
Fsc.24489
taa.5679
hym.10527
msl.39108
ppx.24272
ecm.3232
Fsc.224
msl.25343
msl.34125
ecm.1124
ecm.9540
spe.10301
msl.52020
tas.379
cln.13429
opv.905
sct.12221
msl.22411
ecg.2332
scs.2155
tae.1293
ecd.9288
gys.9587
ppx.33589
hym.1817
htf.5943
spe.27965
opv.15615
spe.622
tas.9203
scs.20200
ecg.3834
hyn.4116
msl.56618
msl.42714
Taa.7536
tae.8866
cln.12379
msl.58981
msc.7849
trc.8113
taa.335
cln.3241
ecm.725
msl.54218
spe.19856
msl.20530
sch.1533
scs.10484
scc.5473
tas.8185
ppx.2629
ecp.12274
spe.14942
spe.25453
ecm.9753
scr.12595
tas.5057
scr.6539
ppx.29382
ecm.1816
msl.56907
hym.3377
dpy.3320
spe.12570
ecm.3578
cln.8919
htf.7391
ecg.4495
opv.7238
htf.8174
ppx.15462
tas.8710
tas.6866
taa.2341
cln.3455
scw.20077
msl.26966
Ecg.3925
hyd.2217
cln.4806
msl.25944
hym.26
sct.6362
ecp.7645
cln.7658
msl.21274
hyn.470
smm.2008
msc.2405
spe.24286
hyd.2675
scs.16206
msl.4402
ecg.5834
msl.55332
ecm.6232
fsc.3976
Ecg.6187
gys.11817
msl.29184
ppx.27334
sct.1804
msl.24052
msl.49000
taa.12548
tas.10151
msc.8083
ecd.2139
dpy.17049
ppx.291
ecm.5854
msl.9370
ecm.2362
ecp.11323
cln.5036
ppx.736
scw.8501
spe.27472
tae.2522
ppx.29785
dpy.3276
msl.29725
opv.1217
hym.3327
ppx.26958
ppx.3077
htf.6726
msl.18763
scm.2923
scc.15464
opv.15687
scc.1824
taa.2074
hym.4031
msl.10426
hyd.10154
hyn.1083
ecm.9647
taa.3060
htf.11169
hyn.9984
dpy.8309
dpy.3650
tas.2575
msl.52943
htf.6077
trc.1415
tas.3133
fsc.9966
sct.5726
Ecg.1954
tae.1519
scc.19633
ecp.11726
hyd.392
ppx.21211
scs.4722
msl.30971
ppx.17342
ppx.30001
msl.17217
hym.7431
msc.418
sct.10015
fsc.8922
fsc.5471
sct.9857
taa.7212
msl.15768
msl.14373
trc.16373
msl.18153
tas.5005
scw.7814
ecp.5200
sct.7249
ecg.3462
Taa.3636
ecm.2840
msc.350
msl.49581
Fsc.19370
dpy.8140
htf.365
taa.6869
msl.16801
opv.16091
tae.11542
gys.12261
opv.12482
msl.56600
msl.38409
ecp.12566
sct.20041
Taa.551
hyn.6484
sct.8186
scw.10618
spe.36313
cln.7825
fsc.345
fsc.1928
spe.22817
ecd.10844
msl.37169
msl.9312
tas.4554
spe.5209
cln.11745
dpy.5398
cln.1635
msl.38695
ecd.4943
spe.30568
gys.1202
opv.12572
hym.6439
Ecg.4541
gys.14886
ecm.6475
ecm.8248
ecm.265
tae.11157
msl.37905
cln.12908
cln.10944
spe.26496
cln.3977
spe.33492
sct.17287
ppx.16099
msl.57112
scw.219
msl.11039
ppx.24608
opv.10111
scw.294
taa.12793
trc.2197
Fsc.1642
opv.13549
taa.6790
gys.137
msl.25994
fsc.13622
ppx.653
trc.3193
trc.7846
msl.14029
sch.6111
msl.31429
msl.22906
hym.5461
hym.5763
msl.10130
cln.2051
sct.16063
dpy.12153
ppx.32141
fsc.10902
scj.6054
fsc.11301
scr.5753
msl.23259
ecd.150
scs.16457
tas.12493
ecd.2053
scw.18139
spe.20341
scs.5117
hym.4368
msc.9181
msl.6138
msl.17022
tas.10483
trc.19732
spe.5012
ecm.9610
spe.13727
dpy.2051
opv.13571
ecm.3390
hym.10377
msl.37952
Ecg.2203
ppx.28287
ecm.4122
ecd.2372
scc.4929
tas.1350
Fsc.15886
msl.26551
hym.6398
ecp.2128
htf.8058
dpy.11437
trc.15436
msl.43037
scr.12975
fsc.1083
ecp.8156
cln.5610
msl.20182
tas.8896
Taa.4874
msc.2443
tae.10059
scs.6242
msl.8857
sch.11638
msl.5314
dpy.12993
ppx.20548
scj.8247
msl.24811
scs.7154
ecp.2499
scw.16333
msl.45199
msl.58937
sch.9364
ppx.14641
ppx.13501
spe.24130
dpy.5992
htf.10620
msl.43723
ppx.32241
scm.8343
cln.6230
hyd.8637
ecp.5230
msl.12603
scs.13472
msl.54675
msl.29498
tas.6839
ppx.33566
gys.13443
ecm.10079
opv.7420
hyd.948
ecd.6663
ecg.7877
ecg.995
scr.11974
msc.1937
msl.24160
msl.49352
Taa.1954
dpy.4171
gys.3802
scc.12091
msl.40961
Taa.5878
opv.16238
hym.6784
msl.12250
ecm.2254
tae.3622
taa.433
sch.5762
ecd.3387
scw.19483
msl.50382
msl.47891
trc.11527
scj.9910
taa.8925
scm.2590
msl.5450
scm.965
taa.6679
msl.58710
scw.4494
Fsc.2795
gys.14891
trc.465
htf.2573
scr.5923
msl.56063
spe.29977
dpy.2304
ecp.9519
hym.6691
scr.2594
ecp.2189
tae.9496
scc.16850
msl.5164
msl.2976
msc.2048
msl.44209
ppx.15833
ppx.10175
msl.22423
tas.5055
msl.27430
sch.5089
msl.29427
cln.1822
scc.3151
Ecg.6419
opv.11288
ecp.12799
scc.18156
tas.6788
Ecg.8611
msl.1948
spe.12303
msl.29050
msl.56645
ecp.15251
msl.49382
ppx.35705
scw.4383
scm.6531
scc.5050
tae.481
scs.19037
hyd.2528
spe.18383
msl.42431
msl.50267
scm.9057
gys.13013
fsc.9493
scw.18877
ppx.8966
scw.9848
taa.6126
htf.6729
tae.4186
Fsc.8650
spe.22459
opv.4319
scr.12581
scj.1688
ecd.1377
ppx.187
Taa.5484
fsc.10631
htf.1031
msl.51569
hyn.12163
Taa.4034
opv.15402
ecd.5118
msl.2185
hyd.9906
scc.19355
ecm.5982
ecd.9495
tas.9785
msl.31347
scw.8877
spe.12089
Fsc.31731
msl.4851
scs.1469
cln.2904
opv.10059
tas.3118
opv.14633
trc.6425
ecd.6739
dpy.16103
hyd.8094
ecm.9841
spe.1888
scw.5699
scw.23693
msl.30332
sct.20149
ppx.27303
hyn.10740
htf.2660
msl.32213
opv.12088
msl.43679
opv.9880
scc.2402
msl.36727
ecg.9082
gys.8445
msl.24740
scw.10928
opv.6353
dpy.6554
scj.11308
spe.25929
hyn.8793
ecg.1814
ppx.5302
hyd.4573
Fsc.32505
scw.10652
scw.25010
Fsc.1137
taa.6302
hyn.4884
taa.8459
scj.2258
scw.17405
ecm.4664
fsc.16
hym.2707
spe.30849
msc.3694
scc.19499
ecm.2788
Fsc.17227
hyd.10027
trc.1792
taa.5827
hyd.8533
ecp.2011
spe.19804
ecp.648
htf.5271
Fsc.29049
ecd.2627
msc.5490
ecp.8118
Taa.2524
fsc.11935
tae.11518
msc.10508
Taa.3900
msl.13223
Taa.3570
fsc.11870
scs.15178
opv.923
sct.7038
ecp.9485
scm.6790
scc.22605
scj.5464
scw.17025
tas.1782
msl.30044
cln.6001
spe.25722
Ecg.666
trc.15902
taa.1466
msl.57793
msl.23842
scj.7849
ppx.24886
dpy.9295
fsc.9430
msl.42356
msl.48734
ecd.6052
msl.10628
spe.35869
msl.20119
Fsc.12580
msl.48672
Taa.3318
scs.10676
taa.7745
msc.6188
trc.12258
msl.48357
Taa.7979
msc.434
msc.9538
ecg.7113
sct.10035
sct.17351
gys.2717
fsc.5636
Ecg.7449
taa.8068
ecm.2359
sct.14753
msl.15027
taa.11817
Taa.5267
gys.5073
gys.5000
msc.3461
msc.4797
msl.48780
fsc.14005
htf.1464
scr.2823
Fsc.31610
msl.45432
ppx.2493
scc.11046
gys.1877
scm.1505
gys.15349
dpy.12272
scw.4590
msl.58890
spe.25310
msl.16382
scc.19248
scs.19555
scs.55
cln.9946
msl.13700
ppx.34703
msl.59779
opv.14267
dpy.6449
tas.7741
sct.4859
ppx.4056
Fsc.28378
hym.10471
spe.3215
cln.10606
ecp.4313
msl.14652
msl.21217
msc.5356
ecg.5998
scw.15540
hym.8075
sct.15339
cln.8809
ecg.1243
taa.9411
dpy.1767
scr.11319
msc.9582
msc.4431
Ecg.8404
opv.10979
ecm.7008
scr.15064
tas.6619
Fsc.30022
cln.2169
opv.11128
scr.3721
msl.24775
msl.31961
cln.2821
ppx.11257
scj.11115
scs.8907
scw.9882
scw.18359
spe.25449
tae.10998
scw.19886
scw.6406
scs.4883
tas.8862
opv.10354
msl.53821
fsc.14012
opv.5588
ppx.27647
ppx.37582
ppx.25935
ecp.5117
htf.9942
msl.36646
taa.7219
dpy.238
scj.2078
msc.6269
msl.29252
cln.7857
hyd.3224
ecp.3945
tae.8673
cln.10981
spe.28126
hym.6846
Fsc.3232
tae.44
Fsc.23982
msl.35008
sct.6271
taa.10812
scj.1257
ecp.7770
Taa.6403
ecm.9887
ecp.10470
msl.40793
msl.57240
ppx.11641
ecp.1001
tae.3837
tas.12733
spe.32731
scc.10835
sct.17445
tae.3352
msc.2342
ecp.6796
msl.48576
tae.5003
msl.5639
taa.2724
msl.39504
scs.14278
ecm.8501
scr.726
hyd.561
msc.6564
scs.5418
ppx.9212
trc.7937
taa.8331
tas.10435
Taa.3363
scs.7821
hyd.915
scw.18685
msl.42729
Ecg.1309
taa.5811
trc.15696
scs.19627
trc.20985
ecd.4743
tae.6939
Ecg.8748
cln.5058
spe.19776
hyd.11072
sct.4428
scm.6364
scj.7299
ppx.32514
scr.17309
gys.4529
spe.37596
dpy.10649
ppx.7210
ppx.29029
scc.665
htf.5582
scc.13317
scj.2733
sch.9663
trc.436
spe.22592
hyn.861
ppx.11913
spe.28852
tas.8598
ecm.9014
opv.14365
dpy.19297
msl.12137
ppx.29940
spe.9747
scs.8276
scw.15490
scw.6530
spe.28605
dpy.8898
scm.6810
scm.4452
dpy.12078
scm.7655
ecm.212
taa.5274
dpy.6683
sct.13933
trc.7318
spe.1425
ecp.4690
spe.6745
tae.8538
spe.28230
spe.28969
fsc.11658
Taa.2103
taa.13264
scr.13399
Taa.6778
ecm.10488
sch.4716
ecp.9888
ppx.5039
tae.4808
ecp.15747
opv.13187
spe.18400
sct.1120
scm.9660
ecp.7112
trc.9835
fsc.7199
scc.1127
ppx.507
spe.14363
ppx.1860
htf.2299
ecm.10259
ppx.20780
ppx.34303
spe.35693
scs.18696
tas.12230
spe.38986
trc.16194
tae.11952
scr.15740
msl.34870
sct.15716
ppx.15166
Fsc.12307
Ecg.295
spe.37608
spe.27914
ppx.8204
ppx.17420
scs.18962
ppx.32243
scc.6167
scs.11637
scw.3405
spe.4255
scc.6192
sch.11698
trc.3949
tae.6765
smm.107
tas.2899
ecp.5809
hyd.6305
sct.3262
scc.14232
dpy.19924
ppx.37142
msl.27766
spe.4969
ecm.5043
taa.12769
spe.20730
opv.12000
hym.10337
dpy.5301
scs.18815
sch.132
msl.10542
hyd.11126
opv.5060
spe.14322
spe.9376
dpy.19005
spe.16660
scs.2165
msl.35162
trc.19400
opv.1402
sct.9632
hyd.6483
ecp.1418
scs.20070
htf.6940
ecd.10618
spe.37960
hym.12148
ecp.17680
Fsc.32418
spe.33920
tas.7883
scr.977
dpy.14543
ecg.2778
hym.9520
spe.3564
scc.9997
ppx.6970
sct.16723
scr.20003
ecp.6569
tae.9487
scc.22167
ppx.10818
tas.1581
hyd.4667
sct.11336
scs.3441
trc.17831
msl.50461
opv.6219
hyn.4064
scc.10224
ppx.27147
Ecg.2652
tae.434
scr.17952
spe.38066
smm.563
msl.5216
hyn.12090
scr.6853
msl.3198
trc.18681
tas.9905
ecp.1185
htf.1405
msl.1222
dpy.12283
scm.4315
spe.7407
ppx.16022
Ecg.3872
spe.32375
scw.526
scj.10984
ppx.32522
scr.9254
ppx.15657
scc.1960
Fsc.15611
scr.5179
msl.39835
spe.25425
dpy.72
trc.20023
ppx.36354
opv.2793
spe.4789
trc.18485
ecm.10387
Fsc.5143
