

gys.2686
gys.8853
hyn.12975
msl.49362
Fsc.31008
scr.20734
Fsc.20730
scr.21041
scc.5612
ecp.1465
hyn.2814
scr.1957
Fsc.28021
sct.21879
Fsc.29100
Fsc.19745
Fsc.7274
Fsc.26346
Fsc.16685
scr.11668
Fsc.17864
spe.15746
ecd.10403
scr.592
sct.13523
scm.4588
hyn.6108
scc.1435
sct.2121
Fsc.29775
tae.9576
ecg.10789
Fsc.3449
gys.11592
gys.6726
scc.20152
htf.10152
ecm.7172
sct.10251
sct.11270
scm.9499
ecd.6910
scr.1952
fsc.12407
Fsc.29152
Fsc.20148
scc.1216
scc.13773
hym.11377
Ecg.59
gys.4617
Fsc.26867
msl.20732
scw.33
ppx.24555
opv.13079
trc.7436
Taa.6091
taa.1299
sch.10591
ecp.441
trc.3484
hyn.13485
ecp.17783
Fsc.4893
msl.49047
msl.29225
spe.25734
tas.9654
ecm.2180
Fsc.5991
ppx.12547
scs.10854
msl.59638
hyn.6583
sct.8278
ecd.1467
sch.6204
gys.5863
scw.12811
scr.3243
ecg.4450
spe.16575
msl.38497
msl.781
htf.7056
cln.3764
spe.14473
scj.8954
scr.16910
tae.6720
hym.490
scs.9278
ppx.26172
Fsc.32708
hyn.6375
hyd.10117
scr.19060
spe.23180
Fsc.5915
msl.12419
gys.7578
scw.13355
msl.44944
ppx.15392
Taa.8135
scc.7708
scc.10275
ppx.15801
scj.2905
ppx.30796
msl.59816
scw.7288
tae.6153
spe.17692
msl.55598
taa.9036
Fsc.9770
ppx.18780
opv.5276
scc.21853
hyn.5790
hyn.6203
msl.39855
scs.4981
sch.3602
scm.6703
hym.11229
tae.12419
scw.1174
cln.13041
msl.27762
spe.19393
ecd.6461
Fsc.21516
hyd.2573
spe.616
spe.34012
ppx.16762
msl.31917
opv.9644
spe.14651
tas.7090
fsc.567
scs.6156
trc.12488
msl.30581
hyn.3229
spe.27442
msl.56232
tas.9215
sct.10479
msl.58791
spe.5856
scw.19730
ppx.13360
tae.6603
scw.16682
opv.11819
hyn.12115
msl.45148
ppx.29921
scs.6453
scm.1116
scr.2510
msl.53435
tas.6670
msl.21095
dpy.11928
ecd.3458
sch.11562
gys.13241
sct.21382
Fsc.14784
msl.60472
hyd.6485
ppx.23026
scj.8613
spe.454
sch.5534
tae.3453
scs.3739
Ecg.9994
sct.21144
msl.20000
msl.6443
msl.19907
sch.4110
msl.57577
scc.18311
msl.27846
scj.3847
ecg.5794
ecm.403
taa.1536
spe.8992
scs.2798
tae.872
tae.9295
fsc.3723
ecp.17832
msl.11078
spe.35416
scc.12514
gys.7280
Fsc.24491
scw.10891
hyn.12006
hyn.8179
ecd.3617
scc.16279
Ecg.1192
sch.3967
dpy.1435
scm.10988
msl.53867
msl.38998
tae.9915
msl.35250
ecm.6881
htf.3094
msl.25239
sch.1914
tae.2830
ecp.482
ecg.8252
ppx.36738
ecp.13957
msc.2382
msl.22596
hym.5655
fsc.5860
msl.49722
scs.9127
taa.410
scm.4812
msl.435
scs.8509
hyn.6543
sct.17001
taa.11179
msl.30567
cln.1629
msc.10530
scs.2433
tas.11783
scm.11020
ecm.7226
trc.9297
cln.793
scr.7727
ecg.381
msc.3911
scr.3505
scw.18104
fsc.5926
msl.28278
Fsc.29680
scr.14117
scm.7760
msl.11726
ecp.765
msc.536
hyn.4208
taa.9882
msl.11028
taa.11901
ecg.2482
hyn.9546
msl.2890
msl.5884
ecg.1895
opv.13572
scc.18813
tae.12021
sct.5772
cln.11439
tae.8460
ecg.8819
msl.38352
sct.2126
msl.1920
hym.489
spe.14341
trc.6629
hyd.7807
msc.4457
dpy.5590
fsc.2575
hyn.4663
ppx.6158
dpy.879
ecp.6144
hyd.4900
tae.4328
scs.11417
msl.27902
msc.6456
Fsc.14182
fsc.15637
scc.15830
ppx.30752
msl.47642
opv.64
trc.11923
msc.3775
hym.1085
tas.5538
msl.45340
sct.14269
spe.6552
spe.28151
ecp.3655
tae.8967
scr.4861
scc.21335
spe.37345
hyd.7618
hym.148
ecp.8431
sch.9154
Fsc.14508
msl.13738
ecp.5859
Fsc.24865
msl.28936
ppx.30814
tas.4265
ecp.4689
msl.38227
msc.6986
trc.6543
hym.4996
ecg.6391
ecp.14517
scc.13745
msl.54685
tas.8873
scj.1505
ppx.27994
spe.14401
scr.12510
taa.8268
htf.7207
msl.34505
gys.3125
fsc.957
opv.1836
ecd.6320
ppx.21391
scr.4569
Ecg.8292
Fsc.237
hyd.10637
scc.22630
sct.10788
htf.6079
hyn.1077
taa.9862
msl.33550
cln.10184
dpy.6576
gys.10941
Fsc.11865
scs.6119
sch.4398
dpy.745
ecp.16857
opv.8887
msl.40469
fsc.15000
scc.9033
gys.7438
scc.12120
spe.34577
msl.16493
tae.1458
ppx.8117
cln.7471
msc.9501
ppx.29960
taa.5208
scr.14388
sct.1863
scw.6700
Fsc.2516
cln.10430
sct.10779
tas.5117
spe.5514
ecp.14524
ppx.21910
msl.26436
ecd.3513
scj.11193
tas.918
taa.1042
hyn.1241
msl.23072
trc.13681
sch.1171
msl.30883
scr.4962
msl.57884
sct.785
dpy.10677
msl.43806
ecg.2988
msl.154
tae.6918
msl.42626
msl.19864
dpy.19427
ecm.2101
tas.12659
spe.10060
msl.1597
scw.9233
msl.9293
Fsc.7452
msl.40210
htf.6065
scs.9745
gys.14584
ecd.2802
ecd.4840
trc.3081
ecd.1909
spe.20923
scj.4213
msc.8266
taa.8983
ppx.484
dpy.15620
tae.2621
tas.6135
msl.15370
scw.6563
sch.5933
dpy.7959
Fsc.316
sch.7553
hym.8938
taa.1317
cln.12335
ecm.6921
trc.5475
Fsc.2565
ppx.18493
scm.7
Taa.10029
spe.17918
sct.4661
scw.19947
gys.13023
hyd.3540
Ecg.482
Ecg.8995
fsc.14066
msl.22797
msl.24575
tae.6157
msl.43177
Ecg.4639
msl.18800
msl.54787
htf.3977
scm.7578
tas.10709
scm.10276
opv.11349
tas.5968
dpy.13263
spe.38841
msl.21772
ecg.3167
ecd.5106
tas.5531
scs.12031
msl.9223
cln.2766
fsc.8865
taa.3051
ecd.4452
ppx.3394
Taa.3440
ppx.14798
taa.9671
sct.6329
cln.10083
taa.1805
hyn.1462
sch.2711
scr.10416
ecp.5377
sch.4811
opv.9227
scs.12236
msl.58760
gys.6124
msl.21508
scr.21426
msl.20550
scr.19962
msc.175
scm.7439
msl.6168
scm.8954
Taa.9154
spe.8155
msl.51255
msl.11115
ecp.8761
htf.8633
scc.21528
hyd.8347
fsc.4857
hym.11654
taa.11314
scj.4323
fsc.243
spe.26950
hyn.8789
gys.5723
dpy.7572
spe.14047
Fsc.9949
ppx.20247
ecg.7501
hyn.4076
taa.6875
taa.3799
scj.5734
Fsc.29559
Fsc.25193
opv.10723
hyn.4914
dpy.11649
taa.8154
msl.36664
ecm.8769
msl.26057
scs.15598
scs.13330
cln.12803
cln.2713
ppx.33009
scm.7635
fsc.6625
scw.4618
taa.10121
Taa.2081
ecp.7828
msc.6378
ppx.35082
scr.20114
msl.20773
sch.10079
msl.49903
msc.5146
tae.11749
scs.128
cln.3965
hym.5175
msc.10491
scs.4764
scj.9540
cln.9601
sct.14558
ecp.2227
Taa.1374
opv.3445
sct.10955
ppx.17808
fsc.4383
Ecg.673
sch.3250
opv.15321
scs.2755
hyd.1415
ecp.4028
spe.31956
tae.6645
Taa.3754
scm.745
ppx.33010
tas.8365
Taa.3806
hyd.1268
tas.7619
ecm.2417
tae.11656
hym.2531
hyn.9717
ecm.2961
ecd.4482
scw.8597
msl.17587
hyn.1694
msl.58855
taa.1241
dpy.6213
scc.9075
spe.32202
scs.324
ecm.480
ecd.6829
ecd.1143
trc.16340
dpy.2490
sct.12143
msc.4625
ecd.3242
ppx.25395
scs.5506
tas.4988
ecp.10852
msl.14021
msl.38366
hyn.2761
Fsc.3786
Taa.1832
scc.7598
smm.3525
fsc.10398
fsc.11819
tae.6079
trc.6510
ecp.2501
scc.8241
hyd.5224
scr.13797
hyd.9247
htf.3649
sct.13703
tae.1089
spe.19557
Fsc.17272
htf.6769
msc.9254
scc.13375
Taa.2144
tas.2149
ppx.12250
opv.984
scw.24126
hyn.9538
tas.5023
opv.1410
cln.10097
Taa.2330
msl.25037
ecp.10376
tae.891
hyn.837
ppx.1315
scj.7055
Ecg.879
tas.4756
ecg.6728
gys.14013
hyn.9641
hym.8786
taa.5641
Taa.4832
cln.9126
tas.10080
ecm.6962
scr.11289
ppx.25289
msl.11105
scr.15005
msl.46757
hyn.7646
msl.53743
Fsc.32150
ppx.24851
opv.13435
spe.13363
hyn.5540
sch.12554
hyn.10065
spe.27852
hyd.8788
ecm.2478
Ecg.1685
ecp.4286
cln.6878
dpy.5287
hyd.372
gys.5183
scw.23746
Ecg.4737
msl.47215
sch.1612
ecm.8219
ecp.4856
ecd.3758
taa.8533
Ecg.9113
msl.15132
ecp.6758
ppx.18245
scw.22630
hym.5622
msl.54881
cln.4521
ecp.4654
ppx.5747
fsc.430
spe.18878
Fsc.3017
msl.5764
tae.7632
opv.2627
scr.12266
htf.1706
msl.15670
Ecg.8008
sch.1573
ecd.8428
opv.5657
msc.4147
scw.10461
hyn.9091
scw.4567
spe.15203
hym.4175
ecp.12367
ppx.27750
hyn.6638
cln.8439
msl.2025
ecd.6298
scj.7310
scj.1189
htf.6723
fsc.9141
spe.5964
taa.225
scw.2896
cln.4857
fsc.9072
ecd.3343
msl.46332
ppx.6981
msl.22187
Taa.9410
hym.1001
msl.56520
cln.6866
ecg.462
msl.41046
fsc.6977
ecp.2301
tae.2331
taa.1236
Taa.985
msl.51323
spe.832
gys.4668
ecm.5024
spe.4614
scs.1248
taa.6705
ecp.112
scw.16481
dpy.10007
ecg.8331
msl.11634
sct.5519
taa.297
ppx.28033
scc.19002
msl.53093
msl.51005
scc.14207
Fsc.15107
tas.4871
scr.22109
Ecg.5727
sct.3657
ecd.583
ecm.2561
taa.9138
msl.16887
scw.6353
hyn.12176
scw.2337
spe.1983
scw.1794
scj.4136
msl.30019
taa.4916
taa.6212
msl.50921
scj.4613
ppx.28990
fsc.3410
trc.6074
msl.38235
htf.6469
scs.6603
scj.12725
trc.16735
spe.11169
trc.4610
ecm.7322
spe.22582
hyd.7402
scc.2240
msl.53947
msl.34300
Fsc.23030
ecm.4374
spe.36664
tae.10720
Fsc.25103
fsc.186
cln.8790
scc.20032
scj.5402
sch.5513
ecm.5098
hyn.2490
taa.12297
spe.19500
scj.12626
msl.16030
Fsc.713
taa.2551
trc.6914
htf.6403
msl.44277
opv.11868
msc.2171
msl.3572
spe.31214
spe.33900
Ecg.321
scw.22006
scm.2509
msl.10953
Ecg.5784
scc.9065
htf.4355
sch.12118
ecp.954
gys.3157
spe.20099
ecd.8185
hym.10302
scw.2969
spe.30874
Taa.9794
scr.11831
spe.11507
hym.5362
tas.9852
dpy.18450
cln.7270
taa.5032
hym.4972
spe.39330
tae.12060
scj.2966
trc.504
trc.14968
hym.1552
spe.31423
cln.10862
msl.30524
msc.1107
tas.648
hyn.10513
scs.6276
cln.8038
sct.14295
msc.5202
dpy.10620
ecm.10318
msl.58246
ppx.17365
scw.1768
msl.40612
ecp.16304
ppx.29988
tae.7501
trc.2722
tae.9782
hyn.13746
sct.13889
spe.2640
trc.8616
spe.31943
sch.5963
scr.20268
fsc.215
scc.3276
dpy.999
opv.1338
hyn.13327
hyn.5287
ecp.15624
msl.10980
spe.35158
msl.20692
Fsc.10565
tae.5365
msl.34383
hyn.13570
msc.4825
scc.9801
tae.6969
Ecg.6492
scc.1158
sct.19891
ppx.1183
sct.22497
dpy.16206
hym.9103
fsc.10474
ppx.12191
gys.14194
sch.5011
opv.6325
fsc.7486
sct.22031
ecp.5887
msl.49609
ppx.29873
fsc.4300
hyn.3086
htf.9844
ppx.13991
ppx.22523
ecp.5877
opv.5919
ppx.34512
trc.14836
scr.8346
Ecg.6967
scs.7917
Fsc.22159
spe.25642
spe.1057
spe.22456
ecg.9756
smm.2735
tae.11758
ppx.13417
scw.1795
ppx.19555
hym.4840
ecp.18309
opv.5200
sch.12130
spe.39118
tas.9948
ecg.1555
sch.4732
htf.5202
dpy.14139
msl.32669
spe.15902
sch.9921
spe.17457
scr.23366
gys.11671
spe.6330
ecm.8300
scj.1734
trc.14270
spe.30169
spe.12071
fsc.295
hyd.11196
dpy.5448
Taa.2669
scm.8832
trc.3282
trc.21730
gys.10838
opv.2884
Ecg.990
scs.19845
scw.12547
tas.7654
spe.16228
gys.5369
msc.10390
scj.152
Ecg.5662
spe.218
msc.4654
Taa.998
Taa.9500
ppx.3332
sch.6106
hyn.2497
ecm.7743
scr.7590
spe.7123
hyd.2930
ecd.3938
dpy.4358
scs.15639
spe.27763
ppx.28644
scr.21492
ppx.23452
htf.11387
ppx.7776
scr.2798
spe.7993
gys.6605
ppx.36563
trc.17592
spe.20418
hyn.6866
tas.7824
fsc.10221
sct.11857
ppx.3084
spe.16528
Fsc.32639
scc.10992
Fsc.30778
dpy.16608
htf.5704
opv.13951
htf.11600
gys.13996
ppx.34237
Fsc.2295
fsc.14763
sch.1168
scc.9811
taa.7616
opv.4762
dpy.2104
scr.9200
spe.37155
ppx.11506
gys.1113
scs.14596
hyn.8809
Fsc.23511
scr.22877
scw.22775
hyn.8118
msl.50849
gys.11125
scc.9188
Taa.9993
ppx.24233
sch.2143
htf.3920
gys.6873
trc.19428
spe.7732
trc.3925
ecd.4706
ecp.3501
trc.9114
ecg.8926
hyn.8668
scs.10677
taa.12964
scw.6484
opv.8991
hyd.9737
gys.13577
msl.33952
taa.5632
msl.60477
ecd.7685
htf.5706
spe.36210
htf.8148
spe.20901
ppx.4031
spe.29407
Fsc.6643
htf.48
sct.4451
hyn.12249
htf.7983
gys.8059
Ecg.1258
sct.11201
dpy.17566
ppx.21363
spe.38544
ecd.6624
msl.37395
ecp.19
scr.17137
hym.6687
scc.17838
opv.895
tae.5350
scr.12638
ppx.1833
dpy.17873
hyn.10503
sct.18016
spe.3965
hyn.12138
fsc.5254
opv.8713
Taa.2369
cln.6466
scs.12286
sch.4464
msl.38487
ppx.5884
hyn.11575
smm.117
scw.9274
ppx.33354
ppx.21993
