

ecm.797
sct.22115
hyn.4962
msl.16985
Fsc.23725
sch.6148
Fsc.19711
Fsc.19256
spe.37087
Fsc.18366
scr.18961
Fsc.5026
smm.911
Fsc.16911
smm.2317
ecg.4711
sct.2995
scc.4900
htf.4774
spe.37004
smm.3470
hyd.6715
scr.12705
Taa.6118
Fsc.27096
ecg.5310
Fsc.18114
Fsc.19160
scr.13312
Fsc.25125
scr.19362
msl.20424
scc.22849
ppx.14645
scr.9501
Ecg.9100
Fsc.6336
ppx.23441
scw.16571
msc.4796
dpy.15693
htf.4105
smm.749
scw.24273
Fsc.4534
sct.15021
Fsc.26254
msc.3942
scr.16318
fsc.7526
scs.11190
spe.7111
scr.1164
scw.5360
ppx.3041
ecp.16836
spe.8006
scj.6454
gys.11688
ecp.15847
ecd.11251
spe.29852
gys.1986
scr.9459
Fsc.13936
sct.1708
dpy.1856
spe.27142
msl.7199
hyn.7552
ppx.11803
spe.1437
gys.6293
opv.15886
spe.32766
gys.14645
gys.1558
msl.48887
htf.9165
opv.14919
tae.4871
tae.3112
tas.6396
ecp.10295
scj.5435
sct.11304
opv.606
fsc.6221
hyn.13073
ecp.12776
taa.1965
gys.12330
scc.7260
trc.20714
dpy.11123
tas.194
scj.4493
taa.6382
ecd.6359
smm.2863
tae.7378
taa.5496
Fsc.5979
sct.11548
Fsc.443
scs.3856
ecg.2753
msl.54480
msl.514
scm.161
trc.10338
scc.9626
sct.13776
msl.42312
spe.34942
msl.11121
tae.9683
gys.2035
gys.10871
tae.11569
hyn.8460
msc.2415
msl.26617
scw.4455
sct.14457
hym.4226
msl.20375
msc.9834
ecg.580
Taa.2735
hym.3042
spe.1940
ppx.8482
spe.30226
Ecg.8250
htf.898
sct.9402
spe.33467
hym.886
hyd.1615
msl.15063
Ecg.4231
trc.2241
dpy.15894
taa.1740
Fsc.15435
Fsc.31174
ppx.23268
scr.21246
Fsc.9640
spe.25432
spe.29388
msl.7853
dpy.12912
ppx.22496
tas.3236
Fsc.10581
trc.20709
msl.32158
ecg.9795
spe.13037
ecm.7169
fsc.5162
scs.8087
ppx.10774
trc.12208
taa.3415
ecp.6786
hym.5373
ppx.3233
cln.12838
sct.11866
scj.10998
scs.2080
scs.15267
ppx.27582
taa.2613
msl.23372
fsc.4048
ecd.7399
Ecg.8964
cln.4945
sct.10979
fsc.1566
msl.15650
sct.21967
tae.8247
msl.24271
taa.8112
sch.5375
scs.5086
cln.13035
ecd.2354
fsc.2648
msl.14155
sch.534
sch.3895
opv.12909
smm.2350
scm.7798
opv.8056
msl.48561
ecp.9856
tas.6128
spe.7737
ecp.10742
msl.53268
ecm.10244
scr.11748
hyn.887
trc.21657
msl.47084
tae.1430
ppx.11310
gys.7742
ppx.8809
ecg.7567
gys.8746
spe.35436
msl.2270
hyd.24
cln.7885
ecg.7482
ecm.318
opv.13747
msl.3804
msl.54729
msl.46832
dpy.4157
taa.1712
scr.3613
msl.17168
msc.7092
cln.10429
hyn.8327
hyd.3269
scr.1334
spe.38025
msl.46662
ecd.2650
spe.2685
cln.8202
msl.31262
tas.4211
ppx.27094
msl.21403
sct.7975
ecg.5805
sct.7564
msl.13270
ecp.276
msl.25173
spe.9002
hym.7133
msl.4263
msl.37646
msl.125
scm.5880
Fsc.18453
ecg.5720
scw.3073
ecd.8745
hym.9782
opv.7478
spe.33993
sch.429
cln.1421
Taa.8908
Taa.9321
msc.6484
opv.3287
Fsc.7952
gys.4524
spe.35878
scj.11840
taa.9599
sct.14557
ecd.3669
scw.1528
Ecg.6439
msl.45393
opv.1232
hyd.1166
ecm.9833
sct.3837
fsc.7272
Ecg.2779
hyn.4141
fsc.99
msc.10338
hyn.10713
ppx.22835
scc.549
scc.16719
hym.6623
scr.3837
ppx.311
Ecg.2368
spe.16
tas.12582
scs.9171
msc.7737
ecm.8903
taa.9614
ecp.16470
taa.7383
scs.9870
Taa.6937
scc.7925
scr.1770
scw.16986
opv.2315
fsc.15263
Fsc.17952
trc.14576
tae.4000
msl.25093
ecg.2926
scs.275
ecm.2673
scm.6123
fsc.5958
scs.10423
htf.7902
ppx.17230
scc.23328
scj.5549
msl.44123
msl.31619
spe.13450
trc.5592
ecp.17695
tae.9307
ecg.2452
msl.55699
spe.9486
cln.9534
htf.3679
ppx.20333
Taa.3402
hyd.6369
trc.7758
sct.2256
dpy.15643
scm.11623
scr.10917
hyn.7199
msl.43468
hyn.10210
msl.45846
Taa.9890
fsc.2333
hym.8992
ecp.12351
ecd.4712
ecm.2152
tas.13157
msl.60245
htf.11391
opv.4854
sct.8375
cln.9878
msl.24723
scs.10967
taa.9472
sct.16820
htf.4800
Fsc.8160
ppx.34716
spe.29061
ecp.12654
scr.6647
msl.36019
tas.9496
ecg.5917
hyn.2037
hyd.3963
ecd.230
dpy.8431
dpy.16080
ppx.11592
msc.706
sct.10308
fsc.3913
scw.20557
cln.3358
tas.5251
opv.9207
taa.1510
scj.7525
msl.39230
gys.13390
hyd.3276
ecm.2266
msl.7426
ecg.2424
taa.7116
msl.402
ecp.16415
msl.56564
fsc.10259
spe.14951
msl.57389
ppx.11819
msl.42274
Taa.2357
hym.9343
spe.24839
dpy.4565
Taa.419
Ecg.7090
msl.57532
ecg.8931
taa.10414
dpy.9494
msl.1626
gys.12583
msl.22839
msl.8099
msl.25380
scr.1231
spe.7065
opv.10837
ppx.15512
msl.52064
scw.13603
taa.9408
scc.16562
ecm.9467
opv.7280
ppx.34749
msc.6535
opv.12635
tas.1000
scr.18656
ecg.7844
msl.38081
Taa.3334
dpy.17818
msl.9156
msl.39600
msc.5288
scr.20721
ecd.8100
scr.16676
msl.54077
gys.511
ecp.7109
msl.46053
ecm.2717
hyd.185
taa.3465
dpy.14660
ecm.7549
tae.3669
Fsc.11384
scs.9166
msl.47573
cln.7131
scr.4708
tas.8149
msl.51065
gys.15115
gys.8678
taa.4189
Fsc.18899
scw.24423
spe.23710
msl.45358
scj.10401
hym.9981
ecd.1369
msl.17384
Taa.4726
cln.12427
tae.6340
msl.51575
sch.1989
cln.5992
scc.16743
ecg.9132
msl.57416
msl.13182
sct.16182
msl.58483
cln.54
ecd.8316
fsc.8492
ppx.25509
dpy.8317
ecd.1115
scc.6957
Fsc.3058
Ecg.6103
ppx.20323
tae.10251
msl.28514
trc.3992
ecp.15469
opv.2569
scs.7196
spe.12486
tas.7232
opv.12518
ppx.25014
ppx.24358
ecp.13385
ecp.8531
scs.17610
hym.9358
tas.1166
htf.6149
htf.5084
msl.58395
scc.22179
ppx.19777
sch.2557
scr.2289
cln.4176
scr.3481
msl.13066
msl.31941
msl.59978
ppx.37605
gys.1458
msl.56314
Fsc.33179
ppx.26545
scc.7963
tae.6520
ppx.22703
ppx.25740
hyd.11056
hyn.1599
Taa.1296
tas.6154
ecd.7533
opv.2497
hyd.5285
ecd.3887
dpy.7663
hyn.12946
msl.43901
sch.8370
htf.261
Fsc.1508
fsc.5671
ecp.1719
scr.19704
opv.3304
hyd.8526
htf.10243
msl.11675
ecp.5996
sch.2268
scs.3504
scs.13547
spe.2612
cln.10076
msl.44545
msl.60130
scr.549
fsc.2226
Fsc.20392
opv.2731
ecg.3782
htf.1497
scs.14416
msl.17574
scm.2033
hyn.8932
Fsc.27300
dpy.7325
hym.4108
ecp.12311
scm.3623
msl.27824
sct.20085
ecd.4617
msl.15190
ppx.1481
ecm.5346
sch.5610
scm.10053
hyd.1501
msl.11046
smm.2330
opv.10100
taa.11686
scc.8172
spe.21533
ecp.12887
msl.57374
sct.21062
sct.5181
hyn.419
tas.8183
msl.35528
scc.12945
hyn.7906
scr.5858
fsc.5095
msl.48363
ecd.8134
cln.9080
hyn.10974
ecp.4831
Taa.7502
ecp.18399
Fsc.15351
msl.27756
msl.13164
msc.6776
fsc.10880
opv.11162
opv.12286
tas.2875
msc.7304
scs.14823
tae.3794
msl.59629
taa.862
hyn.9890
htf.7470
msl.54612
msl.23690
fsc.3127
scw.3377
Ecg.4626
gys.4740
ecp.8024
htf.8234
ecp.4900
msc.268
ecp.561
spe.29555
ppx.16264
msl.12147
ecg.10472
sct.11955
ecm.4130
scc.21298
trc.2968
scw.8541
Ecg.8388
cln.8517
hym.6385
msl.48813
taa.4661
ecg.4681
sct.10803
msl.8295
sct.1096
Ecg.6118
msl.47878
taa.132
taa.3980
scr.1966
ecp.15472
dpy.8750
spe.24438
scw.3126
cln.3908
ppx.18665
fsc.12477
gys.11575
ppx.11730
sct.3558
tae.6966
spe.6142
cln.624
ecm.454
scc.8392
msl.40325
ecp.11320
tae.8128
hyd.829
Ecg.9066
spe.37249
sch.5282
taa.8723
ppx.15232
hyd.8623
msl.51846
scj.1849
ecg.4941
scs.18191
hyn.3246
scj.2368
msl.52468
ppx.25757
opv.4340
Fsc.6484
msl.23121
scm.5397
ecd.7508
ecg.307
tae.4957
sch.8094
ppx.6299
scj.4153
trc.13486
msl.60092
hyd.3391
scs.10085
ecd.2272
msl.41888
opv.7173
Fsc.4918
fsc.9145
tas.4146
scs.8806
Ecg.5927
scw.23315
Taa.2099
ecm.3018
scr.3209
ecp.1472
msl.8990
sch.6821
scs.12567
ecd.1873
scs.5717
fsc.13809
tas.3843
opv.8721
ppx.24819
Ecg.8835
gys.12071
hyn.3001
msl.2186
msl.14794
cln.8162
scr.20407
Fsc.30394
sct.11779
fsc.8914
ecp.10685
Ecg.2901
dpy.14886
opv.12225
scs.10259
sct.15672
taa.2668
ecm.6729
opv.9959
ecg.568
msl.43081
scm.5577
taa.2041
opv.8644
scc.9361
scw.8228
spe.32656
ppx.21152
hyn.9709
ecg.8820
ppx.17163
hyd.5454
dpy.16636
ecg.8757
ecm.6206
msl.9897
hyd.6166
msl.44086
msl.33103
hyd.1759
msc.8976
trc.2987
ecg.4546
ecm.3036
opv.815
msl.60302
hyd.9067
scs.12746
msl.32688
trc.14121
trc.14900
msl.54375
Ecg.5069
scj.9173
dpy.15959
gys.730
taa.2137
sct.18788
scc.11603
ppx.26844
msl.59483
scs.14459
dpy.10645
Taa.409
scm.11703
hyn.1650
opv.8459
ecg.6423
ecg.5703
hym.4546
spe.31742
fsc.9613
ppx.34924
msl.7307
Fsc.20015
scs.14900
hyd.1453
gys.9126
sct.1981
opv.995
hyd.4495
msl.3581
trc.1619
msc.6503
msc.2973
dpy.14410
msl.9084
ecm.1903
Ecg.1100
Taa.6821
msl.21587
ecg.3712
spe.4390
scr.12830
fsc.12463
htf.10356
scc.12822
msl.2128
dpy.8572
htf.1724
msl.48209
gys.1010
Fsc.7310
trc.3428
ecg.7047
ecp.7295
scc.1579
dpy.12020
hym.2390
spe.7777
ppx.24865
spe.12890
hyd.3535
hym.8471
ecd.5719
gys.2219
scm.249
dpy.6689
msl.11863
ecp.14586
scw.25069
hyn.2049
spe.24216
sct.15387
spe.28877
spe.22351
cln.504
fsc.11790
ppx.36637
scw.5326
msl.49339
scs.19502
hyd.4811
ecg.8218
trc.6123
spe.10700
msl.9219
sch.2580
hym.8395
ecp.16783
fsc.6600
hyn.5212
cln.5163
spe.23369
msl.23946
tas.7034
cln.11902
Fsc.20863
scr.1147
taa.9056
scr.5515
msc.5123
scj.6941
ecg.9591
ecm.2505
msl.42793
scs.3006
Ecg.1835
ecm.7756
sch.8310
opv.9343
trc.8881
msl.44616
ecd.8061
ecm.5657
dpy.6307
spe.6702
Fsc.1268
opv.10868
trc.6280
tas.5377
scm.3059
opv.16156
ecd.9551
taa.6405
scs.11529
ecp.1248
opv.13875
fsc.13926
msl.9027
ecm.1963
ecd.4374
taa.9440
cln.10364
ecd.906
taa.11026
spe.13050
scw.500
ppx.34216
trc.18731
cln.5783
sct.3068
smm.1930
spe.32953
taa.4716
Fsc.17720
opv.1559
scr.16724
sch.2874
ppx.25173
ppx.4470
scr.20382
tas.10354
taa.13018
spe.39227
taa.364
taa.12204
spe.21208
msl.12682
sct.4021
scs.14274
scr.17784
dpy.14978
sch.2356
ecd.2554
Ecg.4105
scw.25866
ppx.28599
htf.4124
dpy.10948
taa.10937
Taa.9080
cln.4418
taa.13176
trc.1852
tae.10141
msl.48525
hyn.12841
scr.9060
msl.58226
tas.7136
tae.7153
msl.5500
ppx.10219
sct.6446
spe.331
ppx.996
ecp.6571
scc.12825
dpy.1339
ppx.15367
gys.11576
scs.1697
msl.51833
htf.6821
dpy.12943
scc.22911
taa.9379
scr.16823
spe.21343
sch.4831
ecp.16312
ecp.18512
dpy.2153
opv.4274
tas.11706
opv.11877
dpy.6669
msl.10665
taa.5089
scc.1765
tas.8617
spe.5140
dpy.3579
spe.35660
msl.3263
dpy.1162
dpy.10761
ppx.14578
trc.3989
sct.4212
scs.1494
dpy.19877
ppx.7761
hym.10943
scr.23518
ecm.2358
ppx.11795
smm.2779
dpy.13096
spe.664
scs.2370
fsc.4325
dpy.9599
ppx.32190
spe.33179
fsc.15707
spe.26866
ppx.33238
trc.3239
tas.2029
trc.12822
spe.30254
ppx.33692
spe.18903
scr.7293
sct.15608
tas.10944
tae.2609
hym.9382
htf.5550
scw.1583
ppx.20907
ecp.4243
scc.8394
ppx.19396
Fsc.24199
hym.6344
scr.3581
sct.12299
fsc.13069
dpy.1651
spe.4841
trc.7229
sct.18588
ecp.18262
tas.8495
ecp.769
scw.8093
tae.5269
spe.36603
msl.19735
scm.11173
Fsc.1549
ppx.9277
ecm.199
scm.7174
ppx.9218
trc.3964
scs.17756
Ecg.410
ecp.11137
spe.16915
gys.12784
ppx.25070
dpy.15632
ecm.5720
scw.23356
Ecg.2599
ppx.30478
hym.10549
ecm.9630
ppx.12688
ecp.10276
opv.13848
opv.353
ecm.8101
ppx.20811
tas.12711
ppx.7951
scs.1359
opv.8649
scc.16302
scr.1947
ppx.21782
ppx.23219
msc.1241
ppx.6851
msl.41863
Fsc.20283
scj.5449
hyd.7956
tae.8304
sct.18952
Fsc.22816
fsc.9609
scw.11369
ppx.13619
ecm.5542
scm.4893
Fsc.981
hyn.12251
ecp.8932
dpy.2419
msl.3386
scm.5096
ppx.33596
spe.22662
sct.3726
msl.23816
cln.5320
msl.52242
dpy.17206
trc.13909
ppx.37755
taa.11666
scr.19254
ecg.2883
ppx.776
fsc.12819
hym.10310
gys.9174
spe.14978
scr.16250
ecd.6992
scc.9297
scr.9889
scc.10365
spe.2757
