

taa.1223
msl.58298
hyn.4961
msl.16984
Fsc.18360
Fsc.15223
scc.7555
Fsc.2744
ecp.18229
spe.9720
scc.8399
Fsc.11103
Fsc.22818
scc.7653
Fsc.11918
smm.1666
Fsc.31758
scr.21642
Fsc.18362
scw.14388
smm.1328
sct.3982
Fsc.14953
scm.11000
trc.17750
scw.9116
scc.210
spe.12902
scc.6694
dpy.12897
dpy.19144
scw.22780
scr.20239
ppx.11963
ecg.6988
sct.14947
ppx.20801
scw.6899
scc.11689
sct.7549
Fsc.23722
Fsc.4978
Fsc.24966
tae.9009
scr.12868
dpy.8404
smm.1837
fsc.2807
htf.2142
opv.5026
spe.13798
scw.20195
Ecg.9158
spe.21675
scm.809
opv.6591
scm.11531
scr.926
spe.25339
scc.3341
Ecg.8756
hym.10751
scm.7643
sct.4609
scr.21180
opv.12776
hym.5542
scw.8353
ecp.6189
ecp.10439
scr.14881
scs.1718
hyn.9345
ppx.30844
scm.9787
gys.9765
msl.48889
msl.51196
msl.44979
msl.2140
trc.1687
scs.10828
msl.39468
trc.17034
ppx.19578
opv.608
sct.7969
tae.5213
scs.5755
taa.1964
hym.538
ecp.8001
hyn.4815
htf.8629
ppx.26994
scj.4496
tas.4897
hym.11410
trc.1510
hyn.3956
spe.20943
scr.10147
msl.55262
msl.34148
scj.6664
Ecg.3487
sct.10122
msl.515
msl.14224
scr.8091
scc.9629
msl.34893
htf.2076
spe.34943
scw.2103
ecm.6086
gys.2034
spe.12141
scs.15042
msl.33388
msl.41789
Taa.4245
msl.627
sct.14450
msl.44358
scw.17966
sct.6717
gys.14813
spe.17455
spe.8574
taa.3525
cln.11036
fsc.8889
Ecg.8252
hyd.8239
sct.9406
spe.33464
ppx.28711
scc.8882
tae.7016
ecm.8170
hym.7842
htf.10769
fsc.11289
tae.1773
scm.2238
tas.988
tae.607
sch.5009
Taa.5029
msl.21835
msl.7852
tas.11727
opv.4323
taa.7945
hyn.2851
tae.4078
spe.2309
sch.6181
spe.13036
dpy.3890
hyd.3600
spe.30376
sct.6695
ppx.14839
ecm.4103
scm.4431
gys.858
dpy.14830
opv.5490
opv.14226
msl.58545
ecp.17683
htf.7128
scj.9041
dpy.15869
tae.3178
sct.1095
tae.12445
Fsc.7010
fsc.14637
hyd.10767
scs.12543
msl.46262
spe.30729
dpy.6734
cln.10687
scw.5408
fsc.3865
scs.5081
msl.26160
trc.14774
msl.16232
ecp.2213
msc.934
msl.9917
ecg.9985
Ecg.10192
scj.11323
scc.14812
msl.33012
ecm.4857
gys.9980
scm.5077
ecp.10743
sch.5970
ecg.4608
gys.10957
ecp.10237
htf.6734
msl.38597
hym.4319
taa.7641
spe.11898
ecd.4369
ecp.2874
hyn.1577
dpy.7495
gys.12436
taa.9777
scj.7166
Taa.7808
hyn.5645
opv.13745
msl.3805
dpy.14361
msl.46831
tae.4537
msl.20644
msl.15161
tae.3396
msl.5911
cln.10422
cln.8054
sct.13843
trc.9985
spe.38024
msl.46663
sch.2248
taa.3901
cln.8204
msl.31263
ppx.25651
dpy.8049
msl.21402
sct.6034
scr.5554
ecd.1828
ppx.878
trc.17008
gys.9428
scm.6039
ppx.20765
msl.32128
trc.12284
scc.2620
scr.9595
msl.43386
msl.12172
msl.43998
gys.3620
sch.8256
smm.397
hyd.8840
spe.33999
cln.12231
ecg.8182
trc.1779
msc.6480
opv.3288
ppx.21718
htf.1617
msl.53667
scm.3353
scm.7492
tae.6140
htf.8907
hyn.4376
Ecg.6433
msl.19061
opv.1230
msl.36428
ecm.9835
taa.9725
ppx.7630
Fsc.2066
msl.22912
dpy.16205
sch.7547
msl.34906
tae.1774
scc.16943
ecd.9000
hym.6622
ecp.17952
hyn.10691
hym.899
scs.19882
htf.4010
scs.12731
ppx.28832
ecg.1965
ppx.32523
ecm.3091
spe.33646
msl.38381
ppx.26502
msl.22101
ppx.16858
sch.11783
tae.12366
ppx.11660
scr.963
msl.17799
trc.20717
opv.4235
ecg.2920
ecm.62
Fsc.1465
spe.9151
opv.4182
msc.8518
scr.19888
Fsc.25299
msl.19355
msl.5190
ppx.34150
msl.31610
sct.11875
ecd.4149
msc.7589
spe.7167
fsc.10122
sch.5725
msl.28870
scw.331
msl.19736
ppx.20335
cln.6550
tas.114
msl.52686
msl.46278
scj.2510
Fsc.29050
scs.13178
ppx.37670
ecd.4225
ppx.13944
ecg.5297
ecm.6426
taa.3498
msl.49888
spe.18971
msc.712
cln.3571
taa.4845
tas.7511
ecp.3897
msl.37257
scw.4940
Fsc.28435
scs.15877
msl.19284
cln.11855
dpy.3899
Ecg.2023
ecp.2777
ppx.34714
dpy.9919
ecp.12658
ecm.1536
scs.8209
ecg.7986
scj.9630
dpy.15896
trc.5862
spe.16617
gys.445
sct.22187
scr.7725
ecm.3334
htf.812
msl.24178
msl.55523
cln.3357
tas.5250
hyn.2418
ecg.6508
scj.7523
scw.11161
gys.13395
msl.25492
scr.9151
htf.850
ecg.2425
taa.7117
msl.23914
msl.1766
htf.8912
scj.9126
spe.14953
spe.2056
htf.4210
msl.42277
ppx.28491
scc.18190
msc.633
hyd.2041
hym.7142
scw.24280
msl.57533
tas.12199
taa.6363
tae.3653
scs.3932
gys.12589
msl.30064
scr.20649
Fsc.13066
ecp.3822
scw.17708
msl.31670
msl.25859
scs.12795
scc.7727
taa.9409
scc.16568
fsc.14563
msl.54544
taa.9972
sct.6350
opv.12633
scc.21975
msc.381
msl.6579
trc.3726
ecd.6779
scc.17200
msl.9157
ecp.31
ecg.6760
msl.48371
hym.274
ppx.14857
ecm.8674
dpy.8525
spe.11264
msl.46052
ecm.495
spe.10894
ecp.16097
spe.30930
msl.22552
tae.3667
scm.6923
scs.12727
msl.31933
scc.19800
cln.205
ecp.5261
msl.51067
cln.13399
sct.11078
hyd.5665
hym.7618
spe.34413
scw.17489
tas.11004
scj.10408
scw.20780
hyd.7782
msl.17383
Fsc.2165
Ecg.10248
spe.13833
ecm.7665
sch.1988
cln.5991
tas.11328
ecg.9131
fsc.4174
cln.11191
ppx.22386
cln.970
msl.30373
ecd.6223
msl.31359
ecp.9166
msl.51476
opv.2387
scc.6955
msl.38533
spe.37470
ppx.20320
gys.5515
msl.28510
spe.13200
tas.685
msl.42213
msl.30829
cln.1181
opv.4608
scs.5825
ppx.18831
msl.59717
ecp.13381
ecp.8530
taa.7490
msc.7163
hym.3895
hyn.12322
scc.16664
msl.58394
ecd.971
ecp.11334
sch.2551
cln.7882
cln.4175
scj.1511
msl.13067
msl.31949
sch.3504
ppx.14842
ppx.33181
tas.1474
Ecg.7690
msl.26934
msl.22145
ecd.5899
msl.43262
msl.16729
msc.2808
hyn.1593
Ecg.68
msc.3678
scj.12098
msl.13506
opv.1162
ecd.3880
msl.56639
hyn.12944
msl.32482
ecg.9969
tas.10028
opv.8217
ecd.7161
tas.1240
scr.19700
opv.3305
Taa.3658
msl.15783
msl.11677
cln.2269
spe.15135
htf.8324
tas.5622
hym.11190
tae.134
msl.44546
msl.60134
Taa.4378
ecd.4568
spe.22579
sch.3444
hyn.10943
tas.12603
msl.49255
msl.17575
scm.2032
taa.4769
scr.6499
hyd.1806
ppx.34849
msl.43543
ecd.702
msl.45923
tas.13113
tae.10138
scs.18128
sct.4999
scs.5831
trc.15790
scm.10052
msl.54820
msl.11047
ecm.7446
taa.8536
gys.4508
scs.11507
spe.21532
Fsc.27255
opv.5387
spe.22667
sct.5184
tae.847
htf.1391
dpy.12520
scc.12944
scs.12258
ppx.15977
fsc.5097
scr.20755
Taa.9031
ppx.30210
msl.20982
scr.2683
Taa.7501
scw.1186
msl.60372
trc.8908
msl.13162
msc.6777
cln.3212
scs.19209
opv.12280
msl.40871
msc.7305
hyn.1370
tae.3792
trc.2069
fsc.6558
Ecg.6581
fsc.14018
msl.54613
msl.23691
sct.5177
scj.11405
Taa.4898
msl.20082
msl.22620
trc.4685
ecp.14056
sct.22870
ecp.563
sct.5346
scr.11548
hyn.8237
opv.2741
sct.11952
ecm.4131
hyn.9563
msl.13710
scs.5865
gys.5113
msl.57150
dpy.6082
msc.5547
tae.9322
Ecg.5958
opv.539
msl.23324
ppx.25459
Fsc.21787
tae.10947
msl.5844
msl.2545
ecp.17016
scs.7801
ecd.7468
dpy.7412
Taa.6065
cln.3909
taa.13066
msl.20802
tae.1469
scs.7028
ecd.9669
spe.12617
Taa.4289
cln.7068
ppx.9985
scc.8395
msl.40327
taa.6250
scs.15610
cln.7896
fsc.3680
htf.1499
msl.23592
trc.3389
ecm.5860
scw.19734
msl.51847
spe.32162
ecg.4943
sch.6559
scm.11513
ecd.629
opv.7538
trc.4248
cln.6870
Fsc.28186
cln.7597
scm.5396
spe.20843
tae.1630
scc.4652
trc.11196
ppx.6296
fsc.4037
ecg.3949
Taa.4680
ecg.9179
scm.4418
scj.2061
spe.17056
tas.12878
ecm.8149
ecg.9033
ecp.14336
ppx.35117
ppx.21794
ecm.8988
taa.2290
msl.26886
ecp.17369
msl.16603
ecg.10349
hyd.6333
msc.1116
scm.9642
msl.10758
Fsc.2232
taa.1785
spe.12969
ppx.34575
ecd.1405
ecg.517
scw.19245
msl.2184
ecd.3842
trc.12253
hyn.12361
cln.12961
tae.1466
spe.16074
ecp.10684
Ecg.2906
msl.32345
hyd.3042
scc.11403
msl.8278
Fsc.2486
ecm.6728
Taa.3728
scr.1043
msl.43080
tas.6364
hyn.12540
opv.8645
Taa.2671
sch.11702
spe.32655
opv.13818
tas.11557
dpy.4368
ecd.5329
Taa.4992
htf.5747
Fsc.20252
ecm.6207
Fsc.16223
cln.6089
scj.6134
msl.33102
sct.16003
msc.8971
spe.902
htf.4460
tas.1990
opv.816
msl.60304
hyd.9061
scs.12749
ppx.28862
trc.7180
tas.5662
sct.2850
spe.29222
ecg.4789
htf.4851
spe.3759
hyd.7265
msl.19676
Ecg.8057
ecp.253
msl.59480
scs.14458
scm.4021
hyd.3735
msl.36539
fsc.10620
opv.8458
sct.22071
dpy.17624
msl.20440
scc.3413
taa.3599
hym.5910
msl.7306
ppx.22361
taa.2512
scw.20095
gys.9120
sch.10436
msc.10155
hyd.4494
scr.13402
trc.1611
tae.622
cln.11952
dpy.6639
htf.2006
msl.42102
scw.11581
fsc.12945
msl.21588
cln.465
ppx.30393
msl.11995
fsc.12462
Fsc.15749
opv.9586
msl.2129
Ecg.1488
dpy.19815
dpy.8969
ecm.7090
ecg.8091
Ecg.10153
ppx.19719
ecp.7296
scc.9766
scr.5765
ppx.32257
msl.8208
taa.2674
fsc.12387
tae.5755
msl.52241
ecd.5712
gys.2218
scj.8052
sct.13070
tas.7104
htf.8253
scc.17008
hyn.2040
ecd.972
Taa.1008
Ecg.1881
sch.6739
cln.505
gys.9376
cln.9030
spe.36308
hym.1265
tae.1788
hyd.4817
ecg.8215
ppx.36779
opv.5156
opv.15970
gys.4200
scr.16827
msl.59336
taa.868
tae.9585
cln.11676
dpy.3678
msl.23944
tas.7037
spe.11815
hyd.10419
msl.20713
ppx.14268
scc.20216
msc.5124
fsc.13819
Taa.489
fsc.6010
msl.10705
Ecg.7293
scj.5128
scs.7062
ecm.9189
taa.10763
trc.8886
ppx.34047
msl.28232
ecm.5658
trc.20538
spe.6700
ecg.5064
ppx.22300
trc.6281
tas.5372
dpy.14525
opv.16159
ecm.5284
Ecg.9741
Ecg.402
msl.12941
opv.11505
cln.7699
msl.9020
ecm.1960
msl.40489
ppx.8330
cln.10366
trc.2384
scr.13254
msl.4449
tas.11451
ecg.9388
sch.6072
trc.2067
hym.2272
taa.11478
spe.36974
taa.10817
hyn.12095
trc.135
sct.22686
scs.16235
trc.17691
ppx.29057
scm.10256
trc.10888
opv.6905
tas.9256
trc.848
msl.17243
hyd.3142
scr.10090
Taa.3004
gys.5650
ecp.6452
spe.20402
scs.11240
scw.13910
tas.578
cln.4920
msc.10378
fsc.5952
spe.34696
scw.14284
sch.10582
hym.8448
Taa.1125
msl.30433
opv.1021
hyd.3063
scc.13193
scs.18677
Fsc.5829
trc.20173
ecp.1497
ppx.7668
ppx.27023
Ecg.7233
scj.6264
htf.4686
tas.10939
Taa.9677
trc.10150
ecd.10315
hym.8853
spe.9648
msl.15921
hyd.7065
sch.7189
ecp.1256
Fsc.11905
scw.22945
trc.16382
scr.16312
scm.11537
taa.12231
htf.7607
ecp.903
htf.4900
ppx.20706
scj.6798
fsc.12085
tas.1529
spe.21555
gys.6506
scj.7258
scr.4513
taa.7525
scc.3983
hym.12156
dpy.18175
ppx.18472
dpy.10860
ppx.32914
sct.10527
scw.13937
cln.600
scw.9586
hym.4432
sct.12048
opv.13867
sct.12835
scc.10704
ppx.30274
gys.10752
scr.21232
ppx.4308
fsc.559
scj.3688
trc.16182
fsc.9664
ecd.7141
scw.1488
trc.14568
msl.25032
taa.3774
scw.6616
scs.3958
scm.3444
dpy.1808
taa.8321
gys.3631
msl.24419
ecg.4094
msc.1247
ecd.10792
msl.8410
taa.11815
cln.2563
taa.5761
scs.3232
spe.13700
scc.12634
scc.14982
ppx.6151
scc.16181
Fsc.27660
fsc.13820
sct.17828
spe.34607
ppx.21690
ppx.4613
ecd.10002
spe.8454
ecg.1621
gys.8867
msl.27723
ecp.1527
trc.1936
ppx.12105
scw.6963
trc.21778
trc.16289
taa.9953
spe.33173
ppx.30705
sct.22834
spe.21030
Fsc.31977
sct.19059
fsc.10689
hyn.7811
msc.10531
fsc.1216
ecg.10529
scr.13739
Ecg.6983
spe.15392
sch.2348
Ecg.9829
Taa.6498
spe.8317
scc.724
Fsc.13375
ppx.26533
spe.28700
tas.7435
tas.11003
dpy.17117
hyn.5345
tas.10398
hym.8306
spe.12346
scw.9591
hyn.3928
hyn.11735
msc.7989
Fsc.6359
sct.10552
Fsc.25267
spe.34004
spe.38479
sct.6311
ppx.17956
sct.20518
hyn.10388
smm.1139
scr.13683
Fsc.4850
Fsc.22552
scc.11202
ecm.4279
msl.35100
ecm.6884
ppx.28288
dpy.8909
ppx.23547
Fsc.16206
scw.13117
Taa.7903
spe.17766
ppx.8037
scc.1170
spe.23314
scw.21673
msc.2486
opv.7095
scw.333
ppx.29017
hyd.10677
ppx.10243
Fsc.12626
