

scr.17155
gys.3724
ecp.12958
msl.42023
msl.51609
Fsc.19297
scw.4765
sct.9004
spe.34181
tae.3363
Fsc.23769
Fsc.13303
scr.12210
sct.18652
smm.2032
Ecg.1540
hyd.5015
Fsc.7370
trc.8669
scw.16932
htf.2949
opv.6326
ppx.28066
Fsc.16910
Fsc.10189
spe.4537
trc.1243
hyd.5739
smm.2395
cln.5185
scr.5871
sch.4603
tae.9897
ppx.9660
trc.20157
scc.22455
Fsc.13083
trc.20707
scr.12183
scw.21222
fsc.10058
Fsc.25140
scw.14398
Fsc.5433
scs.18336
Fsc.10997
smm.20
tas.5187
msl.10152
sct.20068
cln.8638
hyn.5172
sct.2131
ppx.20290
ecp.7672
scw.25154
scm.11522
msl.37105
sct.1746
scj.1467
tas.3016
hyd.7215
scs.9197
Ecg.3904
scs.15571
msc.6754
Taa.6174
msl.13771
msl.32800
cln.8584
scc.12630
spe.11452
spe.19845
sct.9350
ppx.28870
trc.14155
hym.6833
hyd.6463
scr.16568
msl.9948
taa.5419
msl.57944
ecm.4220
msl.47115
scw.7730
tae.2038
fsc.11832
dpy.4548
fsc.3803
ppx.22199
msl.37671
scr.11911
tas.6645
taa.12446
msl.12163
ppx.13298
scs.14012
gys.4179
msl.27900
tae.3908
msl.48506
opv.5965
cln.7215
tas.2673
msl.11017
msl.17682
msl.23546
gys.9683
taa.12778
scs.10893
taa.9584
ecp.4305
scm.11033
scc.21184
scw.6974
msl.45381
opv.2556
msl.58180
taa.7702
scc.7431
Ecg.6336
trc.14843
msl.34548
ecm.2012
hym.6799
scw.2274
msl.46851
tae.2239
ecm.3246
opv.13007
smm.2328
spe.5279
opv.3389
taa.7253
sct.19214
Ecg.741
dpy.12526
cln.8826
scc.9897
msl.40857
msl.59677
ecp.14412
msl.16434
smm.3827
spe.27871
msl.24515
ecp.10966
msc.2627
htf.1792
ecg.7431
spe.13999
hyd.350
dpy.11157
msl.43250
Fsc.2102
opv.13416
sch.10674
scm.1466
ecg.4431
Fsc.21286
sct.6085
ppx.17226
scw.6278
msl.24665
fsc.23
htf.8109
Taa.10207
scm.4313
msl.34632
scs.7336
ppx.5726
opv.13242
ppx.32582
sct.6500
msl.56525
tae.7655
gys.4667
hyn.6775
sct.8492
scs.1775
msl.28633
cln.425
scr.23770
ppx.30588
ppx.29034
dpy.12404
ecm.6292
ppx.17352
scr.5954
scs.4611
msl.48242
fsc.2522
scr.11257
hyn.2130
hyn.10634
ppx.8731
Ecg.2591
opv.12204
msl.8393
msc.7383
msl.39535
ppx.8674
msl.51444
scr.1023
tae.11223
scm.4606
ppx.27215
scj.7717
msc.1349
ppx.23181
msl.10991
hyn.10373
msl.59296
scm.11688
scm.5923
htf.6812
ppx.28397
ecd.445
fsc.10488
tas.5218
ecp.12968
msl.42038
ecg.5187
ecd.927
dpy.15469
sct.9000
smm.2385
hym.1304
scc.13266
hyd.4953
ecd.5650
scr.11763
ppx.34632
msl.5587
taa.7100
tae.4477
htf.2863
sct.3055
hyd.10458
Ecg.3845
msl.36990
tae.6126
scs.9005
scw.15213
Fsc.23660
cln.8072
scj.6800
msc.1062
msl.15564
scw.11348
scs.14181
Taa.3080
dpy.162
cln.3697
scw.8438
tae.6512
htf.8649
ecm.486
msc.8764
msl.13769
msl.51342
scs.19834
cln.8548
msl.59983
scm.2727
scc.166
ecg.4658
msl.30419
msl.8245
msl.18891
scs.7479
tas.12550
trc.8264
dpy.5376
msc.4020
Taa.5646
dpy.1460
hym.8012
hyd.1916
ecp.2378
ecg.924
Ecg.9437
cln.3646
cln.9693
spe.13519
fsc.1597
ecp.9395
cln.13076
htf.7877
Fsc.25252
ecd.6473
opv.16283
dpy.11987
fsc.327
msl.49799
msl.51212
spe.29355
Taa.1549
ecm.8573
hyd.6286
fsc.5247
ppx.35823
ecm.10175
taa.4199
hym.7664
ecp.3598
scj.8132
ecd.508
smm.104
scs.12445
scr.518
spe.37635
msl.36544
ppx.14866
sch.6385
scm.1471
hyn.12908
msl.37745
spe.20492
tas.4145
scr.16175
opv.5309
msl.36133
scs.10530
ppx.14089
ecd.8329
tas.3503
msl.17821
msl.49739
ppx.36966
msl.52165
ppx.25437
fsc.4520
scj.8624
spe.1821
Fsc.10208
Ecg.1137
ecd.6712
sch.6401
scm.11088
msl.59409
ecm.7421
scs.3021
msl.28392
scr.9929
msl.20972
scr.5341
spe.3500
msl.44631
dpy.2969
msl.58380
spe.9183
msc.1669
tas.7308
ecm.6652
gys.2285
scc.8074
ecm.4409
msl.31955
msl.33969
sct.17199
tas.3008
msl.6646
scs.3294
Fsc.30475
scm.10662
hym.7498
msl.6149
spe.35984
tas.11074
scw.16616
tae.7794
trc.2578
ecp.985
Taa.4746
spe.16552
dpy.4178
scm.7869
ppx.417
ppx.13208
Taa.273
spe.14264
fsc.4110
gys.7858
ecg.7626
ecm.8847
hym.5645
scs.3316
ecp.3917
Fsc.11186
msl.28056
scc.23090
tas.5632
hym.1562
dpy.9898
Taa.2507
msc.3514
msc.1139
scm.3237
scs.5739
msl.29505
cln.12535
scj.10479
opv.7105
ecd.1337
scr.18254
dpy.5762
cln.5299
cln.3834
ecd.7020
fsc.12544
msl.31732
ecg.8012
taa.1110
msc.8773
msl.50915
cln.715
ecp.9892
ecp.13244
Taa.8992
tas.7774
opv.3294
ecg.5593
taa.6453
scc.2158
tas.8378
tas.1892
scw.4192
ecd.3653
ecp.11064
scr.1928
msl.38629
msl.35539
spe.31518
msc.9075
msl.38953
scw.554
tas.2440
scs.10190
ecm.4087
fsc.7276
htf.596
ecg.3619
scc.1269
gys.1382
scm.10135
scs.8772
dpy.1965
opv.870
taa.53
msl.42426
msl.48449
spe.15158
fsc.12375
taa.8672
ecp.15740
msl.50334
Ecg.9670
taa.2933
ecm.9794
scm.3480
trc.73
opv.13886
gys.4735
ecm.7263
tae.3544
scs.3666
Taa.1801
opv.1364
tas.3397
msl.4757
Ecg.3389
hym.1238
scs.17592
scj.8502
ppx.9973
spe.34723
msl.44152
msl.28178
dpy.3745
scc.11789
scr.8664
msl.6757
hyd.5704
tae.5168
taa.13296
ecm.4502
cln.12628
cln.11935
trc.12816
fsc.9504
trc.9249
tae.3436
msl.38677
ppx.18934
msl.27133
sct.9014
sct.19157
msl.14074
msc.6979
dpy.18197
scs.18318
sct.17674
scc.23515
msl.15266
Fsc.9316
dpy.14922
scc.10996
scr.3004
msl.50709
tae.4021
tae.898
dpy.11725
trc.6081
scc.23107
opv.13616
hym.2967
ecm.5818
trc.4350
msl.51656
tas.3987
msc.7241
msl.11538
scj.7738
htf.11645
msl.38877
trc.12525
ppx.18703
scm.345
trc.9204
sch.7470
scw.7094
opv.7339
hyd.2977
tae.6318
scw.5348
msc.2206
scc.20854
msl.41561
ppx.16542
scs.19940
hyn.7222
ppx.24110
ecm.10568
ecm.5927
ecd.4101
tas.4670
sct.9923
ppx.21789
scs.16439
fsc.8178
htf.6597
sct.18620
opv.2223
scw.2792
msl.21284
opv.14653
ecg.4217
smm.1455
fsc.3936
gys.11655
gys.7685
ppx.14323
msl.38767
htf.8747
hyd.1033
msl.143
scc.3965
tas.5268
scj.532
opv.15823
scw.17421
taa.10366
tae.7827
trc.14273
ppx.2102
hyd.4312
hyn.1034
msl.43644
scr.22755
msl.1249
spe.25005
Taa.650
tas.12202
ppx.32368
sch.8429
trc.10808
scw.2905
ecm.10111
gys.7774
msl.39252
scj.11684
scs.18074
dpy.4314
fsc.3235
msl.45447
opv.15324
Taa.6125
cln.3623
msl.26636
spe.3393
msl.42005
trc.13084
msl.46068
dpy.12142
ecg.6545
htf.463
scw.11128
htf.10234
opv.14605
spe.6680
scm.9876
msl.47544
tas.1428
msc.43
msc.5439
scs.9096
hyn.8727
spe.14911
spe.25400
msl.55977
hym.11042
ppx.21971
ppx.3751
ecg.2917
dpy.4528
msl.50552
msl.33255
htf.8586
scm.1288
ecm.2658
msl.53585
scm.3651
msl.29150
ecm.8388
tae.4797
spe.37829
ecp.4707
hyd.4343
Fsc.1816
msl.27232
hyn.5083
msl.11690
opv.4948
spe.16422
scm.4892
spe.21560
tas.7073
msc.2968
dpy.14401
scr.18613
gys.6072
ppx.31366
hym.3230
tae.10043
Taa.9131
spe.10009
msl.1120
Ecg.1092
dpy.14074
scs.18304
ecp.9375
Taa.2418
hym.8978
scw.18187
ecm.5088
ecm.3261
cln.8468
msl.2071
msl.32588
opv.5703
hyn.1888
opv.403
hyd.482
sch.11363
spe.736
ppx.26063
scc.13694
msl.49408
spe.4942
dpy.9937
ppx.33522
fsc.13900
hyn.4512
msl.6586
htf.9560
msl.4310
msl.29770
tae.3589
ppx.37861
scs.5667
sch.619
hyd.4127
hyd.4094
msl.24157
scm.2154
msl.44050
ecg.3123
ecd.5148
ecp.2127
hym.3747
Ecg.3412
scw.1257
hyd.4980
scs.1549
msl.913
opv.5043
taa.7409
ecd.9398
tas.4250
sch.12910
opv.3168
dpy.13972
taa.189
cln.2235
fsc.2231
fsc.980
dpy.2704
ecg.3777
msc.9684
scc.11814
msl.19924
dpy.8330
msl.46996
ecd.2334
gys.3929
msl.56057
hyn.855
msl.29054
opv.1779
Fsc.201
scr.5051
scm.2695
fsc.2097
ppx.22315
dpy.503
tas.5369
tas.478
scm.1946
ecp.983
Ecg.9754
ecp.11189
msl.40060
msl.32765
Fsc.7623
scc.13989
msc.9114
tas.1572
trc.4213
trc.20911
spe.26991
ecd.7325
ecm.1609
spe.34501
scm.8820
Taa.7039
cln.9095
fsc.9375
msl.11247
opv.11834
scw.20361
taa.11408
scr.11444
spe.18409
Fsc.8558
spe.36325
scj.8415
msl.54233
msl.23275
ecp.5958
tas.12804
ppx.3711
ppx.30914
sch.11417
ppx.25671
ecg.2555
ppx.27282
taa.8960
cln.8277
Taa.3836
taa.363
msl.60035
msl.57857
tae.2776
ecd.1963
ppx.2402
ppx.4763
taa.6393
hym.11403
Ecg.4083
opv.3400
fsc.8881
msl.20832
scs.3455
tas.10586
Fsc.2590
msl.20364
spe.23275
msl.23818
msl.12583
taa.831
hyn.9951
tae.4894
dpy.4767
sch.12736
taa.4669
scs.4305
hym.9267
htf.10861
scj.11842
msl.38611
scs.5624
scw.14823
sct.9035
msl.52526
msl.43437
Taa.6161
htf.4190
scw.3593
Taa.9026
Ecg.126
cln.7785
dpy.18373
ecm.2189
scc.11485
spe.11737
Taa.7266
opv.2045
trc.13932
hyd.5818
msl.2987
scs.714
trc.10395
dpy.1066
fsc.261
ecp.2219
msl.33488
ppx.6920
opv.10671
msl.9053
cln.10536
ecg.6600
ecp.8857
Ecg.8695
hym.9959
scr.5206
hym.10491
scj.7120
msl.34721
msl.55564
hyd.8155
htf.6878
tae.1219
scj.7287
sch.8884
scs.17375
msl.49686
scw.9450
Fsc.16377
hyd.2594
scw.18722
ecm.2734
msc.2887
tae.402
ppx.16197
taa.12715
cln.9518
taa.4557
spe.12918
ecg.7234
hyd.6309
trc.1163
msc.2476
Ecg.8032
tae.4854
msl.24268
hym.1109
trc.4339
spe.29810
ppx.115
spe.13664
hyn.7816
msc.5792
scw.21079
scw.20926
opv.788
opv.10515
scr.8744
msl.44383
spe.28387
ecm.8200
trc.11584
spe.8809
msl.35168
ecp.13849
sch.161
scj.11161
tas.1283
msl.19102
tae.10313
scc.13994
tas.9583
scc.2801
msc.6836
taa.5529
scj.8361
Fsc.12926
fsc.6968
ecg.7805
cln.571
sct.1122
trc.6086
fsc.11521
scs.10109
fsc.1699
msl.58526
msl.5714
dpy.13842
opv.15125
scw.20764
tas.9282
dpy.1884
sct.5234
msl.9836
dpy.7893
tas.5870
scs.19592
trc.19118
scs.4002
spe.13568
htf.5442
Ecg.4309
hym.1095
ppx.21342
scj.10012
ppx.228
sct.11549
spe.13683
trc.5151
taa.6118
spe.25761
spe.28176
spe.35612
tas.9064
spe.12059
scr.14908
tas.12693
scr.16926
spe.31911
spe.6117
smm.668
trc.16394
scm.7890
taa.10466
scs.732
Taa.4950
sct.2651
ppx.5450
dpy.4830
ppx.37719
tae.10745
taa.5558
tas.12440
ecd.9894
sct.18953
msl.17377
sct.4484
ecd.1957
sct.10356
sct.243
scw.24596
ppx.5396
scr.5783
sct.11685
scw.15587
tae.3611
spe.13783
msl.42620
scj.10822
trc.9225
ppx.25909
spe.18765
fsc.10540
opv.9687
scs.11252
gys.6764
scs.5193
scs.8951
trc.1569
ppx.15040
htf.460
scs.1951
tae.6093
scw.17717
spe.6368
ecp.12771
spe.11480
hym.10348
ecg.2163
scj.6440
scw.9100
ppx.7881
ppx.21180
hyn.5887
gys.4628
ecm.3863
scr.13931
tae.6705
spe.17002
ecm.10653
scm.7939
ecd.10050
dpy.17872
spe.28985
sct.16950
tae.1820
ppx.13708
ppx.37204
ppx.8793
scj.6335
Taa.9476
htf.11129
spe.24531
spe.16417
sct.12636
spe.39220
sct.19547
tae.5574
smm.1967
ppx.9220
scc.472
ecm.2497
trc.9937
scr.19447
scc.15587
scc.14469
dpy.2830
scr.167
spe.7909
scc.9560
Taa.2534
tae.3101
msc.10411
Ecg.8060
scc.9148
Ecg.9956
scr.21611
scm.11348
dpy.13298
scc.11735
scj.10664
ecp.18396
scw.13863
hym.10452
Ecg.2749
ppx.27062
scj.3119
trc.16072
spe.5680
ecm.6512
ppx.34760
spe.747
scc.6217
scc.4972
ecg.10080
ppx.18197
sct.13742
ecd.4554
smm.2412
spe.34760
scr.20666
scs.960
gys.11659
Taa.9905
ppx.8675
ppx.31258
sct.2223
ppx.17159
spe.2019
spe.8319
sct.15151
spe.21323
gys.7201
ppx.3105
sct.12290
scr.23374
scr.12431
ppx.33504
ppx.17768
spe.36226
ecg.9913
opv.2452
htf.2682
sch.5525
ppx.25053
spe.16480
hyd.8428
ppx.24647
sct.14232
Fsc.32419
gys.13541
ppx.21653
scs.9311
gys.7536
ppx.22793
hym.9821
scw.17697
htf.5157
ppx.28956
Fsc.10547
ecm.2303
ppx.15203
Fsc.26499
hyn.965
scw.5250
spe.31283
sch.7802
spe.37900
dpy.17954
cln.8984
hym.6155
