

ppx.17546
ecm.7482
scm.6750
msl.38422
Fsc.15377
Fsc.9410
scc.7954
Fsc.19348
Fsc.13093
scr.5354
opv.6097
ppx.37126
Fsc.25805
scw.23344
sct.12438
Fsc.19395
ecd.9010
sch.1596
scr.21822
Fsc.17259
Fsc.17693
spe.4738
Fsc.8866
ppx.3991
ppx.5724
scm.11118
Fsc.32570
gys.8862
Fsc.3650
Taa.9206
Fsc.6477
htf.5270
scs.19174
ppx.25565
scr.15266
scr.3811
gys.10292
ecd.8720
scc.7504
scc.13987
sct.15242
tae.10143
ecd.8237
opv.1054
scc.3191
Fsc.32126
msl.20315
Fsc.21443
msc.37
ppx.17934
sct.15859
scr.15204
spe.20155
scr.19885
scr.4341
scc.745
sct.10240
scj.2757
scs.1994
ecd.3446
ppx.36839
smm.644
sct.9843
msl.49842
dpy.14048
spe.8437
scs.19726
ecp.8512
ppx.30390
ecm.1288
msl.7190
dpy.16297
ppx.30465
Fsc.19916
trc.7985
scc.7908
ppx.10649
taa.3499
ecd.5622
spe.9986
spe.38037
spe.1792
tae.4875
hyd.9508
sct.9625
msl.39460
ecp.4811
scw.3412
scr.686
hym.9838
scm.3216
scs.929
Fsc.23677
ecg.8693
ecm.1802
hyn.2898
msc.2569
msl.10051
sch.681
hym.472
sct.2008
ecp.6882
spe.21100
Taa.4051
scc.16718
scm.5730
msl.56199
ecp.4760
cln.12222
ppx.36845
htf.5808
taa.3025
dpy.18943
hyn.8099
Ecg.2091
msl.42316
trc.1622
scw.22340
ecm.7350
gys.2038
hym.629
ppx.28458
ecg.4341
msc.2419
msl.26618
scw.4451
ppx.3934
msl.38933
trc.18721
scm.10805
gys.5385
Fsc.333
msl.16931
scr.17940
htf.70
hym.4218
ecm.7019
gys.8980
trc.15940
dpy.1943
tae.6769
gys.3256
scm.6909
msl.23235
scj.2352
msl.15385
scs.18465
scr.16380
scm.2232
tas.982
msl.46385
tas.11605
Fsc.33232
msl.21831
scc.2869
sct.10219
ppx.19462
ecm.6744
htf.2126
msl.50563
scj.12068
ecp.4545
gys.11754
ecm.2601
scm.6110
tae.6698
ppx.10778
htf.4923
msl.46746
ppx.9958
cln.12932
htf.11041
scs.4567
scs.11546
taa.3482
msl.15099
fsc.1960
hyn.8649
fsc.416
tae.3171
tas.715
scj.879
tas.11037
cln.4940
ecp.13204
trc.9346
ecp.5392
spe.35271
Taa.4813
ppx.17091
tae.7967
msl.40783
spe.20389
taa.11142
msl.9821
msc.1792
msl.14151
scj.4722
msl.9515
ecg.9980
ppx.17266
htf.6420
ecp.7251
taa.147
scr.13184
spe.9389
scs.13400
sct.6052
msc.2842
trc.7770
spe.18066
htf.7602
trc.1430
cln.10679
msl.57346
cln.334
tae.8940
msl.51739
ecg.837
scc.16111
ecm.5458
scr.13269
scs.2506
sch.5460
scr.7711
htf.1637
hyd.2129
scw.5361
msl.29757
msl.44063
spe.14256
fsc.2523
hyn.7672
sct.50
ecd.655
scm.8251
hyd.938
fsc.9702
scr.1339
sct.3398
tas.11781
ecg.10051
fsc.5
scr.12982
msl.52706
tas.8138
msl.35043
gys.3512
scc.1703
hyn.5248
msl.19653
ppx.872
msl.6
ecg.5230
dpy.4559
hym.7139
ppx.18083
tae.2906
gys.7921
scm.5884
msl.11882
tae.11817
scs.539
tae.12335
ecm.9026
scs.3476
msl.50909
hyn.12258
scs.5271
opv.9312
msl.43585
scw.9970
scr.9668
scc.9632
ppx.9745
ecp.3446
msl.59823
dpy.8667
msl.22637
gys.5558
ecm.1924
msc.5370
dpy.10714
ecp.6416
dpy.7442
msl.25746
msl.15341
fsc.7277
Ecg.2772
msl.29033
taa.7506
Fsc.15995
ecp.3725
trc.14866
scc.1255
ecm.6955
opv.10562
ecm.4150
tae.11654
hyn.8395
Ecg.9011
ecp.16936
hym.3425
scs.731
cln.11881
hyd.9542
hyd.6429
msl.18453
tas.10364
cln.114
trc.5973
tas.3752
scm.4932
ecg.819
ecg.4018
msl.20600
opv.13688
Fsc.7144
taa.6168
tae.2952
scc.2671
ecm.2679
scm.6128
ppx.7119
dpy.18574
sch.3771
trc.5872
hym.12020
ecp.3842
fsc.4927
Ecg.4946
scr.3128
trc.5599
trc.3354
scs.8858
fsc.10128
tae.5118
scs.1022
ppx.36135
tae.11892
ecp.7693
Taa.3408
sch.2729
msc.1161
scs.3182
hyn.10539
hyn.13454
smm.716
hyn.7195
msl.43460
gys.4846
opv.6005
ecm.6429
scr.17754
hyn.7013
hyn.2328
ppx.27701
spe.27161
sch.9357
msl.60244
taa.6373
tae.9273
tae.11245
cln.9877
scw.20015
tas.6470
ecp.15872
sct.16823
ecm.7870
msl.16319
trc.4585
dpy.11305
tas.9372
scr.6648
scr.8011
taa.10392
fsc.10327
Fsc.12558
ecd.929
sct.3447
Fsc.2913
Ecg.5444
fsc.15197
ecm.4643
scr.16628
htf.1486
hym.9253
ecd.3670
tas.5258
spe.22469
hyd.9113
scs.9874
hyd.7200
scs.6593
sct.13853
ecm.2268
Ecg.4248
taa.426
taa.9032
msl.40504
opv.8724
Ecg.3631
trc.18867
Fsc.26245
ppx.30461
spe.26766
ecd.1813
hyn.9178
ecp.16026
Fsc.14980
scs.15153
tas.11514
ppx.10644
ppx.11443
opv.15769
htf.6437
msl.14114
msl.1623
ecg.6887
trc.13434
ppx.17835
opv.9814
ecm.4349
scw.17701
scc.8811
dpy.13379
Taa.5602
msc.1597
msl.1252
sct.10437
trc.5897
fsc.8738
scj.633
msl.31801
scj.6480
ppx.11116
hym.605
scr.3388
scj.392
spe.29176
Fsc.14329
sch.5203
tae.10652
ppx.32732
ecg.4132
msl.20502
msl.8705
tas.6079
hym.5876
ecp.14923
msl.32258
scw.1970
Fsc.4882
msl.25330
ppx.33184
htf.8867
ppx.5667
taa.5516
msl.12923
msl.31935
cln.7134
tas.5640
scw.18449
ppx.8975
ecg.2531
Fsc.27540
ecp.2248
Ecg.6753
msl.31544
tas.11744
tas.11006
msl.59203
hyn.8198
ecd.1361
msl.5575
msl.36551
ppx.14816
cln.5014
msl.51576
msl.7099
ppx.14958
opv.15411
tae.5534
msl.57413
htf.4993
spe.5849
cln.975
ecp.15882
ecd.8315
fsc.8499
ecp.18542
spe.16433
msl.54533
ecd.8549
spe.36724
sch.1015
scm.9678
scj.7503
msl.28518
taa.9062
ecp.1970
scj.2508
scs.9338
cln.1184
msl.21376
hyn.394
Ecg.1086
msl.29817
opv.2641
gys.2841
sct.3540
scs.17865
msc.9629
htf.311
dpy.2973
scr.2359
trc.17254
ppx.19773
scj.3989
cln.772
sch.4515
Taa.8996
Ecg.10033
msl.31945
Fsc.29088
cln.7727
taa.9493
fsc.8752
Ecg.7698
spe.3817
scs.10779
taa.7666
htf.2572
tas.11719
msl.45305
gys.8763
msl.12302
Fsc.19013
scj.12091
scs.4124
scs.7042
gys.8087
msl.56636
msl.15436
msl.43904
cln.2697
spe.5133
sch.10353
gys.806
msl.40381
scm.2667
ecp.12057
Taa.3656
scs.3308
msl.42480
sct.17206
sch.2261
taa.13240
Taa.8072
msl.32741
cln.10070
dpy.13963
Ecg.9615
msl.58033
sct.9129
Ecg.7101
dpy.12374
hyn.13418
scm.551
scc.13097
scm.2818
scw.10493
hyd.3461
msl.41413
hyn.9451
hym.4101
opv.13084
ecd.704
msl.45927
hyd.2485
msl.3944
scc.22702
msl.6070
ppx.4193
Fsc.1849
scw.20677
hyd.1500
msl.11049
spe.22693
scw.1559
ecg.8436
sch.8682
ppx.955
trc.19781
msl.33885
taa.5251
msc.9789
scs.1185
tas.11723
hyn.11455
ppx.5383
msl.25764
msl.4283
msl.27177
ppx.27355
scw.11391
ppx.30216
scj.11438
sct.2643
tae.3679
hyn.12389
scr.15695
scr.16785
msl.13169
fsc.14435
opv.3353
scj.10916
trc.6893
scs.13789
msl.23222
opv.1047
msl.36255
msl.59625
tas.1492
hyn.9899
taa.5472
msl.54616
cln.1673
ppx.8363
hym.10713
Ecg.4621
dpy.3256
hyn.4014
ecd.4291
tae.9836
Taa.4118
ecp.565
tas.12383
msl.4744
trc.1576
spe.30832
scc.3833
taa.86
scm.7714
ppx.31474
scw.8549
msl.29296
hyd.681
hym.6383
scc.6458
tas.13107
cln.10941
taa.10183
msl.23322
scw.16925
ecp.3141
Taa.1023
cln.1894
msl.59329
scr.1963
sct.1112
scw.22954
spe.20880
Taa.3328
htf.4191
msl.44693
Fsc.3285
Taa.9041
cln.2526
hym.10965
sch.8506
cln.3524
cln.621
tae.6443
cln.9337
msl.40320
ecp.11329
tae.8121
taa.7237
Ecg.9068
msl.3489
fsc.4829
hym.11662
msl.28895
msl.23983
scr.3313
hyd.525
msl.18811
ppx.31319
hyn.3248
cln.8360
scm.2393
ecp.2684
ecp.2820
sch.9987
ppx.14380
Fsc.19029
taa.9753
scc.8215
Ecg.10200
msl.58839
scw.25231
msl.5863
Fsc.30325
msl.36655
msl.42767
Taa.9539
ecd.2279
ecd.606
scr.18462
ecm.6683
scw.19200
scr.19671
msl.26905
msl.33585
ecm.8982
spe.9479
hyn.6829
scm.8494
ecm.6032
Ecg.3836
gys.1963
sch.29
msl.5560
msl.34275
Taa.2229
msl.8812
msl.58724
htf.7887
scw.17964
Fsc.22446
ecm.6417
taa.5690
tas.8486
msl.53566
scj.7431
Fsc.21279
tas.5799
msl.51210
ecm.552
scj.3943
msl.48546
tas.2504
taa.12674
msc.9361
scw.18541
ecm.6727
scs.19300
taa.2436
scc.5278
taa.370
dpy.8631
scs.14585
spe.26783
scr.673
scm.1848
msl.46413
ecp.1451
dpy.4365
cln.8093
cln.4653
scw.534
hyd.2937
msl.22925
msl.9891
scr.2694
scw.25455
fsc.869
scw.2424
opv.348
msl.43616
msc.8966
cln.10446
msl.2426
taa.6501
hyd.9068
scs.9104
scw.3306
opv.13234
trc.14905
msl.47124
spe.19352
scw.4750
opv.7563
ecm.4536
sct.4232
Ecg.7141
spe.22463
opv.3853
scm.515
spe.5036
ecp.12838
ppx.29886
ecp.1061
ppx.5014
opv.9328
ppx.32019
dpy.9001
dpy.16903
spe.20445
msl.50118
tas.4394
sct.19469
tas.4131
scs.14909
hyd.1455
ppx.31197
sch.11520
ecd.5839
scw.24135
ecg.642
msl.40580
tae.620
msl.10674
spe.25259
Ecg.2104
htf.3006
spe.4844
Taa.6829
opv.175
cln.9731
opv.9035
msl.42743
scs.3055
Ecg.8760
Taa.4177
sct.12778
hym.5824
Ecg.2842
cln.2088
spe.37804
spe.8136
spe.38970
dpy.14252
Ecg.5283
scc.9768
gys.7369
hym.5408
ppx.7388
msl.29326
msl.41391
Fsc.26951
msc.3288
ppx.23279
sch.1668
tae.8531
ppx.9249
ecm.27
ecp.14580
cln.4566
spe.22543
dpy.6929
trc.10865
hyn.360
hyn.11376
ppx.26118
fsc.13327
hyn.614
scj.581
msl.49333
gys.11882
ecm.5049
trc.6007
tas.9030
taa.3571
cln.6020
trc.14665
trc.1833
trc.8927
msc.6253
opv.5057
cln.5167
ecd.6418
msl.23943
msl.47133
cln.4546
opv.10012
trc.11733
Fsc.10486
ecd.1285
dpy.8716
msl.27102
tas.11301
scr.13445
htf.5079
hyn.8562
scr.19172
ecp.8567
ecm.9183
ecd.5026
fsc.8253
tae.8068
scr.18385
spe.23158
fsc.8908
msl.27411
scm.8027
msl.47445
gys.3368
scc.22263
Fsc.3716
spe.4080
ecm.5282
fsc.14550
spe.25964
msl.56995
scj.5395
dpy.9548
taa.2195
htf.2040
scm.1856
htf.9970
Ecg.8664
ecm.2947
sch.4104
ecp.2598
spe.23051
msl.32149
ppx.31380
scc.15572
sct.1846
dpy.17478
scc.20563
ecm.9788
fsc.8554
trc.13679
scr.6346
scj.4209
tae.9618
scs.10454
scw.13313
msl.48812
tas.9043
htf.1604
tas.8563
dpy.81
trc.3916
hyd.11148
spe.36506
tas.10122
Taa.2444
ppx.1169
spe.18710
cln.422
spe.21796
ecg.7642
ppx.19326
ppx.34455
gys.1407
hyd.8911
trc.255
scs.9437
spe.5886
scc.12718
ppx.35852
trc.17719
sch.10194
ecp.11274
scc.1039
cln.12213
spe.14483
scr.14129
ecg.4588
trc.18471
gys.5890
dpy.18281
hyd.6213
taa.5394
spe.24099
ecp.1145
tas.3853
spe.21833
scc.9782
spe.16952
sct.7898
sct.2281
ppx.12939
spe.12971
ecm.154
ppx.25440
msl.33837
htf.5580
ppx.16887
ppx.19570
scs.45
taa.2990
scs.1073
spe.17713
Ecg.4077
fsc.8989
spe.33535
Fsc.20223
spe.23932
trc.14569
Fsc.5809
tas.10018
spe.22868
tas.5864
sch.10863
sch.2246
trc.6912
taa.6348
ppx.30361
Fsc.3408
cln.12451
spe.10812
trc.16070
spe.15927
msl.8953
ecg.494
spe.16392
taa.8350
spe.29543
dpy.7985
trc.18580
ppx.33869
htf.11520
ecp.17544
msl.55154
htf.6576
sch.9580
trc.18851
ecg.4234
ppx.11934
spe.5217
msl.32977
tas.5737
ppx.29741
msl.13743
scr.3259
dpy.6478
fsc.11293
tae.3223
msc.9595
scr.4936
ecg.5291
ppx.23626
spe.26914
dpy.15155
hym.10363
sct.6966
Fsc.26366
trc.6174
fsc.7054
hym.10694
gys.14196
spe.34643
Fsc.5236
sct.8440
ppx.30727
Taa.3118
taa.8448
hyd.2106
scr.12742
scc.5934
taa.11209
ppx.31759
htf.11134
spe.14063
taa.12670
hym.9596
scr.2241
ecm.3819
ppx.24682
msc.2814
Taa.8650
opv.7464
gys.11633
msl.53073
htf.9930
ppx.21159
sch.1895
ecp.5697
ppx.21088
sct.5325
scc.21929
scc.5844
spe.32002
scs.5953
ppx.11099
ecg.2710
spe.32611
ecp.17339
opv.2876
hyn.6547
tae.3061
hyn.9786
htf.2071
ecp.1763
trc.21011
ppx.28766
htf.3481
tas.13134
sch.4459
scr.14741
dpy.3229
sct.9672
ppx.21331
trc.11204
ecp.17517
ecd.8025
ecg.628
hyn.12660
spe.4900
hyn.2932
Fsc.9206
ecd.4664
scw.21837
tae.11068
scr.8008
Fsc.3903
scc.15088
dpy.844
hym.10410
ecm.8778
Fsc.6223
ppx.12490
taa.9466
ecd.9544
dpy.11158
spe.19039
gys.8377
msc.7275
Fsc.23790
ecd.5912
trc.201
scc.178
Fsc.18284
ecp.1947
msl.60321
