

msl.28302
msl.56669
ppx.22640
msl.43953
msl.12060
spe.33037
scc.991
spe.27455
scc.23309
Fsc.14627
msl.15331
ecd.54
sct.2232
scr.10549
trc.17364
Fsc.10788
scr.23740
hyn.12335
ecm.48
Fsc.17604
Fsc.5365
ecp.14640
scc.13859
Fsc.7376
scm.5440
ecd.8761
msl.51587
scr.4011
scs.12853
scw.17251
tae.771
scr.4255
gys.5936
msc.6507
scr.17485
scr.23515
gys.9367
scw.4556
Fsc.24002
scw.23272
scr.20157
ecd.3564
spe.21507
ecd.7164
ecm.6893
Fsc.17775
scr.5439
ppx.36244
dpy.9672
sct.20067
scw.22818
dpy.9566
ecd.8942
spe.28379
sct.1840
ecd.7130
trc.1720
scm.10105
scr.7906
Ecg.9420
msl.13109
opv.9185
ppx.32431
scr.8524
msl.32533
msl.29224
msl.44352
scr.21826
ppx.9629
ecd.10097
msl.60428
Taa.6388
tas.9621
ecp.9199
msl.52089
ecd.1462
cln.2889
taa.4219
tas.3614
hym.1506
scs.7253
msl.35073
sch.8541
msl.783
msl.53343
htf.2492
ecg.898
tas.12203
ppx.36590
ppx.32908
tae.12173
scs.9279
scc.10627
hyn.6373
ppx.23789
scw.24307
spe.36205
cln.1345
smm.386
hyn.11128
msl.29405
msl.28145
gys.9969
gys.7367
hyn.4736
msl.55390
tae.3389
sct.101
ppx.30794
msl.59818
scw.19626
msl.13316
Ecg.3648
msl.55599
taa.9033
Fsc.9771
ppx.18781
sch.2879
scc.907
msl.16878
msl.10710
msl.39854
cln.3274
sch.3603
scm.6702
spe.14122
msl.50801
scj.4756
ppx.17414
msl.27763
spe.19398
msl.42933
Fsc.21515
hyd.2570
msl.12560
msl.4129
tae.9524
msl.31914
opv.3265
taa.4241
msl.54338
spe.39216
scs.6158
dpy.11343
scm.272
tas.10792
scs.8240
msl.56233
ecp.7932
msl.35308
gys.8710
scm.7948
msl.53837
scw.17780
tas.11468
scs.4937
hyd.3606
taa.12410
ecd.1067
sch.4685
hym.9537
ecm.5724
hyd.1167
msl.20286
tas.5610
msl.21092
ppx.14097
ecd.3450
fsc.9358
msl.25588
dpy.10503
Fsc.14785
msl.40543
hyd.6480
scw.13451
Taa.4990
scc.11393
gys.1943
spe.18900
scs.3735
scs.9357
sct.21143
taa.4207
msl.6442
msl.19906
sch.4114
Fsc.1006
hyd.4717
msl.27845
msl.17203
hyd.9259
ecm.402
scr.19825
taa.5731
ecd.7769
scr.13334
ppx.15942
fsc.3722
msl.43703
scj.7863
msl.20993
spe.23518
fsc.7727
msc.8140
msl.8211
msl.41667
trc.10874
scw.20690
ecd.3616
fsc.1104
msc.2431
dpy.8139
dpy.1437
hyd.2622
msc.10444
msl.38995
Ecg.4703
msl.35253
ecm.6882
Taa.5479
trc.8098
scs.4499
tae.2831
ecp.483
msl.28415
scr.11465
ecd.3158
msl.42957
ecm.7508
hym.5654
taa.6528
spe.5504
scs.12764
scw.7030
scm.4811
scc.10508
tas.12893
fsc.4546
sct.17004
Ecg.9638
htf.8331
scm.1683
msc.10536
taa.9687
msl.30891
taa.5303
msl.22656
spe.35819
msl.13920
msl.43819
msl.22321
msc.3910
scs.2660
scs.15483
msl.37918
cln.12918
spe.23197
taa.3905
ecd.1715
hym.9160
hym.7514
scr.13156
ppx.30939
taa.9883
tas.6951
msl.45539
ecg.2480
hyn.9548
sct.1339
trc.4599
opv.16019
scj.7742
scc.18810
tas.8957
msc.5994
ecp.5334
tae.10092
ecg.8818
msl.59457
spe.9674
msl.1923
scr.18855
dpy.2156
scc.15559
msl.57325
msc.4455
scr.6336
htf.9668
ecp.8253
ecg.1074
taa.7662
msl.10289
scs.5889
scr.17938
scw.7313
msl.33954
tae.5843
Fsc.14184
taa.12163
msl.59648
ppx.30756
sct.16308
opv.65
sct.884
ecm.8051
taa.9652
spe.7591
cln.12595
msc.8555
opv.14101
ecd.545
hyn.10401
scc.17098
scr.4860
scs.17219
sct.11089
msl.12124
scm.346
Taa.3626
cln.8685
hyn.7709
msl.13739
spe.13935
htf.3337
spe.10903
ecd.3445
tas.4264
msc.1064
Ecg.5976
msl.25939
tas.1212
Ecg.6925
ecg.6395
gys.13712
scs.2311
msl.54684
msl.51798
dpy.11016
smm.1524
scr.21980
ecd.1441
gys.6117
spe.7839
msl.43872
Taa.4168
scc.1915
msl.16974
ecd.6321
scs.8044
taa.624
scs.16624
hyd.9769
dpy.807
hym.10095
gys.10256
msl.47467
scs.10218
taa.9863
msl.33552
fsc.685
dpy.6577
spe.12037
msl.42369
ecp.1266
ecm.9904
dpy.746
taa.7675
msc.7746
ppx.8816
ecp.2805
taa.6058
hym.9969
spe.25160
scj.5728
spe.23078
scs.4976
scr.6383
Fsc.17509
msc.9506
sch.4642
scs.6416
scj.9211
msl.18058
msl.10471
ppx.2768
tas.4555
spe.12758
fsc.2497
trc.2050
scm.9831
ppx.21916
msl.26433
ecd.3510
taa.8
scw.5495
sct.15703
msc.9748
hyd.1293
sct.1169
scw.15205
tae.9797
tae.1132
msl.57885
msl.14091
htf.700
msl.43801
trc.20496
msl.8118
tae.6916
msl.42627
hym.7486
fsc.11625
ecm.2100
gys.7946
Taa.4563
msl.49601
ecp.18498
fsc.13510
ecg.8194
msl.40213
msc.7565
scw.6028
htf.7482
sch.4433
ppx.33006
trc.3086
scw.7265
dpy.2611
msl.23658
spe.17227
taa.8987
ecg.879
Ecg.1519
dpy.2791
tas.6134
scj.1948
Fsc.29536
dpy.13836
ppx.29866
msl.56654
Fsc.31885
Ecg.4880
opv.5461
cln.12336
ecm.6920
trc.5470
Fsc.2566
scw.11113
scw.13986
scr.20989
trc.6201
msc.6670
gys.15095
dpy.7640
htf.8409
msl.2615
Ecg.8992
ecg.8565
ecg.710
scw.17607
ecp.10946
scs.976
Ecg.4638
scc.19695
msl.54785
scm.1528
ecg.2597
scj.6248
ecm.6488
Ecg.2195
ppx.15736
scc.17784
opv.5319
msl.21771
scr.15095
ecd.5104
trc.6118
scs.12030
msl.9220
trc.14618
hym.9014
taa.3050
trc.10364
msl.41349
scj.2937
fsc.7892
taa.9670
dpy.842
ppx.9310
dpy.10226
hyn.3433
scj.10314
fsc.7719
scs.2222
sch.4813
dpy.16114
hyd.3783
msl.58763
hym.11516
opv.2078
ecg.7434
msl.20551
scr.9991
taa.5658
scs.11885
scs.4638
spe.30495
ecd.8055
spe.8159
taa.6067
msl.11117
ecp.8762
sct.16793
scm.690
hyd.8346
fsc.4850
taa.8733
ecm.7414
sch.138
msl.21122
msl.8230
scs.3266
scm.8468
hyd.1234
sct.15040
msl.31510
ppx.20249
ppx.11620
hyn.4073
hyd.361
taa.3793
scj.5735
taa.1263
scc.11175
ecm.6241
Ecg.1726
opv.3495
ecg.3959
ecm.6626
cln.8647
hym.750
scm.3958
msl.59641
cln.12800
msl.24620
scr.4449
msl.12519
ppx.30624
fsc.10162
taa.10122
Taa.2080
trc.21894
msl.39456
ppx.24508
Ecg.5878
scr.13585
scc.2956
msl.49900
ecp.17238
tas.5780
hyd.8034
htf.8177
spe.9021
tae.12195
opv.2615
scj.9547
ecg.3626
sch.2053
msl.50883
Taa.1375
opv.1770
opv.1685
msl.9956
hyn.3484
Ecg.671
scw.12902
ecd.7561
dpy.13309
dpy.7754
Ecg.6812
Ecg.3944
tae.6643
Taa.3755
scm.743
ppx.33012
Fsc.2342
Taa.3804
hyn.8143
Fsc.13158
scr.669
scw.10640
ppx.22416
hyn.9716
msl.27192
ecd.4485
hyn.7128
scj.3144
scs.420
msl.58852
scr.19903
fsc.3951
sch.1920
scw.5986
scs.320
msl.28289
spe.10886
ecd.1140
msl.31063
dpy.2496
hyd.1642
msc.4626
fsc.7522
ppx.25394
opv.9676
Taa.6201
msl.54369
hym.2251
msl.38360
fsc.11991
Fsc.3785
msl.44040
msl.19085
msl.43142
sct.20469
dpy.19632
tae.6076
trc.6511
Ecg.1847
ecp.8591
scc.2708
sct.11286
hyd.9246
ecp.15287
Fsc.20700
tae.4426
taa.11577
scw.8956
msl.58352
gys.12428
msl.40554
hyd.9639
ppx.30872
dpy.19263
opv.982
ecm.9428
fsc.10952
cln.1708
msc.7445
msl.10682
cln.7661
trc.8253
ecp.10373
sct.2
Ecg.4431
fsc.658
scj.7054
spe.10451
tas.4750
ecg.6727
ecm.2778
hyn.9646
hyn.2909
taa.5648
dpy.8564
scs.4629
spe.13708
ecm.6969
scr.11280
scs.13399
dpy.8280
ecp.8758
ppx.21616
scs.13845
scr.10779
ecd.6205
scm.8359
opv.13430
spe.13362
msl.53437
scs.2446
hyn.10063
Taa.5810
trc.1944
ecm.2477
sct.3155
msl.41115
ecd.572
dpy.5286
Taa.43
taa.1552
msl.5537
Taa.4760
msl.47216
opv.1719
ecd.4788
ecp.9782
msl.30250
tas.11360
ecm.5466
msl.15130
trc.1463
sct.21242
ppx.16028
sct.16753
scc.13589
msl.34617
ecd.5898
cln.12173
fsc.437
ecd.3398
msl.48141
fsc.4513
scw.4102
sct.12556
scr.12264
scj.11606
scj.4948
spe.22432
spe.38849
scr.18745
dpy.5239
taa.9698
msl.43825
Taa.4119
msl.175
msl.55357
sch.5714
msl.43555
msl.33713
cln.10528
sct.20093
msl.2024
msl.8779
fsc.7478
trc.855
scs.13899
ecg.1732
scs.15322
taa.226
opv.13444
cln.4850
scj.10227
ecd.3342
trc.6350
Ecg.6176
msl.22186
tas.2262
hym.1003
Ecg.6400
dpy.8119
scj.1764
msl.24423
taa.4040
msc.2756
ppx.23674
tas.12328
tae.7407
fsc.2037
ppx.23904
cln.9158
scs.5935
ecm.4772
trc.6185
taa.3565
scs.649
scs.7612
dpy.10000
trc.14001
msl.11631
sct.5513
taa.296
dpy.663
msl.9329
scr.16271
taa.2437
msl.45278
tae.9406
msl.52607
sch.12043
scs.2416
scm.3179
ecd.582
hyn.5759
taa.9139
trc.788
dpy.3301
spe.14523
Taa.8380
spe.1982
taa.5873
scj.4131
scw.22599
msl.32864
dpy.888
spe.14489
sch.400
taa.5059
opv.13123
scm.6580
msl.38237
ecp.6018
spe.31392
sct.5829
ecp.12857
trc.4304
trc.4617
msl.17137
hym.6522
htf.6283
fsc.1775
msl.49973
opv.2544
Taa.4851
cln.5394
ppx.12578
dpy.12852
opv.13470
hym.201
ppx.37702
scc.20033
scj.5400
scr.23826
ecm.5099
hyn.2494
tas.12158
cln.7194
scj.12623
msl.16037
ppx.5659
scc.11922
msl.5667
scs.15334
msl.44276
taa.11966
tae.3264
fsc.8261
htf.2579
cln.132
Ecg.322
tas.3733
scm.2508
msl.10950
msl.15829
msl.21394
hyn.2828
msl.2238
gys.414
ecp.4552
scc.19926
tas.6621
hym.10305
scs.8092
ecp.13248
ecg.9984
hyn.3960
scc.10943
msl.11755
Taa.2621
scc.7318
cln.7271
taa.5036
scj.11202
ecd.9597
cln.2249
trc.12585
trc.956
scs.13521
hym.1551
trc.50
fsc.12649
msl.30527
scs.12551
ecd.1860
hyn.10511
tae.2046
msl.60095
Fsc.11035
scj.12241
msl.45049
Fsc.15717
msl.58245
ppx.17364
scm.315
tas.3200
ecp.16300
spe.27106
scr.11246
trc.2725
Taa.7233
sch.12302
ecg.8398
sct.9098
msl.25477
tae.36
sch.5962
scr.6783
scr.18541
msl.49441
msc.7211
Taa.7613
hyn.13320
hyn.5284
ecp.15625
msl.10981
Ecg.4485
msl.54708
msl.23789
tae.5364
msl.34385
opv.4717
msl.56357
ppx.7418
spe.25025
ecm.249
scs.13016
sct.13492
taa.11146
ecp.6476
spe.4093
gys.13793
scc.2212
gys.138
ppx.30509
tas.9019
dpy.40
scs.13329
scc.15373
ecm.7642
spe.31020
ecd.4707
msc.6786
scr.15706
spe.35975
trc.612
sct.12538
scr.14950
Fsc.14068
scr.772
fsc.8698
scm.7587
sct.1007
fsc.2182
ppx.6170
trc.21219
spe.9654
opv.9655
hym.9852
sch.9044
dpy.9920
tas.7228
ecp.14424
scm.1238
ppx.1797
sct.17599
fsc.12135
ppx.37853
hyd.10914
hyd.8732
scm.10535
fsc.12517
ppx.22766
sct.16475
spe.3933
scr.7081
spe.19079
dpy.6242
fsc.4117
msl.38441
spe.31806
scr.169
dpy.5392
scr.21456
fsc.9553
scw.20879
scs.19931
trc.5451
trc.17912
scs.17639
taa.546
trc.16906
tas.11602
dpy.19107
dpy.13419
scw.22539
sch.4595
msl.10320
ppx.28744
Ecg.4308
ppx.4222
Ecg.5361
scj.218
taa.4998
ecm.4094
msl.3423
trc.3587
scs.13166
scw.16848
ppx.13563
taa.10301
scw.7504
ppx.28380
ppx.21844
ppx.19519
taa.49
Fsc.2919
hyd.10346
ecm.2793
trc.17547
scc.20007
scm.358
ppx.30237
ecd.10010
hyd.4064
ppx.26608
scw.15266
scw.18599
htf.887
opv.8271
scc.280
ecg.6402
msl.22799
ecg.4890
spe.2970
ppx.8186
scr.10587
cln.3563
sct.9910
spe.8293
sct.1867
tae.6978
scc.947
ppx.8066
spe.33512
spe.24873
spe.26562
dpy.9105
tae.12433
ppx.11349
scc.15878
Taa.2401
scw.16538
scj.5065
tas.12730
scc.13157
spe.5872
ppx.13910
trc.8603
sct.7796
hyd.1331
scr.20706
msl.13429
taa.4370
scs.2209
hyd.9775
ecm.2551
scr.23220
scw.17821
htf.9020
ppx.7290
hyn.4248
msc.237
hym.12097
trc.8338
hym.754
Fsc.33440
Fsc.5514
opv.8487
tas.9849
ppx.36366
scc.17368
ecg.1500
scc.21385
ppx.37603
hyd.1875
sct.4347
hym.12073
htf.6167
dpy.268
scs.19784
smm.3160
Fsc.24402
sch.6423
ppx.12762
ecp.1861
scj.379
scr.14663
ppx.5762
scs.5784
tas.7100
ppx.21381
msl.29843
ppx.11436
htf.4152
scr.18375
cln.2030
ecm.3874
smm.3124
htf.7365
hyn.6667
ecg.127
msc.3074
ppx.10864
hym.6985
hyn.6005
fsc.9238
scw.197
tae.9770
tae.3105
ppx.8959
spe.34586
scj.11807
hyd.6354
spe.29716
scc.900
spe.28084
ppx.33386
gys.8246
trc.13875
scc.14023
trc.18345
spe.18188
