

ppx.37868
ecd.8909
ecd.6141
tas.3312
Fsc.32949
scc.4970
Fsc.13412
Fsc.19634
Fsc.7427
spe.25795
smm.2181
spe.28685
scr.13452
spe.7086
sct.6753
Fsc.30413
Fsc.16909
scc.4121
ppx.9852
tae.911
scj.3255
Fsc.15142
ecd.7703
msc.5093
spe.15480
ecd.883
hyn.35
scw.961
scr.20507
dpy.19392
Ecg.41
smm.1922
scj.11235
scr.21250
spe.14134
dpy.19709
fsc.770
ppx.11642
scw.7282
scm.11435
scr.6267
Fsc.10462
Fsc.29834
trc.18363
scr.16836
scc.8625
ppx.28658
spe.36640
scc.7343
Ecg.9425
sct.15205
ppx.35763
sct.3667
scr.7864
scr.13764
opv.8538
spe.6381
scw.4228
ppx.29768
spe.3320
taa.11881
ppx.37378
ppx.24147
ppx.32807
trc.184
scc.16828
scr.19298
scm.2659
spe.5678
msl.21037
scw.25750
scw.4225
ecg.9815
msl.58579
scr.5789
sch.10278
opv.5003
sct.1770
opv.13221
scm.6280
sct.5056
msl.52958
spe.36762
sch.3827
msl.29641
trc.9325
spe.22246
scj.4515
msl.59496
scr.11644
ecd.5509
Ecg.1866
cln.3582
scr.1586
ppx.17161
msl.54036
hyn.8259
sct.6663
sch.8082
taa.2251
gys.8167
msl.11733
ecp.778
msl.15176
sch.9067
scm.5012
tas.5170
msl.19069
Fsc.5545
fsc.3061
dpy.4779
Ecg.5242
Fsc.32350
dpy.17154
hyd.8777
hyn.4361
msc.5341
hym.2568
hyn.11405
scc.12974
ecg.3704
msc.10214
ecp.3694
msl.44734
spe.33038
scc.13128
tas.12125
msl.6910
Taa.7558
scw.9362
taa.1333
trc.8959
msl.51289
dpy.14269
msl.60507
dpy.3957
scs.30
scs.11428
scr.6396
ppx.18353
cln.3188
taa.12113
msc.8111
Ecg.5020
msl.12954
Taa.3263
scj.9993
scc.13930
tas.6867
ecg.7949
ecp.7939
ecd.510
Fsc.14911
scm.7941
scm.5951
msl.11956
Taa.4702
Taa.1436
sch.11107
ppx.25908
ecg.5741
msl.39333
spe.20489
dpy.2997
trc.7267
htf.4976
scw.4980
ppx.24900
scw.4391
msc.4719
msl.2705
msl.4859
ecp.2399
scc.9844
ppx.32589
Fsc.8753
scs.9675
htf.1054
htf.10622
smm.1412
ppx.31396
scj.1248
Fsc.7196
ppx.26611
sch.9952
scr.16972
msl.12069
hyd.4242
gys.4084
taa.11496
msl.19436
Fsc.18400
Taa.5531
Ecg.9140
opv.14352
hyn.5161
msl.9002
scw.12063
msl.18022
trc.10192
scc.8311
tas.377
scw.2044
scj.3443
msl.51443
msl.43033
scc.2116
scm.5550
scc.817
cln.6357
msl.20177
fsc.1109
sch.12643
scj.5048
hyd.7904
opv.1901
hyd.1947
msl.5504
Ecg.4708
sch.9710
gys.1786
opv.10468
Fsc.9523
scw.10108
Ecg.5373
ecm.686
taa.11465
scs.11762
scj.428
ppx.28927
taa.5815
ppx.9407
msc.9383
msc.6293
msl.5392
trc.19645
opv.13213
scr.2966
tas.6961
tas.12518
scw.25110
msl.60152
msl.58012
msl.48406
Fsc.8688
ecp.3522
tae.9787
taa.5308
scc.21089
scs.12499
ecg.5887
Ecg.8755
scm.11722
sch.9000
tas.2061
Ecg.6262
msl.45120
scs.4460
ppx.14828
spe.35758
spe.13457
hyd.8049
msl.48538
opv.11776
scs.19052
sct.15643
scm.7233
scs.8881
scw.4686
scs.10293
htf.10602
Fsc.25621
msl.17153
msl.47807
Ecg.2127
spe.6831
ecg.1349
hyn.849
Ecg.8086
hyd.5582
ecm.4971
hym.10289
hym.1940
gys.10610
dpy.17989
ecm.9118
scs.3506
Taa.7565
msl.32883
tas.3492
msc.8985
ecd.3186
ppx.25238
msl.44313
taa.7245
scs.29
trc.3966
msl.48471
sch.1561
htf.3586
scr.4712
msl.12247
tae.2264
sct.8729
ecp.13150
tas.1327
msl.21823
msl.31550
ecp.1536
msl.35370
scj.10414
hym.59
hym.7782
ppx.13358
ecg.5300
Fsc.584
opv.8405
ppx.25918
msl.15471
Taa.1995
scs.6441
hyd.8482
ppx.37442
msl.53407
scj.5931
msc.560
fsc.8854
ecd.8321
msl.34628
tae.346
scc.8933
scs.13998
htf.3651
scw.12472
dpy.17030
spe.28557
Ecg.2156
Taa.1248
msc.4070
dpy.9821
tas.10602
scw.1789
scc.15633
msl.15396
msl.44772
ppx.19956
ecm.3909
opv.13947
msc.1787
tae.10244
scj.4719
taa.629
opv.9439
msl.9998
msl.38571
ecp.15937
ecp.9028
sct.16165
scs.18744
msl.13016
msl.32605
scm.9291
gys.2365
opv.585
msl.49425
spe.31229
taa.6157
msl.22157
msl.23605
ecp.10380
opv.2343
ppx.4480
Ecg.8642
ecg.7263
ecm.8100
spe.1839
cln.11369
Fsc.25183
sch.2122
tae.11303
ecd.1023
msl.39378
cln.11048
ppx.16534
scm.7129
tas.2971
scr.6057
scw.1234
sct.7901
hyn.3645
spe.34063
Fsc.2492
scw.24759
scj.6524
scs.13570
trc.3203
ppx.8924
scs.18923
msl.59358
fsc.6201
fsc.13600
msl.5462
ppx.4295
sch.6478
msl.59256
spe.36236
sch.5135
ppx.1040
msl.27699
cln.925
ecm.2691
msl.11897
hyn.8273
hyn.4060
tae.10458
Taa.2660
spe.21930
ecp.15980
opv.7165
sct.22939
Ecg.10042
spe.4381
ppx.5658
msl.2484
hyn.9968
ecg.8404
fsc.1644
scr.23028
scs.6996
opv.2287
trc.9531
Fsc.32597
htf.6093
ecg.872
Fsc.6418
hyd.9366
Ecg.839
scr.9955
msl.16462
Fsc.25170
ecm.3343
scc.17928
hym.3021
ecp.3735
trc.2909
dpy.18347
msc.5698
msl.5170
ecp.17946
sct.18858
hyn.8364
scs.13
spe.25844
ecp.4087
taa.9246
cln.6262
spe.13322
msl.2619
ppx.23283
Fsc.1039
hyd.6920
fsc.7108
scr.2065
msc.4254
scr.6576
scr.19265
msl.57879
spe.17507
Taa.6098
msl.46902
ecp.9254
opv.11344
ecp.2283
msl.40074
msl.32472
msc.9779
taa.1550
scr.20530
scj.5554
scw.17156
Ecg.4954
Taa.8947
spe.5185
smm.417
scm.9235
ppx.21753
sct.132
taa.9433
scs.15919
scm.7345
msl.41075
fsc.11144
scc.19183
htf.3444
msl.44181
Taa.6033
ppx.683
dpy.7402
msl.25709
msc.7647
msl.13215
ppx.6366
sch.2338
fsc.167
hyd.3822
taa.5656
ecm.251
sct.22086
opv.14621
Taa.9595
scc.13061
gys.2490
msl.42126
scs.7667
cln.1451
hyn.9215
hym.9609
sch.11995
scw.2068
scr.24056
sch.130
ecd.3275
ecp.14441
sch.6958
scs.6932
ecg.5422
fsc.3185
fsc.6477
ppx.21111
htf.11409
msc.8516
msl.31982
msc.10463
scw.15301
dpy.16678
htf.5277
scc.11954
ppx.27649
dpy.11644
scs.5196
msl.41568
hyn.1988
msl.27988
hyd.3521
msl.37807
ecm.10561
opv.10448
opv.14730
scm.627
scs.8814
trc.11650
scs.16432
hyd.1302
msl.59895
tae.11131
spe.31404
scw.3444
msl.28562
gys.7539
tas.637
scs.3255
scj.6965
fsc.9270
msl.21325
msl.44688
opv.7215
ecp.1809
ecg.2997
fsc.11535
opv.9363
hyn.6328
spe.30447
cln.12391
spe.8184
scr.80
msl.55250
tas.6395
scr.14347
cln.5547
ppx.15503
ecd.11085
tae.455
tae.3471
spe.12801
cln.10934
trc.6499
opv.14724
msl.49872
cln.13592
cln.6328
scc.1141
scj.5912
ecg.85
ppx.4446
scw.11216
Fsc.26540
hym.7735
Ecg.5517
spe.23037
scc.440
msl.58858
opv.14016
ecg.7121
msl.35751
scs.4699
scw.4292
gys.2707
msl.14247
scw.13381
msl.39277
msl.36779
spe.30
ecp.2021
tae.9512
ppx.21950
msl.59967
taa.4234
scc.15817
msc.8415
fsc.10214
scw.3641
trc.11368
scw.440
scc.7594
opv.3063
hyn.8484
ecm.4990
spe.37889
sct.4181
scw.14418
msl.22357
msc.3947
cln.3872
ecg.6430
ecg.5710
scw.11729
ecp.1133
scr.17649
hym.4052
msl.1789
htf.10679
ppx.12553
ppx.29023
ecm.3148
Fsc.19595
opv.5096
scr.14726
msl.54508
msl.40598
scm.4682
msl.10688
ecg.5453
taa.5481
ecm.1912
Ecg.2583
hym.3238
ppx.13029
spe.2894
msl.21925
ppx.12567
msc.5248
trc.10118
msl.20545
trc.11782
sch.9080
ecd.7616
tae.11120
msl.37991
dpy.7811
trc.7406
msl.2079
ecd.7792
Ecg.1652
tas.10165
msl.55744
hyd.7180
tas.6411
cln.10709
hyn.13245
hyd.232
Fsc.11229
tas.2936
gys.13979
scw.25315
ppx.9258
Fsc.18236
scw.17409
scw.19041
fsc.13692
spe.34164
cln.1146
tae.5323
msl.11970
ecm.1743
msc.184
opv.8439
trc.1581
ecg.4411
tae.3661
dpy.11927
ecd.5145
hym.8653
msl.12811
scw.8399
Fsc.13640
msc.923
msl.12524
scc.20676
msl.17879
opv.4421
opv.12796
hyd.11
trc.1900
hyn.11698
sch.7061
tas.11870
msl.22729
ecm.9726
spe.35732
Taa.5493
hyn.13409
msl.21331
gys.6163
htf.216
msl.30376
tas.10775
msl.41402
scj.9568
ppx.34837
Fsc.2081
scm.3631
dpy.7849
spe.10821
scc.12746
hym.8861
sct.4061
msc.9227
hyn.9252
ppx.37387
scr.22747
sct.2952
hyd.2226
scr.4794
msl.14463
trc.8783
msc.6551
ecm.7398
cln.13512
tae.10988
msc.6029
spe.4981
ppx.3952
msl.22680
spe.12962
msl.3126
ecd.4808
scw.12276
taa.2494
hyd.3852
msl.50637
msl.42016
spe.12131
hyd.2403
dpy.4991
sch.8000
ecp.13933
msl.49051
tas.12667
fsc.11321
msl.55184
msl.3469
msl.48422
ppx.17662
hyn.12139
Taa.696
msl.51820
ecg.5628
ecd.1538
gys.8653
ppx.37140
spe.7475
msl.14577
ppx.7514
hyn.10907
sch.9927
msl.23185
ecd.1965
dpy.12518
ecp.9276
hym.466
msl.18717
Fsc.13353
spe.23963
spe.121
ecm.9042
scc.13446
scj.5575
msl.44178
scw.2549
trc.9973
ecd.9488
msc.2006
trc.11680
taa.1780
ecd.2113
htf.4408
htf.19
hym.7183
dpy.2648
Taa.2584
msl.9625
tas.2950
Fsc.9767
msl.11464
dpy.5485
spe.13188
msl.52528
tae.6661
scm.3717
msc.783
hyd.5409
msl.50026
msl.4782
msl.45784
fsc.10789
dpy.7825
ecm.8235
spe.8955
msl.32596
msl.37287
fsc.10026
taa.2558
hyd.475
msl.19274
msl.17628
ppx.4083
hyn.6882
msl.6633
scs.3242
htf.7045
msl.57307
scr.1793
msl.19629
scs.4060
ecg.7526
sch.9990
htf.6599
trc.5064
msl.11382
ppx.20184
opv.11666
htf.6207
hyd.9283
msl.16372
dpy.18554
Taa.859
scc.17464
msl.12472
fsc.5691
msl.6295
ppx.16018
sct.11819
scc.5573
msc.5977
scw.83
sct.20460
scr.17236
scr.6127
scc.21661
msl.31221
msl.13371
ecg.7239
scj.9936
ecd.7850
scw.9484
Ecg.9340
msl.44989
msl.8862
spe.4320
scm.9682
scc.20398
fsc.10445
hyd.1055
opv.14450
scm.7448
msc.7934
opv.4113
ecm.3222
trc.7445
Fsc.12339
hym.3969
scs.20080
ecp.9869
ecm.2295
trc.16898
msl.18171
cln.2873
gys.2381
spe.26531
msl.8209
htf.7270
Fsc.1619
scm.11555
cln.1803
trc.1078
ecp.7999
scw.17951
msl.21523
scc.2576
msl.16821
msl.43230
msl.38157
sch.9060
sch.11656
trc.20484
scm.9150
dpy.17562
tae.5942
cln.9970
ecp.13263
dpy.14658
Taa.10294
spe.24575
trc.16479
msl.48817
ecp.1462
Ecg.44
sch.12018
ppx.7064
Fsc.31452
opv.1022
tas.2304
spe.9209
spe.35104
scw.8306
tae.10575
ecd.1371
tas.3878
ppx.162
spe.7394
scr.18286
spe.20791
tas.13160
scc.22535
tas.9669
dpy.1026
scs.15735
fsc.9517
scr.19321
scr.17274
scw.9822
scw.22833
dpy.7040
scs.1530
ppx.17724
scw.12843
scr.2319
msc.6703
Ecg.4050
ecm.3061
hyd.4265
spe.21892
scw.24785
dpy.7606
msl.9427
scs.12759
ppx.545
spe.9976
scm.3448
fsc.8431
spe.29849
dpy.3395
hym.12136
ppx.19681
ecg.1851
ppx.17827
ppx.20575
Fsc.31612
Ecg.4976
hyn.6736
scw.2830
scw.23633
ppx.22498
dpy.806
spe.35004
scr.6021
fsc.14065
taa.13043
scw.1776
sct.21721
scr.9579
ppx.30469
ppx.2322
msl.48686
ecd.2904
Taa.2947
msl.31364
opv.9780
spe.1308
Fsc.8656
dpy.18189
scw.25686
spe.22818
ppx.21359
scw.24680
spe.32527
msl.1280
ppx.17687
hyn.1302
scc.14687
scc.868
sct.21543
msl.7508
spe.17178
scw.4379
hyn.2669
scw.24837
ppx.13945
trc.13289
spe.4914
dpy.17361
hym.5813
msl.17412
trc.6819
ppx.8893
msl.29991
hym.8464
opv.6344
sct.12057
scj.5212
ppx.32520
scs.13426
spe.26004
gys.12479
ppx.25640
spe.16834
scm.42
htf.4324
ecg.3567
scc.3047
dpy.9675
scc.19372
scw.8265
Ecg.2315
hyd.6794
scw.1232
scc.12652
ppx.30723
trc.12205
scr.10682
ppx.11572
taa.7022
spe.21508
scs.1187
ppx.2197
hym.2946
ppx.36151
spe.34761
msl.32733
msl.3901
ppx.13084
dpy.1455
Ecg.5220
scc.22991
scs.1430
spe.30118
msl.7579
sct.3546
Fsc.9062
dpy.18317
hym.9861
scm.11494
htf.10222
msl.48476
scr.8451
spe.6382
hyn.2236
trc.11214
trc.5442
ppx.3981
msl.10187
ppx.1855
taa.6423
scw.26012
cln.7387
ecg.3129
Fsc.22106
trc.20144
fsc.13087
spe.36976
ecg.2160
ppx.27210
msc.7421
scc.78
scc.19283
scc.8479
scm.11431
taa.10892
ppx.30981
ppx.24822
scc.1070
trc.20816
spe.2217
msl.25079
hyn.1782
opv.5073
ppx.31288
scw.2972
ppx.28474
spe.20823
scw.1931
sct.21408
trc.16924
ecd.8170
trc.11839
sct.6033
sct.15968
msl.13817
spe.39224
scr.17287
Fsc.12140
fsc.14509
ecd.10682
