

dpy.2253
ecg.3656
msl.50088
msl.43958
Fsc.5827
Fsc.20581
scc.21081
fsc.14391
tae.556
Fsc.31996
scr.449
msl.11598
scr.3257
scr.12621
ppx.18366
Fsc.28989
scc.16702
ecp.1385
scc.16614
scr.23199
scr.21837
spe.17695
ecd.11069
sct.9847
Fsc.18657
smm.2831
Fsc.18711
scr.10935
ecg.1478
scw.4733
Fsc.26428
hyn.7027
spe.24049
smm.1597
trc.21929
sct.9135
sct.17875
Fsc.3772
scm.11375
sch.7804
scc.18034
Fsc.26879
sct.19937
msc.5521
ppx.23971
Fsc.25726
scr.13955
scj.8338
spe.33143
scr.3981
scw.6638
scr.4267
sct.5736
gys.8140
scc.3495
sct.5637
ppx.32888
opv.13071
scr.3087
scs.19463
msl.55093
opv.7443
scj.12681
taa.1305
scs.2197
Ecg.9312
scr.11027
tas.6904
msl.29222
scj.10710
Fsc.17290
Ecg.8987
Fsc.27262
ecp.4624
scs.10852
scm.4559
hym.3723
msl.52081
fsc.9344
ecm.7490
scc.15044
msc.2105
msl.49495
tas.11058
trc.19751
ecd.9017
sct.19670
hym.1660
htf.3097
sch.4011
scm.521
scs.15134
tas.2421
scj.4865
msl.30908
scc.18031
htf.6169
ppx.36652
htf.3080
ppx.19860
cln.841
spe.16014
msl.6865
Ecg.2945
ecp.775
msl.57215
ppx.15399
spe.11656
ppx.35980
scw.24976
ecg.2498
msl.49646
scs.15368
Fsc.32223
ecp.13190
ecp.7657
ppx.26748
msl.55592
msl.7642
ecp.18163
taa.6027
fsc.3602
ppx.36340
taa.10729
ecp.3691
msl.44732
msl.9448
scc.13123
ppx.36461
ppx.30043
fsc.8233
msl.54144
opv.14257
Taa.3604
ecm.9087
msl.60331
Ecg.6360
tas.12028
tae.4336
taa.3238
fsc.4802
msc.6463
sch.3533
trc.17493
hym.4819
msl.3544
spe.20367
ppx.17141
scm.9573
scc.13934
spe.35684
sch.8351
ecp.7935
hym.3505
ppx.28871
scm.7944
ppx.37800
msl.5554
dpy.1561
ppx.17389
taa.10221
cln.3680
Fsc.2696
msl.31104
htf.3281
tas.2351
msl.15111
fsc.6790
msl.42984
msl.29247
ppx.14099
tae.316
tas.4251
Ecg.4280
hyd.4455
msl.26298
msl.60475
msc.7417
scs.9671
hyn.9810
fsc.9563
gys.1945
scr.2899
tas.974
tae.8483
hyd.4695
taa.10796
msl.45733
tas.11102
sct.6760
msl.30964
Taa.2782
msl.27840
spe.2444
msl.33192
cln.12949
Taa.64
scm.5132
hym.8806
msl.37243
Fsc.758
sct.1214
spe.3126
ecp.16749
scm.174
sch.3383
sch.7222
tae.5211
msl.259
scm.3386
opv.1327
cln.6354
sct.12381
tae.7815
scw.6447
spe.35146
scm.368
ppx.37052
ppx.16053
ecm.2574
Ecg.4704
scs.7181
spe.26996
trc.620
msl.6359
msl.42036
tae.2839
scs.352
taa.5954
msc.1850
scm.5185
Taa.5855
msl.17711
sct.16722
Fsc.13913
ecp.16983
msl.17887
ecg.2430
scm.4819
ppx.32575
scr.8132
spe.33611
tae.239
Ecg.9636
Taa.1257
cln.1627
tas.10273
Fsc.20120
msl.30897
scr.4979
msl.2463
scw.3811
msl.13924
msl.43815
ecg.389
hym.6194
ppx.37511
fsc.1007
msl.45125
tas.2704
Fsc.12656
spe.923
ecd.1710
Ecg.5239
ppx.2787
opv.11771
Taa.4047
msc.9356
msl.32664
opv.5625
trc.18924
sct.11183
msl.17447
tas.769
scj.2664
msl.47801
Ecg.2128
spe.6835
msc.5990
sch.7773
Ecg.8083
hyn.3124
spe.15322
hym.10283
htf.7570
ecg.3867
tae.6384
scm.5945
ppx.34257
htf.7046
msl.32886
tas.3496
dpy.12165
trc.17213
scc.7021
spe.38258
scs.5887
tae.5097
spe.39388
tas.9940
sct.7784
msl.26492
taa.12164
msl.59640
msc.10608
gys.12655
htf.7498
msl.27083
msc.9199
scw.25772
spe.10410
scs.4862
msl.59231
Ecg.23
msl.13976
hyn.10405
msl.22374
trc.12646
scc.12259
taa.12404
ecd.778
msl.30210
ecp.9341
sct.4714
trc.7275
msl.53402
spe.23416
msl.20352
msl.511
tae.300
scc.6432
scm.7920
spe.10126
Fsc.15225
opv.15047
htf.4498
Ecg.7840
ecg.3286
ecp.6025
htf.9743
ppx.31387
dpy.9827
msl.41909
ppx.1051
fsc.2750
hym.11560
msl.39819
scr.19150
ecm.3905
scw.9093
tas.7919
hym.11482
scj.4712
ecm.2631
htf.10323
htf.874
msl.38576
msl.10252
cln.2133
tae.11837
msl.27403
Ecg.10027
ppx.3565
scm.9297
Taa.5929
htf.5348
ecd.7602
spe.31225
scj.5376
hyn.12071
Ecg.3632
msl.13414
msl.40460
msl.47791
spe.17575
trc.11694
trc.5031
ecp.3623
msl.24396
trc.2606
msl.30380
cln.9110
ecd.1025
smm.1931
scs.6411
scj.9219
msc.1863
spe.10036
scw.21422
cln.4701
taa.6204
scc.22092
tas.6846
scm.9838
sct.75
trc.18517
ecd.3518
taa.1
ppx.24905
taa.1541
msc.8435
Taa.3752
tas.9554
msl.44199
scw.14922
tas.2116
msl.59252
msl.16038
fsc.5870
ppx.1049
tae.2513
msl.8114
ecm.2698
ecd.6991
spe.29968
spe.76
spe.27958
htf.8120
msl.3355
msl.49604
msl.37207
htf.7791
spe.23246
scw.5519
tae.4050
sct.9989
cln.7747
tas.11922
msl.14442
sch.11877
ppx.20251
scs.14566
scc.1156
fsc.11445
spe.7871
ppx.21173
hyn.11461
dpy.2798
spe.10491
tas.8590
spe.18850
scr.13776
scr.8436
hym.10929
fsc.4086
scw.5971
tae.9153
fsc.3096
ecm.7103
htf.2300
hyd.7135
scr.18419
scr.11510
tae.12065
msl.4143
msl.50276
cln.13217
cln.7795
tae.5788
scj.10296
Ecg.8991
Fsc.1037
ecd.5710
fsc.7100
scs.4644
msl.56255
ecp.4249
fsc.9210
ecm.1854
hym.6462
tae.9807
fsc.6104
sct.20183
scr.18895
cln.13045
trc.10538
msl.32478
scs.19532
scr.15096
opv.9262
hyn.6460
htf.4132
dpy.19532
cln.8449
ecm.8070
msl.56466
gys.11261
scr.14712
cln.7182
trc.1671
sch.11207
trc.10503
hym.7665
Ecg.2167
hyd.6378
trc.13146
cln.11479
ppx.687
dpy.7406
scs.9384
opv.8980
spe.9630
ppx.31238
scm.10850
hym.227
Taa.5282
msc.172
scr.5975
msl.13437
spe.30498
dpy.2353
taa.7328
msl.24092
msl.48930
sch.13063
Fsc.4332
scr.17393
ecp.3311
scr.12806
taa.8736
scs.4
scj.4328
msl.21127
msl.6650
scs.3262
scs.16329
spe.24513
msc.9153
fsc.6472
msl.41108
sch.7892
ppx.27566
cln.1154
taa.3796
spe.34541
cln.11378
scc.430
tas.5915
Ecg.1721
opv.3491
scs.5199
tae.6486
scr.14396
htf.9873
scm.3954
ecm.4157
hyn.5696
opv.10440
taa.5019
tas.12969
tae.8614
ppx.27553
Fsc.6625
spe.34927
ppx.4730
trc.1389
tas.907
ecg.4746
opv.7523
msl.23068
sch.12007
ecp.17234
ecp.7751
ecp.210
hyn.5713
fsc.5049
msc.10498
ecp.1805
ecg.2991
cln.594
sct.14552
htf.180
scs.8002
tae.6472
ecm.8749
taa.3541
hym.3163
sch.1497
scm.8001
opv.15328
scc.15439
cln.6198
ecp.16718
dpy.1826
ppx.20469
spe.16234
htf.185
fsc.8182
ppx.20997
scm.8437
hyn.8140
msl.24335
sch.11715
tae.9237
ppx.22418
scc.17895
opv.14191
fsc.2187
hyd.14
scj.3142
msl.35226
gys.12125
msl.8776
fsc.9365
scc.7160
ppx.5971
msl.12246
hyn.5153
trc.1896
htf.6934
msl.31067
ecm.5976
hym.3618
ecp.16957
opv.5021
ppx.28855
opv.9675
Taa.6205
hym.4848
fsc.1687
htf.3345
cln.172
cln.7083
msl.55979
scc.7591
msl.34294
sct.17163
msl.25101
htf.1179
taa.10925
scw.14411
msl.22350
scj.10786
cln.3877
ppx.14873
ecg.5718
sch.5367
ecd.8885
hyn.5618
Fsc.17278
tae.593
sct.16198
scs.14915
hym.8355
ecm.3144
Ecg.3912
msl.17804
hyd.4464
msl.27517
cln.1706
Fsc.31773
cln.10091
fsc.13956
msl.25038
ecm.1918
htf.6892
htf.6140
Fsc.1766
scs.6237
msl.21921
sct.543
ecg.6722
ppx.4366
ppx.159
hyd.1099
hym.6116
ecd.7610
tae.11128
gys.2739
msl.58904
msl.30521
msl.17964
ecm.10484
msl.22517
tae.4615
scs.13842
msl.5677
ecp.11420
tas.9023
opv.13438
ppx.10110
scs.11567
ecd.4079
msc.7747
cln.7038
msl.24534
ecm.33
scm.1819
msl.41111
sch.3914
sch.8477
taa.9801
msl.53858
fsc.4787
ecg.5215
hym.409
msl.3079
msl.40032
trc.19237
opv.7815
tas.5277
scs.16017
hym.8657
sch.5843
spe.10599
msl.59711
ecm.9309
scr.5128
spe.5572
trc.11231
cln.12174
opv.12792
tae.382
taa.3117
msl.1505
msl.46593
Taa.7045
msl.29602
Ecg.4281
ecp.2642
Ecg.8004
fsc.15404
spe.34374
msl.18640
tas.11844
sct.5630
scm.8746
smm.1628
Taa.150
ecd.6313
taa.2699
tae.7040
dpy.7844
msl.9485
scm.1189
ecd.7745
fsc.7471
msl.41851
msl.26386
taa.4363
tae.4736
scj.920
opv.13440
ppx.10142
msl.15730
ecd.3347
msl.32761
sch.6991
hym.5020
htf.7217
tae.12071
msl.54471
fsc.13646
gys.14951
cln.6698
cln.3391
scs.1078
msl.38141
msl.15355
Taa.980
spe.14296
taa.4465
opv.11837
taa.2216
ppx.16501
cln.8688
ecd.3172
msl.33698
scs.7615
hyd.4977
Fsc.1262
spe.39352
msl.50256
spe.29305
trc.3461
taa.13167
Fsc.32445
ecd.5948
scw.8183
opv.1396
cln.926
msc.3744
scj.4999
msl.41178
scr.4956
opv.790
cln.7537
msl.36981
ecp.12444
ecp.18251
ecm.3514
hym.5997
ppx.33945
hyn.13065
trc.13468
Taa.8486
taa.10564
scj.5576
scw.9204
Ecg.4933
scc.12158
msc.987
msl.52038
msl.31332
ecm.5221
scj.2918
trc.5614
scw.12424
ecd.5567
spe.7435
opv.3921
msl.24995
scs.15055
msl.49978
msl.35564
scw.9043
hyn.7949
msl.1135
msl.16410
scc.486
ppx.145
scj.1656
scc.20038
tas.1106
ecg.2116
ecg.3188
msl.58917
sct.11765
msl.17996
tas.8788
msl.37282
spe.30026
msl.55773
msl.5669
ecg.3555
Ecg.6051
ppx.4086
ecd.2889
Ecg.5014
ecp.14686
ppx.26562
hyn.12022
gys.6890
scm.4956
msl.44628
scs.2835
opv.742
tas.6160
ecm.8138
Fsc.2965
gys.3158
gys.11747
gys.2675
Taa.4974
msl.16379
ecp.1913
Taa.5346
sct.17332
fsc.3697
fsc.5695
ecp.16012
spe.32578
opv.14216
scr.4420
scm.646
msl.56492
msc.10126
opv.5860
gys.3297
spe.11137
msl.47047
opv.2207
dpy.14445
msl.59362
spe.29110
ppx.5304
ppx.6886
tas.7498
cln.8037
opv.9069
msc.5206
dpy.10629
ecp.6347
Fsc.24473
taa.2305
gys.7144
msl.6193
msl.25106
ecm.3227
ecg.9288
ecd.5181
msl.31097
ecm.6674
ecg.8390
htf.7142
ppx.30885
sch.10454
Fsc.26102
scw.3596
msl.55080
msl.8204
scs.9102
hyn.9226
hyn.3285
spe.10702
hym.1032
ecp.7990
spe.35151
msl.54702
msl.23781
ecp.16269
msl.43236
sch.2223
trc.2537
trc.20014
msl.30205
taa.10482
sct.10449
spe.31615
scw.11956
sct.19092
hym.10825
hyn.6092
sch.11488
ppx.28352
ppx.31553
sch.8887
ecg.7404
scj.5239
ecd.9060
taa.11762
ppx.29216
msl.35639
ppx.29830
sct.9106
spe.4386
fsc.1887
tas.4868
spe.29185
msl.49816
hyd.7098
hyn.10314
spe.36400
spe.1995
trc.16859
scc.14858
scw.21772
msl.14441
Ecg.6638
ppx.30266
tas.4417
scw.25949
msl.741
scw.25578
scw.13237
ppx.16392
dpy.2467
sch.944
spe.6712
ecd.8172
ppx.4172
spe.26097
scr.21550
hyd.5844
hyn.12962
scc.1057
scw.23342
ppx.37530
scs.19899
taa.6719
gys.1058
Taa.2363
trc.8369
htf.1914
spe.15425
ecm.6878
ppx.13732
gys.5235
tas.12808
spe.19369
scs.795
ppx.17449
msc.10415
Ecg.338
ppx.27706
scr.4030
ppx.16131
scr.17830
tas.7052
trc.8470
dpy.1457
trc.650
spe.16450
scr.6973
ppx.14690
ppx.17895
ecg.7212
sch.4406
ppx.4863
Ecg.2182
Ecg.9031
scr.10287
ecm.1537
fsc.3916
sct.14221
ppx.34881
sch.1687
gys.11053
scr.13102
ecm.10582
ppx.12447
cln.667
gys.11943
scs.14307
spe.32835
scr.10729
sch.2654
spe.37675
scr.19324
spe.39020
ppx.31767
ecg.10765
ppx.35652
scr.19261
htf.6913
smm.2887
Fsc.11679
hyn.6111
sct.14026
scw.2223
spe.6415
trc.14118
hym.2660
scw.19979
htf.6010
trc.967
gys.7914
spe.36028
sct.8283
dpy.1962
dpy.15064
ecp.12774
ecd.9832
scs.232
ppx.1601
sct.20297
ecd.1021
scw.11214
taa.9365
msl.24022
msl.32016
opv.5287
scw.21305
msl.8642
Fsc.18705
sct.17656
ecg.3023
spe.26818
spe.32843
trc.17356
ecm.7806
dpy.11522
ppx.6252
ppx.8172
spe.19
scc.8343
spe.19069
opv.11195
scr.19437
trc.22094
spe.22028
spe.15159
opv.8314
ecp.2917
dpy.18359
ppx.6321
msl.55775
ppx.11729
spe.13404
tas.10807
ecd.9337
spe.27099
scw.2475
sct.19823
fsc.4774
tas.2533
msc.3957
msl.52578
spe.17718
scj.12453
ppx.9106
sct.5811
gys.9275
scs.19075
hyd.554
Ecg.2613
Fsc.13224
dpy.18479
fsc.2544
ecm.7711
scr.11840
spe.17699
sch.4974
spe.35778
scs.7305
Fsc.26190
ppx.10063
hyn.7612
hym.7818
ppx.7241
hym.9804
dpy.11399
scr.3841
scr.10626
taa.890
scj.10946
scj.4709
scr.22232
spe.33107
ppx.20577
scc.2313
msc.2384
scc.5991
Ecg.4290
